@@@ A - classifier: SVC(C=1.0, break_ties=False, cache_size=200, class_weight='balanced', coef0=0.0,
    decision_function_shape='ovr', degree=3, gamma='scale', kernel='linear',
    max_iter=-1, probability=True, random_state=None, shrinking=True, tol=0.001,
    verbose=False)
@@@ B - threshold stop at: 1
@@@ C - Repeat number: 1
@@@ D - common_header:  {'F15-protected', 'F71-twdsilva@gmail.com', 'F3-TEST_PROPERTIES', 'F3-NA', 'F3-input', 'F115', 'F77', 'F110', 'F71-ndimiduk@apache.org', 'F71-maryannxue@apache.org', 'F71-elilevine@apache.org', 'F3-long', 'F15-private', 'F3-String', 'F116', 'F3-getUrl()', 'F3-byte[]', 'F3-PDataType', 'F71-ramkrishna.s.vasudevan@gmail.com', 'F71-rajeshbabu@apache.org', 'F72', 'F71-jzhong@JZhongs-MacBook-Pro.local', 'F3-BitSet', 'F3-List<ParseNode>', 'F71-jamestaylor@apache.org', 'F22', 'F3-Properties', 'F3-SortOrder.ASC', 'F15-NA', 'F71-jtaylor@salesforce.com', 'F71-gabrielr@ngdata.com', 'F101', 'F3-int', 'F123', 'F104', 'F25', 'F71-tdsilva@salesforce.com', 'F3-boolean', 'F117', 'F71-mujtaba@apache.org', 'F71-wei.xue@intel.com', 'F41', 'F3-null', 'F71-stoens@apache.org', 'F65', 'F15-public', 'F105', 'F3-PreparedStatement', 'F3-Object', 'F120', 'F71-enis@apache.org', 'F71-samarth.jain@salesforce.com', 'F71-jeffreyz@apache.org', 'F68', 'F3-Connection', 'category', 'F126', 'F3-PhoenixArray', 'F71-ramkrishna.s.vasudevan@intel.com', 'F3-SortOrder.DESC'}
    F72  F25          ...          F71-mujtaba@apache.org F71-wei.xue@intel.com
1  1702  497          ...                               0                     0
2  1585  416          ...                               0                     0
3  1585  416          ...                               0                     0

[3 rows x 59 columns]
;.;
        F72          ...            F71-wei.xue@intel.com
0  0.745370          ...                              0.0
1  0.637037          ...                              0.0
2  0.637037          ...                              0.0

[3 rows x 59 columns]
training_x: (2235, 59)
training_y: 2235
testset_x: (2389, 59)
testset_y: 2389
              precision    recall  f1-score   support

           0       0.99      0.97      0.98      2046
           1       0.83      0.96      0.89       343

    accuracy                           0.97      2389
   macro avg       0.91      0.96      0.94      2389
weighted avg       0.97      0.97      0.97      2389

accuracy: 0.9665131854332356
0.891891891891892
@@@ tn: 1979, fp: 67, fn: 13, tp: 330
@@@ LIME - Creating explainer
@@@ LIME - Random Sampling of Instances
iter: 0, sample_no: 2303, actual label: 0, predicted: 0
iter: 1, sample_no: 13, actual label: 0, predicted: 0
iter: 2, sample_no: 1635, actual label: 1, predicted: 1
iter: 3, sample_no: 1755, actual label: 0, predicted: 0
iter: 4, sample_no: 1950, actual label: 0, predicted: 0
iter: 5, sample_no: 1449, actual label: 0, predicted: 0
iter: 6, sample_no: 911, actual label: 0, predicted: 0
iter: 7, sample_no: 1450, actual label: 0, predicted: 0
iter: 8, sample_no: 1535, actual label: 0, predicted: 0
iter: 9, sample_no: 958, actual label: 0, predicted: 0
iter: 10, sample_no: 1002, actual label: 0, predicted: 0
iter: 11, sample_no: 786, actual label: 0, predicted: 0
iter: 12, sample_no: 637, actual label: 0, predicted: 0
iter: 13, sample_no: 1544, actual label: 0, predicted: 0
iter: 14, sample_no: 595, actual label: 1, predicted: 1
iter: 15, sample_no: 1876, actual label: 0, predicted: 0
iter: 16, sample_no: 345, actual label: 0, predicted: 0
iter: 17, sample_no: 1624, actual label: 0, predicted: 0
iter: 18, sample_no: 2183, actual label: 0, predicted: 0
iter: 19, sample_no: 1764, actual label: 0, predicted: 0
iter: 20, sample_no: 812, actual label: 0, predicted: 0
iter: 21, sample_no: 161, actual label: 0, predicted: 0
iter: 22, sample_no: 2241, actual label: 0, predicted: 0
iter: 23, sample_no: 1272, actual label: 0, predicted: 0
iter: 24, sample_no: 591, actual label: 0, predicted: 0
number of samples: 2389
AUC 0.9923451575854473
pos_get 343
total recall stop_at 1.0
@@@ C - Repeat number: 2
@@@ D - common_header:  {'F15-protected', 'F71-twdsilva@gmail.com', 'F3-TEST_PROPERTIES', 'F3-NA', 'F3-input', 'F115', 'F77', 'F110', 'F71-ndimiduk@apache.org', 'F71-maryannxue@apache.org', 'F71-elilevine@apache.org', 'F3-long', 'F15-private', 'F3-String', 'F116', 'F3-getUrl()', 'F3-byte[]', 'F3-PDataType', 'F71-ramkrishna.s.vasudevan@gmail.com', 'F71-rajeshbabu@apache.org', 'F72', 'F71-jzhong@JZhongs-MacBook-Pro.local', 'F3-BitSet', 'F3-List<ParseNode>', 'F71-jamestaylor@apache.org', 'F22', 'F3-Properties', 'F3-SortOrder.ASC', 'F15-NA', 'F71-jtaylor@salesforce.com', 'F71-gabrielr@ngdata.com', 'F101', 'F3-int', 'F123', 'F104', 'F25', 'F71-tdsilva@salesforce.com', 'F3-boolean', 'F117', 'F71-mujtaba@apache.org', 'F71-wei.xue@intel.com', 'F41', 'F3-null', 'F71-stoens@apache.org', 'F65', 'F15-public', 'F105', 'F3-PreparedStatement', 'F3-Object', 'F120', 'F71-enis@apache.org', 'F71-samarth.jain@salesforce.com', 'F71-jeffreyz@apache.org', 'F68', 'F3-Connection', 'category', 'F126', 'F3-PhoenixArray', 'F71-ramkrishna.s.vasudevan@intel.com', 'F3-SortOrder.DESC'}
    F72  F25          ...          F71-mujtaba@apache.org F71-wei.xue@intel.com
1  1702  497          ...                               0                     0
2  1585  416          ...                               0                     0
3  1585  416          ...                               0                     0

[3 rows x 59 columns]
;.;
        F72          ...            F71-wei.xue@intel.com
0  0.745370          ...                              0.0
1  0.637037          ...                              0.0
2  0.637037          ...                              0.0

[3 rows x 59 columns]
training_x: (2235, 59)
training_y: 2235
testset_x: (2389, 59)
testset_y: 2389
              precision    recall  f1-score   support

           0       0.99      0.97      0.98      2046
           1       0.83      0.96      0.89       343

    accuracy                           0.97      2389
   macro avg       0.91      0.96      0.94      2389
weighted avg       0.97      0.97      0.97      2389

accuracy: 0.9665131854332356
0.891891891891892
@@@ tn: 1979, fp: 67, fn: 13, tp: 330
@@@ LIME - Creating explainer
@@@ LIME - Random Sampling of Instances
iter: 0, sample_no: 1197, actual label: 1, predicted: 1
iter: 1, sample_no: 1679, actual label: 0, predicted: 1
iter: 2, sample_no: 2050, actual label: 1, predicted: 1
iter: 3, sample_no: 978, actual label: 0, predicted: 0
iter: 4, sample_no: 1515, actual label: 0, predicted: 0
iter: 5, sample_no: 1745, actual label: 0, predicted: 0
iter: 6, sample_no: 606, actual label: 0, predicted: 0
iter: 7, sample_no: 710, actual label: 1, predicted: 1
iter: 8, sample_no: 1017, actual label: 0, predicted: 0
iter: 9, sample_no: 2329, actual label: 1, predicted: 1
iter: 10, sample_no: 1466, actual label: 0, predicted: 0
iter: 11, sample_no: 622, actual label: 1, predicted: 1
iter: 12, sample_no: 2022, actual label: 0, predicted: 0
iter: 13, sample_no: 1276, actual label: 1, predicted: 1
iter: 14, sample_no: 603, actual label: 1, predicted: 1
iter: 15, sample_no: 2312, actual label: 0, predicted: 0
iter: 16, sample_no: 529, actual label: 0, predicted: 0
iter: 17, sample_no: 455, actual label: 0, predicted: 0
iter: 18, sample_no: 951, actual label: 0, predicted: 0
iter: 19, sample_no: 2062, actual label: 0, predicted: 0
iter: 20, sample_no: 1053, actual label: 0, predicted: 0
iter: 21, sample_no: 99, actual label: 0, predicted: 0
iter: 22, sample_no: 1593, actual label: 0, predicted: 0
iter: 23, sample_no: 1771, actual label: 0, predicted: 0
iter: 24, sample_no: 807, actual label: 0, predicted: 1
number of samples: 2389
AUC 0.9923437326333969
pos_get 343
total recall stop_at 1.0
@@@ C - Repeat number: 3
/Users/author1/anaconda3/lib/python3.6/site-packages/tensorflow/python/framework/dtypes.py:463: FutureWarning: Passing (type, 1) or '1type' as a synonym of type is deprecated; in a future version of numpy, it will be understood as (type, (1,)) / '(1,)type'.
  _np_qint8 = np.dtype([("qint8", np.int8, 1)])
/Users/author1/anaconda3/lib/python3.6/site-packages/tensorflow/python/framework/dtypes.py:464: FutureWarning: Passing (type, 1) or '1type' as a synonym of type is deprecated; in a future version of numpy, it will be understood as (type, (1,)) / '(1,)type'.
  _np_quint8 = np.dtype([("quint8", np.uint8, 1)])
/Users/author1/anaconda3/lib/python3.6/site-packages/tensorflow/python/framework/dtypes.py:465: FutureWarning: Passing (type, 1) or '1type' as a synonym of type is deprecated; in a future version of numpy, it will be understood as (type, (1,)) / '(1,)type'.
  _np_qint16 = np.dtype([("qint16", np.int16, 1)])
/Users/author1/anaconda3/lib/python3.6/site-packages/tensorflow/python/framework/dtypes.py:466: FutureWarning: Passing (type, 1) or '1type' as a synonym of type is deprecated; in a future version of numpy, it will be understood as (type, (1,)) / '(1,)type'.
  _np_quint16 = np.dtype([("quint16", np.uint16, 1)])
/Users/author1/anaconda3/lib/python3.6/site-packages/tensorflow/python/framework/dtypes.py:467: FutureWarning: Passing (type, 1) or '1type' as a synonym of type is deprecated; in a future version of numpy, it will be understood as (type, (1,)) / '(1,)type'.
  _np_qint32 = np.dtype([("qint32", np.int32, 1)])
Columns (0,3,4,5,6,7,8,9,10,11,12,13,14,15,16,17,18,19,20,21,22,23,24,25,26,27,28,29,30,31,32,33,34,35,36,37,38,39,40,41,42,43,44,45,46,47,48,49,50,51,52,53,54,55,56,57,58,59,60,61,62,63,64,65,66,67,68,69,70,71,72,73,74,75,76,77,78,79,80,81,82,83,84,85,86,87,88,89,90,91,92,93,94,95,96,97,98,99,100,101,102,103,104,105,106,107,108,109,110,111,112,113,114,115,116,117,118,119,120,121,122,123,124,125,126,127,128,129,130,131,132,133,134,135,136,137,138,139,140,141,142,143,144,145,146,147,148,149,150,151,152,153,154,155,156,157,158,159,160,161,162,163,164,165,166,167,168,169,170,171,172,173,174,175,176,177,178,179,180,181,182,183,184,185,186,187,188,189,190,191,192,193,194,195,196,197,198,199,200,201,202,203,204,205,206,207,208,209,210,211,212,213,214,215,216,217,218,219,220,221,222,223,224,225,226,227,228,229,230,231,232,233,234,235,236,237,238,239,240,241,242,243,244,245,246,247,248,249,250,251,252,253,254,255,256,257,258,259,260,261,262,263,264,265,266,267,268,269,270,271,272,273,275,277,278,279,280,281,282,283,284,285,286,287,288,289,290,291,292,293,294,295,296,297,298,299,300,301,302,303,304,305,306,307,308,309,310,311,312,313,314,315,316,317,318,319,320,321,322,323,324,325,326,327,328,329,330,331,332,333,334,335,336,337,338,339,340,341,342,343,344,345,346) have mixed types. Specify dtype option on import or set low_memory=False.
Columns (0,3,4,5,6,7,8,9,10,11,12,13,14,15,16,17,18,19,20,21,22,23,24,25,26,27,28,29,30,31,32,33,34,35,36,37,38,39,40,41,42,43,44,45,46,47,48,49,50,51,52,53,54,55,56,57,58,59,60,61,62,63,64,65,66,67,68,69,70,71,72,73,74,75,76,77,78,79,80,81,82,83,84,85,86,87,88,89,90,91,92,93,94,95,96,97,98,99,100,101,102,103,104,105,106,107,108,109,110,111,112,113,114,115,116,117,118,119,120,121,122,123,124,125,126,127,128,129,130,131,132,133,134,135,136,137,138,139,140,141,142,143,144,145,146,147,148,149,150,151,152,153,154,155,156,157,158,159,160,161,162,163,164,165,166,167,168,169,170,171,172,173,174,175,176,177,178,179,180,181,182,183,184,185,186,187,188,189,190,191,192,193,194,195,196,197,198,199,200,201,202,203,204,205,206,207,208,209,210,211,212,213,214,215,216,217,218,219,220,221,222,223,224,225,226,227,228,229,230,231,232,233,234,235,236,237,238,239,240,241,242,243,244,245,246,247,248,249,250,251,252,253,254,255,256,257,258,259,260,261,262,263,264,265,266,267,268,269,270,271,272,274,276,277,278,279,280,281,282,283,284,285,286,287,288,289,290,291,292,293,294,295,296,297,298,299,300,301,302,303,304,305,306,307,308,309,310,311,312,313,314,315,316,317,318,319,320,321,322,323,324,325,326,327,328,329,330,331,332,333,334,335,336,337,338,339,340,341,342,343,344,345) have mixed types. Specify dtype option on import or set low_memory=False.
Columns (0,3,4,5,6,7,8,9,10,11,12,13,14,15,16,17,18,19,20,21,22,23,24,25,26,27,28,29,30,31,32,33,34,35,36,37,38,39,40,41,42,43,44,45,46,47,48,49,50,51,52,53,54,55,56,57,58,59,60,61,62,63,64,65,66,67,68,69,70,71,72,73,74,75,76,77,78,79,80,81,82,83,84,85,86,87,88,89,90,91,92,93,94,95,96,97,98,99,100,101,102,103,104,105,106,107,108,109,110,111,112,113,114,115,116,117,118,119,120,121,122,123,124,125,126,127,128,129,130,131,132,133,134,135,136,137,138,139,140,141,142,143,144,145,146,147,148,149,150,151,152,153,154,155,156,157,158,159,160,161,162,163,164,165,166,167,168,169,170,171,172,173,174,175,176,177,178,179,180,181,182,183,184,185,186,187,188,189,190,191,192,193,194,195,196,197,198,199,200,201,202,203,204,205,206,207,208,209,210,211,212,213,214,215,216,217,218,219,220,221,222,223,224,225,226,227,228,229,230,231,232,233,234,235,236,237,238,239,240,241,242,243,244,245,246,247,248,249,250,251,252,253,254,255,256,257,258,259,260,261,262,263,264,265,266,267,268,269,270,271,272,273,275,277,278,279,280,281,282,283,284,285,286,287,288,289,290,291,292,293,294,295,296,297,298,299,300,301,302,303,304,305,306,307,308,309,310,311,312,313,314,315,316,317,318,319,320,321,322,323,324,325,326,327,328,329,330,331,332,333,334,335,336,337,338,339,340,341,342,343,344,345,346) have mixed types. Specify dtype option on import or set low_memory=False.
Columns (0,3,4,5,6,7,8,9,10,11,12,13,14,15,16,17,18,19,20,21,22,23,24,25,26,27,28,29,30,31,32,33,34,35,36,37,38,39,40,41,42,43,44,45,46,47,48,49,50,51,52,53,54,55,56,57,58,59,60,61,62,63,64,65,66,67,68,69,70,71,72,73,74,75,76,77,78,79,80,81,82,83,84,85,86,87,88,89,90,91,92,93,94,95,96,97,98,99,100,101,102,103,104,105,106,107,108,109,110,111,112,113,114,115,116,117,118,119,120,121,122,123,124,125,126,127,128,129,130,131,132,133,134,135,136,137,138,139,140,141,142,143,144,145,146,147,148,149,150,151,152,153,154,155,156,157,158,159,160,161,162,163,164,165,166,167,168,169,170,171,172,173,174,175,176,177,178,179,180,181,182,183,184,185,186,187,188,189,190,191,192,193,194,195,196,197,198,199,200,201,202,203,204,205,206,207,208,209,210,211,212,213,214,215,216,217,218,219,220,221,222,223,224,225,226,227,228,229,230,231,232,233,234,235,236,237,238,239,240,241,242,243,244,245,246,247,248,249,250,251,252,253,254,255,256,257,258,259,260,261,262,263,264,265,266,267,268,269,270,271,272,274,276,277,278,279,280,281,282,283,284,285,286,287,288,289,290,291,292,293,294,295,296,297,298,299,300,301,302,303,304,305,306,307,308,309,310,311,312,313,314,315,316,317,318,319,320,321,322,323,324,325,326,327,328,329,330,331,332,333,334,335,336,337,338,339,340,341,342,343,344,345) have mixed types. Specify dtype option on import or set low_memory=False.
Columns (0,3,4,5,6,7,8,9,10,11,12,13,14,15,16,17,18,19,20,21,22,23,24,25,26,27,28,29,30,31,32,33,34,35,36,37,38,39,40,41,42,43,44,45,46,47,48,49,50,51,52,53,54,55,56,57,58,59,60,61,62,63,64,65,66,67,68,69,70,71,72,73,74,75,76,77,78,79,80,81,82,83,84,85,86,87,88,89,90,91,92,93,94,95,96,97,98,99,100,101,102,103,104,105,106,107,108,109,110,111,112,113,114,115,116,117,118,119,120,121,122,123,124,125,126,127,128,129,130,131,132,133,134,135,136,137,138,139,140,141,142,143,144,145,146,147,148,149,150,151,152,153,154,155,156,157,158,159,160,161,162,163,164,165,166,167,168,169,170,171,172,173,174,175,176,177,178,179,180,181,182,183,184,185,186,187,188,189,190,191,192,193,194,195,196,197,198,199,200,201,202,203,204,205,206,207,208,209,210,211,212,213,214,215,216,217,218,219,220,221,222,223,224,225,226,227,228,229,230,231,232,233,234,235,236,237,238,239,240,241,242,243,244,245,246,247,248,249,250,251,252,253,254,255,256,257,258,259,260,261,262,263,264,265,266,267,268,269,270,271,272,273,275,277,278,279,280,281,282,283,284,285,286,287,288,289,290,291,292,293,294,295,296,297,298,299,300,301,302,303,304,305,306,307,308,309,310,311,312,313,314,315,316,317,318,319,320,321,322,323,324,325,326,327,328,329,330,331,332,333,334,335,336,337,338,339,340,341,342,343,344,345,346) have mixed types. Specify dtype option on import or set low_memory=False.
@@@ D - common_header:  {'F15-protected', 'F71-twdsilva@gmail.com', 'F3-TEST_PROPERTIES', 'F3-NA', 'F3-input', 'F115', 'F77', 'F110', 'F71-ndimiduk@apache.org', 'F71-maryannxue@apache.org', 'F71-elilevine@apache.org', 'F3-long', 'F15-private', 'F3-String', 'F116', 'F3-getUrl()', 'F3-byte[]', 'F3-PDataType', 'F71-ramkrishna.s.vasudevan@gmail.com', 'F71-rajeshbabu@apache.org', 'F72', 'F71-jzhong@JZhongs-MacBook-Pro.local', 'F3-BitSet', 'F3-List<ParseNode>', 'F71-jamestaylor@apache.org', 'F22', 'F3-Properties', 'F3-SortOrder.ASC', 'F15-NA', 'F71-jtaylor@salesforce.com', 'F71-gabrielr@ngdata.com', 'F101', 'F3-int', 'F123', 'F104', 'F25', 'F71-tdsilva@salesforce.com', 'F3-boolean', 'F117', 'F71-mujtaba@apache.org', 'F71-wei.xue@intel.com', 'F41', 'F3-null', 'F71-stoens@apache.org', 'F65', 'F15-public', 'F105', 'F3-PreparedStatement', 'F3-Object', 'F120', 'F71-enis@apache.org', 'F71-samarth.jain@salesforce.com', 'F71-jeffreyz@apache.org', 'F68', 'F3-Connection', 'category', 'F126', 'F3-PhoenixArray', 'F71-ramkrishna.s.vasudevan@intel.com', 'F3-SortOrder.DESC'}
    F72  F25          ...          F71-mujtaba@apache.org F71-wei.xue@intel.com
1  1702  497          ...                               0                     0
2  1585  416          ...                               0                     0
3  1585  416          ...                               0                     0

[3 rows x 59 columns]
;.;
        F72          ...            F71-wei.xue@intel.com
0  0.745370          ...                              0.0
1  0.637037          ...                              0.0
2  0.637037          ...                              0.0

[3 rows x 59 columns]
training_x: (2235, 59)
training_y: 2235
testset_x: (2389, 59)
testset_y: 2389
              precision    recall  f1-score   support

           0       0.99      0.97      0.98      2046
           1       0.83      0.96      0.89       343

    accuracy                           0.97      2389
   macro avg       0.91      0.96      0.94      2389
weighted avg       0.97      0.97      0.97      2389

accuracy: 0.9665131854332356
0.891891891891892
@@@ tn: 1979, fp: 67, fn: 13, tp: 330
@@@ LIME - Creating explainer
@@@ LIME - Random Sampling of Instances
iter: 0, sample_no: 1667, actual label: 0, predicted: 0
iter: 1, sample_no: 1779, actual label: 0, predicted: 0
iter: 2, sample_no: 2181, actual label: 0, predicted: 0
iter: 3, sample_no: 1171, actual label: 0, predicted: 0
iter: 4, sample_no: 376, actual label: 0, predicted: 0
iter: 5, sample_no: 1515, actual label: 0, predicted: 0
iter: 6, sample_no: 457, actual label: 1, predicted: 1
iter: 7, sample_no: 443, actual label: 0, predicted: 0
iter: 8, sample_no: 2297, actual label: 0, predicted: 0
iter: 9, sample_no: 1346, actual label: 0, predicted: 0
iter: 10, sample_no: 299, actual label: 0, predicted: 0
iter: 11, sample_no: 904, actual label: 0, predicted: 0
iter: 12, sample_no: 2080, actual label: 0, predicted: 0
iter: 13, sample_no: 168, actual label: 0, predicted: 0
iter: 14, sample_no: 421, actual label: 0, predicted: 0
iter: 15, sample_no: 1072, actual label: 0, predicted: 0
iter: 16, sample_no: 2295, actual label: 0, predicted: 0
iter: 17, sample_no: 696, actual label: 1, predicted: 1
iter: 18, sample_no: 1241, actual label: 0, predicted: 0
iter: 19, sample_no: 2250, actual label: 1, predicted: 1
iter: 20, sample_no: 1207, actual label: 0, predicted: 0
iter: 21, sample_no: 420, actual label: 0, predicted: 0
iter: 22, sample_no: 1755, actual label: 0, predicted: 0
iter: 23, sample_no: 1121, actual label: 0, predicted: 1
iter: 24, sample_no: 1636, actual label: 1, predicted: 1
number of samples: 2389
AUC 0.9923451575854473
pos_get 343
total recall stop_at 1.0
@@@ C - Repeat number: 4
@@@ D - common_header:  {'F15-protected', 'F71-twdsilva@gmail.com', 'F3-TEST_PROPERTIES', 'F3-NA', 'F3-input', 'F115', 'F77', 'F110', 'F71-ndimiduk@apache.org', 'F71-maryannxue@apache.org', 'F71-elilevine@apache.org', 'F3-long', 'F15-private', 'F3-String', 'F116', 'F3-getUrl()', 'F3-byte[]', 'F3-PDataType', 'F71-ramkrishna.s.vasudevan@gmail.com', 'F71-rajeshbabu@apache.org', 'F72', 'F71-jzhong@JZhongs-MacBook-Pro.local', 'F3-BitSet', 'F3-List<ParseNode>', 'F71-jamestaylor@apache.org', 'F22', 'F3-Properties', 'F3-SortOrder.ASC', 'F15-NA', 'F71-jtaylor@salesforce.com', 'F71-gabrielr@ngdata.com', 'F101', 'F3-int', 'F123', 'F104', 'F25', 'F71-tdsilva@salesforce.com', 'F3-boolean', 'F117', 'F71-mujtaba@apache.org', 'F71-wei.xue@intel.com', 'F41', 'F3-null', 'F71-stoens@apache.org', 'F65', 'F15-public', 'F105', 'F3-PreparedStatement', 'F3-Object', 'F120', 'F71-enis@apache.org', 'F71-samarth.jain@salesforce.com', 'F71-jeffreyz@apache.org', 'F68', 'F3-Connection', 'category', 'F126', 'F3-PhoenixArray', 'F71-ramkrishna.s.vasudevan@intel.com', 'F3-SortOrder.DESC'}
    F72  F25          ...          F71-mujtaba@apache.org F71-wei.xue@intel.com
1  1702  497          ...                               0                     0
2  1585  416          ...                               0                     0
3  1585  416          ...                               0                     0

[3 rows x 59 columns]
;.;
        F72          ...            F71-wei.xue@intel.com
0  0.745370          ...                              0.0
1  0.637037          ...                              0.0
2  0.637037          ...                              0.0

[3 rows x 59 columns]
training_x: (2235, 59)
training_y: 2235
testset_x: (2389, 59)
testset_y: 2389
              precision    recall  f1-score   support

           0       0.99      0.97      0.98      2046
           1       0.83      0.96      0.89       343

    accuracy                           0.97      2389
   macro avg       0.91      0.96      0.94      2389
weighted avg       0.97      0.97      0.97      2389

accuracy: 0.9665131854332356
0.891891891891892
@@@ tn: 1979, fp: 67, fn: 13, tp: 330
@@@ LIME - Creating explainer
@@@ LIME - Random Sampling of Instances
iter: 0, sample_no: 1576, actual label: 0, predicted: 0
iter: 1, sample_no: 1981, actual label: 1, predicted: 1
iter: 2, sample_no: 2327, actual label: 0, predicted: 1
iter: 3, sample_no: 2063, actual label: 0, predicted: 0
iter: 4, sample_no: 1288, actual label: 0, predicted: 0
iter: 5, sample_no: 318, actual label: 1, predicted: 1
iter: 6, sample_no: 1832, actual label: 0, predicted: 0
iter: 7, sample_no: 2180, actual label: 0, predicted: 0
iter: 8, sample_no: 88, actual label: 0, predicted: 0
iter: 9, sample_no: 2237, actual label: 0, predicted: 0
iter: 10, sample_no: 2368, actual label: 1, predicted: 1
iter: 11, sample_no: 2246, actual label: 0, predicted: 0
iter: 12, sample_no: 727, actual label: 0, predicted: 0
iter: 13, sample_no: 2363, actual label: 0, predicted: 0
iter: 14, sample_no: 1462, actual label: 1, predicted: 1
iter: 15, sample_no: 1579, actual label: 0, predicted: 0
iter: 16, sample_no: 1873, actual label: 0, predicted: 0
iter: 17, sample_no: 787, actual label: 0, predicted: 0
iter: 18, sample_no: 1835, actual label: 0, predicted: 0
iter: 19, sample_no: 1171, actual label: 0, predicted: 0
iter: 20, sample_no: 2095, actual label: 0, predicted: 0
iter: 21, sample_no: 1772, actual label: 0, predicted: 0
iter: 22, sample_no: 2285, actual label: 0, predicted: 0
iter: 23, sample_no: 1802, actual label: 0, predicted: 0
iter: 24, sample_no: 2053, actual label: 1, predicted: 1
number of samples: 2389
AUC 0.9923451575854472
pos_get 343
total recall stop_at 1.0
@@@ C - Repeat number: 5
@@@ D - common_header:  {'F15-protected', 'F71-twdsilva@gmail.com', 'F3-TEST_PROPERTIES', 'F3-NA', 'F3-input', 'F115', 'F77', 'F110', 'F71-ndimiduk@apache.org', 'F71-maryannxue@apache.org', 'F71-elilevine@apache.org', 'F3-long', 'F15-private', 'F3-String', 'F116', 'F3-getUrl()', 'F3-byte[]', 'F3-PDataType', 'F71-ramkrishna.s.vasudevan@gmail.com', 'F71-rajeshbabu@apache.org', 'F72', 'F71-jzhong@JZhongs-MacBook-Pro.local', 'F3-BitSet', 'F3-List<ParseNode>', 'F71-jamestaylor@apache.org', 'F22', 'F3-Properties', 'F3-SortOrder.ASC', 'F15-NA', 'F71-jtaylor@salesforce.com', 'F71-gabrielr@ngdata.com', 'F101', 'F3-int', 'F123', 'F104', 'F25', 'F71-tdsilva@salesforce.com', 'F3-boolean', 'F117', 'F71-mujtaba@apache.org', 'F71-wei.xue@intel.com', 'F41', 'F3-null', 'F71-stoens@apache.org', 'F65', 'F15-public', 'F105', 'F3-PreparedStatement', 'F3-Object', 'F120', 'F71-enis@apache.org', 'F71-samarth.jain@salesforce.com', 'F71-jeffreyz@apache.org', 'F68', 'F3-Connection', 'category', 'F126', 'F3-PhoenixArray', 'F71-ramkrishna.s.vasudevan@intel.com', 'F3-SortOrder.DESC'}
    F72  F25          ...          F71-mujtaba@apache.org F71-wei.xue@intel.com
1  1702  497          ...                               0                     0
2  1585  416          ...                               0                     0
3  1585  416          ...                               0                     0

[3 rows x 59 columns]
;.;
        F72          ...            F71-wei.xue@intel.com
0  0.745370          ...                              0.0
1  0.637037          ...                              0.0
2  0.637037          ...                              0.0

[3 rows x 59 columns]
training_x: (2235, 59)
training_y: 2235
testset_x: (2389, 59)
testset_y: 2389
              precision    recall  f1-score   support

           0       0.99      0.97      0.98      2046
           1       0.83      0.96      0.89       343

    accuracy                           0.97      2389
   macro avg       0.91      0.96      0.94      2389
weighted avg       0.97      0.97      0.97      2389

accuracy: 0.9665131854332356
0.891891891891892
@@@ tn: 1979, fp: 67, fn: 13, tp: 330
@@@ LIME - Creating explainer
@@@ LIME - Random Sampling of Instances
iter: 0, sample_no: 1926, actual label: 0, predicted: 0
iter: 1, sample_no: 706, actual label: 0, predicted: 0
iter: 2, sample_no: 1493, actual label: 0, predicted: 0
iter: 3, sample_no: 2192, actual label: 0, predicted: 0
iter: 4, sample_no: 343, actual label: 0, predicted: 0
iter: 5, sample_no: 955, actual label: 0, predicted: 0
iter: 6, sample_no: 582, actual label: 0, predicted: 0
iter: 7, sample_no: 425, actual label: 0, predicted: 0
iter: 8, sample_no: 1765, actual label: 0, predicted: 0
iter: 9, sample_no: 574, actual label: 0, predicted: 0
iter: 10, sample_no: 2310, actual label: 0, predicted: 0
iter: 11, sample_no: 317, actual label: 1, predicted: 1
iter: 12, sample_no: 1693, actual label: 1, predicted: 1
iter: 13, sample_no: 631, actual label: 0, predicted: 0
iter: 14, sample_no: 745, actual label: 0, predicted: 0
iter: 15, sample_no: 255, actual label: 0, predicted: 0
iter: 16, sample_no: 780, actual label: 0, predicted: 0
iter: 17, sample_no: 763, actual label: 0, predicted: 0
iter: 18, sample_no: 2295, actual label: 0, predicted: 0
iter: 19, sample_no: 892, actual label: 0, predicted: 0
iter: 20, sample_no: 1236, actual label: 0, predicted: 1
iter: 21, sample_no: 2015, actual label: 1, predicted: 0
iter: 22, sample_no: 1846, actual label: 0, predicted: 0
iter: 23, sample_no: 1708, actual label: 0, predicted: 0
iter: 24, sample_no: 1695, actual label: 0, predicted: 0
number of samples: 2389
AUC 0.9923451575854473
pos_get 343
total recall stop_at 1.0
@@@ C - Repeat number: 6
Columns (0,3,4,5,6,7,8,9,10,11,12,13,14,15,16,17,18,19,20,21,22,23,24,25,26,27,28,29,30,31,32,33,34,35,36,37,38,39,40,41,42,43,44,45,46,47,48,49,50,51,52,53,54,55,56,57,58,59,60,61,62,63,64,65,66,67,68,69,70,71,72,73,74,75,76,77,78,79,80,81,82,83,84,85,86,87,88,89,90,91,92,93,94,95,96,97,98,99,100,101,102,103,104,105,106,107,108,109,110,111,112,113,114,115,116,117,118,119,120,121,122,123,124,125,126,127,128,129,130,131,132,133,134,135,136,137,138,139,140,141,142,143,144,145,146,147,148,149,150,151,152,153,154,155,156,157,158,159,160,161,162,163,164,165,166,167,168,169,170,171,172,173,174,175,176,177,178,179,180,181,182,183,184,185,186,187,188,189,190,191,192,193,194,195,196,197,198,199,200,201,202,203,204,205,206,207,208,209,210,211,212,213,214,215,216,217,218,219,220,221,222,223,224,225,226,227,228,229,230,231,232,233,234,235,236,237,238,239,240,241,242,243,244,245,246,247,248,249,250,251,252,253,254,255,256,257,258,259,260,261,262,263,264,265,266,267,268,269,270,271,272,274,276,277,278,279,280,281,282,283,284,285,286,287,288,289,290,291,292,293,294,295,296,297,298,299,300,301,302,303,304,305,306,307,308,309,310,311,312,313,314,315,316,317,318,319,320,321,322,323,324,325,326,327,328,329,330,331,332,333,334,335,336,337,338,339,340,341,342,343,344,345) have mixed types. Specify dtype option on import or set low_memory=False.
Columns (0,3,4,5,6,7,8,9,10,11,12,13,14,15,16,17,18,19,20,21,22,23,24,25,26,27,28,29,30,31,32,33,34,35,36,37,38,39,40,41,42,43,44,45,46,47,48,49,50,51,52,53,54,55,56,57,58,59,60,61,62,63,64,65,66,67,68,69,70,71,72,73,74,75,76,77,78,79,80,81,82,83,84,85,86,87,88,89,90,91,92,93,94,95,96,97,98,99,100,101,102,103,104,105,106,107,108,109,110,111,112,113,114,115,116,117,118,119,120,121,122,123,124,125,126,127,128,129,130,131,132,133,134,135,136,137,138,139,140,141,142,143,144,145,146,147,148,149,150,151,152,153,154,155,156,157,158,159,160,161,162,163,164,165,166,167,168,169,170,171,172,173,174,175,176,177,178,179,180,181,182,183,184,185,186,187,188,189,190,191,192,193,194,195,196,197,198,199,200,201,202,203,204,205,206,207,208,209,210,211,212,213,214,215,216,217,218,219,220,221,222,223,224,225,226,227,228,229,230,231,232,233,234,235,236,237,238,239,240,241,242,243,244,245,246,247,248,249,250,251,252,253,254,255,256,257,258,259,260,261,262,263,264,265,266,267,268,269,270,271,272,273,275,277,278,279,280,281,282,283,284,285,286,287,288,289,290,291,292,293,294,295,296,297,298,299,300,301,302,303,304,305,306,307,308,309,310,311,312,313,314,315,316,317,318,319,320,321,322,323,324,325,326,327,328,329,330,331,332,333,334,335,336,337,338,339,340,341,342,343,344,345,346) have mixed types. Specify dtype option on import or set low_memory=False.
Columns (0,3,4,5,6,7,8,9,10,11,12,13,14,15,16,17,18,19,20,21,22,23,24,25,26,27,28,29,30,31,32,33,34,35,36,37,38,39,40,41,42,43,44,45,46,47,48,49,50,51,52,53,54,55,56,57,58,59,60,61,62,63,64,65,66,67,68,69,70,71,72,73,74,75,76,77,78,79,80,81,82,83,84,85,86,87,88,89,90,91,92,93,94,95,96,97,98,99,100,101,102,103,104,105,106,107,108,109,110,111,112,113,114,115,116,117,118,119,120,121,122,123,124,125,126,127,128,129,130,131,132,133,134,135,136,137,138,139,140,141,142,143,144,145,146,147,148,149,150,151,152,153,154,155,156,157,158,159,160,161,162,163,164,165,166,167,168,169,170,171,172,173,174,175,176,177,178,179,180,181,182,183,184,185,186,187,188,189,190,191,192,193,194,195,196,197,198,199,200,201,202,203,204,205,206,207,208,209,210,211,212,213,214,215,216,217,218,219,220,221,222,223,224,225,226,227,228,229,230,231,232,233,234,235,236,237,238,239,240,241,242,243,244,245,246,247,248,249,250,251,252,253,254,255,256,257,258,259,260,261,262,263,264,265,266,267,268,269,270,271,272,274,276,277,278,279,280,281,282,283,284,285,286,287,288,289,290,291,292,293,294,295,296,297,298,299,300,301,302,303,304,305,306,307,308,309,310,311,312,313,314,315,316,317,318,319,320,321,322,323,324,325,326,327,328,329,330,331,332,333,334,335,336,337,338,339,340,341,342,343,344,345) have mixed types. Specify dtype option on import or set low_memory=False.
Columns (0,3,4,5,6,7,8,9,10,11,12,13,14,15,16,17,18,19,20,21,22,23,24,25,26,27,28,29,30,31,32,33,34,35,36,37,38,39,40,41,42,43,44,45,46,47,48,49,50,51,52,53,54,55,56,57,58,59,60,61,62,63,64,65,66,67,68,69,70,71,72,73,74,75,76,77,78,79,80,81,82,83,84,85,86,87,88,89,90,91,92,93,94,95,96,97,98,99,100,101,102,103,104,105,106,107,108,109,110,111,112,113,114,115,116,117,118,119,120,121,122,123,124,125,126,127,128,129,130,131,132,133,134,135,136,137,138,139,140,141,142,143,144,145,146,147,148,149,150,151,152,153,154,155,156,157,158,159,160,161,162,163,164,165,166,167,168,169,170,171,172,173,174,175,176,177,178,179,180,181,182,183,184,185,186,187,188,189,190,191,192,193,194,195,196,197,198,199,200,201,202,203,204,205,206,207,208,209,210,211,212,213,214,215,216,217,218,219,220,221,222,223,224,225,226,227,228,229,230,231,232,233,234,235,236,237,238,239,240,241,242,243,244,245,246,247,248,249,250,251,252,253,254,255,256,257,258,259,260,261,262,263,264,265,266,267,268,269,270,271,272,273,275,277,278,279,280,281,282,283,284,285,286,287,288,289,290,291,292,293,294,295,296,297,298,299,300,301,302,303,304,305,306,307,308,309,310,311,312,313,314,315,316,317,318,319,320,321,322,323,324,325,326,327,328,329,330,331,332,333,334,335,336,337,338,339,340,341,342,343,344,345,346) have mixed types. Specify dtype option on import or set low_memory=False.
Columns (0,3,4,5,6,7,8,9,10,11,12,13,14,15,16,17,18,19,20,21,22,23,24,25,26,27,28,29,30,31,32,33,34,35,36,37,38,39,40,41,42,43,44,45,46,47,48,49,50,51,52,53,54,55,56,57,58,59,60,61,62,63,64,65,66,67,68,69,70,71,72,73,74,75,76,77,78,79,80,81,82,83,84,85,86,87,88,89,90,91,92,93,94,95,96,97,98,99,100,101,102,103,104,105,106,107,108,109,110,111,112,113,114,115,116,117,118,119,120,121,122,123,124,125,126,127,128,129,130,131,132,133,134,135,136,137,138,139,140,141,142,143,144,145,146,147,148,149,150,151,152,153,154,155,156,157,158,159,160,161,162,163,164,165,166,167,168,169,170,171,172,173,174,175,176,177,178,179,180,181,182,183,184,185,186,187,188,189,190,191,192,193,194,195,196,197,198,199,200,201,202,203,204,205,206,207,208,209,210,211,212,213,214,215,216,217,218,219,220,221,222,223,224,225,226,227,228,229,230,231,232,233,234,235,236,237,238,239,240,241,242,243,244,245,246,247,248,249,250,251,252,253,254,255,256,257,258,259,260,261,262,263,264,265,266,267,268,269,270,271,272,274,276,277,278,279,280,281,282,283,284,285,286,287,288,289,290,291,292,293,294,295,296,297,298,299,300,301,302,303,304,305,306,307,308,309,310,311,312,313,314,315,316,317,318,319,320,321,322,323,324,325,326,327,328,329,330,331,332,333,334,335,336,337,338,339,340,341,342,343,344,345) have mixed types. Specify dtype option on import or set low_memory=False.
Columns (0,3,4,5,6,7,8,9,10,11,12,13,14,15,16,17,18,19,20,21,22,23,24,25,26,27,28,29,30,31,32,33,34,35,36,37,38,39,40,41,42,43,44,45,46,47,48,49,50,51,52,53,54,55,56,57,58,59,60,61,62,63,64,65,66,67,68,69,70,71,72,73,74,75,76,77,78,79,80,81,82,83,84,85,86,87,88,89,90,91,92,93,94,95,96,97,98,99,100,101,102,103,104,105,106,107,108,109,110,111,112,113,114,115,116,117,118,119,120,121,122,123,124,125,126,127,128,129,130,131,132,133,134,135,136,137,138,139,140,141,142,143,144,145,146,147,148,149,150,151,152,153,154,155,156,157,158,159,160,161,162,163,164,165,166,167,168,169,170,171,172,173,174,175,176,177,178,179,180,181,182,183,184,185,186,187,188,189,190,191,192,193,194,195,196,197,198,199,200,201,202,203,204,205,206,207,208,209,210,211,212,213,214,215,216,217,218,219,220,221,222,223,224,225,226,227,228,229,230,231,232,233,234,235,236,237,238,239,240,241,242,243,244,245,246,247,248,249,250,251,252,253,254,255,256,257,258,259,260,261,262,263,264,265,266,267,268,269,270,271,272,273,275,277,278,279,280,281,282,283,284,285,286,287,288,289,290,291,292,293,294,295,296,297,298,299,300,301,302,303,304,305,306,307,308,309,310,311,312,313,314,315,316,317,318,319,320,321,322,323,324,325,326,327,328,329,330,331,332,333,334,335,336,337,338,339,340,341,342,343,344,345,346) have mixed types. Specify dtype option on import or set low_memory=False.
Columns (0,3,4,5,6,7,8,9,10,11,12,13,14,15,16,17,18,19,20,21,22,23,24,25,26,27,28,29,30,31,32,33,34,35,36,37,38,39,40,41,42,43,44,45,46,47,48,49,50,51,52,53,54,55,56,57,58,59,60,61,62,63,64,65,66,67,68,69,70,71,72,73,74,75,76,77,78,79,80,81,82,83,84,85,86,87,88,89,90,91,92,93,94,95,96,97,98,99,100,101,102,103,104,105,106,107,108,109,110,111,112,113,114,115,116,117,118,119,120,121,122,123,124,125,126,127,128,129,130,131,132,133,134,135,136,137,138,139,140,141,142,143,144,145,146,147,148,149,150,151,152,153,154,155,156,157,158,159,160,161,162,163,164,165,166,167,168,169,170,171,172,173,174,175,176,177,178,179,180,181,182,183,184,185,186,187,188,189,190,191,192,193,194,195,196,197,198,199,200,201,202,203,204,205,206,207,208,209,210,211,212,213,214,215,216,217,218,219,220,221,222,223,224,225,226,227,228,229,230,231,232,233,234,235,236,237,238,239,240,241,242,243,244,245,246,247,248,249,250,251,252,253,254,255,256,257,258,259,260,261,262,263,264,265,266,267,268,269,270,271,272,274,276,277,278,279,280,281,282,283,284,285,286,287,288,289,290,291,292,293,294,295,296,297,298,299,300,301,302,303,304,305,306,307,308,309,310,311,312,313,314,315,316,317,318,319,320,321,322,323,324,325,326,327,328,329,330,331,332,333,334,335,336,337,338,339,340,341,342,343,344,345) have mixed types. Specify dtype option on import or set low_memory=False.
@@@ D - common_header:  {'F15-protected', 'F71-twdsilva@gmail.com', 'F3-TEST_PROPERTIES', 'F3-NA', 'F3-input', 'F115', 'F77', 'F110', 'F71-ndimiduk@apache.org', 'F71-maryannxue@apache.org', 'F71-elilevine@apache.org', 'F3-long', 'F15-private', 'F3-String', 'F116', 'F3-getUrl()', 'F3-byte[]', 'F3-PDataType', 'F71-ramkrishna.s.vasudevan@gmail.com', 'F71-rajeshbabu@apache.org', 'F72', 'F71-jzhong@JZhongs-MacBook-Pro.local', 'F3-BitSet', 'F3-List<ParseNode>', 'F71-jamestaylor@apache.org', 'F22', 'F3-Properties', 'F3-SortOrder.ASC', 'F15-NA', 'F71-jtaylor@salesforce.com', 'F71-gabrielr@ngdata.com', 'F101', 'F3-int', 'F123', 'F104', 'F25', 'F71-tdsilva@salesforce.com', 'F3-boolean', 'F117', 'F71-mujtaba@apache.org', 'F71-wei.xue@intel.com', 'F41', 'F3-null', 'F71-stoens@apache.org', 'F65', 'F15-public', 'F105', 'F3-PreparedStatement', 'F3-Object', 'F120', 'F71-enis@apache.org', 'F71-samarth.jain@salesforce.com', 'F71-jeffreyz@apache.org', 'F68', 'F3-Connection', 'category', 'F126', 'F3-PhoenixArray', 'F71-ramkrishna.s.vasudevan@intel.com', 'F3-SortOrder.DESC'}
    F72  F25          ...          F71-mujtaba@apache.org F71-wei.xue@intel.com
1  1702  497          ...                               0                     0
2  1585  416          ...                               0                     0
3  1585  416          ...                               0                     0

[3 rows x 59 columns]
;.;
        F72          ...            F71-wei.xue@intel.com
0  0.745370          ...                              0.0
1  0.637037          ...                              0.0
2  0.637037          ...                              0.0

[3 rows x 59 columns]
training_x: (2235, 59)
training_y: 2235
testset_x: (2389, 59)
testset_y: 2389
              precision    recall  f1-score   support

           0       0.99      0.97      0.98      2046
           1       0.83      0.96      0.89       343

    accuracy                           0.97      2389
   macro avg       0.91      0.96      0.94      2389
weighted avg       0.97      0.97      0.97      2389

accuracy: 0.9665131854332356
0.891891891891892
@@@ tn: 1979, fp: 67, fn: 13, tp: 330
@@@ LIME - Creating explainer
@@@ LIME - Random Sampling of Instances
iter: 0, sample_no: 1361, actual label: 1, predicted: 0
iter: 1, sample_no: 1178, actual label: 0, predicted: 0
iter: 2, sample_no: 731, actual label: 0, predicted: 0
iter: 3, sample_no: 1206, actual label: 1, predicted: 1
iter: 4, sample_no: 948, actual label: 0, predicted: 0
iter: 5, sample_no: 1928, actual label: 0, predicted: 0
iter: 6, sample_no: 1394, actual label: 0, predicted: 0
iter: 7, sample_no: 2064, actual label: 1, predicted: 1
iter: 8, sample_no: 1354, actual label: 0, predicted: 0
iter: 9, sample_no: 1027, actual label: 0, predicted: 0
iter: 10, sample_no: 1980, actual label: 1, predicted: 1
iter: 11, sample_no: 6, actual label: 0, predicted: 0
iter: 12, sample_no: 2092, actual label: 0, predicted: 0
iter: 13, sample_no: 658, actual label: 0, predicted: 0
iter: 14, sample_no: 1293, actual label: 0, predicted: 0
iter: 15, sample_no: 1043, actual label: 0, predicted: 0
iter: 16, sample_no: 205, actual label: 0, predicted: 0
iter: 17, sample_no: 1035, actual label: 0, predicted: 0
iter: 18, sample_no: 348, actual label: 1, predicted: 1
iter: 19, sample_no: 1738, actual label: 0, predicted: 0
iter: 20, sample_no: 1009, actual label: 0, predicted: 1
iter: 21, sample_no: 1584, actual label: 0, predicted: 0
iter: 22, sample_no: 1776, actual label: 0, predicted: 0
iter: 23, sample_no: 151, actual label: 0, predicted: 0
iter: 24, sample_no: 1017, actual label: 0, predicted: 0
number of samples: 2389
AUC 0.9923451575854472
pos_get 343
total recall stop_at 1.0
@@@ C - Repeat number: 7
@@@ D - common_header:  {'F15-protected', 'F71-twdsilva@gmail.com', 'F3-TEST_PROPERTIES', 'F3-NA', 'F3-input', 'F115', 'F77', 'F110', 'F71-ndimiduk@apache.org', 'F71-maryannxue@apache.org', 'F71-elilevine@apache.org', 'F3-long', 'F15-private', 'F3-String', 'F116', 'F3-getUrl()', 'F3-byte[]', 'F3-PDataType', 'F71-ramkrishna.s.vasudevan@gmail.com', 'F71-rajeshbabu@apache.org', 'F72', 'F71-jzhong@JZhongs-MacBook-Pro.local', 'F3-BitSet', 'F3-List<ParseNode>', 'F71-jamestaylor@apache.org', 'F22', 'F3-Properties', 'F3-SortOrder.ASC', 'F15-NA', 'F71-jtaylor@salesforce.com', 'F71-gabrielr@ngdata.com', 'F101', 'F3-int', 'F123', 'F104', 'F25', 'F71-tdsilva@salesforce.com', 'F3-boolean', 'F117', 'F71-mujtaba@apache.org', 'F71-wei.xue@intel.com', 'F41', 'F3-null', 'F71-stoens@apache.org', 'F65', 'F15-public', 'F105', 'F3-PreparedStatement', 'F3-Object', 'F120', 'F71-enis@apache.org', 'F71-samarth.jain@salesforce.com', 'F71-jeffreyz@apache.org', 'F68', 'F3-Connection', 'category', 'F126', 'F3-PhoenixArray', 'F71-ramkrishna.s.vasudevan@intel.com', 'F3-SortOrder.DESC'}
    F72  F25          ...          F71-mujtaba@apache.org F71-wei.xue@intel.com
1  1702  497          ...                               0                     0
2  1585  416          ...                               0                     0
3  1585  416          ...                               0                     0

[3 rows x 59 columns]
;.;
        F72          ...            F71-wei.xue@intel.com
0  0.745370          ...                              0.0
1  0.637037          ...                              0.0
2  0.637037          ...                              0.0

[3 rows x 59 columns]
training_x: (2235, 59)
training_y: 2235
testset_x: (2389, 59)
testset_y: 2389
              precision    recall  f1-score   support

           0       0.99      0.97      0.98      2046
           1       0.83      0.96      0.89       343

    accuracy                           0.97      2389
   macro avg       0.91      0.96      0.94      2389
weighted avg       0.97      0.97      0.97      2389

accuracy: 0.9665131854332356
0.891891891891892
@@@ tn: 1979, fp: 67, fn: 13, tp: 330
@@@ LIME - Creating explainer
@@@ LIME - Random Sampling of Instances
iter: 0, sample_no: 1709, actual label: 0, predicted: 0
iter: 1, sample_no: 1348, actual label: 0, predicted: 0
iter: 2, sample_no: 473, actual label: 0, predicted: 0
iter: 3, sample_no: 814, actual label: 0, predicted: 0
iter: 4, sample_no: 2030, actual label: 1, predicted: 1
iter: 5, sample_no: 1192, actual label: 1, predicted: 1
iter: 6, sample_no: 1604, actual label: 0, predicted: 0
iter: 7, sample_no: 190, actual label: 1, predicted: 1
iter: 8, sample_no: 1976, actual label: 1, predicted: 1
iter: 9, sample_no: 1563, actual label: 0, predicted: 0
iter: 10, sample_no: 1608, actual label: 0, predicted: 0
iter: 11, sample_no: 1994, actual label: 1, predicted: 1
iter: 12, sample_no: 279, actual label: 1, predicted: 1
iter: 13, sample_no: 272, actual label: 0, predicted: 0
iter: 14, sample_no: 281, actual label: 0, predicted: 0
iter: 15, sample_no: 171, actual label: 0, predicted: 0
iter: 16, sample_no: 1807, actual label: 0, predicted: 0
iter: 17, sample_no: 1390, actual label: 1, predicted: 1
iter: 18, sample_no: 659, actual label: 0, predicted: 0
iter: 19, sample_no: 1803, actual label: 0, predicted: 0
iter: 20, sample_no: 453, actual label: 0, predicted: 0
iter: 21, sample_no: 980, actual label: 0, predicted: 0
iter: 22, sample_no: 1363, actual label: 0, predicted: 0
iter: 23, sample_no: 1570, actual label: 0, predicted: 0
iter: 24, sample_no: 2070, actual label: 0, predicted: 0
number of samples: 2389
AUC 0.9923451575854473
pos_get 343
total recall stop_at 1.0
@@@ C - Repeat number: 8
@@@ D - common_header:  {'F15-protected', 'F71-twdsilva@gmail.com', 'F3-TEST_PROPERTIES', 'F3-NA', 'F3-input', 'F115', 'F77', 'F110', 'F71-ndimiduk@apache.org', 'F71-maryannxue@apache.org', 'F71-elilevine@apache.org', 'F3-long', 'F15-private', 'F3-String', 'F116', 'F3-getUrl()', 'F3-byte[]', 'F3-PDataType', 'F71-ramkrishna.s.vasudevan@gmail.com', 'F71-rajeshbabu@apache.org', 'F72', 'F71-jzhong@JZhongs-MacBook-Pro.local', 'F3-BitSet', 'F3-List<ParseNode>', 'F71-jamestaylor@apache.org', 'F22', 'F3-Properties', 'F3-SortOrder.ASC', 'F15-NA', 'F71-jtaylor@salesforce.com', 'F71-gabrielr@ngdata.com', 'F101', 'F3-int', 'F123', 'F104', 'F25', 'F71-tdsilva@salesforce.com', 'F3-boolean', 'F117', 'F71-mujtaba@apache.org', 'F71-wei.xue@intel.com', 'F41', 'F3-null', 'F71-stoens@apache.org', 'F65', 'F15-public', 'F105', 'F3-PreparedStatement', 'F3-Object', 'F120', 'F71-enis@apache.org', 'F71-samarth.jain@salesforce.com', 'F71-jeffreyz@apache.org', 'F68', 'F3-Connection', 'category', 'F126', 'F3-PhoenixArray', 'F71-ramkrishna.s.vasudevan@intel.com', 'F3-SortOrder.DESC'}
    F72  F25          ...          F71-mujtaba@apache.org F71-wei.xue@intel.com
1  1702  497          ...                               0                     0
2  1585  416          ...                               0                     0
3  1585  416          ...                               0                     0

[3 rows x 59 columns]
;.;
        F72          ...            F71-wei.xue@intel.com
0  0.745370          ...                              0.0
1  0.637037          ...                              0.0
2  0.637037          ...                              0.0

[3 rows x 59 columns]
training_x: (2235, 59)
training_y: 2235
testset_x: (2389, 59)
testset_y: 2389
              precision    recall  f1-score   support

           0       0.99      0.97      0.98      2046
           1       0.83      0.96      0.89       343

    accuracy                           0.97      2389
   macro avg       0.91      0.96      0.94      2389
weighted avg       0.97      0.97      0.97      2389

accuracy: 0.9665131854332356
0.891891891891892
@@@ tn: 1979, fp: 67, fn: 13, tp: 330
@@@ LIME - Creating explainer
@@@ LIME - Random Sampling of Instances
iter: 0, sample_no: 1504, actual label: 1, predicted: 1
iter: 1, sample_no: 1768, actual label: 0, predicted: 0
iter: 2, sample_no: 2203, actual label: 0, predicted: 0
iter: 3, sample_no: 2360, actual label: 0, predicted: 0
iter: 4, sample_no: 848, actual label: 0, predicted: 0
iter: 5, sample_no: 429, actual label: 0, predicted: 0
iter: 6, sample_no: 219, actual label: 0, predicted: 0
iter: 7, sample_no: 1408, actual label: 0, predicted: 0
iter: 8, sample_no: 2126, actual label: 0, predicted: 0
iter: 9, sample_no: 1485, actual label: 0, predicted: 0
iter: 10, sample_no: 1712, actual label: 1, predicted: 1
iter: 11, sample_no: 380, actual label: 0, predicted: 0
iter: 12, sample_no: 260, actual label: 0, predicted: 0
iter: 13, sample_no: 722, actual label: 0, predicted: 0
iter: 14, sample_no: 842, actual label: 1, predicted: 1
iter: 15, sample_no: 739, actual label: 0, predicted: 0
iter: 16, sample_no: 2382, actual label: 1, predicted: 1
iter: 17, sample_no: 104, actual label: 0, predicted: 0
iter: 18, sample_no: 622, actual label: 1, predicted: 1
iter: 19, sample_no: 2023, actual label: 0, predicted: 0
iter: 20, sample_no: 1440, actual label: 0, predicted: 0
iter: 21, sample_no: 1094, actual label: 0, predicted: 0
iter: 22, sample_no: 842, actual label: 1, predicted: 1
iter: 23, sample_no: 929, actual label: 0, predicted: 0
iter: 24, sample_no: 1616, actual label: 0, predicted: 0
number of samples: 2389
AUC 0.9923451575854473
pos_get 343
total recall stop_at 1.0
@@@ C - Repeat number: 9
@@@ D - common_header:  {'F15-protected', 'F71-twdsilva@gmail.com', 'F3-TEST_PROPERTIES', 'F3-NA', 'F3-input', 'F115', 'F77', 'F110', 'F71-ndimiduk@apache.org', 'F71-maryannxue@apache.org', 'F71-elilevine@apache.org', 'F3-long', 'F15-private', 'F3-String', 'F116', 'F3-getUrl()', 'F3-byte[]', 'F3-PDataType', 'F71-ramkrishna.s.vasudevan@gmail.com', 'F71-rajeshbabu@apache.org', 'F72', 'F71-jzhong@JZhongs-MacBook-Pro.local', 'F3-BitSet', 'F3-List<ParseNode>', 'F71-jamestaylor@apache.org', 'F22', 'F3-Properties', 'F3-SortOrder.ASC', 'F15-NA', 'F71-jtaylor@salesforce.com', 'F71-gabrielr@ngdata.com', 'F101', 'F3-int', 'F123', 'F104', 'F25', 'F71-tdsilva@salesforce.com', 'F3-boolean', 'F117', 'F71-mujtaba@apache.org', 'F71-wei.xue@intel.com', 'F41', 'F3-null', 'F71-stoens@apache.org', 'F65', 'F15-public', 'F105', 'F3-PreparedStatement', 'F3-Object', 'F120', 'F71-enis@apache.org', 'F71-samarth.jain@salesforce.com', 'F71-jeffreyz@apache.org', 'F68', 'F3-Connection', 'category', 'F126', 'F3-PhoenixArray', 'F71-ramkrishna.s.vasudevan@intel.com', 'F3-SortOrder.DESC'}
    F72  F25          ...          F71-mujtaba@apache.org F71-wei.xue@intel.com
1  1702  497          ...                               0                     0
2  1585  416          ...                               0                     0
3  1585  416          ...                               0                     0

[3 rows x 59 columns]
;.;
        F72          ...            F71-wei.xue@intel.com
0  0.745370          ...                              0.0
1  0.637037          ...                              0.0
2  0.637037          ...                              0.0

[3 rows x 59 columns]
training_x: (2235, 59)
training_y: 2235
testset_x: (2389, 59)
testset_y: 2389
              precision    recall  f1-score   support

           0       0.99      0.97      0.98      2046
           1       0.83      0.96      0.89       343

    accuracy                           0.97      2389
   macro avg       0.91      0.96      0.94      2389
weighted avg       0.97      0.97      0.97      2389

accuracy: 0.9665131854332356
0.891891891891892
@@@ tn: 1979, fp: 67, fn: 13, tp: 330
@@@ LIME - Creating explainer
@@@ LIME - Random Sampling of Instances
iter: 0, sample_no: 2105, actual label: 0, predicted: 0
iter: 1, sample_no: 429, actual label: 0, predicted: 0
iter: 2, sample_no: 1418, actual label: 0, predicted: 0
iter: 3, sample_no: 1396, actual label: 0, predicted: 0
iter: 4, sample_no: 38, actual label: 0, predicted: 0
iter: 5, sample_no: 555, actual label: 1, predicted: 1
iter: 6, sample_no: 861, actual label: 0, predicted: 0
iter: 7, sample_no: 1085, actual label: 0, predicted: 0
iter: 8, sample_no: 1740, actual label: 0, predicted: 0
iter: 9, sample_no: 235, actual label: 0, predicted: 0
iter: 10, sample_no: 146, actual label: 0, predicted: 0
iter: 11, sample_no: 1225, actual label: 1, predicted: 1
iter: 12, sample_no: 985, actual label: 0, predicted: 0
iter: 13, sample_no: 162, actual label: 0, predicted: 0
iter: 14, sample_no: 1483, actual label: 0, predicted: 0
iter: 15, sample_no: 1872, actual label: 0, predicted: 0
iter: 16, sample_no: 1993, actual label: 1, predicted: 1
iter: 17, sample_no: 2285, actual label: 0, predicted: 0
iter: 18, sample_no: 661, actual label: 0, predicted: 0
iter: 19, sample_no: 1199, actual label: 1, predicted: 1
iter: 20, sample_no: 1378, actual label: 1, predicted: 1
iter: 21, sample_no: 1110, actual label: 0, predicted: 0
iter: 22, sample_no: 867, actual label: 0, predicted: 1
iter: 23, sample_no: 1469, actual label: 1, predicted: 1
iter: 24, sample_no: 189, actual label: 1, predicted: 1
number of samples: 2389
AUC 0.9923451575854472
pos_get 343
total recall stop_at 1.0
@@@ C - Repeat number: 10
Columns (0,3,4,5,6,7,8,9,10,11,12,13,14,15,16,17,18,19,20,21,22,23,24,25,26,27,28,29,30,31,32,33,34,35,36,37,38,39,40,41,42,43,44,45,46,47,48,49,50,51,52,53,54,55,56,57,58,59,60,61,62,63,64,65,66,67,68,69,70,71,72,73,74,75,76,77,78,79,80,81,82,83,84,85,86,87,88,89,90,91,92,93,94,95,96,97,98,99,100,101,102,103,104,105,106,107,108,109,110,111,112,113,114,115,116,117,118,119,120,121,122,123,124,125,126,127,128,129,130,131,132,133,134,135,136,137,138,139,140,141,142,143,144,145,146,147,148,149,150,151,152,153,154,155,156,157,158,159,160,161,162,163,164,165,166,167,168,169,170,171,172,173,174,175,176,177,178,179,180,181,182,183,184,185,186,187,188,189,190,191,192,193,194,195,196,197,198,199,200,201,202,203,204,205,206,207,208,209,210,211,212,213,214,215,216,217,218,219,220,221,222,223,224,225,226,227,228,229,230,231,232,233,234,235,236,237,238,239,240,241,242,243,244,245,246,247,248,249,250,251,252,253,254,255,256,257,258,259,260,261,262,263,264,265,266,267,268,269,270,271,272,273,275,277,278,279,280,281,282,283,284,285,286,287,288,289,290,291,292,293,294,295,296,297,298,299,300,301,302,303,304,305,306,307,308,309,310,311,312,313,314,315,316,317,318,319,320,321,322,323,324,325,326,327,328,329,330,331,332,333,334,335,336,337,338,339,340,341,342,343,344,345,346) have mixed types. Specify dtype option on import or set low_memory=False.
Columns (0,3,4,5,6,7,8,9,10,11,12,13,14,15,16,17,18,19,20,21,22,23,24,25,26,27,28,29,30,31,32,33,34,35,36,37,38,39,40,41,42,43,44,45,46,47,48,49,50,51,52,53,54,55,56,57,58,59,60,61,62,63,64,65,66,67,68,69,70,71,72,73,74,75,76,77,78,79,80,81,82,83,84,85,86,87,88,89,90,91,92,93,94,95,96,97,98,99,100,101,102,103,104,105,106,107,108,109,110,111,112,113,114,115,116,117,118,119,120,121,122,123,124,125,126,127,128,129,130,131,132,133,134,135,136,137,138,139,140,141,142,143,144,145,146,147,148,149,150,151,152,153,154,155,156,157,158,159,160,161,162,163,164,165,166,167,168,169,170,171,172,173,174,175,176,177,178,179,180,181,182,183,184,185,186,187,188,189,190,191,192,193,194,195,196,197,198,199,200,201,202,203,204,205,206,207,208,209,210,211,212,213,214,215,216,217,218,219,220,221,222,223,224,225,226,227,228,229,230,231,232,233,234,235,236,237,238,239,240,241,242,243,244,245,246,247,248,249,250,251,252,253,254,255,256,257,258,259,260,261,262,263,264,265,266,267,268,269,270,271,272,274,276,277,278,279,280,281,282,283,284,285,286,287,288,289,290,291,292,293,294,295,296,297,298,299,300,301,302,303,304,305,306,307,308,309,310,311,312,313,314,315,316,317,318,319,320,321,322,323,324,325,326,327,328,329,330,331,332,333,334,335,336,337,338,339,340,341,342,343,344,345) have mixed types. Specify dtype option on import or set low_memory=False.
Columns (0,3,4,5,6,7,8,9,10,11,12,13,14,15,16,17,18,19,20,21,22,23,24,25,26,27,28,29,30,31,32,33,34,35,36,37,38,39,40,41,42,43,44,45,46,47,48,49,50,51,52,53,54,55,56,57,58,59,60,61,62,63,64,65,66,67,68,69,70,71,72,73,74,75,76,77,78,79,80,81,82,83,84,85,86,87,88,89,90,91,92,93,94,95,96,97,98,99,100,101,102,103,104,105,106,107,108,109,110,111,112,113,114,115,116,117,118,119,120,121,122,123,124,125,126,127,128,129,130,131,132,133,134,135,136,137,138,139,140,141,142,143,144,145,146,147,148,149,150,151,152,153,154,155,156,157,158,159,160,161,162,163,164,165,166,167,168,169,170,171,172,173,174,175,176,177,178,179,180,181,182,183,184,185,186,187,188,189,190,191,192,193,194,195,196,197,198,199,200,201,202,203,204,205,206,207,208,209,210,211,212,213,214,215,216,217,218,219,220,221,222,223,224,225,226,227,228,229,230,231,232,233,234,235,236,237,238,239,240,241,242,243,244,245,246,247,248,249,250,251,252,253,254,255,256,257,258,259,260,261,262,263,264,265,266,267,268,269,270,271,272,273,275,277,278,279,280,281,282,283,284,285,286,287,288,289,290,291,292,293,294,295,296,297,298,299,300,301,302,303,304,305,306,307,308,309,310,311,312,313,314,315,316,317,318,319,320,321,322,323,324,325,326,327,328,329,330,331,332,333,334,335,336,337,338,339,340,341,342,343,344,345,346) have mixed types. Specify dtype option on import or set low_memory=False.
Columns (0,3,4,5,6,7,8,9,10,11,12,13,14,15,16,17,18,19,20,21,22,23,24,25,26,27,28,29,30,31,32,33,34,35,36,37,38,39,40,41,42,43,44,45,46,47,48,49,50,51,52,53,54,55,56,57,58,59,60,61,62,63,64,65,66,67,68,69,70,71,72,73,74,75,76,77,78,79,80,81,82,83,84,85,86,87,88,89,90,91,92,93,94,95,96,97,98,99,100,101,102,103,104,105,106,107,108,109,110,111,112,113,114,115,116,117,118,119,120,121,122,123,124,125,126,127,128,129,130,131,132,133,134,135,136,137,138,139,140,141,142,143,144,145,146,147,148,149,150,151,152,153,154,155,156,157,158,159,160,161,162,163,164,165,166,167,168,169,170,171,172,173,174,175,176,177,178,179,180,181,182,183,184,185,186,187,188,189,190,191,192,193,194,195,196,197,198,199,200,201,202,203,204,205,206,207,208,209,210,211,212,213,214,215,216,217,218,219,220,221,222,223,224,225,226,227,228,229,230,231,232,233,234,235,236,237,238,239,240,241,242,243,244,245,246,247,248,249,250,251,252,253,254,255,256,257,258,259,260,261,262,263,264,265,266,267,268,269,270,271,272,274,276,277,278,279,280,281,282,283,284,285,286,287,288,289,290,291,292,293,294,295,296,297,298,299,300,301,302,303,304,305,306,307,308,309,310,311,312,313,314,315,316,317,318,319,320,321,322,323,324,325,326,327,328,329,330,331,332,333,334,335,336,337,338,339,340,341,342,343,344,345) have mixed types. Specify dtype option on import or set low_memory=False.
Columns (0,3,4,5,6,7,8,9,10,11,12,13,14,15,16,17,18,19,20,21,22,23,24,25,26,27,28,29,30,31,32,33,34,35,36,37,38,39,40,41,42,43,44,45,46,47,48,49,50,51,52,53,54,55,56,57,58,59,60,61,62,63,64,65,66,67,68,69,70,71,72,73,74,75,76,77,78,79,80,81,82,83,84,85,86,87,88,89,90,91,92,93,94,95,96,97,98,99,100,101,102,103,104,105,106,107,108,109,110,111,112,113,114,115,116,117,118,119,120,121,122,123,124,125,126,127,128,129,130,131,132,133,134,135,136,137,138,139,140,141,142,143,144,145,146,147,148,149,150,151,152,153,154,155,156,157,158,159,160,161,162,163,164,165,166,167,168,169,170,171,172,173,174,175,176,177,178,179,180,181,182,183,184,185,186,187,188,189,190,191,192,193,194,195,196,197,198,199,200,201,202,203,204,205,206,207,208,209,210,211,212,213,214,215,216,217,218,219,220,221,222,223,224,225,226,227,228,229,230,231,232,233,234,235,236,237,238,239,240,241,242,243,244,245,246,247,248,249,250,251,252,253,254,255,256,257,258,259,260,261,262,263,264,265,266,267,268,269,270,271,272,273,275,277,278,279,280,281,282,283,284,285,286,287,288,289,290,291,292,293,294,295,296,297,298,299,300,301,302,303,304,305,306,307,308,309,310,311,312,313,314,315,316,317,318,319,320,321,322,323,324,325,326,327,328,329,330,331,332,333,334,335,336,337,338,339,340,341,342,343,344,345,346) have mixed types. Specify dtype option on import or set low_memory=False.
Columns (0,3,4,5,6,7,8,9,10,11,12,13,14,15,16,17,18,19,20,21,22,23,24,25,26,27,28,29,30,31,32,33,34,35,36,37,38,39,40,41,42,43,44,45,46,47,48,49,50,51,52,53,54,55,56,57,58,59,60,61,62,63,64,65,66,67,68,69,70,71,72,73,74,75,76,77,78,79,80,81,82,83,84,85,86,87,88,89,90,91,92,93,94,95,96,97,98,99,100,101,102,103,104,105,106,107,108,109,110,111,112,113,114,115,116,117,118,119,120,121,122,123,124,125,126,127,128,129,130,131,132,133,134,135,136,137,138,139,140,141,142,143,144,145,146,147,148,149,150,151,152,153,154,155,156,157,158,159,160,161,162,163,164,165,166,167,168,169,170,171,172,173,174,175,176,177,178,179,180,181,182,183,184,185,186,187,188,189,190,191,192,193,194,195,196,197,198,199,200,201,202,203,204,205,206,207,208,209,210,211,212,213,214,215,216,217,218,219,220,221,222,223,224,225,226,227,228,229,230,231,232,233,234,235,236,237,238,239,240,241,242,243,244,245,246,247,248,249,250,251,252,253,254,255,256,257,258,259,260,261,262,263,264,265,266,267,268,269,270,271,272,274,276,277,278,279,280,281,282,283,284,285,286,287,288,289,290,291,292,293,294,295,296,297,298,299,300,301,302,303,304,305,306,307,308,309,310,311,312,313,314,315,316,317,318,319,320,321,322,323,324,325,326,327,328,329,330,331,332,333,334,335,336,337,338,339,340,341,342,343,344,345) have mixed types. Specify dtype option on import or set low_memory=False.
Columns (0,3,4,5,6,7,8,9,10,11,12,13,14,15,16,17,18,19,20,21,22,23,24,25,26,27,28,29,30,31,32,33,34,35,36,37,38,39,40,41,42,43,44,45,46,47,48,49,50,51,52,53,54,55,56,57,58,59,60,61,62,63,64,65,66,67,68,69,70,71,72,73,74,75,76,77,78,79,80,81,82,83,84,85,86,87,88,89,90,91,92,93,94,95,96,97,98,99,100,101,102,103,104,105,106,107,108,109,110,111,112,113,114,115,116,117,118,119,120,121,122,123,124,125,126,127,128,129,130,131,132,133,134,135,136,137,138,139,140,141,142,143,144,145,146,147,148,149,150,151,152,153,154,155,156,157,158,159,160,161,162,163,164,165,166,167,168,169,170,171,172,173,174,175,176,177,178,179,180,181,182,183,184,185,186,187,188,189,190,191,192,193,194,195,196,197,198,199,200,201,202,203,204,205,206,207,208,209,210,211,212,213,214,215,216,217,218,219,220,221,222,223,224,225,226,227,228,229,230,231,232,233,234,235,236,237,238,239,240,241,242,243,244,245,246,247,248,249,250,251,252,253,254,255,256,257,258,259,260,261,262,263,264,265,266,267,268,269,270,271,272,273,275,277,278,279,280,281,282,283,284,285,286,287,288,289,290,291,292,293,294,295,296,297,298,299,300,301,302,303,304,305,306,307,308,309,310,311,312,313,314,315,316,317,318,319,320,321,322,323,324,325,326,327,328,329,330,331,332,333,334,335,336,337,338,339,340,341,342,343,344,345,346) have mixed types. Specify dtype option on import or set low_memory=False.
@@@ D - common_header:  {'F15-protected', 'F71-twdsilva@gmail.com', 'F3-TEST_PROPERTIES', 'F3-NA', 'F3-input', 'F115', 'F77', 'F110', 'F71-ndimiduk@apache.org', 'F71-maryannxue@apache.org', 'F71-elilevine@apache.org', 'F3-long', 'F15-private', 'F3-String', 'F116', 'F3-getUrl()', 'F3-byte[]', 'F3-PDataType', 'F71-ramkrishna.s.vasudevan@gmail.com', 'F71-rajeshbabu@apache.org', 'F72', 'F71-jzhong@JZhongs-MacBook-Pro.local', 'F3-BitSet', 'F3-List<ParseNode>', 'F71-jamestaylor@apache.org', 'F22', 'F3-Properties', 'F3-SortOrder.ASC', 'F15-NA', 'F71-jtaylor@salesforce.com', 'F71-gabrielr@ngdata.com', 'F101', 'F3-int', 'F123', 'F104', 'F25', 'F71-tdsilva@salesforce.com', 'F3-boolean', 'F117', 'F71-mujtaba@apache.org', 'F71-wei.xue@intel.com', 'F41', 'F3-null', 'F71-stoens@apache.org', 'F65', 'F15-public', 'F105', 'F3-PreparedStatement', 'F3-Object', 'F120', 'F71-enis@apache.org', 'F71-samarth.jain@salesforce.com', 'F71-jeffreyz@apache.org', 'F68', 'F3-Connection', 'category', 'F126', 'F3-PhoenixArray', 'F71-ramkrishna.s.vasudevan@intel.com', 'F3-SortOrder.DESC'}
    F72  F25          ...          F71-mujtaba@apache.org F71-wei.xue@intel.com
1  1702  497          ...                               0                     0
2  1585  416          ...                               0                     0
3  1585  416          ...                               0                     0

[3 rows x 59 columns]
;.;
        F72          ...            F71-wei.xue@intel.com
0  0.745370          ...                              0.0
1  0.637037          ...                              0.0
2  0.637037          ...                              0.0

[3 rows x 59 columns]
training_x: (2235, 59)
training_y: 2235
testset_x: (2389, 59)
testset_y: 2389
              precision    recall  f1-score   support

           0       0.99      0.97      0.98      2046
           1       0.83      0.96      0.89       343

    accuracy                           0.97      2389
   macro avg       0.91      0.96      0.94      2389
weighted avg       0.97      0.97      0.97      2389

accuracy: 0.9665131854332356
0.891891891891892
@@@ tn: 1979, fp: 67, fn: 13, tp: 330
@@@ LIME - Creating explainer
@@@ LIME - Random Sampling of Instances
Columns (0,3,4,5,6,7,8,9,10,11,12,13,14,15,16,17,18,19,20,21,22,23,24,25,26,27,28,29,30,31,32,33,34,35,36,37,38,39,40,41,42,43,44,45,46,47,48,49,50,51,52,53,54,55,56,57,58,59,60,61,62,63,64,65,66,67,68,69,70,71,72,73,74,75,76,77,78,79,80,81,82,83,84,85,86,87,88,89,90,91,92,93,94,95,96,97,98,99,100,101,102,103,104,105,106,107,108,109,110,111,112,113,114,115,116,117,118,119,120,121,122,123,124,125,126,127,128,129,130,131,132,133,134,135,136,137,138,139,140,141,142,143,144,145,146,147,148,149,150,151,152,153,154,155,156,157,158,159,160,161,162,163,164,165,166,167,168,169,170,171,172,173,174,175,176,177,178,179,180,181,182,183,184,185,186,187,188,189,190,191,192,193,194,195,196,197,198,199,200,201,202,203,204,205,206,207,208,209,210,211,212,213,214,215,216,217,218,219,220,221,222,223,224,225,226,227,228,229,230,231,232,233,234,235,236,237,238,239,240,241,242,243,244,245,246,247,248,249,250,251,252,253,254,255,256,257,258,259,260,261,262,263,264,265,266,267,268,269,270,271,272,274,276,277,278,279,280,281,282,283,284,285,286,287,288,289,290,291,292,293,294,295,296,297,298,299,300,301,302,303,304,305,306,307,308,309,310,311,312,313,314,315,316,317,318,319,320,321,322,323,324,325,326,327,328,329,330,331,332,333,334,335,336,337,338,339,340,341,342,343,344,345) have mixed types. Specify dtype option on import or set low_memory=False.
iter: 0, sample_no: 1692, actual label: 1, predicted: 1
iter: 1, sample_no: 749, actual label: 0, predicted: 0
iter: 2, sample_no: 1868, actual label: 0, predicted: 0
iter: 3, sample_no: 817, actual label: 0, predicted: 0
iter: 4, sample_no: 1197, actual label: 1, predicted: 1
iter: 5, sample_no: 211, actual label: 0, predicted: 0
iter: 6, sample_no: 100, actual label: 0, predicted: 0
iter: 7, sample_no: 852, actual label: 0, predicted: 0
iter: 8, sample_no: 1480, actual label: 0, predicted: 0
iter: 9, sample_no: 1814, actual label: 0, predicted: 0
iter: 10, sample_no: 41, actual label: 0, predicted: 1
iter: 11, sample_no: 1437, actual label: 0, predicted: 0
iter: 12, sample_no: 1269, actual label: 0, predicted: 0
iter: 13, sample_no: 922, actual label: 0, predicted: 0
iter: 14, sample_no: 2047, actual label: 1, predicted: 1
iter: 15, sample_no: 1757, actual label: 0, predicted: 0
iter: 16, sample_no: 382, actual label: 0, predicted: 0
iter: 17, sample_no: 937, actual label: 0, predicted: 0
iter: 18, sample_no: 373, actual label: 0, predicted: 0
iter: 19, sample_no: 1395, actual label: 0, predicted: 0
iter: 20, sample_no: 443, actual label: 0, predicted: 0
iter: 21, sample_no: 2103, actual label: 1, predicted: 1
iter: 22, sample_no: 1902, actual label: 0, predicted: 0
iter: 23, sample_no: 2343, actual label: 0, predicted: 0
iter: 24, sample_no: 1691, actual label: 0, predicted: 1
number of samples: 2389
AUC 0.9923451575854472
pos_get 343
total recall stop_at 1.0
----------threshold stop at----------: 1
AUC [0.9923451575854473, 0.9923437326333969, 0.9923451575854473, 0.9923451575854472, 0.9923451575854473, 0.9923451575854472, 0.9923451575854473, 0.9923451575854473, 0.9923451575854472, 0.9923451575854472]
AUC_median 0.9923451575854472
AUC_iqr 1.1102230246251565e-16
cost [0.3980745081624111, 0.3980745081624111, 0.3980745081624111, 0.3980745081624111, 0.3980745081624111, 0.3980745081624111, 0.3980745081624111, 0.3980745081624111, 0.3980745081624111, 0.3980745081624111]
COST_med 0.3980745081624111
COST_iqr 0.0
f1_pos_list [0.891891891891892, 0.891891891891892, 0.891891891891892, 0.891891891891892, 0.891891891891892, 0.891891891891892, 0.891891891891892, 0.891891891891892, 0.891891891891892, 0.891891891891892]
f1_pos_med 0.891891891891892
