@@@ A - classifier: SVC(C=1.0, break_ties=False, cache_size=200, class_weight='balanced', coef0=0.0,
    decision_function_shape='ovr', degree=3, gamma='scale', kernel='linear',
    max_iter=-1, probability=True, random_state=None, shrinking=True, tol=0.001,
    verbose=False)
@@@ B - threshold stop at: 1
@@@ C - Repeat number: 1
@@@ D - common_header:  {'F3-Project', 'F115', 'F71-antoine@apache.org', 'F65', 'F3-int', 'F3-Project.MSG_DEBUG', 'F3-char', 'F22', 'F3-boolean', 'F72', 'F105', 'F71-ehatcher@apache.org', 'F15-NA', 'F71-conor@apache.org', 'F104', 'F3-Class', 'F68', 'F3-PrintStream', 'F3-FileInputStream', 'F15-private', 'F71-sbailliez@apache.org', 'F3-long', 'F116', 'F71-jskeet@apache.org', 'F101', 'F77', 'F3-byte[]', 'F71-costin@apache.org', 'F126', 'F41', 'F15-public', 'F71-stevel@apache.org', 'F3-Object', 'F120', 'F3-String', 'F3-FileOutputStream', 'F71-jglick@apache.org', 'F71-donaldp@apache.org', 'F3-NA', 'F71-kevj@apache.org', 'F3-Long', 'F71-umagesh@apache.org', 'F117', 'F3-InputStream', 'F3-null', 'F71-bodewig@apache.org', 'category', 'F71-rubys@apache.org', 'F71-mbenson@apache.org', 'F71-jhm@apache.org', 'F3-File', 'F123', 'F15-protected', 'F71-dev-null@apache.org', 'F25', 'F71-hibou@apache.org', 'F71-peterreilly@apache.org', 'F71-jkf@apache.org', 'F3-Integer', 'F71-stefano@apache.org', 'F110'}
     F72   F25        ...         F71-mbenson@apache.org F71-jhm@apache.org
1  13254  4548        ...                              1                  0
2  13254  4548        ...                              0                  0
3  13254  4548        ...                              1                  0

[3 rows x 60 columns]
;.;
        F72         ...          F71-jhm@apache.org
0  0.981137         ...                         0.0
1  0.981137         ...                         0.0
2  0.981137         ...                         0.0

[3 rows x 60 columns]
training_x: (1217, 60)
training_y: 1217
testset_x: (21, 60)
testset_y: 21
              precision    recall  f1-score   support

           0       0.47      0.58      0.52        12
           1       0.17      0.11      0.13         9

    accuracy                           0.38        21
   macro avg       0.32      0.35      0.33        21
weighted avg       0.34      0.38      0.35        21

accuracy: 0.38095238095238093
0.13333333333333333
@@@ tn: 7, fp: 5, fn: 8, tp: 1
@@@ LIME - Creating explainer
@@@ LIME - Random Sampling of Instances
iter: 0, sample_no: 0, actual label: 1, predicted: 0
iter: 1, sample_no: 2, actual label: 1, predicted: 0
iter: 2, sample_no: 8, actual label: 0, predicted: 1
iter: 3, sample_no: 14, actual label: 0, predicted: 0
iter: 4, sample_no: 4, actual label: 1, predicted: 0
iter: 5, sample_no: 4, actual label: 1, predicted: 0
iter: 6, sample_no: 18, actual label: 0, predicted: 0
iter: 7, sample_no: 6, actual label: 1, predicted: 0
iter: 8, sample_no: 7, actual label: 1, predicted: 0
iter: 9, sample_no: 3, actual label: 1, predicted: 0
iter: 10, sample_no: 16, actual label: 1, predicted: 0
iter: 11, sample_no: 4, actual label: 1, predicted: 0
iter: 12, sample_no: 17, actual label: 0, predicted: 1
iter: 13, sample_no: 7, actual label: 1, predicted: 0
iter: 14, sample_no: 15, actual label: 0, predicted: 1
iter: 15, sample_no: 19, actual label: 0, predicted: 0
iter: 16, sample_no: 17, actual label: 0, predicted: 1
iter: 17, sample_no: 10, actual label: 0, predicted: 1
iter: 18, sample_no: 12, actual label: 0, predicted: 0
iter: 19, sample_no: 20, actual label: 1, predicted: 1
iter: 20, sample_no: 8, actual label: 0, predicted: 1
iter: 21, sample_no: 1, actual label: 0, predicted: 0
iter: 22, sample_no: 9, actual label: 0, predicted: 0
iter: 23, sample_no: 8, actual label: 0, predicted: 1
iter: 24, sample_no: 3, actual label: 1, predicted: 0
number of samples: 21
AUC 0.48148148148148145
pos_get 9
total recall stop_at 1.0
@@@ C - Repeat number: 2
@@@ D - common_header:  {'F3-Project', 'F115', 'F71-antoine@apache.org', 'F65', 'F3-int', 'F3-Project.MSG_DEBUG', 'F3-char', 'F22', 'F3-boolean', 'F72', 'F105', 'F71-ehatcher@apache.org', 'F15-NA', 'F71-conor@apache.org', 'F104', 'F3-Class', 'F68', 'F3-PrintStream', 'F3-FileInputStream', 'F15-private', 'F71-sbailliez@apache.org', 'F3-long', 'F116', 'F71-jskeet@apache.org', 'F101', 'F77', 'F3-byte[]', 'F71-costin@apache.org', 'F126', 'F41', 'F15-public', 'F71-stevel@apache.org', 'F3-Object', 'F120', 'F3-String', 'F3-FileOutputStream', 'F71-jglick@apache.org', 'F71-donaldp@apache.org', 'F3-NA', 'F71-kevj@apache.org', 'F3-Long', 'F71-umagesh@apache.org', 'F117', 'F3-InputStream', 'F3-null', 'F71-bodewig@apache.org', 'category', 'F71-rubys@apache.org', 'F71-mbenson@apache.org', 'F71-jhm@apache.org', 'F3-File', 'F123', 'F15-protected', 'F71-dev-null@apache.org', 'F25', 'F71-hibou@apache.org', 'F71-peterreilly@apache.org', 'F71-jkf@apache.org', 'F3-Integer', 'F71-stefano@apache.org', 'F110'}
     F72   F25        ...         F71-mbenson@apache.org F71-jhm@apache.org
1  13254  4548        ...                              1                  0
2  13254  4548        ...                              0                  0
3  13254  4548        ...                              1                  0

[3 rows x 60 columns]
;.;
        F72         ...          F71-jhm@apache.org
0  0.981137         ...                         0.0
1  0.981137         ...                         0.0
2  0.981137         ...                         0.0

[3 rows x 60 columns]
training_x: (1217, 60)
training_y: 1217
testset_x: (21, 60)
testset_y: 21
              precision    recall  f1-score   support

           0       0.47      0.58      0.52        12
           1       0.17      0.11      0.13         9

    accuracy                           0.38        21
   macro avg       0.32      0.35      0.33        21
weighted avg       0.34      0.38      0.35        21

accuracy: 0.38095238095238093
0.13333333333333333
@@@ tn: 7, fp: 5, fn: 8, tp: 1
@@@ LIME - Creating explainer
@@@ LIME - Random Sampling of Instances
iter: 0, sample_no: 3, actual label: 1, predicted: 0
iter: 1, sample_no: 1, actual label: 0, predicted: 0
iter: 2, sample_no: 0, actual label: 1, predicted: 0
iter: 3, sample_no: 4, actual label: 1, predicted: 0
iter: 4, sample_no: 4, actual label: 1, predicted: 0
iter: 5, sample_no: 11, actual label: 0, predicted: 1
iter: 6, sample_no: 9, actual label: 0, predicted: 0
iter: 7, sample_no: 4, actual label: 1, predicted: 0
iter: 8, sample_no: 17, actual label: 0, predicted: 1
iter: 9, sample_no: 8, actual label: 0, predicted: 1
iter: 10, sample_no: 14, actual label: 0, predicted: 0
iter: 11, sample_no: 13, actual label: 1, predicted: 0
iter: 12, sample_no: 4, actual label: 1, predicted: 0
iter: 13, sample_no: 0, actual label: 1, predicted: 0
iter: 14, sample_no: 4, actual label: 1, predicted: 0
iter: 15, sample_no: 20, actual label: 1, predicted: 1
iter: 16, sample_no: 14, actual label: 0, predicted: 0
iter: 17, sample_no: 17, actual label: 0, predicted: 1
iter: 18, sample_no: 20, actual label: 1, predicted: 1
iter: 19, sample_no: 18, actual label: 0, predicted: 0
iter: 20, sample_no: 0, actual label: 1, predicted: 0
iter: 21, sample_no: 15, actual label: 0, predicted: 1
iter: 22, sample_no: 17, actual label: 0, predicted: 1
iter: 23, sample_no: 3, actual label: 1, predicted: 0
iter: 24, sample_no: 9, actual label: 0, predicted: 0
number of samples: 21
AUC 0.48148148148148145
pos_get 9
total recall stop_at 1.0
@@@ C - Repeat number: 3
@@@ D - common_header:  {'F3-Project', 'F115', 'F71-antoine@apache.org', 'F65', 'F3-int', 'F3-Project.MSG_DEBUG', 'F3-char', 'F22', 'F3-boolean', 'F72', 'F105', 'F71-ehatcher@apache.org', 'F15-NA', 'F71-conor@apache.org', 'F104', 'F3-Class', 'F68', 'F3-PrintStream', 'F3-FileInputStream', 'F15-private', 'F71-sbailliez@apache.org', 'F3-long', 'F116', 'F71-jskeet@apache.org', 'F101', 'F77', 'F3-byte[]', 'F71-costin@apache.org', 'F126', 'F41', 'F15-public', 'F71-stevel@apache.org', 'F3-Object', 'F120', 'F3-String', 'F3-FileOutputStream', 'F71-jglick@apache.org', 'F71-donaldp@apache.org', 'F3-NA', 'F71-kevj@apache.org', 'F3-Long', 'F71-umagesh@apache.org', 'F117', 'F3-InputStream', 'F3-null', 'F71-bodewig@apache.org', 'category', 'F71-rubys@apache.org', 'F71-mbenson@apache.org', 'F71-jhm@apache.org', 'F3-File', 'F123', 'F15-protected', 'F71-dev-null@apache.org', 'F25', 'F71-hibou@apache.org', 'F71-peterreilly@apache.org', 'F71-jkf@apache.org', 'F3-Integer', 'F71-stefano@apache.org', 'F110'}
     F72   F25        ...         F71-mbenson@apache.org F71-jhm@apache.org
1  13254  4548        ...                              1                  0
2  13254  4548        ...                              0                  0
3  13254  4548        ...                              1                  0

[3 rows x 60 columns]
;.;
        F72         ...          F71-jhm@apache.org
0  0.981137         ...                         0.0
1  0.981137         ...                         0.0
2  0.981137         ...                         0.0

[3 rows x 60 columns]
training_x: (1217, 60)
training_y: 1217
testset_x: (21, 60)
testset_y: 21
              precision    recall  f1-score   support

           0       0.47      0.58      0.52        12
           1       0.17      0.11      0.13         9

    accuracy                           0.38        21
   macro avg       0.32      0.35      0.33        21
weighted avg       0.34      0.38      0.35        21

accuracy: 0.38095238095238093
0.13333333333333333
@@@ tn: 7, fp: 5, fn: 8, tp: 1
@@@ LIME - Creating explainer
@@@ LIME - Random Sampling of Instances
iter: 0, sample_no: 3, actual label: 1, predicted: 0
iter: 1, sample_no: 19, actual label: 0, predicted: 0
iter: 2, sample_no: 11, actual label: 0, predicted: 1
iter: 3, sample_no: 13, actual label: 1, predicted: 0
iter: 4, sample_no: 6, actual label: 1, predicted: 0
iter: 5, sample_no: 6, actual label: 1, predicted: 0
iter: 6, sample_no: 19, actual label: 0, predicted: 0
iter: 7, sample_no: 20, actual label: 1, predicted: 1
iter: 8, sample_no: 0, actual label: 1, predicted: 0
iter: 9, sample_no: 1, actual label: 0, predicted: 0
iter: 10, sample_no: 9, actual label: 0, predicted: 0
iter: 11, sample_no: 12, actual label: 0, predicted: 0
iter: 12, sample_no: 3, actual label: 1, predicted: 0
iter: 13, sample_no: 4, actual label: 1, predicted: 0
iter: 14, sample_no: 18, actual label: 0, predicted: 0
iter: 15, sample_no: 0, actual label: 1, predicted: 0
iter: 16, sample_no: 18, actual label: 0, predicted: 0
iter: 17, sample_no: 14, actual label: 0, predicted: 0
iter: 18, sample_no: 7, actual label: 1, predicted: 0
iter: 19, sample_no: 8, actual label: 0, predicted: 1
iter: 20, sample_no: 17, actual label: 0, predicted: 1
iter: 21, sample_no: 15, actual label: 0, predicted: 1
iter: 22, sample_no: 18, actual label: 0, predicted: 0
iter: 23, sample_no: 13, actual label: 1, predicted: 0
iter: 24, sample_no: 0, actual label: 1, predicted: 0
number of samples: 21
AUC 0.48148148148148145
pos_get 9
total recall stop_at 1.0
@@@ C - Repeat number: 4
@@@ D - common_header:  {'F3-Project', 'F115', 'F71-antoine@apache.org', 'F65', 'F3-int', 'F3-Project.MSG_DEBUG', 'F3-char', 'F22', 'F3-boolean', 'F72', 'F105', 'F71-ehatcher@apache.org', 'F15-NA', 'F71-conor@apache.org', 'F104', 'F3-Class', 'F68', 'F3-PrintStream', 'F3-FileInputStream', 'F15-private', 'F71-sbailliez@apache.org', 'F3-long', 'F116', 'F71-jskeet@apache.org', 'F101', 'F77', 'F3-byte[]', 'F71-costin@apache.org', 'F126', 'F41', 'F15-public', 'F71-stevel@apache.org', 'F3-Object', 'F120', 'F3-String', 'F3-FileOutputStream', 'F71-jglick@apache.org', 'F71-donaldp@apache.org', 'F3-NA', 'F71-kevj@apache.org', 'F3-Long', 'F71-umagesh@apache.org', 'F117', 'F3-InputStream', 'F3-null', 'F71-bodewig@apache.org', 'category', 'F71-rubys@apache.org', 'F71-mbenson@apache.org', 'F71-jhm@apache.org', 'F3-File', 'F123', 'F15-protected', 'F71-dev-null@apache.org', 'F25', 'F71-hibou@apache.org', 'F71-peterreilly@apache.org', 'F71-jkf@apache.org', 'F3-Integer', 'F71-stefano@apache.org', 'F110'}
     F72   F25        ...         F71-mbenson@apache.org F71-jhm@apache.org
1  13254  4548        ...                              1                  0
2  13254  4548        ...                              0                  0
3  13254  4548        ...                              1                  0

[3 rows x 60 columns]
;.;
        F72         ...          F71-jhm@apache.org
0  0.981137         ...                         0.0
1  0.981137         ...                         0.0
2  0.981137         ...                         0.0

[3 rows x 60 columns]
training_x: (1217, 60)
training_y: 1217
testset_x: (21, 60)
testset_y: 21
              precision    recall  f1-score   support

           0       0.47      0.58      0.52        12
           1       0.17      0.11      0.13         9

    accuracy                           0.38        21
   macro avg       0.32      0.35      0.33        21
weighted avg       0.34      0.38      0.35        21

accuracy: 0.38095238095238093
0.13333333333333333
@@@ tn: 7, fp: 5, fn: 8, tp: 1
@@@ LIME - Creating explainer
@@@ LIME - Random Sampling of Instances
iter: 0, sample_no: 5, actual label: 0, predicted: 0
iter: 1, sample_no: 4, actual label: 1, predicted: 0
iter: 2, sample_no: 18, actual label: 0, predicted: 0
iter: 3, sample_no: 15, actual label: 0, predicted: 1
iter: 4, sample_no: 2, actual label: 1, predicted: 0
iter: 5, sample_no: 14, actual label: 0, predicted: 0
iter: 6, sample_no: 6, actual label: 1, predicted: 0
iter: 7, sample_no: 0, actual label: 1, predicted: 0
iter: 8, sample_no: 14, actual label: 0, predicted: 0
iter: 9, sample_no: 11, actual label: 0, predicted: 1
iter: 10, sample_no: 6, actual label: 1, predicted: 0
iter: 11, sample_no: 11, actual label: 0, predicted: 1
iter: 12, sample_no: 7, actual label: 1, predicted: 0
iter: 13, sample_no: 16, actual label: 1, predicted: 0
iter: 14, sample_no: 19, actual label: 0, predicted: 0
iter: 15, sample_no: 16, actual label: 1, predicted: 0
iter: 16, sample_no: 0, actual label: 1, predicted: 0
iter: 17, sample_no: 16, actual label: 1, predicted: 0
iter: 18, sample_no: 1, actual label: 0, predicted: 0
iter: 19, sample_no: 19, actual label: 0, predicted: 0
iter: 20, sample_no: 4, actual label: 1, predicted: 0
iter: 21, sample_no: 10, actual label: 0, predicted: 1
iter: 22, sample_no: 2, actual label: 1, predicted: 0
iter: 23, sample_no: 7, actual label: 1, predicted: 0
iter: 24, sample_no: 1, actual label: 0, predicted: 0
number of samples: 21
AUC 0.48148148148148145
pos_get 9
total recall stop_at 1.0
@@@ C - Repeat number: 5
@@@ D - common_header:  {'F3-Project', 'F115', 'F71-antoine@apache.org', 'F65', 'F3-int', 'F3-Project.MSG_DEBUG', 'F3-char', 'F22', 'F3-boolean', 'F72', 'F105', 'F71-ehatcher@apache.org', 'F15-NA', 'F71-conor@apache.org', 'F104', 'F3-Class', 'F68', 'F3-PrintStream', 'F3-FileInputStream', 'F15-private', 'F71-sbailliez@apache.org', 'F3-long', 'F116', 'F71-jskeet@apache.org', 'F101', 'F77', 'F3-byte[]', 'F71-costin@apache.org', 'F126', 'F41', 'F15-public', 'F71-stevel@apache.org', 'F3-Object', 'F120', 'F3-String', 'F3-FileOutputStream', 'F71-jglick@apache.org', 'F71-donaldp@apache.org', 'F3-NA', 'F71-kevj@apache.org', 'F3-Long', 'F71-umagesh@apache.org', 'F117', 'F3-InputStream', 'F3-null', 'F71-bodewig@apache.org', 'category', 'F71-rubys@apache.org', 'F71-mbenson@apache.org', 'F71-jhm@apache.org', 'F3-File', 'F123', 'F15-protected', 'F71-dev-null@apache.org', 'F25', 'F71-hibou@apache.org', 'F71-peterreilly@apache.org', 'F71-jkf@apache.org', 'F3-Integer', 'F71-stefano@apache.org', 'F110'}
     F72   F25        ...         F71-mbenson@apache.org F71-jhm@apache.org
1  13254  4548        ...                              1                  0
2  13254  4548        ...                              0                  0
3  13254  4548        ...                              1                  0

[3 rows x 60 columns]
;.;
        F72         ...          F71-jhm@apache.org
0  0.981137         ...                         0.0
1  0.981137         ...                         0.0
2  0.981137         ...                         0.0

[3 rows x 60 columns]
training_x: (1217, 60)
training_y: 1217
testset_x: (21, 60)
testset_y: 21
              precision    recall  f1-score   support

           0       0.47      0.58      0.52        12
           1       0.17      0.11      0.13         9

    accuracy                           0.38        21
   macro avg       0.32      0.35      0.33        21
weighted avg       0.34      0.38      0.35        21

accuracy: 0.38095238095238093
0.13333333333333333
@@@ tn: 7, fp: 5, fn: 8, tp: 1
@@@ LIME - Creating explainer
@@@ LIME - Random Sampling of Instances
iter: 0, sample_no: 6, actual label: 1, predicted: 0
iter: 1, sample_no: 3, actual label: 1, predicted: 0
iter: 2, sample_no: 18, actual label: 0, predicted: 0
iter: 3, sample_no: 14, actual label: 0, predicted: 0
iter: 4, sample_no: 3, actual label: 1, predicted: 0
iter: 5, sample_no: 10, actual label: 0, predicted: 1
iter: 6, sample_no: 0, actual label: 1, predicted: 0
iter: 7, sample_no: 16, actual label: 1, predicted: 0
iter: 8, sample_no: 16, actual label: 1, predicted: 0
iter: 9, sample_no: 18, actual label: 0, predicted: 0
iter: 10, sample_no: 19, actual label: 0, predicted: 0
iter: 11, sample_no: 16, actual label: 1, predicted: 0
iter: 12, sample_no: 7, actual label: 1, predicted: 0
iter: 13, sample_no: 18, actual label: 0, predicted: 0
iter: 14, sample_no: 8, actual label: 0, predicted: 1
iter: 15, sample_no: 1, actual label: 0, predicted: 0
iter: 16, sample_no: 5, actual label: 0, predicted: 0
iter: 17, sample_no: 15, actual label: 0, predicted: 1
iter: 18, sample_no: 12, actual label: 0, predicted: 0
iter: 19, sample_no: 4, actual label: 1, predicted: 0
iter: 20, sample_no: 2, actual label: 1, predicted: 0
iter: 21, sample_no: 20, actual label: 1, predicted: 1
iter: 22, sample_no: 0, actual label: 1, predicted: 0
iter: 23, sample_no: 9, actual label: 0, predicted: 0
iter: 24, sample_no: 3, actual label: 1, predicted: 0
number of samples: 21
AUC 0.48148148148148145
pos_get 9
total recall stop_at 1.0
@@@ C - Repeat number: 6
@@@ D - common_header:  {'F3-Project', 'F115', 'F71-antoine@apache.org', 'F65', 'F3-int', 'F3-Project.MSG_DEBUG', 'F3-char', 'F22', 'F3-boolean', 'F72', 'F105', 'F71-ehatcher@apache.org', 'F15-NA', 'F71-conor@apache.org', 'F104', 'F3-Class', 'F68', 'F3-PrintStream', 'F3-FileInputStream', 'F15-private', 'F71-sbailliez@apache.org', 'F3-long', 'F116', 'F71-jskeet@apache.org', 'F101', 'F77', 'F3-byte[]', 'F71-costin@apache.org', 'F126', 'F41', 'F15-public', 'F71-stevel@apache.org', 'F3-Object', 'F120', 'F3-String', 'F3-FileOutputStream', 'F71-jglick@apache.org', 'F71-donaldp@apache.org', 'F3-NA', 'F71-kevj@apache.org', 'F3-Long', 'F71-umagesh@apache.org', 'F117', 'F3-InputStream', 'F3-null', 'F71-bodewig@apache.org', 'category', 'F71-rubys@apache.org', 'F71-mbenson@apache.org', 'F71-jhm@apache.org', 'F3-File', 'F123', 'F15-protected', 'F71-dev-null@apache.org', 'F25', 'F71-hibou@apache.org', 'F71-peterreilly@apache.org', 'F71-jkf@apache.org', 'F3-Integer', 'F71-stefano@apache.org', 'F110'}
     F72   F25        ...         F71-mbenson@apache.org F71-jhm@apache.org
1  13254  4548        ...                              1                  0
2  13254  4548        ...                              0                  0
3  13254  4548        ...                              1                  0

[3 rows x 60 columns]
;.;
        F72         ...          F71-jhm@apache.org
0  0.981137         ...                         0.0
1  0.981137         ...                         0.0
2  0.981137         ...                         0.0

[3 rows x 60 columns]
training_x: (1217, 60)
training_y: 1217
testset_x: (21, 60)
testset_y: 21
              precision    recall  f1-score   support

           0       0.47      0.58      0.52        12
           1       0.17      0.11      0.13         9

    accuracy                           0.38        21
   macro avg       0.32      0.35      0.33        21
weighted avg       0.34      0.38      0.35        21

accuracy: 0.38095238095238093
0.13333333333333333
@@@ tn: 7, fp: 5, fn: 8, tp: 1
@@@ LIME - Creating explainer
@@@ LIME - Random Sampling of Instances
iter: 0, sample_no: 19, actual label: 0, predicted: 0
iter: 1, sample_no: 6, actual label: 1, predicted: 0
iter: 2, sample_no: 14, actual label: 0, predicted: 0
iter: 3, sample_no: 10, actual label: 0, predicted: 1
iter: 4, sample_no: 10, actual label: 0, predicted: 1
iter: 5, sample_no: 20, actual label: 1, predicted: 1
iter: 6, sample_no: 19, actual label: 0, predicted: 0
iter: 7, sample_no: 4, actual label: 1, predicted: 0
iter: 8, sample_no: 17, actual label: 0, predicted: 1
iter: 9, sample_no: 17, actual label: 0, predicted: 1
iter: 10, sample_no: 5, actual label: 0, predicted: 0
iter: 11, sample_no: 17, actual label: 0, predicted: 1
iter: 12, sample_no: 6, actual label: 1, predicted: 0
iter: 13, sample_no: 10, actual label: 0, predicted: 1
iter: 14, sample_no: 17, actual label: 0, predicted: 1
iter: 15, sample_no: 20, actual label: 1, predicted: 1
iter: 16, sample_no: 16, actual label: 1, predicted: 0
iter: 17, sample_no: 16, actual label: 1, predicted: 0
iter: 18, sample_no: 20, actual label: 1, predicted: 1
iter: 19, sample_no: 15, actual label: 0, predicted: 1
iter: 20, sample_no: 0, actual label: 1, predicted: 0
iter: 21, sample_no: 11, actual label: 0, predicted: 1
iter: 22, sample_no: 11, actual label: 0, predicted: 1
iter: 23, sample_no: 18, actual label: 0, predicted: 0
iter: 24, sample_no: 4, actual label: 1, predicted: 0
number of samples: 21
AUC 0.48148148148148145
pos_get 9
total recall stop_at 1.0
@@@ C - Repeat number: 7
@@@ D - common_header:  {'F3-Project', 'F115', 'F71-antoine@apache.org', 'F65', 'F3-int', 'F3-Project.MSG_DEBUG', 'F3-char', 'F22', 'F3-boolean', 'F72', 'F105', 'F71-ehatcher@apache.org', 'F15-NA', 'F71-conor@apache.org', 'F104', 'F3-Class', 'F68', 'F3-PrintStream', 'F3-FileInputStream', 'F15-private', 'F71-sbailliez@apache.org', 'F3-long', 'F116', 'F71-jskeet@apache.org', 'F101', 'F77', 'F3-byte[]', 'F71-costin@apache.org', 'F126', 'F41', 'F15-public', 'F71-stevel@apache.org', 'F3-Object', 'F120', 'F3-String', 'F3-FileOutputStream', 'F71-jglick@apache.org', 'F71-donaldp@apache.org', 'F3-NA', 'F71-kevj@apache.org', 'F3-Long', 'F71-umagesh@apache.org', 'F117', 'F3-InputStream', 'F3-null', 'F71-bodewig@apache.org', 'category', 'F71-rubys@apache.org', 'F71-mbenson@apache.org', 'F71-jhm@apache.org', 'F3-File', 'F123', 'F15-protected', 'F71-dev-null@apache.org', 'F25', 'F71-hibou@apache.org', 'F71-peterreilly@apache.org', 'F71-jkf@apache.org', 'F3-Integer', 'F71-stefano@apache.org', 'F110'}
     F72   F25        ...         F71-mbenson@apache.org F71-jhm@apache.org
1  13254  4548        ...                              1                  0
2  13254  4548        ...                              0                  0
3  13254  4548        ...                              1                  0

[3 rows x 60 columns]
;.;
        F72         ...          F71-jhm@apache.org
0  0.981137         ...                         0.0
1  0.981137         ...                         0.0
2  0.981137         ...                         0.0

[3 rows x 60 columns]
training_x: (1217, 60)
training_y: 1217
testset_x: (21, 60)
testset_y: 21
              precision    recall  f1-score   support

           0       0.47      0.58      0.52        12
           1       0.17      0.11      0.13         9

    accuracy                           0.38        21
   macro avg       0.32      0.35      0.33        21
weighted avg       0.34      0.38      0.35        21

accuracy: 0.38095238095238093
0.13333333333333333
@@@ tn: 7, fp: 5, fn: 8, tp: 1
@@@ LIME - Creating explainer
@@@ LIME - Random Sampling of Instances
iter: 0, sample_no: 13, actual label: 1, predicted: 0
iter: 1, sample_no: 17, actual label: 0, predicted: 1
iter: 2, sample_no: 1, actual label: 0, predicted: 0
iter: 3, sample_no: 14, actual label: 0, predicted: 0
iter: 4, sample_no: 18, actual label: 0, predicted: 0
iter: 5, sample_no: 8, actual label: 0, predicted: 1
iter: 6, sample_no: 14, actual label: 0, predicted: 0
iter: 7, sample_no: 5, actual label: 0, predicted: 0
iter: 8, sample_no: 3, actual label: 1, predicted: 0
iter: 9, sample_no: 4, actual label: 1, predicted: 0
iter: 10, sample_no: 16, actual label: 1, predicted: 0
iter: 11, sample_no: 20, actual label: 1, predicted: 1
iter: 12, sample_no: 1, actual label: 0, predicted: 0
iter: 13, sample_no: 15, actual label: 0, predicted: 1
iter: 14, sample_no: 1, actual label: 0, predicted: 0
iter: 15, sample_no: 9, actual label: 0, predicted: 0
iter: 16, sample_no: 16, actual label: 1, predicted: 0
iter: 17, sample_no: 10, actual label: 0, predicted: 1
iter: 18, sample_no: 4, actual label: 1, predicted: 0
iter: 19, sample_no: 2, actual label: 1, predicted: 0
iter: 20, sample_no: 17, actual label: 0, predicted: 1
iter: 21, sample_no: 15, actual label: 0, predicted: 1
iter: 22, sample_no: 17, actual label: 0, predicted: 1
iter: 23, sample_no: 14, actual label: 0, predicted: 0
iter: 24, sample_no: 7, actual label: 1, predicted: 0
number of samples: 21
AUC 0.48148148148148145
pos_get 9
total recall stop_at 1.0
@@@ C - Repeat number: 8
@@@ D - common_header:  {'F3-Project', 'F115', 'F71-antoine@apache.org', 'F65', 'F3-int', 'F3-Project.MSG_DEBUG', 'F3-char', 'F22', 'F3-boolean', 'F72', 'F105', 'F71-ehatcher@apache.org', 'F15-NA', 'F71-conor@apache.org', 'F104', 'F3-Class', 'F68', 'F3-PrintStream', 'F3-FileInputStream', 'F15-private', 'F71-sbailliez@apache.org', 'F3-long', 'F116', 'F71-jskeet@apache.org', 'F101', 'F77', 'F3-byte[]', 'F71-costin@apache.org', 'F126', 'F41', 'F15-public', 'F71-stevel@apache.org', 'F3-Object', 'F120', 'F3-String', 'F3-FileOutputStream', 'F71-jglick@apache.org', 'F71-donaldp@apache.org', 'F3-NA', 'F71-kevj@apache.org', 'F3-Long', 'F71-umagesh@apache.org', 'F117', 'F3-InputStream', 'F3-null', 'F71-bodewig@apache.org', 'category', 'F71-rubys@apache.org', 'F71-mbenson@apache.org', 'F71-jhm@apache.org', 'F3-File', 'F123', 'F15-protected', 'F71-dev-null@apache.org', 'F25', 'F71-hibou@apache.org', 'F71-peterreilly@apache.org', 'F71-jkf@apache.org', 'F3-Integer', 'F71-stefano@apache.org', 'F110'}
     F72   F25        ...         F71-mbenson@apache.org F71-jhm@apache.org
1  13254  4548        ...                              1                  0
2  13254  4548        ...                              0                  0
3  13254  4548        ...                              1                  0

[3 rows x 60 columns]
;.;
        F72         ...          F71-jhm@apache.org
0  0.981137         ...                         0.0
1  0.981137         ...                         0.0
2  0.981137         ...                         0.0

[3 rows x 60 columns]
training_x: (1217, 60)
training_y: 1217
testset_x: (21, 60)
testset_y: 21
              precision    recall  f1-score   support

           0       0.47      0.58      0.52        12
           1       0.17      0.11      0.13         9

    accuracy                           0.38        21
   macro avg       0.32      0.35      0.33        21
weighted avg       0.34      0.38      0.35        21

accuracy: 0.38095238095238093
0.13333333333333333
@@@ tn: 7, fp: 5, fn: 8, tp: 1
@@@ LIME - Creating explainer
@@@ LIME - Random Sampling of Instances
iter: 0, sample_no: 0, actual label: 1, predicted: 0
iter: 1, sample_no: 13, actual label: 1, predicted: 0
iter: 2, sample_no: 16, actual label: 1, predicted: 0
iter: 3, sample_no: 13, actual label: 1, predicted: 0
iter: 4, sample_no: 8, actual label: 0, predicted: 1
iter: 5, sample_no: 9, actual label: 0, predicted: 0
iter: 6, sample_no: 19, actual label: 0, predicted: 0
iter: 7, sample_no: 6, actual label: 1, predicted: 0
iter: 8, sample_no: 15, actual label: 0, predicted: 1
iter: 9, sample_no: 15, actual label: 0, predicted: 1
iter: 10, sample_no: 12, actual label: 0, predicted: 0
iter: 11, sample_no: 18, actual label: 0, predicted: 0
iter: 12, sample_no: 10, actual label: 0, predicted: 1
iter: 13, sample_no: 13, actual label: 1, predicted: 0
iter: 14, sample_no: 12, actual label: 0, predicted: 0
iter: 15, sample_no: 15, actual label: 0, predicted: 1
iter: 16, sample_no: 16, actual label: 1, predicted: 0
iter: 17, sample_no: 5, actual label: 0, predicted: 0
iter: 18, sample_no: 3, actual label: 1, predicted: 0
iter: 19, sample_no: 18, actual label: 0, predicted: 0
iter: 20, sample_no: 10, actual label: 0, predicted: 1
iter: 21, sample_no: 12, actual label: 0, predicted: 0
iter: 22, sample_no: 0, actual label: 1, predicted: 0
iter: 23, sample_no: 12, actual label: 0, predicted: 0
iter: 24, sample_no: 15, actual label: 0, predicted: 1
number of samples: 21
AUC 0.48148148148148145
pos_get 9
total recall stop_at 1.0
@@@ C - Repeat number: 9
@@@ D - common_header:  {'F3-Project', 'F115', 'F71-antoine@apache.org', 'F65', 'F3-int', 'F3-Project.MSG_DEBUG', 'F3-char', 'F22', 'F3-boolean', 'F72', 'F105', 'F71-ehatcher@apache.org', 'F15-NA', 'F71-conor@apache.org', 'F104', 'F3-Class', 'F68', 'F3-PrintStream', 'F3-FileInputStream', 'F15-private', 'F71-sbailliez@apache.org', 'F3-long', 'F116', 'F71-jskeet@apache.org', 'F101', 'F77', 'F3-byte[]', 'F71-costin@apache.org', 'F126', 'F41', 'F15-public', 'F71-stevel@apache.org', 'F3-Object', 'F120', 'F3-String', 'F3-FileOutputStream', 'F71-jglick@apache.org', 'F71-donaldp@apache.org', 'F3-NA', 'F71-kevj@apache.org', 'F3-Long', 'F71-umagesh@apache.org', 'F117', 'F3-InputStream', 'F3-null', 'F71-bodewig@apache.org', 'category', 'F71-rubys@apache.org', 'F71-mbenson@apache.org', 'F71-jhm@apache.org', 'F3-File', 'F123', 'F15-protected', 'F71-dev-null@apache.org', 'F25', 'F71-hibou@apache.org', 'F71-peterreilly@apache.org', 'F71-jkf@apache.org', 'F3-Integer', 'F71-stefano@apache.org', 'F110'}
     F72   F25        ...         F71-mbenson@apache.org F71-jhm@apache.org
1  13254  4548        ...                              1                  0
2  13254  4548        ...                              0                  0
3  13254  4548        ...                              1                  0

[3 rows x 60 columns]
;.;
        F72         ...          F71-jhm@apache.org
0  0.981137         ...                         0.0
1  0.981137         ...                         0.0
2  0.981137         ...                         0.0

[3 rows x 60 columns]
training_x: (1217, 60)
training_y: 1217
testset_x: (21, 60)
testset_y: 21
              precision    recall  f1-score   support

           0       0.47      0.58      0.52        12
           1       0.17      0.11      0.13         9

    accuracy                           0.38        21
   macro avg       0.32      0.35      0.33        21
weighted avg       0.34      0.38      0.35        21

accuracy: 0.38095238095238093
0.13333333333333333
@@@ tn: 7, fp: 5, fn: 8, tp: 1
@@@ LIME - Creating explainer
@@@ LIME - Random Sampling of Instances
iter: 0, sample_no: 5, actual label: 0, predicted: 0
iter: 1, sample_no: 9, actual label: 0, predicted: 0
iter: 2, sample_no: 18, actual label: 0, predicted: 0
iter: 3, sample_no: 5, actual label: 0, predicted: 0
iter: 4, sample_no: 14, actual label: 0, predicted: 0
iter: 5, sample_no: 8, actual label: 0, predicted: 1
iter: 6, sample_no: 19, actual label: 0, predicted: 0
iter: 7, sample_no: 1, actual label: 0, predicted: 0
iter: 8, sample_no: 16, actual label: 1, predicted: 0
iter: 9, sample_no: 4, actual label: 1, predicted: 0
iter: 10, sample_no: 18, actual label: 0, predicted: 0
iter: 11, sample_no: 10, actual label: 0, predicted: 1
iter: 12, sample_no: 4, actual label: 1, predicted: 0
iter: 13, sample_no: 3, actual label: 1, predicted: 0
iter: 14, sample_no: 16, actual label: 1, predicted: 0
iter: 15, sample_no: 4, actual label: 1, predicted: 0
iter: 16, sample_no: 18, actual label: 0, predicted: 0
iter: 17, sample_no: 14, actual label: 0, predicted: 0
iter: 18, sample_no: 15, actual label: 0, predicted: 1
iter: 19, sample_no: 11, actual label: 0, predicted: 1
iter: 20, sample_no: 13, actual label: 1, predicted: 0
iter: 21, sample_no: 7, actual label: 1, predicted: 0
iter: 22, sample_no: 4, actual label: 1, predicted: 0
iter: 23, sample_no: 0, actual label: 1, predicted: 0
iter: 24, sample_no: 16, actual label: 1, predicted: 0
number of samples: 21
AUC 0.48148148148148145
pos_get 9
total recall stop_at 1.0
@@@ C - Repeat number: 10
@@@ D - common_header:  {'F3-Project', 'F115', 'F71-antoine@apache.org', 'F65', 'F3-int', 'F3-Project.MSG_DEBUG', 'F3-char', 'F22', 'F3-boolean', 'F72', 'F105', 'F71-ehatcher@apache.org', 'F15-NA', 'F71-conor@apache.org', 'F104', 'F3-Class', 'F68', 'F3-PrintStream', 'F3-FileInputStream', 'F15-private', 'F71-sbailliez@apache.org', 'F3-long', 'F116', 'F71-jskeet@apache.org', 'F101', 'F77', 'F3-byte[]', 'F71-costin@apache.org', 'F126', 'F41', 'F15-public', 'F71-stevel@apache.org', 'F3-Object', 'F120', 'F3-String', 'F3-FileOutputStream', 'F71-jglick@apache.org', 'F71-donaldp@apache.org', 'F3-NA', 'F71-kevj@apache.org', 'F3-Long', 'F71-umagesh@apache.org', 'F117', 'F3-InputStream', 'F3-null', 'F71-bodewig@apache.org', 'category', 'F71-rubys@apache.org', 'F71-mbenson@apache.org', 'F71-jhm@apache.org', 'F3-File', 'F123', 'F15-protected', 'F71-dev-null@apache.org', 'F25', 'F71-hibou@apache.org', 'F71-peterreilly@apache.org', 'F71-jkf@apache.org', 'F3-Integer', 'F71-stefano@apache.org', 'F110'}
     F72   F25        ...         F71-mbenson@apache.org F71-jhm@apache.org
1  13254  4548        ...                              1                  0
2  13254  4548        ...                              0                  0
3  13254  4548        ...                              1                  0

[3 rows x 60 columns]
;.;
        F72         ...          F71-jhm@apache.org
0  0.981137         ...                         0.0
1  0.981137         ...                         0.0
2  0.981137         ...                         0.0

[3 rows x 60 columns]
training_x: (1217, 60)
training_y: 1217
testset_x: (21, 60)
testset_y: 21
              precision    recall  f1-score   support

           0       0.47      0.58      0.52        12
           1       0.17      0.11      0.13         9

    accuracy                           0.38        21
   macro avg       0.32      0.35      0.33        21
weighted avg       0.34      0.38      0.35        21

accuracy: 0.38095238095238093
0.13333333333333333
@@@ tn: 7, fp: 5, fn: 8, tp: 1
@@@ LIME - Creating explainer
@@@ LIME - Random Sampling of Instances
/Users/author1/anaconda3/lib/python3.6/site-packages/tensorflow/python/framework/dtypes.py:463: FutureWarning: Passing (type, 1) or '1type' as a synonym of type is deprecated; in a future version of numpy, it will be understood as (type, (1,)) / '(1,)type'.
  _np_qint8 = np.dtype([("qint8", np.int8, 1)])
/Users/author1/anaconda3/lib/python3.6/site-packages/tensorflow/python/framework/dtypes.py:464: FutureWarning: Passing (type, 1) or '1type' as a synonym of type is deprecated; in a future version of numpy, it will be understood as (type, (1,)) / '(1,)type'.
  _np_quint8 = np.dtype([("quint8", np.uint8, 1)])
/Users/author1/anaconda3/lib/python3.6/site-packages/tensorflow/python/framework/dtypes.py:465: FutureWarning: Passing (type, 1) or '1type' as a synonym of type is deprecated; in a future version of numpy, it will be understood as (type, (1,)) / '(1,)type'.
  _np_qint16 = np.dtype([("qint16", np.int16, 1)])
/Users/author1/anaconda3/lib/python3.6/site-packages/tensorflow/python/framework/dtypes.py:466: FutureWarning: Passing (type, 1) or '1type' as a synonym of type is deprecated; in a future version of numpy, it will be understood as (type, (1,)) / '(1,)type'.
  _np_quint16 = np.dtype([("quint16", np.uint16, 1)])
/Users/author1/anaconda3/lib/python3.6/site-packages/tensorflow/python/framework/dtypes.py:467: FutureWarning: Passing (type, 1) or '1type' as a synonym of type is deprecated; in a future version of numpy, it will be understood as (type, (1,)) / '(1,)type'.
  _np_qint32 = np.dtype([("qint32", np.int32, 1)])
iter: 0, sample_no: 11, actual label: 0, predicted: 1
iter: 1, sample_no: 17, actual label: 0, predicted: 1
iter: 2, sample_no: 16, actual label: 1, predicted: 0
iter: 3, sample_no: 9, actual label: 0, predicted: 0
iter: 4, sample_no: 0, actual label: 1, predicted: 0
iter: 5, sample_no: 2, actual label: 1, predicted: 0
iter: 6, sample_no: 16, actual label: 1, predicted: 0
iter: 7, sample_no: 19, actual label: 0, predicted: 0
iter: 8, sample_no: 19, actual label: 0, predicted: 0
iter: 9, sample_no: 6, actual label: 1, predicted: 0
iter: 10, sample_no: 16, actual label: 1, predicted: 0
iter: 11, sample_no: 19, actual label: 0, predicted: 0
iter: 12, sample_no: 12, actual label: 0, predicted: 0
iter: 13, sample_no: 1, actual label: 0, predicted: 0
iter: 14, sample_no: 19, actual label: 0, predicted: 0
iter: 15, sample_no: 12, actual label: 0, predicted: 0
iter: 16, sample_no: 11, actual label: 0, predicted: 1
iter: 17, sample_no: 13, actual label: 1, predicted: 0
iter: 18, sample_no: 12, actual label: 0, predicted: 0
iter: 19, sample_no: 15, actual label: 0, predicted: 1
iter: 20, sample_no: 8, actual label: 0, predicted: 1
iter: 21, sample_no: 12, actual label: 0, predicted: 0
iter: 22, sample_no: 13, actual label: 1, predicted: 0
iter: 23, sample_no: 1, actual label: 0, predicted: 0
iter: 24, sample_no: 16, actual label: 1, predicted: 0
number of samples: 21
AUC 0.48148148148148145
pos_get 9
total recall stop_at 1.0
----------threshold stop at----------: 1
AUC [0.48148148148148145, 0.48148148148148145, 0.48148148148148145, 0.48148148148148145, 0.48148148148148145, 0.48148148148148145, 0.48148148148148145, 0.48148148148148145, 0.48148148148148145, 0.48148148148148145]
AUC_median 0.48148148148148145
AUC_iqr 0.0
cost [1.0, 1.0, 1.0, 1.0, 1.0, 1.0, 1.0, 1.0, 1.0, 1.0]
COST_med 1.0
COST_iqr 0.0
f1_pos_list [0.13333333333333333, 0.13333333333333333, 0.13333333333333333, 0.13333333333333333, 0.13333333333333333, 0.13333333333333333, 0.13333333333333333, 0.13333333333333333, 0.13333333333333333, 0.13333333333333333]
f1_pos_med 0.13333333333333333
