@@@ A - classifier: SVC(C=1.0, break_ties=False, cache_size=200, class_weight='balanced', coef0=0.0,
    decision_function_shape='ovr', degree=3, gamma='scale', kernel='linear',
    max_iter=-1, probability=True, random_state=None, shrinking=True, tol=0.001,
    verbose=False)
@@@ B - threshold stop at: 1
@@@ C - Repeat number: 1
will not use leaked features
@@@ D - common_header:  {'F71-jboynes@apache.org', 'category', 'F15-NA', 'F3-ELContext', 'F71-rjung@apache.org', 'F3-Object', 'F3-NA', 'F126', 'F41', 'F71-jfclere@apache.org', 'F3-byte[]', 'F3-InputStream', 'F71-kkolinko@apache.org', 'F71-fschumacher@apache.org', 'F72', 'F123', 'F3-PooledConnectionAndInfo', 'F71-pero@apache.org', 'F3-ObjectName', 'F3-MappedHost[]', 'F3-Object[]', 'F104', 'F3-String[]', 'F71-mturk@apache.org', 'F3-long', 'F68', 'F71-fhanik@apache.org', 'F71-markt@apache.org', 'F71-remm@apache.org', 'F71-markt@apache.org =  markt = Mark Emlyn David Thomas markt@apache.org@apache.org', 'F22', 'F3-Reader', 'F3-Session', 'F15-public', 'F25', 'F3-boolean', 'F3-int', 'F3-String', 'F15-protected', 'F71-funkman@apache.org', 'F15-private', 'F71-slaurent@apache.org', 'F101', 'F71-timw@apache.org', 'F77', 'F71-schultz@apache.org', 'F3-key.getSql()', 'F65', 'F71-billbarker@apache.org', 'F71-violetagg@apache.org', 'F3-Class<?>[]', 'F3-Integer', 'F71-kfujino@apache.org', 'F105', 'F71-costin@apache.org', 'F71-jhook@apache.org'}
     F72           ...           F71-slaurent@apache.org
1   3354           ...                                 0
2  17995           ...                                 0
3  17995           ...                                 0

[3 rows x 55 columns]
;.;
   F72           ...             F71-slaurent@apache.org
0  0.0           ...                                 0.0
1  1.0           ...                                 0.0
2  1.0           ...                                 0.0

[3 rows x 55 columns]
training_x: (1435, 55)
training_y: 1435
testset_x: (67, 55)
testset_y: 67
              precision    recall  f1-score   support

           0       0.50      0.23      0.31        31
           1       0.55      0.81      0.65        36

    accuracy                           0.54        67
   macro avg       0.52      0.52      0.48        67
weighted avg       0.53      0.54      0.49        67

accuracy: 0.5373134328358209
0.651685393258427
@@@ tn: 7, fp: 24, fn: 7, tp: 29
@@@ LIME - Creating explainer
@@@ LIME - Random Sampling of Instances
iter: 0, sample_no: 64, actual label: 1, predicted: 1
iter: 1, sample_no: 28, actual label: 0, predicted: 1
iter: 2, sample_no: 42, actual label: 0, predicted: 1
iter: 3, sample_no: 34, actual label: 0, predicted: 1
iter: 4, sample_no: 43, actual label: 0, predicted: 0
iter: 5, sample_no: 37, actual label: 0, predicted: 0
iter: 6, sample_no: 27, actual label: 0, predicted: 1
iter: 7, sample_no: 44, actual label: 1, predicted: 1
iter: 8, sample_no: 12, actual label: 1, predicted: 1
iter: 9, sample_no: 4, actual label: 1, predicted: 0
iter: 10, sample_no: 63, actual label: 1, predicted: 1
iter: 11, sample_no: 24, actual label: 0, predicted: 1
iter: 12, sample_no: 0, actual label: 0, predicted: 0
iter: 13, sample_no: 25, actual label: 0, predicted: 1
iter: 14, sample_no: 25, actual label: 0, predicted: 1
iter: 15, sample_no: 13, actual label: 1, predicted: 1
iter: 16, sample_no: 48, actual label: 0, predicted: 1
iter: 17, sample_no: 54, actual label: 0, predicted: 1
iter: 18, sample_no: 64, actual label: 1, predicted: 1
iter: 19, sample_no: 28, actual label: 0, predicted: 1
iter: 20, sample_no: 34, actual label: 0, predicted: 1
iter: 21, sample_no: 15, actual label: 1, predicted: 1
iter: 22, sample_no: 37, actual label: 0, predicted: 0
iter: 23, sample_no: 65, actual label: 1, predicted: 1
iter: 24, sample_no: 15, actual label: 1, predicted: 1
number of samples: 67
AUC 0.3870967741935484
pos_get 36
total recall stop_at 1
@@@ C - Repeat number: 2
will not use leaked features
@@@ D - common_header:  {'F71-jboynes@apache.org', 'category', 'F15-NA', 'F3-ELContext', 'F71-rjung@apache.org', 'F3-Object', 'F3-NA', 'F126', 'F41', 'F71-jfclere@apache.org', 'F3-byte[]', 'F3-InputStream', 'F71-kkolinko@apache.org', 'F71-fschumacher@apache.org', 'F72', 'F123', 'F3-PooledConnectionAndInfo', 'F71-pero@apache.org', 'F3-ObjectName', 'F3-MappedHost[]', 'F3-Object[]', 'F104', 'F3-String[]', 'F71-mturk@apache.org', 'F3-long', 'F68', 'F71-fhanik@apache.org', 'F71-markt@apache.org', 'F71-remm@apache.org', 'F71-markt@apache.org =  markt = Mark Emlyn David Thomas markt@apache.org@apache.org', 'F22', 'F3-Reader', 'F3-Session', 'F15-public', 'F25', 'F3-boolean', 'F3-int', 'F3-String', 'F15-protected', 'F71-funkman@apache.org', 'F15-private', 'F71-slaurent@apache.org', 'F101', 'F71-timw@apache.org', 'F77', 'F71-schultz@apache.org', 'F3-key.getSql()', 'F65', 'F71-billbarker@apache.org', 'F71-violetagg@apache.org', 'F3-Class<?>[]', 'F3-Integer', 'F71-kfujino@apache.org', 'F105', 'F71-costin@apache.org', 'F71-jhook@apache.org'}
     F72           ...           F71-slaurent@apache.org
1   3354           ...                                 0
2  17995           ...                                 0
3  17995           ...                                 0

[3 rows x 55 columns]
;.;
   F72           ...             F71-slaurent@apache.org
0  0.0           ...                                 0.0
1  1.0           ...                                 0.0
2  1.0           ...                                 0.0

[3 rows x 55 columns]
training_x: (1435, 55)
training_y: 1435
testset_x: (67, 55)
testset_y: 67
              precision    recall  f1-score   support

           0       0.50      0.23      0.31        31
           1       0.55      0.81      0.65        36

    accuracy                           0.54        67
   macro avg       0.52      0.52      0.48        67
weighted avg       0.53      0.54      0.49        67

accuracy: 0.5373134328358209
0.651685393258427
@@@ tn: 7, fp: 24, fn: 7, tp: 29
@@@ LIME - Creating explainer
@@@ LIME - Random Sampling of Instances
iter: 0, sample_no: 35, actual label: 0, predicted: 1
iter: 1, sample_no: 1, actual label: 1, predicted: 1
iter: 2, sample_no: 10, actual label: 1, predicted: 0
iter: 3, sample_no: 16, actual label: 1, predicted: 1
iter: 4, sample_no: 25, actual label: 0, predicted: 1
iter: 5, sample_no: 57, actual label: 0, predicted: 1
iter: 6, sample_no: 65, actual label: 1, predicted: 1
iter: 7, sample_no: 65, actual label: 1, predicted: 1
iter: 8, sample_no: 59, actual label: 0, predicted: 1
iter: 9, sample_no: 56, actual label: 1, predicted: 1
iter: 10, sample_no: 12, actual label: 1, predicted: 1
iter: 11, sample_no: 65, actual label: 1, predicted: 1
iter: 12, sample_no: 20, actual label: 1, predicted: 1
iter: 13, sample_no: 22, actual label: 0, predicted: 0
iter: 14, sample_no: 20, actual label: 1, predicted: 1
iter: 15, sample_no: 3, actual label: 1, predicted: 1
iter: 16, sample_no: 25, actual label: 0, predicted: 1
iter: 17, sample_no: 5, actual label: 1, predicted: 1
iter: 18, sample_no: 28, actual label: 0, predicted: 1
iter: 19, sample_no: 65, actual label: 1, predicted: 1
iter: 20, sample_no: 46, actual label: 1, predicted: 1
iter: 21, sample_no: 56, actual label: 1, predicted: 1
iter: 22, sample_no: 61, actual label: 1, predicted: 1
iter: 23, sample_no: 27, actual label: 0, predicted: 1
iter: 24, sample_no: 16, actual label: 1, predicted: 1
number of samples: 67
AUC 0.38888888888888884
pos_get 36
total recall stop_at 1
@@@ C - Repeat number: 3
will not use leaked features
@@@ D - common_header:  {'F71-jboynes@apache.org', 'category', 'F15-NA', 'F3-ELContext', 'F71-rjung@apache.org', 'F3-Object', 'F3-NA', 'F126', 'F41', 'F71-jfclere@apache.org', 'F3-byte[]', 'F3-InputStream', 'F71-kkolinko@apache.org', 'F71-fschumacher@apache.org', 'F72', 'F123', 'F3-PooledConnectionAndInfo', 'F71-pero@apache.org', 'F3-ObjectName', 'F3-MappedHost[]', 'F3-Object[]', 'F104', 'F3-String[]', 'F71-mturk@apache.org', 'F3-long', 'F68', 'F71-fhanik@apache.org', 'F71-markt@apache.org', 'F71-remm@apache.org', 'F71-markt@apache.org =  markt = Mark Emlyn David Thomas markt@apache.org@apache.org', 'F22', 'F3-Reader', 'F3-Session', 'F15-public', 'F25', 'F3-boolean', 'F3-int', 'F3-String', 'F15-protected', 'F71-funkman@apache.org', 'F15-private', 'F71-slaurent@apache.org', 'F101', 'F71-timw@apache.org', 'F77', 'F71-schultz@apache.org', 'F3-key.getSql()', 'F65', 'F71-billbarker@apache.org', 'F71-violetagg@apache.org', 'F3-Class<?>[]', 'F3-Integer', 'F71-kfujino@apache.org', 'F105', 'F71-costin@apache.org', 'F71-jhook@apache.org'}
     F72           ...           F71-slaurent@apache.org
1   3354           ...                                 0
2  17995           ...                                 0
3  17995           ...                                 0

[3 rows x 55 columns]
;.;
   F72           ...             F71-slaurent@apache.org
0  0.0           ...                                 0.0
1  1.0           ...                                 0.0
2  1.0           ...                                 0.0

[3 rows x 55 columns]
training_x: (1435, 55)
training_y: 1435
testset_x: (67, 55)
testset_y: 67
              precision    recall  f1-score   support

           0       0.50      0.23      0.31        31
           1       0.55      0.81      0.65        36

    accuracy                           0.54        67
   macro avg       0.52      0.52      0.48        67
weighted avg       0.53      0.54      0.49        67

accuracy: 0.5373134328358209
0.651685393258427
@@@ tn: 7, fp: 24, fn: 7, tp: 29
@@@ LIME - Creating explainer
@@@ LIME - Random Sampling of Instances
iter: 0, sample_no: 30, actual label: 0, predicted: 1
iter: 1, sample_no: 63, actual label: 1, predicted: 1
iter: 2, sample_no: 22, actual label: 0, predicted: 0
iter: 3, sample_no: 2, actual label: 1, predicted: 1
iter: 4, sample_no: 8, actual label: 1, predicted: 0
iter: 5, sample_no: 56, actual label: 1, predicted: 1
iter: 6, sample_no: 20, actual label: 1, predicted: 1
iter: 7, sample_no: 45, actual label: 1, predicted: 1
iter: 8, sample_no: 51, actual label: 0, predicted: 1
iter: 9, sample_no: 54, actual label: 0, predicted: 1
iter: 10, sample_no: 47, actual label: 0, predicted: 1
iter: 11, sample_no: 25, actual label: 0, predicted: 1
iter: 12, sample_no: 60, actual label: 1, predicted: 1
iter: 13, sample_no: 20, actual label: 1, predicted: 1
iter: 14, sample_no: 13, actual label: 1, predicted: 1
iter: 15, sample_no: 62, actual label: 1, predicted: 1
iter: 16, sample_no: 40, actual label: 1, predicted: 1
iter: 17, sample_no: 18, actual label: 1, predicted: 1
iter: 18, sample_no: 63, actual label: 1, predicted: 1
iter: 19, sample_no: 3, actual label: 1, predicted: 1
iter: 20, sample_no: 38, actual label: 1, predicted: 1
iter: 21, sample_no: 56, actual label: 1, predicted: 1
iter: 22, sample_no: 4, actual label: 1, predicted: 0
iter: 23, sample_no: 26, actual label: 0, predicted: 1
iter: 24, sample_no: 36, actual label: 0, predicted: 0
number of samples: 67
AUC 0.3870967741935484
pos_get 36
total recall stop_at 1
@@@ C - Repeat number: 4
will not use leaked features
@@@ D - common_header:  {'F71-jboynes@apache.org', 'category', 'F15-NA', 'F3-ELContext', 'F71-rjung@apache.org', 'F3-Object', 'F3-NA', 'F126', 'F41', 'F71-jfclere@apache.org', 'F3-byte[]', 'F3-InputStream', 'F71-kkolinko@apache.org', 'F71-fschumacher@apache.org', 'F72', 'F123', 'F3-PooledConnectionAndInfo', 'F71-pero@apache.org', 'F3-ObjectName', 'F3-MappedHost[]', 'F3-Object[]', 'F104', 'F3-String[]', 'F71-mturk@apache.org', 'F3-long', 'F68', 'F71-fhanik@apache.org', 'F71-markt@apache.org', 'F71-remm@apache.org', 'F71-markt@apache.org =  markt = Mark Emlyn David Thomas markt@apache.org@apache.org', 'F22', 'F3-Reader', 'F3-Session', 'F15-public', 'F25', 'F3-boolean', 'F3-int', 'F3-String', 'F15-protected', 'F71-funkman@apache.org', 'F15-private', 'F71-slaurent@apache.org', 'F101', 'F71-timw@apache.org', 'F77', 'F71-schultz@apache.org', 'F3-key.getSql()', 'F65', 'F71-billbarker@apache.org', 'F71-violetagg@apache.org', 'F3-Class<?>[]', 'F3-Integer', 'F71-kfujino@apache.org', 'F105', 'F71-costin@apache.org', 'F71-jhook@apache.org'}
     F72           ...           F71-slaurent@apache.org
1   3354           ...                                 0
2  17995           ...                                 0
3  17995           ...                                 0

[3 rows x 55 columns]
;.;
   F72           ...             F71-slaurent@apache.org
0  0.0           ...                                 0.0
1  1.0           ...                                 0.0
2  1.0           ...                                 0.0

[3 rows x 55 columns]
training_x: (1435, 55)
training_y: 1435
testset_x: (67, 55)
testset_y: 67
              precision    recall  f1-score   support

           0       0.50      0.23      0.31        31
           1       0.55      0.81      0.65        36

    accuracy                           0.54        67
   macro avg       0.52      0.52      0.48        67
weighted avg       0.53      0.54      0.49        67

accuracy: 0.5373134328358209
0.651685393258427
@@@ tn: 7, fp: 24, fn: 7, tp: 29
@@@ LIME - Creating explainer
@@@ LIME - Random Sampling of Instances
iter: 0, sample_no: 40, actual label: 1, predicted: 1
iter: 1, sample_no: 46, actual label: 1, predicted: 1
iter: 2, sample_no: 28, actual label: 0, predicted: 1
iter: 3, sample_no: 43, actual label: 0, predicted: 0
iter: 4, sample_no: 38, actual label: 1, predicted: 1
iter: 5, sample_no: 9, actual label: 0, predicted: 0
iter: 6, sample_no: 66, actual label: 0, predicted: 1
iter: 7, sample_no: 62, actual label: 1, predicted: 1
iter: 8, sample_no: 13, actual label: 1, predicted: 1
iter: 9, sample_no: 63, actual label: 1, predicted: 1
iter: 10, sample_no: 18, actual label: 1, predicted: 1
iter: 11, sample_no: 13, actual label: 1, predicted: 1
iter: 12, sample_no: 40, actual label: 1, predicted: 1
iter: 13, sample_no: 0, actual label: 0, predicted: 0
iter: 14, sample_no: 31, actual label: 0, predicted: 1
iter: 15, sample_no: 47, actual label: 0, predicted: 1
iter: 16, sample_no: 2, actual label: 1, predicted: 1
iter: 17, sample_no: 66, actual label: 0, predicted: 1
iter: 18, sample_no: 45, actual label: 1, predicted: 1
iter: 19, sample_no: 21, actual label: 1, predicted: 0
iter: 20, sample_no: 18, actual label: 1, predicted: 1
iter: 21, sample_no: 2, actual label: 1, predicted: 1
iter: 22, sample_no: 34, actual label: 0, predicted: 1
iter: 23, sample_no: 29, actual label: 0, predicted: 1
iter: 24, sample_no: 24, actual label: 0, predicted: 1
number of samples: 67
AUC 0.3870967741935484
pos_get 36
total recall stop_at 1
@@@ C - Repeat number: 5
will not use leaked features
@@@ D - common_header:  {'F71-jboynes@apache.org', 'category', 'F15-NA', 'F3-ELContext', 'F71-rjung@apache.org', 'F3-Object', 'F3-NA', 'F126', 'F41', 'F71-jfclere@apache.org', 'F3-byte[]', 'F3-InputStream', 'F71-kkolinko@apache.org', 'F71-fschumacher@apache.org', 'F72', 'F123', 'F3-PooledConnectionAndInfo', 'F71-pero@apache.org', 'F3-ObjectName', 'F3-MappedHost[]', 'F3-Object[]', 'F104', 'F3-String[]', 'F71-mturk@apache.org', 'F3-long', 'F68', 'F71-fhanik@apache.org', 'F71-markt@apache.org', 'F71-remm@apache.org', 'F71-markt@apache.org =  markt = Mark Emlyn David Thomas markt@apache.org@apache.org', 'F22', 'F3-Reader', 'F3-Session', 'F15-public', 'F25', 'F3-boolean', 'F3-int', 'F3-String', 'F15-protected', 'F71-funkman@apache.org', 'F15-private', 'F71-slaurent@apache.org', 'F101', 'F71-timw@apache.org', 'F77', 'F71-schultz@apache.org', 'F3-key.getSql()', 'F65', 'F71-billbarker@apache.org', 'F71-violetagg@apache.org', 'F3-Class<?>[]', 'F3-Integer', 'F71-kfujino@apache.org', 'F105', 'F71-costin@apache.org', 'F71-jhook@apache.org'}
     F72           ...           F71-slaurent@apache.org
1   3354           ...                                 0
2  17995           ...                                 0
3  17995           ...                                 0

[3 rows x 55 columns]
;.;
   F72           ...             F71-slaurent@apache.org
0  0.0           ...                                 0.0
1  1.0           ...                                 0.0
2  1.0           ...                                 0.0

[3 rows x 55 columns]
training_x: (1435, 55)
training_y: 1435
testset_x: (67, 55)
testset_y: 67
              precision    recall  f1-score   support

           0       0.50      0.23      0.31        31
           1       0.55      0.81      0.65        36

    accuracy                           0.54        67
   macro avg       0.52      0.52      0.48        67
weighted avg       0.53      0.54      0.49        67

accuracy: 0.5373134328358209
0.651685393258427
@@@ tn: 7, fp: 24, fn: 7, tp: 29
@@@ LIME - Creating explainer
@@@ LIME - Random Sampling of Instances
iter: 0, sample_no: 6, actual label: 1, predicted: 0
iter: 1, sample_no: 12, actual label: 1, predicted: 1
iter: 2, sample_no: 13, actual label: 1, predicted: 1
iter: 3, sample_no: 44, actual label: 1, predicted: 1
iter: 4, sample_no: 9, actual label: 0, predicted: 0
iter: 5, sample_no: 54, actual label: 0, predicted: 1
iter: 6, sample_no: 39, actual label: 1, predicted: 1
iter: 7, sample_no: 0, actual label: 0, predicted: 0
iter: 8, sample_no: 29, actual label: 0, predicted: 1
iter: 9, sample_no: 32, actual label: 0, predicted: 1
iter: 10, sample_no: 30, actual label: 0, predicted: 1
iter: 11, sample_no: 52, actual label: 0, predicted: 1
iter: 12, sample_no: 62, actual label: 1, predicted: 1
iter: 13, sample_no: 20, actual label: 1, predicted: 1
iter: 14, sample_no: 16, actual label: 1, predicted: 1
iter: 15, sample_no: 63, actual label: 1, predicted: 1
iter: 16, sample_no: 26, actual label: 0, predicted: 1
iter: 17, sample_no: 24, actual label: 0, predicted: 1
iter: 18, sample_no: 18, actual label: 1, predicted: 1
iter: 19, sample_no: 55, actual label: 1, predicted: 1
iter: 20, sample_no: 12, actual label: 1, predicted: 1
iter: 21, sample_no: 31, actual label: 0, predicted: 1
iter: 22, sample_no: 16, actual label: 1, predicted: 1
iter: 23, sample_no: 8, actual label: 1, predicted: 0
iter: 24, sample_no: 66, actual label: 0, predicted: 1
number of samples: 67
AUC 0.3870967741935484
pos_get 36
total recall stop_at 1
@@@ C - Repeat number: 6
will not use leaked features
@@@ D - common_header:  {'F71-jboynes@apache.org', 'category', 'F15-NA', 'F3-ELContext', 'F71-rjung@apache.org', 'F3-Object', 'F3-NA', 'F126', 'F41', 'F71-jfclere@apache.org', 'F3-byte[]', 'F3-InputStream', 'F71-kkolinko@apache.org', 'F71-fschumacher@apache.org', 'F72', 'F123', 'F3-PooledConnectionAndInfo', 'F71-pero@apache.org', 'F3-ObjectName', 'F3-MappedHost[]', 'F3-Object[]', 'F104', 'F3-String[]', 'F71-mturk@apache.org', 'F3-long', 'F68', 'F71-fhanik@apache.org', 'F71-markt@apache.org', 'F71-remm@apache.org', 'F71-markt@apache.org =  markt = Mark Emlyn David Thomas markt@apache.org@apache.org', 'F22', 'F3-Reader', 'F3-Session', 'F15-public', 'F25', 'F3-boolean', 'F3-int', 'F3-String', 'F15-protected', 'F71-funkman@apache.org', 'F15-private', 'F71-slaurent@apache.org', 'F101', 'F71-timw@apache.org', 'F77', 'F71-schultz@apache.org', 'F3-key.getSql()', 'F65', 'F71-billbarker@apache.org', 'F71-violetagg@apache.org', 'F3-Class<?>[]', 'F3-Integer', 'F71-kfujino@apache.org', 'F105', 'F71-costin@apache.org', 'F71-jhook@apache.org'}
     F72           ...           F71-slaurent@apache.org
1   3354           ...                                 0
2  17995           ...                                 0
3  17995           ...                                 0

[3 rows x 55 columns]
;.;
   F72           ...             F71-slaurent@apache.org
0  0.0           ...                                 0.0
1  1.0           ...                                 0.0
2  1.0           ...                                 0.0

[3 rows x 55 columns]
training_x: (1435, 55)
training_y: 1435
testset_x: (67, 55)
testset_y: 67
              precision    recall  f1-score   support

           0       0.50      0.23      0.31        31
           1       0.55      0.81      0.65        36

    accuracy                           0.54        67
   macro avg       0.52      0.52      0.48        67
weighted avg       0.53      0.54      0.49        67

accuracy: 0.5373134328358209
0.651685393258427
@@@ tn: 7, fp: 24, fn: 7, tp: 29
@@@ LIME - Creating explainer
@@@ LIME - Random Sampling of Instances
iter: 0, sample_no: 51, actual label: 0, predicted: 1
iter: 1, sample_no: 36, actual label: 0, predicted: 0
iter: 2, sample_no: 57, actual label: 0, predicted: 1
iter: 3, sample_no: 61, actual label: 1, predicted: 1
iter: 4, sample_no: 30, actual label: 0, predicted: 1
iter: 5, sample_no: 5, actual label: 1, predicted: 1
iter: 6, sample_no: 16, actual label: 1, predicted: 1
iter: 7, sample_no: 44, actual label: 1, predicted: 1
iter: 8, sample_no: 11, actual label: 0, predicted: 0
iter: 9, sample_no: 25, actual label: 0, predicted: 1
iter: 10, sample_no: 24, actual label: 0, predicted: 1
iter: 11, sample_no: 18, actual label: 1, predicted: 1
iter: 12, sample_no: 45, actual label: 1, predicted: 1
iter: 13, sample_no: 27, actual label: 0, predicted: 1
iter: 14, sample_no: 5, actual label: 1, predicted: 1
iter: 15, sample_no: 19, actual label: 1, predicted: 1
iter: 16, sample_no: 48, actual label: 0, predicted: 1
iter: 17, sample_no: 37, actual label: 0, predicted: 0
iter: 18, sample_no: 55, actual label: 1, predicted: 1
iter: 19, sample_no: 5, actual label: 1, predicted: 1
iter: 20, sample_no: 5, actual label: 1, predicted: 1
iter: 21, sample_no: 4, actual label: 1, predicted: 0
iter: 22, sample_no: 13, actual label: 1, predicted: 1
iter: 23, sample_no: 8, actual label: 1, predicted: 0
iter: 24, sample_no: 34, actual label: 0, predicted: 1
number of samples: 67
AUC 0.3870967741935484
pos_get 36
total recall stop_at 1
@@@ C - Repeat number: 7
will not use leaked features
@@@ D - common_header:  {'F71-jboynes@apache.org', 'category', 'F15-NA', 'F3-ELContext', 'F71-rjung@apache.org', 'F3-Object', 'F3-NA', 'F126', 'F41', 'F71-jfclere@apache.org', 'F3-byte[]', 'F3-InputStream', 'F71-kkolinko@apache.org', 'F71-fschumacher@apache.org', 'F72', 'F123', 'F3-PooledConnectionAndInfo', 'F71-pero@apache.org', 'F3-ObjectName', 'F3-MappedHost[]', 'F3-Object[]', 'F104', 'F3-String[]', 'F71-mturk@apache.org', 'F3-long', 'F68', 'F71-fhanik@apache.org', 'F71-markt@apache.org', 'F71-remm@apache.org', 'F71-markt@apache.org =  markt = Mark Emlyn David Thomas markt@apache.org@apache.org', 'F22', 'F3-Reader', 'F3-Session', 'F15-public', 'F25', 'F3-boolean', 'F3-int', 'F3-String', 'F15-protected', 'F71-funkman@apache.org', 'F15-private', 'F71-slaurent@apache.org', 'F101', 'F71-timw@apache.org', 'F77', 'F71-schultz@apache.org', 'F3-key.getSql()', 'F65', 'F71-billbarker@apache.org', 'F71-violetagg@apache.org', 'F3-Class<?>[]', 'F3-Integer', 'F71-kfujino@apache.org', 'F105', 'F71-costin@apache.org', 'F71-jhook@apache.org'}
     F72           ...           F71-slaurent@apache.org
1   3354           ...                                 0
2  17995           ...                                 0
3  17995           ...                                 0

[3 rows x 55 columns]
;.;
   F72           ...             F71-slaurent@apache.org
0  0.0           ...                                 0.0
1  1.0           ...                                 0.0
2  1.0           ...                                 0.0

[3 rows x 55 columns]
training_x: (1435, 55)
training_y: 1435
testset_x: (67, 55)
testset_y: 67
              precision    recall  f1-score   support

           0       0.50      0.23      0.31        31
           1       0.55      0.81      0.65        36

    accuracy                           0.54        67
   macro avg       0.52      0.52      0.48        67
weighted avg       0.53      0.54      0.49        67

accuracy: 0.5373134328358209
0.651685393258427
@@@ tn: 7, fp: 24, fn: 7, tp: 29
@@@ LIME - Creating explainer
@@@ LIME - Random Sampling of Instances
iter: 0, sample_no: 45, actual label: 1, predicted: 1
iter: 1, sample_no: 7, actual label: 1, predicted: 1
iter: 2, sample_no: 63, actual label: 1, predicted: 1
iter: 3, sample_no: 34, actual label: 0, predicted: 1
iter: 4, sample_no: 59, actual label: 0, predicted: 1
iter: 5, sample_no: 63, actual label: 1, predicted: 1
iter: 6, sample_no: 0, actual label: 0, predicted: 0
iter: 7, sample_no: 59, actual label: 0, predicted: 1
iter: 8, sample_no: 44, actual label: 1, predicted: 1
iter: 9, sample_no: 29, actual label: 0, predicted: 1
iter: 10, sample_no: 7, actual label: 1, predicted: 1
iter: 11, sample_no: 15, actual label: 1, predicted: 1
iter: 12, sample_no: 20, actual label: 1, predicted: 1
iter: 13, sample_no: 25, actual label: 0, predicted: 1
iter: 14, sample_no: 25, actual label: 0, predicted: 1
iter: 15, sample_no: 30, actual label: 0, predicted: 1
iter: 16, sample_no: 5, actual label: 1, predicted: 1
iter: 17, sample_no: 1, actual label: 1, predicted: 1
iter: 18, sample_no: 3, actual label: 1, predicted: 1
iter: 19, sample_no: 19, actual label: 1, predicted: 1
iter: 20, sample_no: 6, actual label: 1, predicted: 0
iter: 21, sample_no: 65, actual label: 1, predicted: 1
iter: 22, sample_no: 64, actual label: 1, predicted: 1
iter: 23, sample_no: 40, actual label: 1, predicted: 1
iter: 24, sample_no: 51, actual label: 0, predicted: 1
number of samples: 67
AUC 0.3870967741935484
pos_get 36
total recall stop_at 1
@@@ C - Repeat number: 8
will not use leaked features
@@@ D - common_header:  {'F71-jboynes@apache.org', 'category', 'F15-NA', 'F3-ELContext', 'F71-rjung@apache.org', 'F3-Object', 'F3-NA', 'F126', 'F41', 'F71-jfclere@apache.org', 'F3-byte[]', 'F3-InputStream', 'F71-kkolinko@apache.org', 'F71-fschumacher@apache.org', 'F72', 'F123', 'F3-PooledConnectionAndInfo', 'F71-pero@apache.org', 'F3-ObjectName', 'F3-MappedHost[]', 'F3-Object[]', 'F104', 'F3-String[]', 'F71-mturk@apache.org', 'F3-long', 'F68', 'F71-fhanik@apache.org', 'F71-markt@apache.org', 'F71-remm@apache.org', 'F71-markt@apache.org =  markt = Mark Emlyn David Thomas markt@apache.org@apache.org', 'F22', 'F3-Reader', 'F3-Session', 'F15-public', 'F25', 'F3-boolean', 'F3-int', 'F3-String', 'F15-protected', 'F71-funkman@apache.org', 'F15-private', 'F71-slaurent@apache.org', 'F101', 'F71-timw@apache.org', 'F77', 'F71-schultz@apache.org', 'F3-key.getSql()', 'F65', 'F71-billbarker@apache.org', 'F71-violetagg@apache.org', 'F3-Class<?>[]', 'F3-Integer', 'F71-kfujino@apache.org', 'F105', 'F71-costin@apache.org', 'F71-jhook@apache.org'}
     F72           ...           F71-slaurent@apache.org
1   3354           ...                                 0
2  17995           ...                                 0
3  17995           ...                                 0

[3 rows x 55 columns]
;.;
   F72           ...             F71-slaurent@apache.org
0  0.0           ...                                 0.0
1  1.0           ...                                 0.0
2  1.0           ...                                 0.0

[3 rows x 55 columns]
training_x: (1435, 55)
training_y: 1435
testset_x: (67, 55)
testset_y: 67
              precision    recall  f1-score   support

           0       0.50      0.23      0.31        31
           1       0.55      0.81      0.65        36

    accuracy                           0.54        67
   macro avg       0.52      0.52      0.48        67
weighted avg       0.53      0.54      0.49        67

accuracy: 0.5373134328358209
0.651685393258427
@@@ tn: 7, fp: 24, fn: 7, tp: 29
@@@ LIME - Creating explainer
@@@ LIME - Random Sampling of Instances
iter: 0, sample_no: 11, actual label: 0, predicted: 0
iter: 1, sample_no: 10, actual label: 1, predicted: 0
iter: 2, sample_no: 60, actual label: 1, predicted: 1
iter: 3, sample_no: 65, actual label: 1, predicted: 1
iter: 4, sample_no: 10, actual label: 1, predicted: 0
iter: 5, sample_no: 37, actual label: 0, predicted: 0
iter: 6, sample_no: 23, actual label: 1, predicted: 0
iter: 7, sample_no: 23, actual label: 1, predicted: 0
iter: 8, sample_no: 37, actual label: 0, predicted: 0
iter: 9, sample_no: 9, actual label: 0, predicted: 0
iter: 10, sample_no: 65, actual label: 1, predicted: 1
iter: 11, sample_no: 37, actual label: 0, predicted: 0
iter: 12, sample_no: 22, actual label: 0, predicted: 0
iter: 13, sample_no: 50, actual label: 0, predicted: 1
iter: 14, sample_no: 66, actual label: 0, predicted: 1
iter: 15, sample_no: 55, actual label: 1, predicted: 1
iter: 16, sample_no: 6, actual label: 1, predicted: 0
iter: 17, sample_no: 34, actual label: 0, predicted: 1
iter: 18, sample_no: 40, actual label: 1, predicted: 1
iter: 19, sample_no: 33, actual label: 1, predicted: 1
iter: 20, sample_no: 8, actual label: 1, predicted: 0
iter: 21, sample_no: 28, actual label: 0, predicted: 1
iter: 22, sample_no: 16, actual label: 1, predicted: 1
iter: 23, sample_no: 56, actual label: 1, predicted: 1
iter: 24, sample_no: 38, actual label: 1, predicted: 1
number of samples: 67
AUC 0.38799283154121866
pos_get 36
total recall stop_at 1
@@@ C - Repeat number: 9
will not use leaked features
@@@ D - common_header:  {'F71-jboynes@apache.org', 'category', 'F15-NA', 'F3-ELContext', 'F71-rjung@apache.org', 'F3-Object', 'F3-NA', 'F126', 'F41', 'F71-jfclere@apache.org', 'F3-byte[]', 'F3-InputStream', 'F71-kkolinko@apache.org', 'F71-fschumacher@apache.org', 'F72', 'F123', 'F3-PooledConnectionAndInfo', 'F71-pero@apache.org', 'F3-ObjectName', 'F3-MappedHost[]', 'F3-Object[]', 'F104', 'F3-String[]', 'F71-mturk@apache.org', 'F3-long', 'F68', 'F71-fhanik@apache.org', 'F71-markt@apache.org', 'F71-remm@apache.org', 'F71-markt@apache.org =  markt = Mark Emlyn David Thomas markt@apache.org@apache.org', 'F22', 'F3-Reader', 'F3-Session', 'F15-public', 'F25', 'F3-boolean', 'F3-int', 'F3-String', 'F15-protected', 'F71-funkman@apache.org', 'F15-private', 'F71-slaurent@apache.org', 'F101', 'F71-timw@apache.org', 'F77', 'F71-schultz@apache.org', 'F3-key.getSql()', 'F65', 'F71-billbarker@apache.org', 'F71-violetagg@apache.org', 'F3-Class<?>[]', 'F3-Integer', 'F71-kfujino@apache.org', 'F105', 'F71-costin@apache.org', 'F71-jhook@apache.org'}
     F72           ...           F71-slaurent@apache.org
1   3354           ...                                 0
2  17995           ...                                 0
3  17995           ...                                 0

[3 rows x 55 columns]
;.;
   F72           ...             F71-slaurent@apache.org
0  0.0           ...                                 0.0
1  1.0           ...                                 0.0
2  1.0           ...                                 0.0

[3 rows x 55 columns]
training_x: (1435, 55)
training_y: 1435
testset_x: (67, 55)
testset_y: 67
              precision    recall  f1-score   support

           0       0.50      0.23      0.31        31
           1       0.55      0.81      0.65        36

    accuracy                           0.54        67
   macro avg       0.52      0.52      0.48        67
weighted avg       0.53      0.54      0.49        67

accuracy: 0.5373134328358209
0.651685393258427
@@@ tn: 7, fp: 24, fn: 7, tp: 29
@@@ LIME - Creating explainer
@@@ LIME - Random Sampling of Instances
iter: 0, sample_no: 57, actual label: 0, predicted: 1
iter: 1, sample_no: 28, actual label: 0, predicted: 1
iter: 2, sample_no: 24, actual label: 0, predicted: 1
iter: 3, sample_no: 33, actual label: 1, predicted: 1
iter: 4, sample_no: 16, actual label: 1, predicted: 1
iter: 5, sample_no: 14, actual label: 1, predicted: 1
iter: 6, sample_no: 54, actual label: 0, predicted: 1
iter: 7, sample_no: 58, actual label: 0, predicted: 1
iter: 8, sample_no: 28, actual label: 0, predicted: 1
iter: 9, sample_no: 63, actual label: 1, predicted: 1
iter: 10, sample_no: 15, actual label: 1, predicted: 1
iter: 11, sample_no: 55, actual label: 1, predicted: 1
iter: 12, sample_no: 26, actual label: 0, predicted: 1
iter: 13, sample_no: 52, actual label: 0, predicted: 1
iter: 14, sample_no: 65, actual label: 1, predicted: 1
iter: 15, sample_no: 27, actual label: 0, predicted: 1
iter: 16, sample_no: 13, actual label: 1, predicted: 1
iter: 17, sample_no: 38, actual label: 1, predicted: 1
iter: 18, sample_no: 29, actual label: 0, predicted: 1
iter: 19, sample_no: 27, actual label: 0, predicted: 1
iter: 20, sample_no: 65, actual label: 1, predicted: 1
iter: 21, sample_no: 66, actual label: 0, predicted: 1
iter: 22, sample_no: 65, actual label: 1, predicted: 1
iter: 23, sample_no: 62, actual label: 1, predicted: 1
iter: 24, sample_no: 25, actual label: 0, predicted: 1
number of samples: 67
AUC 0.3870967741935484
pos_get 36
total recall stop_at 1
@@@ C - Repeat number: 10
will not use leaked features
@@@ D - common_header:  {'F71-jboynes@apache.org', 'category', 'F15-NA', 'F3-ELContext', 'F71-rjung@apache.org', 'F3-Object', 'F3-NA', 'F126', 'F41', 'F71-jfclere@apache.org', 'F3-byte[]', 'F3-InputStream', 'F71-kkolinko@apache.org', 'F71-fschumacher@apache.org', 'F72', 'F123', 'F3-PooledConnectionAndInfo', 'F71-pero@apache.org', 'F3-ObjectName', 'F3-MappedHost[]', 'F3-Object[]', 'F104', 'F3-String[]', 'F71-mturk@apache.org', 'F3-long', 'F68', 'F71-fhanik@apache.org', 'F71-markt@apache.org', 'F71-remm@apache.org', 'F71-markt@apache.org =  markt = Mark Emlyn David Thomas markt@apache.org@apache.org', 'F22', 'F3-Reader', 'F3-Session', 'F15-public', 'F25', 'F3-boolean', 'F3-int', 'F3-String', 'F15-protected', 'F71-funkman@apache.org', 'F15-private', 'F71-slaurent@apache.org', 'F101', 'F71-timw@apache.org', 'F77', 'F71-schultz@apache.org', 'F3-key.getSql()', 'F65', 'F71-billbarker@apache.org', 'F71-violetagg@apache.org', 'F3-Class<?>[]', 'F3-Integer', 'F71-kfujino@apache.org', 'F105', 'F71-costin@apache.org', 'F71-jhook@apache.org'}
     F72           ...           F71-slaurent@apache.org
1   3354           ...                                 0
2  17995           ...                                 0
3  17995           ...                                 0

[3 rows x 55 columns]
;.;
   F72           ...             F71-slaurent@apache.org
0  0.0           ...                                 0.0
1  1.0           ...                                 0.0
2  1.0           ...                                 0.0

[3 rows x 55 columns]
training_x: (1435, 55)
training_y: 1435
testset_x: (67, 55)
testset_y: 67
              precision    recall  f1-score   support

           0       0.50      0.23      0.31        31
           1       0.55      0.81      0.65        36

    accuracy                           0.54        67
   macro avg       0.52      0.52      0.48        67
weighted avg       0.53      0.54      0.49        67

accuracy: 0.5373134328358209
0.651685393258427
@@@ tn: 7, fp: 24, fn: 7, tp: 29
@@@ LIME - Creating explainer
@@@ LIME - Random Sampling of Instances
/Users/author1/anaconda3/lib/python3.6/site-packages/tensorflow/python/framework/dtypes.py:463: FutureWarning: Passing (type, 1) or '1type' as a synonym of type is deprecated; in a future version of numpy, it will be understood as (type, (1,)) / '(1,)type'.
  _np_qint8 = np.dtype([("qint8", np.int8, 1)])
/Users/author1/anaconda3/lib/python3.6/site-packages/tensorflow/python/framework/dtypes.py:464: FutureWarning: Passing (type, 1) or '1type' as a synonym of type is deprecated; in a future version of numpy, it will be understood as (type, (1,)) / '(1,)type'.
  _np_quint8 = np.dtype([("quint8", np.uint8, 1)])
/Users/author1/anaconda3/lib/python3.6/site-packages/tensorflow/python/framework/dtypes.py:465: FutureWarning: Passing (type, 1) or '1type' as a synonym of type is deprecated; in a future version of numpy, it will be understood as (type, (1,)) / '(1,)type'.
  _np_qint16 = np.dtype([("qint16", np.int16, 1)])
/Users/author1/anaconda3/lib/python3.6/site-packages/tensorflow/python/framework/dtypes.py:466: FutureWarning: Passing (type, 1) or '1type' as a synonym of type is deprecated; in a future version of numpy, it will be understood as (type, (1,)) / '(1,)type'.
  _np_quint16 = np.dtype([("quint16", np.uint16, 1)])
/Users/author1/anaconda3/lib/python3.6/site-packages/tensorflow/python/framework/dtypes.py:467: FutureWarning: Passing (type, 1) or '1type' as a synonym of type is deprecated; in a future version of numpy, it will be understood as (type, (1,)) / '(1,)type'.
  _np_qint32 = np.dtype([("qint32", np.int32, 1)])
iter: 0, sample_no: 28, actual label: 0, predicted: 1
iter: 1, sample_no: 0, actual label: 0, predicted: 0
iter: 2, sample_no: 16, actual label: 1, predicted: 1
iter: 3, sample_no: 51, actual label: 0, predicted: 1
iter: 4, sample_no: 36, actual label: 0, predicted: 0
iter: 5, sample_no: 3, actual label: 1, predicted: 1
iter: 6, sample_no: 51, actual label: 0, predicted: 1
iter: 7, sample_no: 53, actual label: 0, predicted: 1
iter: 8, sample_no: 43, actual label: 0, predicted: 0
iter: 9, sample_no: 62, actual label: 1, predicted: 1
iter: 10, sample_no: 53, actual label: 0, predicted: 1
iter: 11, sample_no: 49, actual label: 0, predicted: 1
iter: 12, sample_no: 43, actual label: 0, predicted: 0
iter: 13, sample_no: 37, actual label: 0, predicted: 0
iter: 14, sample_no: 50, actual label: 0, predicted: 1
iter: 15, sample_no: 48, actual label: 0, predicted: 1
iter: 16, sample_no: 42, actual label: 0, predicted: 1
iter: 17, sample_no: 57, actual label: 0, predicted: 1
iter: 18, sample_no: 14, actual label: 1, predicted: 1
iter: 19, sample_no: 12, actual label: 1, predicted: 1
iter: 20, sample_no: 42, actual label: 0, predicted: 1
iter: 21, sample_no: 58, actual label: 0, predicted: 1
iter: 22, sample_no: 5, actual label: 1, predicted: 1
iter: 23, sample_no: 55, actual label: 1, predicted: 1
iter: 24, sample_no: 1, actual label: 1, predicted: 1
number of samples: 67
AUC 0.3870967741935484
pos_get 36
total recall stop_at 1
----------threshold stop at----------: 1
AUC [0.3870967741935484, 0.38888888888888884, 0.3870967741935484, 0.3870967741935484, 0.3870967741935484, 0.3870967741935484, 0.3870967741935484, 0.38799283154121866, 0.3870967741935484, 0.3870967741935484]
AUC_median 0.3870967741935484
AUC_iqr 0.0
cost [1, 1, 1, 1, 1, 1, 1, 1, 1, 1]
COST_med 1.0
COST_iqr 0.0
f1_pos_list [0.651685393258427, 0.651685393258427, 0.651685393258427, 0.651685393258427, 0.651685393258427, 0.651685393258427, 0.651685393258427, 0.651685393258427, 0.651685393258427, 0.651685393258427]
f1_pos_med 0.651685393258427
