@@@ A - classifier: SVC(C=1.0, break_ties=False, cache_size=200, class_weight='balanced', coef0=0.0,
    decision_function_shape='ovr', degree=3, gamma='scale', kernel='linear',
    max_iter=-1, probability=True, random_state=None, shrinking=True, tol=0.001,
    verbose=False)
@@@ B - threshold stop at: 1
@@@ C - Repeat number: 1
@@@ D - common_header:  {'F71-davidvc@apache.org', 'F68', 'F71-oysteing@apache.org', 'F117', 'F71-dyre@apache.org', 'F3-byte[]', 'F15-public', 'F71-mikem@apache.org', 'F71-kahatlen@apache.org', 'F3-long', 'F15-protected', 'F3-QualifiedIdentifier', 'F71-fuzzylogic@apache.org', 'F71-bernt@apache.org', 'F71-lilywei@apache.org', 'F101', 'F77', 'F71-bpendleton@apache.org', 'F110', 'F22', 'F71-dag@apache.org', 'F3-TransactionController', 'F126', 'F3-SQLException', 'F104', 'F3-ResultSet', 'F3-int', 'F71-suresht@apache.org', 'F3-InputStream', 'F3-PrintStream', 'F3-String', 'F3-PrintWriter', 'F72', 'F3-Connection', 'F25', 'F71-mamta@apache.org', 'F105', 'F71-kmarsden@apache.org', 'F120', 'category', 'F3-NA', 'F71-bakksjo@apache.org', 'F3-Long', 'F3-boolean', 'F71-coar@apache.org', 'F71-bandaram@apache.org', 'F15-private', 'F41', 'F3-null', 'F3-int[]', 'F15-NA', 'F71-rhillegas@apache.org', 'F71-kristwaa@apache.org', 'F3-char', 'F71-myrnavl@apache.org', 'F65', 'F71-djd@apache.org', 'F3-Integer', 'F123', 'F115', 'F116'}
    F72   F25         ...         F71-bpendleton@apache.org F71-coar@apache.org
1  3644  2104         ...                                 0                   0
2  3346  1938         ...                                 0                   0
3  3346  1938         ...                                 0                   0

[3 rows x 60 columns]
;.;
        F72         ...           F71-coar@apache.org
0  0.416807         ...                           0.0
1  0.378101         ...                           0.0
2  0.378101         ...                           0.0

[3 rows x 60 columns]
training_x: (2479, 60)
training_y: 2479
testset_x: (2507, 60)
testset_y: 2507
              precision    recall  f1-score   support

           0       1.00      1.00      1.00      2386
           1       0.92      0.98      0.95       121

    accuracy                           0.99      2507
   macro avg       0.96      0.99      0.97      2507
weighted avg       1.00      0.99      0.99      2507

accuracy: 0.9948145193458316
0.9482071713147411
@@@ tn: 2375, fp: 11, fn: 2, tp: 119
@@@ LIME - Creating explainer
@@@ LIME - Random Sampling of Instances
iter: 0, sample_no: 2303, actual label: 0, predicted: 0
iter: 1, sample_no: 1529, actual label: 0, predicted: 1
iter: 2, sample_no: 1356, actual label: 0, predicted: 0
iter: 3, sample_no: 1520, actual label: 0, predicted: 0
iter: 4, sample_no: 1023, actual label: 0, predicted: 0
iter: 5, sample_no: 1745, actual label: 0, predicted: 0
iter: 6, sample_no: 755, actual label: 0, predicted: 0
iter: 7, sample_no: 483, actual label: 0, predicted: 0
iter: 8, sample_no: 1976, actual label: 0, predicted: 0
iter: 9, sample_no: 1967, actual label: 0, predicted: 0
iter: 10, sample_no: 756, actual label: 1, predicted: 1
iter: 11, sample_no: 2192, actual label: 0, predicted: 0
iter: 12, sample_no: 214, actual label: 0, predicted: 0
iter: 13, sample_no: 1393, actual label: 0, predicted: 0
iter: 14, sample_no: 2361, actual label: 0, predicted: 0
iter: 15, sample_no: 919, actual label: 1, predicted: 1
iter: 16, sample_no: 147, actual label: 0, predicted: 0
iter: 17, sample_no: 1534, actual label: 0, predicted: 0
iter: 18, sample_no: 407, actual label: 0, predicted: 0
iter: 19, sample_no: 472, actual label: 0, predicted: 0
iter: 20, sample_no: 2296, actual label: 0, predicted: 0
iter: 21, sample_no: 2248, actual label: 0, predicted: 0
iter: 22, sample_no: 555, actual label: 0, predicted: 0
iter: 23, sample_no: 215, actual label: 0, predicted: 0
iter: 24, sample_no: 1502, actual label: 0, predicted: 0
number of samples: 2507
AUC 0.9976100254237875
pos_get 121
total recall stop_at 1.0
@@@ C - Repeat number: 2
@@@ D - common_header:  {'F71-davidvc@apache.org', 'F68', 'F71-oysteing@apache.org', 'F117', 'F71-dyre@apache.org', 'F3-byte[]', 'F15-public', 'F71-mikem@apache.org', 'F71-kahatlen@apache.org', 'F3-long', 'F15-protected', 'F3-QualifiedIdentifier', 'F71-fuzzylogic@apache.org', 'F71-bernt@apache.org', 'F71-lilywei@apache.org', 'F101', 'F77', 'F71-bpendleton@apache.org', 'F110', 'F22', 'F71-dag@apache.org', 'F3-TransactionController', 'F126', 'F3-SQLException', 'F104', 'F3-ResultSet', 'F3-int', 'F71-suresht@apache.org', 'F3-InputStream', 'F3-PrintStream', 'F3-String', 'F3-PrintWriter', 'F72', 'F3-Connection', 'F25', 'F71-mamta@apache.org', 'F105', 'F71-kmarsden@apache.org', 'F120', 'category', 'F3-NA', 'F71-bakksjo@apache.org', 'F3-Long', 'F3-boolean', 'F71-coar@apache.org', 'F71-bandaram@apache.org', 'F15-private', 'F41', 'F3-null', 'F3-int[]', 'F15-NA', 'F71-rhillegas@apache.org', 'F71-kristwaa@apache.org', 'F3-char', 'F71-myrnavl@apache.org', 'F65', 'F71-djd@apache.org', 'F3-Integer', 'F123', 'F115', 'F116'}
    F72   F25         ...         F71-bpendleton@apache.org F71-coar@apache.org
1  3644  2104         ...                                 0                   0
2  3346  1938         ...                                 0                   0
3  3346  1938         ...                                 0                   0

[3 rows x 60 columns]
;.;
        F72         ...           F71-coar@apache.org
0  0.416807         ...                           0.0
1  0.378101         ...                           0.0
2  0.378101         ...                           0.0

[3 rows x 60 columns]
training_x: (2479, 60)
training_y: 2479
testset_x: (2507, 60)
testset_y: 2507
              precision    recall  f1-score   support

           0       1.00      1.00      1.00      2386
           1       0.92      0.98      0.95       121

    accuracy                           0.99      2507
   macro avg       0.96      0.99      0.97      2507
weighted avg       1.00      0.99      0.99      2507

accuracy: 0.9948145193458316
0.9482071713147411
@@@ tn: 2375, fp: 11, fn: 2, tp: 119
@@@ LIME - Creating explainer
@@@ LIME - Random Sampling of Instances
iter: 0, sample_no: 1197, actual label: 0, predicted: 0
iter: 1, sample_no: 502, actual label: 0, predicted: 0
iter: 2, sample_no: 168, actual label: 0, predicted: 0
iter: 3, sample_no: 1749, actual label: 0, predicted: 0
iter: 4, sample_no: 121, actual label: 0, predicted: 0
iter: 5, sample_no: 2150, actual label: 1, predicted: 1
iter: 6, sample_no: 93, actual label: 0, predicted: 0
iter: 7, sample_no: 667, actual label: 0, predicted: 0
iter: 8, sample_no: 107, actual label: 0, predicted: 0
iter: 9, sample_no: 482, actual label: 0, predicted: 0
iter: 10, sample_no: 1104, actual label: 0, predicted: 0
iter: 11, sample_no: 1322, actual label: 0, predicted: 0
iter: 12, sample_no: 48, actual label: 0, predicted: 0
iter: 13, sample_no: 2009, actual label: 0, predicted: 0
iter: 14, sample_no: 506, actual label: 0, predicted: 0
iter: 15, sample_no: 2003, actual label: 0, predicted: 0
iter: 16, sample_no: 1492, actual label: 0, predicted: 0
iter: 17, sample_no: 2129, actual label: 0, predicted: 0
iter: 18, sample_no: 2141, actual label: 0, predicted: 0
iter: 19, sample_no: 799, actual label: 0, predicted: 0
iter: 20, sample_no: 2122, actual label: 0, predicted: 0
iter: 21, sample_no: 604, actual label: 0, predicted: 0
iter: 22, sample_no: 2017, actual label: 0, predicted: 0
iter: 23, sample_no: 871, actual label: 0, predicted: 0
iter: 24, sample_no: 1324, actual label: 0, predicted: 0
number of samples: 2507
AUC 0.9976100254237875
pos_get 121
total recall stop_at 1.0
@@@ C - Repeat number: 3
@@@ D - common_header:  {'F71-davidvc@apache.org', 'F68', 'F71-oysteing@apache.org', 'F117', 'F71-dyre@apache.org', 'F3-byte[]', 'F15-public', 'F71-mikem@apache.org', 'F71-kahatlen@apache.org', 'F3-long', 'F15-protected', 'F3-QualifiedIdentifier', 'F71-fuzzylogic@apache.org', 'F71-bernt@apache.org', 'F71-lilywei@apache.org', 'F101', 'F77', 'F71-bpendleton@apache.org', 'F110', 'F22', 'F71-dag@apache.org', 'F3-TransactionController', 'F126', 'F3-SQLException', 'F104', 'F3-ResultSet', 'F3-int', 'F71-suresht@apache.org', 'F3-InputStream', 'F3-PrintStream', 'F3-String', 'F3-PrintWriter', 'F72', 'F3-Connection', 'F25', 'F71-mamta@apache.org', 'F105', 'F71-kmarsden@apache.org', 'F120', 'category', 'F3-NA', 'F71-bakksjo@apache.org', 'F3-Long', 'F3-boolean', 'F71-coar@apache.org', 'F71-bandaram@apache.org', 'F15-private', 'F41', 'F3-null', 'F3-int[]', 'F15-NA', 'F71-rhillegas@apache.org', 'F71-kristwaa@apache.org', 'F3-char', 'F71-myrnavl@apache.org', 'F65', 'F71-djd@apache.org', 'F3-Integer', 'F123', 'F115', 'F116'}
    F72   F25         ...         F71-bpendleton@apache.org F71-coar@apache.org
1  3644  2104         ...                                 0                   0
2  3346  1938         ...                                 0                   0
3  3346  1938         ...                                 0                   0

[3 rows x 60 columns]
;.;
        F72         ...           F71-coar@apache.org
0  0.416807         ...                           0.0
1  0.378101         ...                           0.0
2  0.378101         ...                           0.0

[3 rows x 60 columns]
training_x: (2479, 60)
training_y: 2479
testset_x: (2507, 60)
testset_y: 2507
              precision    recall  f1-score   support

           0       1.00      1.00      1.00      2386
           1       0.92      0.98      0.95       121

    accuracy                           0.99      2507
   macro avg       0.96      0.99      0.97      2507
weighted avg       1.00      0.99      0.99      2507

accuracy: 0.9948145193458316
0.9482071713147411
@@@ tn: 2375, fp: 11, fn: 2, tp: 119
@@@ LIME - Creating explainer
@@@ LIME - Random Sampling of Instances
iter: 0, sample_no: 2462, actual label: 0, predicted: 0
iter: 1, sample_no: 1539, actual label: 0, predicted: 0
iter: 2, sample_no: 1952, actual label: 0, predicted: 0
iter: 3, sample_no: 1018, actual label: 0, predicted: 0
iter: 4, sample_no: 1048, actual label: 0, predicted: 0
iter: 5, sample_no: 592, actual label: 0, predicted: 0
iter: 6, sample_no: 1585, actual label: 0, predicted: 0
iter: 7, sample_no: 474, actual label: 0, predicted: 0
iter: 8, sample_no: 1639, actual label: 0, predicted: 0
iter: 9, sample_no: 901, actual label: 0, predicted: 0
iter: 10, sample_no: 1598, actual label: 1, predicted: 1
iter: 11, sample_no: 507, actual label: 0, predicted: 0
iter: 12, sample_no: 1813, actual label: 0, predicted: 0
iter: 13, sample_no: 1182, actual label: 0, predicted: 0
iter: 14, sample_no: 419, actual label: 0, predicted: 0
iter: 15, sample_no: 2499, actual label: 0, predicted: 0
iter: 16, sample_no: 1075, actual label: 0, predicted: 0
iter: 17, sample_no: 1898, actual label: 0, predicted: 0
iter: 18, sample_no: 210, actual label: 0, predicted: 0
iter: 19, sample_no: 1659, actual label: 0, predicted: 0
iter: 20, sample_no: 2405, actual label: 0, predicted: 0
iter: 21, sample_no: 69, actual label: 0, predicted: 0
iter: 22, sample_no: 414, actual label: 1, predicted: 1
iter: 23, sample_no: 172, actual label: 0, predicted: 0
iter: 24, sample_no: 1143, actual label: 0, predicted: 0
number of samples: 2507
AUC 0.9976100254237875
pos_get 121
total recall stop_at 1.0
@@@ C - Repeat number: 4
@@@ D - common_header:  {'F71-davidvc@apache.org', 'F68', 'F71-oysteing@apache.org', 'F117', 'F71-dyre@apache.org', 'F3-byte[]', 'F15-public', 'F71-mikem@apache.org', 'F71-kahatlen@apache.org', 'F3-long', 'F15-protected', 'F3-QualifiedIdentifier', 'F71-fuzzylogic@apache.org', 'F71-bernt@apache.org', 'F71-lilywei@apache.org', 'F101', 'F77', 'F71-bpendleton@apache.org', 'F110', 'F22', 'F71-dag@apache.org', 'F3-TransactionController', 'F126', 'F3-SQLException', 'F104', 'F3-ResultSet', 'F3-int', 'F71-suresht@apache.org', 'F3-InputStream', 'F3-PrintStream', 'F3-String', 'F3-PrintWriter', 'F72', 'F3-Connection', 'F25', 'F71-mamta@apache.org', 'F105', 'F71-kmarsden@apache.org', 'F120', 'category', 'F3-NA', 'F71-bakksjo@apache.org', 'F3-Long', 'F3-boolean', 'F71-coar@apache.org', 'F71-bandaram@apache.org', 'F15-private', 'F41', 'F3-null', 'F3-int[]', 'F15-NA', 'F71-rhillegas@apache.org', 'F71-kristwaa@apache.org', 'F3-char', 'F71-myrnavl@apache.org', 'F65', 'F71-djd@apache.org', 'F3-Integer', 'F123', 'F115', 'F116'}
    F72   F25         ...         F71-bpendleton@apache.org F71-coar@apache.org
1  3644  2104         ...                                 0                   0
2  3346  1938         ...                                 0                   0
3  3346  1938         ...                                 0                   0

[3 rows x 60 columns]
;.;
        F72         ...           F71-coar@apache.org
0  0.416807         ...                           0.0
1  0.378101         ...                           0.0
2  0.378101         ...                           0.0

[3 rows x 60 columns]
training_x: (2479, 60)
training_y: 2479
testset_x: (2507, 60)
testset_y: 2507
              precision    recall  f1-score   support

           0       1.00      1.00      1.00      2386
           1       0.92      0.98      0.95       121

    accuracy                           0.99      2507
   macro avg       0.96      0.99      0.97      2507
weighted avg       1.00      0.99      0.99      2507

accuracy: 0.9948145193458316
0.9482071713147411
@@@ tn: 2375, fp: 11, fn: 2, tp: 119
@@@ LIME - Creating explainer
@@@ LIME - Random Sampling of Instances
iter: 0, sample_no: 1576, actual label: 0, predicted: 0
iter: 1, sample_no: 1108, actual label: 0, predicted: 0
iter: 2, sample_no: 1560, actual label: 0, predicted: 0
iter: 3, sample_no: 2476, actual label: 0, predicted: 0
iter: 4, sample_no: 1565, actual label: 0, predicted: 0
iter: 5, sample_no: 1697, actual label: 0, predicted: 0
iter: 6, sample_no: 875, actual label: 0, predicted: 0
iter: 7, sample_no: 551, actual label: 0, predicted: 0
iter: 8, sample_no: 815, actual label: 0, predicted: 0
iter: 9, sample_no: 2400, actual label: 0, predicted: 0
iter: 10, sample_no: 591, actual label: 0, predicted: 0
iter: 11, sample_no: 724, actual label: 0, predicted: 0
iter: 12, sample_no: 2293, actual label: 0, predicted: 0
iter: 13, sample_no: 2156, actual label: 0, predicted: 0
iter: 14, sample_no: 1894, actual label: 0, predicted: 0
iter: 15, sample_no: 1773, actual label: 0, predicted: 0
iter: 16, sample_no: 879, actual label: 0, predicted: 0
iter: 17, sample_no: 1382, actual label: 0, predicted: 0
iter: 18, sample_no: 1262, actual label: 0, predicted: 0
iter: 19, sample_no: 69, actual label: 0, predicted: 0
iter: 20, sample_no: 676, actual label: 0, predicted: 0
iter: 21, sample_no: 1971, actual label: 0, predicted: 0
iter: 22, sample_no: 204, actual label: 0, predicted: 0
iter: 23, sample_no: 263, actual label: 0, predicted: 0
iter: 24, sample_no: 1092, actual label: 0, predicted: 0
number of samples: 2507
AUC 0.9976100254237875
pos_get 121
total recall stop_at 1.0
@@@ C - Repeat number: 5
/Users/author1/anaconda3/lib/python3.6/site-packages/tensorflow/python/framework/dtypes.py:463: FutureWarning: Passing (type, 1) or '1type' as a synonym of type is deprecated; in a future version of numpy, it will be understood as (type, (1,)) / '(1,)type'.
  _np_qint8 = np.dtype([("qint8", np.int8, 1)])
/Users/author1/anaconda3/lib/python3.6/site-packages/tensorflow/python/framework/dtypes.py:464: FutureWarning: Passing (type, 1) or '1type' as a synonym of type is deprecated; in a future version of numpy, it will be understood as (type, (1,)) / '(1,)type'.
  _np_quint8 = np.dtype([("quint8", np.uint8, 1)])
/Users/author1/anaconda3/lib/python3.6/site-packages/tensorflow/python/framework/dtypes.py:465: FutureWarning: Passing (type, 1) or '1type' as a synonym of type is deprecated; in a future version of numpy, it will be understood as (type, (1,)) / '(1,)type'.
  _np_qint16 = np.dtype([("qint16", np.int16, 1)])
/Users/author1/anaconda3/lib/python3.6/site-packages/tensorflow/python/framework/dtypes.py:466: FutureWarning: Passing (type, 1) or '1type' as a synonym of type is deprecated; in a future version of numpy, it will be understood as (type, (1,)) / '(1,)type'.
  _np_quint16 = np.dtype([("quint16", np.uint16, 1)])
/Users/author1/anaconda3/lib/python3.6/site-packages/tensorflow/python/framework/dtypes.py:467: FutureWarning: Passing (type, 1) or '1type' as a synonym of type is deprecated; in a future version of numpy, it will be understood as (type, (1,)) / '(1,)type'.
  _np_qint32 = np.dtype([("qint32", np.int32, 1)])
Columns (0,3,4,5,6,7,8,9,10,11,12,13,14,15,16,17,18,19,20,21,22,23,24,25,26,27,28,29,30,31,32,33,34,35,36,37,38,39,40,41,42,43,44,45,46,47,48,49,50,51,52,53,54,55,56,57,58,59,60,61,62,63,64,65,66,67,68,69,70,71,72,73,74,75,76,77,78,79,80,81,82,83,84,85,86,87,88,89,90,91,92,93,94,95,96,97,98,99,100,101,102,103,104,105,106,107,108,109,110,111,112,113,114,115,116,117,118,119,120,121,122,123,124,125,126,127,128,129,130,131,132,133,134,135,136,137,138,139,140,141,142,143,144,145,146,147,148,149,150,151,152,153,154,155,156,157,158,159,160,161,162,163,164,165,166,167,168,169,170,171,172,173,174,175,176,177,178,179,180,181,182,183,184,185,186,187,188,189,190,191,192,193,194,195,196,197,198,199,200,201,202,203,204,205,206,207,208,209,210,211,212,213,214,215,216,217,218,219,220,221,222,223,224,225,226,227,228,229,230,231,232,233,234,235,236,237,238,239,240,241,242,243,244,245,246,247,248,249,250,251,252,253,254,255,256,257,258,259,260,261,262,263,264,265,266,267,268,269,270,271,272,273,274,275,276,278,280,281,282,283,284,285,286,287,288,289,290,291,292,293,294,295,296,297,298,299,300,301,302,303,304,305,306,307,308,309,310,311,312,313,314,315,316,317,318,319,320,321,322,323,324,325,326,327,328,329,330,331,332,333,334,335,336,337,338,339,340,341,342,343,344,345,346,347,348,349) have mixed types. Specify dtype option on import or set low_memory=False.
Columns (0,3,4,5,6,7,8,9,10,11,12,13,14,15,16,17,18,19,20,21,22,23,24,25,26,27,28,29,30,31,32,33,34,35,36,37,38,39,40,41,42,43,44,45,46,47,48,49,50,51,52,53,54,55,56,57,58,59,60,61,62,63,64,65,66,67,68,69,70,71,72,73,74,75,76,77,78,79,80,81,82,83,84,85,86,87,88,89,90,91,92,93,94,95,96,97,98,99,100,101,102,103,104,105,106,107,108,109,110,111,112,113,114,115,116,117,118,119,120,121,122,123,124,125,126,127,128,129,130,131,132,133,134,135,136,137,138,139,140,141,142,143,144,145,146,147,148,149,150,151,152,153,154,155,156,157,158,159,160,161,162,163,164,165,166,167,168,169,170,171,172,173,174,175,176,177,178,179,180,181,182,183,184,185,186,187,188,189,190,191,192,193,194,195,196,197,198,199,200,201,202,203,204,205,206,207,208,209,210,211,212,213,214,215,216,217,218,219,220,221,222,223,224,225,226,227,228,229,230,231,232,233,234,235,236,237,238,239,240,241,242,243,244,245,246,247,248,249,250,251,252,253,254,255,256,257,258,259,260,261,262,263,264,265,266,267,268,269,270,271,272,273,274,275,276,278,280,281,282,283,284,285,286,287,288,289,290,291,292,293,294,295,296,297,298,299,300,301,302,303,304,305,306,307,308,309,310,311,312,313,314,315,316,317,318,319,320,321,322,323,324,325,326,327,328,329,330,331,332,333,334,335,336,337,338,339,340,341,342,343,344,345,346,347,348,349) have mixed types. Specify dtype option on import or set low_memory=False.
Columns (0,3,4,5,6,7,8,9,10,11,12,13,14,15,16,17,18,19,20,21,22,23,24,25,26,27,28,29,30,31,32,33,34,35,36,37,38,39,40,41,42,43,44,45,46,47,48,49,50,51,52,53,54,55,56,57,58,59,60,61,62,63,64,65,66,67,68,69,70,71,72,73,74,75,76,77,78,79,80,81,82,83,84,85,86,87,88,89,90,91,92,93,94,95,96,97,98,99,100,101,102,103,104,105,106,107,108,109,110,111,112,113,114,115,116,117,118,119,120,121,122,123,124,125,126,127,128,129,130,131,132,133,134,135,136,137,138,139,140,141,142,143,144,145,146,147,148,149,150,151,152,153,154,155,156,157,158,159,160,161,162,163,164,165,166,167,168,169,170,171,172,173,174,175,176,177,178,179,180,181,182,183,184,185,186,187,188,189,190,191,192,193,194,195,196,197,198,199,200,201,202,203,204,205,206,207,208,209,210,211,212,213,214,215,216,217,218,219,220,221,222,223,224,225,226,227,228,229,230,231,232,233,234,235,236,237,238,239,240,241,242,243,244,245,246,247,248,249,250,251,252,253,254,255,256,257,258,259,260,261,262,263,264,265,266,267,268,269,270,271,272,273,274,275,276,278,280,281,282,283,284,285,286,287,288,289,290,291,292,293,294,295,296,297,298,299,300,301,302,303,304,305,306,307,308,309,310,311,312,313,314,315,316,317,318,319,320,321,322,323,324,325,326,327,328,329,330,331,332,333,334,335,336,337,338,339,340,341,342,343,344,345,346,347,348,349) have mixed types. Specify dtype option on import or set low_memory=False.
Columns (0,3,4,5,6,7,8,9,10,11,12,13,14,15,16,17,18,19,20,21,22,23,24,25,26,27,28,29,30,31,32,33,34,35,36,37,38,39,40,41,42,43,44,45,46,47,48,49,50,51,52,53,54,55,56,57,58,59,60,61,62,63,64,65,66,67,68,69,70,71,72,73,74,75,76,77,78,79,80,81,82,83,84,85,86,87,88,89,90,91,92,93,94,95,96,97,98,99,100,101,102,103,104,105,106,107,108,109,110,111,112,113,114,115,116,117,118,119,120,121,122,123,124,125,126,127,128,129,130,131,132,133,134,135,136,137,138,139,140,141,142,143,144,145,146,147,148,149,150,151,152,153,154,155,156,157,158,159,160,161,162,163,164,165,166,167,168,169,170,171,172,173,174,175,176,177,178,179,180,181,182,183,184,185,186,187,188,189,190,191,192,193,194,195,196,197,198,199,200,201,202,203,204,205,206,207,208,209,210,211,212,213,214,215,216,217,218,219,220,221,222,223,224,225,226,227,228,229,230,231,232,233,234,235,236,237,238,239,240,241,242,243,244,245,246,247,248,249,250,251,252,253,254,255,256,257,258,259,260,261,262,263,264,265,266,267,268,269,270,271,272,273,274,275,276,278,280,281,282,283,284,285,286,287,288,289,290,291,292,293,294,295,296,297,298,299,300,301,302,303,304,305,306,307,308,309,310,311,312,313,314,315,316,317,318,319,320,321,322,323,324,325,326,327,328,329,330,331,332,333,334,335,336,337,338,339,340,341,342,343,344,345,346,347,348,349) have mixed types. Specify dtype option on import or set low_memory=False.
Columns (0,3,4,5,6,7,8,9,10,11,12,13,14,15,16,17,18,19,20,21,22,23,24,25,26,27,28,29,30,31,32,33,34,35,36,37,38,39,40,41,42,43,44,45,46,47,48,49,50,51,52,53,54,55,56,57,58,59,60,61,62,63,64,65,66,67,68,69,70,71,72,73,74,75,76,77,78,79,80,81,82,83,84,85,86,87,88,89,90,91,92,93,94,95,96,97,98,99,100,101,102,103,104,105,106,107,108,109,110,111,112,113,114,115,116,117,118,119,120,121,122,123,124,125,126,127,128,129,130,131,132,133,134,135,136,137,138,139,140,141,142,143,144,145,146,147,148,149,150,151,152,153,154,155,156,157,158,159,160,161,162,163,164,165,166,167,168,169,170,171,172,173,174,175,176,177,178,179,180,181,182,183,184,185,186,187,188,189,190,191,192,193,194,195,196,197,198,199,200,201,202,203,204,205,206,207,208,209,210,211,212,213,214,215,216,217,218,219,220,221,222,223,224,225,226,227,228,229,230,231,232,233,234,235,236,237,238,239,240,241,242,243,244,245,246,247,248,249,250,251,252,253,254,255,256,257,258,259,260,261,262,263,264,265,266,267,268,269,270,271,272,273,274,275,276,278,280,281,282,283,284,285,286,287,288,289,290,291,292,293,294,295,296,297,298,299,300,301,302,303,304,305,306,307,308,309,310,311,312,313,314,315,316,317,318,319,320,321,322,323,324,325,326,327,328,329,330,331,332,333,334,335,336,337,338,339,340,341,342,343,344,345,346,347,348,349) have mixed types. Specify dtype option on import or set low_memory=False.
@@@ D - common_header:  {'F71-davidvc@apache.org', 'F68', 'F71-oysteing@apache.org', 'F117', 'F71-dyre@apache.org', 'F3-byte[]', 'F15-public', 'F71-mikem@apache.org', 'F71-kahatlen@apache.org', 'F3-long', 'F15-protected', 'F3-QualifiedIdentifier', 'F71-fuzzylogic@apache.org', 'F71-bernt@apache.org', 'F71-lilywei@apache.org', 'F101', 'F77', 'F71-bpendleton@apache.org', 'F110', 'F22', 'F71-dag@apache.org', 'F3-TransactionController', 'F126', 'F3-SQLException', 'F104', 'F3-ResultSet', 'F3-int', 'F71-suresht@apache.org', 'F3-InputStream', 'F3-PrintStream', 'F3-String', 'F3-PrintWriter', 'F72', 'F3-Connection', 'F25', 'F71-mamta@apache.org', 'F105', 'F71-kmarsden@apache.org', 'F120', 'category', 'F3-NA', 'F71-bakksjo@apache.org', 'F3-Long', 'F3-boolean', 'F71-coar@apache.org', 'F71-bandaram@apache.org', 'F15-private', 'F41', 'F3-null', 'F3-int[]', 'F15-NA', 'F71-rhillegas@apache.org', 'F71-kristwaa@apache.org', 'F3-char', 'F71-myrnavl@apache.org', 'F65', 'F71-djd@apache.org', 'F3-Integer', 'F123', 'F115', 'F116'}
    F72   F25         ...         F71-bpendleton@apache.org F71-coar@apache.org
1  3644  2104         ...                                 0                   0
2  3346  1938         ...                                 0                   0
3  3346  1938         ...                                 0                   0

[3 rows x 60 columns]
;.;
        F72         ...           F71-coar@apache.org
0  0.416807         ...                           0.0
1  0.378101         ...                           0.0
2  0.378101         ...                           0.0

[3 rows x 60 columns]
training_x: (2479, 60)
training_y: 2479
testset_x: (2507, 60)
testset_y: 2507
              precision    recall  f1-score   support

           0       1.00      1.00      1.00      2386
           1       0.92      0.98      0.95       121

    accuracy                           0.99      2507
   macro avg       0.96      0.99      0.97      2507
weighted avg       1.00      0.99      0.99      2507

accuracy: 0.9948145193458316
0.9482071713147411
@@@ tn: 2375, fp: 11, fn: 2, tp: 119
@@@ LIME - Creating explainer
@@@ LIME - Random Sampling of Instances
iter: 0, sample_no: 1926, actual label: 0, predicted: 0
iter: 1, sample_no: 1708, actual label: 0, predicted: 0
iter: 2, sample_no: 937, actual label: 0, predicted: 0
iter: 3, sample_no: 849, actual label: 0, predicted: 0
iter: 4, sample_no: 1811, actual label: 0, predicted: 0
iter: 5, sample_no: 474, actual label: 0, predicted: 0
iter: 6, sample_no: 627, actual label: 0, predicted: 0
iter: 7, sample_no: 2234, actual label: 0, predicted: 0
iter: 8, sample_no: 2360, actual label: 0, predicted: 0
iter: 9, sample_no: 62, actual label: 1, predicted: 1
iter: 10, sample_no: 1010, actual label: 0, predicted: 0
iter: 11, sample_no: 493, actual label: 0, predicted: 0
iter: 12, sample_no: 2314, actual label: 0, predicted: 0
iter: 13, sample_no: 1247, actual label: 0, predicted: 0
iter: 14, sample_no: 1444, actual label: 0, predicted: 0
iter: 15, sample_no: 708, actual label: 0, predicted: 0
iter: 16, sample_no: 702, actual label: 0, predicted: 0
iter: 17, sample_no: 2004, actual label: 0, predicted: 0
iter: 18, sample_no: 595, actual label: 0, predicted: 0
iter: 19, sample_no: 1871, actual label: 0, predicted: 0
iter: 20, sample_no: 1211, actual label: 0, predicted: 0
iter: 21, sample_no: 67, actual label: 0, predicted: 0
iter: 22, sample_no: 303, actual label: 0, predicted: 0
iter: 23, sample_no: 555, actual label: 0, predicted: 0
iter: 24, sample_no: 990, actual label: 0, predicted: 0
number of samples: 2507
AUC 0.9976100254237875
pos_get 121
total recall stop_at 1.0
@@@ C - Repeat number: 6
@@@ D - common_header:  {'F71-davidvc@apache.org', 'F68', 'F71-oysteing@apache.org', 'F117', 'F71-dyre@apache.org', 'F3-byte[]', 'F15-public', 'F71-mikem@apache.org', 'F71-kahatlen@apache.org', 'F3-long', 'F15-protected', 'F3-QualifiedIdentifier', 'F71-fuzzylogic@apache.org', 'F71-bernt@apache.org', 'F71-lilywei@apache.org', 'F101', 'F77', 'F71-bpendleton@apache.org', 'F110', 'F22', 'F71-dag@apache.org', 'F3-TransactionController', 'F126', 'F3-SQLException', 'F104', 'F3-ResultSet', 'F3-int', 'F71-suresht@apache.org', 'F3-InputStream', 'F3-PrintStream', 'F3-String', 'F3-PrintWriter', 'F72', 'F3-Connection', 'F25', 'F71-mamta@apache.org', 'F105', 'F71-kmarsden@apache.org', 'F120', 'category', 'F3-NA', 'F71-bakksjo@apache.org', 'F3-Long', 'F3-boolean', 'F71-coar@apache.org', 'F71-bandaram@apache.org', 'F15-private', 'F41', 'F3-null', 'F3-int[]', 'F15-NA', 'F71-rhillegas@apache.org', 'F71-kristwaa@apache.org', 'F3-char', 'F71-myrnavl@apache.org', 'F65', 'F71-djd@apache.org', 'F3-Integer', 'F123', 'F115', 'F116'}
    F72   F25         ...         F71-bpendleton@apache.org F71-coar@apache.org
1  3644  2104         ...                                 0                   0
2  3346  1938         ...                                 0                   0
3  3346  1938         ...                                 0                   0

[3 rows x 60 columns]
;.;
        F72         ...           F71-coar@apache.org
0  0.416807         ...                           0.0
1  0.378101         ...                           0.0
2  0.378101         ...                           0.0

[3 rows x 60 columns]
training_x: (2479, 60)
training_y: 2479
testset_x: (2507, 60)
testset_y: 2507
              precision    recall  f1-score   support

           0       1.00      1.00      1.00      2386
           1       0.92      0.98      0.95       121

    accuracy                           0.99      2507
   macro avg       0.96      0.99      0.97      2507
weighted avg       1.00      0.99      0.99      2507

accuracy: 0.9948145193458316
0.9482071713147411
@@@ tn: 2375, fp: 11, fn: 2, tp: 119
@@@ LIME - Creating explainer
@@@ LIME - Random Sampling of Instances
iter: 0, sample_no: 1361, actual label: 0, predicted: 0
iter: 1, sample_no: 847, actual label: 0, predicted: 0
iter: 2, sample_no: 679, actual label: 0, predicted: 0
iter: 3, sample_no: 2219, actual label: 0, predicted: 0
iter: 4, sample_no: 67, actual label: 0, predicted: 0
iter: 5, sample_no: 1600, actual label: 0, predicted: 0
iter: 6, sample_no: 1867, actual label: 0, predicted: 0
iter: 7, sample_no: 34, actual label: 0, predicted: 0
iter: 8, sample_no: 2437, actual label: 0, predicted: 0
iter: 9, sample_no: 1551, actual label: 0, predicted: 0
iter: 10, sample_no: 121, actual label: 0, predicted: 0
iter: 11, sample_no: 409, actual label: 0, predicted: 0
iter: 12, sample_no: 770, actual label: 1, predicted: 1
iter: 13, sample_no: 1440, actual label: 0, predicted: 0
iter: 14, sample_no: 766, actual label: 0, predicted: 0
iter: 15, sample_no: 900, actual label: 0, predicted: 0
iter: 16, sample_no: 784, actual label: 0, predicted: 0
iter: 17, sample_no: 996, actual label: 0, predicted: 0
iter: 18, sample_no: 730, actual label: 0, predicted: 0
iter: 19, sample_no: 2061, actual label: 0, predicted: 0
iter: 20, sample_no: 146, actual label: 0, predicted: 0
iter: 21, sample_no: 524, actual label: 0, predicted: 0
iter: 22, sample_no: 1063, actual label: 0, predicted: 0
iter: 23, sample_no: 1351, actual label: 0, predicted: 0
iter: 24, sample_no: 2011, actual label: 0, predicted: 0
number of samples: 2507
AUC 0.9976100254237875
pos_get 121
total recall stop_at 1.0
@@@ C - Repeat number: 7
@@@ D - common_header:  {'F71-davidvc@apache.org', 'F68', 'F71-oysteing@apache.org', 'F117', 'F71-dyre@apache.org', 'F3-byte[]', 'F15-public', 'F71-mikem@apache.org', 'F71-kahatlen@apache.org', 'F3-long', 'F15-protected', 'F3-QualifiedIdentifier', 'F71-fuzzylogic@apache.org', 'F71-bernt@apache.org', 'F71-lilywei@apache.org', 'F101', 'F77', 'F71-bpendleton@apache.org', 'F110', 'F22', 'F71-dag@apache.org', 'F3-TransactionController', 'F126', 'F3-SQLException', 'F104', 'F3-ResultSet', 'F3-int', 'F71-suresht@apache.org', 'F3-InputStream', 'F3-PrintStream', 'F3-String', 'F3-PrintWriter', 'F72', 'F3-Connection', 'F25', 'F71-mamta@apache.org', 'F105', 'F71-kmarsden@apache.org', 'F120', 'category', 'F3-NA', 'F71-bakksjo@apache.org', 'F3-Long', 'F3-boolean', 'F71-coar@apache.org', 'F71-bandaram@apache.org', 'F15-private', 'F41', 'F3-null', 'F3-int[]', 'F15-NA', 'F71-rhillegas@apache.org', 'F71-kristwaa@apache.org', 'F3-char', 'F71-myrnavl@apache.org', 'F65', 'F71-djd@apache.org', 'F3-Integer', 'F123', 'F115', 'F116'}
    F72   F25         ...         F71-bpendleton@apache.org F71-coar@apache.org
1  3644  2104         ...                                 0                   0
2  3346  1938         ...                                 0                   0
3  3346  1938         ...                                 0                   0

[3 rows x 60 columns]
;.;
        F72         ...           F71-coar@apache.org
0  0.416807         ...                           0.0
1  0.378101         ...                           0.0
2  0.378101         ...                           0.0

[3 rows x 60 columns]
training_x: (2479, 60)
training_y: 2479
testset_x: (2507, 60)
testset_y: 2507
              precision    recall  f1-score   support

           0       1.00      1.00      1.00      2386
           1       0.92      0.98      0.95       121

    accuracy                           0.99      2507
   macro avg       0.96      0.99      0.97      2507
weighted avg       1.00      0.99      0.99      2507

accuracy: 0.9948145193458316
0.9482071713147411
@@@ tn: 2375, fp: 11, fn: 2, tp: 119
@@@ LIME - Creating explainer
@@@ LIME - Random Sampling of Instances
iter: 0, sample_no: 1709, actual label: 0, predicted: 0
iter: 1, sample_no: 1896, actual label: 0, predicted: 0
iter: 2, sample_no: 331, actual label: 0, predicted: 0
iter: 3, sample_no: 1085, actual label: 0, predicted: 0
iter: 4, sample_no: 1609, actual label: 0, predicted: 0
iter: 5, sample_no: 393, actual label: 0, predicted: 0
iter: 6, sample_no: 1138, actual label: 0, predicted: 0
iter: 7, sample_no: 1032, actual label: 0, predicted: 0
iter: 8, sample_no: 854, actual label: 0, predicted: 0
iter: 9, sample_no: 1715, actual label: 0, predicted: 0
iter: 10, sample_no: 2311, actual label: 0, predicted: 0
iter: 11, sample_no: 1553, actual label: 0, predicted: 0
iter: 12, sample_no: 1394, actual label: 0, predicted: 0
iter: 13, sample_no: 938, actual label: 0, predicted: 0
iter: 14, sample_no: 2013, actual label: 0, predicted: 0
iter: 15, sample_no: 1918, actual label: 0, predicted: 0
iter: 16, sample_no: 1863, actual label: 0, predicted: 0
iter: 17, sample_no: 1078, actual label: 0, predicted: 0
iter: 18, sample_no: 1890, actual label: 0, predicted: 0
iter: 19, sample_no: 679, actual label: 0, predicted: 0
iter: 20, sample_no: 1524, actual label: 0, predicted: 0
iter: 21, sample_no: 2460, actual label: 0, predicted: 0
iter: 22, sample_no: 2313, actual label: 0, predicted: 0
iter: 23, sample_no: 1527, actual label: 0, predicted: 0
iter: 24, sample_no: 2303, actual label: 0, predicted: 0
number of samples: 2507
AUC 0.9976100254237875
pos_get 121
total recall stop_at 1.0
@@@ C - Repeat number: 8
@@@ D - common_header:  {'F71-davidvc@apache.org', 'F68', 'F71-oysteing@apache.org', 'F117', 'F71-dyre@apache.org', 'F3-byte[]', 'F15-public', 'F71-mikem@apache.org', 'F71-kahatlen@apache.org', 'F3-long', 'F15-protected', 'F3-QualifiedIdentifier', 'F71-fuzzylogic@apache.org', 'F71-bernt@apache.org', 'F71-lilywei@apache.org', 'F101', 'F77', 'F71-bpendleton@apache.org', 'F110', 'F22', 'F71-dag@apache.org', 'F3-TransactionController', 'F126', 'F3-SQLException', 'F104', 'F3-ResultSet', 'F3-int', 'F71-suresht@apache.org', 'F3-InputStream', 'F3-PrintStream', 'F3-String', 'F3-PrintWriter', 'F72', 'F3-Connection', 'F25', 'F71-mamta@apache.org', 'F105', 'F71-kmarsden@apache.org', 'F120', 'category', 'F3-NA', 'F71-bakksjo@apache.org', 'F3-Long', 'F3-boolean', 'F71-coar@apache.org', 'F71-bandaram@apache.org', 'F15-private', 'F41', 'F3-null', 'F3-int[]', 'F15-NA', 'F71-rhillegas@apache.org', 'F71-kristwaa@apache.org', 'F3-char', 'F71-myrnavl@apache.org', 'F65', 'F71-djd@apache.org', 'F3-Integer', 'F123', 'F115', 'F116'}
    F72   F25         ...         F71-bpendleton@apache.org F71-coar@apache.org
1  3644  2104         ...                                 0                   0
2  3346  1938         ...                                 0                   0
3  3346  1938         ...                                 0                   0

[3 rows x 60 columns]
;.;
        F72         ...           F71-coar@apache.org
0  0.416807         ...                           0.0
1  0.378101         ...                           0.0
2  0.378101         ...                           0.0

[3 rows x 60 columns]
training_x: (2479, 60)
training_y: 2479
testset_x: (2507, 60)
testset_y: 2507
              precision    recall  f1-score   support

           0       1.00      1.00      1.00      2386
           1       0.92      0.98      0.95       121

    accuracy                           0.99      2507
   macro avg       0.96      0.99      0.97      2507
weighted avg       1.00      0.99      0.99      2507

accuracy: 0.9948145193458316
0.9482071713147411
@@@ tn: 2375, fp: 11, fn: 2, tp: 119
@@@ LIME - Creating explainer
@@@ LIME - Random Sampling of Instances
iter: 0, sample_no: 1504, actual label: 0, predicted: 0
iter: 1, sample_no: 2464, actual label: 0, predicted: 0
iter: 2, sample_no: 1304, actual label: 0, predicted: 0
iter: 3, sample_no: 2473, actual label: 0, predicted: 0
iter: 4, sample_no: 184, actual label: 0, predicted: 0
iter: 5, sample_no: 1531, actual label: 0, predicted: 0
iter: 6, sample_no: 1874, actual label: 0, predicted: 0
iter: 7, sample_no: 1101, actual label: 0, predicted: 0
iter: 8, sample_no: 2072, actual label: 0, predicted: 0
iter: 9, sample_no: 211, actual label: 0, predicted: 0
iter: 10, sample_no: 1068, actual label: 0, predicted: 0
iter: 11, sample_no: 1561, actual label: 0, predicted: 0
iter: 12, sample_no: 794, actual label: 0, predicted: 0
iter: 13, sample_no: 1454, actual label: 0, predicted: 0
iter: 14, sample_no: 510, actual label: 0, predicted: 0
iter: 15, sample_no: 1125, actual label: 0, predicted: 0
iter: 16, sample_no: 2047, actual label: 0, predicted: 0
iter: 17, sample_no: 2085, actual label: 0, predicted: 0
iter: 18, sample_no: 2356, actual label: 0, predicted: 0
iter: 19, sample_no: 2212, actual label: 0, predicted: 0
iter: 20, sample_no: 49, actual label: 0, predicted: 0
iter: 21, sample_no: 230, actual label: 0, predicted: 0
iter: 22, sample_no: 2218, actual label: 0, predicted: 0
iter: 23, sample_no: 1461, actual label: 0, predicted: 0
iter: 24, sample_no: 389, actual label: 0, predicted: 0
number of samples: 2507
AUC 0.9976100254237875
pos_get 121
total recall stop_at 1.0
@@@ C - Repeat number: 9
@@@ D - common_header:  {'F71-davidvc@apache.org', 'F68', 'F71-oysteing@apache.org', 'F117', 'F71-dyre@apache.org', 'F3-byte[]', 'F15-public', 'F71-mikem@apache.org', 'F71-kahatlen@apache.org', 'F3-long', 'F15-protected', 'F3-QualifiedIdentifier', 'F71-fuzzylogic@apache.org', 'F71-bernt@apache.org', 'F71-lilywei@apache.org', 'F101', 'F77', 'F71-bpendleton@apache.org', 'F110', 'F22', 'F71-dag@apache.org', 'F3-TransactionController', 'F126', 'F3-SQLException', 'F104', 'F3-ResultSet', 'F3-int', 'F71-suresht@apache.org', 'F3-InputStream', 'F3-PrintStream', 'F3-String', 'F3-PrintWriter', 'F72', 'F3-Connection', 'F25', 'F71-mamta@apache.org', 'F105', 'F71-kmarsden@apache.org', 'F120', 'category', 'F3-NA', 'F71-bakksjo@apache.org', 'F3-Long', 'F3-boolean', 'F71-coar@apache.org', 'F71-bandaram@apache.org', 'F15-private', 'F41', 'F3-null', 'F3-int[]', 'F15-NA', 'F71-rhillegas@apache.org', 'F71-kristwaa@apache.org', 'F3-char', 'F71-myrnavl@apache.org', 'F65', 'F71-djd@apache.org', 'F3-Integer', 'F123', 'F115', 'F116'}
    F72   F25         ...         F71-bpendleton@apache.org F71-coar@apache.org
1  3644  2104         ...                                 0                   0
2  3346  1938         ...                                 0                   0
3  3346  1938         ...                                 0                   0

[3 rows x 60 columns]
;.;
        F72         ...           F71-coar@apache.org
0  0.416807         ...                           0.0
1  0.378101         ...                           0.0
2  0.378101         ...                           0.0

[3 rows x 60 columns]
training_x: (2479, 60)
training_y: 2479
testset_x: (2507, 60)
testset_y: 2507
              precision    recall  f1-score   support

           0       1.00      1.00      1.00      2386
           1       0.92      0.98      0.95       121

    accuracy                           0.99      2507
   macro avg       0.96      0.99      0.97      2507
weighted avg       1.00      0.99      0.99      2507

accuracy: 0.9948145193458316
0.9482071713147411
@@@ tn: 2375, fp: 11, fn: 2, tp: 119
@@@ LIME - Creating explainer
@@@ LIME - Random Sampling of Instances
iter: 0, sample_no: 2105, actual label: 0, predicted: 0
iter: 1, sample_no: 1001, actual label: 0, predicted: 0
iter: 2, sample_no: 977, actual label: 0, predicted: 0
iter: 3, sample_no: 1761, actual label: 0, predicted: 0
iter: 4, sample_no: 2277, actual label: 0, predicted: 0
iter: 5, sample_no: 821, actual label: 0, predicted: 0
iter: 6, sample_no: 1626, actual label: 1, predicted: 1
iter: 7, sample_no: 973, actual label: 0, predicted: 0
iter: 8, sample_no: 552, actual label: 0, predicted: 0
iter: 9, sample_no: 1277, actual label: 0, predicted: 0
iter: 10, sample_no: 1098, actual label: 0, predicted: 0
iter: 11, sample_no: 2308, actual label: 0, predicted: 0
iter: 12, sample_no: 2267, actual label: 0, predicted: 0
iter: 13, sample_no: 305, actual label: 0, predicted: 0
iter: 14, sample_no: 2475, actual label: 0, predicted: 0
iter: 15, sample_no: 1883, actual label: 0, predicted: 0
iter: 16, sample_no: 977, actual label: 0, predicted: 0
iter: 17, sample_no: 677, actual label: 0, predicted: 0
iter: 18, sample_no: 2031, actual label: 0, predicted: 0
iter: 19, sample_no: 751, actual label: 0, predicted: 0
iter: 20, sample_no: 80, actual label: 0, predicted: 0
iter: 21, sample_no: 2338, actual label: 0, predicted: 0
iter: 22, sample_no: 818, actual label: 0, predicted: 0
iter: 23, sample_no: 1253, actual label: 0, predicted: 0
iter: 24, sample_no: 297, actual label: 0, predicted: 0
number of samples: 2507
AUC 0.9976100254237875
pos_get 121
total recall stop_at 1.0
@@@ C - Repeat number: 10
@@@ D - common_header:  {'F71-davidvc@apache.org', 'F68', 'F71-oysteing@apache.org', 'F117', 'F71-dyre@apache.org', 'F3-byte[]', 'F15-public', 'F71-mikem@apache.org', 'F71-kahatlen@apache.org', 'F3-long', 'F15-protected', 'F3-QualifiedIdentifier', 'F71-fuzzylogic@apache.org', 'F71-bernt@apache.org', 'F71-lilywei@apache.org', 'F101', 'F77', 'F71-bpendleton@apache.org', 'F110', 'F22', 'F71-dag@apache.org', 'F3-TransactionController', 'F126', 'F3-SQLException', 'F104', 'F3-ResultSet', 'F3-int', 'F71-suresht@apache.org', 'F3-InputStream', 'F3-PrintStream', 'F3-String', 'F3-PrintWriter', 'F72', 'F3-Connection', 'F25', 'F71-mamta@apache.org', 'F105', 'F71-kmarsden@apache.org', 'F120', 'category', 'F3-NA', 'F71-bakksjo@apache.org', 'F3-Long', 'F3-boolean', 'F71-coar@apache.org', 'F71-bandaram@apache.org', 'F15-private', 'F41', 'F3-null', 'F3-int[]', 'F15-NA', 'F71-rhillegas@apache.org', 'F71-kristwaa@apache.org', 'F3-char', 'F71-myrnavl@apache.org', 'F65', 'F71-djd@apache.org', 'F3-Integer', 'F123', 'F115', 'F116'}
    F72   F25         ...         F71-bpendleton@apache.org F71-coar@apache.org
1  3644  2104         ...                                 0                   0
2  3346  1938         ...                                 0                   0
3  3346  1938         ...                                 0                   0

[3 rows x 60 columns]
;.;
        F72         ...           F71-coar@apache.org
0  0.416807         ...                           0.0
1  0.378101         ...                           0.0
2  0.378101         ...                           0.0

[3 rows x 60 columns]
training_x: (2479, 60)
training_y: 2479
testset_x: (2507, 60)
testset_y: 2507
              precision    recall  f1-score   support

           0       1.00      1.00      1.00      2386
           1       0.92      0.98      0.95       121

    accuracy                           0.99      2507
   macro avg       0.96      0.99      0.97      2507
weighted avg       1.00      0.99      0.99      2507

accuracy: 0.9948145193458316
0.9482071713147411
@@@ tn: 2375, fp: 11, fn: 2, tp: 119
@@@ LIME - Creating explainer
@@@ LIME - Random Sampling of Instances
Columns (0,3,4,5,6,7,8,9,10,11,12,13,14,15,16,17,18,19,20,21,22,23,24,25,26,27,28,29,30,31,32,33,34,35,36,37,38,39,40,41,42,43,44,45,46,47,48,49,50,51,52,53,54,55,56,57,58,59,60,61,62,63,64,65,66,67,68,69,70,71,72,73,74,75,76,77,78,79,80,81,82,83,84,85,86,87,88,89,90,91,92,93,94,95,96,97,98,99,100,101,102,103,104,105,106,107,108,109,110,111,112,113,114,115,116,117,118,119,120,121,122,123,124,125,126,127,128,129,130,131,132,133,134,135,136,137,138,139,140,141,142,143,144,145,146,147,148,149,150,151,152,153,154,155,156,157,158,159,160,161,162,163,164,165,166,167,168,169,170,171,172,173,174,175,176,177,178,179,180,181,182,183,184,185,186,187,188,189,190,191,192,193,194,195,196,197,198,199,200,201,202,203,204,205,206,207,208,209,210,211,212,213,214,215,216,217,218,219,220,221,222,223,224,225,226,227,228,229,230,231,232,233,234,235,236,237,238,239,240,241,242,243,244,245,246,247,248,249,250,251,252,253,254,255,256,257,258,259,260,261,262,263,264,265,266,267,268,269,270,271,272,273,274,275,276,278,280,281,282,283,284,285,286,287,288,289,290,291,292,293,294,295,296,297,298,299,300,301,302,303,304,305,306,307,308,309,310,311,312,313,314,315,316,317,318,319,320,321,322,323,324,325,326,327,328,329,330,331,332,333,334,335,336,337,338,339,340,341,342,343,344,345,346,347,348,349) have mixed types. Specify dtype option on import or set low_memory=False.
Columns (0,3,4,5,6,7,8,9,10,11,12,13,14,15,16,17,18,19,20,21,22,23,24,25,26,27,28,29,30,31,32,33,34,35,36,37,38,39,40,41,42,43,44,45,46,47,48,49,50,51,52,53,54,55,56,57,58,59,60,61,62,63,64,65,66,67,68,69,70,71,72,73,74,75,76,77,78,79,80,81,82,83,84,85,86,87,88,89,90,91,92,93,94,95,96,97,98,99,100,101,102,103,104,105,106,107,108,109,110,111,112,113,114,115,116,117,118,119,120,121,122,123,124,125,126,127,128,129,130,131,132,133,134,135,136,137,138,139,140,141,142,143,144,145,146,147,148,149,150,151,152,153,154,155,156,157,158,159,160,161,162,163,164,165,166,167,168,169,170,171,172,173,174,175,176,177,178,179,180,181,182,183,184,185,186,187,188,189,190,191,192,193,194,195,196,197,198,199,200,201,202,203,204,205,206,207,208,209,210,211,212,213,214,215,216,217,218,219,220,221,222,223,224,225,226,227,228,229,230,231,232,233,234,235,236,237,238,239,240,241,242,243,244,245,246,247,248,249,250,251,252,253,254,255,256,257,258,259,260,261,262,263,264,265,266,267,268,269,270,271,272,273,274,275,276,278,280,281,282,283,284,285,286,287,288,289,290,291,292,293,294,295,296,297,298,299,300,301,302,303,304,305,306,307,308,309,310,311,312,313,314,315,316,317,318,319,320,321,322,323,324,325,326,327,328,329,330,331,332,333,334,335,336,337,338,339,340,341,342,343,344,345,346,347,348,349) have mixed types. Specify dtype option on import or set low_memory=False.
Columns (0,3,4,5,6,7,8,9,10,11,12,13,14,15,16,17,18,19,20,21,22,23,24,25,26,27,28,29,30,31,32,33,34,35,36,37,38,39,40,41,42,43,44,45,46,47,48,49,50,51,52,53,54,55,56,57,58,59,60,61,62,63,64,65,66,67,68,69,70,71,72,73,74,75,76,77,78,79,80,81,82,83,84,85,86,87,88,89,90,91,92,93,94,95,96,97,98,99,100,101,102,103,104,105,106,107,108,109,110,111,112,113,114,115,116,117,118,119,120,121,122,123,124,125,126,127,128,129,130,131,132,133,134,135,136,137,138,139,140,141,142,143,144,145,146,147,148,149,150,151,152,153,154,155,156,157,158,159,160,161,162,163,164,165,166,167,168,169,170,171,172,173,174,175,176,177,178,179,180,181,182,183,184,185,186,187,188,189,190,191,192,193,194,195,196,197,198,199,200,201,202,203,204,205,206,207,208,209,210,211,212,213,214,215,216,217,218,219,220,221,222,223,224,225,226,227,228,229,230,231,232,233,234,235,236,237,238,239,240,241,242,243,244,245,246,247,248,249,250,251,252,253,254,255,256,257,258,259,260,261,262,263,264,265,266,267,268,269,270,271,272,273,274,275,276,278,280,281,282,283,284,285,286,287,288,289,290,291,292,293,294,295,296,297,298,299,300,301,302,303,304,305,306,307,308,309,310,311,312,313,314,315,316,317,318,319,320,321,322,323,324,325,326,327,328,329,330,331,332,333,334,335,336,337,338,339,340,341,342,343,344,345,346,347,348,349) have mixed types. Specify dtype option on import or set low_memory=False.
Columns (0,3,4,5,6,7,8,9,10,11,12,13,14,15,16,17,18,19,20,21,22,23,24,25,26,27,28,29,30,31,32,33,34,35,36,37,38,39,40,41,42,43,44,45,46,47,48,49,50,51,52,53,54,55,56,57,58,59,60,61,62,63,64,65,66,67,68,69,70,71,72,73,74,75,76,77,78,79,80,81,82,83,84,85,86,87,88,89,90,91,92,93,94,95,96,97,98,99,100,101,102,103,104,105,106,107,108,109,110,111,112,113,114,115,116,117,118,119,120,121,122,123,124,125,126,127,128,129,130,131,132,133,134,135,136,137,138,139,140,141,142,143,144,145,146,147,148,149,150,151,152,153,154,155,156,157,158,159,160,161,162,163,164,165,166,167,168,169,170,171,172,173,174,175,176,177,178,179,180,181,182,183,184,185,186,187,188,189,190,191,192,193,194,195,196,197,198,199,200,201,202,203,204,205,206,207,208,209,210,211,212,213,214,215,216,217,218,219,220,221,222,223,224,225,226,227,228,229,230,231,232,233,234,235,236,237,238,239,240,241,242,243,244,245,246,247,248,249,250,251,252,253,254,255,256,257,258,259,260,261,262,263,264,265,266,267,268,269,270,271,272,273,274,275,276,278,280,281,282,283,284,285,286,287,288,289,290,291,292,293,294,295,296,297,298,299,300,301,302,303,304,305,306,307,308,309,310,311,312,313,314,315,316,317,318,319,320,321,322,323,324,325,326,327,328,329,330,331,332,333,334,335,336,337,338,339,340,341,342,343,344,345,346,347,348,349) have mixed types. Specify dtype option on import or set low_memory=False.
Columns (0,3,4,5,6,7,8,9,10,11,12,13,14,15,16,17,18,19,20,21,22,23,24,25,26,27,28,29,30,31,32,33,34,35,36,37,38,39,40,41,42,43,44,45,46,47,48,49,50,51,52,53,54,55,56,57,58,59,60,61,62,63,64,65,66,67,68,69,70,71,72,73,74,75,76,77,78,79,80,81,82,83,84,85,86,87,88,89,90,91,92,93,94,95,96,97,98,99,100,101,102,103,104,105,106,107,108,109,110,111,112,113,114,115,116,117,118,119,120,121,122,123,124,125,126,127,128,129,130,131,132,133,134,135,136,137,138,139,140,141,142,143,144,145,146,147,148,149,150,151,152,153,154,155,156,157,158,159,160,161,162,163,164,165,166,167,168,169,170,171,172,173,174,175,176,177,178,179,180,181,182,183,184,185,186,187,188,189,190,191,192,193,194,195,196,197,198,199,200,201,202,203,204,205,206,207,208,209,210,211,212,213,214,215,216,217,218,219,220,221,222,223,224,225,226,227,228,229,230,231,232,233,234,235,236,237,238,239,240,241,242,243,244,245,246,247,248,249,250,251,252,253,254,255,256,257,258,259,260,261,262,263,264,265,266,267,268,269,270,271,272,273,274,275,276,278,280,281,282,283,284,285,286,287,288,289,290,291,292,293,294,295,296,297,298,299,300,301,302,303,304,305,306,307,308,309,310,311,312,313,314,315,316,317,318,319,320,321,322,323,324,325,326,327,328,329,330,331,332,333,334,335,336,337,338,339,340,341,342,343,344,345,346,347,348,349) have mixed types. Specify dtype option on import or set low_memory=False.
iter: 0, sample_no: 1692, actual label: 0, predicted: 0
iter: 1, sample_no: 1237, actual label: 0, predicted: 0
iter: 2, sample_no: 452, actual label: 1, predicted: 1
iter: 3, sample_no: 1949, actual label: 0, predicted: 0
iter: 4, sample_no: 1607, actual label: 0, predicted: 0
iter: 5, sample_no: 96, actual label: 0, predicted: 0
iter: 6, sample_no: 158, actual label: 0, predicted: 0
iter: 7, sample_no: 2033, actual label: 0, predicted: 0
iter: 8, sample_no: 1956, actual label: 0, predicted: 0
iter: 9, sample_no: 75, actual label: 0, predicted: 0
iter: 10, sample_no: 756, actual label: 1, predicted: 1
iter: 11, sample_no: 2498, actual label: 0, predicted: 0
iter: 12, sample_no: 152, actual label: 0, predicted: 0
iter: 13, sample_no: 1985, actual label: 0, predicted: 0
iter: 14, sample_no: 1143, actual label: 0, predicted: 0
iter: 15, sample_no: 399, actual label: 0, predicted: 0
iter: 16, sample_no: 645, actual label: 0, predicted: 0
iter: 17, sample_no: 1486, actual label: 0, predicted: 0
iter: 18, sample_no: 1693, actual label: 0, predicted: 0
iter: 19, sample_no: 1678, actual label: 0, predicted: 0
iter: 20, sample_no: 211, actual label: 0, predicted: 0
iter: 21, sample_no: 594, actual label: 0, predicted: 0
iter: 22, sample_no: 2053, actual label: 0, predicted: 0
iter: 23, sample_no: 627, actual label: 0, predicted: 0
iter: 24, sample_no: 248, actual label: 0, predicted: 0
number of samples: 2507
AUC 0.9976100254237875
pos_get 121
total recall stop_at 1.0
----------threshold stop at----------: 1
AUC [0.9976100254237875, 0.9976100254237875, 0.9976100254237875, 0.9976100254237875, 0.9976100254237875, 0.9976100254237875, 0.9976100254237875, 0.9976100254237875, 0.9976100254237875, 0.9976100254237875]
AUC_median 0.9976100254237875
AUC_iqr 0.0
cost [0.2357399282010371, 0.2357399282010371, 0.2357399282010371, 0.2357399282010371, 0.2357399282010371, 0.2357399282010371, 0.2357399282010371, 0.2357399282010371, 0.2357399282010371, 0.2357399282010371]
COST_med 0.2357399282010371
COST_iqr 0.0
f1_pos_list [0.9482071713147411, 0.9482071713147411, 0.9482071713147411, 0.9482071713147411, 0.9482071713147411, 0.9482071713147411, 0.9482071713147411, 0.9482071713147411, 0.9482071713147411, 0.9482071713147411]
f1_pos_med 0.9482071713147411
