@@@ A - classifier: SVC(C=1.0, break_ties=False, cache_size=200, class_weight='balanced', coef0=0.0,
    decision_function_shape='ovr', degree=3, gamma='scale', kernel='linear',
    max_iter=-1, probability=True, random_state=None, shrinking=True, tol=0.001,
    verbose=False)
@@@ B - threshold stop at: 1
@@@ C - Repeat number: 1
will not use leaked features
@@@ D - common_header:  {'F71-shaie@apache.org', 'F3-long[]', 'F105', 'F71-jpountz@apache.org', 'F3-CharSequence', 'F3-Path', 'F123', 'F3-FileInputStream', 'F15-private', 'F15-public', 'F71-erick@apache.org', 'F3-char', 'F3-boolean', 'F126', 'F101', 'F41', 'F3-int', 'F72', 'F71-hossman@apache.org', 'F71-sarowe@apache.org', 'F25', 'F3-CharStream', 'F68', 'F65', 'F71-chrism@apache.org', 'F71-mikemccand@apache.org', 'F71-uschindler@apache.org', 'category', 'F71-markrmiller@apache.org', 'F71-rmuir@apache.org', 'F71-anshum@apache.org', 'F3-Among[]', 'F3-long', 'F15-protected', 'F104', 'F71-noble@apache.org', 'F3-ValueSource', 'F71-simonw@apache.org', 'F3-String', 'F77', 'F71-shalin@apache.org', 'F71-romseygeek@apache.org', 'F15-NA', 'F3-char[]', 'F71-ryan@apache.org', 'F3-NA', 'F3-Class', 'F71-rjernst@apache.org', 'F3-int[]', 'F71-yonik@apache.org', 'F22'}
     F72            ...            F71-uschindler@apache.org
1   4679            ...                                    1
2   4679            ...                                    1
3  19865            ...                                    1

[3 rows x 50 columns]
;.;
        F72            ...              F71-uschindler@apache.org
0  0.035424            ...                                    1.0
1  0.035424            ...                                    1.0
2  0.747947            ...                                    1.0

[3 rows x 50 columns]
training_x: (3259, 50)
training_y: 3259
testset_x: (393, 50)
testset_y: 393
              precision    recall  f1-score   support

           0       0.65      0.88      0.74       251
           1       0.42      0.15      0.23       142

    accuracy                           0.62       393
   macro avg       0.53      0.52      0.49       393
weighted avg       0.56      0.62      0.56       393

accuracy: 0.6157760814249363
0.22564102564102562
@@@ tn: 220, fp: 31, fn: 120, tp: 22
@@@ LIME - Creating explainer
@@@ LIME - Random Sampling of Instances
iter: 0, sample_no: 320, actual label: 0, predicted: 0
iter: 1, sample_no: 345, actual label: 0, predicted: 0
iter: 2, sample_no: 224, actual label: 0, predicted: 0
iter: 3, sample_no: 286, actual label: 0, predicted: 0
iter: 4, sample_no: 276, actual label: 1, predicted: 1
iter: 5, sample_no: 280, actual label: 0, predicted: 1
iter: 6, sample_no: 307, actual label: 0, predicted: 0
iter: 7, sample_no: 276, actual label: 1, predicted: 1
iter: 8, sample_no: 151, actual label: 1, predicted: 0
iter: 9, sample_no: 204, actual label: 0, predicted: 0
iter: 10, sample_no: 123, actual label: 0, predicted: 0
iter: 11, sample_no: 186, actual label: 0, predicted: 0
iter: 12, sample_no: 173, actual label: 1, predicted: 1
iter: 13, sample_no: 44, actual label: 0, predicted: 1
iter: 14, sample_no: 254, actual label: 0, predicted: 0
iter: 15, sample_no: 296, actual label: 0, predicted: 1
iter: 16, sample_no: 144, actual label: 1, predicted: 0
iter: 17, sample_no: 256, actual label: 0, predicted: 0
iter: 18, sample_no: 83, actual label: 0, predicted: 0
iter: 19, sample_no: 108, actual label: 0, predicted: 0
iter: 20, sample_no: 123, actual label: 0, predicted: 0
iter: 21, sample_no: 251, actual label: 0, predicted: 0
iter: 22, sample_no: 242, actual label: 0, predicted: 0
iter: 23, sample_no: 102, actual label: 1, predicted: 0
iter: 24, sample_no: 307, actual label: 0, predicted: 0
number of samples: 393
AUC 0.6221873071095898
pos_get 142
total recall stop_at 1
@@@ C - Repeat number: 2
will not use leaked features
@@@ D - common_header:  {'F71-shaie@apache.org', 'F3-long[]', 'F105', 'F71-jpountz@apache.org', 'F3-CharSequence', 'F3-Path', 'F123', 'F3-FileInputStream', 'F15-private', 'F15-public', 'F71-erick@apache.org', 'F3-char', 'F3-boolean', 'F126', 'F101', 'F41', 'F3-int', 'F72', 'F71-hossman@apache.org', 'F71-sarowe@apache.org', 'F25', 'F3-CharStream', 'F68', 'F65', 'F71-chrism@apache.org', 'F71-mikemccand@apache.org', 'F71-uschindler@apache.org', 'category', 'F71-markrmiller@apache.org', 'F71-rmuir@apache.org', 'F71-anshum@apache.org', 'F3-Among[]', 'F3-long', 'F15-protected', 'F104', 'F71-noble@apache.org', 'F3-ValueSource', 'F71-simonw@apache.org', 'F3-String', 'F77', 'F71-shalin@apache.org', 'F71-romseygeek@apache.org', 'F15-NA', 'F3-char[]', 'F71-ryan@apache.org', 'F3-NA', 'F3-Class', 'F71-rjernst@apache.org', 'F3-int[]', 'F71-yonik@apache.org', 'F22'}
     F72            ...            F71-uschindler@apache.org
1   4679            ...                                    1
2   4679            ...                                    1
3  19865            ...                                    1

[3 rows x 50 columns]
;.;
        F72            ...              F71-uschindler@apache.org
0  0.035424            ...                                    1.0
1  0.035424            ...                                    1.0
2  0.747947            ...                                    1.0

[3 rows x 50 columns]
training_x: (3259, 50)
training_y: 3259
testset_x: (393, 50)
testset_y: 393
              precision    recall  f1-score   support

           0       0.65      0.88      0.74       251
           1       0.42      0.15      0.23       142

    accuracy                           0.62       393
   macro avg       0.53      0.52      0.49       393
weighted avg       0.56      0.62      0.56       393

accuracy: 0.6157760814249363
0.22564102564102562
@@@ tn: 220, fp: 31, fn: 120, tp: 22
@@@ LIME - Creating explainer
@@@ LIME - Random Sampling of Instances
iter: 0, sample_no: 241, actual label: 0, predicted: 0
iter: 1, sample_no: 338, actual label: 1, predicted: 0
iter: 2, sample_no: 191, actual label: 0, predicted: 0
iter: 3, sample_no: 306, actual label: 0, predicted: 0
iter: 4, sample_no: 68, actual label: 0, predicted: 0
iter: 5, sample_no: 44, actual label: 0, predicted: 1
iter: 6, sample_no: 172, actual label: 1, predicted: 0
iter: 7, sample_no: 145, actual label: 1, predicted: 0
iter: 8, sample_no: 64, actual label: 0, predicted: 0
iter: 9, sample_no: 306, actual label: 0, predicted: 0
iter: 10, sample_no: 251, actual label: 0, predicted: 0
iter: 11, sample_no: 9, actual label: 1, predicted: 0
iter: 12, sample_no: 46, actual label: 0, predicted: 0
iter: 13, sample_no: 13, actual label: 0, predicted: 0
iter: 14, sample_no: 25, actual label: 1, predicted: 0
iter: 15, sample_no: 72, actual label: 0, predicted: 0
iter: 16, sample_no: 277, actual label: 1, predicted: 1
iter: 17, sample_no: 44, actual label: 0, predicted: 1
iter: 18, sample_no: 251, actual label: 0, predicted: 0
iter: 19, sample_no: 109, actual label: 1, predicted: 0
iter: 20, sample_no: 123, actual label: 0, predicted: 0
iter: 21, sample_no: 20, actual label: 0, predicted: 0
iter: 22, sample_no: 271, actual label: 1, predicted: 0
iter: 23, sample_no: 214, actual label: 0, predicted: 0
iter: 24, sample_no: 90, actual label: 0, predicted: 0
number of samples: 393
AUC 0.6221873071095898
pos_get 142
total recall stop_at 1
@@@ C - Repeat number: 3
will not use leaked features
@@@ D - common_header:  {'F71-shaie@apache.org', 'F3-long[]', 'F105', 'F71-jpountz@apache.org', 'F3-CharSequence', 'F3-Path', 'F123', 'F3-FileInputStream', 'F15-private', 'F15-public', 'F71-erick@apache.org', 'F3-char', 'F3-boolean', 'F126', 'F101', 'F41', 'F3-int', 'F72', 'F71-hossman@apache.org', 'F71-sarowe@apache.org', 'F25', 'F3-CharStream', 'F68', 'F65', 'F71-chrism@apache.org', 'F71-mikemccand@apache.org', 'F71-uschindler@apache.org', 'category', 'F71-markrmiller@apache.org', 'F71-rmuir@apache.org', 'F71-anshum@apache.org', 'F3-Among[]', 'F3-long', 'F15-protected', 'F104', 'F71-noble@apache.org', 'F3-ValueSource', 'F71-simonw@apache.org', 'F3-String', 'F77', 'F71-shalin@apache.org', 'F71-romseygeek@apache.org', 'F15-NA', 'F3-char[]', 'F71-ryan@apache.org', 'F3-NA', 'F3-Class', 'F71-rjernst@apache.org', 'F3-int[]', 'F71-yonik@apache.org', 'F22'}
     F72            ...            F71-uschindler@apache.org
1   4679            ...                                    1
2   4679            ...                                    1
3  19865            ...                                    1

[3 rows x 50 columns]
;.;
        F72            ...              F71-uschindler@apache.org
0  0.035424            ...                                    1.0
1  0.035424            ...                                    1.0
2  0.747947            ...                                    1.0

[3 rows x 50 columns]
training_x: (3259, 50)
training_y: 3259
testset_x: (393, 50)
testset_y: 393
              precision    recall  f1-score   support

           0       0.65      0.88      0.74       251
           1       0.42      0.15      0.23       142

    accuracy                           0.62       393
   macro avg       0.53      0.52      0.49       393
weighted avg       0.56      0.62      0.56       393

accuracy: 0.6157760814249363
0.22564102564102562
@@@ tn: 220, fp: 31, fn: 120, tp: 22
@@@ LIME - Creating explainer
@@@ LIME - Random Sampling of Instances
iter: 0, sample_no: 131, actual label: 1, predicted: 0
iter: 1, sample_no: 187, actual label: 0, predicted: 0
iter: 2, sample_no: 316, actual label: 1, predicted: 0
iter: 3, sample_no: 228, actual label: 0, predicted: 0
iter: 4, sample_no: 283, actual label: 0, predicted: 1
iter: 5, sample_no: 372, actual label: 0, predicted: 0
iter: 6, sample_no: 317, actual label: 0, predicted: 0
iter: 7, sample_no: 85, actual label: 0, predicted: 0
iter: 8, sample_no: 298, actual label: 1, predicted: 0
iter: 9, sample_no: 250, actual label: 0, predicted: 0
iter: 10, sample_no: 49, actual label: 0, predicted: 0
iter: 11, sample_no: 18, actual label: 0, predicted: 0
iter: 12, sample_no: 206, actual label: 0, predicted: 0
iter: 13, sample_no: 299, actual label: 0, predicted: 0
iter: 14, sample_no: 234, actual label: 0, predicted: 0
iter: 15, sample_no: 154, actual label: 1, predicted: 0
iter: 16, sample_no: 302, actual label: 1, predicted: 0
iter: 17, sample_no: 323, actual label: 0, predicted: 0
iter: 18, sample_no: 183, actual label: 0, predicted: 0
iter: 19, sample_no: 246, actual label: 0, predicted: 0
iter: 20, sample_no: 323, actual label: 0, predicted: 0
iter: 21, sample_no: 78, actual label: 0, predicted: 1
iter: 22, sample_no: 23, actual label: 1, predicted: 0
iter: 23, sample_no: 57, actual label: 0, predicted: 0
iter: 24, sample_no: 312, actual label: 1, predicted: 0
number of samples: 393
AUC 0.6221592503226531
pos_get 142
total recall stop_at 1
@@@ C - Repeat number: 4
will not use leaked features
@@@ D - common_header:  {'F71-shaie@apache.org', 'F3-long[]', 'F105', 'F71-jpountz@apache.org', 'F3-CharSequence', 'F3-Path', 'F123', 'F3-FileInputStream', 'F15-private', 'F15-public', 'F71-erick@apache.org', 'F3-char', 'F3-boolean', 'F126', 'F101', 'F41', 'F3-int', 'F72', 'F71-hossman@apache.org', 'F71-sarowe@apache.org', 'F25', 'F3-CharStream', 'F68', 'F65', 'F71-chrism@apache.org', 'F71-mikemccand@apache.org', 'F71-uschindler@apache.org', 'category', 'F71-markrmiller@apache.org', 'F71-rmuir@apache.org', 'F71-anshum@apache.org', 'F3-Among[]', 'F3-long', 'F15-protected', 'F104', 'F71-noble@apache.org', 'F3-ValueSource', 'F71-simonw@apache.org', 'F3-String', 'F77', 'F71-shalin@apache.org', 'F71-romseygeek@apache.org', 'F15-NA', 'F3-char[]', 'F71-ryan@apache.org', 'F3-NA', 'F3-Class', 'F71-rjernst@apache.org', 'F3-int[]', 'F71-yonik@apache.org', 'F22'}
     F72            ...            F71-uschindler@apache.org
1   4679            ...                                    1
2   4679            ...                                    1
3  19865            ...                                    1

[3 rows x 50 columns]
;.;
        F72            ...              F71-uschindler@apache.org
0  0.035424            ...                                    1.0
1  0.035424            ...                                    1.0
2  0.747947            ...                                    1.0

[3 rows x 50 columns]
training_x: (3259, 50)
training_y: 3259
testset_x: (393, 50)
testset_y: 393
              precision    recall  f1-score   support

           0       0.65      0.88      0.74       251
           1       0.42      0.15      0.23       142

    accuracy                           0.62       393
   macro avg       0.53      0.52      0.49       393
weighted avg       0.56      0.62      0.56       393

accuracy: 0.6157760814249363
0.22564102564102562
@@@ tn: 220, fp: 31, fn: 120, tp: 22
@@@ LIME - Creating explainer
@@@ LIME - Random Sampling of Instances
iter: 0, sample_no: 325, actual label: 1, predicted: 0
iter: 1, sample_no: 336, actual label: 0, predicted: 0
iter: 2, sample_no: 258, actual label: 0, predicted: 0
iter: 3, sample_no: 98, actual label: 1, predicted: 0
iter: 4, sample_no: 320, actual label: 0, predicted: 0
iter: 5, sample_no: 69, actual label: 0, predicted: 0
iter: 6, sample_no: 349, actual label: 0, predicted: 0
iter: 7, sample_no: 368, actual label: 0, predicted: 0
iter: 8, sample_no: 43, actual label: 0, predicted: 1
iter: 9, sample_no: 345, actual label: 0, predicted: 0
iter: 10, sample_no: 63, actual label: 1, predicted: 0
iter: 11, sample_no: 217, actual label: 0, predicted: 0
iter: 12, sample_no: 182, actual label: 0, predicted: 0
iter: 13, sample_no: 78, actual label: 0, predicted: 1
iter: 14, sample_no: 328, actual label: 1, predicted: 1
iter: 15, sample_no: 266, actual label: 0, predicted: 0
iter: 16, sample_no: 201, actual label: 0, predicted: 0
iter: 17, sample_no: 60, actual label: 0, predicted: 0
iter: 18, sample_no: 385, actual label: 1, predicted: 0
iter: 19, sample_no: 223, actual label: 0, predicted: 0
iter: 20, sample_no: 114, actual label: 0, predicted: 0
iter: 21, sample_no: 307, actual label: 0, predicted: 0
iter: 22, sample_no: 77, actual label: 0, predicted: 1
iter: 23, sample_no: 312, actual label: 1, predicted: 0
iter: 24, sample_no: 143, actual label: 1, predicted: 0
number of samples: 393
AUC 0.6221873071095898
pos_get 142
total recall stop_at 1
@@@ C - Repeat number: 5
/Users/author1/anaconda3/lib/python3.6/site-packages/tensorflow/python/framework/dtypes.py:463: FutureWarning: Passing (type, 1) or '1type' as a synonym of type is deprecated; in a future version of numpy, it will be understood as (type, (1,)) / '(1,)type'.
  _np_qint8 = np.dtype([("qint8", np.int8, 1)])
/Users/author1/anaconda3/lib/python3.6/site-packages/tensorflow/python/framework/dtypes.py:464: FutureWarning: Passing (type, 1) or '1type' as a synonym of type is deprecated; in a future version of numpy, it will be understood as (type, (1,)) / '(1,)type'.
  _np_quint8 = np.dtype([("quint8", np.uint8, 1)])
/Users/author1/anaconda3/lib/python3.6/site-packages/tensorflow/python/framework/dtypes.py:465: FutureWarning: Passing (type, 1) or '1type' as a synonym of type is deprecated; in a future version of numpy, it will be understood as (type, (1,)) / '(1,)type'.
  _np_qint16 = np.dtype([("qint16", np.int16, 1)])
/Users/author1/anaconda3/lib/python3.6/site-packages/tensorflow/python/framework/dtypes.py:466: FutureWarning: Passing (type, 1) or '1type' as a synonym of type is deprecated; in a future version of numpy, it will be understood as (type, (1,)) / '(1,)type'.
  _np_quint16 = np.dtype([("quint16", np.uint16, 1)])
/Users/author1/anaconda3/lib/python3.6/site-packages/tensorflow/python/framework/dtypes.py:467: FutureWarning: Passing (type, 1) or '1type' as a synonym of type is deprecated; in a future version of numpy, it will be understood as (type, (1,)) / '(1,)type'.
  _np_qint32 = np.dtype([("qint32", np.int32, 1)])
Columns (0,3,4,5,6,7,8,9,10,11,12,13,14,15,16,17,18,19,20,21,22,23,24,25,26,27,28,29,30,31,32,33,34,35,36,37,38,39,40,41,42,43,44,45,46,47,48,49,50,51,52,53,54,55,56,57,58,59,60,61,62,63,64,65,66,67,68,69,70,71,72,73,74,75,76,77,78,79,80,81,82,83,84,85,86,87,88,89,90,91,92,93,94,95,96,97,98,99,100,101,102,103,104,105,106,107,108,109,110,111,112,113,114,115,116,117,118,119,120,121,122,123,124,125,126,127,128,129,130,131,132,133,134,135,136,137,138,139,140,141,142,143,144,145,146,147,148,149,150,151,152,153,154,155,156,157,158,159,160,161,162,163,164,165,166,167,168,169,170,171,172,173,174,175,176,177,178,179,180,181,182,183,184,185,186,187,188,189,190,191,192,193,194,195,196,197,198,199,200,201,202,203,204,205,206,207,208,209,210,211,212,213,214,215,216,217,218,219,220,221,222,223,224,225,226,227,228,229,230,231,232,233,234,235,236,237,238,239,240,241,242,243,244,245,246,247,248,249,250,251,252,253,254,255,256,257,258,259,260,261,262,263,264,265,266,267,268,269,270,271,272,273,274,275,276,277,278,279,280,282,284,285,286,287,288,289,290,291,292,293,294,295,296,297,298,299,300,301,302,303,304,305,306,307,308,309,310,311,312,313,314,315,316,317,318,319,320,321,322,323,324,325,326,327,328,329,330,331,332,333,334,335,336,337,338,339,340,341,342,343,344,345,346,347,348,349,350,351,352,353) have mixed types. Specify dtype option on import or set low_memory=False.
Columns (0,3,4,5,6,7,8,9,10,11,12,13,14,15,16,17,18,19,20,21,22,23,24,25,26,27,28,29,30,31,32,33,34,35,36,37,38,39,40,41,42,43,44,45,46,47,48,49,50,51,52,53,54,55,56,57,58,59,60,61,62,63,64,65,66,67,68,69,70,71,72,73,74,75,76,77,78,79,80,81,82,83,84,85,86,87,88,89,90,91,92,93,94,95,96,97,98,99,100,101,102,103,104,105,106,107,108,109,110,111,112,113,114,115,116,117,118,119,120,121,122,123,124,125,126,127,128,129,130,131,132,133,134,135,136,137,138,139,140,141,142,143,144,145,146,147,148,149,150,151,152,153,154,155,156,157,158,159,160,161,162,163,164,165,166,167,168,169,170,171,172,173,174,175,176,177,178,179,180,181,182,183,184,185,186,187,188,189,190,191,192,193,194,195,196,197,198,199,200,201,202,203,204,205,206,207,208,209,210,211,212,213,214,215,216,217,218,219,220,221,222,223,224,225,226,227,228,229,230,231,232,233,234,235,236,237,238,239,240,241,242,243,244,245,246,247,248,249,250,251,252,253,254,255,256,257,258,259,260,261,262,263,264,265,266,267,268,269,270,271,272,273,274,275,276,277,278,279,280,282,284,285,286,287,288,289,290,291,292,293,294,295,296,297,298,299,300,301,302,303,304,305,306,307,308,309,310,311,312,313,314,315,316,317,318,319,320,321,322,323,324,325,326,327,328,329,330,331,332,333,334,335,336,337,338,339,340,341,342,343,344,345,346,347,348,349,350,351,352,353) have mixed types. Specify dtype option on import or set low_memory=False.
Columns (0,3,4,5,6,7,8,9,10,11,12,13,14,15,16,17,18,19,20,21,22,23,24,25,26,27,28,29,30,31,32,33,34,35,36,37,38,39,40,41,42,43,44,45,46,47,48,49,50,51,52,53,54,55,56,57,58,59,60,61,62,63,64,65,66,67,68,69,70,71,72,73,74,75,76,77,78,79,80,81,82,83,84,85,86,87,88,89,90,91,92,93,94,95,96,97,98,99,100,101,102,103,104,105,106,107,108,109,110,111,112,113,114,115,116,117,118,119,120,121,122,123,124,125,126,127,128,129,130,131,132,133,134,135,136,137,138,139,140,141,142,143,144,145,146,147,148,149,150,151,152,153,154,155,156,157,158,159,160,161,162,163,164,165,166,167,168,169,170,171,172,173,174,175,176,177,178,179,180,181,182,183,184,185,186,187,188,189,190,191,192,193,194,195,196,197,198,199,200,201,202,203,204,205,206,207,208,209,210,211,212,213,214,215,216,217,218,219,220,221,222,223,224,225,226,227,228,229,230,231,232,233,234,235,236,237,238,239,240,241,242,243,244,245,246,247,248,249,250,251,252,253,254,255,256,257,258,259,260,261,262,263,264,265,266,267,268,269,270,271,272,273,274,275,276,277,278,279,280,282,284,285,286,287,288,289,290,291,292,293,294,295,296,297,298,299,300,301,302,303,304,305,306,307,308,309,310,311,312,313,314,315,316,317,318,319,320,321,322,323,324,325,326,327,328,329,330,331,332,333,334,335,336,337,338,339,340,341,342,343,344,345,346,347,348,349,350,351,352,353) have mixed types. Specify dtype option on import or set low_memory=False.
Columns (0,3,4,5,6,7,8,9,10,11,12,13,14,15,16,17,18,19,20,21,22,23,24,25,26,27,28,29,30,31,32,33,34,35,36,37,38,39,40,41,42,43,44,45,46,47,48,49,50,51,52,53,54,55,56,57,58,59,60,61,62,63,64,65,66,67,68,69,70,71,72,73,74,75,76,77,78,79,80,81,82,83,84,85,86,87,88,89,90,91,92,93,94,95,96,97,98,99,100,101,102,103,104,105,106,107,108,109,110,111,112,113,114,115,116,117,118,119,120,121,122,123,124,125,126,127,128,129,130,131,132,133,134,135,136,137,138,139,140,141,142,143,144,145,146,147,148,149,150,151,152,153,154,155,156,157,158,159,160,161,162,163,164,165,166,167,168,169,170,171,172,173,174,175,176,177,178,179,180,181,182,183,184,185,186,187,188,189,190,191,192,193,194,195,196,197,198,199,200,201,202,203,204,205,206,207,208,209,210,211,212,213,214,215,216,217,218,219,220,221,222,223,224,225,226,227,228,229,230,231,232,233,234,235,236,237,238,239,240,241,242,243,244,245,246,247,248,249,250,251,252,253,254,255,256,257,258,259,260,261,262,263,264,265,266,267,268,269,270,271,272,273,274,275,276,277,278,279,280,282,284,285,286,287,288,289,290,291,292,293,294,295,296,297,298,299,300,301,302,303,304,305,306,307,308,309,310,311,312,313,314,315,316,317,318,319,320,321,322,323,324,325,326,327,328,329,330,331,332,333,334,335,336,337,338,339,340,341,342,343,344,345,346,347,348,349,350,351,352,353) have mixed types. Specify dtype option on import or set low_memory=False.
Columns (0,3,4,5,6,7,8,9,10,11,12,13,14,15,16,17,18,19,20,21,22,23,24,25,26,27,28,29,30,31,32,33,34,35,36,37,38,39,40,41,42,43,44,45,46,47,48,49,50,51,52,53,54,55,56,57,58,59,60,61,62,63,64,65,66,67,68,69,70,71,72,73,74,75,76,77,78,79,80,81,82,83,84,85,86,87,88,89,90,91,92,93,94,95,96,97,98,99,100,101,102,103,104,105,106,107,108,109,110,111,112,113,114,115,116,117,118,119,120,121,122,123,124,125,126,127,128,129,130,131,132,133,134,135,136,137,138,139,140,141,142,143,144,145,146,147,148,149,150,151,152,153,154,155,156,157,158,159,160,161,162,163,164,165,166,167,168,169,170,171,172,173,174,175,176,177,178,179,180,181,182,183,184,185,186,187,188,189,190,191,192,193,194,195,196,197,198,199,200,201,202,203,204,205,206,207,208,209,210,211,212,213,214,215,216,217,218,219,220,221,222,223,224,225,226,227,228,229,230,231,232,233,234,235,236,237,238,239,240,241,242,243,244,245,246,247,248,249,250,251,252,253,254,255,256,257,258,259,260,261,262,263,264,265,266,267,268,269,270,271,272,273,274,275,276,277,278,279,280,282,284,285,286,287,288,289,290,291,292,293,294,295,296,297,298,299,300,301,302,303,304,305,306,307,308,309,310,311,312,313,314,315,316,317,318,319,320,321,322,323,324,325,326,327,328,329,330,331,332,333,334,335,336,337,338,339,340,341,342,343,344,345,346,347,348,349,350,351,352,353) have mixed types. Specify dtype option on import or set low_memory=False.
will not use leaked features
@@@ D - common_header:  {'F71-shaie@apache.org', 'F3-long[]', 'F105', 'F71-jpountz@apache.org', 'F3-CharSequence', 'F3-Path', 'F123', 'F3-FileInputStream', 'F15-private', 'F15-public', 'F71-erick@apache.org', 'F3-char', 'F3-boolean', 'F126', 'F101', 'F41', 'F3-int', 'F72', 'F71-hossman@apache.org', 'F71-sarowe@apache.org', 'F25', 'F3-CharStream', 'F68', 'F65', 'F71-chrism@apache.org', 'F71-mikemccand@apache.org', 'F71-uschindler@apache.org', 'category', 'F71-markrmiller@apache.org', 'F71-rmuir@apache.org', 'F71-anshum@apache.org', 'F3-Among[]', 'F3-long', 'F15-protected', 'F104', 'F71-noble@apache.org', 'F3-ValueSource', 'F71-simonw@apache.org', 'F3-String', 'F77', 'F71-shalin@apache.org', 'F71-romseygeek@apache.org', 'F15-NA', 'F3-char[]', 'F71-ryan@apache.org', 'F3-NA', 'F3-Class', 'F71-rjernst@apache.org', 'F3-int[]', 'F71-yonik@apache.org', 'F22'}
     F72            ...            F71-uschindler@apache.org
1   4679            ...                                    1
2   4679            ...                                    1
3  19865            ...                                    1

[3 rows x 50 columns]
;.;
        F72            ...              F71-uschindler@apache.org
0  0.035424            ...                                    1.0
1  0.035424            ...                                    1.0
2  0.747947            ...                                    1.0

[3 rows x 50 columns]
training_x: (3259, 50)
training_y: 3259
testset_x: (393, 50)
testset_y: 393
              precision    recall  f1-score   support

           0       0.65      0.88      0.74       251
           1       0.42      0.15      0.23       142

    accuracy                           0.62       393
   macro avg       0.53      0.52      0.49       393
weighted avg       0.56      0.62      0.56       393

accuracy: 0.6157760814249363
0.22564102564102562
@@@ tn: 220, fp: 31, fn: 120, tp: 22
@@@ LIME - Creating explainer
@@@ LIME - Random Sampling of Instances
iter: 0, sample_no: 390, actual label: 0, predicted: 0
iter: 1, sample_no: 254, actual label: 0, predicted: 0
iter: 2, sample_no: 340, actual label: 0, predicted: 1
iter: 3, sample_no: 79, actual label: 0, predicted: 1
iter: 4, sample_no: 44, actual label: 0, predicted: 1
iter: 5, sample_no: 110, actual label: 0, predicted: 0
iter: 6, sample_no: 200, actual label: 0, predicted: 0
iter: 7, sample_no: 381, actual label: 0, predicted: 0
iter: 8, sample_no: 87, actual label: 0, predicted: 0
iter: 9, sample_no: 50, actual label: 0, predicted: 0
iter: 10, sample_no: 217, actual label: 0, predicted: 0
iter: 11, sample_no: 80, actual label: 0, predicted: 0
iter: 12, sample_no: 158, actual label: 1, predicted: 0
iter: 13, sample_no: 157, actual label: 1, predicted: 0
iter: 14, sample_no: 139, actual label: 1, predicted: 0
iter: 15, sample_no: 172, actual label: 1, predicted: 0
iter: 16, sample_no: 15, actual label: 0, predicted: 0
iter: 17, sample_no: 168, actual label: 0, predicted: 0
iter: 18, sample_no: 165, actual label: 1, predicted: 0
iter: 19, sample_no: 185, actual label: 0, predicted: 0
iter: 20, sample_no: 82, actual label: 0, predicted: 0
iter: 21, sample_no: 98, actual label: 1, predicted: 0
iter: 22, sample_no: 187, actual label: 0, predicted: 0
iter: 23, sample_no: 29, actual label: 0, predicted: 1
iter: 24, sample_no: 124, actual label: 0, predicted: 0
number of samples: 393
AUC 0.6221873071095898
pos_get 142
total recall stop_at 1
@@@ C - Repeat number: 6
will not use leaked features
@@@ D - common_header:  {'F71-shaie@apache.org', 'F3-long[]', 'F105', 'F71-jpountz@apache.org', 'F3-CharSequence', 'F3-Path', 'F123', 'F3-FileInputStream', 'F15-private', 'F15-public', 'F71-erick@apache.org', 'F3-char', 'F3-boolean', 'F126', 'F101', 'F41', 'F3-int', 'F72', 'F71-hossman@apache.org', 'F71-sarowe@apache.org', 'F25', 'F3-CharStream', 'F68', 'F65', 'F71-chrism@apache.org', 'F71-mikemccand@apache.org', 'F71-uschindler@apache.org', 'category', 'F71-markrmiller@apache.org', 'F71-rmuir@apache.org', 'F71-anshum@apache.org', 'F3-Among[]', 'F3-long', 'F15-protected', 'F104', 'F71-noble@apache.org', 'F3-ValueSource', 'F71-simonw@apache.org', 'F3-String', 'F77', 'F71-shalin@apache.org', 'F71-romseygeek@apache.org', 'F15-NA', 'F3-char[]', 'F71-ryan@apache.org', 'F3-NA', 'F3-Class', 'F71-rjernst@apache.org', 'F3-int[]', 'F71-yonik@apache.org', 'F22'}
     F72            ...            F71-uschindler@apache.org
1   4679            ...                                    1
2   4679            ...                                    1
3  19865            ...                                    1

[3 rows x 50 columns]
;.;
        F72            ...              F71-uschindler@apache.org
0  0.035424            ...                                    1.0
1  0.035424            ...                                    1.0
2  0.747947            ...                                    1.0

[3 rows x 50 columns]
training_x: (3259, 50)
training_y: 3259
testset_x: (393, 50)
testset_y: 393
              precision    recall  f1-score   support

           0       0.65      0.88      0.74       251
           1       0.42      0.15      0.23       142

    accuracy                           0.62       393
   macro avg       0.53      0.52      0.49       393
weighted avg       0.56      0.62      0.56       393

accuracy: 0.6157760814249363
0.22564102564102562
@@@ tn: 220, fp: 31, fn: 120, tp: 22
@@@ LIME - Creating explainer
@@@ LIME - Random Sampling of Instances
iter: 0, sample_no: 51, actual label: 0, predicted: 0
iter: 1, sample_no: 383, actual label: 0, predicted: 0
iter: 2, sample_no: 306, actual label: 0, predicted: 0
iter: 3, sample_no: 188, actual label: 0, predicted: 0
iter: 4, sample_no: 321, actual label: 0, predicted: 0
iter: 5, sample_no: 73, actual label: 0, predicted: 0
iter: 6, sample_no: 22, actual label: 1, predicted: 0
iter: 7, sample_no: 276, actual label: 1, predicted: 1
iter: 8, sample_no: 44, actual label: 0, predicted: 1
iter: 9, sample_no: 22, actual label: 1, predicted: 0
iter: 10, sample_no: 332, actual label: 1, predicted: 1
iter: 11, sample_no: 381, actual label: 0, predicted: 0
iter: 12, sample_no: 241, actual label: 0, predicted: 0
iter: 13, sample_no: 303, actual label: 0, predicted: 0
iter: 14, sample_no: 372, actual label: 0, predicted: 0
iter: 15, sample_no: 268, actual label: 0, predicted: 0
iter: 16, sample_no: 308, actual label: 0, predicted: 0
iter: 17, sample_no: 174, actual label: 1, predicted: 0
iter: 18, sample_no: 230, actual label: 0, predicted: 0
iter: 19, sample_no: 303, actual label: 0, predicted: 0
iter: 20, sample_no: 225, actual label: 0, predicted: 0
iter: 21, sample_no: 138, actual label: 1, predicted: 0
iter: 22, sample_no: 224, actual label: 0, predicted: 0
iter: 23, sample_no: 183, actual label: 0, predicted: 0
iter: 24, sample_no: 321, actual label: 0, predicted: 0
number of samples: 393
AUC 0.6221592503226531
pos_get 142
total recall stop_at 1
@@@ C - Repeat number: 7
will not use leaked features
@@@ D - common_header:  {'F71-shaie@apache.org', 'F3-long[]', 'F105', 'F71-jpountz@apache.org', 'F3-CharSequence', 'F3-Path', 'F123', 'F3-FileInputStream', 'F15-private', 'F15-public', 'F71-erick@apache.org', 'F3-char', 'F3-boolean', 'F126', 'F101', 'F41', 'F3-int', 'F72', 'F71-hossman@apache.org', 'F71-sarowe@apache.org', 'F25', 'F3-CharStream', 'F68', 'F65', 'F71-chrism@apache.org', 'F71-mikemccand@apache.org', 'F71-uschindler@apache.org', 'category', 'F71-markrmiller@apache.org', 'F71-rmuir@apache.org', 'F71-anshum@apache.org', 'F3-Among[]', 'F3-long', 'F15-protected', 'F104', 'F71-noble@apache.org', 'F3-ValueSource', 'F71-simonw@apache.org', 'F3-String', 'F77', 'F71-shalin@apache.org', 'F71-romseygeek@apache.org', 'F15-NA', 'F3-char[]', 'F71-ryan@apache.org', 'F3-NA', 'F3-Class', 'F71-rjernst@apache.org', 'F3-int[]', 'F71-yonik@apache.org', 'F22'}
     F72            ...            F71-uschindler@apache.org
1   4679            ...                                    1
2   4679            ...                                    1
3  19865            ...                                    1

[3 rows x 50 columns]
;.;
        F72            ...              F71-uschindler@apache.org
0  0.035424            ...                                    1.0
1  0.035424            ...                                    1.0
2  0.747947            ...                                    1.0

[3 rows x 50 columns]
training_x: (3259, 50)
training_y: 3259
testset_x: (393, 50)
testset_y: 393
              precision    recall  f1-score   support

           0       0.65      0.88      0.74       251
           1       0.42      0.15      0.23       142

    accuracy                           0.62       393
   macro avg       0.53      0.52      0.49       393
weighted avg       0.56      0.62      0.56       393

accuracy: 0.6157760814249363
0.22564102564102562
@@@ tn: 220, fp: 31, fn: 120, tp: 22
@@@ LIME - Creating explainer
@@@ LIME - Random Sampling of Instances
iter: 0, sample_no: 173, actual label: 1, predicted: 1
iter: 1, sample_no: 148, actual label: 1, predicted: 0
iter: 2, sample_no: 85, actual label: 0, predicted: 0
iter: 3, sample_no: 116, actual label: 0, predicted: 0
iter: 4, sample_no: 36, actual label: 0, predicted: 0
iter: 5, sample_no: 43, actual label: 0, predicted: 1
iter: 6, sample_no: 365, actual label: 0, predicted: 0
iter: 7, sample_no: 317, actual label: 0, predicted: 0
iter: 8, sample_no: 375, actual label: 1, predicted: 0
iter: 9, sample_no: 4, actual label: 1, predicted: 0
iter: 10, sample_no: 353, actual label: 1, predicted: 0
iter: 11, sample_no: 94, actual label: 1, predicted: 0
iter: 12, sample_no: 178, actual label: 1, predicted: 0
iter: 13, sample_no: 359, actual label: 0, predicted: 0
iter: 14, sample_no: 194, actual label: 0, predicted: 0
iter: 15, sample_no: 221, actual label: 0, predicted: 0
iter: 16, sample_no: 113, actual label: 0, predicted: 0
iter: 17, sample_no: 95, actual label: 1, predicted: 0
iter: 18, sample_no: 156, actual label: 1, predicted: 0
iter: 19, sample_no: 161, actual label: 1, predicted: 0
iter: 20, sample_no: 63, actual label: 1, predicted: 0
iter: 21, sample_no: 294, actual label: 1, predicted: 0
iter: 22, sample_no: 256, actual label: 0, predicted: 0
iter: 23, sample_no: 289, actual label: 0, predicted: 0
iter: 24, sample_no: 136, actual label: 1, predicted: 0
number of samples: 393
AUC 0.6221592503226531
pos_get 142
total recall stop_at 1
@@@ C - Repeat number: 8
will not use leaked features
@@@ D - common_header:  {'F71-shaie@apache.org', 'F3-long[]', 'F105', 'F71-jpountz@apache.org', 'F3-CharSequence', 'F3-Path', 'F123', 'F3-FileInputStream', 'F15-private', 'F15-public', 'F71-erick@apache.org', 'F3-char', 'F3-boolean', 'F126', 'F101', 'F41', 'F3-int', 'F72', 'F71-hossman@apache.org', 'F71-sarowe@apache.org', 'F25', 'F3-CharStream', 'F68', 'F65', 'F71-chrism@apache.org', 'F71-mikemccand@apache.org', 'F71-uschindler@apache.org', 'category', 'F71-markrmiller@apache.org', 'F71-rmuir@apache.org', 'F71-anshum@apache.org', 'F3-Among[]', 'F3-long', 'F15-protected', 'F104', 'F71-noble@apache.org', 'F3-ValueSource', 'F71-simonw@apache.org', 'F3-String', 'F77', 'F71-shalin@apache.org', 'F71-romseygeek@apache.org', 'F15-NA', 'F3-char[]', 'F71-ryan@apache.org', 'F3-NA', 'F3-Class', 'F71-rjernst@apache.org', 'F3-int[]', 'F71-yonik@apache.org', 'F22'}
     F72            ...            F71-uschindler@apache.org
1   4679            ...                                    1
2   4679            ...                                    1
3  19865            ...                                    1

[3 rows x 50 columns]
;.;
        F72            ...              F71-uschindler@apache.org
0  0.035424            ...                                    1.0
1  0.035424            ...                                    1.0
2  0.747947            ...                                    1.0

[3 rows x 50 columns]
training_x: (3259, 50)
training_y: 3259
testset_x: (393, 50)
testset_y: 393
              precision    recall  f1-score   support

           0       0.65      0.88      0.74       251
           1       0.42      0.15      0.23       142

    accuracy                           0.62       393
   macro avg       0.53      0.52      0.49       393
weighted avg       0.56      0.62      0.56       393

accuracy: 0.6157760814249363
0.22564102564102562
@@@ tn: 220, fp: 31, fn: 120, tp: 22
@@@ LIME - Creating explainer
@@@ LIME - Random Sampling of Instances
iter: 0, sample_no: 109, actual label: 1, predicted: 0
iter: 1, sample_no: 234, actual label: 0, predicted: 0
iter: 2, sample_no: 46, actual label: 0, predicted: 0
iter: 3, sample_no: 90, actual label: 0, predicted: 0
iter: 4, sample_no: 235, actual label: 0, predicted: 0
iter: 5, sample_no: 71, actual label: 1, predicted: 0
iter: 6, sample_no: 345, actual label: 0, predicted: 0
iter: 7, sample_no: 9, actual label: 1, predicted: 0
iter: 8, sample_no: 188, actual label: 0, predicted: 0
iter: 9, sample_no: 284, actual label: 0, predicted: 0
iter: 10, sample_no: 383, actual label: 0, predicted: 0
iter: 11, sample_no: 235, actual label: 0, predicted: 0
iter: 12, sample_no: 31, actual label: 0, predicted: 1
iter: 13, sample_no: 379, actual label: 1, predicted: 0
iter: 14, sample_no: 149, actual label: 1, predicted: 0
iter: 15, sample_no: 294, actual label: 1, predicted: 0
iter: 16, sample_no: 185, actual label: 0, predicted: 0
iter: 17, sample_no: 381, actual label: 0, predicted: 0
iter: 18, sample_no: 326, actual label: 1, predicted: 0
iter: 19, sample_no: 364, actual label: 0, predicted: 0
iter: 20, sample_no: 326, actual label: 1, predicted: 0
iter: 21, sample_no: 53, actual label: 0, predicted: 1
iter: 22, sample_no: 272, actual label: 0, predicted: 0
iter: 23, sample_no: 67, actual label: 0, predicted: 0
iter: 24, sample_no: 257, actual label: 0, predicted: 0
number of samples: 393
AUC 0.6221873071095898
pos_get 142
total recall stop_at 1
@@@ C - Repeat number: 9
will not use leaked features
@@@ D - common_header:  {'F71-shaie@apache.org', 'F3-long[]', 'F105', 'F71-jpountz@apache.org', 'F3-CharSequence', 'F3-Path', 'F123', 'F3-FileInputStream', 'F15-private', 'F15-public', 'F71-erick@apache.org', 'F3-char', 'F3-boolean', 'F126', 'F101', 'F41', 'F3-int', 'F72', 'F71-hossman@apache.org', 'F71-sarowe@apache.org', 'F25', 'F3-CharStream', 'F68', 'F65', 'F71-chrism@apache.org', 'F71-mikemccand@apache.org', 'F71-uschindler@apache.org', 'category', 'F71-markrmiller@apache.org', 'F71-rmuir@apache.org', 'F71-anshum@apache.org', 'F3-Among[]', 'F3-long', 'F15-protected', 'F104', 'F71-noble@apache.org', 'F3-ValueSource', 'F71-simonw@apache.org', 'F3-String', 'F77', 'F71-shalin@apache.org', 'F71-romseygeek@apache.org', 'F15-NA', 'F3-char[]', 'F71-ryan@apache.org', 'F3-NA', 'F3-Class', 'F71-rjernst@apache.org', 'F3-int[]', 'F71-yonik@apache.org', 'F22'}
     F72            ...            F71-uschindler@apache.org
1   4679            ...                                    1
2   4679            ...                                    1
3  19865            ...                                    1

[3 rows x 50 columns]
;.;
        F72            ...              F71-uschindler@apache.org
0  0.035424            ...                                    1.0
1  0.035424            ...                                    1.0
2  0.747947            ...                                    1.0

[3 rows x 50 columns]
training_x: (3259, 50)
training_y: 3259
testset_x: (393, 50)
testset_y: 393
              precision    recall  f1-score   support

           0       0.65      0.88      0.74       251
           1       0.42      0.15      0.23       142

    accuracy                           0.62       393
   macro avg       0.53      0.52      0.49       393
weighted avg       0.56      0.62      0.56       393

accuracy: 0.6157760814249363
0.22564102564102562
@@@ tn: 220, fp: 31, fn: 120, tp: 22
@@@ LIME - Creating explainer
@@@ LIME - Random Sampling of Instances
iter: 0, sample_no: 57, actual label: 0, predicted: 0
iter: 1, sample_no: 237, actual label: 0, predicted: 0
iter: 2, sample_no: 3, actual label: 1, predicted: 0
iter: 3, sample_no: 282, actual label: 1, predicted: 0
iter: 4, sample_no: 382, actual label: 0, predicted: 0
iter: 5, sample_no: 204, actual label: 0, predicted: 0
iter: 6, sample_no: 206, actual label: 0, predicted: 0
iter: 7, sample_no: 107, actual label: 1, predicted: 0
iter: 8, sample_no: 320, actual label: 0, predicted: 0
iter: 9, sample_no: 67, actual label: 0, predicted: 0
iter: 10, sample_no: 369, actual label: 0, predicted: 0
iter: 11, sample_no: 348, actual label: 0, predicted: 0
iter: 12, sample_no: 113, actual label: 0, predicted: 0
iter: 13, sample_no: 208, actual label: 0, predicted: 0
iter: 14, sample_no: 41, actual label: 0, predicted: 1
iter: 15, sample_no: 225, actual label: 0, predicted: 0
iter: 16, sample_no: 148, actual label: 1, predicted: 0
iter: 17, sample_no: 317, actual label: 0, predicted: 0
iter: 18, sample_no: 166, actual label: 1, predicted: 0
iter: 19, sample_no: 147, actual label: 1, predicted: 0
iter: 20, sample_no: 305, actual label: 0, predicted: 0
iter: 21, sample_no: 162, actual label: 1, predicted: 0
iter: 22, sample_no: 20, actual label: 0, predicted: 0
iter: 23, sample_no: 213, actual label: 0, predicted: 0
iter: 24, sample_no: 326, actual label: 1, predicted: 0
number of samples: 393
AUC 0.6221873071095898
pos_get 142
total recall stop_at 1
@@@ C - Repeat number: 10
will not use leaked features
@@@ D - common_header:  {'F71-shaie@apache.org', 'F3-long[]', 'F105', 'F71-jpountz@apache.org', 'F3-CharSequence', 'F3-Path', 'F123', 'F3-FileInputStream', 'F15-private', 'F15-public', 'F71-erick@apache.org', 'F3-char', 'F3-boolean', 'F126', 'F101', 'F41', 'F3-int', 'F72', 'F71-hossman@apache.org', 'F71-sarowe@apache.org', 'F25', 'F3-CharStream', 'F68', 'F65', 'F71-chrism@apache.org', 'F71-mikemccand@apache.org', 'F71-uschindler@apache.org', 'category', 'F71-markrmiller@apache.org', 'F71-rmuir@apache.org', 'F71-anshum@apache.org', 'F3-Among[]', 'F3-long', 'F15-protected', 'F104', 'F71-noble@apache.org', 'F3-ValueSource', 'F71-simonw@apache.org', 'F3-String', 'F77', 'F71-shalin@apache.org', 'F71-romseygeek@apache.org', 'F15-NA', 'F3-char[]', 'F71-ryan@apache.org', 'F3-NA', 'F3-Class', 'F71-rjernst@apache.org', 'F3-int[]', 'F71-yonik@apache.org', 'F22'}
     F72            ...            F71-uschindler@apache.org
1   4679            ...                                    1
2   4679            ...                                    1
3  19865            ...                                    1

[3 rows x 50 columns]
;.;
        F72            ...              F71-uschindler@apache.org
0  0.035424            ...                                    1.0
1  0.035424            ...                                    1.0
2  0.747947            ...                                    1.0

[3 rows x 50 columns]
training_x: (3259, 50)
training_y: 3259
testset_x: (393, 50)
testset_y: 393
              precision    recall  f1-score   support

           0       0.65      0.88      0.74       251
           1       0.42      0.15      0.23       142

    accuracy                           0.62       393
   macro avg       0.53      0.52      0.49       393
weighted avg       0.56      0.62      0.56       393

accuracy: 0.6157760814249363
0.22564102564102562
@@@ tn: 220, fp: 31, fn: 120, tp: 22
@@@ LIME - Creating explainer
@@@ LIME - Random Sampling of Instances
Columns (0,3,4,5,6,7,8,9,10,11,12,13,14,15,16,17,18,19,20,21,22,23,24,25,26,27,28,29,30,31,32,33,34,35,36,37,38,39,40,41,42,43,44,45,46,47,48,49,50,51,52,53,54,55,56,57,58,59,60,61,62,63,64,65,66,67,68,69,70,71,72,73,74,75,76,77,78,79,80,81,82,83,84,85,86,87,88,89,90,91,92,93,94,95,96,97,98,99,100,101,102,103,104,105,106,107,108,109,110,111,112,113,114,115,116,117,118,119,120,121,122,123,124,125,126,127,128,129,130,131,132,133,134,135,136,137,138,139,140,141,142,143,144,145,146,147,148,149,150,151,152,153,154,155,156,157,158,159,160,161,162,163,164,165,166,167,168,169,170,171,172,173,174,175,176,177,178,179,180,181,182,183,184,185,186,187,188,189,190,191,192,193,194,195,196,197,198,199,200,201,202,203,204,205,206,207,208,209,210,211,212,213,214,215,216,217,218,219,220,221,222,223,224,225,226,227,228,229,230,231,232,233,234,235,236,237,238,239,240,241,242,243,244,245,246,247,248,249,250,251,252,253,254,255,256,257,258,259,260,261,262,263,264,265,266,267,268,269,270,271,272,273,274,275,276,277,278,279,280,282,284,285,286,287,288,289,290,291,292,293,294,295,296,297,298,299,300,301,302,303,304,305,306,307,308,309,310,311,312,313,314,315,316,317,318,319,320,321,322,323,324,325,326,327,328,329,330,331,332,333,334,335,336,337,338,339,340,341,342,343,344,345,346,347,348,349,350,351,352,353) have mixed types. Specify dtype option on import or set low_memory=False.
Columns (0,3,4,5,6,7,8,9,10,11,12,13,14,15,16,17,18,19,20,21,22,23,24,25,26,27,28,29,30,31,32,33,34,35,36,37,38,39,40,41,42,43,44,45,46,47,48,49,50,51,52,53,54,55,56,57,58,59,60,61,62,63,64,65,66,67,68,69,70,71,72,73,74,75,76,77,78,79,80,81,82,83,84,85,86,87,88,89,90,91,92,93,94,95,96,97,98,99,100,101,102,103,104,105,106,107,108,109,110,111,112,113,114,115,116,117,118,119,120,121,122,123,124,125,126,127,128,129,130,131,132,133,134,135,136,137,138,139,140,141,142,143,144,145,146,147,148,149,150,151,152,153,154,155,156,157,158,159,160,161,162,163,164,165,166,167,168,169,170,171,172,173,174,175,176,177,178,179,180,181,182,183,184,185,186,187,188,189,190,191,192,193,194,195,196,197,198,199,200,201,202,203,204,205,206,207,208,209,210,211,212,213,214,215,216,217,218,219,220,221,222,223,224,225,226,227,228,229,230,231,232,233,234,235,236,237,238,239,240,241,242,243,244,245,246,247,248,249,250,251,252,253,254,255,256,257,258,259,260,261,262,263,264,265,266,267,268,269,270,271,272,273,274,275,276,277,278,279,280,282,284,285,286,287,288,289,290,291,292,293,294,295,296,297,298,299,300,301,302,303,304,305,306,307,308,309,310,311,312,313,314,315,316,317,318,319,320,321,322,323,324,325,326,327,328,329,330,331,332,333,334,335,336,337,338,339,340,341,342,343,344,345,346,347,348,349,350,351,352,353) have mixed types. Specify dtype option on import or set low_memory=False.
Columns (0,3,4,5,6,7,8,9,10,11,12,13,14,15,16,17,18,19,20,21,22,23,24,25,26,27,28,29,30,31,32,33,34,35,36,37,38,39,40,41,42,43,44,45,46,47,48,49,50,51,52,53,54,55,56,57,58,59,60,61,62,63,64,65,66,67,68,69,70,71,72,73,74,75,76,77,78,79,80,81,82,83,84,85,86,87,88,89,90,91,92,93,94,95,96,97,98,99,100,101,102,103,104,105,106,107,108,109,110,111,112,113,114,115,116,117,118,119,120,121,122,123,124,125,126,127,128,129,130,131,132,133,134,135,136,137,138,139,140,141,142,143,144,145,146,147,148,149,150,151,152,153,154,155,156,157,158,159,160,161,162,163,164,165,166,167,168,169,170,171,172,173,174,175,176,177,178,179,180,181,182,183,184,185,186,187,188,189,190,191,192,193,194,195,196,197,198,199,200,201,202,203,204,205,206,207,208,209,210,211,212,213,214,215,216,217,218,219,220,221,222,223,224,225,226,227,228,229,230,231,232,233,234,235,236,237,238,239,240,241,242,243,244,245,246,247,248,249,250,251,252,253,254,255,256,257,258,259,260,261,262,263,264,265,266,267,268,269,270,271,272,273,274,275,276,277,278,279,280,282,284,285,286,287,288,289,290,291,292,293,294,295,296,297,298,299,300,301,302,303,304,305,306,307,308,309,310,311,312,313,314,315,316,317,318,319,320,321,322,323,324,325,326,327,328,329,330,331,332,333,334,335,336,337,338,339,340,341,342,343,344,345,346,347,348,349,350,351,352,353) have mixed types. Specify dtype option on import or set low_memory=False.
Columns (0,3,4,5,6,7,8,9,10,11,12,13,14,15,16,17,18,19,20,21,22,23,24,25,26,27,28,29,30,31,32,33,34,35,36,37,38,39,40,41,42,43,44,45,46,47,48,49,50,51,52,53,54,55,56,57,58,59,60,61,62,63,64,65,66,67,68,69,70,71,72,73,74,75,76,77,78,79,80,81,82,83,84,85,86,87,88,89,90,91,92,93,94,95,96,97,98,99,100,101,102,103,104,105,106,107,108,109,110,111,112,113,114,115,116,117,118,119,120,121,122,123,124,125,126,127,128,129,130,131,132,133,134,135,136,137,138,139,140,141,142,143,144,145,146,147,148,149,150,151,152,153,154,155,156,157,158,159,160,161,162,163,164,165,166,167,168,169,170,171,172,173,174,175,176,177,178,179,180,181,182,183,184,185,186,187,188,189,190,191,192,193,194,195,196,197,198,199,200,201,202,203,204,205,206,207,208,209,210,211,212,213,214,215,216,217,218,219,220,221,222,223,224,225,226,227,228,229,230,231,232,233,234,235,236,237,238,239,240,241,242,243,244,245,246,247,248,249,250,251,252,253,254,255,256,257,258,259,260,261,262,263,264,265,266,267,268,269,270,271,272,273,274,275,276,277,278,279,280,282,284,285,286,287,288,289,290,291,292,293,294,295,296,297,298,299,300,301,302,303,304,305,306,307,308,309,310,311,312,313,314,315,316,317,318,319,320,321,322,323,324,325,326,327,328,329,330,331,332,333,334,335,336,337,338,339,340,341,342,343,344,345,346,347,348,349,350,351,352,353) have mixed types. Specify dtype option on import or set low_memory=False.
Columns (0,3,4,5,6,7,8,9,10,11,12,13,14,15,16,17,18,19,20,21,22,23,24,25,26,27,28,29,30,31,32,33,34,35,36,37,38,39,40,41,42,43,44,45,46,47,48,49,50,51,52,53,54,55,56,57,58,59,60,61,62,63,64,65,66,67,68,69,70,71,72,73,74,75,76,77,78,79,80,81,82,83,84,85,86,87,88,89,90,91,92,93,94,95,96,97,98,99,100,101,102,103,104,105,106,107,108,109,110,111,112,113,114,115,116,117,118,119,120,121,122,123,124,125,126,127,128,129,130,131,132,133,134,135,136,137,138,139,140,141,142,143,144,145,146,147,148,149,150,151,152,153,154,155,156,157,158,159,160,161,162,163,164,165,166,167,168,169,170,171,172,173,174,175,176,177,178,179,180,181,182,183,184,185,186,187,188,189,190,191,192,193,194,195,196,197,198,199,200,201,202,203,204,205,206,207,208,209,210,211,212,213,214,215,216,217,218,219,220,221,222,223,224,225,226,227,228,229,230,231,232,233,234,235,236,237,238,239,240,241,242,243,244,245,246,247,248,249,250,251,252,253,254,255,256,257,258,259,260,261,262,263,264,265,266,267,268,269,270,271,272,273,274,275,276,277,278,279,280,282,284,285,286,287,288,289,290,291,292,293,294,295,296,297,298,299,300,301,302,303,304,305,306,307,308,309,310,311,312,313,314,315,316,317,318,319,320,321,322,323,324,325,326,327,328,329,330,331,332,333,334,335,336,337,338,339,340,341,342,343,344,345,346,347,348,349,350,351,352,353) have mixed types. Specify dtype option on import or set low_memory=False.
iter: 0, sample_no: 156, actual label: 1, predicted: 0
iter: 1, sample_no: 36, actual label: 0, predicted: 0
iter: 2, sample_no: 19, actual label: 0, predicted: 0
iter: 3, sample_no: 82, actual label: 0, predicted: 0
iter: 4, sample_no: 75, actual label: 0, predicted: 0
iter: 5, sample_no: 122, actual label: 0, predicted: 0
iter: 6, sample_no: 370, actual label: 1, predicted: 0
iter: 7, sample_no: 221, actual label: 0, predicted: 0
iter: 8, sample_no: 140, actual label: 1, predicted: 0
iter: 9, sample_no: 296, actual label: 0, predicted: 1
iter: 10, sample_no: 145, actual label: 1, predicted: 0
iter: 11, sample_no: 111, actual label: 1, predicted: 0
iter: 12, sample_no: 172, actual label: 1, predicted: 0
iter: 13, sample_no: 214, actual label: 0, predicted: 0
iter: 14, sample_no: 333, actual label: 1, predicted: 1
iter: 15, sample_no: 351, actual label: 1, predicted: 0
iter: 16, sample_no: 340, actual label: 0, predicted: 1
iter: 17, sample_no: 120, actual label: 1, predicted: 1
iter: 18, sample_no: 55, actual label: 0, predicted: 0
iter: 19, sample_no: 166, actual label: 1, predicted: 0
iter: 20, sample_no: 82, actual label: 0, predicted: 0
iter: 21, sample_no: 312, actual label: 1, predicted: 0
iter: 22, sample_no: 315, actual label: 0, predicted: 0
iter: 23, sample_no: 140, actual label: 1, predicted: 0
iter: 24, sample_no: 300, actual label: 0, predicted: 0
number of samples: 393
AUC 0.6221592503226531
pos_get 142
total recall stop_at 1
----------threshold stop at----------: 1
AUC [0.6221873071095898, 0.6221873071095898, 0.6221592503226531, 0.6221873071095898, 0.6221873071095898, 0.6221592503226531, 0.6221592503226531, 0.6221873071095898, 0.6221873071095898, 0.6221592503226531]
AUC_median 0.6221873071095898
AUC_iqr 2.8056786936736522e-05
cost [1, 1, 1, 1, 1, 1, 1, 1, 1, 1]
COST_med 1.0
COST_iqr 0.0
f1_pos_list [0.22564102564102562, 0.22564102564102562, 0.22564102564102562, 0.22564102564102562, 0.22564102564102562, 0.22564102564102562, 0.22564102564102562, 0.22564102564102562, 0.22564102564102562, 0.22564102564102562]
f1_pos_med 0.22564102564102562
