@@@ A - classifier: SVC(C=1.0, break_ties=False, cache_size=200, class_weight='balanced', coef0=0.0,
    decision_function_shape='ovr', degree=3, gamma='scale', kernel='linear',
    max_iter=-1, probability=True, random_state=None, shrinking=True, tol=0.001,
    verbose=False)
@@@ B - threshold stop at: 1
@@@ C - Repeat number: 1
@@@ D - common_header:  {'F105', 'F25', 'F22', 'F123', 'F71-niallp@apache.org', 'F71-jcarman@apache.org', 'F71-scolebourne@apache.org', 'F110', 'F3-int', 'F120', 'F71-mbenson@apache.org', 'F71-psteitz@apache.org', 'F71-chas@apache.org', 'F101', 'F71-joehni@apache.org', 'F126', 'F15-NA', 'F72', 'F3-String', 'F116', 'F65', 'F41', 'category', 'F71-pbenedict@apache.org', 'F15-public', 'F3-NA', 'F71-ggregory@apache.org', 'F71-sebb@apache.org', 'F104', 'F77', 'F71-tn@apache.org', 'F71-oheger@apache.org', 'F115', 'F68', 'F71-bayard@apache.org', 'F117'}
    F72   F25         ...         F71-tn@apache.org F71-sebb@apache.org
1  2562  1117         ...                         0                   1
2  2562  1117         ...                         0                   1
3  2562  1117         ...                         0                   1

[3 rows x 35 columns]
;.;
   F72  F25         ...           F71-tn@apache.org  F71-sebb@apache.org
0  1.0  1.0         ...                         0.0                  1.0
1  1.0  1.0         ...                         0.0                  1.0
2  1.0  1.0         ...                         0.0                  1.0

[3 rows x 35 columns]
training_x: (101, 35)
training_y: 101
testset_x: (4, 35)
testset_y: 4
              precision    recall  f1-score   support

           0       1.00      1.00      1.00         2
           1       1.00      1.00      1.00         2

    accuracy                           1.00         4
   macro avg       1.00      1.00      1.00         4
weighted avg       1.00      1.00      1.00         4

accuracy: 1.0
1.0
@@@ tn: 2, fp: 0, fn: 0, tp: 2
@@@ LIME - Creating explainer
@@@ LIME - Random Sampling of Instances
iter: 0, sample_no: 0, actual label: 1, predicted: 1
iter: 1, sample_no: 3, actual label: 1, predicted: 1
iter: 2, sample_no: 2, actual label: 0, predicted: 0
iter: 3, sample_no: 2, actual label: 0, predicted: 0
iter: 4, sample_no: 2, actual label: 0, predicted: 0
iter: 5, sample_no: 3, actual label: 1, predicted: 1
iter: 6, sample_no: 3, actual label: 1, predicted: 1
iter: 7, sample_no: 1, actual label: 0, predicted: 0
iter: 8, sample_no: 3, actual label: 1, predicted: 1
iter: 9, sample_no: 3, actual label: 1, predicted: 1
iter: 10, sample_no: 1, actual label: 0, predicted: 0
iter: 11, sample_no: 0, actual label: 1, predicted: 1
iter: 12, sample_no: 3, actual label: 1, predicted: 1
iter: 13, sample_no: 0, actual label: 1, predicted: 1
iter: 14, sample_no: 3, actual label: 1, predicted: 1
iter: 15, sample_no: 1, actual label: 0, predicted: 0
iter: 16, sample_no: 3, actual label: 1, predicted: 1
iter: 17, sample_no: 2, actual label: 0, predicted: 0
iter: 18, sample_no: 1, actual label: 0, predicted: 0
iter: 19, sample_no: 1, actual label: 0, predicted: 0
iter: 20, sample_no: 0, actual label: 1, predicted: 1
iter: 21, sample_no: 1, actual label: 0, predicted: 0
iter: 22, sample_no: 1, actual label: 0, predicted: 0
iter: 23, sample_no: 0, actual label: 1, predicted: 1
iter: 24, sample_no: 0, actual label: 1, predicted: 1
number of samples: 4
AUC 1.0
pos_get 2
total recall stop_at 1
@@@ C - Repeat number: 2
@@@ D - common_header:  {'F105', 'F25', 'F22', 'F123', 'F71-niallp@apache.org', 'F71-jcarman@apache.org', 'F71-scolebourne@apache.org', 'F110', 'F3-int', 'F120', 'F71-mbenson@apache.org', 'F71-psteitz@apache.org', 'F71-chas@apache.org', 'F101', 'F71-joehni@apache.org', 'F126', 'F15-NA', 'F72', 'F3-String', 'F116', 'F65', 'F41', 'category', 'F71-pbenedict@apache.org', 'F15-public', 'F3-NA', 'F71-ggregory@apache.org', 'F71-sebb@apache.org', 'F104', 'F77', 'F71-tn@apache.org', 'F71-oheger@apache.org', 'F115', 'F68', 'F71-bayard@apache.org', 'F117'}
    F72   F25         ...         F71-tn@apache.org F71-sebb@apache.org
1  2562  1117         ...                         0                   1
2  2562  1117         ...                         0                   1
3  2562  1117         ...                         0                   1

[3 rows x 35 columns]
;.;
   F72  F25         ...           F71-tn@apache.org  F71-sebb@apache.org
0  1.0  1.0         ...                         0.0                  1.0
1  1.0  1.0         ...                         0.0                  1.0
2  1.0  1.0         ...                         0.0                  1.0

[3 rows x 35 columns]
training_x: (101, 35)
training_y: 101
testset_x: (4, 35)
testset_y: 4
              precision    recall  f1-score   support

           0       1.00      1.00      1.00         2
           1       1.00      1.00      1.00         2

    accuracy                           1.00         4
   macro avg       1.00      1.00      1.00         4
weighted avg       1.00      1.00      1.00         4

accuracy: 1.0
1.0
@@@ tn: 2, fp: 0, fn: 0, tp: 2
@@@ LIME - Creating explainer
@@@ LIME - Random Sampling of Instances
iter: 0, sample_no: 3, actual label: 1, predicted: 1
iter: 1, sample_no: 1, actual label: 0, predicted: 0
iter: 2, sample_no: 1, actual label: 0, predicted: 0
iter: 3, sample_no: 2, actual label: 0, predicted: 0
iter: 4, sample_no: 1, actual label: 0, predicted: 0
iter: 5, sample_no: 2, actual label: 0, predicted: 0
iter: 6, sample_no: 2, actual label: 0, predicted: 0
iter: 7, sample_no: 1, actual label: 0, predicted: 0
iter: 8, sample_no: 1, actual label: 0, predicted: 0
iter: 9, sample_no: 0, actual label: 1, predicted: 1
iter: 10, sample_no: 3, actual label: 1, predicted: 1
iter: 11, sample_no: 1, actual label: 0, predicted: 0
iter: 12, sample_no: 3, actual label: 1, predicted: 1
iter: 13, sample_no: 3, actual label: 1, predicted: 1
iter: 14, sample_no: 3, actual label: 1, predicted: 1
iter: 15, sample_no: 0, actual label: 1, predicted: 1
iter: 16, sample_no: 3, actual label: 1, predicted: 1
iter: 17, sample_no: 1, actual label: 0, predicted: 0
iter: 18, sample_no: 2, actual label: 0, predicted: 0
iter: 19, sample_no: 2, actual label: 0, predicted: 0
iter: 20, sample_no: 2, actual label: 0, predicted: 0
iter: 21, sample_no: 2, actual label: 0, predicted: 0
iter: 22, sample_no: 0, actual label: 1, predicted: 1
iter: 23, sample_no: 3, actual label: 1, predicted: 1
iter: 24, sample_no: 3, actual label: 1, predicted: 1
number of samples: 4
AUC 1.0
pos_get 2
total recall stop_at 1
@@@ C - Repeat number: 3
@@@ D - common_header:  {'F105', 'F25', 'F22', 'F123', 'F71-niallp@apache.org', 'F71-jcarman@apache.org', 'F71-scolebourne@apache.org', 'F110', 'F3-int', 'F120', 'F71-mbenson@apache.org', 'F71-psteitz@apache.org', 'F71-chas@apache.org', 'F101', 'F71-joehni@apache.org', 'F126', 'F15-NA', 'F72', 'F3-String', 'F116', 'F65', 'F41', 'category', 'F71-pbenedict@apache.org', 'F15-public', 'F3-NA', 'F71-ggregory@apache.org', 'F71-sebb@apache.org', 'F104', 'F77', 'F71-tn@apache.org', 'F71-oheger@apache.org', 'F115', 'F68', 'F71-bayard@apache.org', 'F117'}
    F72   F25         ...         F71-tn@apache.org F71-sebb@apache.org
1  2562  1117         ...                         0                   1
2  2562  1117         ...                         0                   1
3  2562  1117         ...                         0                   1

[3 rows x 35 columns]
;.;
   F72  F25         ...           F71-tn@apache.org  F71-sebb@apache.org
0  1.0  1.0         ...                         0.0                  1.0
1  1.0  1.0         ...                         0.0                  1.0
2  1.0  1.0         ...                         0.0                  1.0

[3 rows x 35 columns]
training_x: (101, 35)
training_y: 101
testset_x: (4, 35)
testset_y: 4
              precision    recall  f1-score   support

           0       1.00      1.00      1.00         2
           1       1.00      1.00      1.00         2

    accuracy                           1.00         4
   macro avg       1.00      1.00      1.00         4
weighted avg       1.00      1.00      1.00         4

accuracy: 1.0
1.0
@@@ tn: 2, fp: 0, fn: 0, tp: 2
@@@ LIME - Creating explainer
@@@ LIME - Random Sampling of Instances
iter: 0, sample_no: 2, actual label: 0, predicted: 0
iter: 1, sample_no: 3, actual label: 1, predicted: 1
iter: 2, sample_no: 3, actual label: 1, predicted: 1
iter: 3, sample_no: 3, actual label: 1, predicted: 1
iter: 4, sample_no: 3, actual label: 1, predicted: 1
iter: 5, sample_no: 0, actual label: 1, predicted: 1
iter: 6, sample_no: 1, actual label: 0, predicted: 0
iter: 7, sample_no: 2, actual label: 0, predicted: 0
iter: 8, sample_no: 0, actual label: 1, predicted: 1
iter: 9, sample_no: 3, actual label: 1, predicted: 1
iter: 10, sample_no: 0, actual label: 1, predicted: 1
iter: 11, sample_no: 0, actual label: 1, predicted: 1
iter: 12, sample_no: 2, actual label: 0, predicted: 0
iter: 13, sample_no: 3, actual label: 1, predicted: 1
iter: 14, sample_no: 0, actual label: 1, predicted: 1
iter: 15, sample_no: 0, actual label: 1, predicted: 1
iter: 16, sample_no: 0, actual label: 1, predicted: 1
iter: 17, sample_no: 0, actual label: 1, predicted: 1
iter: 18, sample_no: 0, actual label: 1, predicted: 1
iter: 19, sample_no: 3, actual label: 1, predicted: 1
iter: 20, sample_no: 0, actual label: 1, predicted: 1
iter: 21, sample_no: 0, actual label: 1, predicted: 1
iter: 22, sample_no: 0, actual label: 1, predicted: 1
iter: 23, sample_no: 2, actual label: 0, predicted: 0
iter: 24, sample_no: 2, actual label: 0, predicted: 0
number of samples: 4
AUC 1.0
pos_get 2
total recall stop_at 1
@@@ C - Repeat number: 4
@@@ D - common_header:  {'F105', 'F25', 'F22', 'F123', 'F71-niallp@apache.org', 'F71-jcarman@apache.org', 'F71-scolebourne@apache.org', 'F110', 'F3-int', 'F120', 'F71-mbenson@apache.org', 'F71-psteitz@apache.org', 'F71-chas@apache.org', 'F101', 'F71-joehni@apache.org', 'F126', 'F15-NA', 'F72', 'F3-String', 'F116', 'F65', 'F41', 'category', 'F71-pbenedict@apache.org', 'F15-public', 'F3-NA', 'F71-ggregory@apache.org', 'F71-sebb@apache.org', 'F104', 'F77', 'F71-tn@apache.org', 'F71-oheger@apache.org', 'F115', 'F68', 'F71-bayard@apache.org', 'F117'}
    F72   F25         ...         F71-tn@apache.org F71-sebb@apache.org
1  2562  1117         ...                         0                   1
2  2562  1117         ...                         0                   1
3  2562  1117         ...                         0                   1

[3 rows x 35 columns]
;.;
   F72  F25         ...           F71-tn@apache.org  F71-sebb@apache.org
0  1.0  1.0         ...                         0.0                  1.0
1  1.0  1.0         ...                         0.0                  1.0
2  1.0  1.0         ...                         0.0                  1.0

[3 rows x 35 columns]
training_x: (101, 35)
training_y: 101
testset_x: (4, 35)
testset_y: 4
              precision    recall  f1-score   support

           0       1.00      1.00      1.00         2
           1       1.00      1.00      1.00         2

    accuracy                           1.00         4
   macro avg       1.00      1.00      1.00         4
weighted avg       1.00      1.00      1.00         4

accuracy: 1.0
1.0
@@@ tn: 2, fp: 0, fn: 0, tp: 2
@@@ LIME - Creating explainer
@@@ LIME - Random Sampling of Instances
iter: 0, sample_no: 1, actual label: 0, predicted: 0
iter: 1, sample_no: 1, actual label: 0, predicted: 0
iter: 2, sample_no: 2, actual label: 0, predicted: 0
iter: 3, sample_no: 0, actual label: 1, predicted: 1
iter: 4, sample_no: 1, actual label: 0, predicted: 0
iter: 5, sample_no: 1, actual label: 0, predicted: 0
iter: 6, sample_no: 0, actual label: 1, predicted: 1
iter: 7, sample_no: 2, actual label: 0, predicted: 0
iter: 8, sample_no: 2, actual label: 0, predicted: 0
iter: 9, sample_no: 1, actual label: 0, predicted: 0
iter: 10, sample_no: 1, actual label: 0, predicted: 0
iter: 11, sample_no: 3, actual label: 1, predicted: 1
iter: 12, sample_no: 2, actual label: 0, predicted: 0
iter: 13, sample_no: 2, actual label: 0, predicted: 0
iter: 14, sample_no: 0, actual label: 1, predicted: 1
iter: 15, sample_no: 2, actual label: 0, predicted: 0
iter: 16, sample_no: 3, actual label: 1, predicted: 1
iter: 17, sample_no: 1, actual label: 0, predicted: 0
iter: 18, sample_no: 3, actual label: 1, predicted: 1
iter: 19, sample_no: 2, actual label: 0, predicted: 0
iter: 20, sample_no: 2, actual label: 0, predicted: 0
iter: 21, sample_no: 3, actual label: 1, predicted: 1
iter: 22, sample_no: 1, actual label: 0, predicted: 0
iter: 23, sample_no: 1, actual label: 0, predicted: 0
iter: 24, sample_no: 2, actual label: 0, predicted: 0
number of samples: 4
AUC 1.0
pos_get 2
total recall stop_at 1
@@@ C - Repeat number: 5
@@@ D - common_header:  {'F105', 'F25', 'F22', 'F123', 'F71-niallp@apache.org', 'F71-jcarman@apache.org', 'F71-scolebourne@apache.org', 'F110', 'F3-int', 'F120', 'F71-mbenson@apache.org', 'F71-psteitz@apache.org', 'F71-chas@apache.org', 'F101', 'F71-joehni@apache.org', 'F126', 'F15-NA', 'F72', 'F3-String', 'F116', 'F65', 'F41', 'category', 'F71-pbenedict@apache.org', 'F15-public', 'F3-NA', 'F71-ggregory@apache.org', 'F71-sebb@apache.org', 'F104', 'F77', 'F71-tn@apache.org', 'F71-oheger@apache.org', 'F115', 'F68', 'F71-bayard@apache.org', 'F117'}
    F72   F25         ...         F71-tn@apache.org F71-sebb@apache.org
1  2562  1117         ...                         0                   1
2  2562  1117         ...                         0                   1
3  2562  1117         ...                         0                   1

[3 rows x 35 columns]
;.;
   F72  F25         ...           F71-tn@apache.org  F71-sebb@apache.org
0  1.0  1.0         ...                         0.0                  1.0
1  1.0  1.0         ...                         0.0                  1.0
2  1.0  1.0         ...                         0.0                  1.0

[3 rows x 35 columns]
training_x: (101, 35)
training_y: 101
testset_x: (4, 35)
testset_y: 4
              precision    recall  f1-score   support

           0       1.00      1.00      1.00         2
           1       1.00      1.00      1.00         2

    accuracy                           1.00         4
   macro avg       1.00      1.00      1.00         4
weighted avg       1.00      1.00      1.00         4

accuracy: 1.0
1.0
@@@ tn: 2, fp: 0, fn: 0, tp: 2
@@@ LIME - Creating explainer
@@@ LIME - Random Sampling of Instances
iter: 0, sample_no: 2, actual label: 0, predicted: 0
iter: 1, sample_no: 1, actual label: 0, predicted: 0
iter: 2, sample_no: 1, actual label: 0, predicted: 0
iter: 3, sample_no: 1, actual label: 0, predicted: 0
iter: 4, sample_no: 2, actual label: 0, predicted: 0
iter: 5, sample_no: 0, actual label: 1, predicted: 1
iter: 6, sample_no: 2, actual label: 0, predicted: 0
iter: 7, sample_no: 2, actual label: 0, predicted: 0
iter: 8, sample_no: 0, actual label: 1, predicted: 1
iter: 9, sample_no: 2, actual label: 0, predicted: 0
iter: 10, sample_no: 3, actual label: 1, predicted: 1
iter: 11, sample_no: 0, actual label: 1, predicted: 1
iter: 12, sample_no: 2, actual label: 0, predicted: 0
iter: 13, sample_no: 2, actual label: 0, predicted: 0
iter: 14, sample_no: 0, actual label: 1, predicted: 1
iter: 15, sample_no: 2, actual label: 0, predicted: 0
iter: 16, sample_no: 0, actual label: 1, predicted: 1
iter: 17, sample_no: 2, actual label: 0, predicted: 0
iter: 18, sample_no: 1, actual label: 0, predicted: 0
iter: 19, sample_no: 2, actual label: 0, predicted: 0
iter: 20, sample_no: 1, actual label: 0, predicted: 0
iter: 21, sample_no: 2, actual label: 0, predicted: 0
iter: 22, sample_no: 3, actual label: 1, predicted: 1
iter: 23, sample_no: 2, actual label: 0, predicted: 0
iter: 24, sample_no: 2, actual label: 0, predicted: 0
number of samples: 4
AUC 1.0
pos_get 2
total recall stop_at 1
@@@ C - Repeat number: 6
@@@ D - common_header:  {'F105', 'F25', 'F22', 'F123', 'F71-niallp@apache.org', 'F71-jcarman@apache.org', 'F71-scolebourne@apache.org', 'F110', 'F3-int', 'F120', 'F71-mbenson@apache.org', 'F71-psteitz@apache.org', 'F71-chas@apache.org', 'F101', 'F71-joehni@apache.org', 'F126', 'F15-NA', 'F72', 'F3-String', 'F116', 'F65', 'F41', 'category', 'F71-pbenedict@apache.org', 'F15-public', 'F3-NA', 'F71-ggregory@apache.org', 'F71-sebb@apache.org', 'F104', 'F77', 'F71-tn@apache.org', 'F71-oheger@apache.org', 'F115', 'F68', 'F71-bayard@apache.org', 'F117'}
    F72   F25         ...         F71-tn@apache.org F71-sebb@apache.org
1  2562  1117         ...                         0                   1
2  2562  1117         ...                         0                   1
3  2562  1117         ...                         0                   1

[3 rows x 35 columns]
;.;
   F72  F25         ...           F71-tn@apache.org  F71-sebb@apache.org
0  1.0  1.0         ...                         0.0                  1.0
1  1.0  1.0         ...                         0.0                  1.0
2  1.0  1.0         ...                         0.0                  1.0

[3 rows x 35 columns]
training_x: (101, 35)
training_y: 101
testset_x: (4, 35)
testset_y: 4
              precision    recall  f1-score   support

           0       1.00      1.00      1.00         2
           1       1.00      1.00      1.00         2

    accuracy                           1.00         4
   macro avg       1.00      1.00      1.00         4
weighted avg       1.00      1.00      1.00         4

accuracy: 1.0
1.0
@@@ tn: 2, fp: 0, fn: 0, tp: 2
@@@ LIME - Creating explainer
@@@ LIME - Random Sampling of Instances
iter: 0, sample_no: 3, actual label: 1, predicted: 1
iter: 1, sample_no: 0, actual label: 1, predicted: 1
iter: 2, sample_no: 2, actual label: 0, predicted: 0
iter: 3, sample_no: 2, actual label: 0, predicted: 0
iter: 4, sample_no: 1, actual label: 0, predicted: 0
iter: 5, sample_no: 0, actual label: 1, predicted: 1
iter: 6, sample_no: 2, actual label: 0, predicted: 0
iter: 7, sample_no: 3, actual label: 1, predicted: 1
iter: 8, sample_no: 2, actual label: 0, predicted: 0
iter: 9, sample_no: 0, actual label: 1, predicted: 1
iter: 10, sample_no: 2, actual label: 0, predicted: 0
iter: 11, sample_no: 2, actual label: 0, predicted: 0
iter: 12, sample_no: 0, actual label: 1, predicted: 1
iter: 13, sample_no: 2, actual label: 0, predicted: 0
iter: 14, sample_no: 1, actual label: 0, predicted: 0
iter: 15, sample_no: 1, actual label: 0, predicted: 0
iter: 16, sample_no: 0, actual label: 1, predicted: 1
iter: 17, sample_no: 3, actual label: 1, predicted: 1
iter: 18, sample_no: 3, actual label: 1, predicted: 1
iter: 19, sample_no: 3, actual label: 1, predicted: 1
iter: 20, sample_no: 2, actual label: 0, predicted: 0
iter: 21, sample_no: 1, actual label: 0, predicted: 0
iter: 22, sample_no: 0, actual label: 1, predicted: 1
iter: 23, sample_no: 0, actual label: 1, predicted: 1
iter: 24, sample_no: 3, actual label: 1, predicted: 1
number of samples: 4
AUC 1.0
pos_get 2
total recall stop_at 1
@@@ C - Repeat number: 7
@@@ D - common_header:  {'F105', 'F25', 'F22', 'F123', 'F71-niallp@apache.org', 'F71-jcarman@apache.org', 'F71-scolebourne@apache.org', 'F110', 'F3-int', 'F120', 'F71-mbenson@apache.org', 'F71-psteitz@apache.org', 'F71-chas@apache.org', 'F101', 'F71-joehni@apache.org', 'F126', 'F15-NA', 'F72', 'F3-String', 'F116', 'F65', 'F41', 'category', 'F71-pbenedict@apache.org', 'F15-public', 'F3-NA', 'F71-ggregory@apache.org', 'F71-sebb@apache.org', 'F104', 'F77', 'F71-tn@apache.org', 'F71-oheger@apache.org', 'F115', 'F68', 'F71-bayard@apache.org', 'F117'}
    F72   F25         ...         F71-tn@apache.org F71-sebb@apache.org
1  2562  1117         ...                         0                   1
2  2562  1117         ...                         0                   1
3  2562  1117         ...                         0                   1

[3 rows x 35 columns]
;.;
   F72  F25         ...           F71-tn@apache.org  F71-sebb@apache.org
0  1.0  1.0         ...                         0.0                  1.0
1  1.0  1.0         ...                         0.0                  1.0
2  1.0  1.0         ...                         0.0                  1.0

[3 rows x 35 columns]
training_x: (101, 35)
training_y: 101
testset_x: (4, 35)
testset_y: 4
              precision    recall  f1-score   support

           0       1.00      1.00      1.00         2
           1       1.00      1.00      1.00         2

    accuracy                           1.00         4
   macro avg       1.00      1.00      1.00         4
weighted avg       1.00      1.00      1.00         4

accuracy: 1.0
1.0
@@@ tn: 2, fp: 0, fn: 0, tp: 2
@@@ LIME - Creating explainer
@@@ LIME - Random Sampling of Instances
iter: 0, sample_no: 1, actual label: 0, predicted: 0
iter: 1, sample_no: 0, actual label: 1, predicted: 1
iter: 2, sample_no: 2, actual label: 0, predicted: 0
iter: 3, sample_no: 1, actual label: 0, predicted: 0
iter: 4, sample_no: 3, actual label: 1, predicted: 1
iter: 5, sample_no: 3, actual label: 1, predicted: 1
iter: 6, sample_no: 0, actual label: 1, predicted: 1
iter: 7, sample_no: 0, actual label: 1, predicted: 1
iter: 8, sample_no: 2, actual label: 0, predicted: 0
iter: 9, sample_no: 1, actual label: 0, predicted: 0
iter: 10, sample_no: 2, actual label: 0, predicted: 0
iter: 11, sample_no: 0, actual label: 1, predicted: 1
iter: 12, sample_no: 1, actual label: 0, predicted: 0
iter: 13, sample_no: 0, actual label: 1, predicted: 1
iter: 14, sample_no: 2, actual label: 0, predicted: 0
iter: 15, sample_no: 2, actual label: 0, predicted: 0
iter: 16, sample_no: 1, actual label: 0, predicted: 0
iter: 17, sample_no: 3, actual label: 1, predicted: 1
iter: 18, sample_no: 3, actual label: 1, predicted: 1
iter: 19, sample_no: 1, actual label: 0, predicted: 0
iter: 20, sample_no: 2, actual label: 0, predicted: 0
iter: 21, sample_no: 1, actual label: 0, predicted: 0
iter: 22, sample_no: 1, actual label: 0, predicted: 0
iter: 23, sample_no: 0, actual label: 1, predicted: 1
iter: 24, sample_no: 2, actual label: 0, predicted: 0
number of samples: 4
AUC 1.0
pos_get 2
total recall stop_at 1
@@@ C - Repeat number: 8
@@@ D - common_header:  {'F105', 'F25', 'F22', 'F123', 'F71-niallp@apache.org', 'F71-jcarman@apache.org', 'F71-scolebourne@apache.org', 'F110', 'F3-int', 'F120', 'F71-mbenson@apache.org', 'F71-psteitz@apache.org', 'F71-chas@apache.org', 'F101', 'F71-joehni@apache.org', 'F126', 'F15-NA', 'F72', 'F3-String', 'F116', 'F65', 'F41', 'category', 'F71-pbenedict@apache.org', 'F15-public', 'F3-NA', 'F71-ggregory@apache.org', 'F71-sebb@apache.org', 'F104', 'F77', 'F71-tn@apache.org', 'F71-oheger@apache.org', 'F115', 'F68', 'F71-bayard@apache.org', 'F117'}
    F72   F25         ...         F71-tn@apache.org F71-sebb@apache.org
1  2562  1117         ...                         0                   1
2  2562  1117         ...                         0                   1
3  2562  1117         ...                         0                   1

[3 rows x 35 columns]
;.;
   F72  F25         ...           F71-tn@apache.org  F71-sebb@apache.org
0  1.0  1.0         ...                         0.0                  1.0
1  1.0  1.0         ...                         0.0                  1.0
2  1.0  1.0         ...                         0.0                  1.0

[3 rows x 35 columns]
training_x: (101, 35)
training_y: 101
testset_x: (4, 35)
testset_y: 4
              precision    recall  f1-score   support

           0       1.00      1.00      1.00         2
           1       1.00      1.00      1.00         2

    accuracy                           1.00         4
   macro avg       1.00      1.00      1.00         4
weighted avg       1.00      1.00      1.00         4

accuracy: 1.0
1.0
@@@ tn: 2, fp: 0, fn: 0, tp: 2
@@@ LIME - Creating explainer
@@@ LIME - Random Sampling of Instances
iter: 0, sample_no: 0, actual label: 1, predicted: 1
iter: 1, sample_no: 2, actual label: 0, predicted: 0
iter: 2, sample_no: 3, actual label: 1, predicted: 1
iter: 3, sample_no: 3, actual label: 1, predicted: 1
iter: 4, sample_no: 2, actual label: 0, predicted: 0
iter: 5, sample_no: 1, actual label: 0, predicted: 0
iter: 6, sample_no: 2, actual label: 0, predicted: 0
iter: 7, sample_no: 1, actual label: 0, predicted: 0
iter: 8, sample_no: 2, actual label: 0, predicted: 0
iter: 9, sample_no: 1, actual label: 0, predicted: 0
iter: 10, sample_no: 2, actual label: 0, predicted: 0
iter: 11, sample_no: 1, actual label: 0, predicted: 0
iter: 12, sample_no: 0, actual label: 1, predicted: 1
iter: 13, sample_no: 3, actual label: 1, predicted: 1
iter: 14, sample_no: 1, actual label: 0, predicted: 0
iter: 15, sample_no: 0, actual label: 1, predicted: 1
iter: 16, sample_no: 0, actual label: 1, predicted: 1
iter: 17, sample_no: 1, actual label: 0, predicted: 0
iter: 18, sample_no: 2, actual label: 0, predicted: 0
iter: 19, sample_no: 0, actual label: 1, predicted: 1
iter: 20, sample_no: 3, actual label: 1, predicted: 1
iter: 21, sample_no: 2, actual label: 0, predicted: 0
iter: 22, sample_no: 0, actual label: 1, predicted: 1
iter: 23, sample_no: 3, actual label: 1, predicted: 1
iter: 24, sample_no: 1, actual label: 0, predicted: 0
number of samples: 4
AUC 1.0
pos_get 2
total recall stop_at 1
@@@ C - Repeat number: 9
@@@ D - common_header:  {'F105', 'F25', 'F22', 'F123', 'F71-niallp@apache.org', 'F71-jcarman@apache.org', 'F71-scolebourne@apache.org', 'F110', 'F3-int', 'F120', 'F71-mbenson@apache.org', 'F71-psteitz@apache.org', 'F71-chas@apache.org', 'F101', 'F71-joehni@apache.org', 'F126', 'F15-NA', 'F72', 'F3-String', 'F116', 'F65', 'F41', 'category', 'F71-pbenedict@apache.org', 'F15-public', 'F3-NA', 'F71-ggregory@apache.org', 'F71-sebb@apache.org', 'F104', 'F77', 'F71-tn@apache.org', 'F71-oheger@apache.org', 'F115', 'F68', 'F71-bayard@apache.org', 'F117'}
    F72   F25         ...         F71-tn@apache.org F71-sebb@apache.org
1  2562  1117         ...                         0                   1
2  2562  1117         ...                         0                   1
3  2562  1117         ...                         0                   1

[3 rows x 35 columns]
;.;
   F72  F25         ...           F71-tn@apache.org  F71-sebb@apache.org
0  1.0  1.0         ...                         0.0                  1.0
1  1.0  1.0         ...                         0.0                  1.0
2  1.0  1.0         ...                         0.0                  1.0

[3 rows x 35 columns]
training_x: (101, 35)
training_y: 101
testset_x: (4, 35)
testset_y: 4
              precision    recall  f1-score   support

           0       1.00      1.00      1.00         2
           1       1.00      1.00      1.00         2

    accuracy                           1.00         4
   macro avg       1.00      1.00      1.00         4
weighted avg       1.00      1.00      1.00         4

accuracy: 1.0
1.0
@@@ tn: 2, fp: 0, fn: 0, tp: 2
@@@ LIME - Creating explainer
@@@ LIME - Random Sampling of Instances
iter: 0, sample_no: 1, actual label: 0, predicted: 0
iter: 1, sample_no: 2, actual label: 0, predicted: 0
iter: 2, sample_no: 1, actual label: 0, predicted: 0
iter: 3, sample_no: 2, actual label: 0, predicted: 0
iter: 4, sample_no: 0, actual label: 1, predicted: 1
iter: 5, sample_no: 0, actual label: 1, predicted: 1
iter: 6, sample_no: 0, actual label: 1, predicted: 1
iter: 7, sample_no: 1, actual label: 0, predicted: 0
iter: 8, sample_no: 1, actual label: 0, predicted: 0
iter: 9, sample_no: 3, actual label: 1, predicted: 1
iter: 10, sample_no: 1, actual label: 0, predicted: 0
iter: 11, sample_no: 3, actual label: 1, predicted: 1
iter: 12, sample_no: 1, actual label: 0, predicted: 0
iter: 13, sample_no: 3, actual label: 1, predicted: 1
iter: 14, sample_no: 3, actual label: 1, predicted: 1
iter: 15, sample_no: 2, actual label: 0, predicted: 0
iter: 16, sample_no: 0, actual label: 1, predicted: 1
iter: 17, sample_no: 1, actual label: 0, predicted: 0
iter: 18, sample_no: 3, actual label: 1, predicted: 1
iter: 19, sample_no: 3, actual label: 1, predicted: 1
iter: 20, sample_no: 3, actual label: 1, predicted: 1
iter: 21, sample_no: 3, actual label: 1, predicted: 1
iter: 22, sample_no: 0, actual label: 1, predicted: 1
iter: 23, sample_no: 3, actual label: 1, predicted: 1
iter: 24, sample_no: 2, actual label: 0, predicted: 0
number of samples: 4
AUC 1.0
pos_get 2
total recall stop_at 1
@@@ C - Repeat number: 10
@@@ D - common_header:  {'F105', 'F25', 'F22', 'F123', 'F71-niallp@apache.org', 'F71-jcarman@apache.org', 'F71-scolebourne@apache.org', 'F110', 'F3-int', 'F120', 'F71-mbenson@apache.org', 'F71-psteitz@apache.org', 'F71-chas@apache.org', 'F101', 'F71-joehni@apache.org', 'F126', 'F15-NA', 'F72', 'F3-String', 'F116', 'F65', 'F41', 'category', 'F71-pbenedict@apache.org', 'F15-public', 'F3-NA', 'F71-ggregory@apache.org', 'F71-sebb@apache.org', 'F104', 'F77', 'F71-tn@apache.org', 'F71-oheger@apache.org', 'F115', 'F68', 'F71-bayard@apache.org', 'F117'}
    F72   F25         ...         F71-tn@apache.org F71-sebb@apache.org
1  2562  1117         ...                         0                   1
2  2562  1117         ...                         0                   1
3  2562  1117         ...                         0                   1

[3 rows x 35 columns]
;.;
   F72  F25         ...           F71-tn@apache.org  F71-sebb@apache.org
0  1.0  1.0         ...                         0.0                  1.0
1  1.0  1.0         ...                         0.0                  1.0
2  1.0  1.0         ...                         0.0                  1.0

[3 rows x 35 columns]
training_x: (101, 35)
training_y: 101
testset_x: (4, 35)
testset_y: 4
              precision    recall  f1-score   support

           0       1.00      1.00      1.00         2
           1       1.00      1.00      1.00         2

    accuracy                           1.00         4
   macro avg       1.00      1.00      1.00         4
weighted avg       1.00      1.00      1.00         4

accuracy: 1.0
1.0
@@@ tn: 2, fp: 0, fn: 0, tp: 2
@@@ LIME - Creating explainer
@@@ LIME - Random Sampling of Instances
/Users/author1/anaconda3/lib/python3.6/site-packages/tensorflow/python/framework/dtypes.py:463: FutureWarning: Passing (type, 1) or '1type' as a synonym of type is deprecated; in a future version of numpy, it will be understood as (type, (1,)) / '(1,)type'.
  _np_qint8 = np.dtype([("qint8", np.int8, 1)])
/Users/author1/anaconda3/lib/python3.6/site-packages/tensorflow/python/framework/dtypes.py:464: FutureWarning: Passing (type, 1) or '1type' as a synonym of type is deprecated; in a future version of numpy, it will be understood as (type, (1,)) / '(1,)type'.
  _np_quint8 = np.dtype([("quint8", np.uint8, 1)])
/Users/author1/anaconda3/lib/python3.6/site-packages/tensorflow/python/framework/dtypes.py:465: FutureWarning: Passing (type, 1) or '1type' as a synonym of type is deprecated; in a future version of numpy, it will be understood as (type, (1,)) / '(1,)type'.
  _np_qint16 = np.dtype([("qint16", np.int16, 1)])
/Users/author1/anaconda3/lib/python3.6/site-packages/tensorflow/python/framework/dtypes.py:466: FutureWarning: Passing (type, 1) or '1type' as a synonym of type is deprecated; in a future version of numpy, it will be understood as (type, (1,)) / '(1,)type'.
  _np_quint16 = np.dtype([("quint16", np.uint16, 1)])
/Users/author1/anaconda3/lib/python3.6/site-packages/tensorflow/python/framework/dtypes.py:467: FutureWarning: Passing (type, 1) or '1type' as a synonym of type is deprecated; in a future version of numpy, it will be understood as (type, (1,)) / '(1,)type'.
  _np_qint32 = np.dtype([("qint32", np.int32, 1)])
iter: 0, sample_no: 0, actual label: 1, predicted: 1
iter: 1, sample_no: 1, actual label: 0, predicted: 0
iter: 2, sample_no: 0, actual label: 1, predicted: 1
iter: 3, sample_no: 3, actual label: 1, predicted: 1
iter: 4, sample_no: 3, actual label: 1, predicted: 1
iter: 5, sample_no: 1, actual label: 0, predicted: 0
iter: 6, sample_no: 3, actual label: 1, predicted: 1
iter: 7, sample_no: 3, actual label: 1, predicted: 1
iter: 8, sample_no: 0, actual label: 1, predicted: 1
iter: 9, sample_no: 3, actual label: 1, predicted: 1
iter: 10, sample_no: 0, actual label: 1, predicted: 1
iter: 11, sample_no: 0, actual label: 1, predicted: 1
iter: 12, sample_no: 3, actual label: 1, predicted: 1
iter: 13, sample_no: 0, actual label: 1, predicted: 1
iter: 14, sample_no: 2, actual label: 0, predicted: 0
iter: 15, sample_no: 1, actual label: 0, predicted: 0
iter: 16, sample_no: 0, actual label: 1, predicted: 1
iter: 17, sample_no: 1, actual label: 0, predicted: 0
iter: 18, sample_no: 3, actual label: 1, predicted: 1
iter: 19, sample_no: 1, actual label: 0, predicted: 0
iter: 20, sample_no: 3, actual label: 1, predicted: 1
iter: 21, sample_no: 0, actual label: 1, predicted: 1
iter: 22, sample_no: 2, actual label: 0, predicted: 0
iter: 23, sample_no: 1, actual label: 0, predicted: 0
iter: 24, sample_no: 2, actual label: 0, predicted: 0
number of samples: 4
AUC 1.0
pos_get 2
total recall stop_at 1
----------threshold stop at----------: 1
AUC [1.0, 1.0, 1.0, 1.0, 1.0, 1.0, 1.0, 1.0, 1.0, 1.0]
AUC_median 1.0
AUC_iqr 0.0
cost [1, 1, 1, 1, 1, 1, 1, 1, 1, 1]
COST_med 1.0
COST_iqr 0.0
f1_pos_list [1.0, 1.0, 1.0, 1.0, 1.0, 1.0, 1.0, 1.0, 1.0, 1.0]
f1_pos_med 1.0
