@@@ A - classifier: SVC(C=1.0, break_ties=False, cache_size=200, class_weight='balanced', coef0=0.0,
    decision_function_shape='ovr', degree=3, gamma='scale', kernel='linear',
    max_iter=-1, probability=True, random_state=None, shrinking=True, tol=0.001,
    verbose=False)
@@@ B - threshold stop at: 1
@@@ C - Repeat number: 1
@@@ D - common_header:  {'F126', 'F41', 'F65', 'F3-long', 'F15-public', 'F71-mblankestijn@apache.org', 'F101', 'F117', 'F71-dims@apache.org', 'F71-jeremy_a@apache.org', 'F71-jsalvata@apache.org', 'F105', 'F123', 'F71-thads@apache.org', 'category', 'F15-NA', 'F71-seade@apache.org', 'F3-HttpRequestBase', 'F3-String', 'F71-rjung@apache.org', 'F71-pmouawad@apache.org', 'F71-fschumacher@apache.org', 'F71-alf@apache.org', 'F71-mstover1@apache.org', 'F110', 'F3-InterleaveControl.IGNORE_SUB_CONTROLLERS', 'F116', 'F71-fschumacher@unknown', 'F15-private', 'F71-dev-null@apache.org', 'F3-String[]', 'F71-oros@apache.org', 'F15-protected', 'F3-Object', 'F3-MenuIcon', 'F3-CollectionProperty', 'F3-StringProperty', 'F3-GenericController', 'F3-byte[]', 'F3-int', 'F71-sebb@apache.org', 'F71-undera@apache.org', 'F3-JMeterTreeNode', 'F71-milamber@apache.org', 'F104', 'F77', 'F71-woolfel@apache.org', 'F68', 'F71-pmouawad@unknown', 'F72', 'F3-TestElementProperty', 'F3-HashTree', 'F25', 'F120', 'F3-NA', 'F3-boolean', 'F115', 'F3-Arguments', 'F22'}
     F72   F25         ...          F71-undera@apache.org F71-pmouawad@unknown
1  11856  3757         ...                              0                    0
2  11856  3757         ...                              0                    0
3  11856  3757         ...                              0                    0

[3 rows x 58 columns]
;.;
        F72          ...           F71-pmouawad@unknown
0  0.825454          ...                            0.0
1  0.825454          ...                            0.0
2  0.825454          ...                            0.0

[3 rows x 58 columns]
training_x: (604, 58)
training_y: 604
testset_x: (613, 58)
testset_y: 613
              precision    recall  f1-score   support

           0       0.98      0.98      0.98       468
           1       0.94      0.94      0.94       145

    accuracy                           0.97       613
   macro avg       0.96      0.96      0.96       613
weighted avg       0.97      0.97      0.97       613

accuracy: 0.9738988580750407
0.9448275862068966
@@@ tn: 460, fp: 8, fn: 8, tp: 137
@@@ LIME - Creating explainer
@@@ LIME - Random Sampling of Instances
iter: 0, sample_no: 320, actual label: 1, predicted: 1
iter: 1, sample_no: 513, actual label: 1, predicted: 1
iter: 2, sample_no: 289, actual label: 0, predicted: 0
iter: 3, sample_no: 150, actual label: 0, predicted: 0
iter: 4, sample_no: 77, actual label: 1, predicted: 1
iter: 5, sample_no: 400, actual label: 1, predicted: 1
iter: 6, sample_no: 571, actual label: 0, predicted: 0
iter: 7, sample_no: 563, actual label: 0, predicted: 0
iter: 8, sample_no: 194, actual label: 0, predicted: 0
iter: 9, sample_no: 456, actual label: 0, predicted: 0
iter: 10, sample_no: 545, actual label: 0, predicted: 0
iter: 11, sample_no: 381, actual label: 0, predicted: 0
iter: 12, sample_no: 125, actual label: 0, predicted: 0
iter: 13, sample_no: 508, actual label: 0, predicted: 0
iter: 14, sample_no: 93, actual label: 0, predicted: 0
iter: 15, sample_no: 483, actual label: 0, predicted: 0
iter: 16, sample_no: 142, actual label: 0, predicted: 0
iter: 17, sample_no: 439, actual label: 0, predicted: 0
iter: 18, sample_no: 302, actual label: 0, predicted: 0
iter: 19, sample_no: 548, actual label: 1, predicted: 1
iter: 20, sample_no: 37, actual label: 0, predicted: 0
iter: 21, sample_no: 336, actual label: 0, predicted: 0
iter: 22, sample_no: 123, actual label: 0, predicted: 0
iter: 23, sample_no: 415, actual label: 0, predicted: 0
iter: 24, sample_no: 317, actual label: 1, predicted: 0
number of samples: 613
AUC 0.9870173887415267
pos_get 145
total recall stop_at 1.0
@@@ C - Repeat number: 2
@@@ D - common_header:  {'F126', 'F41', 'F65', 'F3-long', 'F15-public', 'F71-mblankestijn@apache.org', 'F101', 'F117', 'F71-dims@apache.org', 'F71-jeremy_a@apache.org', 'F71-jsalvata@apache.org', 'F105', 'F123', 'F71-thads@apache.org', 'category', 'F15-NA', 'F71-seade@apache.org', 'F3-HttpRequestBase', 'F3-String', 'F71-rjung@apache.org', 'F71-pmouawad@apache.org', 'F71-fschumacher@apache.org', 'F71-alf@apache.org', 'F71-mstover1@apache.org', 'F110', 'F3-InterleaveControl.IGNORE_SUB_CONTROLLERS', 'F116', 'F71-fschumacher@unknown', 'F15-private', 'F71-dev-null@apache.org', 'F3-String[]', 'F71-oros@apache.org', 'F15-protected', 'F3-Object', 'F3-MenuIcon', 'F3-CollectionProperty', 'F3-StringProperty', 'F3-GenericController', 'F3-byte[]', 'F3-int', 'F71-sebb@apache.org', 'F71-undera@apache.org', 'F3-JMeterTreeNode', 'F71-milamber@apache.org', 'F104', 'F77', 'F71-woolfel@apache.org', 'F68', 'F71-pmouawad@unknown', 'F72', 'F3-TestElementProperty', 'F3-HashTree', 'F25', 'F120', 'F3-NA', 'F3-boolean', 'F115', 'F3-Arguments', 'F22'}
     F72   F25         ...          F71-undera@apache.org F71-pmouawad@unknown
1  11856  3757         ...                              0                    0
2  11856  3757         ...                              0                    0
3  11856  3757         ...                              0                    0

[3 rows x 58 columns]
;.;
        F72          ...           F71-pmouawad@unknown
0  0.825454          ...                            0.0
1  0.825454          ...                            0.0
2  0.825454          ...                            0.0

[3 rows x 58 columns]
training_x: (604, 58)
training_y: 604
testset_x: (613, 58)
testset_y: 613
              precision    recall  f1-score   support

           0       0.98      0.98      0.98       468
           1       0.94      0.94      0.94       145

    accuracy                           0.97       613
   macro avg       0.96      0.96      0.96       613
weighted avg       0.97      0.97      0.97       613

accuracy: 0.9738988580750407
0.9448275862068966
@@@ tn: 460, fp: 8, fn: 8, tp: 137
@@@ LIME - Creating explainer
@@@ LIME - Random Sampling of Instances
iter: 0, sample_no: 419, actual label: 0, predicted: 0
iter: 1, sample_no: 210, actual label: 0, predicted: 0
iter: 2, sample_no: 497, actual label: 0, predicted: 0
iter: 3, sample_no: 177, actual label: 0, predicted: 0
iter: 4, sample_no: 539, actual label: 0, predicted: 0
iter: 5, sample_no: 548, actual label: 1, predicted: 1
iter: 6, sample_no: 271, actual label: 1, predicted: 1
iter: 7, sample_no: 325, actual label: 0, predicted: 0
iter: 8, sample_no: 51, actual label: 0, predicted: 0
iter: 9, sample_no: 325, actual label: 0, predicted: 0
iter: 10, sample_no: 53, actual label: 0, predicted: 0
iter: 11, sample_no: 16, actual label: 1, predicted: 1
iter: 12, sample_no: 544, actual label: 0, predicted: 0
iter: 13, sample_no: 316, actual label: 1, predicted: 1
iter: 14, sample_no: 418, actual label: 0, predicted: 0
iter: 15, sample_no: 227, actual label: 1, predicted: 1
iter: 16, sample_no: 471, actual label: 0, predicted: 0
iter: 17, sample_no: 579, actual label: 0, predicted: 0
iter: 18, sample_no: 74, actual label: 0, predicted: 0
iter: 19, sample_no: 40, actual label: 0, predicted: 0
iter: 20, sample_no: 101, actual label: 0, predicted: 0
iter: 21, sample_no: 7, actual label: 0, predicted: 0
iter: 22, sample_no: 531, actual label: 0, predicted: 0
iter: 23, sample_no: 159, actual label: 0, predicted: 0
iter: 24, sample_no: 386, actual label: 0, predicted: 0
number of samples: 613
AUC 0.9870173887415267
pos_get 145
total recall stop_at 1.0
@@@ C - Repeat number: 3
@@@ D - common_header:  {'F126', 'F41', 'F65', 'F3-long', 'F15-public', 'F71-mblankestijn@apache.org', 'F101', 'F117', 'F71-dims@apache.org', 'F71-jeremy_a@apache.org', 'F71-jsalvata@apache.org', 'F105', 'F123', 'F71-thads@apache.org', 'category', 'F15-NA', 'F71-seade@apache.org', 'F3-HttpRequestBase', 'F3-String', 'F71-rjung@apache.org', 'F71-pmouawad@apache.org', 'F71-fschumacher@apache.org', 'F71-alf@apache.org', 'F71-mstover1@apache.org', 'F110', 'F3-InterleaveControl.IGNORE_SUB_CONTROLLERS', 'F116', 'F71-fschumacher@unknown', 'F15-private', 'F71-dev-null@apache.org', 'F3-String[]', 'F71-oros@apache.org', 'F15-protected', 'F3-Object', 'F3-MenuIcon', 'F3-CollectionProperty', 'F3-StringProperty', 'F3-GenericController', 'F3-byte[]', 'F3-int', 'F71-sebb@apache.org', 'F71-undera@apache.org', 'F3-JMeterTreeNode', 'F71-milamber@apache.org', 'F104', 'F77', 'F71-woolfel@apache.org', 'F68', 'F71-pmouawad@unknown', 'F72', 'F3-TestElementProperty', 'F3-HashTree', 'F25', 'F120', 'F3-NA', 'F3-boolean', 'F115', 'F3-Arguments', 'F22'}
     F72   F25         ...          F71-undera@apache.org F71-pmouawad@unknown
1  11856  3757         ...                              0                    0
2  11856  3757         ...                              0                    0
3  11856  3757         ...                              0                    0

[3 rows x 58 columns]
;.;
        F72          ...           F71-pmouawad@unknown
0  0.825454          ...                            0.0
1  0.825454          ...                            0.0
2  0.825454          ...                            0.0

[3 rows x 58 columns]
training_x: (604, 58)
training_y: 604
testset_x: (613, 58)
testset_y: 613
              precision    recall  f1-score   support

           0       0.98      0.98      0.98       468
           1       0.94      0.94      0.94       145

    accuracy                           0.97       613
   macro avg       0.96      0.96      0.96       613
weighted avg       0.97      0.97      0.97       613

accuracy: 0.9738988580750407
0.9448275862068966
@@@ tn: 460, fp: 8, fn: 8, tp: 137
@@@ LIME - Creating explainer
@@@ LIME - Random Sampling of Instances
iter: 0, sample_no: 414, actual label: 0, predicted: 0
iter: 1, sample_no: 326, actual label: 0, predicted: 0
iter: 2, sample_no: 41, actual label: 0, predicted: 0
iter: 3, sample_no: 491, actual label: 0, predicted: 0
iter: 4, sample_no: 485, actual label: 0, predicted: 0
iter: 5, sample_no: 114, actual label: 0, predicted: 0
iter: 6, sample_no: 8, actual label: 1, predicted: 1
iter: 7, sample_no: 550, actual label: 1, predicted: 1
iter: 8, sample_no: 137, actual label: 0, predicted: 0
iter: 9, sample_no: 449, actual label: 0, predicted: 0
iter: 10, sample_no: 537, actual label: 0, predicted: 0
iter: 11, sample_no: 45, actual label: 0, predicted: 0
iter: 12, sample_no: 113, actual label: 0, predicted: 0
iter: 13, sample_no: 448, actual label: 0, predicted: 0
iter: 14, sample_no: 551, actual label: 1, predicted: 1
iter: 15, sample_no: 180, actual label: 0, predicted: 0
iter: 16, sample_no: 31, actual label: 0, predicted: 0
iter: 17, sample_no: 416, actual label: 0, predicted: 0
iter: 18, sample_no: 305, actual label: 0, predicted: 0
iter: 19, sample_no: 485, actual label: 0, predicted: 0
iter: 20, sample_no: 101, actual label: 0, predicted: 0
iter: 21, sample_no: 335, actual label: 0, predicted: 0
iter: 22, sample_no: 406, actual label: 0, predicted: 0
iter: 23, sample_no: 253, actual label: 0, predicted: 0
iter: 24, sample_no: 440, actual label: 0, predicted: 0
number of samples: 613
AUC 0.9870173887415267
pos_get 145
total recall stop_at 1.0
@@@ C - Repeat number: 4
@@@ D - common_header:  {'F126', 'F41', 'F65', 'F3-long', 'F15-public', 'F71-mblankestijn@apache.org', 'F101', 'F117', 'F71-dims@apache.org', 'F71-jeremy_a@apache.org', 'F71-jsalvata@apache.org', 'F105', 'F123', 'F71-thads@apache.org', 'category', 'F15-NA', 'F71-seade@apache.org', 'F3-HttpRequestBase', 'F3-String', 'F71-rjung@apache.org', 'F71-pmouawad@apache.org', 'F71-fschumacher@apache.org', 'F71-alf@apache.org', 'F71-mstover1@apache.org', 'F110', 'F3-InterleaveControl.IGNORE_SUB_CONTROLLERS', 'F116', 'F71-fschumacher@unknown', 'F15-private', 'F71-dev-null@apache.org', 'F3-String[]', 'F71-oros@apache.org', 'F15-protected', 'F3-Object', 'F3-MenuIcon', 'F3-CollectionProperty', 'F3-StringProperty', 'F3-GenericController', 'F3-byte[]', 'F3-int', 'F71-sebb@apache.org', 'F71-undera@apache.org', 'F3-JMeterTreeNode', 'F71-milamber@apache.org', 'F104', 'F77', 'F71-woolfel@apache.org', 'F68', 'F71-pmouawad@unknown', 'F72', 'F3-TestElementProperty', 'F3-HashTree', 'F25', 'F120', 'F3-NA', 'F3-boolean', 'F115', 'F3-Arguments', 'F22'}
     F72   F25         ...          F71-undera@apache.org F71-pmouawad@unknown
1  11856  3757         ...                              0                    0
2  11856  3757         ...                              0                    0
3  11856  3757         ...                              0                    0

[3 rows x 58 columns]
;.;
        F72          ...           F71-pmouawad@unknown
0  0.825454          ...                            0.0
1  0.825454          ...                            0.0
2  0.825454          ...                            0.0

[3 rows x 58 columns]
training_x: (604, 58)
training_y: 604
testset_x: (613, 58)
testset_y: 613
              precision    recall  f1-score   support

           0       0.98      0.98      0.98       468
           1       0.94      0.94      0.94       145

    accuracy                           0.97       613
   macro avg       0.96      0.96      0.96       613
weighted avg       0.97      0.97      0.97       613

accuracy: 0.9738988580750407
0.9448275862068966
@@@ tn: 460, fp: 8, fn: 8, tp: 137
@@@ LIME - Creating explainer
@@@ LIME - Random Sampling of Instances
iter: 0, sample_no: 552, actual label: 1, predicted: 1
iter: 1, sample_no: 483, actual label: 0, predicted: 0
iter: 2, sample_no: 516, actual label: 1, predicted: 1
iter: 3, sample_no: 333, actual label: 1, predicted: 1
iter: 4, sample_no: 80, actual label: 0, predicted: 0
iter: 5, sample_no: 511, actual label: 1, predicted: 1
iter: 6, sample_no: 299, actual label: 0, predicted: 0
iter: 7, sample_no: 453, actual label: 0, predicted: 0
iter: 8, sample_no: 489, actual label: 0, predicted: 0
iter: 9, sample_no: 27, actual label: 0, predicted: 0
iter: 10, sample_no: 37, actual label: 0, predicted: 0
iter: 11, sample_no: 287, actual label: 0, predicted: 0
iter: 12, sample_no: 237, actual label: 0, predicted: 0
iter: 13, sample_no: 450, actual label: 0, predicted: 0
iter: 14, sample_no: 340, actual label: 0, predicted: 0
iter: 15, sample_no: 540, actual label: 0, predicted: 0
iter: 16, sample_no: 467, actual label: 0, predicted: 0
iter: 17, sample_no: 611, actual label: 0, predicted: 0
iter: 18, sample_no: 103, actual label: 0, predicted: 0
iter: 19, sample_no: 508, actual label: 0, predicted: 0
iter: 20, sample_no: 467, actual label: 0, predicted: 0
iter: 21, sample_no: 577, actual label: 1, predicted: 0
iter: 22, sample_no: 488, actual label: 0, predicted: 0
iter: 23, sample_no: 584, actual label: 1, predicted: 1
iter: 24, sample_no: 423, actual label: 0, predicted: 0
number of samples: 613
AUC 0.9870173887415267
pos_get 145
total recall stop_at 1.0
@@@ C - Repeat number: 5
@@@ D - common_header:  {'F126', 'F41', 'F65', 'F3-long', 'F15-public', 'F71-mblankestijn@apache.org', 'F101', 'F117', 'F71-dims@apache.org', 'F71-jeremy_a@apache.org', 'F71-jsalvata@apache.org', 'F105', 'F123', 'F71-thads@apache.org', 'category', 'F15-NA', 'F71-seade@apache.org', 'F3-HttpRequestBase', 'F3-String', 'F71-rjung@apache.org', 'F71-pmouawad@apache.org', 'F71-fschumacher@apache.org', 'F71-alf@apache.org', 'F71-mstover1@apache.org', 'F110', 'F3-InterleaveControl.IGNORE_SUB_CONTROLLERS', 'F116', 'F71-fschumacher@unknown', 'F15-private', 'F71-dev-null@apache.org', 'F3-String[]', 'F71-oros@apache.org', 'F15-protected', 'F3-Object', 'F3-MenuIcon', 'F3-CollectionProperty', 'F3-StringProperty', 'F3-GenericController', 'F3-byte[]', 'F3-int', 'F71-sebb@apache.org', 'F71-undera@apache.org', 'F3-JMeterTreeNode', 'F71-milamber@apache.org', 'F104', 'F77', 'F71-woolfel@apache.org', 'F68', 'F71-pmouawad@unknown', 'F72', 'F3-TestElementProperty', 'F3-HashTree', 'F25', 'F120', 'F3-NA', 'F3-boolean', 'F115', 'F3-Arguments', 'F22'}
     F72   F25         ...          F71-undera@apache.org F71-pmouawad@unknown
1  11856  3757         ...                              0                    0
2  11856  3757         ...                              0                    0
3  11856  3757         ...                              0                    0

[3 rows x 58 columns]
;.;
        F72          ...           F71-pmouawad@unknown
0  0.825454          ...                            0.0
1  0.825454          ...                            0.0
2  0.825454          ...                            0.0

[3 rows x 58 columns]
training_x: (604, 58)
training_y: 604
testset_x: (613, 58)
testset_y: 613
              precision    recall  f1-score   support

           0       0.98      0.98      0.98       468
           1       0.94      0.94      0.94       145

    accuracy                           0.97       613
   macro avg       0.96      0.96      0.96       613
weighted avg       0.97      0.97      0.97       613

accuracy: 0.9738988580750407
0.9448275862068966
@@@ tn: 460, fp: 8, fn: 8, tp: 137
@@@ LIME - Creating explainer
@@@ LIME - Random Sampling of Instances
iter: 0, sample_no: 327, actual label: 0, predicted: 1
iter: 1, sample_no: 67, actual label: 0, predicted: 0
iter: 2, sample_no: 587, actual label: 0, predicted: 0
iter: 3, sample_no: 234, actual label: 0, predicted: 0
iter: 4, sample_no: 331, actual label: 1, predicted: 1
iter: 5, sample_no: 197, actual label: 0, predicted: 0
iter: 6, sample_no: 311, actual label: 0, predicted: 0
iter: 7, sample_no: 129, actual label: 0, predicted: 0
iter: 8, sample_no: 187, actual label: 0, predicted: 0
iter: 9, sample_no: 172, actual label: 0, predicted: 0
iter: 10, sample_no: 258, actual label: 1, predicted: 1
iter: 11, sample_no: 153, actual label: 1, predicted: 1
iter: 12, sample_no: 69, actual label: 0, predicted: 0
iter: 13, sample_no: 63, actual label: 0, predicted: 0
iter: 14, sample_no: 424, actual label: 1, predicted: 1
iter: 15, sample_no: 606, actual label: 1, predicted: 1
iter: 16, sample_no: 249, actual label: 1, predicted: 1
iter: 17, sample_no: 345, actual label: 0, predicted: 0
iter: 18, sample_no: 133, actual label: 0, predicted: 0
iter: 19, sample_no: 274, actual label: 1, predicted: 1
iter: 20, sample_no: 96, actual label: 0, predicted: 0
iter: 21, sample_no: 482, actual label: 0, predicted: 0
iter: 22, sample_no: 504, actual label: 0, predicted: 0
iter: 23, sample_no: 523, actual label: 0, predicted: 0
iter: 24, sample_no: 150, actual label: 0, predicted: 0
number of samples: 613
AUC 0.9870173887415267
pos_get 145
total recall stop_at 1.0
@@@ C - Repeat number: 6
@@@ D - common_header:  {'F126', 'F41', 'F65', 'F3-long', 'F15-public', 'F71-mblankestijn@apache.org', 'F101', 'F117', 'F71-dims@apache.org', 'F71-jeremy_a@apache.org', 'F71-jsalvata@apache.org', 'F105', 'F123', 'F71-thads@apache.org', 'category', 'F15-NA', 'F71-seade@apache.org', 'F3-HttpRequestBase', 'F3-String', 'F71-rjung@apache.org', 'F71-pmouawad@apache.org', 'F71-fschumacher@apache.org', 'F71-alf@apache.org', 'F71-mstover1@apache.org', 'F110', 'F3-InterleaveControl.IGNORE_SUB_CONTROLLERS', 'F116', 'F71-fschumacher@unknown', 'F15-private', 'F71-dev-null@apache.org', 'F3-String[]', 'F71-oros@apache.org', 'F15-protected', 'F3-Object', 'F3-MenuIcon', 'F3-CollectionProperty', 'F3-StringProperty', 'F3-GenericController', 'F3-byte[]', 'F3-int', 'F71-sebb@apache.org', 'F71-undera@apache.org', 'F3-JMeterTreeNode', 'F71-milamber@apache.org', 'F104', 'F77', 'F71-woolfel@apache.org', 'F68', 'F71-pmouawad@unknown', 'F72', 'F3-TestElementProperty', 'F3-HashTree', 'F25', 'F120', 'F3-NA', 'F3-boolean', 'F115', 'F3-Arguments', 'F22'}
     F72   F25         ...          F71-undera@apache.org F71-pmouawad@unknown
1  11856  3757         ...                              0                    0
2  11856  3757         ...                              0                    0
3  11856  3757         ...                              0                    0

[3 rows x 58 columns]
;.;
        F72          ...           F71-pmouawad@unknown
0  0.825454          ...                            0.0
1  0.825454          ...                            0.0
2  0.825454          ...                            0.0

[3 rows x 58 columns]
training_x: (604, 58)
training_y: 604
testset_x: (613, 58)
testset_y: 613
              precision    recall  f1-score   support

           0       0.98      0.98      0.98       468
           1       0.94      0.94      0.94       145

    accuracy                           0.97       613
   macro avg       0.96      0.96      0.96       613
weighted avg       0.97      0.97      0.97       613

accuracy: 0.9738988580750407
0.9448275862068966
@@@ tn: 460, fp: 8, fn: 8, tp: 137
@@@ LIME - Creating explainer
@@@ LIME - Random Sampling of Instances
iter: 0, sample_no: 563, actual label: 0, predicted: 0
iter: 1, sample_no: 120, actual label: 0, predicted: 0
iter: 2, sample_no: 181, actual label: 0, predicted: 0
iter: 3, sample_no: 135, actual label: 0, predicted: 0
iter: 4, sample_no: 299, actual label: 0, predicted: 0
iter: 5, sample_no: 548, actual label: 1, predicted: 1
iter: 6, sample_no: 157, actual label: 1, predicted: 1
iter: 7, sample_no: 548, actual label: 1, predicted: 1
iter: 8, sample_no: 111, actual label: 0, predicted: 0
iter: 9, sample_no: 504, actual label: 0, predicted: 0
iter: 10, sample_no: 228, actual label: 0, predicted: 0
iter: 11, sample_no: 501, actual label: 0, predicted: 0
iter: 12, sample_no: 112, actual label: 0, predicted: 0
iter: 13, sample_no: 471, actual label: 0, predicted: 0
iter: 14, sample_no: 49, actual label: 0, predicted: 0
iter: 15, sample_no: 28, actual label: 0, predicted: 0
iter: 16, sample_no: 389, actual label: 0, predicted: 0
iter: 17, sample_no: 115, actual label: 0, predicted: 0
iter: 18, sample_no: 407, actual label: 0, predicted: 0
iter: 19, sample_no: 174, actual label: 0, predicted: 0
iter: 20, sample_no: 425, actual label: 0, predicted: 0
iter: 21, sample_no: 345, actual label: 0, predicted: 0
iter: 22, sample_no: 99, actual label: 0, predicted: 0
iter: 23, sample_no: 63, actual label: 0, predicted: 0
iter: 24, sample_no: 536, actual label: 0, predicted: 0
number of samples: 613
AUC 0.9870173887415267
pos_get 145
total recall stop_at 1.0
@@@ C - Repeat number: 7
@@@ D - common_header:  {'F126', 'F41', 'F65', 'F3-long', 'F15-public', 'F71-mblankestijn@apache.org', 'F101', 'F117', 'F71-dims@apache.org', 'F71-jeremy_a@apache.org', 'F71-jsalvata@apache.org', 'F105', 'F123', 'F71-thads@apache.org', 'category', 'F15-NA', 'F71-seade@apache.org', 'F3-HttpRequestBase', 'F3-String', 'F71-rjung@apache.org', 'F71-pmouawad@apache.org', 'F71-fschumacher@apache.org', 'F71-alf@apache.org', 'F71-mstover1@apache.org', 'F110', 'F3-InterleaveControl.IGNORE_SUB_CONTROLLERS', 'F116', 'F71-fschumacher@unknown', 'F15-private', 'F71-dev-null@apache.org', 'F3-String[]', 'F71-oros@apache.org', 'F15-protected', 'F3-Object', 'F3-MenuIcon', 'F3-CollectionProperty', 'F3-StringProperty', 'F3-GenericController', 'F3-byte[]', 'F3-int', 'F71-sebb@apache.org', 'F71-undera@apache.org', 'F3-JMeterTreeNode', 'F71-milamber@apache.org', 'F104', 'F77', 'F71-woolfel@apache.org', 'F68', 'F71-pmouawad@unknown', 'F72', 'F3-TestElementProperty', 'F3-HashTree', 'F25', 'F120', 'F3-NA', 'F3-boolean', 'F115', 'F3-Arguments', 'F22'}
     F72   F25         ...          F71-undera@apache.org F71-pmouawad@unknown
1  11856  3757         ...                              0                    0
2  11856  3757         ...                              0                    0
3  11856  3757         ...                              0                    0

[3 rows x 58 columns]
;.;
        F72          ...           F71-pmouawad@unknown
0  0.825454          ...                            0.0
1  0.825454          ...                            0.0
2  0.825454          ...                            0.0

[3 rows x 58 columns]
training_x: (604, 58)
training_y: 604
testset_x: (613, 58)
testset_y: 613
              precision    recall  f1-score   support

           0       0.98      0.98      0.98       468
           1       0.94      0.94      0.94       145

    accuracy                           0.97       613
   macro avg       0.96      0.96      0.96       613
weighted avg       0.97      0.97      0.97       613

accuracy: 0.9738988580750407
0.9448275862068966
@@@ tn: 460, fp: 8, fn: 8, tp: 137
@@@ LIME - Creating explainer
@@@ LIME - Random Sampling of Instances
iter: 0, sample_no: 424, actual label: 1, predicted: 1
iter: 1, sample_no: 18, actual label: 0, predicted: 0
iter: 2, sample_no: 607, actual label: 0, predicted: 0
iter: 3, sample_no: 466, actual label: 0, predicted: 0
iter: 4, sample_no: 91, actual label: 0, predicted: 0
iter: 5, sample_no: 566, actual label: 0, predicted: 0
iter: 6, sample_no: 307, actual label: 0, predicted: 0
iter: 7, sample_no: 102, actual label: 0, predicted: 0
iter: 8, sample_no: 177, actual label: 0, predicted: 0
iter: 9, sample_no: 7, actual label: 0, predicted: 0
iter: 10, sample_no: 197, actual label: 0, predicted: 0
iter: 11, sample_no: 92, actual label: 1, predicted: 1
iter: 12, sample_no: 260, actual label: 1, predicted: 1
iter: 13, sample_no: 1, actual label: 1, predicted: 1
iter: 14, sample_no: 495, actual label: 1, predicted: 0
iter: 15, sample_no: 10, actual label: 0, predicted: 0
iter: 16, sample_no: 203, actual label: 0, predicted: 0
iter: 17, sample_no: 605, actual label: 1, predicted: 1
iter: 18, sample_no: 550, actual label: 1, predicted: 1
iter: 19, sample_no: 28, actual label: 0, predicted: 0
iter: 20, sample_no: 70, actual label: 0, predicted: 0
iter: 21, sample_no: 59, actual label: 0, predicted: 0
iter: 22, sample_no: 574, actual label: 0, predicted: 0
iter: 23, sample_no: 244, actual label: 0, predicted: 0
iter: 24, sample_no: 511, actual label: 1, predicted: 1
number of samples: 613
AUC 0.9870173887415267
pos_get 145
total recall stop_at 1.0
@@@ C - Repeat number: 8
@@@ D - common_header:  {'F126', 'F41', 'F65', 'F3-long', 'F15-public', 'F71-mblankestijn@apache.org', 'F101', 'F117', 'F71-dims@apache.org', 'F71-jeremy_a@apache.org', 'F71-jsalvata@apache.org', 'F105', 'F123', 'F71-thads@apache.org', 'category', 'F15-NA', 'F71-seade@apache.org', 'F3-HttpRequestBase', 'F3-String', 'F71-rjung@apache.org', 'F71-pmouawad@apache.org', 'F71-fschumacher@apache.org', 'F71-alf@apache.org', 'F71-mstover1@apache.org', 'F110', 'F3-InterleaveControl.IGNORE_SUB_CONTROLLERS', 'F116', 'F71-fschumacher@unknown', 'F15-private', 'F71-dev-null@apache.org', 'F3-String[]', 'F71-oros@apache.org', 'F15-protected', 'F3-Object', 'F3-MenuIcon', 'F3-CollectionProperty', 'F3-StringProperty', 'F3-GenericController', 'F3-byte[]', 'F3-int', 'F71-sebb@apache.org', 'F71-undera@apache.org', 'F3-JMeterTreeNode', 'F71-milamber@apache.org', 'F104', 'F77', 'F71-woolfel@apache.org', 'F68', 'F71-pmouawad@unknown', 'F72', 'F3-TestElementProperty', 'F3-HashTree', 'F25', 'F120', 'F3-NA', 'F3-boolean', 'F115', 'F3-Arguments', 'F22'}
     F72   F25         ...          F71-undera@apache.org F71-pmouawad@unknown
1  11856  3757         ...                              0                    0
2  11856  3757         ...                              0                    0
3  11856  3757         ...                              0                    0

[3 rows x 58 columns]
;.;
        F72          ...           F71-pmouawad@unknown
0  0.825454          ...                            0.0
1  0.825454          ...                            0.0
2  0.825454          ...                            0.0

[3 rows x 58 columns]
training_x: (604, 58)
training_y: 604
testset_x: (613, 58)
testset_y: 613
              precision    recall  f1-score   support

           0       0.98      0.98      0.98       468
           1       0.94      0.94      0.94       145

    accuracy                           0.97       613
   macro avg       0.96      0.96      0.96       613
weighted avg       0.97      0.97      0.97       613

accuracy: 0.9738988580750407
0.9448275862068966
@@@ tn: 460, fp: 8, fn: 8, tp: 137
@@@ LIME - Creating explainer
@@@ LIME - Random Sampling of Instances
iter: 0, sample_no: 480, actual label: 0, predicted: 0
iter: 1, sample_no: 402, actual label: 1, predicted: 1
iter: 2, sample_no: 610, actual label: 0, predicted: 0
iter: 3, sample_no: 294, actual label: 0, predicted: 0
iter: 4, sample_no: 270, actual label: 0, predicted: 0
iter: 5, sample_no: 244, actual label: 0, predicted: 0
iter: 6, sample_no: 344, actual label: 0, predicted: 0
iter: 7, sample_no: 34, actual label: 0, predicted: 0
iter: 8, sample_no: 438, actual label: 0, predicted: 0
iter: 9, sample_no: 470, actual label: 0, predicted: 0
iter: 10, sample_no: 76, actual label: 1, predicted: 1
iter: 11, sample_no: 439, actual label: 0, predicted: 0
iter: 12, sample_no: 39, actual label: 0, predicted: 0
iter: 13, sample_no: 190, actual label: 0, predicted: 0
iter: 14, sample_no: 201, actual label: 1, predicted: 1
iter: 15, sample_no: 160, actual label: 0, predicted: 0
iter: 16, sample_no: 305, actual label: 0, predicted: 0
iter: 17, sample_no: 585, actual label: 1, predicted: 1
iter: 18, sample_no: 396, actual label: 1, predicted: 1
iter: 19, sample_no: 44, actual label: 0, predicted: 0
iter: 20, sample_no: 258, actual label: 1, predicted: 1
iter: 21, sample_no: 280, actual label: 0, predicted: 0
iter: 22, sample_no: 171, actual label: 0, predicted: 0
iter: 23, sample_no: 35, actual label: 0, predicted: 0
iter: 24, sample_no: 376, actual label: 1, predicted: 1
number of samples: 613
AUC 0.9870173887415267
pos_get 145
total recall stop_at 1.0
@@@ C - Repeat number: 9
@@@ D - common_header:  {'F126', 'F41', 'F65', 'F3-long', 'F15-public', 'F71-mblankestijn@apache.org', 'F101', 'F117', 'F71-dims@apache.org', 'F71-jeremy_a@apache.org', 'F71-jsalvata@apache.org', 'F105', 'F123', 'F71-thads@apache.org', 'category', 'F15-NA', 'F71-seade@apache.org', 'F3-HttpRequestBase', 'F3-String', 'F71-rjung@apache.org', 'F71-pmouawad@apache.org', 'F71-fschumacher@apache.org', 'F71-alf@apache.org', 'F71-mstover1@apache.org', 'F110', 'F3-InterleaveControl.IGNORE_SUB_CONTROLLERS', 'F116', 'F71-fschumacher@unknown', 'F15-private', 'F71-dev-null@apache.org', 'F3-String[]', 'F71-oros@apache.org', 'F15-protected', 'F3-Object', 'F3-MenuIcon', 'F3-CollectionProperty', 'F3-StringProperty', 'F3-GenericController', 'F3-byte[]', 'F3-int', 'F71-sebb@apache.org', 'F71-undera@apache.org', 'F3-JMeterTreeNode', 'F71-milamber@apache.org', 'F104', 'F77', 'F71-woolfel@apache.org', 'F68', 'F71-pmouawad@unknown', 'F72', 'F3-TestElementProperty', 'F3-HashTree', 'F25', 'F120', 'F3-NA', 'F3-boolean', 'F115', 'F3-Arguments', 'F22'}
     F72   F25         ...          F71-undera@apache.org F71-pmouawad@unknown
1  11856  3757         ...                              0                    0
2  11856  3757         ...                              0                    0
3  11856  3757         ...                              0                    0

[3 rows x 58 columns]
;.;
        F72          ...           F71-pmouawad@unknown
0  0.825454          ...                            0.0
1  0.825454          ...                            0.0
2  0.825454          ...                            0.0

[3 rows x 58 columns]
training_x: (604, 58)
training_y: 604
testset_x: (613, 58)
testset_y: 613
              precision    recall  f1-score   support

           0       0.98      0.98      0.98       468
           1       0.94      0.94      0.94       145

    accuracy                           0.97       613
   macro avg       0.96      0.96      0.96       613
weighted avg       0.97      0.97      0.97       613

accuracy: 0.9738988580750407
0.9448275862068966
@@@ tn: 460, fp: 8, fn: 8, tp: 137
@@@ LIME - Creating explainer
@@@ LIME - Random Sampling of Instances
iter: 0, sample_no: 57, actual label: 0, predicted: 0
iter: 1, sample_no: 266, actual label: 1, predicted: 1
iter: 2, sample_no: 323, actual label: 0, predicted: 0
iter: 3, sample_no: 4, actual label: 1, predicted: 1
iter: 4, sample_no: 352, actual label: 0, predicted: 0
iter: 5, sample_no: 59, actual label: 0, predicted: 0
iter: 6, sample_no: 276, actual label: 1, predicted: 1
iter: 7, sample_no: 239, actual label: 0, predicted: 0
iter: 8, sample_no: 382, actual label: 0, predicted: 0
iter: 9, sample_no: 180, actual label: 0, predicted: 0
iter: 10, sample_no: 282, actual label: 0, predicted: 0
iter: 11, sample_no: 236, actual label: 1, predicted: 1
iter: 12, sample_no: 328, actual label: 0, predicted: 0
iter: 13, sample_no: 114, actual label: 0, predicted: 0
iter: 14, sample_no: 140, actual label: 0, predicted: 0
iter: 15, sample_no: 528, actual label: 0, predicted: 0
iter: 16, sample_no: 35, actual label: 0, predicted: 0
iter: 17, sample_no: 146, actual label: 0, predicted: 0
iter: 18, sample_no: 366, actual label: 0, predicted: 0
iter: 19, sample_no: 332, actual label: 1, predicted: 1
iter: 20, sample_no: 598, actual label: 0, predicted: 0
iter: 21, sample_no: 537, actual label: 0, predicted: 0
iter: 22, sample_no: 186, actual label: 1, predicted: 1
iter: 23, sample_no: 295, actual label: 0, predicted: 0
iter: 24, sample_no: 327, actual label: 0, predicted: 1
number of samples: 613
AUC 0.9870173887415267
pos_get 145
total recall stop_at 1.0
@@@ C - Repeat number: 10
@@@ D - common_header:  {'F126', 'F41', 'F65', 'F3-long', 'F15-public', 'F71-mblankestijn@apache.org', 'F101', 'F117', 'F71-dims@apache.org', 'F71-jeremy_a@apache.org', 'F71-jsalvata@apache.org', 'F105', 'F123', 'F71-thads@apache.org', 'category', 'F15-NA', 'F71-seade@apache.org', 'F3-HttpRequestBase', 'F3-String', 'F71-rjung@apache.org', 'F71-pmouawad@apache.org', 'F71-fschumacher@apache.org', 'F71-alf@apache.org', 'F71-mstover1@apache.org', 'F110', 'F3-InterleaveControl.IGNORE_SUB_CONTROLLERS', 'F116', 'F71-fschumacher@unknown', 'F15-private', 'F71-dev-null@apache.org', 'F3-String[]', 'F71-oros@apache.org', 'F15-protected', 'F3-Object', 'F3-MenuIcon', 'F3-CollectionProperty', 'F3-StringProperty', 'F3-GenericController', 'F3-byte[]', 'F3-int', 'F71-sebb@apache.org', 'F71-undera@apache.org', 'F3-JMeterTreeNode', 'F71-milamber@apache.org', 'F104', 'F77', 'F71-woolfel@apache.org', 'F68', 'F71-pmouawad@unknown', 'F72', 'F3-TestElementProperty', 'F3-HashTree', 'F25', 'F120', 'F3-NA', 'F3-boolean', 'F115', 'F3-Arguments', 'F22'}
     F72   F25         ...          F71-undera@apache.org F71-pmouawad@unknown
1  11856  3757         ...                              0                    0
2  11856  3757         ...                              0                    0
3  11856  3757         ...                              0                    0

[3 rows x 58 columns]
;.;
        F72          ...           F71-pmouawad@unknown
0  0.825454          ...                            0.0
1  0.825454          ...                            0.0
2  0.825454          ...                            0.0

[3 rows x 58 columns]
training_x: (604, 58)
training_y: 604
testset_x: (613, 58)
testset_y: 613
              precision    recall  f1-score   support

           0       0.98      0.98      0.98       468
           1       0.94      0.94      0.94       145

    accuracy                           0.97       613
   macro avg       0.96      0.96      0.96       613
weighted avg       0.97      0.97      0.97       613

accuracy: 0.9738988580750407
0.9448275862068966
@@@ tn: 460, fp: 8, fn: 8, tp: 137
@@@ LIME - Creating explainer
@@@ LIME - Random Sampling of Instances
/Users/author1/anaconda3/lib/python3.6/site-packages/tensorflow/python/framework/dtypes.py:463: FutureWarning: Passing (type, 1) or '1type' as a synonym of type is deprecated; in a future version of numpy, it will be understood as (type, (1,)) / '(1,)type'.
  _np_qint8 = np.dtype([("qint8", np.int8, 1)])
/Users/author1/anaconda3/lib/python3.6/site-packages/tensorflow/python/framework/dtypes.py:464: FutureWarning: Passing (type, 1) or '1type' as a synonym of type is deprecated; in a future version of numpy, it will be understood as (type, (1,)) / '(1,)type'.
  _np_quint8 = np.dtype([("quint8", np.uint8, 1)])
/Users/author1/anaconda3/lib/python3.6/site-packages/tensorflow/python/framework/dtypes.py:465: FutureWarning: Passing (type, 1) or '1type' as a synonym of type is deprecated; in a future version of numpy, it will be understood as (type, (1,)) / '(1,)type'.
  _np_qint16 = np.dtype([("qint16", np.int16, 1)])
/Users/author1/anaconda3/lib/python3.6/site-packages/tensorflow/python/framework/dtypes.py:466: FutureWarning: Passing (type, 1) or '1type' as a synonym of type is deprecated; in a future version of numpy, it will be understood as (type, (1,)) / '(1,)type'.
  _np_quint16 = np.dtype([("quint16", np.uint16, 1)])
/Users/author1/anaconda3/lib/python3.6/site-packages/tensorflow/python/framework/dtypes.py:467: FutureWarning: Passing (type, 1) or '1type' as a synonym of type is deprecated; in a future version of numpy, it will be understood as (type, (1,)) / '(1,)type'.
  _np_qint32 = np.dtype([("qint32", np.int32, 1)])
iter: 0, sample_no: 525, actual label: 0, predicted: 0
iter: 1, sample_no: 143, actual label: 0, predicted: 0
iter: 2, sample_no: 97, actual label: 0, predicted: 0
iter: 3, sample_no: 155, actual label: 1, predicted: 1
iter: 4, sample_no: 63, actual label: 0, predicted: 0
iter: 5, sample_no: 449, actual label: 0, predicted: 0
iter: 6, sample_no: 521, actual label: 0, predicted: 0
iter: 7, sample_no: 37, actual label: 0, predicted: 0
iter: 8, sample_no: 507, actual label: 0, predicted: 0
iter: 9, sample_no: 4, actual label: 1, predicted: 1
iter: 10, sample_no: 289, actual label: 0, predicted: 0
iter: 11, sample_no: 198, actual label: 0, predicted: 0
iter: 12, sample_no: 121, actual label: 0, predicted: 0
iter: 13, sample_no: 560, actual label: 0, predicted: 0
iter: 14, sample_no: 195, actual label: 0, predicted: 0
iter: 15, sample_no: 415, actual label: 0, predicted: 0
iter: 16, sample_no: 125, actual label: 0, predicted: 0
iter: 17, sample_no: 16, actual label: 1, predicted: 1
iter: 18, sample_no: 41, actual label: 0, predicted: 0
iter: 19, sample_no: 118, actual label: 0, predicted: 0
iter: 20, sample_no: 419, actual label: 0, predicted: 0
iter: 21, sample_no: 49, actual label: 0, predicted: 0
iter: 22, sample_no: 501, actual label: 0, predicted: 0
iter: 23, sample_no: 438, actual label: 0, predicted: 0
iter: 24, sample_no: 408, actual label: 0, predicted: 0
number of samples: 613
AUC 0.9870173887415267
pos_get 145
total recall stop_at 1.0
----------threshold stop at----------: 1
AUC [0.9870173887415267, 0.9870173887415267, 0.9870173887415267, 0.9870173887415267, 0.9870173887415267, 0.9870173887415267, 0.9870173887415267, 0.9870173887415267, 0.9870173887415267, 0.9870173887415267]
AUC_median 0.9870173887415267
AUC_iqr 0.0
cost [0.6378466557911908, 0.6378466557911908, 0.6378466557911908, 0.6378466557911908, 0.6378466557911908, 0.6378466557911908, 0.6378466557911908, 0.6378466557911908, 0.6378466557911908, 0.6378466557911908]
COST_med 0.6378466557911908
COST_iqr 0.0
f1_pos_list [0.9448275862068966, 0.9448275862068966, 0.9448275862068966, 0.9448275862068966, 0.9448275862068966, 0.9448275862068966, 0.9448275862068966, 0.9448275862068966, 0.9448275862068966, 0.9448275862068966]
f1_pos_med 0.9448275862068966
