@@@ A - classifier: SVC(C=1.0, break_ties=False, cache_size=200, class_weight='balanced', coef0=0.0,
    decision_function_shape='ovr', degree=3, gamma='scale', kernel='linear',
    max_iter=-1, probability=True, random_state=None, shrinking=True, tol=0.001,
    verbose=False)
@@@ B - threshold stop at: 1
@@@ C - Repeat number: 1
will not use leaked features
@@@ D - common_header:  {'F71-ggregory@apache.org', 'F72', 'F3-NA', 'F3-byte[]', 'F104', 'F3-null', 'F77', 'F71-joehni@apache.org', 'F65', 'F3-new ToStringBuilder(base).append(array).toString()', 'F3-Throwable', 'F3-int', 'F15-NA', 'F3-boolean', 'F3-Integer', 'F71-bayard@apache.org', 'F105', 'F15-public', 'category', 'F68', 'F71-djones@apache.org', 'F71-chas@apache.org', 'F101', 'F71-kinow@apache.org', 'F3-ArrayUtils.isSameLength(nullArray nullArray)', 'F123', 'F3-new EqualsBuilder().append(obj1 obj2).isEquals()', 'F71-britter@apache.org', 'F71-oheger@apache.org', 'F71-brentworden@apache.org', 'F71-mbenson@apache.org', 'F71-pbenedict@apache.org', 'F3-ArrayUtils.toObject(b)', 'F22', 'F71-sebb@apache.org', 'F71-scolebourne@apache.org', 'F71-mcucchiara@apache.org', 'F126', 'F15-protected', 'F25', 'F3-char', 'F3-ArrayUtils.nullToEmpty(original)', 'F3-!new EqualsBuilder().append(obj1 obj2).isEquals()', 'F71-jcarman@apache.org', 'F41', 'F71-niallp@apache.org', 'F3-boolean[]', 'F3-String'}
    F72   F25         ...         F71-mbenson@apache.org F71-sebb@apache.org
1  2238  1386         ...                              1                   1
2  2238  1386         ...                              1                   1
3  2562  1663         ...                              1                   1

[3 rows x 47 columns]
;.;
        F72         ...           F71-sebb@apache.org
0  0.816014         ...                           1.0
1  0.816014         ...                           1.0
2  1.000000         ...                           1.0

[3 rows x 47 columns]
training_x: (725, 47)
training_y: 725
testset_x: (786, 47)
testset_y: 786
              precision    recall  f1-score   support

           0       0.97      0.61      0.75       744
           1       0.09      0.67      0.16        42

    accuracy                           0.62       786
   macro avg       0.53      0.64      0.45       786
weighted avg       0.92      0.62      0.72       786

accuracy: 0.6170483460559797
0.1568627450980392
@@@ tn: 457, fp: 287, fn: 14, tp: 28
@@@ LIME - Creating explainer
@@@ LIME - Random Sampling of Instances
iter: 0, sample_no: 320, actual label: 0, predicted: 0
iter: 1, sample_no: 397, actual label: 0, predicted: 0
iter: 2, sample_no: 297, actual label: 0, predicted: 0
iter: 3, sample_no: 566, actual label: 0, predicted: 0
iter: 4, sample_no: 282, actual label: 0, predicted: 1
iter: 5, sample_no: 352, actual label: 0, predicted: 0
iter: 6, sample_no: 418, actual label: 0, predicted: 0
iter: 7, sample_no: 702, actual label: 0, predicted: 0
iter: 8, sample_no: 124, actual label: 0, predicted: 1
iter: 9, sample_no: 109, actual label: 0, predicted: 1
iter: 10, sample_no: 79, actual label: 0, predicted: 1
iter: 11, sample_no: 285, actual label: 0, predicted: 1
iter: 12, sample_no: 252, actual label: 0, predicted: 0
iter: 13, sample_no: 602, actual label: 0, predicted: 1
iter: 14, sample_no: 660, actual label: 0, predicted: 0
iter: 15, sample_no: 269, actual label: 0, predicted: 1
iter: 16, sample_no: 267, actual label: 0, predicted: 1
iter: 17, sample_no: 650, actual label: 1, predicted: 1
iter: 18, sample_no: 582, actual label: 0, predicted: 1
iter: 19, sample_no: 11, actual label: 0, predicted: 1
iter: 20, sample_no: 107, actual label: 0, predicted: 1
iter: 21, sample_no: 16, actual label: 0, predicted: 1
iter: 22, sample_no: 543, actual label: 0, predicted: 0
iter: 23, sample_no: 212, actual label: 0, predicted: 1
iter: 24, sample_no: 687, actual label: 0, predicted: 0
number of samples: 786
AUC 0.6454173067076293
pos_get 42
total recall stop_at 1.0
@@@ C - Repeat number: 2
will not use leaked features
@@@ D - common_header:  {'F71-ggregory@apache.org', 'F72', 'F3-NA', 'F3-byte[]', 'F104', 'F3-null', 'F77', 'F71-joehni@apache.org', 'F65', 'F3-new ToStringBuilder(base).append(array).toString()', 'F3-Throwable', 'F3-int', 'F15-NA', 'F3-boolean', 'F3-Integer', 'F71-bayard@apache.org', 'F105', 'F15-public', 'category', 'F68', 'F71-djones@apache.org', 'F71-chas@apache.org', 'F101', 'F71-kinow@apache.org', 'F3-ArrayUtils.isSameLength(nullArray nullArray)', 'F123', 'F3-new EqualsBuilder().append(obj1 obj2).isEquals()', 'F71-britter@apache.org', 'F71-oheger@apache.org', 'F71-brentworden@apache.org', 'F71-mbenson@apache.org', 'F71-pbenedict@apache.org', 'F3-ArrayUtils.toObject(b)', 'F22', 'F71-sebb@apache.org', 'F71-scolebourne@apache.org', 'F71-mcucchiara@apache.org', 'F126', 'F15-protected', 'F25', 'F3-char', 'F3-ArrayUtils.nullToEmpty(original)', 'F3-!new EqualsBuilder().append(obj1 obj2).isEquals()', 'F71-jcarman@apache.org', 'F41', 'F71-niallp@apache.org', 'F3-boolean[]', 'F3-String'}
    F72   F25         ...         F71-mbenson@apache.org F71-sebb@apache.org
1  2238  1386         ...                              1                   1
2  2238  1386         ...                              1                   1
3  2562  1663         ...                              1                   1

[3 rows x 47 columns]
;.;
        F72         ...           F71-sebb@apache.org
0  0.816014         ...                           1.0
1  0.816014         ...                           1.0
2  1.000000         ...                           1.0

[3 rows x 47 columns]
training_x: (725, 47)
training_y: 725
testset_x: (786, 47)
testset_y: 786
              precision    recall  f1-score   support

           0       0.97      0.61      0.75       744
           1       0.09      0.67      0.16        42

    accuracy                           0.62       786
   macro avg       0.53      0.64      0.45       786
weighted avg       0.92      0.62      0.72       786

accuracy: 0.6170483460559797
0.1568627450980392
@@@ tn: 457, fp: 287, fn: 14, tp: 28
@@@ LIME - Creating explainer
@@@ LIME - Random Sampling of Instances
iter: 0, sample_no: 419, actual label: 0, predicted: 0
iter: 1, sample_no: 170, actual label: 0, predicted: 1
iter: 2, sample_no: 743, actual label: 0, predicted: 0
iter: 3, sample_no: 312, actual label: 1, predicted: 1
iter: 4, sample_no: 586, actual label: 0, predicted: 0
iter: 5, sample_no: 321, actual label: 0, predicted: 1
iter: 6, sample_no: 150, actual label: 0, predicted: 1
iter: 7, sample_no: 657, actual label: 0, predicted: 0
iter: 8, sample_no: 520, actual label: 0, predicted: 0
iter: 9, sample_no: 164, actual label: 0, predicted: 1
iter: 10, sample_no: 401, actual label: 0, predicted: 0
iter: 11, sample_no: 452, actual label: 1, predicted: 1
iter: 12, sample_no: 209, actual label: 0, predicted: 1
iter: 13, sample_no: 377, actual label: 0, predicted: 0
iter: 14, sample_no: 306, actual label: 0, predicted: 0
iter: 15, sample_no: 189, actual label: 0, predicted: 1
iter: 16, sample_no: 228, actual label: 0, predicted: 0
iter: 17, sample_no: 50, actual label: 0, predicted: 0
iter: 18, sample_no: 98, actual label: 0, predicted: 1
iter: 19, sample_no: 696, actual label: 0, predicted: 0
iter: 20, sample_no: 568, actual label: 0, predicted: 0
iter: 21, sample_no: 743, actual label: 0, predicted: 0
iter: 22, sample_no: 686, actual label: 0, predicted: 0
iter: 23, sample_no: 207, actual label: 0, predicted: 1
iter: 24, sample_no: 666, actual label: 0, predicted: 0
number of samples: 786
AUC 0.6454173067076293
pos_get 42
total recall stop_at 1.0
@@@ C - Repeat number: 3
will not use leaked features
@@@ D - common_header:  {'F71-ggregory@apache.org', 'F72', 'F3-NA', 'F3-byte[]', 'F104', 'F3-null', 'F77', 'F71-joehni@apache.org', 'F65', 'F3-new ToStringBuilder(base).append(array).toString()', 'F3-Throwable', 'F3-int', 'F15-NA', 'F3-boolean', 'F3-Integer', 'F71-bayard@apache.org', 'F105', 'F15-public', 'category', 'F68', 'F71-djones@apache.org', 'F71-chas@apache.org', 'F101', 'F71-kinow@apache.org', 'F3-ArrayUtils.isSameLength(nullArray nullArray)', 'F123', 'F3-new EqualsBuilder().append(obj1 obj2).isEquals()', 'F71-britter@apache.org', 'F71-oheger@apache.org', 'F71-brentworden@apache.org', 'F71-mbenson@apache.org', 'F71-pbenedict@apache.org', 'F3-ArrayUtils.toObject(b)', 'F22', 'F71-sebb@apache.org', 'F71-scolebourne@apache.org', 'F71-mcucchiara@apache.org', 'F126', 'F15-protected', 'F25', 'F3-char', 'F3-ArrayUtils.nullToEmpty(original)', 'F3-!new EqualsBuilder().append(obj1 obj2).isEquals()', 'F71-jcarman@apache.org', 'F41', 'F71-niallp@apache.org', 'F3-boolean[]', 'F3-String'}
    F72   F25         ...         F71-mbenson@apache.org F71-sebb@apache.org
1  2238  1386         ...                              1                   1
2  2238  1386         ...                              1                   1
3  2562  1663         ...                              1                   1

[3 rows x 47 columns]
;.;
        F72         ...           F71-sebb@apache.org
0  0.816014         ...                           1.0
1  0.816014         ...                           1.0
2  1.000000         ...                           1.0

[3 rows x 47 columns]
training_x: (725, 47)
training_y: 725
testset_x: (786, 47)
testset_y: 786
              precision    recall  f1-score   support

           0       0.97      0.61      0.75       744
           1       0.09      0.67      0.16        42

    accuracy                           0.62       786
   macro avg       0.53      0.64      0.45       786
weighted avg       0.92      0.62      0.72       786

accuracy: 0.6170483460559797
0.1568627450980392
@@@ tn: 457, fp: 287, fn: 14, tp: 28
@@@ LIME - Creating explainer
@@@ LIME - Random Sampling of Instances
iter: 0, sample_no: 414, actual label: 0, predicted: 0
iter: 1, sample_no: 516, actual label: 0, predicted: 0
iter: 2, sample_no: 532, actual label: 0, predicted: 0
iter: 3, sample_no: 383, actual label: 0, predicted: 0
iter: 4, sample_no: 776, actual label: 1, predicted: 1
iter: 5, sample_no: 729, actual label: 0, predicted: 0
iter: 6, sample_no: 378, actual label: 0, predicted: 0
iter: 7, sample_no: 398, actual label: 0, predicted: 0
iter: 8, sample_no: 784, actual label: 0, predicted: 0
iter: 9, sample_no: 59, actual label: 0, predicted: 1
iter: 10, sample_no: 524, actual label: 0, predicted: 0
iter: 11, sample_no: 339, actual label: 1, predicted: 1
iter: 12, sample_no: 259, actual label: 0, predicted: 1
iter: 13, sample_no: 495, actual label: 0, predicted: 0
iter: 14, sample_no: 691, actual label: 0, predicted: 1
iter: 15, sample_no: 70, actual label: 0, predicted: 1
iter: 16, sample_no: 150, actual label: 0, predicted: 1
iter: 17, sample_no: 268, actual label: 0, predicted: 1
iter: 18, sample_no: 514, actual label: 0, predicted: 0
iter: 19, sample_no: 333, actual label: 1, predicted: 1
iter: 20, sample_no: 497, actual label: 0, predicted: 0
iter: 21, sample_no: 320, actual label: 0, predicted: 0
iter: 22, sample_no: 166, actual label: 0, predicted: 1
iter: 23, sample_no: 585, actual label: 0, predicted: 1
iter: 24, sample_no: 596, actual label: 0, predicted: 0
number of samples: 786
AUC 0.6454173067076293
pos_get 42
total recall stop_at 1.0
@@@ C - Repeat number: 4
will not use leaked features
@@@ D - common_header:  {'F71-ggregory@apache.org', 'F72', 'F3-NA', 'F3-byte[]', 'F104', 'F3-null', 'F77', 'F71-joehni@apache.org', 'F65', 'F3-new ToStringBuilder(base).append(array).toString()', 'F3-Throwable', 'F3-int', 'F15-NA', 'F3-boolean', 'F3-Integer', 'F71-bayard@apache.org', 'F105', 'F15-public', 'category', 'F68', 'F71-djones@apache.org', 'F71-chas@apache.org', 'F101', 'F71-kinow@apache.org', 'F3-ArrayUtils.isSameLength(nullArray nullArray)', 'F123', 'F3-new EqualsBuilder().append(obj1 obj2).isEquals()', 'F71-britter@apache.org', 'F71-oheger@apache.org', 'F71-brentworden@apache.org', 'F71-mbenson@apache.org', 'F71-pbenedict@apache.org', 'F3-ArrayUtils.toObject(b)', 'F22', 'F71-sebb@apache.org', 'F71-scolebourne@apache.org', 'F71-mcucchiara@apache.org', 'F126', 'F15-protected', 'F25', 'F3-char', 'F3-ArrayUtils.nullToEmpty(original)', 'F3-!new EqualsBuilder().append(obj1 obj2).isEquals()', 'F71-jcarman@apache.org', 'F41', 'F71-niallp@apache.org', 'F3-boolean[]', 'F3-String'}
    F72   F25         ...         F71-mbenson@apache.org F71-sebb@apache.org
1  2238  1386         ...                              1                   1
2  2238  1386         ...                              1                   1
3  2562  1663         ...                              1                   1

[3 rows x 47 columns]
;.;
        F72         ...           F71-sebb@apache.org
0  0.816014         ...                           1.0
1  0.816014         ...                           1.0
2  1.000000         ...                           1.0

[3 rows x 47 columns]
training_x: (725, 47)
training_y: 725
testset_x: (786, 47)
testset_y: 786
              precision    recall  f1-score   support

           0       0.97      0.61      0.75       744
           1       0.09      0.67      0.16        42

    accuracy                           0.62       786
   macro avg       0.53      0.64      0.45       786
weighted avg       0.92      0.62      0.72       786

accuracy: 0.6170483460559797
0.1568627450980392
@@@ tn: 457, fp: 287, fn: 14, tp: 28
@@@ LIME - Creating explainer
@@@ LIME - Random Sampling of Instances
iter: 0, sample_no: 552, actual label: 0, predicted: 0
iter: 1, sample_no: 81, actual label: 0, predicted: 1
iter: 2, sample_no: 283, actual label: 0, predicted: 0
iter: 3, sample_no: 36, actual label: 0, predicted: 1
iter: 4, sample_no: 268, actual label: 0, predicted: 1
iter: 5, sample_no: 186, actual label: 0, predicted: 1
iter: 6, sample_no: 746, actual label: 0, predicted: 0
iter: 7, sample_no: 568, actual label: 0, predicted: 0
iter: 8, sample_no: 448, actual label: 0, predicted: 0
iter: 9, sample_no: 485, actual label: 0, predicted: 0
iter: 10, sample_no: 777, actual label: 1, predicted: 1
iter: 11, sample_no: 545, actual label: 0, predicted: 0
iter: 12, sample_no: 672, actual label: 0, predicted: 0
iter: 13, sample_no: 460, actual label: 0, predicted: 0
iter: 14, sample_no: 390, actual label: 0, predicted: 0
iter: 15, sample_no: 710, actual label: 0, predicted: 1
iter: 16, sample_no: 762, actual label: 0, predicted: 0
iter: 17, sample_no: 78, actual label: 0, predicted: 1
iter: 18, sample_no: 489, actual label: 1, predicted: 1
iter: 19, sample_no: 478, actual label: 0, predicted: 0
iter: 20, sample_no: 644, actual label: 0, predicted: 1
iter: 21, sample_no: 671, actual label: 0, predicted: 0
iter: 22, sample_no: 302, actual label: 0, predicted: 0
iter: 23, sample_no: 326, actual label: 0, predicted: 0
iter: 24, sample_no: 68, actual label: 0, predicted: 0
number of samples: 786
AUC 0.6454173067076293
pos_get 42
total recall stop_at 1.0
@@@ C - Repeat number: 5
will not use leaked features
@@@ D - common_header:  {'F71-ggregory@apache.org', 'F72', 'F3-NA', 'F3-byte[]', 'F104', 'F3-null', 'F77', 'F71-joehni@apache.org', 'F65', 'F3-new ToStringBuilder(base).append(array).toString()', 'F3-Throwable', 'F3-int', 'F15-NA', 'F3-boolean', 'F3-Integer', 'F71-bayard@apache.org', 'F105', 'F15-public', 'category', 'F68', 'F71-djones@apache.org', 'F71-chas@apache.org', 'F101', 'F71-kinow@apache.org', 'F3-ArrayUtils.isSameLength(nullArray nullArray)', 'F123', 'F3-new EqualsBuilder().append(obj1 obj2).isEquals()', 'F71-britter@apache.org', 'F71-oheger@apache.org', 'F71-brentworden@apache.org', 'F71-mbenson@apache.org', 'F71-pbenedict@apache.org', 'F3-ArrayUtils.toObject(b)', 'F22', 'F71-sebb@apache.org', 'F71-scolebourne@apache.org', 'F71-mcucchiara@apache.org', 'F126', 'F15-protected', 'F25', 'F3-char', 'F3-ArrayUtils.nullToEmpty(original)', 'F3-!new EqualsBuilder().append(obj1 obj2).isEquals()', 'F71-jcarman@apache.org', 'F41', 'F71-niallp@apache.org', 'F3-boolean[]', 'F3-String'}
    F72   F25         ...         F71-mbenson@apache.org F71-sebb@apache.org
1  2238  1386         ...                              1                   1
2  2238  1386         ...                              1                   1
3  2562  1663         ...                              1                   1

[3 rows x 47 columns]
;.;
        F72         ...           F71-sebb@apache.org
0  0.816014         ...                           1.0
1  0.816014         ...                           1.0
2  1.000000         ...                           1.0

[3 rows x 47 columns]
training_x: (725, 47)
training_y: 725
testset_x: (786, 47)
testset_y: 786
              precision    recall  f1-score   support

           0       0.97      0.61      0.75       744
           1       0.09      0.67      0.16        42

    accuracy                           0.62       786
   macro avg       0.53      0.64      0.45       786
weighted avg       0.92      0.62      0.72       786

accuracy: 0.6170483460559797
0.1568627450980392
@@@ tn: 457, fp: 287, fn: 14, tp: 28
@@@ LIME - Creating explainer
@@@ LIME - Random Sampling of Instances
iter: 0, sample_no: 327, actual label: 0, predicted: 1
iter: 1, sample_no: 431, actual label: 0, predicted: 0
iter: 2, sample_no: 271, actual label: 0, predicted: 1
iter: 3, sample_no: 528, actual label: 0, predicted: 0
iter: 4, sample_no: 314, actual label: 1, predicted: 1
iter: 5, sample_no: 138, actual label: 0, predicted: 0
iter: 6, sample_no: 471, actual label: 0, predicted: 0
iter: 7, sample_no: 577, actual label: 0, predicted: 0
iter: 8, sample_no: 538, actual label: 0, predicted: 0
iter: 9, sample_no: 260, actual label: 0, predicted: 0
iter: 10, sample_no: 384, actual label: 0, predicted: 0
iter: 11, sample_no: 538, actual label: 0, predicted: 0
iter: 12, sample_no: 415, actual label: 0, predicted: 1
iter: 13, sample_no: 771, actual label: 0, predicted: 0
iter: 14, sample_no: 71, actual label: 0, predicted: 1
iter: 15, sample_no: 229, actual label: 0, predicted: 0
iter: 16, sample_no: 394, actual label: 0, predicted: 0
iter: 17, sample_no: 585, actual label: 0, predicted: 1
iter: 18, sample_no: 367, actual label: 0, predicted: 0
iter: 19, sample_no: 587, actual label: 1, predicted: 1
iter: 20, sample_no: 674, actual label: 0, predicted: 0
iter: 21, sample_no: 407, actual label: 0, predicted: 0
iter: 22, sample_no: 1, actual label: 0, predicted: 1
iter: 23, sample_no: 302, actual label: 0, predicted: 0
iter: 24, sample_no: 1, actual label: 0, predicted: 1
number of samples: 786
AUC 0.6454173067076293
pos_get 42
total recall stop_at 1.0
@@@ C - Repeat number: 6
will not use leaked features
@@@ D - common_header:  {'F71-ggregory@apache.org', 'F72', 'F3-NA', 'F3-byte[]', 'F104', 'F3-null', 'F77', 'F71-joehni@apache.org', 'F65', 'F3-new ToStringBuilder(base).append(array).toString()', 'F3-Throwable', 'F3-int', 'F15-NA', 'F3-boolean', 'F3-Integer', 'F71-bayard@apache.org', 'F105', 'F15-public', 'category', 'F68', 'F71-djones@apache.org', 'F71-chas@apache.org', 'F101', 'F71-kinow@apache.org', 'F3-ArrayUtils.isSameLength(nullArray nullArray)', 'F123', 'F3-new EqualsBuilder().append(obj1 obj2).isEquals()', 'F71-britter@apache.org', 'F71-oheger@apache.org', 'F71-brentworden@apache.org', 'F71-mbenson@apache.org', 'F71-pbenedict@apache.org', 'F3-ArrayUtils.toObject(b)', 'F22', 'F71-sebb@apache.org', 'F71-scolebourne@apache.org', 'F71-mcucchiara@apache.org', 'F126', 'F15-protected', 'F25', 'F3-char', 'F3-ArrayUtils.nullToEmpty(original)', 'F3-!new EqualsBuilder().append(obj1 obj2).isEquals()', 'F71-jcarman@apache.org', 'F41', 'F71-niallp@apache.org', 'F3-boolean[]', 'F3-String'}
    F72   F25         ...         F71-mbenson@apache.org F71-sebb@apache.org
1  2238  1386         ...                              1                   1
2  2238  1386         ...                              1                   1
3  2562  1663         ...                              1                   1

[3 rows x 47 columns]
;.;
        F72         ...           F71-sebb@apache.org
0  0.816014         ...                           1.0
1  0.816014         ...                           1.0
2  1.000000         ...                           1.0

[3 rows x 47 columns]
training_x: (725, 47)
training_y: 725
testset_x: (786, 47)
testset_y: 786
              precision    recall  f1-score   support

           0       0.97      0.61      0.75       744
           1       0.09      0.67      0.16        42

    accuracy                           0.62       786
   macro avg       0.53      0.64      0.45       786
weighted avg       0.92      0.62      0.72       786

accuracy: 0.6170483460559797
0.1568627450980392
@@@ tn: 457, fp: 287, fn: 14, tp: 28
@@@ LIME - Creating explainer
@@@ LIME - Random Sampling of Instances
iter: 0, sample_no: 563, actual label: 0, predicted: 1
iter: 1, sample_no: 729, actual label: 0, predicted: 0
iter: 2, sample_no: 582, actual label: 0, predicted: 1
iter: 3, sample_no: 177, actual label: 0, predicted: 1
iter: 4, sample_no: 27, actual label: 0, predicted: 1
iter: 5, sample_no: 735, actual label: 0, predicted: 0
iter: 6, sample_no: 779, actual label: 1, predicted: 0
iter: 7, sample_no: 639, actual label: 0, predicted: 1
iter: 8, sample_no: 404, actual label: 0, predicted: 0
iter: 9, sample_no: 571, actual label: 0, predicted: 0
iter: 10, sample_no: 65, actual label: 0, predicted: 0
iter: 11, sample_no: 376, actual label: 0, predicted: 0
iter: 12, sample_no: 723, actual label: 0, predicted: 0
iter: 13, sample_no: 399, actual label: 0, predicted: 0
iter: 14, sample_no: 190, actual label: 0, predicted: 1
iter: 15, sample_no: 685, actual label: 0, predicted: 0
iter: 16, sample_no: 592, actual label: 0, predicted: 0
iter: 17, sample_no: 776, actual label: 1, predicted: 1
iter: 18, sample_no: 480, actual label: 0, predicted: 0
iter: 19, sample_no: 691, actual label: 0, predicted: 1
iter: 20, sample_no: 220, actual label: 1, predicted: 1
iter: 21, sample_no: 609, actual label: 0, predicted: 0
iter: 22, sample_no: 312, actual label: 1, predicted: 1
iter: 23, sample_no: 33, actual label: 0, predicted: 1
iter: 24, sample_no: 157, actual label: 0, predicted: 1
number of samples: 786
AUC 0.6454173067076293
pos_get 42
total recall stop_at 1.0
@@@ C - Repeat number: 7
will not use leaked features
@@@ D - common_header:  {'F71-ggregory@apache.org', 'F72', 'F3-NA', 'F3-byte[]', 'F104', 'F3-null', 'F77', 'F71-joehni@apache.org', 'F65', 'F3-new ToStringBuilder(base).append(array).toString()', 'F3-Throwable', 'F3-int', 'F15-NA', 'F3-boolean', 'F3-Integer', 'F71-bayard@apache.org', 'F105', 'F15-public', 'category', 'F68', 'F71-djones@apache.org', 'F71-chas@apache.org', 'F101', 'F71-kinow@apache.org', 'F3-ArrayUtils.isSameLength(nullArray nullArray)', 'F123', 'F3-new EqualsBuilder().append(obj1 obj2).isEquals()', 'F71-britter@apache.org', 'F71-oheger@apache.org', 'F71-brentworden@apache.org', 'F71-mbenson@apache.org', 'F71-pbenedict@apache.org', 'F3-ArrayUtils.toObject(b)', 'F22', 'F71-sebb@apache.org', 'F71-scolebourne@apache.org', 'F71-mcucchiara@apache.org', 'F126', 'F15-protected', 'F25', 'F3-char', 'F3-ArrayUtils.nullToEmpty(original)', 'F3-!new EqualsBuilder().append(obj1 obj2).isEquals()', 'F71-jcarman@apache.org', 'F41', 'F71-niallp@apache.org', 'F3-boolean[]', 'F3-String'}
    F72   F25         ...         F71-mbenson@apache.org F71-sebb@apache.org
1  2238  1386         ...                              1                   1
2  2238  1386         ...                              1                   1
3  2562  1663         ...                              1                   1

[3 rows x 47 columns]
;.;
        F72         ...           F71-sebb@apache.org
0  0.816014         ...                           1.0
1  0.816014         ...                           1.0
2  1.000000         ...                           1.0

[3 rows x 47 columns]
training_x: (725, 47)
training_y: 725
testset_x: (786, 47)
testset_y: 786
              precision    recall  f1-score   support

           0       0.97      0.61      0.75       744
           1       0.09      0.67      0.16        42

    accuracy                           0.62       786
   macro avg       0.53      0.64      0.45       786
weighted avg       0.92      0.62      0.72       786

accuracy: 0.6170483460559797
0.1568627450980392
@@@ tn: 457, fp: 287, fn: 14, tp: 28
@@@ LIME - Creating explainer
@@@ LIME - Random Sampling of Instances
iter: 0, sample_no: 685, actual label: 0, predicted: 0
iter: 1, sample_no: 771, actual label: 0, predicted: 0
iter: 2, sample_no: 122, actual label: 0, predicted: 1
iter: 3, sample_no: 554, actual label: 0, predicted: 0
iter: 4, sample_no: 288, actual label: 0, predicted: 1
iter: 5, sample_no: 101, actual label: 0, predicted: 1
iter: 6, sample_no: 381, actual label: 0, predicted: 0
iter: 7, sample_no: 653, actual label: 0, predicted: 0
iter: 8, sample_no: 557, actual label: 0, predicted: 0
iter: 9, sample_no: 265, actual label: 0, predicted: 0
iter: 10, sample_no: 6, actual label: 0, predicted: 1
iter: 11, sample_no: 201, actual label: 0, predicted: 1
iter: 12, sample_no: 191, actual label: 0, predicted: 1
iter: 13, sample_no: 495, actual label: 0, predicted: 0
iter: 14, sample_no: 181, actual label: 0, predicted: 1
iter: 15, sample_no: 199, actual label: 0, predicted: 1
iter: 16, sample_no: 20, actual label: 0, predicted: 1
iter: 17, sample_no: 724, actual label: 0, predicted: 0
iter: 18, sample_no: 752, actual label: 0, predicted: 1
iter: 19, sample_no: 218, actual label: 0, predicted: 1
iter: 20, sample_no: 694, actual label: 0, predicted: 0
iter: 21, sample_no: 452, actual label: 1, predicted: 1
iter: 22, sample_no: 84, actual label: 0, predicted: 1
iter: 23, sample_no: 303, actual label: 0, predicted: 0
iter: 24, sample_no: 509, actual label: 0, predicted: 0
number of samples: 786
AUC 0.6454173067076293
pos_get 42
total recall stop_at 1.0
@@@ C - Repeat number: 8
will not use leaked features
@@@ D - common_header:  {'F71-ggregory@apache.org', 'F72', 'F3-NA', 'F3-byte[]', 'F104', 'F3-null', 'F77', 'F71-joehni@apache.org', 'F65', 'F3-new ToStringBuilder(base).append(array).toString()', 'F3-Throwable', 'F3-int', 'F15-NA', 'F3-boolean', 'F3-Integer', 'F71-bayard@apache.org', 'F105', 'F15-public', 'category', 'F68', 'F71-djones@apache.org', 'F71-chas@apache.org', 'F101', 'F71-kinow@apache.org', 'F3-ArrayUtils.isSameLength(nullArray nullArray)', 'F123', 'F3-new EqualsBuilder().append(obj1 obj2).isEquals()', 'F71-britter@apache.org', 'F71-oheger@apache.org', 'F71-brentworden@apache.org', 'F71-mbenson@apache.org', 'F71-pbenedict@apache.org', 'F3-ArrayUtils.toObject(b)', 'F22', 'F71-sebb@apache.org', 'F71-scolebourne@apache.org', 'F71-mcucchiara@apache.org', 'F126', 'F15-protected', 'F25', 'F3-char', 'F3-ArrayUtils.nullToEmpty(original)', 'F3-!new EqualsBuilder().append(obj1 obj2).isEquals()', 'F71-jcarman@apache.org', 'F41', 'F71-niallp@apache.org', 'F3-boolean[]', 'F3-String'}
    F72   F25         ...         F71-mbenson@apache.org F71-sebb@apache.org
1  2238  1386         ...                              1                   1
2  2238  1386         ...                              1                   1
3  2562  1663         ...                              1                   1

[3 rows x 47 columns]
;.;
        F72         ...           F71-sebb@apache.org
0  0.816014         ...                           1.0
1  0.816014         ...                           1.0
2  1.000000         ...                           1.0

[3 rows x 47 columns]
training_x: (725, 47)
training_y: 725
testset_x: (786, 47)
testset_y: 786
              precision    recall  f1-score   support

           0       0.97      0.61      0.75       744
           1       0.09      0.67      0.16        42

    accuracy                           0.62       786
   macro avg       0.53      0.64      0.45       786
weighted avg       0.92      0.62      0.72       786

accuracy: 0.6170483460559797
0.1568627450980392
@@@ tn: 457, fp: 287, fn: 14, tp: 28
@@@ LIME - Creating explainer
@@@ LIME - Random Sampling of Instances
iter: 0, sample_no: 480, actual label: 0, predicted: 0
iter: 1, sample_no: 656, actual label: 0, predicted: 0
iter: 2, sample_no: 263, actual label: 0, predicted: 0
iter: 3, sample_no: 216, actual label: 0, predicted: 1
iter: 4, sample_no: 182, actual label: 0, predicted: 1
iter: 5, sample_no: 449, actual label: 0, predicted: 0
iter: 6, sample_no: 781, actual label: 0, predicted: 0
iter: 7, sample_no: 185, actual label: 0, predicted: 1
iter: 8, sample_no: 784, actual label: 0, predicted: 0
iter: 9, sample_no: 192, actual label: 0, predicted: 1
iter: 10, sample_no: 340, actual label: 1, predicted: 1
iter: 11, sample_no: 491, actual label: 0, predicted: 0
iter: 12, sample_no: 760, actual label: 0, predicted: 0
iter: 13, sample_no: 309, actual label: 0, predicted: 0
iter: 14, sample_no: 519, actual label: 0, predicted: 0
iter: 15, sample_no: 606, actual label: 0, predicted: 0
iter: 16, sample_no: 550, actual label: 0, predicted: 1
iter: 17, sample_no: 372, actual label: 0, predicted: 0
iter: 18, sample_no: 209, actual label: 0, predicted: 1
iter: 19, sample_no: 310, actual label: 0, predicted: 0
iter: 20, sample_no: 47, actual label: 0, predicted: 1
iter: 21, sample_no: 742, actual label: 0, predicted: 0
iter: 22, sample_no: 538, actual label: 0, predicted: 0
iter: 23, sample_no: 341, actual label: 0, predicted: 0
iter: 24, sample_no: 457, actual label: 0, predicted: 0
number of samples: 786
AUC 0.6454173067076293
pos_get 42
total recall stop_at 1.0
@@@ C - Repeat number: 9
will not use leaked features
@@@ D - common_header:  {'F71-ggregory@apache.org', 'F72', 'F3-NA', 'F3-byte[]', 'F104', 'F3-null', 'F77', 'F71-joehni@apache.org', 'F65', 'F3-new ToStringBuilder(base).append(array).toString()', 'F3-Throwable', 'F3-int', 'F15-NA', 'F3-boolean', 'F3-Integer', 'F71-bayard@apache.org', 'F105', 'F15-public', 'category', 'F68', 'F71-djones@apache.org', 'F71-chas@apache.org', 'F101', 'F71-kinow@apache.org', 'F3-ArrayUtils.isSameLength(nullArray nullArray)', 'F123', 'F3-new EqualsBuilder().append(obj1 obj2).isEquals()', 'F71-britter@apache.org', 'F71-oheger@apache.org', 'F71-brentworden@apache.org', 'F71-mbenson@apache.org', 'F71-pbenedict@apache.org', 'F3-ArrayUtils.toObject(b)', 'F22', 'F71-sebb@apache.org', 'F71-scolebourne@apache.org', 'F71-mcucchiara@apache.org', 'F126', 'F15-protected', 'F25', 'F3-char', 'F3-ArrayUtils.nullToEmpty(original)', 'F3-!new EqualsBuilder().append(obj1 obj2).isEquals()', 'F71-jcarman@apache.org', 'F41', 'F71-niallp@apache.org', 'F3-boolean[]', 'F3-String'}
    F72   F25         ...         F71-mbenson@apache.org F71-sebb@apache.org
1  2238  1386         ...                              1                   1
2  2238  1386         ...                              1                   1
3  2562  1663         ...                              1                   1

[3 rows x 47 columns]
;.;
        F72         ...           F71-sebb@apache.org
0  0.816014         ...                           1.0
1  0.816014         ...                           1.0
2  1.000000         ...                           1.0

[3 rows x 47 columns]
training_x: (725, 47)
training_y: 725
testset_x: (786, 47)
testset_y: 786
              precision    recall  f1-score   support

           0       0.97      0.61      0.75       744
           1       0.09      0.67      0.16        42

    accuracy                           0.62       786
   macro avg       0.53      0.64      0.45       786
weighted avg       0.92      0.62      0.72       786

accuracy: 0.6170483460559797
0.1568627450980392
@@@ tn: 457, fp: 287, fn: 14, tp: 28
@@@ LIME - Creating explainer
@@@ LIME - Random Sampling of Instances
iter: 0, sample_no: 57, actual label: 0, predicted: 1
iter: 1, sample_no: 4, actual label: 0, predicted: 1
iter: 2, sample_no: 448, actual label: 0, predicted: 0
iter: 3, sample_no: 21, actual label: 0, predicted: 1
iter: 4, sample_no: 90, actual label: 0, predicted: 1
iter: 5, sample_no: 702, actual label: 0, predicted: 0
iter: 6, sample_no: 264, actual label: 0, predicted: 0
iter: 7, sample_no: 148, actual label: 0, predicted: 1
iter: 8, sample_no: 627, actual label: 0, predicted: 0
iter: 9, sample_no: 226, actual label: 0, predicted: 1
iter: 10, sample_no: 479, actual label: 0, predicted: 0
iter: 11, sample_no: 312, actual label: 1, predicted: 1
iter: 12, sample_no: 40, actual label: 0, predicted: 1
iter: 13, sample_no: 379, actual label: 0, predicted: 0
iter: 14, sample_no: 668, actual label: 0, predicted: 0
iter: 15, sample_no: 362, actual label: 0, predicted: 0
iter: 16, sample_no: 742, actual label: 0, predicted: 0
iter: 17, sample_no: 410, actual label: 0, predicted: 0
iter: 18, sample_no: 102, actual label: 0, predicted: 1
iter: 19, sample_no: 467, actual label: 0, predicted: 0
iter: 20, sample_no: 289, actual label: 0, predicted: 1
iter: 21, sample_no: 335, actual label: 1, predicted: 1
iter: 22, sample_no: 268, actual label: 0, predicted: 1
iter: 23, sample_no: 457, actual label: 0, predicted: 0
iter: 24, sample_no: 679, actual label: 0, predicted: 0
number of samples: 786
AUC 0.6454173067076293
pos_get 42
total recall stop_at 1.0
@@@ C - Repeat number: 10
will not use leaked features
@@@ D - common_header:  {'F71-ggregory@apache.org', 'F72', 'F3-NA', 'F3-byte[]', 'F104', 'F3-null', 'F77', 'F71-joehni@apache.org', 'F65', 'F3-new ToStringBuilder(base).append(array).toString()', 'F3-Throwable', 'F3-int', 'F15-NA', 'F3-boolean', 'F3-Integer', 'F71-bayard@apache.org', 'F105', 'F15-public', 'category', 'F68', 'F71-djones@apache.org', 'F71-chas@apache.org', 'F101', 'F71-kinow@apache.org', 'F3-ArrayUtils.isSameLength(nullArray nullArray)', 'F123', 'F3-new EqualsBuilder().append(obj1 obj2).isEquals()', 'F71-britter@apache.org', 'F71-oheger@apache.org', 'F71-brentworden@apache.org', 'F71-mbenson@apache.org', 'F71-pbenedict@apache.org', 'F3-ArrayUtils.toObject(b)', 'F22', 'F71-sebb@apache.org', 'F71-scolebourne@apache.org', 'F71-mcucchiara@apache.org', 'F126', 'F15-protected', 'F25', 'F3-char', 'F3-ArrayUtils.nullToEmpty(original)', 'F3-!new EqualsBuilder().append(obj1 obj2).isEquals()', 'F71-jcarman@apache.org', 'F41', 'F71-niallp@apache.org', 'F3-boolean[]', 'F3-String'}
    F72   F25         ...         F71-mbenson@apache.org F71-sebb@apache.org
1  2238  1386         ...                              1                   1
2  2238  1386         ...                              1                   1
3  2562  1663         ...                              1                   1

[3 rows x 47 columns]
;.;
        F72         ...           F71-sebb@apache.org
0  0.816014         ...                           1.0
1  0.816014         ...                           1.0
2  1.000000         ...                           1.0

[3 rows x 47 columns]
training_x: (725, 47)
training_y: 725
testset_x: (786, 47)
testset_y: 786
              precision    recall  f1-score   support

           0       0.97      0.61      0.75       744
           1       0.09      0.67      0.16        42

    accuracy                           0.62       786
   macro avg       0.53      0.64      0.45       786
weighted avg       0.92      0.62      0.72       786

accuracy: 0.6170483460559797
0.1568627450980392
@@@ tn: 457, fp: 287, fn: 14, tp: 28
@@@ LIME - Creating explainer
@@@ LIME - Random Sampling of Instances
/Users/author1/anaconda3/lib/python3.6/site-packages/tensorflow/python/framework/dtypes.py:463: FutureWarning: Passing (type, 1) or '1type' as a synonym of type is deprecated; in a future version of numpy, it will be understood as (type, (1,)) / '(1,)type'.
  _np_qint8 = np.dtype([("qint8", np.int8, 1)])
/Users/author1/anaconda3/lib/python3.6/site-packages/tensorflow/python/framework/dtypes.py:464: FutureWarning: Passing (type, 1) or '1type' as a synonym of type is deprecated; in a future version of numpy, it will be understood as (type, (1,)) / '(1,)type'.
  _np_quint8 = np.dtype([("quint8", np.uint8, 1)])
/Users/author1/anaconda3/lib/python3.6/site-packages/tensorflow/python/framework/dtypes.py:465: FutureWarning: Passing (type, 1) or '1type' as a synonym of type is deprecated; in a future version of numpy, it will be understood as (type, (1,)) / '(1,)type'.
  _np_qint16 = np.dtype([("qint16", np.int16, 1)])
/Users/author1/anaconda3/lib/python3.6/site-packages/tensorflow/python/framework/dtypes.py:466: FutureWarning: Passing (type, 1) or '1type' as a synonym of type is deprecated; in a future version of numpy, it will be understood as (type, (1,)) / '(1,)type'.
  _np_quint16 = np.dtype([("quint16", np.uint16, 1)])
/Users/author1/anaconda3/lib/python3.6/site-packages/tensorflow/python/framework/dtypes.py:467: FutureWarning: Passing (type, 1) or '1type' as a synonym of type is deprecated; in a future version of numpy, it will be understood as (type, (1,)) / '(1,)type'.
  _np_qint32 = np.dtype([("qint32", np.int32, 1)])
iter: 0, sample_no: 668, actual label: 0, predicted: 0
iter: 1, sample_no: 522, actual label: 0, predicted: 0
iter: 2, sample_no: 442, actual label: 1, predicted: 0
iter: 3, sample_no: 197, actual label: 0, predicted: 1
iter: 4, sample_no: 95, actual label: 0, predicted: 1
iter: 5, sample_no: 615, actual label: 0, predicted: 0
iter: 6, sample_no: 138, actual label: 0, predicted: 0
iter: 7, sample_no: 415, actual label: 0, predicted: 1
iter: 8, sample_no: 287, actual label: 0, predicted: 1
iter: 9, sample_no: 677, actual label: 0, predicted: 0
iter: 10, sample_no: 576, actual label: 0, predicted: 0
iter: 11, sample_no: 468, actual label: 0, predicted: 0
iter: 12, sample_no: 785, actual label: 0, predicted: 1
iter: 13, sample_no: 300, actual label: 0, predicted: 0
iter: 14, sample_no: 515, actual label: 0, predicted: 0
iter: 15, sample_no: 137, actual label: 0, predicted: 0
iter: 16, sample_no: 437, actual label: 1, predicted: 0
iter: 17, sample_no: 707, actual label: 0, predicted: 0
iter: 18, sample_no: 196, actual label: 0, predicted: 1
iter: 19, sample_no: 673, actual label: 0, predicted: 0
iter: 20, sample_no: 203, actual label: 0, predicted: 1
iter: 21, sample_no: 731, actual label: 0, predicted: 0
iter: 22, sample_no: 151, actual label: 0, predicted: 1
iter: 23, sample_no: 116, actual label: 0, predicted: 1
iter: 24, sample_no: 420, actual label: 0, predicted: 0
number of samples: 786
AUC 0.6454173067076293
pos_get 42
total recall stop_at 1.0
----------threshold stop at----------: 1
AUC [0.6454173067076293, 0.6454173067076293, 0.6454173067076293, 0.6454173067076293, 0.6454173067076293, 0.6454173067076293, 0.6454173067076293, 0.6454173067076293, 0.6454173067076293, 0.6454173067076293]
AUC_median 0.6454173067076293
AUC_iqr 0.0
cost [0.9809160305343512, 0.9809160305343512, 0.9809160305343512, 0.9809160305343512, 0.9809160305343512, 0.9809160305343512, 0.9809160305343512, 0.9809160305343512, 0.9809160305343512, 0.9809160305343512]
COST_med 0.9809160305343512
COST_iqr 0.0
f1_pos_list [0.1568627450980392, 0.1568627450980392, 0.1568627450980392, 0.1568627450980392, 0.1568627450980392, 0.1568627450980392, 0.1568627450980392, 0.1568627450980392, 0.1568627450980392, 0.1568627450980392]
f1_pos_med 0.1568627450980392
