@@@ A - classifier: SVC(C=1.0, break_ties=False, cache_size=200, class_weight='balanced', coef0=0.0,
    decision_function_shape='ovr', degree=3, gamma='scale', kernel='linear',
    max_iter=-1, probability=True, random_state=None, shrinking=True, tol=0.001,
    verbose=False)
@@@ B - threshold stop at: 1
@@@ C - Repeat number: 1
@@@ D - common_header:  {'F15-private', 'F115', 'F71-wdberkeley@gmail.com', 'F71-dan@cloudera.com', 'F71-granthenke@gmail.com', 'F25', 'F71-granthenke@apache.org', 'F71-aserbin@cloudera.com', 'category', 'F3-byte[]', 'F104', 'F123', 'F71-wdberkeley@apache.org', 'F71-jdcryans@apache.org', 'F3-Schema', 'F15-public', 'F71-fwang@cloudera.com', 'F77', 'F116', 'F126', 'F41', 'F120', 'F3-CreateTableOptions', 'F71-tony@phdata.io', 'F65', 'F3-null', 'F71-todd@apache.org', 'F3-boolean', 'F71-adar@cloudera.com', 'F71-hao.hao@cloudera.com', 'F68', 'F3-double', 'F3-ClientTestUtil.getBasicSchema()', 'F15-NA', 'F105', 'F3-NA', 'F101', 'F3-String', 'F3-int', 'F117', 'F72', 'F110', 'F71-danburkert@apache.org', 'F71-awong@cloudera.com', 'F71-mpercy@apache.org', 'F3-StackTraceElement[]', 'F22'}
    F72          ...           F71-fwang@cloudera.com
1  3833          ...                                0
2  3833          ...                                0
3  3833          ...                                0

[3 rows x 46 columns]
;.;
       F72           ...            F71-fwang@cloudera.com
0  0.72876           ...                               0.0
1  0.72876           ...                               0.0
2  0.72876           ...                               0.0

[3 rows x 46 columns]
training_x: (938, 46)
training_y: 938
testset_x: (219, 46)
testset_y: 219
              precision    recall  f1-score   support

           0       0.88      0.11      0.20       194
           1       0.11      0.88      0.20        25

    accuracy                           0.20       219
   macro avg       0.50      0.50      0.20       219
weighted avg       0.79      0.20      0.20       219

accuracy: 0.2009132420091324
0.2009132420091324
@@@ tn: 22, fp: 172, fn: 3, tp: 22
@@@ LIME - Creating explainer
@@@ LIME - Random Sampling of Instances
iter: 0, sample_no: 64, actual label: 0, predicted: 0
iter: 1, sample_no: 189, actual label: 0, predicted: 1
iter: 2, sample_no: 146, actual label: 1, predicted: 1
iter: 3, sample_no: 79, actual label: 1, predicted: 0
iter: 4, sample_no: 92, actual label: 1, predicted: 1
iter: 5, sample_no: 79, actual label: 1, predicted: 0
iter: 6, sample_no: 130, actual label: 1, predicted: 1
iter: 7, sample_no: 146, actual label: 1, predicted: 1
iter: 8, sample_no: 139, actual label: 0, predicted: 1
iter: 9, sample_no: 205, actual label: 0, predicted: 1
iter: 10, sample_no: 86, actual label: 0, predicted: 1
iter: 11, sample_no: 24, actual label: 0, predicted: 1
iter: 12, sample_no: 135, actual label: 0, predicted: 1
iter: 13, sample_no: 179, actual label: 0, predicted: 1
iter: 14, sample_no: 186, actual label: 0, predicted: 1
iter: 15, sample_no: 55, actual label: 0, predicted: 1
iter: 16, sample_no: 26, actual label: 0, predicted: 1
iter: 17, sample_no: 140, actual label: 0, predicted: 1
iter: 18, sample_no: 106, actual label: 0, predicted: 1
iter: 19, sample_no: 58, actual label: 0, predicted: 1
iter: 20, sample_no: 168, actual label: 0, predicted: 1
iter: 21, sample_no: 172, actual label: 0, predicted: 1
iter: 22, sample_no: 45, actual label: 0, predicted: 0
iter: 23, sample_no: 28, actual label: 0, predicted: 1
iter: 24, sample_no: 213, actual label: 0, predicted: 1
number of samples: 219
AUC 0.6742268041237115
pos_get 25
total recall stop_at 1
@@@ C - Repeat number: 2
@@@ D - common_header:  {'F15-private', 'F115', 'F71-wdberkeley@gmail.com', 'F71-dan@cloudera.com', 'F71-granthenke@gmail.com', 'F25', 'F71-granthenke@apache.org', 'F71-aserbin@cloudera.com', 'category', 'F3-byte[]', 'F104', 'F123', 'F71-wdberkeley@apache.org', 'F71-jdcryans@apache.org', 'F3-Schema', 'F15-public', 'F71-fwang@cloudera.com', 'F77', 'F116', 'F126', 'F41', 'F120', 'F3-CreateTableOptions', 'F71-tony@phdata.io', 'F65', 'F3-null', 'F71-todd@apache.org', 'F3-boolean', 'F71-adar@cloudera.com', 'F71-hao.hao@cloudera.com', 'F68', 'F3-double', 'F3-ClientTestUtil.getBasicSchema()', 'F15-NA', 'F105', 'F3-NA', 'F101', 'F3-String', 'F3-int', 'F117', 'F72', 'F110', 'F71-danburkert@apache.org', 'F71-awong@cloudera.com', 'F71-mpercy@apache.org', 'F3-StackTraceElement[]', 'F22'}
    F72          ...           F71-fwang@cloudera.com
1  3833          ...                                0
2  3833          ...                                0
3  3833          ...                                0

[3 rows x 46 columns]
;.;
       F72           ...            F71-fwang@cloudera.com
0  0.72876           ...                               0.0
1  0.72876           ...                               0.0
2  0.72876           ...                               0.0

[3 rows x 46 columns]
training_x: (938, 46)
training_y: 938
testset_x: (219, 46)
testset_y: 219
              precision    recall  f1-score   support

           0       0.88      0.11      0.20       194
           1       0.11      0.88      0.20        25

    accuracy                           0.20       219
   macro avg       0.50      0.50      0.20       219
weighted avg       0.79      0.20      0.20       219

accuracy: 0.2009132420091324
0.2009132420091324
@@@ tn: 22, fp: 172, fn: 3, tp: 22
@@@ LIME - Creating explainer
@@@ LIME - Random Sampling of Instances
iter: 0, sample_no: 163, actual label: 0, predicted: 1
iter: 1, sample_no: 213, actual label: 0, predicted: 1
iter: 2, sample_no: 122, actual label: 0, predicted: 1
iter: 3, sample_no: 166, actual label: 0, predicted: 1
iter: 4, sample_no: 151, actual label: 0, predicted: 1
iter: 5, sample_no: 25, actual label: 0, predicted: 1
iter: 6, sample_no: 89, actual label: 0, predicted: 1
iter: 7, sample_no: 151, actual label: 0, predicted: 1
iter: 8, sample_no: 190, actual label: 0, predicted: 1
iter: 9, sample_no: 9, actual label: 1, predicted: 1
iter: 10, sample_no: 45, actual label: 0, predicted: 0
iter: 11, sample_no: 59, actual label: 0, predicted: 0
iter: 12, sample_no: 140, actual label: 0, predicted: 1
iter: 13, sample_no: 58, actual label: 0, predicted: 1
iter: 14, sample_no: 58, actual label: 0, predicted: 1
iter: 15, sample_no: 203, actual label: 0, predicted: 1
iter: 16, sample_no: 111, actual label: 0, predicted: 1
iter: 17, sample_no: 61, actual label: 0, predicted: 0
iter: 18, sample_no: 72, actual label: 0, predicted: 1
iter: 19, sample_no: 182, actual label: 0, predicted: 1
iter: 20, sample_no: 207, actual label: 0, predicted: 1
iter: 21, sample_no: 39, actual label: 0, predicted: 1
iter: 22, sample_no: 136, actual label: 0, predicted: 1
iter: 23, sample_no: 20, actual label: 0, predicted: 1
iter: 24, sample_no: 45, actual label: 0, predicted: 0
number of samples: 219
AUC 0.6742268041237114
pos_get 25
total recall stop_at 1
@@@ C - Repeat number: 3
@@@ D - common_header:  {'F15-private', 'F115', 'F71-wdberkeley@gmail.com', 'F71-dan@cloudera.com', 'F71-granthenke@gmail.com', 'F25', 'F71-granthenke@apache.org', 'F71-aserbin@cloudera.com', 'category', 'F3-byte[]', 'F104', 'F123', 'F71-wdberkeley@apache.org', 'F71-jdcryans@apache.org', 'F3-Schema', 'F15-public', 'F71-fwang@cloudera.com', 'F77', 'F116', 'F126', 'F41', 'F120', 'F3-CreateTableOptions', 'F71-tony@phdata.io', 'F65', 'F3-null', 'F71-todd@apache.org', 'F3-boolean', 'F71-adar@cloudera.com', 'F71-hao.hao@cloudera.com', 'F68', 'F3-double', 'F3-ClientTestUtil.getBasicSchema()', 'F15-NA', 'F105', 'F3-NA', 'F101', 'F3-String', 'F3-int', 'F117', 'F72', 'F110', 'F71-danburkert@apache.org', 'F71-awong@cloudera.com', 'F71-mpercy@apache.org', 'F3-StackTraceElement[]', 'F22'}
    F72          ...           F71-fwang@cloudera.com
1  3833          ...                                0
2  3833          ...                                0
3  3833          ...                                0

[3 rows x 46 columns]
;.;
       F72           ...            F71-fwang@cloudera.com
0  0.72876           ...                               0.0
1  0.72876           ...                               0.0
2  0.72876           ...                               0.0

[3 rows x 46 columns]
training_x: (938, 46)
training_y: 938
testset_x: (219, 46)
testset_y: 219
              precision    recall  f1-score   support

           0       0.88      0.11      0.20       194
           1       0.11      0.88      0.20        25

    accuracy                           0.20       219
   macro avg       0.50      0.50      0.20       219
weighted avg       0.79      0.20      0.20       219

accuracy: 0.2009132420091324
0.2009132420091324
@@@ tn: 22, fp: 172, fn: 3, tp: 22
@@@ LIME - Creating explainer
@@@ LIME - Random Sampling of Instances
iter: 0, sample_no: 158, actual label: 0, predicted: 1
iter: 1, sample_no: 2, actual label: 0, predicted: 0
iter: 2, sample_no: 46, actual label: 0, predicted: 1
iter: 3, sample_no: 113, actual label: 0, predicted: 1
iter: 4, sample_no: 18, actual label: 0, predicted: 1
iter: 5, sample_no: 63, actual label: 0, predicted: 0
iter: 6, sample_no: 204, actual label: 0, predicted: 1
iter: 7, sample_no: 187, actual label: 0, predicted: 1
iter: 8, sample_no: 152, actual label: 0, predicted: 0
iter: 9, sample_no: 79, actual label: 1, predicted: 0
iter: 10, sample_no: 25, actual label: 0, predicted: 1
iter: 11, sample_no: 71, actual label: 0, predicted: 1
iter: 12, sample_no: 93, actual label: 0, predicted: 1
iter: 13, sample_no: 68, actual label: 0, predicted: 1
iter: 14, sample_no: 41, actual label: 0, predicted: 1
iter: 15, sample_no: 187, actual label: 0, predicted: 1
iter: 16, sample_no: 49, actual label: 0, predicted: 1
iter: 17, sample_no: 168, actual label: 0, predicted: 1
iter: 18, sample_no: 39, actual label: 0, predicted: 1
iter: 19, sample_no: 165, actual label: 0, predicted: 1
iter: 20, sample_no: 207, actual label: 0, predicted: 1
iter: 21, sample_no: 78, actual label: 1, predicted: 0
iter: 22, sample_no: 23, actual label: 0, predicted: 1
iter: 23, sample_no: 131, actual label: 0, predicted: 1
iter: 24, sample_no: 119, actual label: 0, predicted: 1
number of samples: 219
AUC 0.6742268041237115
pos_get 25
total recall stop_at 1
@@@ C - Repeat number: 4
@@@ D - common_header:  {'F15-private', 'F115', 'F71-wdberkeley@gmail.com', 'F71-dan@cloudera.com', 'F71-granthenke@gmail.com', 'F25', 'F71-granthenke@apache.org', 'F71-aserbin@cloudera.com', 'category', 'F3-byte[]', 'F104', 'F123', 'F71-wdberkeley@apache.org', 'F71-jdcryans@apache.org', 'F3-Schema', 'F15-public', 'F71-fwang@cloudera.com', 'F77', 'F116', 'F126', 'F41', 'F120', 'F3-CreateTableOptions', 'F71-tony@phdata.io', 'F65', 'F3-null', 'F71-todd@apache.org', 'F3-boolean', 'F71-adar@cloudera.com', 'F71-hao.hao@cloudera.com', 'F68', 'F3-double', 'F3-ClientTestUtil.getBasicSchema()', 'F15-NA', 'F105', 'F3-NA', 'F101', 'F3-String', 'F3-int', 'F117', 'F72', 'F110', 'F71-danburkert@apache.org', 'F71-awong@cloudera.com', 'F71-mpercy@apache.org', 'F3-StackTraceElement[]', 'F22'}
    F72          ...           F71-fwang@cloudera.com
1  3833          ...                                0
2  3833          ...                                0
3  3833          ...                                0

[3 rows x 46 columns]
;.;
       F72           ...            F71-fwang@cloudera.com
0  0.72876           ...                               0.0
1  0.72876           ...                               0.0
2  0.72876           ...                               0.0

[3 rows x 46 columns]
training_x: (938, 46)
training_y: 938
testset_x: (219, 46)
testset_y: 219
              precision    recall  f1-score   support

           0       0.88      0.11      0.20       194
           1       0.11      0.88      0.20        25

    accuracy                           0.20       219
   macro avg       0.50      0.50      0.20       219
weighted avg       0.79      0.20      0.20       219

accuracy: 0.2009132420091324
0.2009132420091324
@@@ tn: 22, fp: 172, fn: 3, tp: 22
@@@ LIME - Creating explainer
@@@ LIME - Random Sampling of Instances
iter: 0, sample_no: 69, actual label: 0, predicted: 1
iter: 1, sample_no: 176, actual label: 0, predicted: 1
iter: 2, sample_no: 167, actual label: 0, predicted: 1
iter: 3, sample_no: 143, actual label: 0, predicted: 1
iter: 4, sample_no: 211, actual label: 1, predicted: 1
iter: 5, sample_no: 87, actual label: 1, predicted: 1
iter: 6, sample_no: 101, actual label: 1, predicted: 1
iter: 7, sample_no: 74, actual label: 0, predicted: 0
iter: 8, sample_no: 25, actual label: 0, predicted: 1
iter: 9, sample_no: 111, actual label: 0, predicted: 1
iter: 10, sample_no: 24, actual label: 0, predicted: 1
iter: 11, sample_no: 20, actual label: 0, predicted: 1
iter: 12, sample_no: 160, actual label: 0, predicted: 1
iter: 13, sample_no: 138, actual label: 1, predicted: 1
iter: 14, sample_no: 164, actual label: 0, predicted: 1
iter: 15, sample_no: 124, actual label: 0, predicted: 1
iter: 16, sample_no: 202, actual label: 0, predicted: 1
iter: 17, sample_no: 159, actual label: 0, predicted: 1
iter: 18, sample_no: 13, actual label: 1, predicted: 1
iter: 19, sample_no: 138, actual label: 1, predicted: 1
iter: 20, sample_no: 4, actual label: 0, predicted: 0
iter: 21, sample_no: 104, actual label: 0, predicted: 1
iter: 22, sample_no: 154, actual label: 0, predicted: 1
iter: 23, sample_no: 154, actual label: 0, predicted: 1
iter: 24, sample_no: 23, actual label: 0, predicted: 1
number of samples: 219
AUC 0.6742268041237115
pos_get 25
total recall stop_at 1
@@@ C - Repeat number: 5
@@@ D - common_header:  {'F15-private', 'F115', 'F71-wdberkeley@gmail.com', 'F71-dan@cloudera.com', 'F71-granthenke@gmail.com', 'F25', 'F71-granthenke@apache.org', 'F71-aserbin@cloudera.com', 'category', 'F3-byte[]', 'F104', 'F123', 'F71-wdberkeley@apache.org', 'F71-jdcryans@apache.org', 'F3-Schema', 'F15-public', 'F71-fwang@cloudera.com', 'F77', 'F116', 'F126', 'F41', 'F120', 'F3-CreateTableOptions', 'F71-tony@phdata.io', 'F65', 'F3-null', 'F71-todd@apache.org', 'F3-boolean', 'F71-adar@cloudera.com', 'F71-hao.hao@cloudera.com', 'F68', 'F3-double', 'F3-ClientTestUtil.getBasicSchema()', 'F15-NA', 'F105', 'F3-NA', 'F101', 'F3-String', 'F3-int', 'F117', 'F72', 'F110', 'F71-danburkert@apache.org', 'F71-awong@cloudera.com', 'F71-mpercy@apache.org', 'F3-StackTraceElement[]', 'F22'}
    F72          ...           F71-fwang@cloudera.com
1  3833          ...                                0
2  3833          ...                                0
3  3833          ...                                0

[3 rows x 46 columns]
;.;
       F72           ...            F71-fwang@cloudera.com
0  0.72876           ...                               0.0
1  0.72876           ...                               0.0
2  0.72876           ...                               0.0

[3 rows x 46 columns]
training_x: (938, 46)
training_y: 938
testset_x: (219, 46)
testset_y: 219
              precision    recall  f1-score   support

           0       0.88      0.11      0.20       194
           1       0.11      0.88      0.20        25

    accuracy                           0.20       219
   macro avg       0.50      0.50      0.20       219
weighted avg       0.79      0.20      0.20       219

accuracy: 0.2009132420091324
0.2009132420091324
@@@ tn: 22, fp: 172, fn: 3, tp: 22
@@@ LIME - Creating explainer
@@@ LIME - Random Sampling of Instances
iter: 0, sample_no: 134, actual label: 1, predicted: 1
iter: 1, sample_no: 13, actual label: 1, predicted: 1
iter: 2, sample_no: 3, actual label: 0, predicted: 0
iter: 3, sample_no: 16, actual label: 0, predicted: 1
iter: 4, sample_no: 20, actual label: 0, predicted: 1
iter: 5, sample_no: 49, actual label: 0, predicted: 1
iter: 6, sample_no: 70, actual label: 0, predicted: 1
iter: 7, sample_no: 122, actual label: 0, predicted: 1
iter: 8, sample_no: 94, actual label: 0, predicted: 1
iter: 9, sample_no: 83, actual label: 0, predicted: 1
iter: 10, sample_no: 131, actual label: 0, predicted: 1
iter: 11, sample_no: 120, actual label: 0, predicted: 1
iter: 12, sample_no: 145, actual label: 1, predicted: 1
iter: 13, sample_no: 134, actual label: 1, predicted: 1
iter: 14, sample_no: 158, actual label: 0, predicted: 1
iter: 15, sample_no: 32, actual label: 0, predicted: 1
iter: 16, sample_no: 174, actual label: 0, predicted: 1
iter: 17, sample_no: 156, actual label: 0, predicted: 1
iter: 18, sample_no: 38, actual label: 0, predicted: 1
iter: 19, sample_no: 189, actual label: 0, predicted: 1
iter: 20, sample_no: 121, actual label: 0, predicted: 1
iter: 21, sample_no: 189, actual label: 0, predicted: 1
iter: 22, sample_no: 123, actual label: 0, predicted: 1
iter: 23, sample_no: 95, actual label: 1, predicted: 1
iter: 24, sample_no: 43, actual label: 0, predicted: 1
number of samples: 219
AUC 0.6742268041237115
pos_get 25
total recall stop_at 1
@@@ C - Repeat number: 6
@@@ D - common_header:  {'F15-private', 'F115', 'F71-wdberkeley@gmail.com', 'F71-dan@cloudera.com', 'F71-granthenke@gmail.com', 'F25', 'F71-granthenke@apache.org', 'F71-aserbin@cloudera.com', 'category', 'F3-byte[]', 'F104', 'F123', 'F71-wdberkeley@apache.org', 'F71-jdcryans@apache.org', 'F3-Schema', 'F15-public', 'F71-fwang@cloudera.com', 'F77', 'F116', 'F126', 'F41', 'F120', 'F3-CreateTableOptions', 'F71-tony@phdata.io', 'F65', 'F3-null', 'F71-todd@apache.org', 'F3-boolean', 'F71-adar@cloudera.com', 'F71-hao.hao@cloudera.com', 'F68', 'F3-double', 'F3-ClientTestUtil.getBasicSchema()', 'F15-NA', 'F105', 'F3-NA', 'F101', 'F3-String', 'F3-int', 'F117', 'F72', 'F110', 'F71-danburkert@apache.org', 'F71-awong@cloudera.com', 'F71-mpercy@apache.org', 'F3-StackTraceElement[]', 'F22'}
    F72          ...           F71-fwang@cloudera.com
1  3833          ...                                0
2  3833          ...                                0
3  3833          ...                                0

[3 rows x 46 columns]
;.;
       F72           ...            F71-fwang@cloudera.com
0  0.72876           ...                               0.0
1  0.72876           ...                               0.0
2  0.72876           ...                               0.0

[3 rows x 46 columns]
training_x: (938, 46)
training_y: 938
testset_x: (219, 46)
testset_y: 219
              precision    recall  f1-score   support

           0       0.88      0.11      0.20       194
           1       0.11      0.88      0.20        25

    accuracy                           0.20       219
   macro avg       0.50      0.50      0.20       219
weighted avg       0.79      0.20      0.20       219

accuracy: 0.2009132420091324
0.2009132420091324
@@@ tn: 22, fp: 172, fn: 3, tp: 22
@@@ LIME - Creating explainer
@@@ LIME - Random Sampling of Instances
iter: 0, sample_no: 51, actual label: 0, predicted: 1
iter: 1, sample_no: 169, actual label: 0, predicted: 1
iter: 2, sample_no: 112, actual label: 0, predicted: 1
iter: 3, sample_no: 166, actual label: 0, predicted: 1
iter: 4, sample_no: 180, actual label: 0, predicted: 1
iter: 5, sample_no: 73, actual label: 0, predicted: 1
iter: 6, sample_no: 202, actual label: 0, predicted: 1
iter: 7, sample_no: 0, actual label: 0, predicted: 0
iter: 8, sample_no: 215, actual label: 0, predicted: 1
iter: 9, sample_no: 176, actual label: 0, predicted: 1
iter: 10, sample_no: 57, actual label: 0, predicted: 1
iter: 11, sample_no: 201, actual label: 0, predicted: 1
iter: 12, sample_no: 116, actual label: 0, predicted: 1
iter: 13, sample_no: 4, actual label: 0, predicted: 0
iter: 14, sample_no: 210, actual label: 0, predicted: 1
iter: 15, sample_no: 47, actual label: 0, predicted: 1
iter: 16, sample_no: 183, actual label: 0, predicted: 1
iter: 17, sample_no: 58, actual label: 0, predicted: 1
iter: 18, sample_no: 54, actual label: 0, predicted: 1
iter: 19, sample_no: 165, actual label: 0, predicted: 1
iter: 20, sample_no: 51, actual label: 0, predicted: 1
iter: 21, sample_no: 22, actual label: 0, predicted: 1
iter: 22, sample_no: 129, actual label: 1, predicted: 1
iter: 23, sample_no: 41, actual label: 0, predicted: 1
iter: 24, sample_no: 124, actual label: 0, predicted: 1
number of samples: 219
AUC 0.6742268041237115
pos_get 25
total recall stop_at 1
@@@ C - Repeat number: 7
@@@ D - common_header:  {'F15-private', 'F115', 'F71-wdberkeley@gmail.com', 'F71-dan@cloudera.com', 'F71-granthenke@gmail.com', 'F25', 'F71-granthenke@apache.org', 'F71-aserbin@cloudera.com', 'category', 'F3-byte[]', 'F104', 'F123', 'F71-wdberkeley@apache.org', 'F71-jdcryans@apache.org', 'F3-Schema', 'F15-public', 'F71-fwang@cloudera.com', 'F77', 'F116', 'F126', 'F41', 'F120', 'F3-CreateTableOptions', 'F71-tony@phdata.io', 'F65', 'F3-null', 'F71-todd@apache.org', 'F3-boolean', 'F71-adar@cloudera.com', 'F71-hao.hao@cloudera.com', 'F68', 'F3-double', 'F3-ClientTestUtil.getBasicSchema()', 'F15-NA', 'F105', 'F3-NA', 'F101', 'F3-String', 'F3-int', 'F117', 'F72', 'F110', 'F71-danburkert@apache.org', 'F71-awong@cloudera.com', 'F71-mpercy@apache.org', 'F3-StackTraceElement[]', 'F22'}
    F72          ...           F71-fwang@cloudera.com
1  3833          ...                                0
2  3833          ...                                0
3  3833          ...                                0

[3 rows x 46 columns]
;.;
       F72           ...            F71-fwang@cloudera.com
0  0.72876           ...                               0.0
1  0.72876           ...                               0.0
2  0.72876           ...                               0.0

[3 rows x 46 columns]
training_x: (938, 46)
training_y: 938
testset_x: (219, 46)
testset_y: 219
              precision    recall  f1-score   support

           0       0.88      0.11      0.20       194
           1       0.11      0.88      0.20        25

    accuracy                           0.20       219
   macro avg       0.50      0.50      0.20       219
weighted avg       0.79      0.20      0.20       219

accuracy: 0.2009132420091324
0.2009132420091324
@@@ tn: 22, fp: 172, fn: 3, tp: 22
@@@ LIME - Creating explainer
@@@ LIME - Random Sampling of Instances
iter: 0, sample_no: 173, actual label: 0, predicted: 1
iter: 1, sample_no: 198, actual label: 0, predicted: 1
iter: 2, sample_no: 147, actual label: 0, predicted: 1
iter: 3, sample_no: 113, actual label: 0, predicted: 1
iter: 4, sample_no: 160, actual label: 0, predicted: 1
iter: 5, sample_no: 73, actual label: 0, predicted: 1
iter: 6, sample_no: 49, actual label: 0, predicted: 1
iter: 7, sample_no: 56, actual label: 0, predicted: 1
iter: 8, sample_no: 160, actual label: 0, predicted: 1
iter: 9, sample_no: 73, actual label: 0, predicted: 1
iter: 10, sample_no: 8, actual label: 0, predicted: 1
iter: 11, sample_no: 72, actual label: 0, predicted: 1
iter: 12, sample_no: 126, actual label: 0, predicted: 1
iter: 13, sample_no: 133, actual label: 1, predicted: 1
iter: 14, sample_no: 140, actual label: 0, predicted: 1
iter: 15, sample_no: 183, actual label: 0, predicted: 1
iter: 16, sample_no: 43, actual label: 0, predicted: 1
iter: 17, sample_no: 123, actual label: 0, predicted: 1
iter: 18, sample_no: 198, actual label: 0, predicted: 1
iter: 19, sample_no: 130, actual label: 1, predicted: 1
iter: 20, sample_no: 57, actual label: 0, predicted: 1
iter: 21, sample_no: 140, actual label: 0, predicted: 1
iter: 22, sample_no: 138, actual label: 1, predicted: 1
iter: 23, sample_no: 13, actual label: 1, predicted: 1
iter: 24, sample_no: 206, actual label: 0, predicted: 0
number of samples: 219
AUC 0.6742268041237115
pos_get 25
total recall stop_at 1
@@@ C - Repeat number: 8
@@@ D - common_header:  {'F15-private', 'F115', 'F71-wdberkeley@gmail.com', 'F71-dan@cloudera.com', 'F71-granthenke@gmail.com', 'F25', 'F71-granthenke@apache.org', 'F71-aserbin@cloudera.com', 'category', 'F3-byte[]', 'F104', 'F123', 'F71-wdberkeley@apache.org', 'F71-jdcryans@apache.org', 'F3-Schema', 'F15-public', 'F71-fwang@cloudera.com', 'F77', 'F116', 'F126', 'F41', 'F120', 'F3-CreateTableOptions', 'F71-tony@phdata.io', 'F65', 'F3-null', 'F71-todd@apache.org', 'F3-boolean', 'F71-adar@cloudera.com', 'F71-hao.hao@cloudera.com', 'F68', 'F3-double', 'F3-ClientTestUtil.getBasicSchema()', 'F15-NA', 'F105', 'F3-NA', 'F101', 'F3-String', 'F3-int', 'F117', 'F72', 'F110', 'F71-danburkert@apache.org', 'F71-awong@cloudera.com', 'F71-mpercy@apache.org', 'F3-StackTraceElement[]', 'F22'}
    F72          ...           F71-fwang@cloudera.com
1  3833          ...                                0
2  3833          ...                                0
3  3833          ...                                0

[3 rows x 46 columns]
;.;
       F72           ...            F71-fwang@cloudera.com
0  0.72876           ...                               0.0
1  0.72876           ...                               0.0
2  0.72876           ...                               0.0

[3 rows x 46 columns]
training_x: (938, 46)
training_y: 938
testset_x: (219, 46)
testset_y: 219
              precision    recall  f1-score   support

           0       0.88      0.11      0.20       194
           1       0.11      0.88      0.20        25

    accuracy                           0.20       219
   macro avg       0.50      0.50      0.20       219
weighted avg       0.79      0.20      0.20       219

accuracy: 0.2009132420091324
0.2009132420091324
@@@ tn: 22, fp: 172, fn: 3, tp: 22
@@@ LIME - Creating explainer
@@@ LIME - Random Sampling of Instances
iter: 0, sample_no: 139, actual label: 0, predicted: 1
iter: 1, sample_no: 131, actual label: 0, predicted: 1
iter: 2, sample_no: 68, actual label: 0, predicted: 1
iter: 3, sample_no: 37, actual label: 0, predicted: 0
iter: 4, sample_no: 59, actual label: 0, predicted: 0
iter: 5, sample_no: 22, actual label: 0, predicted: 1
iter: 6, sample_no: 148, actual label: 0, predicted: 1
iter: 7, sample_no: 120, actual label: 0, predicted: 1
iter: 8, sample_no: 103, actual label: 0, predicted: 1
iter: 9, sample_no: 95, actual label: 1, predicted: 1
iter: 10, sample_no: 196, actual label: 0, predicted: 1
iter: 11, sample_no: 95, actual label: 1, predicted: 1
iter: 12, sample_no: 131, actual label: 0, predicted: 1
iter: 13, sample_no: 65, actual label: 0, predicted: 0
iter: 14, sample_no: 77, actual label: 1, predicted: 0
iter: 15, sample_no: 127, actual label: 0, predicted: 1
iter: 16, sample_no: 168, actual label: 0, predicted: 1
iter: 17, sample_no: 90, actual label: 0, predicted: 1
iter: 18, sample_no: 200, actual label: 0, predicted: 1
iter: 19, sample_no: 70, actual label: 0, predicted: 1
iter: 20, sample_no: 203, actual label: 0, predicted: 1
iter: 21, sample_no: 6, actual label: 0, predicted: 0
iter: 22, sample_no: 164, actual label: 0, predicted: 1
iter: 23, sample_no: 57, actual label: 0, predicted: 1
iter: 24, sample_no: 37, actual label: 0, predicted: 0
number of samples: 219
AUC 0.6742268041237115
pos_get 25
total recall stop_at 1
@@@ C - Repeat number: 9
@@@ D - common_header:  {'F15-private', 'F115', 'F71-wdberkeley@gmail.com', 'F71-dan@cloudera.com', 'F71-granthenke@gmail.com', 'F25', 'F71-granthenke@apache.org', 'F71-aserbin@cloudera.com', 'category', 'F3-byte[]', 'F104', 'F123', 'F71-wdberkeley@apache.org', 'F71-jdcryans@apache.org', 'F3-Schema', 'F15-public', 'F71-fwang@cloudera.com', 'F77', 'F116', 'F126', 'F41', 'F120', 'F3-CreateTableOptions', 'F71-tony@phdata.io', 'F65', 'F3-null', 'F71-todd@apache.org', 'F3-boolean', 'F71-adar@cloudera.com', 'F71-hao.hao@cloudera.com', 'F68', 'F3-double', 'F3-ClientTestUtil.getBasicSchema()', 'F15-NA', 'F105', 'F3-NA', 'F101', 'F3-String', 'F3-int', 'F117', 'F72', 'F110', 'F71-danburkert@apache.org', 'F71-awong@cloudera.com', 'F71-mpercy@apache.org', 'F3-StackTraceElement[]', 'F22'}
    F72          ...           F71-fwang@cloudera.com
1  3833          ...                                0
2  3833          ...                                0
3  3833          ...                                0

[3 rows x 46 columns]
;.;
       F72           ...            F71-fwang@cloudera.com
0  0.72876           ...                               0.0
1  0.72876           ...                               0.0
2  0.72876           ...                               0.0

[3 rows x 46 columns]
training_x: (938, 46)
training_y: 938
testset_x: (219, 46)
testset_y: 219
              precision    recall  f1-score   support

           0       0.88      0.11      0.20       194
           1       0.11      0.88      0.20        25

    accuracy                           0.20       219
   macro avg       0.50      0.50      0.20       219
weighted avg       0.79      0.20      0.20       219

accuracy: 0.2009132420091324
0.2009132420091324
@@@ tn: 22, fp: 172, fn: 3, tp: 22
@@@ LIME - Creating explainer
@@@ LIME - Random Sampling of Instances
iter: 0, sample_no: 57, actual label: 0, predicted: 1
iter: 1, sample_no: 166, actual label: 0, predicted: 1
iter: 2, sample_no: 124, actual label: 0, predicted: 1
iter: 3, sample_no: 3, actual label: 0, predicted: 0
iter: 4, sample_no: 73, actual label: 0, predicted: 1
iter: 5, sample_no: 99, actual label: 0, predicted: 1
iter: 6, sample_no: 53, actual label: 0, predicted: 1
iter: 7, sample_no: 194, actual label: 0, predicted: 1
iter: 8, sample_no: 18, actual label: 0, predicted: 1
iter: 9, sample_no: 69, actual label: 0, predicted: 1
iter: 10, sample_no: 175, actual label: 0, predicted: 1
iter: 11, sample_no: 167, actual label: 0, predicted: 1
iter: 12, sample_no: 215, actual label: 0, predicted: 1
iter: 13, sample_no: 60, actual label: 0, predicted: 0
iter: 14, sample_no: 134, actual label: 1, predicted: 1
iter: 15, sample_no: 133, actual label: 1, predicted: 1
iter: 16, sample_no: 113, actual label: 0, predicted: 1
iter: 17, sample_no: 110, actual label: 1, predicted: 1
iter: 18, sample_no: 27, actual label: 0, predicted: 1
iter: 19, sample_no: 81, actual label: 0, predicted: 1
iter: 20, sample_no: 74, actual label: 0, predicted: 0
iter: 21, sample_no: 157, actual label: 0, predicted: 1
iter: 22, sample_no: 143, actual label: 0, predicted: 1
iter: 23, sample_no: 19, actual label: 0, predicted: 1
iter: 24, sample_no: 180, actual label: 0, predicted: 1
number of samples: 219
AUC 0.6742268041237115
pos_get 25
total recall stop_at 1
@@@ C - Repeat number: 10
@@@ D - common_header:  {'F15-private', 'F115', 'F71-wdberkeley@gmail.com', 'F71-dan@cloudera.com', 'F71-granthenke@gmail.com', 'F25', 'F71-granthenke@apache.org', 'F71-aserbin@cloudera.com', 'category', 'F3-byte[]', 'F104', 'F123', 'F71-wdberkeley@apache.org', 'F71-jdcryans@apache.org', 'F3-Schema', 'F15-public', 'F71-fwang@cloudera.com', 'F77', 'F116', 'F126', 'F41', 'F120', 'F3-CreateTableOptions', 'F71-tony@phdata.io', 'F65', 'F3-null', 'F71-todd@apache.org', 'F3-boolean', 'F71-adar@cloudera.com', 'F71-hao.hao@cloudera.com', 'F68', 'F3-double', 'F3-ClientTestUtil.getBasicSchema()', 'F15-NA', 'F105', 'F3-NA', 'F101', 'F3-String', 'F3-int', 'F117', 'F72', 'F110', 'F71-danburkert@apache.org', 'F71-awong@cloudera.com', 'F71-mpercy@apache.org', 'F3-StackTraceElement[]', 'F22'}
    F72          ...           F71-fwang@cloudera.com
1  3833          ...                                0
2  3833          ...                                0
3  3833          ...                                0

[3 rows x 46 columns]
;.;
       F72           ...            F71-fwang@cloudera.com
0  0.72876           ...                               0.0
1  0.72876           ...                               0.0
2  0.72876           ...                               0.0

[3 rows x 46 columns]
training_x: (938, 46)
training_y: 938
testset_x: (219, 46)
testset_y: 219
              precision    recall  f1-score   support

           0       0.88      0.11      0.20       194
           1       0.11      0.88      0.20        25

    accuracy                           0.20       219
   macro avg       0.50      0.50      0.20       219
weighted avg       0.79      0.20      0.20       219

accuracy: 0.2009132420091324
0.2009132420091324
@@@ tn: 22, fp: 172, fn: 3, tp: 22
@@@ LIME - Creating explainer
@@@ LIME - Random Sampling of Instances
/Users/author1/anaconda3/lib/python3.6/site-packages/tensorflow/python/framework/dtypes.py:463: FutureWarning: Passing (type, 1) or '1type' as a synonym of type is deprecated; in a future version of numpy, it will be understood as (type, (1,)) / '(1,)type'.
  _np_qint8 = np.dtype([("qint8", np.int8, 1)])
/Users/author1/anaconda3/lib/python3.6/site-packages/tensorflow/python/framework/dtypes.py:464: FutureWarning: Passing (type, 1) or '1type' as a synonym of type is deprecated; in a future version of numpy, it will be understood as (type, (1,)) / '(1,)type'.
  _np_quint8 = np.dtype([("quint8", np.uint8, 1)])
/Users/author1/anaconda3/lib/python3.6/site-packages/tensorflow/python/framework/dtypes.py:465: FutureWarning: Passing (type, 1) or '1type' as a synonym of type is deprecated; in a future version of numpy, it will be understood as (type, (1,)) / '(1,)type'.
  _np_qint16 = np.dtype([("qint16", np.int16, 1)])
/Users/author1/anaconda3/lib/python3.6/site-packages/tensorflow/python/framework/dtypes.py:466: FutureWarning: Passing (type, 1) or '1type' as a synonym of type is deprecated; in a future version of numpy, it will be understood as (type, (1,)) / '(1,)type'.
  _np_quint16 = np.dtype([("quint16", np.uint16, 1)])
/Users/author1/anaconda3/lib/python3.6/site-packages/tensorflow/python/framework/dtypes.py:467: FutureWarning: Passing (type, 1) or '1type' as a synonym of type is deprecated; in a future version of numpy, it will be understood as (type, (1,)) / '(1,)type'.
  _np_qint32 = np.dtype([("qint32", np.int32, 1)])
iter: 0, sample_no: 156, actual label: 0, predicted: 1
iter: 1, sample_no: 1, actual label: 0, predicted: 0
iter: 2, sample_no: 205, actual label: 0, predicted: 1
iter: 3, sample_no: 120, actual label: 0, predicted: 1
iter: 4, sample_no: 1, actual label: 0, predicted: 0
iter: 5, sample_no: 145, actual label: 1, predicted: 1
iter: 6, sample_no: 194, actual label: 0, predicted: 1
iter: 7, sample_no: 216, actual label: 0, predicted: 1
iter: 8, sample_no: 103, actual label: 0, predicted: 1
iter: 9, sample_no: 206, actual label: 0, predicted: 0
iter: 10, sample_no: 119, actual label: 0, predicted: 1
iter: 11, sample_no: 205, actual label: 0, predicted: 1
iter: 12, sample_no: 89, actual label: 0, predicted: 1
iter: 13, sample_no: 112, actual label: 0, predicted: 1
iter: 14, sample_no: 147, actual label: 0, predicted: 1
iter: 15, sample_no: 101, actual label: 1, predicted: 1
iter: 16, sample_no: 54, actual label: 0, predicted: 1
iter: 17, sample_no: 149, actual label: 0, predicted: 1
iter: 18, sample_no: 209, actual label: 0, predicted: 1
iter: 19, sample_no: 114, actual label: 0, predicted: 1
iter: 20, sample_no: 32, actual label: 0, predicted: 1
iter: 21, sample_no: 65, actual label: 0, predicted: 0
iter: 22, sample_no: 150, actual label: 0, predicted: 1
iter: 23, sample_no: 164, actual label: 0, predicted: 1
iter: 24, sample_no: 180, actual label: 0, predicted: 1
number of samples: 219
AUC 0.6744329896907216
pos_get 25
total recall stop_at 1
----------threshold stop at----------: 1
AUC [0.6742268041237115, 0.6742268041237114, 0.6742268041237115, 0.6742268041237115, 0.6742268041237115, 0.6742268041237115, 0.6742268041237115, 0.6742268041237115, 0.6742268041237115, 0.6744329896907216]
AUC_median 0.6742268041237115
AUC_iqr 0.0
cost [1, 1, 1, 1, 1, 1, 1, 1, 1, 1]
COST_med 1.0
COST_iqr 0.0
f1_pos_list [0.2009132420091324, 0.2009132420091324, 0.2009132420091324, 0.2009132420091324, 0.2009132420091324, 0.2009132420091324, 0.2009132420091324, 0.2009132420091324, 0.2009132420091324, 0.2009132420091324]
f1_pos_med 0.2009132420091324
