@@@ A - classifier: SVC(C=1.0, break_ties=False, cache_size=200, class_weight='balanced', coef0=0.0,
    decision_function_shape='ovr', degree=3, gamma='scale', kernel='linear',
    max_iter=-1, probability=True, random_state=None, shrinking=True, tol=0.001,
    verbose=False)
@@@ B - threshold stop at: 1
@@@ C - Repeat number: 1
@@@ D - common_header:  {'F15-private', 'F41', 'F105', 'F71-jfclere@apache.org', 'F116', 'F22', 'F123', 'F3-NA', 'F3-Session', 'F3-MappedHost[]', 'F117', 'F71-rjung@apache.org', 'F120', 'F15-public', 'F3-String', 'F71-costin@apache.org', 'F71-billbarker@apache.org', 'F15-protected', 'F68', 'F71-jhook@apache.org', 'F71-kkolinko@apache.org', 'F3-byte[]', 'F3-int', 'F71-schultz@apache.org', 'F3-Object', 'F71-fschumacher@apache.org', 'F71-markt@apache.org', 'F104', 'F101', 'F110', 'F25', 'F77', 'F3-long', 'F3-PooledConnectionAndInfo', 'F71-violetagg@apache.org', 'F71-kfujino@apache.org', 'F71-markt@apache.org =  markt = Mark Emlyn David Thomas markt@apache.org@apache.org', 'category', 'F126', 'F71-timw@apache.org', 'F71-remm@apache.org', 'F71-mturk@apache.org', 'F3-Integer', 'F71-slaurent@apache.org', 'F3-Object[]', 'F15-NA', 'F71-fhanik@apache.org', 'F3-ObjectName', 'F115', 'F3-Class<?>[]', 'F3-Reader', 'F65', 'F71-jboynes@apache.org', 'F3-String[]', 'F71-funkman@apache.org', 'F3-boolean', 'F72', 'F3-key.getSql()', 'F3-ELContext', 'F71-pero@apache.org', 'F3-InputStream'}
     F72           ...           F71-slaurent@apache.org
1   3354           ...                                 0
2  17995           ...                                 0
3  17995           ...                                 0

[3 rows x 60 columns]
;.;
   F72           ...             F71-slaurent@apache.org
0  0.0           ...                                 0.0
1  1.0           ...                                 0.0
2  1.0           ...                                 0.0

[3 rows x 60 columns]
training_x: (1435, 60)
training_y: 1435
testset_x: (67, 60)
testset_y: 67
              precision    recall  f1-score   support

           0       1.00      0.87      0.93        31
           1       0.90      1.00      0.95        36

    accuracy                           0.94        67
   macro avg       0.95      0.94      0.94        67
weighted avg       0.95      0.94      0.94        67

accuracy: 0.9402985074626866
0.9473684210526316
@@@ tn: 27, fp: 4, fn: 0, tp: 36
@@@ LIME - Creating explainer
@@@ LIME - Random Sampling of Instances
iter: 0, sample_no: 64, actual label: 1, predicted: 1
iter: 1, sample_no: 38, actual label: 1, predicted: 1
iter: 2, sample_no: 17, actual label: 1, predicted: 1
iter: 3, sample_no: 19, actual label: 1, predicted: 1
iter: 4, sample_no: 65, actual label: 1, predicted: 1
iter: 5, sample_no: 18, actual label: 1, predicted: 1
iter: 6, sample_no: 9, actual label: 0, predicted: 0
iter: 7, sample_no: 53, actual label: 0, predicted: 0
iter: 8, sample_no: 57, actual label: 0, predicted: 0
iter: 9, sample_no: 18, actual label: 1, predicted: 1
iter: 10, sample_no: 30, actual label: 0, predicted: 0
iter: 11, sample_no: 30, actual label: 0, predicted: 0
iter: 12, sample_no: 21, actual label: 1, predicted: 1
iter: 13, sample_no: 44, actual label: 1, predicted: 1
iter: 14, sample_no: 64, actual label: 1, predicted: 1
iter: 15, sample_no: 39, actual label: 1, predicted: 1
iter: 16, sample_no: 40, actual label: 1, predicted: 1
iter: 17, sample_no: 2, actual label: 1, predicted: 1
iter: 18, sample_no: 63, actual label: 1, predicted: 1
iter: 19, sample_no: 11, actual label: 0, predicted: 0
iter: 20, sample_no: 61, actual label: 1, predicted: 1
iter: 21, sample_no: 20, actual label: 1, predicted: 1
iter: 22, sample_no: 21, actual label: 1, predicted: 1
iter: 23, sample_no: 13, actual label: 1, predicted: 1
iter: 24, sample_no: 38, actual label: 1, predicted: 1
number of samples: 67
AUC 0.9982078853046595
pos_get 36
total recall stop_at 1.0
@@@ C - Repeat number: 2
@@@ D - common_header:  {'F15-private', 'F41', 'F105', 'F71-jfclere@apache.org', 'F116', 'F22', 'F123', 'F3-NA', 'F3-Session', 'F3-MappedHost[]', 'F117', 'F71-rjung@apache.org', 'F120', 'F15-public', 'F3-String', 'F71-costin@apache.org', 'F71-billbarker@apache.org', 'F15-protected', 'F68', 'F71-jhook@apache.org', 'F71-kkolinko@apache.org', 'F3-byte[]', 'F3-int', 'F71-schultz@apache.org', 'F3-Object', 'F71-fschumacher@apache.org', 'F71-markt@apache.org', 'F104', 'F101', 'F110', 'F25', 'F77', 'F3-long', 'F3-PooledConnectionAndInfo', 'F71-violetagg@apache.org', 'F71-kfujino@apache.org', 'F71-markt@apache.org =  markt = Mark Emlyn David Thomas markt@apache.org@apache.org', 'category', 'F126', 'F71-timw@apache.org', 'F71-remm@apache.org', 'F71-mturk@apache.org', 'F3-Integer', 'F71-slaurent@apache.org', 'F3-Object[]', 'F15-NA', 'F71-fhanik@apache.org', 'F3-ObjectName', 'F115', 'F3-Class<?>[]', 'F3-Reader', 'F65', 'F71-jboynes@apache.org', 'F3-String[]', 'F71-funkman@apache.org', 'F3-boolean', 'F72', 'F3-key.getSql()', 'F3-ELContext', 'F71-pero@apache.org', 'F3-InputStream'}
     F72           ...           F71-slaurent@apache.org
1   3354           ...                                 0
2  17995           ...                                 0
3  17995           ...                                 0

[3 rows x 60 columns]
;.;
   F72           ...             F71-slaurent@apache.org
0  0.0           ...                                 0.0
1  1.0           ...                                 0.0
2  1.0           ...                                 0.0

[3 rows x 60 columns]
training_x: (1435, 60)
training_y: 1435
testset_x: (67, 60)
testset_y: 67
              precision    recall  f1-score   support

           0       1.00      0.87      0.93        31
           1       0.90      1.00      0.95        36

    accuracy                           0.94        67
   macro avg       0.95      0.94      0.94        67
weighted avg       0.95      0.94      0.94        67

accuracy: 0.9402985074626866
0.9473684210526316
@@@ tn: 27, fp: 4, fn: 0, tp: 36
@@@ LIME - Creating explainer
@@@ LIME - Random Sampling of Instances
iter: 0, sample_no: 35, actual label: 0, predicted: 0
iter: 1, sample_no: 24, actual label: 0, predicted: 0
iter: 2, sample_no: 27, actual label: 0, predicted: 0
iter: 3, sample_no: 32, actual label: 0, predicted: 0
iter: 4, sample_no: 13, actual label: 1, predicted: 1
iter: 5, sample_no: 21, actual label: 1, predicted: 1
iter: 6, sample_no: 0, actual label: 0, predicted: 0
iter: 7, sample_no: 30, actual label: 0, predicted: 0
iter: 8, sample_no: 54, actual label: 0, predicted: 0
iter: 9, sample_no: 52, actual label: 0, predicted: 1
iter: 10, sample_no: 48, actual label: 0, predicted: 0
iter: 11, sample_no: 25, actual label: 0, predicted: 0
iter: 12, sample_no: 63, actual label: 1, predicted: 1
iter: 13, sample_no: 55, actual label: 1, predicted: 1
iter: 14, sample_no: 6, actual label: 1, predicted: 1
iter: 15, sample_no: 47, actual label: 0, predicted: 0
iter: 16, sample_no: 18, actual label: 1, predicted: 1
iter: 17, sample_no: 55, actual label: 1, predicted: 1
iter: 18, sample_no: 30, actual label: 0, predicted: 0
iter: 19, sample_no: 49, actual label: 0, predicted: 0
iter: 20, sample_no: 52, actual label: 0, predicted: 1
iter: 21, sample_no: 45, actual label: 1, predicted: 1
iter: 22, sample_no: 40, actual label: 1, predicted: 1
iter: 23, sample_no: 60, actual label: 1, predicted: 1
iter: 24, sample_no: 47, actual label: 0, predicted: 0
number of samples: 67
AUC 0.9982078853046595
pos_get 36
total recall stop_at 1.0
@@@ C - Repeat number: 3
@@@ D - common_header:  {'F15-private', 'F41', 'F105', 'F71-jfclere@apache.org', 'F116', 'F22', 'F123', 'F3-NA', 'F3-Session', 'F3-MappedHost[]', 'F117', 'F71-rjung@apache.org', 'F120', 'F15-public', 'F3-String', 'F71-costin@apache.org', 'F71-billbarker@apache.org', 'F15-protected', 'F68', 'F71-jhook@apache.org', 'F71-kkolinko@apache.org', 'F3-byte[]', 'F3-int', 'F71-schultz@apache.org', 'F3-Object', 'F71-fschumacher@apache.org', 'F71-markt@apache.org', 'F104', 'F101', 'F110', 'F25', 'F77', 'F3-long', 'F3-PooledConnectionAndInfo', 'F71-violetagg@apache.org', 'F71-kfujino@apache.org', 'F71-markt@apache.org =  markt = Mark Emlyn David Thomas markt@apache.org@apache.org', 'category', 'F126', 'F71-timw@apache.org', 'F71-remm@apache.org', 'F71-mturk@apache.org', 'F3-Integer', 'F71-slaurent@apache.org', 'F3-Object[]', 'F15-NA', 'F71-fhanik@apache.org', 'F3-ObjectName', 'F115', 'F3-Class<?>[]', 'F3-Reader', 'F65', 'F71-jboynes@apache.org', 'F3-String[]', 'F71-funkman@apache.org', 'F3-boolean', 'F72', 'F3-key.getSql()', 'F3-ELContext', 'F71-pero@apache.org', 'F3-InputStream'}
     F72           ...           F71-slaurent@apache.org
1   3354           ...                                 0
2  17995           ...                                 0
3  17995           ...                                 0

[3 rows x 60 columns]
;.;
   F72           ...             F71-slaurent@apache.org
0  0.0           ...                                 0.0
1  1.0           ...                                 0.0
2  1.0           ...                                 0.0

[3 rows x 60 columns]
training_x: (1435, 60)
training_y: 1435
testset_x: (67, 60)
testset_y: 67
              precision    recall  f1-score   support

           0       1.00      0.87      0.93        31
           1       0.90      1.00      0.95        36

    accuracy                           0.94        67
   macro avg       0.95      0.94      0.94        67
weighted avg       0.95      0.94      0.94        67

accuracy: 0.9402985074626866
0.9473684210526316
@@@ tn: 27, fp: 4, fn: 0, tp: 36
@@@ LIME - Creating explainer
@@@ LIME - Random Sampling of Instances
iter: 0, sample_no: 30, actual label: 0, predicted: 0
iter: 1, sample_no: 52, actual label: 0, predicted: 1
iter: 2, sample_no: 51, actual label: 0, predicted: 1
iter: 3, sample_no: 66, actual label: 0, predicted: 0
iter: 4, sample_no: 45, actual label: 1, predicted: 1
iter: 5, sample_no: 4, actual label: 1, predicted: 1
iter: 6, sample_no: 44, actual label: 1, predicted: 1
iter: 7, sample_no: 50, actual label: 0, predicted: 0
iter: 8, sample_no: 16, actual label: 1, predicted: 1
iter: 9, sample_no: 45, actual label: 1, predicted: 1
iter: 10, sample_no: 11, actual label: 0, predicted: 0
iter: 11, sample_no: 14, actual label: 1, predicted: 1
iter: 12, sample_no: 52, actual label: 0, predicted: 1
iter: 13, sample_no: 18, actual label: 1, predicted: 1
iter: 14, sample_no: 32, actual label: 0, predicted: 0
iter: 15, sample_no: 5, actual label: 1, predicted: 1
iter: 16, sample_no: 54, actual label: 0, predicted: 0
iter: 17, sample_no: 60, actual label: 1, predicted: 1
iter: 18, sample_no: 9, actual label: 0, predicted: 0
iter: 19, sample_no: 59, actual label: 0, predicted: 0
iter: 20, sample_no: 7, actual label: 1, predicted: 1
iter: 21, sample_no: 56, actual label: 1, predicted: 1
iter: 22, sample_no: 0, actual label: 0, predicted: 0
iter: 23, sample_no: 33, actual label: 1, predicted: 1
iter: 24, sample_no: 60, actual label: 1, predicted: 1
number of samples: 67
AUC 0.9982078853046595
pos_get 36
total recall stop_at 1.0
@@@ C - Repeat number: 4
@@@ D - common_header:  {'F15-private', 'F41', 'F105', 'F71-jfclere@apache.org', 'F116', 'F22', 'F123', 'F3-NA', 'F3-Session', 'F3-MappedHost[]', 'F117', 'F71-rjung@apache.org', 'F120', 'F15-public', 'F3-String', 'F71-costin@apache.org', 'F71-billbarker@apache.org', 'F15-protected', 'F68', 'F71-jhook@apache.org', 'F71-kkolinko@apache.org', 'F3-byte[]', 'F3-int', 'F71-schultz@apache.org', 'F3-Object', 'F71-fschumacher@apache.org', 'F71-markt@apache.org', 'F104', 'F101', 'F110', 'F25', 'F77', 'F3-long', 'F3-PooledConnectionAndInfo', 'F71-violetagg@apache.org', 'F71-kfujino@apache.org', 'F71-markt@apache.org =  markt = Mark Emlyn David Thomas markt@apache.org@apache.org', 'category', 'F126', 'F71-timw@apache.org', 'F71-remm@apache.org', 'F71-mturk@apache.org', 'F3-Integer', 'F71-slaurent@apache.org', 'F3-Object[]', 'F15-NA', 'F71-fhanik@apache.org', 'F3-ObjectName', 'F115', 'F3-Class<?>[]', 'F3-Reader', 'F65', 'F71-jboynes@apache.org', 'F3-String[]', 'F71-funkman@apache.org', 'F3-boolean', 'F72', 'F3-key.getSql()', 'F3-ELContext', 'F71-pero@apache.org', 'F3-InputStream'}
     F72           ...           F71-slaurent@apache.org
1   3354           ...                                 0
2  17995           ...                                 0
3  17995           ...                                 0

[3 rows x 60 columns]
;.;
   F72           ...             F71-slaurent@apache.org
0  0.0           ...                                 0.0
1  1.0           ...                                 0.0
2  1.0           ...                                 0.0

[3 rows x 60 columns]
training_x: (1435, 60)
training_y: 1435
testset_x: (67, 60)
testset_y: 67
              precision    recall  f1-score   support

           0       1.00      0.87      0.93        31
           1       0.90      1.00      0.95        36

    accuracy                           0.94        67
   macro avg       0.95      0.94      0.94        67
weighted avg       0.95      0.94      0.94        67

accuracy: 0.9402985074626866
0.9473684210526316
@@@ tn: 27, fp: 4, fn: 0, tp: 36
@@@ LIME - Creating explainer
@@@ LIME - Random Sampling of Instances
iter: 0, sample_no: 40, actual label: 1, predicted: 1
iter: 1, sample_no: 61, actual label: 1, predicted: 1
iter: 2, sample_no: 19, actual label: 1, predicted: 1
iter: 3, sample_no: 42, actual label: 0, predicted: 0
iter: 4, sample_no: 23, actual label: 1, predicted: 1
iter: 5, sample_no: 41, actual label: 1, predicted: 1
iter: 6, sample_no: 10, actual label: 1, predicted: 1
iter: 7, sample_no: 3, actual label: 1, predicted: 1
iter: 8, sample_no: 35, actual label: 0, predicted: 0
iter: 9, sample_no: 30, actual label: 0, predicted: 0
iter: 10, sample_no: 22, actual label: 0, predicted: 1
iter: 11, sample_no: 66, actual label: 0, predicted: 0
iter: 12, sample_no: 17, actual label: 1, predicted: 1
iter: 13, sample_no: 47, actual label: 0, predicted: 0
iter: 14, sample_no: 53, actual label: 0, predicted: 0
iter: 15, sample_no: 26, actual label: 0, predicted: 0
iter: 16, sample_no: 42, actual label: 0, predicted: 0
iter: 17, sample_no: 39, actual label: 1, predicted: 1
iter: 18, sample_no: 22, actual label: 0, predicted: 1
iter: 19, sample_no: 8, actual label: 1, predicted: 1
iter: 20, sample_no: 62, actual label: 1, predicted: 1
iter: 21, sample_no: 7, actual label: 1, predicted: 1
iter: 22, sample_no: 61, actual label: 1, predicted: 1
iter: 23, sample_no: 53, actual label: 0, predicted: 0
iter: 24, sample_no: 47, actual label: 0, predicted: 0
number of samples: 67
AUC 0.9982078853046595
pos_get 36
total recall stop_at 1.0
@@@ C - Repeat number: 5
@@@ D - common_header:  {'F15-private', 'F41', 'F105', 'F71-jfclere@apache.org', 'F116', 'F22', 'F123', 'F3-NA', 'F3-Session', 'F3-MappedHost[]', 'F117', 'F71-rjung@apache.org', 'F120', 'F15-public', 'F3-String', 'F71-costin@apache.org', 'F71-billbarker@apache.org', 'F15-protected', 'F68', 'F71-jhook@apache.org', 'F71-kkolinko@apache.org', 'F3-byte[]', 'F3-int', 'F71-schultz@apache.org', 'F3-Object', 'F71-fschumacher@apache.org', 'F71-markt@apache.org', 'F104', 'F101', 'F110', 'F25', 'F77', 'F3-long', 'F3-PooledConnectionAndInfo', 'F71-violetagg@apache.org', 'F71-kfujino@apache.org', 'F71-markt@apache.org =  markt = Mark Emlyn David Thomas markt@apache.org@apache.org', 'category', 'F126', 'F71-timw@apache.org', 'F71-remm@apache.org', 'F71-mturk@apache.org', 'F3-Integer', 'F71-slaurent@apache.org', 'F3-Object[]', 'F15-NA', 'F71-fhanik@apache.org', 'F3-ObjectName', 'F115', 'F3-Class<?>[]', 'F3-Reader', 'F65', 'F71-jboynes@apache.org', 'F3-String[]', 'F71-funkman@apache.org', 'F3-boolean', 'F72', 'F3-key.getSql()', 'F3-ELContext', 'F71-pero@apache.org', 'F3-InputStream'}
     F72           ...           F71-slaurent@apache.org
1   3354           ...                                 0
2  17995           ...                                 0
3  17995           ...                                 0

[3 rows x 60 columns]
;.;
   F72           ...             F71-slaurent@apache.org
0  0.0           ...                                 0.0
1  1.0           ...                                 0.0
2  1.0           ...                                 0.0

[3 rows x 60 columns]
training_x: (1435, 60)
training_y: 1435
testset_x: (67, 60)
testset_y: 67
              precision    recall  f1-score   support

           0       1.00      0.87      0.93        31
           1       0.90      1.00      0.95        36

    accuracy                           0.94        67
   macro avg       0.95      0.94      0.94        67
weighted avg       0.95      0.94      0.94        67

accuracy: 0.9402985074626866
0.9473684210526316
@@@ tn: 27, fp: 4, fn: 0, tp: 36
@@@ LIME - Creating explainer
@@@ LIME - Random Sampling of Instances
iter: 0, sample_no: 6, actual label: 1, predicted: 1
iter: 1, sample_no: 49, actual label: 0, predicted: 0
iter: 2, sample_no: 36, actual label: 0, predicted: 1
iter: 3, sample_no: 33, actual label: 1, predicted: 1
iter: 4, sample_no: 16, actual label: 1, predicted: 1
iter: 5, sample_no: 24, actual label: 0, predicted: 0
iter: 6, sample_no: 54, actual label: 0, predicted: 0
iter: 7, sample_no: 57, actual label: 0, predicted: 0
iter: 8, sample_no: 54, actual label: 0, predicted: 0
iter: 9, sample_no: 8, actual label: 1, predicted: 1
iter: 10, sample_no: 0, actual label: 0, predicted: 0
iter: 11, sample_no: 11, actual label: 0, predicted: 0
iter: 12, sample_no: 6, actual label: 1, predicted: 1
iter: 13, sample_no: 30, actual label: 0, predicted: 0
iter: 14, sample_no: 38, actual label: 1, predicted: 1
iter: 15, sample_no: 13, actual label: 1, predicted: 1
iter: 16, sample_no: 10, actual label: 1, predicted: 1
iter: 17, sample_no: 33, actual label: 1, predicted: 1
iter: 18, sample_no: 56, actual label: 1, predicted: 1
iter: 19, sample_no: 66, actual label: 0, predicted: 0
iter: 20, sample_no: 44, actual label: 1, predicted: 1
iter: 21, sample_no: 3, actual label: 1, predicted: 1
iter: 22, sample_no: 9, actual label: 0, predicted: 0
iter: 23, sample_no: 40, actual label: 1, predicted: 1
iter: 24, sample_no: 1, actual label: 1, predicted: 1
number of samples: 67
AUC 0.9982078853046595
pos_get 36
total recall stop_at 1.0
@@@ C - Repeat number: 6
@@@ D - common_header:  {'F15-private', 'F41', 'F105', 'F71-jfclere@apache.org', 'F116', 'F22', 'F123', 'F3-NA', 'F3-Session', 'F3-MappedHost[]', 'F117', 'F71-rjung@apache.org', 'F120', 'F15-public', 'F3-String', 'F71-costin@apache.org', 'F71-billbarker@apache.org', 'F15-protected', 'F68', 'F71-jhook@apache.org', 'F71-kkolinko@apache.org', 'F3-byte[]', 'F3-int', 'F71-schultz@apache.org', 'F3-Object', 'F71-fschumacher@apache.org', 'F71-markt@apache.org', 'F104', 'F101', 'F110', 'F25', 'F77', 'F3-long', 'F3-PooledConnectionAndInfo', 'F71-violetagg@apache.org', 'F71-kfujino@apache.org', 'F71-markt@apache.org =  markt = Mark Emlyn David Thomas markt@apache.org@apache.org', 'category', 'F126', 'F71-timw@apache.org', 'F71-remm@apache.org', 'F71-mturk@apache.org', 'F3-Integer', 'F71-slaurent@apache.org', 'F3-Object[]', 'F15-NA', 'F71-fhanik@apache.org', 'F3-ObjectName', 'F115', 'F3-Class<?>[]', 'F3-Reader', 'F65', 'F71-jboynes@apache.org', 'F3-String[]', 'F71-funkman@apache.org', 'F3-boolean', 'F72', 'F3-key.getSql()', 'F3-ELContext', 'F71-pero@apache.org', 'F3-InputStream'}
     F72           ...           F71-slaurent@apache.org
1   3354           ...                                 0
2  17995           ...                                 0
3  17995           ...                                 0

[3 rows x 60 columns]
;.;
   F72           ...             F71-slaurent@apache.org
0  0.0           ...                                 0.0
1  1.0           ...                                 0.0
2  1.0           ...                                 0.0

[3 rows x 60 columns]
training_x: (1435, 60)
training_y: 1435
testset_x: (67, 60)
testset_y: 67
              precision    recall  f1-score   support

           0       1.00      0.87      0.93        31
           1       0.90      1.00      0.95        36

    accuracy                           0.94        67
   macro avg       0.95      0.94      0.94        67
weighted avg       0.95      0.94      0.94        67

accuracy: 0.9402985074626866
0.9473684210526316
@@@ tn: 27, fp: 4, fn: 0, tp: 36
@@@ LIME - Creating explainer
@@@ LIME - Random Sampling of Instances
iter: 0, sample_no: 51, actual label: 0, predicted: 1
iter: 1, sample_no: 51, actual label: 0, predicted: 1
iter: 2, sample_no: 14, actual label: 1, predicted: 1
iter: 3, sample_no: 38, actual label: 1, predicted: 1
iter: 4, sample_no: 30, actual label: 0, predicted: 0
iter: 5, sample_no: 28, actual label: 0, predicted: 0
iter: 6, sample_no: 0, actual label: 0, predicted: 0
iter: 7, sample_no: 14, actual label: 1, predicted: 1
iter: 8, sample_no: 61, actual label: 1, predicted: 1
iter: 9, sample_no: 12, actual label: 1, predicted: 1
iter: 10, sample_no: 42, actual label: 0, predicted: 0
iter: 11, sample_no: 24, actual label: 0, predicted: 0
iter: 12, sample_no: 37, actual label: 0, predicted: 0
iter: 13, sample_no: 13, actual label: 1, predicted: 1
iter: 14, sample_no: 26, actual label: 0, predicted: 0
iter: 15, sample_no: 42, actual label: 0, predicted: 0
iter: 16, sample_no: 47, actual label: 0, predicted: 0
iter: 17, sample_no: 21, actual label: 1, predicted: 1
iter: 18, sample_no: 27, actual label: 0, predicted: 0
iter: 19, sample_no: 13, actual label: 1, predicted: 1
iter: 20, sample_no: 32, actual label: 0, predicted: 0
iter: 21, sample_no: 49, actual label: 0, predicted: 0
iter: 22, sample_no: 26, actual label: 0, predicted: 0
iter: 23, sample_no: 3, actual label: 1, predicted: 1
iter: 24, sample_no: 4, actual label: 1, predicted: 1
number of samples: 67
AUC 0.9982078853046595
pos_get 36
total recall stop_at 1.0
@@@ C - Repeat number: 7
@@@ D - common_header:  {'F15-private', 'F41', 'F105', 'F71-jfclere@apache.org', 'F116', 'F22', 'F123', 'F3-NA', 'F3-Session', 'F3-MappedHost[]', 'F117', 'F71-rjung@apache.org', 'F120', 'F15-public', 'F3-String', 'F71-costin@apache.org', 'F71-billbarker@apache.org', 'F15-protected', 'F68', 'F71-jhook@apache.org', 'F71-kkolinko@apache.org', 'F3-byte[]', 'F3-int', 'F71-schultz@apache.org', 'F3-Object', 'F71-fschumacher@apache.org', 'F71-markt@apache.org', 'F104', 'F101', 'F110', 'F25', 'F77', 'F3-long', 'F3-PooledConnectionAndInfo', 'F71-violetagg@apache.org', 'F71-kfujino@apache.org', 'F71-markt@apache.org =  markt = Mark Emlyn David Thomas markt@apache.org@apache.org', 'category', 'F126', 'F71-timw@apache.org', 'F71-remm@apache.org', 'F71-mturk@apache.org', 'F3-Integer', 'F71-slaurent@apache.org', 'F3-Object[]', 'F15-NA', 'F71-fhanik@apache.org', 'F3-ObjectName', 'F115', 'F3-Class<?>[]', 'F3-Reader', 'F65', 'F71-jboynes@apache.org', 'F3-String[]', 'F71-funkman@apache.org', 'F3-boolean', 'F72', 'F3-key.getSql()', 'F3-ELContext', 'F71-pero@apache.org', 'F3-InputStream'}
     F72           ...           F71-slaurent@apache.org
1   3354           ...                                 0
2  17995           ...                                 0
3  17995           ...                                 0

[3 rows x 60 columns]
;.;
   F72           ...             F71-slaurent@apache.org
0  0.0           ...                                 0.0
1  1.0           ...                                 0.0
2  1.0           ...                                 0.0

[3 rows x 60 columns]
training_x: (1435, 60)
training_y: 1435
testset_x: (67, 60)
testset_y: 67
              precision    recall  f1-score   support

           0       1.00      0.87      0.93        31
           1       0.90      1.00      0.95        36

    accuracy                           0.94        67
   macro avg       0.95      0.94      0.94        67
weighted avg       0.95      0.94      0.94        67

accuracy: 0.9402985074626866
0.9473684210526316
@@@ tn: 27, fp: 4, fn: 0, tp: 36
@@@ LIME - Creating explainer
@@@ LIME - Random Sampling of Instances
iter: 0, sample_no: 45, actual label: 1, predicted: 1
iter: 1, sample_no: 42, actual label: 0, predicted: 0
iter: 2, sample_no: 2, actual label: 1, predicted: 1
iter: 3, sample_no: 49, actual label: 0, predicted: 0
iter: 4, sample_no: 28, actual label: 0, predicted: 0
iter: 5, sample_no: 18, actual label: 1, predicted: 1
iter: 6, sample_no: 62, actual label: 1, predicted: 1
iter: 7, sample_no: 66, actual label: 0, predicted: 0
iter: 8, sample_no: 35, actual label: 0, predicted: 0
iter: 9, sample_no: 23, actual label: 1, predicted: 1
iter: 10, sample_no: 50, actual label: 0, predicted: 0
iter: 11, sample_no: 39, actual label: 1, predicted: 1
iter: 12, sample_no: 28, actual label: 0, predicted: 0
iter: 13, sample_no: 9, actual label: 0, predicted: 0
iter: 14, sample_no: 42, actual label: 0, predicted: 0
iter: 15, sample_no: 53, actual label: 0, predicted: 0
iter: 16, sample_no: 60, actual label: 1, predicted: 1
iter: 17, sample_no: 61, actual label: 1, predicted: 1
iter: 18, sample_no: 51, actual label: 0, predicted: 1
iter: 19, sample_no: 21, actual label: 1, predicted: 1
iter: 20, sample_no: 30, actual label: 0, predicted: 0
iter: 21, sample_no: 6, actual label: 1, predicted: 1
iter: 22, sample_no: 30, actual label: 0, predicted: 0
iter: 23, sample_no: 18, actual label: 1, predicted: 1
iter: 24, sample_no: 14, actual label: 1, predicted: 1
number of samples: 67
AUC 0.9982078853046595
pos_get 36
total recall stop_at 1.0
@@@ C - Repeat number: 8
@@@ D - common_header:  {'F15-private', 'F41', 'F105', 'F71-jfclere@apache.org', 'F116', 'F22', 'F123', 'F3-NA', 'F3-Session', 'F3-MappedHost[]', 'F117', 'F71-rjung@apache.org', 'F120', 'F15-public', 'F3-String', 'F71-costin@apache.org', 'F71-billbarker@apache.org', 'F15-protected', 'F68', 'F71-jhook@apache.org', 'F71-kkolinko@apache.org', 'F3-byte[]', 'F3-int', 'F71-schultz@apache.org', 'F3-Object', 'F71-fschumacher@apache.org', 'F71-markt@apache.org', 'F104', 'F101', 'F110', 'F25', 'F77', 'F3-long', 'F3-PooledConnectionAndInfo', 'F71-violetagg@apache.org', 'F71-kfujino@apache.org', 'F71-markt@apache.org =  markt = Mark Emlyn David Thomas markt@apache.org@apache.org', 'category', 'F126', 'F71-timw@apache.org', 'F71-remm@apache.org', 'F71-mturk@apache.org', 'F3-Integer', 'F71-slaurent@apache.org', 'F3-Object[]', 'F15-NA', 'F71-fhanik@apache.org', 'F3-ObjectName', 'F115', 'F3-Class<?>[]', 'F3-Reader', 'F65', 'F71-jboynes@apache.org', 'F3-String[]', 'F71-funkman@apache.org', 'F3-boolean', 'F72', 'F3-key.getSql()', 'F3-ELContext', 'F71-pero@apache.org', 'F3-InputStream'}
     F72           ...           F71-slaurent@apache.org
1   3354           ...                                 0
2  17995           ...                                 0
3  17995           ...                                 0

[3 rows x 60 columns]
;.;
   F72           ...             F71-slaurent@apache.org
0  0.0           ...                                 0.0
1  1.0           ...                                 0.0
2  1.0           ...                                 0.0

[3 rows x 60 columns]
training_x: (1435, 60)
training_y: 1435
testset_x: (67, 60)
testset_y: 67
              precision    recall  f1-score   support

           0       1.00      0.87      0.93        31
           1       0.90      1.00      0.95        36

    accuracy                           0.94        67
   macro avg       0.95      0.94      0.94        67
weighted avg       0.95      0.94      0.94        67

accuracy: 0.9402985074626866
0.9473684210526316
@@@ tn: 27, fp: 4, fn: 0, tp: 36
@@@ LIME - Creating explainer
@@@ LIME - Random Sampling of Instances
iter: 0, sample_no: 11, actual label: 0, predicted: 0
iter: 1, sample_no: 42, actual label: 0, predicted: 0
iter: 2, sample_no: 51, actual label: 0, predicted: 1
iter: 3, sample_no: 47, actual label: 0, predicted: 0
iter: 4, sample_no: 16, actual label: 1, predicted: 1
iter: 5, sample_no: 4, actual label: 1, predicted: 1
iter: 6, sample_no: 63, actual label: 1, predicted: 1
iter: 7, sample_no: 23, actual label: 1, predicted: 1
iter: 8, sample_no: 2, actual label: 1, predicted: 1
iter: 9, sample_no: 16, actual label: 1, predicted: 1
iter: 10, sample_no: 66, actual label: 0, predicted: 0
iter: 11, sample_no: 47, actual label: 0, predicted: 0
iter: 12, sample_no: 47, actual label: 0, predicted: 0
iter: 13, sample_no: 39, actual label: 1, predicted: 1
iter: 14, sample_no: 42, actual label: 0, predicted: 0
iter: 15, sample_no: 43, actual label: 0, predicted: 0
iter: 16, sample_no: 64, actual label: 1, predicted: 1
iter: 17, sample_no: 35, actual label: 0, predicted: 0
iter: 18, sample_no: 36, actual label: 0, predicted: 1
iter: 19, sample_no: 17, actual label: 1, predicted: 1
iter: 20, sample_no: 64, actual label: 1, predicted: 1
iter: 21, sample_no: 59, actual label: 0, predicted: 0
iter: 22, sample_no: 7, actual label: 1, predicted: 1
iter: 23, sample_no: 32, actual label: 0, predicted: 0
iter: 24, sample_no: 6, actual label: 1, predicted: 1
number of samples: 67
AUC 0.9982078853046595
pos_get 36
total recall stop_at 1.0
@@@ C - Repeat number: 9
@@@ D - common_header:  {'F15-private', 'F41', 'F105', 'F71-jfclere@apache.org', 'F116', 'F22', 'F123', 'F3-NA', 'F3-Session', 'F3-MappedHost[]', 'F117', 'F71-rjung@apache.org', 'F120', 'F15-public', 'F3-String', 'F71-costin@apache.org', 'F71-billbarker@apache.org', 'F15-protected', 'F68', 'F71-jhook@apache.org', 'F71-kkolinko@apache.org', 'F3-byte[]', 'F3-int', 'F71-schultz@apache.org', 'F3-Object', 'F71-fschumacher@apache.org', 'F71-markt@apache.org', 'F104', 'F101', 'F110', 'F25', 'F77', 'F3-long', 'F3-PooledConnectionAndInfo', 'F71-violetagg@apache.org', 'F71-kfujino@apache.org', 'F71-markt@apache.org =  markt = Mark Emlyn David Thomas markt@apache.org@apache.org', 'category', 'F126', 'F71-timw@apache.org', 'F71-remm@apache.org', 'F71-mturk@apache.org', 'F3-Integer', 'F71-slaurent@apache.org', 'F3-Object[]', 'F15-NA', 'F71-fhanik@apache.org', 'F3-ObjectName', 'F115', 'F3-Class<?>[]', 'F3-Reader', 'F65', 'F71-jboynes@apache.org', 'F3-String[]', 'F71-funkman@apache.org', 'F3-boolean', 'F72', 'F3-key.getSql()', 'F3-ELContext', 'F71-pero@apache.org', 'F3-InputStream'}
     F72           ...           F71-slaurent@apache.org
1   3354           ...                                 0
2  17995           ...                                 0
3  17995           ...                                 0

[3 rows x 60 columns]
;.;
   F72           ...             F71-slaurent@apache.org
0  0.0           ...                                 0.0
1  1.0           ...                                 0.0
2  1.0           ...                                 0.0

[3 rows x 60 columns]
training_x: (1435, 60)
training_y: 1435
testset_x: (67, 60)
testset_y: 67
              precision    recall  f1-score   support

           0       1.00      0.87      0.93        31
           1       0.90      1.00      0.95        36

    accuracy                           0.94        67
   macro avg       0.95      0.94      0.94        67
weighted avg       0.95      0.94      0.94        67

accuracy: 0.9402985074626866
0.9473684210526316
@@@ tn: 27, fp: 4, fn: 0, tp: 36
@@@ LIME - Creating explainer
@@@ LIME - Random Sampling of Instances
iter: 0, sample_no: 57, actual label: 0, predicted: 0
iter: 1, sample_no: 65, actual label: 1, predicted: 1
iter: 2, sample_no: 60, actual label: 1, predicted: 1
iter: 3, sample_no: 52, actual label: 0, predicted: 1
iter: 4, sample_no: 17, actual label: 1, predicted: 1
iter: 5, sample_no: 8, actual label: 1, predicted: 1
iter: 6, sample_no: 62, actual label: 1, predicted: 1
iter: 7, sample_no: 23, actual label: 1, predicted: 1
iter: 8, sample_no: 64, actual label: 1, predicted: 1
iter: 9, sample_no: 8, actual label: 1, predicted: 1
iter: 10, sample_no: 59, actual label: 0, predicted: 0
iter: 11, sample_no: 24, actual label: 0, predicted: 0
iter: 12, sample_no: 1, actual label: 1, predicted: 1
iter: 13, sample_no: 60, actual label: 1, predicted: 1
iter: 14, sample_no: 24, actual label: 0, predicted: 0
iter: 15, sample_no: 41, actual label: 1, predicted: 1
iter: 16, sample_no: 40, actual label: 1, predicted: 1
iter: 17, sample_no: 32, actual label: 0, predicted: 0
iter: 18, sample_no: 59, actual label: 0, predicted: 0
iter: 19, sample_no: 19, actual label: 1, predicted: 1
iter: 20, sample_no: 48, actual label: 0, predicted: 0
iter: 21, sample_no: 54, actual label: 0, predicted: 0
iter: 22, sample_no: 49, actual label: 0, predicted: 0
iter: 23, sample_no: 15, actual label: 1, predicted: 1
iter: 24, sample_no: 36, actual label: 0, predicted: 1
number of samples: 67
AUC 0.9982078853046595
pos_get 36
total recall stop_at 1.0
@@@ C - Repeat number: 10
@@@ D - common_header:  {'F15-private', 'F41', 'F105', 'F71-jfclere@apache.org', 'F116', 'F22', 'F123', 'F3-NA', 'F3-Session', 'F3-MappedHost[]', 'F117', 'F71-rjung@apache.org', 'F120', 'F15-public', 'F3-String', 'F71-costin@apache.org', 'F71-billbarker@apache.org', 'F15-protected', 'F68', 'F71-jhook@apache.org', 'F71-kkolinko@apache.org', 'F3-byte[]', 'F3-int', 'F71-schultz@apache.org', 'F3-Object', 'F71-fschumacher@apache.org', 'F71-markt@apache.org', 'F104', 'F101', 'F110', 'F25', 'F77', 'F3-long', 'F3-PooledConnectionAndInfo', 'F71-violetagg@apache.org', 'F71-kfujino@apache.org', 'F71-markt@apache.org =  markt = Mark Emlyn David Thomas markt@apache.org@apache.org', 'category', 'F126', 'F71-timw@apache.org', 'F71-remm@apache.org', 'F71-mturk@apache.org', 'F3-Integer', 'F71-slaurent@apache.org', 'F3-Object[]', 'F15-NA', 'F71-fhanik@apache.org', 'F3-ObjectName', 'F115', 'F3-Class<?>[]', 'F3-Reader', 'F65', 'F71-jboynes@apache.org', 'F3-String[]', 'F71-funkman@apache.org', 'F3-boolean', 'F72', 'F3-key.getSql()', 'F3-ELContext', 'F71-pero@apache.org', 'F3-InputStream'}
     F72           ...           F71-slaurent@apache.org
1   3354           ...                                 0
2  17995           ...                                 0
3  17995           ...                                 0

[3 rows x 60 columns]
;.;
   F72           ...             F71-slaurent@apache.org
0  0.0           ...                                 0.0
1  1.0           ...                                 0.0
2  1.0           ...                                 0.0

[3 rows x 60 columns]
training_x: (1435, 60)
training_y: 1435
testset_x: (67, 60)
testset_y: 67
              precision    recall  f1-score   support

           0       1.00      0.87      0.93        31
           1       0.90      1.00      0.95        36

    accuracy                           0.94        67
   macro avg       0.95      0.94      0.94        67
weighted avg       0.95      0.94      0.94        67

accuracy: 0.9402985074626866
0.9473684210526316
@@@ tn: 27, fp: 4, fn: 0, tp: 36
@@@ LIME - Creating explainer
@@@ LIME - Random Sampling of Instances
/Users/author1/anaconda3/lib/python3.6/site-packages/tensorflow/python/framework/dtypes.py:463: FutureWarning: Passing (type, 1) or '1type' as a synonym of type is deprecated; in a future version of numpy, it will be understood as (type, (1,)) / '(1,)type'.
  _np_qint8 = np.dtype([("qint8", np.int8, 1)])
/Users/author1/anaconda3/lib/python3.6/site-packages/tensorflow/python/framework/dtypes.py:464: FutureWarning: Passing (type, 1) or '1type' as a synonym of type is deprecated; in a future version of numpy, it will be understood as (type, (1,)) / '(1,)type'.
  _np_quint8 = np.dtype([("quint8", np.uint8, 1)])
/Users/author1/anaconda3/lib/python3.6/site-packages/tensorflow/python/framework/dtypes.py:465: FutureWarning: Passing (type, 1) or '1type' as a synonym of type is deprecated; in a future version of numpy, it will be understood as (type, (1,)) / '(1,)type'.
  _np_qint16 = np.dtype([("qint16", np.int16, 1)])
/Users/author1/anaconda3/lib/python3.6/site-packages/tensorflow/python/framework/dtypes.py:466: FutureWarning: Passing (type, 1) or '1type' as a synonym of type is deprecated; in a future version of numpy, it will be understood as (type, (1,)) / '(1,)type'.
  _np_quint16 = np.dtype([("quint16", np.uint16, 1)])
/Users/author1/anaconda3/lib/python3.6/site-packages/tensorflow/python/framework/dtypes.py:467: FutureWarning: Passing (type, 1) or '1type' as a synonym of type is deprecated; in a future version of numpy, it will be understood as (type, (1,)) / '(1,)type'.
  _np_qint32 = np.dtype([("qint32", np.int32, 1)])
iter: 0, sample_no: 28, actual label: 0, predicted: 0
iter: 1, sample_no: 0, actual label: 0, predicted: 0
iter: 2, sample_no: 42, actual label: 0, predicted: 0
iter: 3, sample_no: 20, actual label: 1, predicted: 1
iter: 4, sample_no: 38, actual label: 1, predicted: 1
iter: 5, sample_no: 63, actual label: 1, predicted: 1
iter: 6, sample_no: 41, actual label: 1, predicted: 1
iter: 7, sample_no: 27, actual label: 0, predicted: 0
iter: 8, sample_no: 60, actual label: 1, predicted: 1
iter: 9, sample_no: 45, actual label: 1, predicted: 1
iter: 10, sample_no: 9, actual label: 0, predicted: 0
iter: 11, sample_no: 49, actual label: 0, predicted: 0
iter: 12, sample_no: 46, actual label: 1, predicted: 1
iter: 13, sample_no: 51, actual label: 0, predicted: 1
iter: 14, sample_no: 56, actual label: 1, predicted: 1
iter: 15, sample_no: 33, actual label: 1, predicted: 1
iter: 16, sample_no: 4, actual label: 1, predicted: 1
iter: 17, sample_no: 46, actual label: 1, predicted: 1
iter: 18, sample_no: 30, actual label: 0, predicted: 0
iter: 19, sample_no: 62, actual label: 1, predicted: 1
iter: 20, sample_no: 14, actual label: 1, predicted: 1
iter: 21, sample_no: 35, actual label: 0, predicted: 0
iter: 22, sample_no: 52, actual label: 0, predicted: 1
iter: 23, sample_no: 56, actual label: 1, predicted: 1
iter: 24, sample_no: 43, actual label: 0, predicted: 0
number of samples: 67
AUC 0.9982078853046595
pos_get 36
total recall stop_at 1.0
----------threshold stop at----------: 1
AUC [0.9982078853046595, 0.9982078853046595, 0.9982078853046595, 0.9982078853046595, 0.9982078853046595, 0.9982078853046595, 0.9982078853046595, 0.9982078853046595, 0.9982078853046595, 0.9982078853046595]
AUC_median 0.9982078853046595
AUC_iqr 0.0
cost [0.6119402985074627, 0.6119402985074627, 0.6119402985074627, 0.6119402985074627, 0.6119402985074627, 0.6119402985074627, 0.6119402985074627, 0.6119402985074627, 0.6119402985074627, 0.6119402985074627]
COST_med 0.6119402985074627
COST_iqr 0.0
f1_pos_list [0.9473684210526316, 0.9473684210526316, 0.9473684210526316, 0.9473684210526316, 0.9473684210526316, 0.9473684210526316, 0.9473684210526316, 0.9473684210526316, 0.9473684210526316, 0.9473684210526316]
f1_pos_med 0.9473684210526316
