@@@ A - classifier: SVC(C=1.0, break_ties=False, cache_size=200, class_weight='balanced', coef0=0.0,
    decision_function_shape='ovr', degree=3, gamma='scale', kernel='linear',
    max_iter=-1, probability=True, random_state=None, shrinking=True, tol=0.001,
    verbose=False)
@@@ B - threshold stop at: 1
@@@ C - Repeat number: 1
@@@ D - common_header:  {'F123', 'F71-rjung@apache.org', 'category', 'F71-idarwin@apache.org', 'F115', 'F3-Object[]', 'F15-private', 'F15-protected', 'F71-kkolinko@apache.org', 'F71-kfujino@apache.org', 'F71-costin@apache.org', 'F71-fhanik@apache.org', 'F3-Class<?>[]', 'F3-ELContext', 'F3-null', 'F3-NA', 'F101', 'F25', 'F116', 'F71-billbarker@apache.org', 'F65', 'F3-String[]', 'F120', 'F72', 'F71-remm@apache.org', 'F126', 'F71-pero@apache.org', 'F117', 'F104', 'F71-jfclere@apache.org', 'F3-long', 'F68', 'F105', 'F22', 'F3-int', 'F71-jhook@apache.org', 'F71-schultz@apache.org', 'F71-funkman@apache.org', 'F3-Object', 'F3-Session', 'F3-InputStream', 'F15-NA', 'F77', 'F41', 'F71-markt@apache.org', 'F3-Integer', 'F110', 'F71-slaurent@apache.org', 'F3-boolean', 'F71-timw@apache.org', 'F3-byte[]', 'F3-ObjectName', 'F71-mturk@apache.org', 'F3-String', 'F3-FileInputStream', 'F15-public'}
     F72           ...           F71-slaurent@apache.org
1  17993           ...                                 0
2  13323           ...                                 0
3  17709           ...                                 0

[3 rows x 55 columns]
;.;
        F72           ...             F71-slaurent@apache.org
0  0.980886           ...                                 0.0
1  0.000000           ...                                 0.0
2  0.921235           ...                                 0.0

[3 rows x 55 columns]
training_x: (13, 55)
training_y: 13
testset_x: (171, 55)
testset_y: 171
              precision    recall  f1-score   support

           0       0.64      0.81      0.72       103
           1       0.52      0.32      0.40        68

    accuracy                           0.61       171
   macro avg       0.58      0.56      0.56       171
weighted avg       0.60      0.61      0.59       171

accuracy: 0.6140350877192983
0.39999999999999997
@@@ tn: 83, fp: 20, fn: 46, tp: 22
@@@ LIME - Creating explainer
@@@ LIME - Random Sampling of Instances
iter: 0, sample_no: 64, actual label: 0, predicted: 0
iter: 1, sample_no: 108, actual label: 0, predicted: 0
iter: 2, sample_no: 169, actual label: 0, predicted: 1
iter: 3, sample_no: 4, actual label: 0, predicted: 1
iter: 4, sample_no: 143, actual label: 0, predicted: 0
iter: 5, sample_no: 1, actual label: 0, predicted: 1
iter: 6, sample_no: 53, actual label: 0, predicted: 0
iter: 7, sample_no: 39, actual label: 1, predicted: 0
iter: 8, sample_no: 116, actual label: 0, predicted: 0
iter: 9, sample_no: 52, actual label: 1, predicted: 1
iter: 10, sample_no: 36, actual label: 1, predicted: 0
iter: 11, sample_no: 159, actual label: 0, predicted: 1
iter: 12, sample_no: 48, actual label: 1, predicted: 0
iter: 13, sample_no: 16, actual label: 0, predicted: 0
iter: 14, sample_no: 63, actual label: 0, predicted: 0
iter: 15, sample_no: 94, actual label: 0, predicted: 0
iter: 16, sample_no: 101, actual label: 0, predicted: 0
iter: 17, sample_no: 39, actual label: 1, predicted: 0
iter: 18, sample_no: 126, actual label: 0, predicted: 0
iter: 19, sample_no: 147, actual label: 0, predicted: 0
iter: 20, sample_no: 131, actual label: 0, predicted: 0
iter: 21, sample_no: 42, actual label: 0, predicted: 1
iter: 22, sample_no: 51, actual label: 1, predicted: 1
iter: 23, sample_no: 39, actual label: 1, predicted: 0
iter: 24, sample_no: 135, actual label: 1, predicted: 0
number of samples: 171
AUC 0.41233580810965165
pos_get 68
total recall stop_at 1.0
@@@ C - Repeat number: 2
@@@ D - common_header:  {'F123', 'F71-rjung@apache.org', 'category', 'F71-idarwin@apache.org', 'F115', 'F3-Object[]', 'F15-private', 'F15-protected', 'F71-kkolinko@apache.org', 'F71-kfujino@apache.org', 'F71-costin@apache.org', 'F71-fhanik@apache.org', 'F3-Class<?>[]', 'F3-ELContext', 'F3-null', 'F3-NA', 'F101', 'F25', 'F116', 'F71-billbarker@apache.org', 'F65', 'F3-String[]', 'F120', 'F72', 'F71-remm@apache.org', 'F126', 'F71-pero@apache.org', 'F117', 'F104', 'F71-jfclere@apache.org', 'F3-long', 'F68', 'F105', 'F22', 'F3-int', 'F71-jhook@apache.org', 'F71-schultz@apache.org', 'F71-funkman@apache.org', 'F3-Object', 'F3-Session', 'F3-InputStream', 'F15-NA', 'F77', 'F41', 'F71-markt@apache.org', 'F3-Integer', 'F110', 'F71-slaurent@apache.org', 'F3-boolean', 'F71-timw@apache.org', 'F3-byte[]', 'F3-ObjectName', 'F71-mturk@apache.org', 'F3-String', 'F3-FileInputStream', 'F15-public'}
     F72           ...           F71-slaurent@apache.org
1  17993           ...                                 0
2  13323           ...                                 0
3  17709           ...                                 0

[3 rows x 55 columns]
;.;
        F72           ...             F71-slaurent@apache.org
0  0.980886           ...                                 0.0
1  0.000000           ...                                 0.0
2  0.921235           ...                                 0.0

[3 rows x 55 columns]
training_x: (13, 55)
training_y: 13
testset_x: (171, 55)
testset_y: 171
              precision    recall  f1-score   support

           0       0.64      0.81      0.72       103
           1       0.52      0.32      0.40        68

    accuracy                           0.61       171
   macro avg       0.58      0.56      0.56       171
weighted avg       0.60      0.61      0.59       171

accuracy: 0.6140350877192983
0.39999999999999997
@@@ tn: 83, fp: 20, fn: 46, tp: 22
@@@ LIME - Creating explainer
@@@ LIME - Random Sampling of Instances
iter: 0, sample_no: 163, actual label: 1, predicted: 0
iter: 1, sample_no: 16, actual label: 0, predicted: 0
iter: 2, sample_no: 6, actual label: 1, predicted: 0
iter: 3, sample_no: 107, actual label: 0, predicted: 0
iter: 4, sample_no: 128, actual label: 1, predicted: 1
iter: 5, sample_no: 154, actual label: 0, predicted: 1
iter: 6, sample_no: 64, actual label: 0, predicted: 0
iter: 7, sample_no: 101, actual label: 0, predicted: 0
iter: 8, sample_no: 100, actual label: 1, predicted: 0
iter: 9, sample_no: 7, actual label: 0, predicted: 0
iter: 10, sample_no: 150, actual label: 0, predicted: 0
iter: 11, sample_no: 104, actual label: 1, predicted: 0
iter: 12, sample_no: 42, actual label: 0, predicted: 1
iter: 13, sample_no: 96, actual label: 0, predicted: 0
iter: 14, sample_no: 73, actual label: 0, predicted: 0
iter: 15, sample_no: 18, actual label: 1, predicted: 0
iter: 16, sample_no: 68, actual label: 1, predicted: 0
iter: 17, sample_no: 15, actual label: 1, predicted: 0
iter: 18, sample_no: 159, actual label: 0, predicted: 1
iter: 19, sample_no: 31, actual label: 0, predicted: 0
iter: 20, sample_no: 109, actual label: 0, predicted: 0
iter: 21, sample_no: 79, actual label: 0, predicted: 0
iter: 22, sample_no: 64, actual label: 0, predicted: 0
iter: 23, sample_no: 132, actual label: 1, predicted: 0
iter: 24, sample_no: 141, actual label: 1, predicted: 1
number of samples: 171
AUC 0.41233580810965165
pos_get 68
total recall stop_at 1.0
@@@ C - Repeat number: 3
@@@ D - common_header:  {'F123', 'F71-rjung@apache.org', 'category', 'F71-idarwin@apache.org', 'F115', 'F3-Object[]', 'F15-private', 'F15-protected', 'F71-kkolinko@apache.org', 'F71-kfujino@apache.org', 'F71-costin@apache.org', 'F71-fhanik@apache.org', 'F3-Class<?>[]', 'F3-ELContext', 'F3-null', 'F3-NA', 'F101', 'F25', 'F116', 'F71-billbarker@apache.org', 'F65', 'F3-String[]', 'F120', 'F72', 'F71-remm@apache.org', 'F126', 'F71-pero@apache.org', 'F117', 'F104', 'F71-jfclere@apache.org', 'F3-long', 'F68', 'F105', 'F22', 'F3-int', 'F71-jhook@apache.org', 'F71-schultz@apache.org', 'F71-funkman@apache.org', 'F3-Object', 'F3-Session', 'F3-InputStream', 'F15-NA', 'F77', 'F41', 'F71-markt@apache.org', 'F3-Integer', 'F110', 'F71-slaurent@apache.org', 'F3-boolean', 'F71-timw@apache.org', 'F3-byte[]', 'F3-ObjectName', 'F71-mturk@apache.org', 'F3-String', 'F3-FileInputStream', 'F15-public'}
     F72           ...           F71-slaurent@apache.org
1  17993           ...                                 0
2  13323           ...                                 0
3  17709           ...                                 0

[3 rows x 55 columns]
;.;
        F72           ...             F71-slaurent@apache.org
0  0.980886           ...                                 0.0
1  0.000000           ...                                 0.0
2  0.921235           ...                                 0.0

[3 rows x 55 columns]
training_x: (13, 55)
training_y: 13
testset_x: (171, 55)
testset_y: 171
              precision    recall  f1-score   support

           0       0.64      0.81      0.72       103
           1       0.52      0.32      0.40        68

    accuracy                           0.61       171
   macro avg       0.58      0.56      0.56       171
weighted avg       0.60      0.61      0.59       171

accuracy: 0.6140350877192983
0.39999999999999997
@@@ tn: 83, fp: 20, fn: 46, tp: 22
@@@ LIME - Creating explainer
@@@ LIME - Random Sampling of Instances
iter: 0, sample_no: 158, actual label: 0, predicted: 0
iter: 1, sample_no: 96, actual label: 0, predicted: 0
iter: 2, sample_no: 100, actual label: 1, predicted: 0
iter: 3, sample_no: 95, actual label: 1, predicted: 1
iter: 4, sample_no: 24, actual label: 0, predicted: 0
iter: 5, sample_no: 15, actual label: 1, predicted: 0
iter: 6, sample_no: 2, actual label: 0, predicted: 1
iter: 7, sample_no: 77, actual label: 0, predicted: 0
iter: 8, sample_no: 75, actual label: 0, predicted: 0
iter: 9, sample_no: 124, actual label: 0, predicted: 0
iter: 10, sample_no: 137, actual label: 0, predicted: 0
iter: 11, sample_no: 153, actual label: 1, predicted: 1
iter: 12, sample_no: 44, actual label: 0, predicted: 0
iter: 13, sample_no: 120, actual label: 1, predicted: 0
iter: 14, sample_no: 113, actual label: 1, predicted: 0
iter: 15, sample_no: 54, actual label: 0, predicted: 0
iter: 16, sample_no: 65, actual label: 1, predicted: 0
iter: 17, sample_no: 170, actual label: 0, predicted: 0
iter: 18, sample_no: 25, actual label: 1, predicted: 0
iter: 19, sample_no: 45, actual label: 1, predicted: 1
iter: 20, sample_no: 66, actual label: 1, predicted: 0
iter: 21, sample_no: 66, actual label: 1, predicted: 0
iter: 22, sample_no: 59, actual label: 0, predicted: 0
iter: 23, sample_no: 127, actual label: 0, predicted: 0
iter: 24, sample_no: 90, actual label: 1, predicted: 1
number of samples: 171
AUC 0.5876641918903484
pos_get 68
total recall stop_at 1.0
@@@ C - Repeat number: 4
@@@ D - common_header:  {'F123', 'F71-rjung@apache.org', 'category', 'F71-idarwin@apache.org', 'F115', 'F3-Object[]', 'F15-private', 'F15-protected', 'F71-kkolinko@apache.org', 'F71-kfujino@apache.org', 'F71-costin@apache.org', 'F71-fhanik@apache.org', 'F3-Class<?>[]', 'F3-ELContext', 'F3-null', 'F3-NA', 'F101', 'F25', 'F116', 'F71-billbarker@apache.org', 'F65', 'F3-String[]', 'F120', 'F72', 'F71-remm@apache.org', 'F126', 'F71-pero@apache.org', 'F117', 'F104', 'F71-jfclere@apache.org', 'F3-long', 'F68', 'F105', 'F22', 'F3-int', 'F71-jhook@apache.org', 'F71-schultz@apache.org', 'F71-funkman@apache.org', 'F3-Object', 'F3-Session', 'F3-InputStream', 'F15-NA', 'F77', 'F41', 'F71-markt@apache.org', 'F3-Integer', 'F110', 'F71-slaurent@apache.org', 'F3-boolean', 'F71-timw@apache.org', 'F3-byte[]', 'F3-ObjectName', 'F71-mturk@apache.org', 'F3-String', 'F3-FileInputStream', 'F15-public'}
     F72           ...           F71-slaurent@apache.org
1  17993           ...                                 0
2  13323           ...                                 0
3  17709           ...                                 0

[3 rows x 55 columns]
;.;
        F72           ...             F71-slaurent@apache.org
0  0.980886           ...                                 0.0
1  0.000000           ...                                 0.0
2  0.921235           ...                                 0.0

[3 rows x 55 columns]
training_x: (13, 55)
training_y: 13
testset_x: (171, 55)
testset_y: 171
              precision    recall  f1-score   support

           0       0.64      0.81      0.72       103
           1       0.52      0.32      0.40        68

    accuracy                           0.61       171
   macro avg       0.58      0.56      0.56       171
weighted avg       0.60      0.61      0.59       171

accuracy: 0.6140350877192983
0.39999999999999997
@@@ tn: 83, fp: 20, fn: 46, tp: 22
@@@ LIME - Creating explainer
@@@ LIME - Random Sampling of Instances
iter: 0, sample_no: 69, actual label: 1, predicted: 0
iter: 1, sample_no: 72, actual label: 1, predicted: 0
iter: 2, sample_no: 41, actual label: 0, predicted: 0
iter: 3, sample_no: 152, actual label: 0, predicted: 0
iter: 4, sample_no: 149, actual label: 1, predicted: 0
iter: 5, sample_no: 104, actual label: 1, predicted: 0
iter: 6, sample_no: 151, actual label: 0, predicted: 0
iter: 7, sample_no: 163, actual label: 1, predicted: 0
iter: 8, sample_no: 17, actual label: 0, predicted: 0
iter: 9, sample_no: 61, actual label: 1, predicted: 0
iter: 10, sample_no: 154, actual label: 0, predicted: 1
iter: 11, sample_no: 84, actual label: 0, predicted: 0
iter: 12, sample_no: 158, actual label: 0, predicted: 0
iter: 13, sample_no: 101, actual label: 0, predicted: 0
iter: 14, sample_no: 121, actual label: 0, predicted: 0
iter: 15, sample_no: 0, actual label: 1, predicted: 1
iter: 16, sample_no: 151, actual label: 0, predicted: 0
iter: 17, sample_no: 87, actual label: 1, predicted: 0
iter: 18, sample_no: 53, actual label: 0, predicted: 0
iter: 19, sample_no: 53, actual label: 0, predicted: 0
iter: 20, sample_no: 9, actual label: 1, predicted: 1
iter: 21, sample_no: 45, actual label: 1, predicted: 1
iter: 22, sample_no: 90, actual label: 1, predicted: 1
iter: 23, sample_no: 95, actual label: 1, predicted: 1
iter: 24, sample_no: 29, actual label: 0, predicted: 0
number of samples: 171
AUC 0.5876641918903484
pos_get 68
total recall stop_at 1.0
@@@ C - Repeat number: 5
@@@ D - common_header:  {'F123', 'F71-rjung@apache.org', 'category', 'F71-idarwin@apache.org', 'F115', 'F3-Object[]', 'F15-private', 'F15-protected', 'F71-kkolinko@apache.org', 'F71-kfujino@apache.org', 'F71-costin@apache.org', 'F71-fhanik@apache.org', 'F3-Class<?>[]', 'F3-ELContext', 'F3-null', 'F3-NA', 'F101', 'F25', 'F116', 'F71-billbarker@apache.org', 'F65', 'F3-String[]', 'F120', 'F72', 'F71-remm@apache.org', 'F126', 'F71-pero@apache.org', 'F117', 'F104', 'F71-jfclere@apache.org', 'F3-long', 'F68', 'F105', 'F22', 'F3-int', 'F71-jhook@apache.org', 'F71-schultz@apache.org', 'F71-funkman@apache.org', 'F3-Object', 'F3-Session', 'F3-InputStream', 'F15-NA', 'F77', 'F41', 'F71-markt@apache.org', 'F3-Integer', 'F110', 'F71-slaurent@apache.org', 'F3-boolean', 'F71-timw@apache.org', 'F3-byte[]', 'F3-ObjectName', 'F71-mturk@apache.org', 'F3-String', 'F3-FileInputStream', 'F15-public'}
     F72           ...           F71-slaurent@apache.org
1  17993           ...                                 0
2  13323           ...                                 0
3  17709           ...                                 0

[3 rows x 55 columns]
;.;
        F72           ...             F71-slaurent@apache.org
0  0.980886           ...                                 0.0
1  0.000000           ...                                 0.0
2  0.921235           ...                                 0.0

[3 rows x 55 columns]
training_x: (13, 55)
training_y: 13
testset_x: (171, 55)
testset_y: 171
              precision    recall  f1-score   support

           0       0.64      0.81      0.72       103
           1       0.52      0.32      0.40        68

    accuracy                           0.61       171
   macro avg       0.58      0.56      0.56       171
weighted avg       0.60      0.61      0.59       171

accuracy: 0.6140350877192983
0.39999999999999997
@@@ tn: 83, fp: 20, fn: 46, tp: 22
@@@ LIME - Creating explainer
@@@ LIME - Random Sampling of Instances
iter: 0, sample_no: 134, actual label: 0, predicted: 0
iter: 1, sample_no: 132, actual label: 1, predicted: 0
iter: 2, sample_no: 18, actual label: 1, predicted: 0
iter: 3, sample_no: 95, actual label: 1, predicted: 1
iter: 4, sample_no: 124, actual label: 0, predicted: 0
iter: 5, sample_no: 67, actual label: 1, predicted: 0
iter: 6, sample_no: 131, actual label: 0, predicted: 0
iter: 7, sample_no: 84, actual label: 0, predicted: 0
iter: 8, sample_no: 51, actual label: 1, predicted: 1
iter: 9, sample_no: 48, actual label: 1, predicted: 0
iter: 10, sample_no: 90, actual label: 1, predicted: 1
iter: 11, sample_no: 99, actual label: 0, predicted: 0
iter: 12, sample_no: 30, actual label: 1, predicted: 0
iter: 13, sample_no: 166, actual label: 0, predicted: 0
iter: 14, sample_no: 73, actual label: 0, predicted: 0
iter: 15, sample_no: 161, actual label: 0, predicted: 0
iter: 16, sample_no: 16, actual label: 0, predicted: 0
iter: 17, sample_no: 33, actual label: 0, predicted: 0
iter: 18, sample_no: 71, actual label: 1, predicted: 0
iter: 19, sample_no: 32, actual label: 1, predicted: 0
iter: 20, sample_no: 32, actual label: 1, predicted: 0
iter: 21, sample_no: 69, actual label: 1, predicted: 0
iter: 22, sample_no: 144, actual label: 0, predicted: 0
iter: 23, sample_no: 132, actual label: 1, predicted: 0
iter: 24, sample_no: 154, actual label: 0, predicted: 1
number of samples: 171
AUC 0.41290691033695026
pos_get 68
total recall stop_at 1.0
@@@ C - Repeat number: 6
@@@ D - common_header:  {'F123', 'F71-rjung@apache.org', 'category', 'F71-idarwin@apache.org', 'F115', 'F3-Object[]', 'F15-private', 'F15-protected', 'F71-kkolinko@apache.org', 'F71-kfujino@apache.org', 'F71-costin@apache.org', 'F71-fhanik@apache.org', 'F3-Class<?>[]', 'F3-ELContext', 'F3-null', 'F3-NA', 'F101', 'F25', 'F116', 'F71-billbarker@apache.org', 'F65', 'F3-String[]', 'F120', 'F72', 'F71-remm@apache.org', 'F126', 'F71-pero@apache.org', 'F117', 'F104', 'F71-jfclere@apache.org', 'F3-long', 'F68', 'F105', 'F22', 'F3-int', 'F71-jhook@apache.org', 'F71-schultz@apache.org', 'F71-funkman@apache.org', 'F3-Object', 'F3-Session', 'F3-InputStream', 'F15-NA', 'F77', 'F41', 'F71-markt@apache.org', 'F3-Integer', 'F110', 'F71-slaurent@apache.org', 'F3-boolean', 'F71-timw@apache.org', 'F3-byte[]', 'F3-ObjectName', 'F71-mturk@apache.org', 'F3-String', 'F3-FileInputStream', 'F15-public'}
     F72           ...           F71-slaurent@apache.org
1  17993           ...                                 0
2  13323           ...                                 0
3  17709           ...                                 0

[3 rows x 55 columns]
;.;
        F72           ...             F71-slaurent@apache.org
0  0.980886           ...                                 0.0
1  0.000000           ...                                 0.0
2  0.921235           ...                                 0.0

[3 rows x 55 columns]
training_x: (13, 55)
training_y: 13
testset_x: (171, 55)
testset_y: 171
              precision    recall  f1-score   support

           0       0.64      0.81      0.72       103
           1       0.52      0.32      0.40        68

    accuracy                           0.61       171
   macro avg       0.58      0.56      0.56       171
weighted avg       0.60      0.61      0.59       171

accuracy: 0.6140350877192983
0.39999999999999997
@@@ tn: 83, fp: 20, fn: 46, tp: 22
@@@ LIME - Creating explainer
@@@ LIME - Random Sampling of Instances
iter: 0, sample_no: 51, actual label: 1, predicted: 1
iter: 1, sample_no: 3, actual label: 0, predicted: 1
iter: 2, sample_no: 145, actual label: 0, predicted: 0
iter: 3, sample_no: 27, actual label: 0, predicted: 0
iter: 4, sample_no: 22, actual label: 0, predicted: 1
iter: 5, sample_no: 50, actual label: 1, predicted: 0
iter: 6, sample_no: 105, actual label: 1, predicted: 0
iter: 7, sample_no: 10, actual label: 0, predicted: 0
iter: 8, sample_no: 109, actual label: 0, predicted: 0
iter: 9, sample_no: 44, actual label: 0, predicted: 0
iter: 10, sample_no: 75, actual label: 0, predicted: 0
iter: 11, sample_no: 52, actual label: 1, predicted: 1
iter: 12, sample_no: 81, actual label: 0, predicted: 0
iter: 13, sample_no: 126, actual label: 0, predicted: 0
iter: 14, sample_no: 18, actual label: 1, predicted: 0
iter: 15, sample_no: 74, actual label: 0, predicted: 0
iter: 16, sample_no: 117, actual label: 0, predicted: 1
iter: 17, sample_no: 142, actual label: 0, predicted: 0
iter: 18, sample_no: 105, actual label: 1, predicted: 0
iter: 19, sample_no: 122, actual label: 0, predicted: 0
iter: 20, sample_no: 106, actual label: 0, predicted: 1
iter: 21, sample_no: 67, actual label: 1, predicted: 0
iter: 22, sample_no: 143, actual label: 0, predicted: 0
iter: 23, sample_no: 85, actual label: 1, predicted: 1
iter: 24, sample_no: 145, actual label: 0, predicted: 0
number of samples: 171
AUC 0.5876641918903484
pos_get 68
total recall stop_at 1.0
@@@ C - Repeat number: 7
@@@ D - common_header:  {'F123', 'F71-rjung@apache.org', 'category', 'F71-idarwin@apache.org', 'F115', 'F3-Object[]', 'F15-private', 'F15-protected', 'F71-kkolinko@apache.org', 'F71-kfujino@apache.org', 'F71-costin@apache.org', 'F71-fhanik@apache.org', 'F3-Class<?>[]', 'F3-ELContext', 'F3-null', 'F3-NA', 'F101', 'F25', 'F116', 'F71-billbarker@apache.org', 'F65', 'F3-String[]', 'F120', 'F72', 'F71-remm@apache.org', 'F126', 'F71-pero@apache.org', 'F117', 'F104', 'F71-jfclere@apache.org', 'F3-long', 'F68', 'F105', 'F22', 'F3-int', 'F71-jhook@apache.org', 'F71-schultz@apache.org', 'F71-funkman@apache.org', 'F3-Object', 'F3-Session', 'F3-InputStream', 'F15-NA', 'F77', 'F41', 'F71-markt@apache.org', 'F3-Integer', 'F110', 'F71-slaurent@apache.org', 'F3-boolean', 'F71-timw@apache.org', 'F3-byte[]', 'F3-ObjectName', 'F71-mturk@apache.org', 'F3-String', 'F3-FileInputStream', 'F15-public'}
     F72           ...           F71-slaurent@apache.org
1  17993           ...                                 0
2  13323           ...                                 0
3  17709           ...                                 0

[3 rows x 55 columns]
;.;
        F72           ...             F71-slaurent@apache.org
0  0.980886           ...                                 0.0
1  0.000000           ...                                 0.0
2  0.921235           ...                                 0.0

[3 rows x 55 columns]
training_x: (13, 55)
training_y: 13
testset_x: (171, 55)
testset_y: 171
              precision    recall  f1-score   support

           0       0.64      0.81      0.72       103
           1       0.52      0.32      0.40        68

    accuracy                           0.61       171
   macro avg       0.58      0.56      0.56       171
weighted avg       0.60      0.61      0.59       171

accuracy: 0.6140350877192983
0.39999999999999997
@@@ tn: 83, fp: 20, fn: 46, tp: 22
@@@ LIME - Creating explainer
@@@ LIME - Random Sampling of Instances
iter: 0, sample_no: 168, actual label: 0, predicted: 1
iter: 1, sample_no: 41, actual label: 0, predicted: 0
iter: 2, sample_no: 46, actual label: 0, predicted: 0
iter: 3, sample_no: 19, actual label: 0, predicted: 0
iter: 4, sample_no: 161, actual label: 0, predicted: 0
iter: 5, sample_no: 13, actual label: 0, predicted: 0
iter: 6, sample_no: 82, actual label: 0, predicted: 0
iter: 7, sample_no: 110, actual label: 1, predicted: 0
iter: 8, sample_no: 160, actual label: 1, predicted: 0
iter: 9, sample_no: 29, actual label: 0, predicted: 0
iter: 10, sample_no: 83, actual label: 0, predicted: 0
iter: 11, sample_no: 69, actual label: 1, predicted: 0
iter: 12, sample_no: 96, actual label: 0, predicted: 0
iter: 13, sample_no: 160, actual label: 1, predicted: 0
iter: 14, sample_no: 135, actual label: 1, predicted: 0
iter: 15, sample_no: 112, actual label: 0, predicted: 0
iter: 16, sample_no: 10, actual label: 0, predicted: 0
iter: 17, sample_no: 87, actual label: 1, predicted: 0
iter: 18, sample_no: 165, actual label: 1, predicted: 1
iter: 19, sample_no: 65, actual label: 1, predicted: 0
iter: 20, sample_no: 134, actual label: 0, predicted: 0
iter: 21, sample_no: 4, actual label: 0, predicted: 1
iter: 22, sample_no: 81, actual label: 0, predicted: 0
iter: 23, sample_no: 120, actual label: 1, predicted: 0
iter: 24, sample_no: 137, actual label: 0, predicted: 0
number of samples: 171
AUC 0.41233580810965165
pos_get 68
total recall stop_at 1.0
@@@ C - Repeat number: 8
@@@ D - common_header:  {'F123', 'F71-rjung@apache.org', 'category', 'F71-idarwin@apache.org', 'F115', 'F3-Object[]', 'F15-private', 'F15-protected', 'F71-kkolinko@apache.org', 'F71-kfujino@apache.org', 'F71-costin@apache.org', 'F71-fhanik@apache.org', 'F3-Class<?>[]', 'F3-ELContext', 'F3-null', 'F3-NA', 'F101', 'F25', 'F116', 'F71-billbarker@apache.org', 'F65', 'F3-String[]', 'F120', 'F72', 'F71-remm@apache.org', 'F126', 'F71-pero@apache.org', 'F117', 'F104', 'F71-jfclere@apache.org', 'F3-long', 'F68', 'F105', 'F22', 'F3-int', 'F71-jhook@apache.org', 'F71-schultz@apache.org', 'F71-funkman@apache.org', 'F3-Object', 'F3-Session', 'F3-InputStream', 'F15-NA', 'F77', 'F41', 'F71-markt@apache.org', 'F3-Integer', 'F110', 'F71-slaurent@apache.org', 'F3-boolean', 'F71-timw@apache.org', 'F3-byte[]', 'F3-ObjectName', 'F71-mturk@apache.org', 'F3-String', 'F3-FileInputStream', 'F15-public'}
     F72           ...           F71-slaurent@apache.org
1  17993           ...                                 0
2  13323           ...                                 0
3  17709           ...                                 0

[3 rows x 55 columns]
;.;
        F72           ...             F71-slaurent@apache.org
0  0.980886           ...                                 0.0
1  0.000000           ...                                 0.0
2  0.921235           ...                                 0.0

[3 rows x 55 columns]
training_x: (13, 55)
training_y: 13
testset_x: (171, 55)
testset_y: 171
              precision    recall  f1-score   support

           0       0.64      0.81      0.72       103
           1       0.52      0.32      0.40        68

    accuracy                           0.61       171
   macro avg       0.58      0.56      0.56       171
weighted avg       0.60      0.61      0.59       171

accuracy: 0.6140350877192983
0.39999999999999997
@@@ tn: 83, fp: 20, fn: 46, tp: 22
@@@ LIME - Creating explainer
@@@ LIME - Random Sampling of Instances
iter: 0, sample_no: 139, actual label: 0, predicted: 0
iter: 1, sample_no: 86, actual label: 0, predicted: 1
iter: 2, sample_no: 111, actual label: 0, predicted: 0
iter: 3, sample_no: 158, actual label: 0, predicted: 0
iter: 4, sample_no: 78, actual label: 0, predicted: 1
iter: 5, sample_no: 4, actual label: 0, predicted: 1
iter: 6, sample_no: 122, actual label: 0, predicted: 0
iter: 7, sample_no: 86, actual label: 0, predicted: 1
iter: 8, sample_no: 111, actual label: 0, predicted: 0
iter: 9, sample_no: 158, actual label: 0, predicted: 0
iter: 10, sample_no: 158, actual label: 0, predicted: 0
iter: 11, sample_no: 21, actual label: 0, predicted: 1
iter: 12, sample_no: 153, actual label: 1, predicted: 1
iter: 13, sample_no: 29, actual label: 0, predicted: 0
iter: 14, sample_no: 78, actual label: 0, predicted: 1
iter: 15, sample_no: 143, actual label: 0, predicted: 0
iter: 16, sample_no: 113, actual label: 1, predicted: 0
iter: 17, sample_no: 10, actual label: 0, predicted: 0
iter: 18, sample_no: 102, actual label: 0, predicted: 0
iter: 19, sample_no: 81, actual label: 0, predicted: 0
iter: 20, sample_no: 36, actual label: 1, predicted: 0
iter: 21, sample_no: 62, actual label: 0, predicted: 0
iter: 22, sample_no: 133, actual label: 0, predicted: 0
iter: 23, sample_no: 156, actual label: 1, predicted: 0
iter: 24, sample_no: 104, actual label: 1, predicted: 0
number of samples: 171
AUC 0.5876641918903484
pos_get 68
total recall stop_at 1.0
@@@ C - Repeat number: 9
@@@ D - common_header:  {'F123', 'F71-rjung@apache.org', 'category', 'F71-idarwin@apache.org', 'F115', 'F3-Object[]', 'F15-private', 'F15-protected', 'F71-kkolinko@apache.org', 'F71-kfujino@apache.org', 'F71-costin@apache.org', 'F71-fhanik@apache.org', 'F3-Class<?>[]', 'F3-ELContext', 'F3-null', 'F3-NA', 'F101', 'F25', 'F116', 'F71-billbarker@apache.org', 'F65', 'F3-String[]', 'F120', 'F72', 'F71-remm@apache.org', 'F126', 'F71-pero@apache.org', 'F117', 'F104', 'F71-jfclere@apache.org', 'F3-long', 'F68', 'F105', 'F22', 'F3-int', 'F71-jhook@apache.org', 'F71-schultz@apache.org', 'F71-funkman@apache.org', 'F3-Object', 'F3-Session', 'F3-InputStream', 'F15-NA', 'F77', 'F41', 'F71-markt@apache.org', 'F3-Integer', 'F110', 'F71-slaurent@apache.org', 'F3-boolean', 'F71-timw@apache.org', 'F3-byte[]', 'F3-ObjectName', 'F71-mturk@apache.org', 'F3-String', 'F3-FileInputStream', 'F15-public'}
     F72           ...           F71-slaurent@apache.org
1  17993           ...                                 0
2  13323           ...                                 0
3  17709           ...                                 0

[3 rows x 55 columns]
;.;
        F72           ...             F71-slaurent@apache.org
0  0.980886           ...                                 0.0
1  0.000000           ...                                 0.0
2  0.921235           ...                                 0.0

[3 rows x 55 columns]
training_x: (13, 55)
training_y: 13
testset_x: (171, 55)
testset_y: 171
              precision    recall  f1-score   support

           0       0.64      0.81      0.72       103
           1       0.52      0.32      0.40        68

    accuracy                           0.61       171
   macro avg       0.58      0.56      0.56       171
weighted avg       0.60      0.61      0.59       171

accuracy: 0.6140350877192983
0.39999999999999997
@@@ tn: 83, fp: 20, fn: 46, tp: 22
@@@ LIME - Creating explainer
@@@ LIME - Random Sampling of Instances
iter: 0, sample_no: 57, actual label: 0, predicted: 1
iter: 1, sample_no: 105, actual label: 1, predicted: 0
iter: 2, sample_no: 14, actual label: 0, predicted: 1
iter: 3, sample_no: 68, actual label: 1, predicted: 0
iter: 4, sample_no: 21, actual label: 0, predicted: 1
iter: 5, sample_no: 101, actual label: 0, predicted: 0
iter: 6, sample_no: 113, actual label: 1, predicted: 0
iter: 7, sample_no: 49, actual label: 1, predicted: 1
iter: 8, sample_no: 168, actual label: 0, predicted: 1
iter: 9, sample_no: 111, actual label: 0, predicted: 0
iter: 10, sample_no: 51, actual label: 1, predicted: 1
iter: 11, sample_no: 112, actual label: 0, predicted: 0
iter: 12, sample_no: 94, actual label: 0, predicted: 0
iter: 13, sample_no: 114, actual label: 0, predicted: 0
iter: 14, sample_no: 75, actual label: 0, predicted: 0
iter: 15, sample_no: 136, actual label: 0, predicted: 0
iter: 16, sample_no: 128, actual label: 1, predicted: 1
iter: 17, sample_no: 160, actual label: 1, predicted: 0
iter: 18, sample_no: 145, actual label: 0, predicted: 0
iter: 19, sample_no: 119, actual label: 0, predicted: 0
iter: 20, sample_no: 105, actual label: 1, predicted: 0
iter: 21, sample_no: 22, actual label: 0, predicted: 1
iter: 22, sample_no: 155, actual label: 1, predicted: 0
iter: 23, sample_no: 137, actual label: 0, predicted: 0
iter: 24, sample_no: 10, actual label: 0, predicted: 0
number of samples: 171
AUC 0.41233580810965165
pos_get 68
total recall stop_at 1.0
@@@ C - Repeat number: 10
@@@ D - common_header:  {'F123', 'F71-rjung@apache.org', 'category', 'F71-idarwin@apache.org', 'F115', 'F3-Object[]', 'F15-private', 'F15-protected', 'F71-kkolinko@apache.org', 'F71-kfujino@apache.org', 'F71-costin@apache.org', 'F71-fhanik@apache.org', 'F3-Class<?>[]', 'F3-ELContext', 'F3-null', 'F3-NA', 'F101', 'F25', 'F116', 'F71-billbarker@apache.org', 'F65', 'F3-String[]', 'F120', 'F72', 'F71-remm@apache.org', 'F126', 'F71-pero@apache.org', 'F117', 'F104', 'F71-jfclere@apache.org', 'F3-long', 'F68', 'F105', 'F22', 'F3-int', 'F71-jhook@apache.org', 'F71-schultz@apache.org', 'F71-funkman@apache.org', 'F3-Object', 'F3-Session', 'F3-InputStream', 'F15-NA', 'F77', 'F41', 'F71-markt@apache.org', 'F3-Integer', 'F110', 'F71-slaurent@apache.org', 'F3-boolean', 'F71-timw@apache.org', 'F3-byte[]', 'F3-ObjectName', 'F71-mturk@apache.org', 'F3-String', 'F3-FileInputStream', 'F15-public'}
     F72           ...           F71-slaurent@apache.org
1  17993           ...                                 0
2  13323           ...                                 0
3  17709           ...                                 0

[3 rows x 55 columns]
;.;
        F72           ...             F71-slaurent@apache.org
0  0.980886           ...                                 0.0
1  0.000000           ...                                 0.0
2  0.921235           ...                                 0.0

[3 rows x 55 columns]
training_x: (13, 55)
training_y: 13
testset_x: (171, 55)
testset_y: 171
              precision    recall  f1-score   support

           0       0.64      0.81      0.72       103
           1       0.52      0.32      0.40        68

    accuracy                           0.61       171
   macro avg       0.58      0.56      0.56       171
weighted avg       0.60      0.61      0.59       171

accuracy: 0.6140350877192983
0.39999999999999997
@@@ tn: 83, fp: 20, fn: 46, tp: 22
@@@ LIME - Creating explainer
@@@ LIME - Random Sampling of Instances
/Users/author1/anaconda3/lib/python3.6/site-packages/tensorflow/python/framework/dtypes.py:463: FutureWarning: Passing (type, 1) or '1type' as a synonym of type is deprecated; in a future version of numpy, it will be understood as (type, (1,)) / '(1,)type'.
  _np_qint8 = np.dtype([("qint8", np.int8, 1)])
/Users/author1/anaconda3/lib/python3.6/site-packages/tensorflow/python/framework/dtypes.py:464: FutureWarning: Passing (type, 1) or '1type' as a synonym of type is deprecated; in a future version of numpy, it will be understood as (type, (1,)) / '(1,)type'.
  _np_quint8 = np.dtype([("quint8", np.uint8, 1)])
/Users/author1/anaconda3/lib/python3.6/site-packages/tensorflow/python/framework/dtypes.py:465: FutureWarning: Passing (type, 1) or '1type' as a synonym of type is deprecated; in a future version of numpy, it will be understood as (type, (1,)) / '(1,)type'.
  _np_qint16 = np.dtype([("qint16", np.int16, 1)])
/Users/author1/anaconda3/lib/python3.6/site-packages/tensorflow/python/framework/dtypes.py:466: FutureWarning: Passing (type, 1) or '1type' as a synonym of type is deprecated; in a future version of numpy, it will be understood as (type, (1,)) / '(1,)type'.
  _np_quint16 = np.dtype([("quint16", np.uint16, 1)])
/Users/author1/anaconda3/lib/python3.6/site-packages/tensorflow/python/framework/dtypes.py:467: FutureWarning: Passing (type, 1) or '1type' as a synonym of type is deprecated; in a future version of numpy, it will be understood as (type, (1,)) / '(1,)type'.
  _np_qint32 = np.dtype([("qint32", np.int32, 1)])
iter: 0, sample_no: 156, actual label: 1, predicted: 0
iter: 1, sample_no: 32, actual label: 1, predicted: 0
iter: 2, sample_no: 58, actual label: 0, predicted: 0
iter: 3, sample_no: 148, actual label: 1, predicted: 0
iter: 4, sample_no: 58, actual label: 0, predicted: 0
iter: 5, sample_no: 30, actual label: 1, predicted: 0
iter: 6, sample_no: 70, actual label: 1, predicted: 0
iter: 7, sample_no: 87, actual label: 1, predicted: 0
iter: 8, sample_no: 7, actual label: 0, predicted: 0
iter: 9, sample_no: 97, actual label: 0, predicted: 0
iter: 10, sample_no: 79, actual label: 0, predicted: 0
iter: 11, sample_no: 36, actual label: 1, predicted: 0
iter: 12, sample_no: 59, actual label: 0, predicted: 0
iter: 13, sample_no: 158, actual label: 0, predicted: 0
iter: 14, sample_no: 33, actual label: 0, predicted: 0
iter: 15, sample_no: 48, actual label: 1, predicted: 0
iter: 16, sample_no: 57, actual label: 0, predicted: 1
iter: 17, sample_no: 124, actual label: 0, predicted: 0
iter: 18, sample_no: 170, actual label: 0, predicted: 0
iter: 19, sample_no: 74, actual label: 0, predicted: 0
iter: 20, sample_no: 36, actual label: 1, predicted: 0
iter: 21, sample_no: 53, actual label: 0, predicted: 0
iter: 22, sample_no: 83, actual label: 0, predicted: 0
iter: 23, sample_no: 54, actual label: 0, predicted: 0
iter: 24, sample_no: 37, actual label: 0, predicted: 1
number of samples: 171
AUC 0.41233580810965165
pos_get 68
total recall stop_at 1.0
----------threshold stop at----------: 1
AUC [0.41233580810965165, 0.41233580810965165, 0.5876641918903484, 0.5876641918903484, 0.41290691033695026, 0.5876641918903484, 0.41233580810965165, 0.5876641918903484, 0.41233580810965165, 0.41233580810965165]
AUC_median 0.41262135922330095
AUC_iqr 0.1753283837806967
cost [1.0, 1.0, 1.0, 1.0, 1.0, 1.0, 1.0, 1.0, 1.0, 1.0]
COST_med 1.0
COST_iqr 0.0
f1_pos_list [0.39999999999999997, 0.39999999999999997, 0.39999999999999997, 0.39999999999999997, 0.39999999999999997, 0.39999999999999997, 0.39999999999999997, 0.39999999999999997, 0.39999999999999997, 0.39999999999999997]
f1_pos_med 0.39999999999999997
