@@@ A - classifier: SVC(C=1.0, break_ties=False, cache_size=200, class_weight='balanced', coef0=0.0,
    decision_function_shape='ovr', degree=3, gamma='scale', kernel='linear',
    max_iter=-1, probability=True, random_state=None, shrinking=True, tol=0.001,
    verbose=False)
@@@ B - threshold stop at: 1
@@@ C - Repeat number: 1
@@@ D - common_header:  {'F71-daniel-beck@github.com', 'F71-ogondza@redhat.com', 'F71-kohsuke@71c3de6d-444a-0410-be80-ed276b4c234a', 'F110', 'F68', 'F3-ANTLRHashString', 'F105', 'F71-s.sogabe@gmail.com', 'F3-Level', 'F3-Class', 'F72', 'F3-Object[]', 'F3-TaskListener', 'F3-int', 'F41', 'F65', 'F120', 'F3-File', 'F71-kk@kohsuke.org', 'F77', 'F117', 'F115', 'F126', 'F71-mindless@71c3de6d-444a-0410-be80-ed276b4c234a', 'F3-InputStream', 'F15-public', 'F3-String', 'F3-Integer', 'F15-private', 'F22', 'F71-nicolas.deloof@gmail.com', 'F71-nigel.magnay@gmail.com', 'F15-NA', 'F25', 'F116', 'F71-jglick@71c3de6d-444a-0410-be80-ed276b4c234a', 'F71-stephen.alan.connolly@gmail.com', 'F3-null', 'F71-kutzi@gmx.de', 'F3-byte[]', 'F104', 'F15-protected', 'F71-o.v.nenashev@gmail.com', 'F71-dhoover@google.com', 'category', 'F3-long', 'F123', 'F3-NA', 'F101', 'F71-jglick@cloudbees.com'}
     F72            ...             F71-nigel.magnay@gmail.com
1  25951            ...                                      1
2  25951            ...                                      1
3  25951            ...                                      1

[3 rows x 49 columns]
;.;
   F72             ...              F71-nigel.magnay@gmail.com
0  1.0             ...                                     1.0
1  1.0             ...                                     1.0
2  1.0             ...                                     1.0

[3 rows x 49 columns]
training_x: (822, 49)
training_y: 822
testset_x: (23, 49)
testset_y: 23
              precision    recall  f1-score   support

           0       0.50      0.08      0.13        13
           1       0.43      0.90      0.58        10

    accuracy                           0.43        23
   macro avg       0.46      0.49      0.36        23
weighted avg       0.47      0.43      0.33        23

accuracy: 0.43478260869565216
0.5806451612903225
@@@ tn: 1, fp: 12, fn: 1, tp: 9
@@@ LIME - Creating explainer
@@@ LIME - Random Sampling of Instances
iter: 0, sample_no: 0, actual label: 0, predicted: 1
iter: 1, sample_no: 16, actual label: 0, predicted: 1
iter: 2, sample_no: 4, actual label: 0, predicted: 1
iter: 3, sample_no: 6, actual label: 0, predicted: 1
iter: 4, sample_no: 20, actual label: 0, predicted: 1
iter: 5, sample_no: 20, actual label: 0, predicted: 1
iter: 6, sample_no: 17, actual label: 0, predicted: 1
iter: 7, sample_no: 9, actual label: 1, predicted: 1
iter: 8, sample_no: 0, actual label: 0, predicted: 1
iter: 9, sample_no: 12, actual label: 0, predicted: 1
iter: 10, sample_no: 12, actual label: 0, predicted: 1
iter: 11, sample_no: 2, actual label: 1, predicted: 1
iter: 12, sample_no: 0, actual label: 0, predicted: 1
iter: 13, sample_no: 12, actual label: 0, predicted: 1
iter: 14, sample_no: 4, actual label: 0, predicted: 1
iter: 15, sample_no: 7, actual label: 1, predicted: 1
iter: 16, sample_no: 8, actual label: 0, predicted: 1
iter: 17, sample_no: 8, actual label: 0, predicted: 1
iter: 18, sample_no: 4, actual label: 0, predicted: 1
iter: 19, sample_no: 20, actual label: 0, predicted: 1
iter: 20, sample_no: 11, actual label: 0, predicted: 1
iter: 21, sample_no: 1, actual label: 1, predicted: 1
iter: 22, sample_no: 8, actual label: 0, predicted: 1
iter: 23, sample_no: 15, actual label: 1, predicted: 1
iter: 24, sample_no: 6, actual label: 0, predicted: 1
number of samples: 23
AUC 0.5923076923076923
pos_get 10
total recall stop_at 1
@@@ C - Repeat number: 2
@@@ D - common_header:  {'F71-daniel-beck@github.com', 'F71-ogondza@redhat.com', 'F71-kohsuke@71c3de6d-444a-0410-be80-ed276b4c234a', 'F110', 'F68', 'F3-ANTLRHashString', 'F105', 'F71-s.sogabe@gmail.com', 'F3-Level', 'F3-Class', 'F72', 'F3-Object[]', 'F3-TaskListener', 'F3-int', 'F41', 'F65', 'F120', 'F3-File', 'F71-kk@kohsuke.org', 'F77', 'F117', 'F115', 'F126', 'F71-mindless@71c3de6d-444a-0410-be80-ed276b4c234a', 'F3-InputStream', 'F15-public', 'F3-String', 'F3-Integer', 'F15-private', 'F22', 'F71-nicolas.deloof@gmail.com', 'F71-nigel.magnay@gmail.com', 'F15-NA', 'F25', 'F116', 'F71-jglick@71c3de6d-444a-0410-be80-ed276b4c234a', 'F71-stephen.alan.connolly@gmail.com', 'F3-null', 'F71-kutzi@gmx.de', 'F3-byte[]', 'F104', 'F15-protected', 'F71-o.v.nenashev@gmail.com', 'F71-dhoover@google.com', 'category', 'F3-long', 'F123', 'F3-NA', 'F101', 'F71-jglick@cloudbees.com'}
     F72            ...             F71-nigel.magnay@gmail.com
1  25951            ...                                      1
2  25951            ...                                      1
3  25951            ...                                      1

[3 rows x 49 columns]
;.;
   F72             ...              F71-nigel.magnay@gmail.com
0  1.0             ...                                     1.0
1  1.0             ...                                     1.0
2  1.0             ...                                     1.0

[3 rows x 49 columns]
training_x: (822, 49)
training_y: 822
testset_x: (23, 49)
testset_y: 23
              precision    recall  f1-score   support

           0       0.50      0.08      0.13        13
           1       0.43      0.90      0.58        10

    accuracy                           0.43        23
   macro avg       0.46      0.49      0.36        23
weighted avg       0.47      0.43      0.33        23

accuracy: 0.43478260869565216
0.5806451612903225
@@@ tn: 1, fp: 12, fn: 1, tp: 9
@@@ LIME - Creating explainer
@@@ LIME - Random Sampling of Instances
iter: 0, sample_no: 3, actual label: 0, predicted: 1
iter: 1, sample_no: 13, actual label: 0, predicted: 1
iter: 2, sample_no: 16, actual label: 0, predicted: 1
iter: 3, sample_no: 14, actual label: 1, predicted: 1
iter: 4, sample_no: 6, actual label: 0, predicted: 1
iter: 5, sample_no: 12, actual label: 0, predicted: 1
iter: 6, sample_no: 8, actual label: 0, predicted: 1
iter: 7, sample_no: 10, actual label: 0, predicted: 1
iter: 8, sample_no: 13, actual label: 0, predicted: 1
iter: 9, sample_no: 4, actual label: 0, predicted: 1
iter: 10, sample_no: 14, actual label: 1, predicted: 1
iter: 11, sample_no: 14, actual label: 1, predicted: 1
iter: 12, sample_no: 21, actual label: 0, predicted: 0
iter: 13, sample_no: 8, actual label: 0, predicted: 1
iter: 14, sample_no: 22, actual label: 1, predicted: 0
iter: 15, sample_no: 11, actual label: 0, predicted: 1
iter: 16, sample_no: 4, actual label: 0, predicted: 1
iter: 17, sample_no: 10, actual label: 0, predicted: 1
iter: 18, sample_no: 5, actual label: 1, predicted: 1
iter: 19, sample_no: 6, actual label: 0, predicted: 1
iter: 20, sample_no: 12, actual label: 0, predicted: 1
iter: 21, sample_no: 17, actual label: 0, predicted: 1
iter: 22, sample_no: 2, actual label: 1, predicted: 1
iter: 23, sample_no: 2, actual label: 1, predicted: 1
iter: 24, sample_no: 15, actual label: 1, predicted: 1
number of samples: 23
AUC 0.5923076923076923
pos_get 10
total recall stop_at 1
@@@ C - Repeat number: 3
@@@ D - common_header:  {'F71-daniel-beck@github.com', 'F71-ogondza@redhat.com', 'F71-kohsuke@71c3de6d-444a-0410-be80-ed276b4c234a', 'F110', 'F68', 'F3-ANTLRHashString', 'F105', 'F71-s.sogabe@gmail.com', 'F3-Level', 'F3-Class', 'F72', 'F3-Object[]', 'F3-TaskListener', 'F3-int', 'F41', 'F65', 'F120', 'F3-File', 'F71-kk@kohsuke.org', 'F77', 'F117', 'F115', 'F126', 'F71-mindless@71c3de6d-444a-0410-be80-ed276b4c234a', 'F3-InputStream', 'F15-public', 'F3-String', 'F3-Integer', 'F15-private', 'F22', 'F71-nicolas.deloof@gmail.com', 'F71-nigel.magnay@gmail.com', 'F15-NA', 'F25', 'F116', 'F71-jglick@71c3de6d-444a-0410-be80-ed276b4c234a', 'F71-stephen.alan.connolly@gmail.com', 'F3-null', 'F71-kutzi@gmx.de', 'F3-byte[]', 'F104', 'F15-protected', 'F71-o.v.nenashev@gmail.com', 'F71-dhoover@google.com', 'category', 'F3-long', 'F123', 'F3-NA', 'F101', 'F71-jglick@cloudbees.com'}
     F72            ...             F71-nigel.magnay@gmail.com
1  25951            ...                                      1
2  25951            ...                                      1
3  25951            ...                                      1

[3 rows x 49 columns]
;.;
   F72             ...              F71-nigel.magnay@gmail.com
0  1.0             ...                                     1.0
1  1.0             ...                                     1.0
2  1.0             ...                                     1.0

[3 rows x 49 columns]
training_x: (822, 49)
training_y: 822
testset_x: (23, 49)
testset_y: 23
              precision    recall  f1-score   support

           0       0.50      0.08      0.13        13
           1       0.43      0.90      0.58        10

    accuracy                           0.43        23
   macro avg       0.46      0.49      0.36        23
weighted avg       0.47      0.43      0.33        23

accuracy: 0.43478260869565216
0.5806451612903225
@@@ tn: 1, fp: 12, fn: 1, tp: 9
@@@ LIME - Creating explainer
@@@ LIME - Random Sampling of Instances
iter: 0, sample_no: 3, actual label: 0, predicted: 1
iter: 1, sample_no: 10, actual label: 0, predicted: 1
iter: 2, sample_no: 13, actual label: 0, predicted: 1
iter: 3, sample_no: 18, actual label: 1, predicted: 1
iter: 4, sample_no: 11, actual label: 0, predicted: 1
iter: 5, sample_no: 10, actual label: 0, predicted: 1
iter: 6, sample_no: 15, actual label: 1, predicted: 1
iter: 7, sample_no: 9, actual label: 1, predicted: 1
iter: 8, sample_no: 7, actual label: 1, predicted: 1
iter: 9, sample_no: 1, actual label: 1, predicted: 1
iter: 10, sample_no: 11, actual label: 0, predicted: 1
iter: 11, sample_no: 3, actual label: 0, predicted: 1
iter: 12, sample_no: 1, actual label: 1, predicted: 1
iter: 13, sample_no: 9, actual label: 1, predicted: 1
iter: 14, sample_no: 3, actual label: 0, predicted: 1
iter: 15, sample_no: 22, actual label: 1, predicted: 0
iter: 16, sample_no: 14, actual label: 1, predicted: 1
iter: 17, sample_no: 4, actual label: 0, predicted: 1
iter: 18, sample_no: 16, actual label: 0, predicted: 1
iter: 19, sample_no: 19, actual label: 1, predicted: 1
iter: 20, sample_no: 18, actual label: 1, predicted: 1
iter: 21, sample_no: 21, actual label: 0, predicted: 0
iter: 22, sample_no: 12, actual label: 0, predicted: 1
iter: 23, sample_no: 16, actual label: 0, predicted: 1
iter: 24, sample_no: 8, actual label: 0, predicted: 1
number of samples: 23
AUC 0.5923076923076923
pos_get 10
total recall stop_at 1
@@@ C - Repeat number: 4
@@@ D - common_header:  {'F71-daniel-beck@github.com', 'F71-ogondza@redhat.com', 'F71-kohsuke@71c3de6d-444a-0410-be80-ed276b4c234a', 'F110', 'F68', 'F3-ANTLRHashString', 'F105', 'F71-s.sogabe@gmail.com', 'F3-Level', 'F3-Class', 'F72', 'F3-Object[]', 'F3-TaskListener', 'F3-int', 'F41', 'F65', 'F120', 'F3-File', 'F71-kk@kohsuke.org', 'F77', 'F117', 'F115', 'F126', 'F71-mindless@71c3de6d-444a-0410-be80-ed276b4c234a', 'F3-InputStream', 'F15-public', 'F3-String', 'F3-Integer', 'F15-private', 'F22', 'F71-nicolas.deloof@gmail.com', 'F71-nigel.magnay@gmail.com', 'F15-NA', 'F25', 'F116', 'F71-jglick@71c3de6d-444a-0410-be80-ed276b4c234a', 'F71-stephen.alan.connolly@gmail.com', 'F3-null', 'F71-kutzi@gmx.de', 'F3-byte[]', 'F104', 'F15-protected', 'F71-o.v.nenashev@gmail.com', 'F71-dhoover@google.com', 'category', 'F3-long', 'F123', 'F3-NA', 'F101', 'F71-jglick@cloudbees.com'}
     F72            ...             F71-nigel.magnay@gmail.com
1  25951            ...                                      1
2  25951            ...                                      1
3  25951            ...                                      1

[3 rows x 49 columns]
;.;
   F72             ...              F71-nigel.magnay@gmail.com
0  1.0             ...                                     1.0
1  1.0             ...                                     1.0
2  1.0             ...                                     1.0

[3 rows x 49 columns]
training_x: (822, 49)
training_y: 822
testset_x: (23, 49)
testset_y: 23
              precision    recall  f1-score   support

           0       0.50      0.08      0.13        13
           1       0.43      0.90      0.58        10

    accuracy                           0.43        23
   macro avg       0.46      0.49      0.36        23
weighted avg       0.47      0.43      0.33        23

accuracy: 0.43478260869565216
0.5806451612903225
@@@ tn: 1, fp: 12, fn: 1, tp: 9
@@@ LIME - Creating explainer
@@@ LIME - Random Sampling of Instances
iter: 0, sample_no: 5, actual label: 1, predicted: 1
iter: 1, sample_no: 0, actual label: 0, predicted: 1
iter: 2, sample_no: 17, actual label: 0, predicted: 1
iter: 3, sample_no: 13, actual label: 0, predicted: 1
iter: 4, sample_no: 10, actual label: 0, predicted: 1
iter: 5, sample_no: 15, actual label: 1, predicted: 1
iter: 6, sample_no: 18, actual label: 1, predicted: 1
iter: 7, sample_no: 0, actual label: 0, predicted: 1
iter: 8, sample_no: 2, actual label: 1, predicted: 1
iter: 9, sample_no: 18, actual label: 1, predicted: 1
iter: 10, sample_no: 14, actual label: 1, predicted: 1
iter: 11, sample_no: 6, actual label: 0, predicted: 1
iter: 12, sample_no: 22, actual label: 1, predicted: 0
iter: 13, sample_no: 6, actual label: 0, predicted: 1
iter: 14, sample_no: 21, actual label: 0, predicted: 0
iter: 15, sample_no: 10, actual label: 0, predicted: 1
iter: 16, sample_no: 5, actual label: 1, predicted: 1
iter: 17, sample_no: 3, actual label: 0, predicted: 1
iter: 18, sample_no: 8, actual label: 0, predicted: 1
iter: 19, sample_no: 8, actual label: 0, predicted: 1
iter: 20, sample_no: 7, actual label: 1, predicted: 1
iter: 21, sample_no: 20, actual label: 0, predicted: 1
iter: 22, sample_no: 14, actual label: 1, predicted: 1
iter: 23, sample_no: 20, actual label: 0, predicted: 1
iter: 24, sample_no: 21, actual label: 0, predicted: 0
number of samples: 23
AUC 0.5923076923076923
pos_get 10
total recall stop_at 1
@@@ C - Repeat number: 5
@@@ D - common_header:  {'F71-daniel-beck@github.com', 'F71-ogondza@redhat.com', 'F71-kohsuke@71c3de6d-444a-0410-be80-ed276b4c234a', 'F110', 'F68', 'F3-ANTLRHashString', 'F105', 'F71-s.sogabe@gmail.com', 'F3-Level', 'F3-Class', 'F72', 'F3-Object[]', 'F3-TaskListener', 'F3-int', 'F41', 'F65', 'F120', 'F3-File', 'F71-kk@kohsuke.org', 'F77', 'F117', 'F115', 'F126', 'F71-mindless@71c3de6d-444a-0410-be80-ed276b4c234a', 'F3-InputStream', 'F15-public', 'F3-String', 'F3-Integer', 'F15-private', 'F22', 'F71-nicolas.deloof@gmail.com', 'F71-nigel.magnay@gmail.com', 'F15-NA', 'F25', 'F116', 'F71-jglick@71c3de6d-444a-0410-be80-ed276b4c234a', 'F71-stephen.alan.connolly@gmail.com', 'F3-null', 'F71-kutzi@gmx.de', 'F3-byte[]', 'F104', 'F15-protected', 'F71-o.v.nenashev@gmail.com', 'F71-dhoover@google.com', 'category', 'F3-long', 'F123', 'F3-NA', 'F101', 'F71-jglick@cloudbees.com'}
     F72            ...             F71-nigel.magnay@gmail.com
1  25951            ...                                      1
2  25951            ...                                      1
3  25951            ...                                      1

[3 rows x 49 columns]
;.;
   F72             ...              F71-nigel.magnay@gmail.com
0  1.0             ...                                     1.0
1  1.0             ...                                     1.0
2  1.0             ...                                     1.0

[3 rows x 49 columns]
training_x: (822, 49)
training_y: 822
testset_x: (23, 49)
testset_y: 23
              precision    recall  f1-score   support

           0       0.50      0.08      0.13        13
           1       0.43      0.90      0.58        10

    accuracy                           0.43        23
   macro avg       0.46      0.49      0.36        23
weighted avg       0.47      0.43      0.33        23

accuracy: 0.43478260869565216
0.5806451612903225
@@@ tn: 1, fp: 12, fn: 1, tp: 9
@@@ LIME - Creating explainer
@@@ LIME - Random Sampling of Instances
iter: 0, sample_no: 6, actual label: 0, predicted: 1
iter: 1, sample_no: 11, actual label: 0, predicted: 1
iter: 2, sample_no: 21, actual label: 0, predicted: 0
iter: 3, sample_no: 3, actual label: 0, predicted: 1
iter: 4, sample_no: 16, actual label: 0, predicted: 1
iter: 5, sample_no: 12, actual label: 0, predicted: 1
iter: 6, sample_no: 15, actual label: 1, predicted: 1
iter: 7, sample_no: 22, actual label: 1, predicted: 0
iter: 8, sample_no: 22, actual label: 1, predicted: 0
iter: 9, sample_no: 9, actual label: 1, predicted: 1
iter: 10, sample_no: 10, actual label: 0, predicted: 1
iter: 11, sample_no: 7, actual label: 1, predicted: 1
iter: 12, sample_no: 2, actual label: 1, predicted: 1
iter: 13, sample_no: 10, actual label: 0, predicted: 1
iter: 14, sample_no: 4, actual label: 0, predicted: 1
iter: 15, sample_no: 8, actual label: 0, predicted: 1
iter: 16, sample_no: 9, actual label: 1, predicted: 1
iter: 17, sample_no: 10, actual label: 0, predicted: 1
iter: 18, sample_no: 7, actual label: 1, predicted: 1
iter: 19, sample_no: 6, actual label: 0, predicted: 1
iter: 20, sample_no: 15, actual label: 1, predicted: 1
iter: 21, sample_no: 13, actual label: 0, predicted: 1
iter: 22, sample_no: 8, actual label: 0, predicted: 1
iter: 23, sample_no: 7, actual label: 1, predicted: 1
iter: 24, sample_no: 8, actual label: 0, predicted: 1
number of samples: 23
AUC 0.5923076923076923
pos_get 10
total recall stop_at 1
@@@ C - Repeat number: 6
@@@ D - common_header:  {'F71-daniel-beck@github.com', 'F71-ogondza@redhat.com', 'F71-kohsuke@71c3de6d-444a-0410-be80-ed276b4c234a', 'F110', 'F68', 'F3-ANTLRHashString', 'F105', 'F71-s.sogabe@gmail.com', 'F3-Level', 'F3-Class', 'F72', 'F3-Object[]', 'F3-TaskListener', 'F3-int', 'F41', 'F65', 'F120', 'F3-File', 'F71-kk@kohsuke.org', 'F77', 'F117', 'F115', 'F126', 'F71-mindless@71c3de6d-444a-0410-be80-ed276b4c234a', 'F3-InputStream', 'F15-public', 'F3-String', 'F3-Integer', 'F15-private', 'F22', 'F71-nicolas.deloof@gmail.com', 'F71-nigel.magnay@gmail.com', 'F15-NA', 'F25', 'F116', 'F71-jglick@71c3de6d-444a-0410-be80-ed276b4c234a', 'F71-stephen.alan.connolly@gmail.com', 'F3-null', 'F71-kutzi@gmx.de', 'F3-byte[]', 'F104', 'F15-protected', 'F71-o.v.nenashev@gmail.com', 'F71-dhoover@google.com', 'category', 'F3-long', 'F123', 'F3-NA', 'F101', 'F71-jglick@cloudbees.com'}
     F72            ...             F71-nigel.magnay@gmail.com
1  25951            ...                                      1
2  25951            ...                                      1
3  25951            ...                                      1

[3 rows x 49 columns]
;.;
   F72             ...              F71-nigel.magnay@gmail.com
0  1.0             ...                                     1.0
1  1.0             ...                                     1.0
2  1.0             ...                                     1.0

[3 rows x 49 columns]
training_x: (822, 49)
training_y: 822
testset_x: (23, 49)
testset_y: 23
              precision    recall  f1-score   support

           0       0.50      0.08      0.13        13
           1       0.43      0.90      0.58        10

    accuracy                           0.43        23
   macro avg       0.46      0.49      0.36        23
weighted avg       0.47      0.43      0.33        23

accuracy: 0.43478260869565216
0.5806451612903225
@@@ tn: 1, fp: 12, fn: 1, tp: 9
@@@ LIME - Creating explainer
@@@ LIME - Random Sampling of Instances
iter: 0, sample_no: 19, actual label: 1, predicted: 1
iter: 1, sample_no: 19, actual label: 1, predicted: 1
iter: 2, sample_no: 16, actual label: 0, predicted: 1
iter: 3, sample_no: 16, actual label: 0, predicted: 1
iter: 4, sample_no: 7, actual label: 1, predicted: 1
iter: 5, sample_no: 22, actual label: 1, predicted: 0
iter: 6, sample_no: 22, actual label: 1, predicted: 0
iter: 7, sample_no: 20, actual label: 0, predicted: 1
iter: 8, sample_no: 12, actual label: 0, predicted: 1
iter: 9, sample_no: 19, actual label: 1, predicted: 1
iter: 10, sample_no: 15, actual label: 1, predicted: 1
iter: 11, sample_no: 20, actual label: 0, predicted: 1
iter: 12, sample_no: 5, actual label: 1, predicted: 1
iter: 13, sample_no: 16, actual label: 0, predicted: 1
iter: 14, sample_no: 20, actual label: 0, predicted: 1
iter: 15, sample_no: 8, actual label: 0, predicted: 1
iter: 16, sample_no: 9, actual label: 1, predicted: 1
iter: 17, sample_no: 2, actual label: 1, predicted: 1
iter: 18, sample_no: 22, actual label: 1, predicted: 0
iter: 19, sample_no: 16, actual label: 0, predicted: 1
iter: 20, sample_no: 17, actual label: 0, predicted: 1
iter: 21, sample_no: 11, actual label: 0, predicted: 1
iter: 22, sample_no: 4, actual label: 0, predicted: 1
iter: 23, sample_no: 14, actual label: 1, predicted: 1
iter: 24, sample_no: 17, actual label: 0, predicted: 1
number of samples: 23
AUC 0.5923076923076923
pos_get 10
total recall stop_at 1
@@@ C - Repeat number: 7
@@@ D - common_header:  {'F71-daniel-beck@github.com', 'F71-ogondza@redhat.com', 'F71-kohsuke@71c3de6d-444a-0410-be80-ed276b4c234a', 'F110', 'F68', 'F3-ANTLRHashString', 'F105', 'F71-s.sogabe@gmail.com', 'F3-Level', 'F3-Class', 'F72', 'F3-Object[]', 'F3-TaskListener', 'F3-int', 'F41', 'F65', 'F120', 'F3-File', 'F71-kk@kohsuke.org', 'F77', 'F117', 'F115', 'F126', 'F71-mindless@71c3de6d-444a-0410-be80-ed276b4c234a', 'F3-InputStream', 'F15-public', 'F3-String', 'F3-Integer', 'F15-private', 'F22', 'F71-nicolas.deloof@gmail.com', 'F71-nigel.magnay@gmail.com', 'F15-NA', 'F25', 'F116', 'F71-jglick@71c3de6d-444a-0410-be80-ed276b4c234a', 'F71-stephen.alan.connolly@gmail.com', 'F3-null', 'F71-kutzi@gmx.de', 'F3-byte[]', 'F104', 'F15-protected', 'F71-o.v.nenashev@gmail.com', 'F71-dhoover@google.com', 'category', 'F3-long', 'F123', 'F3-NA', 'F101', 'F71-jglick@cloudbees.com'}
     F72            ...             F71-nigel.magnay@gmail.com
1  25951            ...                                      1
2  25951            ...                                      1
3  25951            ...                                      1

[3 rows x 49 columns]
;.;
   F72             ...              F71-nigel.magnay@gmail.com
0  1.0             ...                                     1.0
1  1.0             ...                                     1.0
2  1.0             ...                                     1.0

[3 rows x 49 columns]
training_x: (822, 49)
training_y: 822
testset_x: (23, 49)
testset_y: 23
              precision    recall  f1-score   support

           0       0.50      0.08      0.13        13
           1       0.43      0.90      0.58        10

    accuracy                           0.43        23
   macro avg       0.46      0.49      0.36        23
weighted avg       0.47      0.43      0.33        23

accuracy: 0.43478260869565216
0.5806451612903225
@@@ tn: 1, fp: 12, fn: 1, tp: 9
@@@ LIME - Creating explainer
@@@ LIME - Random Sampling of Instances
iter: 0, sample_no: 13, actual label: 0, predicted: 1
iter: 1, sample_no: 22, actual label: 1, predicted: 0
iter: 2, sample_no: 12, actual label: 0, predicted: 1
iter: 3, sample_no: 16, actual label: 0, predicted: 1
iter: 4, sample_no: 12, actual label: 0, predicted: 1
iter: 5, sample_no: 2, actual label: 1, predicted: 1
iter: 6, sample_no: 13, actual label: 0, predicted: 1
iter: 7, sample_no: 22, actual label: 1, predicted: 0
iter: 8, sample_no: 18, actual label: 1, predicted: 1
iter: 9, sample_no: 11, actual label: 0, predicted: 1
iter: 10, sample_no: 12, actual label: 0, predicted: 1
iter: 11, sample_no: 15, actual label: 1, predicted: 1
iter: 12, sample_no: 17, actual label: 0, predicted: 1
iter: 13, sample_no: 9, actual label: 1, predicted: 1
iter: 14, sample_no: 2, actual label: 1, predicted: 1
iter: 15, sample_no: 19, actual label: 1, predicted: 1
iter: 16, sample_no: 11, actual label: 0, predicted: 1
iter: 17, sample_no: 15, actual label: 1, predicted: 1
iter: 18, sample_no: 13, actual label: 0, predicted: 1
iter: 19, sample_no: 7, actual label: 1, predicted: 1
iter: 20, sample_no: 5, actual label: 1, predicted: 1
iter: 21, sample_no: 16, actual label: 0, predicted: 1
iter: 22, sample_no: 19, actual label: 1, predicted: 1
iter: 23, sample_no: 10, actual label: 0, predicted: 1
iter: 24, sample_no: 20, actual label: 0, predicted: 1
number of samples: 23
AUC 0.5923076923076923
pos_get 10
total recall stop_at 1
@@@ C - Repeat number: 8
@@@ D - common_header:  {'F71-daniel-beck@github.com', 'F71-ogondza@redhat.com', 'F71-kohsuke@71c3de6d-444a-0410-be80-ed276b4c234a', 'F110', 'F68', 'F3-ANTLRHashString', 'F105', 'F71-s.sogabe@gmail.com', 'F3-Level', 'F3-Class', 'F72', 'F3-Object[]', 'F3-TaskListener', 'F3-int', 'F41', 'F65', 'F120', 'F3-File', 'F71-kk@kohsuke.org', 'F77', 'F117', 'F115', 'F126', 'F71-mindless@71c3de6d-444a-0410-be80-ed276b4c234a', 'F3-InputStream', 'F15-public', 'F3-String', 'F3-Integer', 'F15-private', 'F22', 'F71-nicolas.deloof@gmail.com', 'F71-nigel.magnay@gmail.com', 'F15-NA', 'F25', 'F116', 'F71-jglick@71c3de6d-444a-0410-be80-ed276b4c234a', 'F71-stephen.alan.connolly@gmail.com', 'F3-null', 'F71-kutzi@gmx.de', 'F3-byte[]', 'F104', 'F15-protected', 'F71-o.v.nenashev@gmail.com', 'F71-dhoover@google.com', 'category', 'F3-long', 'F123', 'F3-NA', 'F101', 'F71-jglick@cloudbees.com'}
     F72            ...             F71-nigel.magnay@gmail.com
1  25951            ...                                      1
2  25951            ...                                      1
3  25951            ...                                      1

[3 rows x 49 columns]
;.;
   F72             ...              F71-nigel.magnay@gmail.com
0  1.0             ...                                     1.0
1  1.0             ...                                     1.0
2  1.0             ...                                     1.0

[3 rows x 49 columns]
training_x: (822, 49)
training_y: 822
testset_x: (23, 49)
testset_y: 23
              precision    recall  f1-score   support

           0       0.50      0.08      0.13        13
           1       0.43      0.90      0.58        10

    accuracy                           0.43        23
   macro avg       0.46      0.49      0.36        23
weighted avg       0.47      0.43      0.33        23

accuracy: 0.43478260869565216
0.5806451612903225
@@@ tn: 1, fp: 12, fn: 1, tp: 9
@@@ LIME - Creating explainer
@@@ LIME - Random Sampling of Instances
iter: 0, sample_no: 0, actual label: 0, predicted: 1
iter: 1, sample_no: 17, actual label: 0, predicted: 1
iter: 2, sample_no: 19, actual label: 1, predicted: 1
iter: 3, sample_no: 5, actual label: 1, predicted: 1
iter: 4, sample_no: 14, actual label: 1, predicted: 1
iter: 5, sample_no: 15, actual label: 1, predicted: 1
iter: 6, sample_no: 16, actual label: 0, predicted: 1
iter: 7, sample_no: 4, actual label: 0, predicted: 1
iter: 8, sample_no: 1, actual label: 1, predicted: 1
iter: 9, sample_no: 19, actual label: 1, predicted: 1
iter: 10, sample_no: 20, actual label: 0, predicted: 1
iter: 11, sample_no: 22, actual label: 1, predicted: 0
iter: 12, sample_no: 21, actual label: 0, predicted: 0
iter: 13, sample_no: 21, actual label: 0, predicted: 0
iter: 14, sample_no: 9, actual label: 1, predicted: 1
iter: 15, sample_no: 11, actual label: 0, predicted: 1
iter: 16, sample_no: 9, actual label: 1, predicted: 1
iter: 17, sample_no: 21, actual label: 0, predicted: 0
iter: 18, sample_no: 5, actual label: 1, predicted: 1
iter: 19, sample_no: 4, actual label: 0, predicted: 1
iter: 20, sample_no: 6, actual label: 0, predicted: 1
iter: 21, sample_no: 3, actual label: 0, predicted: 1
iter: 22, sample_no: 0, actual label: 0, predicted: 1
iter: 23, sample_no: 16, actual label: 0, predicted: 1
iter: 24, sample_no: 18, actual label: 1, predicted: 1
number of samples: 23
AUC 0.5923076923076923
pos_get 10
total recall stop_at 1
@@@ C - Repeat number: 9
@@@ D - common_header:  {'F71-daniel-beck@github.com', 'F71-ogondza@redhat.com', 'F71-kohsuke@71c3de6d-444a-0410-be80-ed276b4c234a', 'F110', 'F68', 'F3-ANTLRHashString', 'F105', 'F71-s.sogabe@gmail.com', 'F3-Level', 'F3-Class', 'F72', 'F3-Object[]', 'F3-TaskListener', 'F3-int', 'F41', 'F65', 'F120', 'F3-File', 'F71-kk@kohsuke.org', 'F77', 'F117', 'F115', 'F126', 'F71-mindless@71c3de6d-444a-0410-be80-ed276b4c234a', 'F3-InputStream', 'F15-public', 'F3-String', 'F3-Integer', 'F15-private', 'F22', 'F71-nicolas.deloof@gmail.com', 'F71-nigel.magnay@gmail.com', 'F15-NA', 'F25', 'F116', 'F71-jglick@71c3de6d-444a-0410-be80-ed276b4c234a', 'F71-stephen.alan.connolly@gmail.com', 'F3-null', 'F71-kutzi@gmx.de', 'F3-byte[]', 'F104', 'F15-protected', 'F71-o.v.nenashev@gmail.com', 'F71-dhoover@google.com', 'category', 'F3-long', 'F123', 'F3-NA', 'F101', 'F71-jglick@cloudbees.com'}
     F72            ...             F71-nigel.magnay@gmail.com
1  25951            ...                                      1
2  25951            ...                                      1
3  25951            ...                                      1

[3 rows x 49 columns]
;.;
   F72             ...              F71-nigel.magnay@gmail.com
0  1.0             ...                                     1.0
1  1.0             ...                                     1.0
2  1.0             ...                                     1.0

[3 rows x 49 columns]
training_x: (822, 49)
training_y: 822
testset_x: (23, 49)
testset_y: 23
              precision    recall  f1-score   support

           0       0.50      0.08      0.13        13
           1       0.43      0.90      0.58        10

    accuracy                           0.43        23
   macro avg       0.46      0.49      0.36        23
weighted avg       0.47      0.43      0.33        23

accuracy: 0.43478260869565216
0.5806451612903225
@@@ tn: 1, fp: 12, fn: 1, tp: 9
@@@ LIME - Creating explainer
@@@ LIME - Random Sampling of Instances
iter: 0, sample_no: 5, actual label: 1, predicted: 1
iter: 1, sample_no: 6, actual label: 0, predicted: 1
iter: 2, sample_no: 4, actual label: 0, predicted: 1
iter: 3, sample_no: 10, actual label: 0, predicted: 1
iter: 4, sample_no: 16, actual label: 0, predicted: 1
iter: 5, sample_no: 19, actual label: 1, predicted: 1
iter: 6, sample_no: 0, actual label: 0, predicted: 1
iter: 7, sample_no: 12, actual label: 0, predicted: 1
iter: 8, sample_no: 18, actual label: 1, predicted: 1
iter: 9, sample_no: 12, actual label: 0, predicted: 1
iter: 10, sample_no: 0, actual label: 0, predicted: 1
iter: 11, sample_no: 12, actual label: 0, predicted: 1
iter: 12, sample_no: 12, actual label: 0, predicted: 1
iter: 13, sample_no: 16, actual label: 0, predicted: 1
iter: 14, sample_no: 11, actual label: 0, predicted: 1
iter: 15, sample_no: 13, actual label: 0, predicted: 1
iter: 16, sample_no: 8, actual label: 0, predicted: 1
iter: 17, sample_no: 10, actual label: 0, predicted: 1
iter: 18, sample_no: 17, actual label: 0, predicted: 1
iter: 19, sample_no: 7, actual label: 1, predicted: 1
iter: 20, sample_no: 0, actual label: 0, predicted: 1
iter: 21, sample_no: 3, actual label: 0, predicted: 1
iter: 22, sample_no: 9, actual label: 1, predicted: 1
iter: 23, sample_no: 2, actual label: 1, predicted: 1
iter: 24, sample_no: 6, actual label: 0, predicted: 1
number of samples: 23
AUC 0.5923076923076923
pos_get 10
total recall stop_at 1
@@@ C - Repeat number: 10
@@@ D - common_header:  {'F71-daniel-beck@github.com', 'F71-ogondza@redhat.com', 'F71-kohsuke@71c3de6d-444a-0410-be80-ed276b4c234a', 'F110', 'F68', 'F3-ANTLRHashString', 'F105', 'F71-s.sogabe@gmail.com', 'F3-Level', 'F3-Class', 'F72', 'F3-Object[]', 'F3-TaskListener', 'F3-int', 'F41', 'F65', 'F120', 'F3-File', 'F71-kk@kohsuke.org', 'F77', 'F117', 'F115', 'F126', 'F71-mindless@71c3de6d-444a-0410-be80-ed276b4c234a', 'F3-InputStream', 'F15-public', 'F3-String', 'F3-Integer', 'F15-private', 'F22', 'F71-nicolas.deloof@gmail.com', 'F71-nigel.magnay@gmail.com', 'F15-NA', 'F25', 'F116', 'F71-jglick@71c3de6d-444a-0410-be80-ed276b4c234a', 'F71-stephen.alan.connolly@gmail.com', 'F3-null', 'F71-kutzi@gmx.de', 'F3-byte[]', 'F104', 'F15-protected', 'F71-o.v.nenashev@gmail.com', 'F71-dhoover@google.com', 'category', 'F3-long', 'F123', 'F3-NA', 'F101', 'F71-jglick@cloudbees.com'}
     F72            ...             F71-nigel.magnay@gmail.com
1  25951            ...                                      1
2  25951            ...                                      1
3  25951            ...                                      1

[3 rows x 49 columns]
;.;
   F72             ...              F71-nigel.magnay@gmail.com
0  1.0             ...                                     1.0
1  1.0             ...                                     1.0
2  1.0             ...                                     1.0

[3 rows x 49 columns]
training_x: (822, 49)
training_y: 822
testset_x: (23, 49)
testset_y: 23
              precision    recall  f1-score   support

           0       0.50      0.08      0.13        13
           1       0.43      0.90      0.58        10

    accuracy                           0.43        23
   macro avg       0.46      0.49      0.36        23
weighted avg       0.47      0.43      0.33        23

accuracy: 0.43478260869565216
0.5806451612903225
@@@ tn: 1, fp: 12, fn: 1, tp: 9
@@@ LIME - Creating explainer
@@@ LIME - Random Sampling of Instances
/Users/author1/anaconda3/lib/python3.6/site-packages/tensorflow/python/framework/dtypes.py:463: FutureWarning: Passing (type, 1) or '1type' as a synonym of type is deprecated; in a future version of numpy, it will be understood as (type, (1,)) / '(1,)type'.
  _np_qint8 = np.dtype([("qint8", np.int8, 1)])
/Users/author1/anaconda3/lib/python3.6/site-packages/tensorflow/python/framework/dtypes.py:464: FutureWarning: Passing (type, 1) or '1type' as a synonym of type is deprecated; in a future version of numpy, it will be understood as (type, (1,)) / '(1,)type'.
  _np_quint8 = np.dtype([("quint8", np.uint8, 1)])
/Users/author1/anaconda3/lib/python3.6/site-packages/tensorflow/python/framework/dtypes.py:465: FutureWarning: Passing (type, 1) or '1type' as a synonym of type is deprecated; in a future version of numpy, it will be understood as (type, (1,)) / '(1,)type'.
  _np_qint16 = np.dtype([("qint16", np.int16, 1)])
/Users/author1/anaconda3/lib/python3.6/site-packages/tensorflow/python/framework/dtypes.py:466: FutureWarning: Passing (type, 1) or '1type' as a synonym of type is deprecated; in a future version of numpy, it will be understood as (type, (1,)) / '(1,)type'.
  _np_quint16 = np.dtype([("quint16", np.uint16, 1)])
/Users/author1/anaconda3/lib/python3.6/site-packages/tensorflow/python/framework/dtypes.py:467: FutureWarning: Passing (type, 1) or '1type' as a synonym of type is deprecated; in a future version of numpy, it will be understood as (type, (1,)) / '(1,)type'.
  _np_qint32 = np.dtype([("qint32", np.int32, 1)])
iter: 0, sample_no: 11, actual label: 0, predicted: 1
iter: 1, sample_no: 18, actual label: 1, predicted: 1
iter: 2, sample_no: 15, actual label: 1, predicted: 1
iter: 3, sample_no: 22, actual label: 1, predicted: 0
iter: 4, sample_no: 18, actual label: 1, predicted: 1
iter: 5, sample_no: 5, actual label: 1, predicted: 1
iter: 6, sample_no: 10, actual label: 0, predicted: 1
iter: 7, sample_no: 7, actual label: 1, predicted: 1
iter: 8, sample_no: 7, actual label: 1, predicted: 1
iter: 9, sample_no: 14, actual label: 1, predicted: 1
iter: 10, sample_no: 8, actual label: 0, predicted: 1
iter: 11, sample_no: 12, actual label: 0, predicted: 1
iter: 12, sample_no: 0, actual label: 0, predicted: 1
iter: 13, sample_no: 3, actual label: 0, predicted: 1
iter: 14, sample_no: 5, actual label: 1, predicted: 1
iter: 15, sample_no: 8, actual label: 0, predicted: 1
iter: 16, sample_no: 19, actual label: 1, predicted: 1
iter: 17, sample_no: 8, actual label: 0, predicted: 1
iter: 18, sample_no: 12, actual label: 0, predicted: 1
iter: 19, sample_no: 4, actual label: 0, predicted: 1
iter: 20, sample_no: 12, actual label: 0, predicted: 1
iter: 21, sample_no: 2, actual label: 1, predicted: 1
iter: 22, sample_no: 21, actual label: 0, predicted: 0
iter: 23, sample_no: 14, actual label: 1, predicted: 1
iter: 24, sample_no: 7, actual label: 1, predicted: 1
number of samples: 23
AUC 0.5923076923076923
pos_get 10
total recall stop_at 1
----------threshold stop at----------: 1
AUC [0.5923076923076923, 0.5923076923076923, 0.5923076923076923, 0.5923076923076923, 0.5923076923076923, 0.5923076923076923, 0.5923076923076923, 0.5923076923076923, 0.5923076923076923, 0.5923076923076923]
AUC_median 0.5923076923076923
AUC_iqr 0.0
cost [1, 1, 1, 1, 1, 1, 1, 1, 1, 1]
COST_med 1.0
COST_iqr 0.0
f1_pos_list [0.5806451612903225, 0.5806451612903225, 0.5806451612903225, 0.5806451612903225, 0.5806451612903225, 0.5806451612903225, 0.5806451612903225, 0.5806451612903225, 0.5806451612903225, 0.5806451612903225]
f1_pos_med 0.5806451612903225
