@@@ A - classifier: SVC(C=1.0, break_ties=False, cache_size=200, class_weight='balanced', coef0=0.0,
    decision_function_shape='ovr', degree=3, gamma='scale', kernel='linear',
    max_iter=-1, probability=True, random_state=None, shrinking=True, tol=0.001,
    verbose=False)
@@@ B - threshold stop at: 1
@@@ C - Repeat number: 1
/Users/author1/anaconda3/lib/python3.6/site-packages/tensorflow/python/framework/dtypes.py:463: FutureWarning: Passing (type, 1) or '1type' as a synonym of type is deprecated; in a future version of numpy, it will be understood as (type, (1,)) / '(1,)type'.
  _np_qint8 = np.dtype([("qint8", np.int8, 1)])
/Users/author1/anaconda3/lib/python3.6/site-packages/tensorflow/python/framework/dtypes.py:464: FutureWarning: Passing (type, 1) or '1type' as a synonym of type is deprecated; in a future version of numpy, it will be understood as (type, (1,)) / '(1,)type'.
  _np_quint8 = np.dtype([("quint8", np.uint8, 1)])
/Users/author1/anaconda3/lib/python3.6/site-packages/tensorflow/python/framework/dtypes.py:465: FutureWarning: Passing (type, 1) or '1type' as a synonym of type is deprecated; in a future version of numpy, it will be understood as (type, (1,)) / '(1,)type'.
  _np_qint16 = np.dtype([("qint16", np.int16, 1)])
/Users/author1/anaconda3/lib/python3.6/site-packages/tensorflow/python/framework/dtypes.py:466: FutureWarning: Passing (type, 1) or '1type' as a synonym of type is deprecated; in a future version of numpy, it will be understood as (type, (1,)) / '(1,)type'.
  _np_quint16 = np.dtype([("quint16", np.uint16, 1)])
/Users/author1/anaconda3/lib/python3.6/site-packages/tensorflow/python/framework/dtypes.py:467: FutureWarning: Passing (type, 1) or '1type' as a synonym of type is deprecated; in a future version of numpy, it will be understood as (type, (1,)) / '(1,)type'.
  _np_qint32 = np.dtype([("qint32", np.int32, 1)])
Columns (0,3,4,5,6,7,8,9,10,11,12,13,14,15,16,17,18,19,20,21,22,23,24,25,26,27,28,29,30,31,32,33,34,35,36,37,38,39,40,41,42,43,44,45,46,47,48,49,50,51,52,53,54,55,56,57,58,59,60,61,62,63,64,65,66,67,68,69,70,71,72,73,74,75,76,77,78,79,80,81,82,83,84,85,86,87,88,89,90,91,92,93,94,95,96,97,98,99,100,101,102,103,104,105,106,107,108,109,110,111,112,113,114,115,116,117,118,119,120,121,122,123,124,125,126,127,128,129,130,131,132,133,134,135,136,137,138,139,140,141,142,143,144,145,146,147,148,149,150,151,152,153,154,155,156,157,158,159,160,161,162,163,164,165,166,167,168,169,170,171,172,173,174,175,176,177,178,179,180,181,182,183,184,185,186,187,188,189,190,191,192,193,194,195,196,197,198,199,200,201,202,203,204,205,206,207,208,209,210,211,212,213,214,215,216,217,218,219,220,221,222,223,224,225,226,227,228,229,230,231,232,233,234,235,236,237,238,239,240,241,242,243,244,245,246,247,248,249,250,251,252,253,254,255,256,257,258,259,260,261,262,263,264,265,266,267,268,269,270,271,272,273,274,275,276,277,278,279,280,281,282,284,286,287,288,289,290,291,292,293,294,295,296,297,298,299,300,301,302,303,304,305,306,307,308,309,310,311,312,313,314,315,316,317,318,319,320,321,322,323,324,325,326,327,328,329,330,331,332,333,334,335,336,337,338,339,340,341,342,343,344,345,346,347,348,349,350,351,352,353,354,355) have mixed types. Specify dtype option on import or set low_memory=False.
@@@ D - common_header:  {'F72', 'F25', 'F41', 'F71-suresh@apache.org', 'F126', 'F104', 'F117', 'F65', 'F71-ddas@apache.org', 'F123', 'F3-String', 'F71-acmurthy@apache.org', 'F115', 'F71-szetszwo@apache.org', 'F15-protected', 'F15-public', 'F15-private', 'F68', 'F105', 'F71-sradia@apache.org', 'category', 'F71-mahadev@apache.org', 'F3-byte[]', 'F3-NA', 'F116', 'F77', 'F71-hairong@apache.org', 'F71-cdouglas@apache.org', 'F22', 'F101', 'F71-omalley@apache.org', 'F71-tomwhite@apache.org', 'F71-boryas@apache.org', 'F3-Path', 'F3-int', 'F71-yhemanth@apache.org', 'F3-long', 'F15-NA', 'F71-eli@apache.org', 'F71-jghoman@apache.org', 'F110', 'F120', 'F3-Configuration'}
     F72          ...          F71-boryas@apache.org
1  23830          ...                              0
2  23830          ...                              0
3  24036          ...                              0

[3 rows x 42 columns]
;.;
        F72          ...            F71-boryas@apache.org
0  0.466837          ...                              0.0
1  0.466837          ...                              0.0
2  0.992347          ...                              0.0

[3 rows x 42 columns]
training_x: (204, 42)
training_y: 204
testset_x: (2736, 42)
testset_y: 2736
Traceback (most recent call last):
  File "baseline.py", line 217, in <module>
    seed=42 + i, clf=clf, interesting_path=argv )
  File "baseline.py", line 53, in main
    clf.fit(training_x, training_y)
  File "/Users/author1/anaconda3/lib/python3.6/site-packages/sklearn/svm/_base.py", line 149, in fit
    y = self._validate_targets(y)
  File "/Users/author1/anaconda3/lib/python3.6/site-packages/sklearn/svm/_base.py", line 531, in _validate_targets
    " class" % len(cls))
ValueError: The number of classes has to be greater than one; got 1 class
