@@@ A - classifier: SVC(C=1.0, break_ties=False, cache_size=200, class_weight='balanced', coef0=0.0,
    decision_function_shape='ovr', degree=3, gamma='scale', kernel='linear',
    max_iter=-1, probability=True, random_state=None, shrinking=True, tol=0.001,
    verbose=False)
@@@ B - threshold stop at: 1
@@@ C - Repeat number: 1
will not use leaked features
@@@ D - common_header:  {'F3-TEST_PROPERTIES', 'F3-NA', 'F3-PreparedStatement', 'F71-elilevine@apache.org', 'F104', 'F3-null', 'F3-long', 'F71-ndimiduk@apache.org', 'F71-tdsilva@salesforce.com', 'F3-boolean', 'F71-jzhong@JZhongs-MacBook-Pro.local', 'F65', 'category', 'F71-stoens@apache.org', 'F105', 'F3-byte[]', 'F15-NA', 'F22', 'F71-rajeshbabu@apache.org', 'F41', 'F3-getUrl()', 'F71-jeffreyz@apache.org', 'F15-public', 'F71-ramkrishna.s.vasudevan@intel.com', 'F72', 'F126', 'F3-Properties', 'F123', 'F77', 'F71-maryannxue@apache.org', 'F71-mujtaba@apache.org', 'F3-List<ParseNode>', 'F15-private', 'F71-jamestaylor@apache.org', 'F3-PDataType', 'F25', 'F3-input', 'F3-SortOrder.ASC', 'F71-wei.xue@intel.com', 'F3-BitSet', 'F3-SortOrder.DESC', 'F15-protected', 'F3-PhoenixArray', 'F71-samarth.jain@salesforce.com', 'F3-String', 'F71-gabrielr@ngdata.com', 'F68', 'F3-Connection', 'F71-jtaylor@salesforce.com', 'F101', 'F71-twdsilva@gmail.com', 'F71-enis@apache.org', 'F3-Object', 'F71-ramkrishna.s.vasudevan@gmail.com', 'F3-int'}
    F72  F25          ...          F71-mujtaba@apache.org F71-wei.xue@intel.com
1  1702  497          ...                               0                     0
2  1585  416          ...                               0                     0
3  1585  416          ...                               0                     0

[3 rows x 54 columns]
;.;
        F72          ...            F71-wei.xue@intel.com
0  0.745370          ...                              0.0
1  0.637037          ...                              0.0
2  0.637037          ...                              0.0

[3 rows x 54 columns]
training_x: (2235, 54)
training_y: 2235
testset_x: (214, 54)
testset_y: 214
              precision    recall  f1-score   support

           0       0.87      0.35      0.50       166
           1       0.27      0.81      0.40        48

    accuracy                           0.45       214
   macro avg       0.57      0.58      0.45       214
weighted avg       0.73      0.45      0.48       214

accuracy: 0.4532710280373832
0.39999999999999997
@@@ tn: 58, fp: 108, fn: 9, tp: 39
@@@ LIME - Creating explainer
@@@ LIME - Random Sampling of Instances
iter: 0, sample_no: 64, actual label: 0, predicted: 0
iter: 1, sample_no: 40, actual label: 1, predicted: 1
iter: 2, sample_no: 113, actual label: 1, predicted: 1
iter: 3, sample_no: 56, actual label: 0, predicted: 1
iter: 4, sample_no: 133, actual label: 0, predicted: 1
iter: 5, sample_no: 180, actual label: 0, predicted: 1
iter: 6, sample_no: 133, actual label: 0, predicted: 1
iter: 7, sample_no: 130, actual label: 0, predicted: 1
iter: 8, sample_no: 184, actual label: 1, predicted: 1
iter: 9, sample_no: 114, actual label: 1, predicted: 1
iter: 10, sample_no: 66, actual label: 0, predicted: 0
iter: 11, sample_no: 18, actual label: 0, predicted: 0
iter: 12, sample_no: 46, actual label: 0, predicted: 1
iter: 13, sample_no: 179, actual label: 0, predicted: 1
iter: 14, sample_no: 69, actual label: 1, predicted: 1
iter: 15, sample_no: 185, actual label: 1, predicted: 1
iter: 16, sample_no: 138, actual label: 1, predicted: 1
iter: 17, sample_no: 88, actual label: 0, predicted: 1
iter: 18, sample_no: 55, actual label: 0, predicted: 1
iter: 19, sample_no: 123, actual label: 0, predicted: 1
iter: 20, sample_no: 160, actual label: 0, predicted: 0
iter: 21, sample_no: 136, actual label: 0, predicted: 1
iter: 22, sample_no: 79, actual label: 0, predicted: 1
iter: 23, sample_no: 97, actual label: 0, predicted: 1
iter: 24, sample_no: 87, actual label: 0, predicted: 1
number of samples: 214
AUC 0.6272590361445785
pos_get 48
total recall stop_at 1.0
@@@ C - Repeat number: 2
will not use leaked features
@@@ D - common_header:  {'F3-TEST_PROPERTIES', 'F3-NA', 'F3-PreparedStatement', 'F71-elilevine@apache.org', 'F104', 'F3-null', 'F3-long', 'F71-ndimiduk@apache.org', 'F71-tdsilva@salesforce.com', 'F3-boolean', 'F71-jzhong@JZhongs-MacBook-Pro.local', 'F65', 'category', 'F71-stoens@apache.org', 'F105', 'F3-byte[]', 'F15-NA', 'F22', 'F71-rajeshbabu@apache.org', 'F41', 'F3-getUrl()', 'F71-jeffreyz@apache.org', 'F15-public', 'F71-ramkrishna.s.vasudevan@intel.com', 'F72', 'F126', 'F3-Properties', 'F123', 'F77', 'F71-maryannxue@apache.org', 'F71-mujtaba@apache.org', 'F3-List<ParseNode>', 'F15-private', 'F71-jamestaylor@apache.org', 'F3-PDataType', 'F25', 'F3-input', 'F3-SortOrder.ASC', 'F71-wei.xue@intel.com', 'F3-BitSet', 'F3-SortOrder.DESC', 'F15-protected', 'F3-PhoenixArray', 'F71-samarth.jain@salesforce.com', 'F3-String', 'F71-gabrielr@ngdata.com', 'F68', 'F3-Connection', 'F71-jtaylor@salesforce.com', 'F101', 'F71-twdsilva@gmail.com', 'F71-enis@apache.org', 'F3-Object', 'F71-ramkrishna.s.vasudevan@gmail.com', 'F3-int'}
    F72  F25          ...          F71-mujtaba@apache.org F71-wei.xue@intel.com
1  1702  497          ...                               0                     0
2  1585  416          ...                               0                     0
3  1585  416          ...                               0                     0

[3 rows x 54 columns]
;.;
        F72          ...            F71-wei.xue@intel.com
0  0.745370          ...                              0.0
1  0.637037          ...                              0.0
2  0.637037          ...                              0.0

[3 rows x 54 columns]
training_x: (2235, 54)
training_y: 2235
testset_x: (214, 54)
testset_y: 214
              precision    recall  f1-score   support

           0       0.87      0.35      0.50       166
           1       0.27      0.81      0.40        48

    accuracy                           0.45       214
   macro avg       0.57      0.58      0.45       214
weighted avg       0.73      0.45      0.48       214

accuracy: 0.4532710280373832
0.39999999999999997
@@@ tn: 58, fp: 108, fn: 9, tp: 39
@@@ LIME - Creating explainer
@@@ LIME - Random Sampling of Instances
iter: 0, sample_no: 163, actual label: 0, predicted: 0
iter: 1, sample_no: 131, actual label: 0, predicted: 1
iter: 2, sample_no: 127, actual label: 0, predicted: 1
iter: 3, sample_no: 2, actual label: 0, predicted: 0
iter: 4, sample_no: 20, actual label: 1, predicted: 1
iter: 5, sample_no: 176, actual label: 0, predicted: 1
iter: 6, sample_no: 114, actual label: 1, predicted: 1
iter: 7, sample_no: 147, actual label: 0, predicted: 0
iter: 8, sample_no: 190, actual label: 0, predicted: 1
iter: 9, sample_no: 189, actual label: 0, predicted: 1
iter: 10, sample_no: 30, actual label: 0, predicted: 0
iter: 11, sample_no: 95, actual label: 1, predicted: 1
iter: 12, sample_no: 6, actual label: 0, predicted: 0
iter: 13, sample_no: 108, actual label: 1, predicted: 1
iter: 14, sample_no: 174, actual label: 0, predicted: 1
iter: 15, sample_no: 139, actual label: 1, predicted: 1
iter: 16, sample_no: 54, actual label: 0, predicted: 1
iter: 17, sample_no: 74, actual label: 1, predicted: 1
iter: 18, sample_no: 53, actual label: 0, predicted: 1
iter: 19, sample_no: 93, actual label: 0, predicted: 1
iter: 20, sample_no: 156, actual label: 0, predicted: 1
iter: 21, sample_no: 191, actual label: 0, predicted: 1
iter: 22, sample_no: 128, actual label: 0, predicted: 1
iter: 23, sample_no: 72, actual label: 0, predicted: 1
iter: 24, sample_no: 175, actual label: 1, predicted: 0
number of samples: 214
AUC 0.6272590361445785
pos_get 48
total recall stop_at 1.0
@@@ C - Repeat number: 3
will not use leaked features
@@@ D - common_header:  {'F3-TEST_PROPERTIES', 'F3-NA', 'F3-PreparedStatement', 'F71-elilevine@apache.org', 'F104', 'F3-null', 'F3-long', 'F71-ndimiduk@apache.org', 'F71-tdsilva@salesforce.com', 'F3-boolean', 'F71-jzhong@JZhongs-MacBook-Pro.local', 'F65', 'category', 'F71-stoens@apache.org', 'F105', 'F3-byte[]', 'F15-NA', 'F22', 'F71-rajeshbabu@apache.org', 'F41', 'F3-getUrl()', 'F71-jeffreyz@apache.org', 'F15-public', 'F71-ramkrishna.s.vasudevan@intel.com', 'F72', 'F126', 'F3-Properties', 'F123', 'F77', 'F71-maryannxue@apache.org', 'F71-mujtaba@apache.org', 'F3-List<ParseNode>', 'F15-private', 'F71-jamestaylor@apache.org', 'F3-PDataType', 'F25', 'F3-input', 'F3-SortOrder.ASC', 'F71-wei.xue@intel.com', 'F3-BitSet', 'F3-SortOrder.DESC', 'F15-protected', 'F3-PhoenixArray', 'F71-samarth.jain@salesforce.com', 'F3-String', 'F71-gabrielr@ngdata.com', 'F68', 'F3-Connection', 'F71-jtaylor@salesforce.com', 'F101', 'F71-twdsilva@gmail.com', 'F71-enis@apache.org', 'F3-Object', 'F71-ramkrishna.s.vasudevan@gmail.com', 'F3-int'}
    F72  F25          ...          F71-mujtaba@apache.org F71-wei.xue@intel.com
1  1702  497          ...                               0                     0
2  1585  416          ...                               0                     0
3  1585  416          ...                               0                     0

[3 rows x 54 columns]
;.;
        F72          ...            F71-wei.xue@intel.com
0  0.745370          ...                              0.0
1  0.637037          ...                              0.0
2  0.637037          ...                              0.0

[3 rows x 54 columns]
training_x: (2235, 54)
training_y: 2235
testset_x: (214, 54)
testset_y: 214
              precision    recall  f1-score   support

           0       0.87      0.35      0.50       166
           1       0.27      0.81      0.40        48

    accuracy                           0.45       214
   macro avg       0.57      0.58      0.45       214
weighted avg       0.73      0.45      0.48       214

accuracy: 0.4532710280373832
0.39999999999999997
@@@ tn: 58, fp: 108, fn: 9, tp: 39
@@@ LIME - Creating explainer
@@@ LIME - Random Sampling of Instances
iter: 0, sample_no: 158, actual label: 0, predicted: 0
iter: 1, sample_no: 57, actual label: 0, predicted: 0
iter: 2, sample_no: 200, actual label: 0, predicted: 1
iter: 3, sample_no: 71, actual label: 0, predicted: 1
iter: 4, sample_no: 195, actual label: 0, predicted: 1
iter: 5, sample_no: 20, actual label: 1, predicted: 1
iter: 6, sample_no: 113, actual label: 1, predicted: 1
iter: 7, sample_no: 1, actual label: 1, predicted: 0
iter: 8, sample_no: 213, actual label: 0, predicted: 1
iter: 9, sample_no: 163, actual label: 0, predicted: 0
iter: 10, sample_no: 93, actual label: 0, predicted: 1
iter: 11, sample_no: 154, actual label: 0, predicted: 1
iter: 12, sample_no: 8, actual label: 1, predicted: 1
iter: 13, sample_no: 44, actual label: 0, predicted: 1
iter: 14, sample_no: 91, actual label: 1, predicted: 1
iter: 15, sample_no: 53, actual label: 0, predicted: 1
iter: 16, sample_no: 143, actual label: 0, predicted: 0
iter: 17, sample_no: 81, actual label: 0, predicted: 1
iter: 18, sample_no: 59, actual label: 0, predicted: 1
iter: 19, sample_no: 36, actual label: 0, predicted: 0
iter: 20, sample_no: 152, actual label: 1, predicted: 1
iter: 21, sample_no: 61, actual label: 0, predicted: 1
iter: 22, sample_no: 84, actual label: 0, predicted: 1
iter: 23, sample_no: 159, actual label: 0, predicted: 0
iter: 24, sample_no: 34, actual label: 0, predicted: 0
number of samples: 214
AUC 0.6272590361445785
pos_get 48
total recall stop_at 1.0
@@@ C - Repeat number: 4
will not use leaked features
@@@ D - common_header:  {'F3-TEST_PROPERTIES', 'F3-NA', 'F3-PreparedStatement', 'F71-elilevine@apache.org', 'F104', 'F3-null', 'F3-long', 'F71-ndimiduk@apache.org', 'F71-tdsilva@salesforce.com', 'F3-boolean', 'F71-jzhong@JZhongs-MacBook-Pro.local', 'F65', 'category', 'F71-stoens@apache.org', 'F105', 'F3-byte[]', 'F15-NA', 'F22', 'F71-rajeshbabu@apache.org', 'F41', 'F3-getUrl()', 'F71-jeffreyz@apache.org', 'F15-public', 'F71-ramkrishna.s.vasudevan@intel.com', 'F72', 'F126', 'F3-Properties', 'F123', 'F77', 'F71-maryannxue@apache.org', 'F71-mujtaba@apache.org', 'F3-List<ParseNode>', 'F15-private', 'F71-jamestaylor@apache.org', 'F3-PDataType', 'F25', 'F3-input', 'F3-SortOrder.ASC', 'F71-wei.xue@intel.com', 'F3-BitSet', 'F3-SortOrder.DESC', 'F15-protected', 'F3-PhoenixArray', 'F71-samarth.jain@salesforce.com', 'F3-String', 'F71-gabrielr@ngdata.com', 'F68', 'F3-Connection', 'F71-jtaylor@salesforce.com', 'F101', 'F71-twdsilva@gmail.com', 'F71-enis@apache.org', 'F3-Object', 'F71-ramkrishna.s.vasudevan@gmail.com', 'F3-int'}
    F72  F25          ...          F71-mujtaba@apache.org F71-wei.xue@intel.com
1  1702  497          ...                               0                     0
2  1585  416          ...                               0                     0
3  1585  416          ...                               0                     0

[3 rows x 54 columns]
;.;
        F72          ...            F71-wei.xue@intel.com
0  0.745370          ...                              0.0
1  0.637037          ...                              0.0
2  0.637037          ...                              0.0

[3 rows x 54 columns]
training_x: (2235, 54)
training_y: 2235
testset_x: (214, 54)
testset_y: 214
              precision    recall  f1-score   support

           0       0.87      0.35      0.50       166
           1       0.27      0.81      0.40        48

    accuracy                           0.45       214
   macro avg       0.57      0.58      0.45       214
weighted avg       0.73      0.45      0.48       214

accuracy: 0.4532710280373832
0.39999999999999997
@@@ tn: 58, fp: 108, fn: 9, tp: 39
@@@ LIME - Creating explainer
@@@ LIME - Random Sampling of Instances
iter: 0, sample_no: 69, actual label: 1, predicted: 1
iter: 1, sample_no: 34, actual label: 0, predicted: 0
iter: 2, sample_no: 132, actual label: 0, predicted: 1
iter: 3, sample_no: 154, actual label: 0, predicted: 1
iter: 4, sample_no: 147, actual label: 0, predicted: 0
iter: 5, sample_no: 49, actual label: 0, predicted: 1
iter: 6, sample_no: 204, actual label: 0, predicted: 0
iter: 7, sample_no: 119, actual label: 0, predicted: 1
iter: 8, sample_no: 127, actual label: 0, predicted: 1
iter: 9, sample_no: 82, actual label: 0, predicted: 1
iter: 10, sample_no: 155, actual label: 0, predicted: 1
iter: 11, sample_no: 146, actual label: 0, predicted: 0
iter: 12, sample_no: 36, actual label: 0, predicted: 0
iter: 13, sample_no: 42, actual label: 0, predicted: 1
iter: 14, sample_no: 107, actual label: 0, predicted: 1
iter: 15, sample_no: 48, actual label: 0, predicted: 1
iter: 16, sample_no: 197, actual label: 0, predicted: 1
iter: 17, sample_no: 204, actual label: 0, predicted: 0
iter: 18, sample_no: 207, actual label: 1, predicted: 0
iter: 19, sample_no: 123, actual label: 0, predicted: 1
iter: 20, sample_no: 164, actual label: 0, predicted: 0
iter: 21, sample_no: 172, actual label: 0, predicted: 1
iter: 22, sample_no: 213, actual label: 0, predicted: 1
iter: 23, sample_no: 15, actual label: 1, predicted: 0
iter: 24, sample_no: 131, actual label: 0, predicted: 1
number of samples: 214
AUC 0.6272590361445785
pos_get 48
total recall stop_at 1.0
@@@ C - Repeat number: 5
/Users/author1/anaconda3/lib/python3.6/site-packages/tensorflow/python/framework/dtypes.py:463: FutureWarning: Passing (type, 1) or '1type' as a synonym of type is deprecated; in a future version of numpy, it will be understood as (type, (1,)) / '(1,)type'.
  _np_qint8 = np.dtype([("qint8", np.int8, 1)])
/Users/author1/anaconda3/lib/python3.6/site-packages/tensorflow/python/framework/dtypes.py:464: FutureWarning: Passing (type, 1) or '1type' as a synonym of type is deprecated; in a future version of numpy, it will be understood as (type, (1,)) / '(1,)type'.
  _np_quint8 = np.dtype([("quint8", np.uint8, 1)])
/Users/author1/anaconda3/lib/python3.6/site-packages/tensorflow/python/framework/dtypes.py:465: FutureWarning: Passing (type, 1) or '1type' as a synonym of type is deprecated; in a future version of numpy, it will be understood as (type, (1,)) / '(1,)type'.
  _np_qint16 = np.dtype([("qint16", np.int16, 1)])
/Users/author1/anaconda3/lib/python3.6/site-packages/tensorflow/python/framework/dtypes.py:466: FutureWarning: Passing (type, 1) or '1type' as a synonym of type is deprecated; in a future version of numpy, it will be understood as (type, (1,)) / '(1,)type'.
  _np_quint16 = np.dtype([("quint16", np.uint16, 1)])
/Users/author1/anaconda3/lib/python3.6/site-packages/tensorflow/python/framework/dtypes.py:467: FutureWarning: Passing (type, 1) or '1type' as a synonym of type is deprecated; in a future version of numpy, it will be understood as (type, (1,)) / '(1,)type'.
  _np_qint32 = np.dtype([("qint32", np.int32, 1)])
Columns (0,3,4,5,6,7,8,9,10,11,12,13,14,15,16,17,18,19,20,21,22,23,24,25,26,27,28,29,30,31,32,33,34,35,36,37,38,39,40,41,42,43,44,45,46,47,48,49,50,51,52,53,54,55,56,57,58,59,60,61,62,63,64,65,66,67,68,69,70,71,72,73,74,75,76,77,78,79,80,81,82,83,84,85,86,87,88,89,90,91,92,93,94,95,96,97,98,99,100,101,102,103,104,105,106,107,108,109,110,111,112,113,114,115,116,117,118,119,120,121,122,123,124,125,126,127,128,129,130,131,132,133,134,135,136,137,138,139,140,141,142,143,144,145,146,147,148,149,150,151,152,153,154,155,156,157,158,159,160,161,162,163,164,165,166,167,168,169,170,171,172,173,174,175,176,177,178,179,180,181,182,183,184,185,186,187,188,189,190,191,192,193,194,195,196,197,198,199,200,201,202,203,204,205,206,207,208,209,210,211,212,213,214,215,216,217,218,219,220,221,222,223,224,225,226,227,228,229,230,231,232,233,234,235,236,237,238,239,240,241,242,243,244,245,246,247,248,249,250,251,252,253,254,255,256,257,258,259,260,261,262,263,264,265,266,267,268,269,270,271,272,273,275,277,278,279,280,281,282,283,284,285,286,287,288,289,290,291,292,293,294,295,296,297,298,299,300,301,302,303,304,305,306,307,308,309,310,311,312,313,314,315,316,317,318,319,320,321,322,323,324,325,326,327,328,329,330,331,332,333,334,335,336,337,338,339,340,341,342,343,344,345,346) have mixed types. Specify dtype option on import or set low_memory=False.
Columns (0,3,4,5,6,7,8,9,10,11,12,13,14,15,16,17,18,19,20,21,22,23,24,25,26,27,28,29,30,31,32,33,34,35,36,37,38,39,40,41,42,43,44,45,46,47,48,49,50,51,52,53,54,55,56,57,58,59,60,61,62,63,64,65,66,67,68,69,70,71,72,73,74,75,76,77,78,79,80,81,82,83,84,85,86,87,88,89,90,91,92,93,94,95,96,97,98,99,100,101,102,103,104,105,106,107,108,109,110,111,112,113,114,115,116,117,118,119,120,121,122,123,124,125,126,127,128,129,130,131,132,133,134,135,136,137,138,139,140,141,142,143,144,145,146,147,148,149,150,151,152,153,154,155,156,157,158,159,160,161,162,163,164,165,166,167,168,169,170,171,172,173,174,175,176,177,178,179,180,181,182,183,184,185,186,187,188,189,190,191,192,193,194,195,196,197,198,199,200,201,202,203,204,205,206,207,208,209,210,211,212,213,214,215,216,217,218,219,220,221,222,223,224,225,226,227,228,229,230,231,232,233,234,235,236,237,238,239,240,241,242,243,244,245,246,247,248,249,250,251,252,253,254,255,256,257,258,259,260,261,262,263,264,265,266,267,268,269,270,271,272,273,275,277,278,279,280,281,282,283,284,285,286,287,288,289,290,291,292,293,294,295,296,297,298,299,300,301,302,303,304,305,306,307,308,309,310,311,312,313,314,315,316,317,318,319,320,321,322,323,324,325,326,327,328,329,330,331,332,333,334,335,336,337,338,339,340,341,342,343,344,345,346) have mixed types. Specify dtype option on import or set low_memory=False.
Columns (0,3,4,5,6,7,8,9,10,11,12,13,14,15,16,17,18,19,20,21,22,23,24,25,26,27,28,29,30,31,32,33,34,35,36,37,38,39,40,41,42,43,44,45,46,47,48,49,50,51,52,53,54,55,56,57,58,59,60,61,62,63,64,65,66,67,68,69,70,71,72,73,74,75,76,77,78,79,80,81,82,83,84,85,86,87,88,89,90,91,92,93,94,95,96,97,98,99,100,101,102,103,104,105,106,107,108,109,110,111,112,113,114,115,116,117,118,119,120,121,122,123,124,125,126,127,128,129,130,131,132,133,134,135,136,137,138,139,140,141,142,143,144,145,146,147,148,149,150,151,152,153,154,155,156,157,158,159,160,161,162,163,164,165,166,167,168,169,170,171,172,173,174,175,176,177,178,179,180,181,182,183,184,185,186,187,188,189,190,191,192,193,194,195,196,197,198,199,200,201,202,203,204,205,206,207,208,209,210,211,212,213,214,215,216,217,218,219,220,221,222,223,224,225,226,227,228,229,230,231,232,233,234,235,236,237,238,239,240,241,242,243,244,245,246,247,248,249,250,251,252,253,254,255,256,257,258,259,260,261,262,263,264,265,266,267,268,269,270,271,272,273,275,277,278,279,280,281,282,283,284,285,286,287,288,289,290,291,292,293,294,295,296,297,298,299,300,301,302,303,304,305,306,307,308,309,310,311,312,313,314,315,316,317,318,319,320,321,322,323,324,325,326,327,328,329,330,331,332,333,334,335,336,337,338,339,340,341,342,343,344,345,346) have mixed types. Specify dtype option on import or set low_memory=False.
Columns (0,3,4,5,6,7,8,9,10,11,12,13,14,15,16,17,18,19,20,21,22,23,24,25,26,27,28,29,30,31,32,33,34,35,36,37,38,39,40,41,42,43,44,45,46,47,48,49,50,51,52,53,54,55,56,57,58,59,60,61,62,63,64,65,66,67,68,69,70,71,72,73,74,75,76,77,78,79,80,81,82,83,84,85,86,87,88,89,90,91,92,93,94,95,96,97,98,99,100,101,102,103,104,105,106,107,108,109,110,111,112,113,114,115,116,117,118,119,120,121,122,123,124,125,126,127,128,129,130,131,132,133,134,135,136,137,138,139,140,141,142,143,144,145,146,147,148,149,150,151,152,153,154,155,156,157,158,159,160,161,162,163,164,165,166,167,168,169,170,171,172,173,174,175,176,177,178,179,180,181,182,183,184,185,186,187,188,189,190,191,192,193,194,195,196,197,198,199,200,201,202,203,204,205,206,207,208,209,210,211,212,213,214,215,216,217,218,219,220,221,222,223,224,225,226,227,228,229,230,231,232,233,234,235,236,237,238,239,240,241,242,243,244,245,246,247,248,249,250,251,252,253,254,255,256,257,258,259,260,261,262,263,264,265,266,267,268,269,270,271,272,273,275,277,278,279,280,281,282,283,284,285,286,287,288,289,290,291,292,293,294,295,296,297,298,299,300,301,302,303,304,305,306,307,308,309,310,311,312,313,314,315,316,317,318,319,320,321,322,323,324,325,326,327,328,329,330,331,332,333,334,335,336,337,338,339,340,341,342,343,344,345,346) have mixed types. Specify dtype option on import or set low_memory=False.
Columns (0,3,4,5,6,7,8,9,10,11,12,13,14,15,16,17,18,19,20,21,22,23,24,25,26,27,28,29,30,31,32,33,34,35,36,37,38,39,40,41,42,43,44,45,46,47,48,49,50,51,52,53,54,55,56,57,58,59,60,61,62,63,64,65,66,67,68,69,70,71,72,73,74,75,76,77,78,79,80,81,82,83,84,85,86,87,88,89,90,91,92,93,94,95,96,97,98,99,100,101,102,103,104,105,106,107,108,109,110,111,112,113,114,115,116,117,118,119,120,121,122,123,124,125,126,127,128,129,130,131,132,133,134,135,136,137,138,139,140,141,142,143,144,145,146,147,148,149,150,151,152,153,154,155,156,157,158,159,160,161,162,163,164,165,166,167,168,169,170,171,172,173,174,175,176,177,178,179,180,181,182,183,184,185,186,187,188,189,190,191,192,193,194,195,196,197,198,199,200,201,202,203,204,205,206,207,208,209,210,211,212,213,214,215,216,217,218,219,220,221,222,223,224,225,226,227,228,229,230,231,232,233,234,235,236,237,238,239,240,241,242,243,244,245,246,247,248,249,250,251,252,253,254,255,256,257,258,259,260,261,262,263,264,265,266,267,268,269,270,271,272,273,275,277,278,279,280,281,282,283,284,285,286,287,288,289,290,291,292,293,294,295,296,297,298,299,300,301,302,303,304,305,306,307,308,309,310,311,312,313,314,315,316,317,318,319,320,321,322,323,324,325,326,327,328,329,330,331,332,333,334,335,336,337,338,339,340,341,342,343,344,345,346) have mixed types. Specify dtype option on import or set low_memory=False.
will not use leaked features
@@@ D - common_header:  {'F3-TEST_PROPERTIES', 'F3-NA', 'F3-PreparedStatement', 'F71-elilevine@apache.org', 'F104', 'F3-null', 'F3-long', 'F71-ndimiduk@apache.org', 'F71-tdsilva@salesforce.com', 'F3-boolean', 'F71-jzhong@JZhongs-MacBook-Pro.local', 'F65', 'category', 'F71-stoens@apache.org', 'F105', 'F3-byte[]', 'F15-NA', 'F22', 'F71-rajeshbabu@apache.org', 'F41', 'F3-getUrl()', 'F71-jeffreyz@apache.org', 'F15-public', 'F71-ramkrishna.s.vasudevan@intel.com', 'F72', 'F126', 'F3-Properties', 'F123', 'F77', 'F71-maryannxue@apache.org', 'F71-mujtaba@apache.org', 'F3-List<ParseNode>', 'F15-private', 'F71-jamestaylor@apache.org', 'F3-PDataType', 'F25', 'F3-input', 'F3-SortOrder.ASC', 'F71-wei.xue@intel.com', 'F3-BitSet', 'F3-SortOrder.DESC', 'F15-protected', 'F3-PhoenixArray', 'F71-samarth.jain@salesforce.com', 'F3-String', 'F71-gabrielr@ngdata.com', 'F68', 'F3-Connection', 'F71-jtaylor@salesforce.com', 'F101', 'F71-twdsilva@gmail.com', 'F71-enis@apache.org', 'F3-Object', 'F71-ramkrishna.s.vasudevan@gmail.com', 'F3-int'}
    F72  F25          ...          F71-mujtaba@apache.org F71-wei.xue@intel.com
1  1702  497          ...                               0                     0
2  1585  416          ...                               0                     0
3  1585  416          ...                               0                     0

[3 rows x 54 columns]
;.;
        F72          ...            F71-wei.xue@intel.com
0  0.745370          ...                              0.0
1  0.637037          ...                              0.0
2  0.637037          ...                              0.0

[3 rows x 54 columns]
training_x: (2235, 54)
training_y: 2235
testset_x: (214, 54)
testset_y: 214
              precision    recall  f1-score   support

           0       0.87      0.35      0.50       166
           1       0.27      0.81      0.40        48

    accuracy                           0.45       214
   macro avg       0.57      0.58      0.45       214
weighted avg       0.73      0.45      0.48       214

accuracy: 0.4532710280373832
0.39999999999999997
@@@ tn: 58, fp: 108, fn: 9, tp: 39
@@@ LIME - Creating explainer
@@@ LIME - Random Sampling of Instances
iter: 0, sample_no: 134, actual label: 0, predicted: 0
iter: 1, sample_no: 48, actual label: 0, predicted: 1
iter: 2, sample_no: 68, actual label: 1, predicted: 0
iter: 3, sample_no: 169, actual label: 0, predicted: 0
iter: 4, sample_no: 99, actual label: 1, predicted: 1
iter: 5, sample_no: 210, actual label: 0, predicted: 1
iter: 6, sample_no: 33, actual label: 0, predicted: 0
iter: 7, sample_no: 70, actual label: 0, predicted: 1
iter: 8, sample_no: 149, actual label: 0, predicted: 1
iter: 9, sample_no: 150, actual label: 0, predicted: 1
iter: 10, sample_no: 10, actual label: 1, predicted: 1
iter: 11, sample_no: 76, actual label: 0, predicted: 1
iter: 12, sample_no: 142, actual label: 0, predicted: 1
iter: 13, sample_no: 121, actual label: 0, predicted: 1
iter: 14, sample_no: 50, actual label: 0, predicted: 1
iter: 15, sample_no: 210, actual label: 0, predicted: 1
iter: 16, sample_no: 65, actual label: 0, predicted: 0
iter: 17, sample_no: 6, actual label: 0, predicted: 0
iter: 18, sample_no: 30, actual label: 0, predicted: 0
iter: 19, sample_no: 154, actual label: 0, predicted: 1
iter: 20, sample_no: 160, actual label: 0, predicted: 0
iter: 21, sample_no: 194, actual label: 0, predicted: 1
iter: 22, sample_no: 34, actual label: 0, predicted: 0
iter: 23, sample_no: 2, actual label: 0, predicted: 0
iter: 24, sample_no: 25, actual label: 0, predicted: 0
number of samples: 214
AUC 0.6271962851405624
pos_get 48
total recall stop_at 1.0
@@@ C - Repeat number: 6
will not use leaked features
@@@ D - common_header:  {'F3-TEST_PROPERTIES', 'F3-NA', 'F3-PreparedStatement', 'F71-elilevine@apache.org', 'F104', 'F3-null', 'F3-long', 'F71-ndimiduk@apache.org', 'F71-tdsilva@salesforce.com', 'F3-boolean', 'F71-jzhong@JZhongs-MacBook-Pro.local', 'F65', 'category', 'F71-stoens@apache.org', 'F105', 'F3-byte[]', 'F15-NA', 'F22', 'F71-rajeshbabu@apache.org', 'F41', 'F3-getUrl()', 'F71-jeffreyz@apache.org', 'F15-public', 'F71-ramkrishna.s.vasudevan@intel.com', 'F72', 'F126', 'F3-Properties', 'F123', 'F77', 'F71-maryannxue@apache.org', 'F71-mujtaba@apache.org', 'F3-List<ParseNode>', 'F15-private', 'F71-jamestaylor@apache.org', 'F3-PDataType', 'F25', 'F3-input', 'F3-SortOrder.ASC', 'F71-wei.xue@intel.com', 'F3-BitSet', 'F3-SortOrder.DESC', 'F15-protected', 'F3-PhoenixArray', 'F71-samarth.jain@salesforce.com', 'F3-String', 'F71-gabrielr@ngdata.com', 'F68', 'F3-Connection', 'F71-jtaylor@salesforce.com', 'F101', 'F71-twdsilva@gmail.com', 'F71-enis@apache.org', 'F3-Object', 'F71-ramkrishna.s.vasudevan@gmail.com', 'F3-int'}
    F72  F25          ...          F71-mujtaba@apache.org F71-wei.xue@intel.com
1  1702  497          ...                               0                     0
2  1585  416          ...                               0                     0
3  1585  416          ...                               0                     0

[3 rows x 54 columns]
;.;
        F72          ...            F71-wei.xue@intel.com
0  0.745370          ...                              0.0
1  0.637037          ...                              0.0
2  0.637037          ...                              0.0

[3 rows x 54 columns]
training_x: (2235, 54)
training_y: 2235
testset_x: (214, 54)
testset_y: 214
              precision    recall  f1-score   support

           0       0.87      0.35      0.50       166
           1       0.27      0.81      0.40        48

    accuracy                           0.45       214
   macro avg       0.57      0.58      0.45       214
weighted avg       0.73      0.45      0.48       214

accuracy: 0.4532710280373832
0.39999999999999997
@@@ tn: 58, fp: 108, fn: 9, tp: 39
@@@ LIME - Creating explainer
@@@ LIME - Random Sampling of Instances
iter: 0, sample_no: 51, actual label: 0, predicted: 1
iter: 1, sample_no: 204, actual label: 0, predicted: 0
iter: 2, sample_no: 102, actual label: 0, predicted: 1
iter: 3, sample_no: 161, actual label: 0, predicted: 0
iter: 4, sample_no: 40, actual label: 1, predicted: 1
iter: 5, sample_no: 98, actual label: 1, predicted: 1
iter: 6, sample_no: 124, actual label: 0, predicted: 1
iter: 7, sample_no: 55, actual label: 0, predicted: 1
iter: 8, sample_no: 20, actual label: 1, predicted: 1
iter: 9, sample_no: 111, actual label: 1, predicted: 1
iter: 10, sample_no: 16, actual label: 0, predicted: 0
iter: 11, sample_no: 173, actual label: 1, predicted: 1
iter: 12, sample_no: 181, actual label: 0, predicted: 1
iter: 13, sample_no: 155, actual label: 0, predicted: 1
iter: 14, sample_no: 191, actual label: 0, predicted: 1
iter: 15, sample_no: 111, actual label: 1, predicted: 1
iter: 16, sample_no: 136, actual label: 0, predicted: 1
iter: 17, sample_no: 119, actual label: 0, predicted: 1
iter: 18, sample_no: 28, actual label: 0, predicted: 0
iter: 19, sample_no: 60, actual label: 0, predicted: 1
iter: 20, sample_no: 53, actual label: 0, predicted: 1
iter: 21, sample_no: 51, actual label: 0, predicted: 1
iter: 22, sample_no: 92, actual label: 1, predicted: 1
iter: 23, sample_no: 158, actual label: 0, predicted: 0
iter: 24, sample_no: 134, actual label: 0, predicted: 0
number of samples: 214
AUC 0.6272590361445785
pos_get 48
total recall stop_at 1.0
@@@ C - Repeat number: 7
will not use leaked features
@@@ D - common_header:  {'F3-TEST_PROPERTIES', 'F3-NA', 'F3-PreparedStatement', 'F71-elilevine@apache.org', 'F104', 'F3-null', 'F3-long', 'F71-ndimiduk@apache.org', 'F71-tdsilva@salesforce.com', 'F3-boolean', 'F71-jzhong@JZhongs-MacBook-Pro.local', 'F65', 'category', 'F71-stoens@apache.org', 'F105', 'F3-byte[]', 'F15-NA', 'F22', 'F71-rajeshbabu@apache.org', 'F41', 'F3-getUrl()', 'F71-jeffreyz@apache.org', 'F15-public', 'F71-ramkrishna.s.vasudevan@intel.com', 'F72', 'F126', 'F3-Properties', 'F123', 'F77', 'F71-maryannxue@apache.org', 'F71-mujtaba@apache.org', 'F3-List<ParseNode>', 'F15-private', 'F71-jamestaylor@apache.org', 'F3-PDataType', 'F25', 'F3-input', 'F3-SortOrder.ASC', 'F71-wei.xue@intel.com', 'F3-BitSet', 'F3-SortOrder.DESC', 'F15-protected', 'F3-PhoenixArray', 'F71-samarth.jain@salesforce.com', 'F3-String', 'F71-gabrielr@ngdata.com', 'F68', 'F3-Connection', 'F71-jtaylor@salesforce.com', 'F101', 'F71-twdsilva@gmail.com', 'F71-enis@apache.org', 'F3-Object', 'F71-ramkrishna.s.vasudevan@gmail.com', 'F3-int'}
    F72  F25          ...          F71-mujtaba@apache.org F71-wei.xue@intel.com
1  1702  497          ...                               0                     0
2  1585  416          ...                               0                     0
3  1585  416          ...                               0                     0

[3 rows x 54 columns]
;.;
        F72          ...            F71-wei.xue@intel.com
0  0.745370          ...                              0.0
1  0.637037          ...                              0.0
2  0.637037          ...                              0.0

[3 rows x 54 columns]
training_x: (2235, 54)
training_y: 2235
testset_x: (214, 54)
testset_y: 214
              precision    recall  f1-score   support

           0       0.87      0.35      0.50       166
           1       0.27      0.81      0.40        48

    accuracy                           0.45       214
   macro avg       0.57      0.58      0.45       214
weighted avg       0.73      0.45      0.48       214

accuracy: 0.4532710280373832
0.39999999999999997
@@@ tn: 58, fp: 108, fn: 9, tp: 39
@@@ LIME - Creating explainer
@@@ LIME - Random Sampling of Instances
iter: 0, sample_no: 173, actual label: 1, predicted: 1
iter: 1, sample_no: 9, actual label: 1, predicted: 1
iter: 2, sample_no: 107, actual label: 0, predicted: 1
iter: 3, sample_no: 126, actual label: 0, predicted: 0
iter: 4, sample_no: 193, actual label: 0, predicted: 1
iter: 5, sample_no: 106, actual label: 0, predicted: 1
iter: 6, sample_no: 58, actual label: 0, predicted: 1
iter: 7, sample_no: 167, actual label: 0, predicted: 1
iter: 8, sample_no: 123, actual label: 0, predicted: 1
iter: 9, sample_no: 196, actual label: 0, predicted: 1
iter: 10, sample_no: 205, actual label: 0, predicted: 0
iter: 11, sample_no: 191, actual label: 0, predicted: 1
iter: 12, sample_no: 74, actual label: 1, predicted: 1
iter: 13, sample_no: 87, actual label: 0, predicted: 1
iter: 14, sample_no: 21, actual label: 1, predicted: 1
iter: 15, sample_no: 163, actual label: 0, predicted: 0
iter: 16, sample_no: 40, actual label: 1, predicted: 1
iter: 17, sample_no: 194, actual label: 0, predicted: 1
iter: 18, sample_no: 195, actual label: 0, predicted: 1
iter: 19, sample_no: 165, actual label: 0, predicted: 0
iter: 20, sample_no: 72, actual label: 0, predicted: 1
iter: 21, sample_no: 92, actual label: 1, predicted: 1
iter: 22, sample_no: 131, actual label: 0, predicted: 1
iter: 23, sample_no: 196, actual label: 0, predicted: 1
iter: 24, sample_no: 63, actual label: 0, predicted: 0
number of samples: 214
AUC 0.6272590361445785
pos_get 48
total recall stop_at 1.0
@@@ C - Repeat number: 8
will not use leaked features
@@@ D - common_header:  {'F3-TEST_PROPERTIES', 'F3-NA', 'F3-PreparedStatement', 'F71-elilevine@apache.org', 'F104', 'F3-null', 'F3-long', 'F71-ndimiduk@apache.org', 'F71-tdsilva@salesforce.com', 'F3-boolean', 'F71-jzhong@JZhongs-MacBook-Pro.local', 'F65', 'category', 'F71-stoens@apache.org', 'F105', 'F3-byte[]', 'F15-NA', 'F22', 'F71-rajeshbabu@apache.org', 'F41', 'F3-getUrl()', 'F71-jeffreyz@apache.org', 'F15-public', 'F71-ramkrishna.s.vasudevan@intel.com', 'F72', 'F126', 'F3-Properties', 'F123', 'F77', 'F71-maryannxue@apache.org', 'F71-mujtaba@apache.org', 'F3-List<ParseNode>', 'F15-private', 'F71-jamestaylor@apache.org', 'F3-PDataType', 'F25', 'F3-input', 'F3-SortOrder.ASC', 'F71-wei.xue@intel.com', 'F3-BitSet', 'F3-SortOrder.DESC', 'F15-protected', 'F3-PhoenixArray', 'F71-samarth.jain@salesforce.com', 'F3-String', 'F71-gabrielr@ngdata.com', 'F68', 'F3-Connection', 'F71-jtaylor@salesforce.com', 'F101', 'F71-twdsilva@gmail.com', 'F71-enis@apache.org', 'F3-Object', 'F71-ramkrishna.s.vasudevan@gmail.com', 'F3-int'}
    F72  F25          ...          F71-mujtaba@apache.org F71-wei.xue@intel.com
1  1702  497          ...                               0                     0
2  1585  416          ...                               0                     0
3  1585  416          ...                               0                     0

[3 rows x 54 columns]
;.;
        F72          ...            F71-wei.xue@intel.com
0  0.745370          ...                              0.0
1  0.637037          ...                              0.0
2  0.637037          ...                              0.0

[3 rows x 54 columns]
training_x: (2235, 54)
training_y: 2235
testset_x: (214, 54)
testset_y: 214
              precision    recall  f1-score   support

           0       0.87      0.35      0.50       166
           1       0.27      0.81      0.40        48

    accuracy                           0.45       214
   macro avg       0.57      0.58      0.45       214
weighted avg       0.73      0.45      0.48       214

accuracy: 0.4532710280373832
0.39999999999999997
@@@ tn: 58, fp: 108, fn: 9, tp: 39
@@@ LIME - Creating explainer
@@@ LIME - Random Sampling of Instances
iter: 0, sample_no: 139, actual label: 1, predicted: 1
iter: 1, sample_no: 48, actual label: 0, predicted: 1
iter: 2, sample_no: 10, actual label: 1, predicted: 1
iter: 3, sample_no: 107, actual label: 0, predicted: 1
iter: 4, sample_no: 94, actual label: 0, predicted: 1
iter: 5, sample_no: 88, actual label: 0, predicted: 1
iter: 6, sample_no: 49, actual label: 0, predicted: 1
iter: 7, sample_no: 133, actual label: 0, predicted: 1
iter: 8, sample_no: 77, actual label: 1, predicted: 1
iter: 9, sample_no: 69, actual label: 1, predicted: 1
iter: 10, sample_no: 155, actual label: 0, predicted: 1
iter: 11, sample_no: 184, actual label: 1, predicted: 1
iter: 12, sample_no: 189, actual label: 0, predicted: 1
iter: 13, sample_no: 25, actual label: 0, predicted: 0
iter: 14, sample_no: 116, actual label: 0, predicted: 1
iter: 15, sample_no: 137, actual label: 0, predicted: 0
iter: 16, sample_no: 23, actual label: 0, predicted: 0
iter: 17, sample_no: 33, actual label: 0, predicted: 0
iter: 18, sample_no: 99, actual label: 1, predicted: 1
iter: 19, sample_no: 118, actual label: 0, predicted: 1
iter: 20, sample_no: 180, actual label: 0, predicted: 1
iter: 21, sample_no: 71, actual label: 0, predicted: 1
iter: 22, sample_no: 102, actual label: 0, predicted: 1
iter: 23, sample_no: 111, actual label: 1, predicted: 1
iter: 24, sample_no: 42, actual label: 0, predicted: 1
number of samples: 214
AUC 0.6272590361445785
pos_get 48
total recall stop_at 1.0
@@@ C - Repeat number: 9
will not use leaked features
@@@ D - common_header:  {'F3-TEST_PROPERTIES', 'F3-NA', 'F3-PreparedStatement', 'F71-elilevine@apache.org', 'F104', 'F3-null', 'F3-long', 'F71-ndimiduk@apache.org', 'F71-tdsilva@salesforce.com', 'F3-boolean', 'F71-jzhong@JZhongs-MacBook-Pro.local', 'F65', 'category', 'F71-stoens@apache.org', 'F105', 'F3-byte[]', 'F15-NA', 'F22', 'F71-rajeshbabu@apache.org', 'F41', 'F3-getUrl()', 'F71-jeffreyz@apache.org', 'F15-public', 'F71-ramkrishna.s.vasudevan@intel.com', 'F72', 'F126', 'F3-Properties', 'F123', 'F77', 'F71-maryannxue@apache.org', 'F71-mujtaba@apache.org', 'F3-List<ParseNode>', 'F15-private', 'F71-jamestaylor@apache.org', 'F3-PDataType', 'F25', 'F3-input', 'F3-SortOrder.ASC', 'F71-wei.xue@intel.com', 'F3-BitSet', 'F3-SortOrder.DESC', 'F15-protected', 'F3-PhoenixArray', 'F71-samarth.jain@salesforce.com', 'F3-String', 'F71-gabrielr@ngdata.com', 'F68', 'F3-Connection', 'F71-jtaylor@salesforce.com', 'F101', 'F71-twdsilva@gmail.com', 'F71-enis@apache.org', 'F3-Object', 'F71-ramkrishna.s.vasudevan@gmail.com', 'F3-int'}
    F72  F25          ...          F71-mujtaba@apache.org F71-wei.xue@intel.com
1  1702  497          ...                               0                     0
2  1585  416          ...                               0                     0
3  1585  416          ...                               0                     0

[3 rows x 54 columns]
;.;
        F72          ...            F71-wei.xue@intel.com
0  0.745370          ...                              0.0
1  0.637037          ...                              0.0
2  0.637037          ...                              0.0

[3 rows x 54 columns]
training_x: (2235, 54)
training_y: 2235
testset_x: (214, 54)
testset_y: 214
              precision    recall  f1-score   support

           0       0.87      0.35      0.50       166
           1       0.27      0.81      0.40        48

    accuracy                           0.45       214
   macro avg       0.57      0.58      0.45       214
weighted avg       0.73      0.45      0.48       214

accuracy: 0.4532710280373832
0.39999999999999997
@@@ tn: 58, fp: 108, fn: 9, tp: 39
@@@ LIME - Creating explainer
@@@ LIME - Random Sampling of Instances
iter: 0, sample_no: 57, actual label: 0, predicted: 0
iter: 1, sample_no: 126, actual label: 0, predicted: 0
iter: 2, sample_no: 162, actual label: 0, predicted: 0
iter: 3, sample_no: 172, actual label: 0, predicted: 1
iter: 4, sample_no: 141, actual label: 0, predicted: 1
iter: 5, sample_no: 141, actual label: 0, predicted: 1
iter: 6, sample_no: 91, actual label: 1, predicted: 1
iter: 7, sample_no: 175, actual label: 1, predicted: 0
iter: 8, sample_no: 8, actual label: 1, predicted: 1
iter: 9, sample_no: 176, actual label: 0, predicted: 1
iter: 10, sample_no: 200, actual label: 0, predicted: 1
iter: 11, sample_no: 14, actual label: 1, predicted: 1
iter: 12, sample_no: 108, actual label: 1, predicted: 1
iter: 13, sample_no: 60, actual label: 0, predicted: 1
iter: 14, sample_no: 154, actual label: 0, predicted: 1
iter: 15, sample_no: 47, actual label: 0, predicted: 1
iter: 16, sample_no: 93, actual label: 0, predicted: 1
iter: 17, sample_no: 91, actual label: 1, predicted: 1
iter: 18, sample_no: 126, actual label: 0, predicted: 0
iter: 19, sample_no: 5, actual label: 0, predicted: 0
iter: 20, sample_no: 55, actual label: 0, predicted: 1
iter: 21, sample_no: 188, actual label: 1, predicted: 1
iter: 22, sample_no: 42, actual label: 0, predicted: 1
iter: 23, sample_no: 139, actual label: 1, predicted: 1
iter: 24, sample_no: 48, actual label: 0, predicted: 1
number of samples: 214
AUC 0.6272590361445785
pos_get 48
total recall stop_at 1.0
@@@ C - Repeat number: 10
will not use leaked features
@@@ D - common_header:  {'F3-TEST_PROPERTIES', 'F3-NA', 'F3-PreparedStatement', 'F71-elilevine@apache.org', 'F104', 'F3-null', 'F3-long', 'F71-ndimiduk@apache.org', 'F71-tdsilva@salesforce.com', 'F3-boolean', 'F71-jzhong@JZhongs-MacBook-Pro.local', 'F65', 'category', 'F71-stoens@apache.org', 'F105', 'F3-byte[]', 'F15-NA', 'F22', 'F71-rajeshbabu@apache.org', 'F41', 'F3-getUrl()', 'F71-jeffreyz@apache.org', 'F15-public', 'F71-ramkrishna.s.vasudevan@intel.com', 'F72', 'F126', 'F3-Properties', 'F123', 'F77', 'F71-maryannxue@apache.org', 'F71-mujtaba@apache.org', 'F3-List<ParseNode>', 'F15-private', 'F71-jamestaylor@apache.org', 'F3-PDataType', 'F25', 'F3-input', 'F3-SortOrder.ASC', 'F71-wei.xue@intel.com', 'F3-BitSet', 'F3-SortOrder.DESC', 'F15-protected', 'F3-PhoenixArray', 'F71-samarth.jain@salesforce.com', 'F3-String', 'F71-gabrielr@ngdata.com', 'F68', 'F3-Connection', 'F71-jtaylor@salesforce.com', 'F101', 'F71-twdsilva@gmail.com', 'F71-enis@apache.org', 'F3-Object', 'F71-ramkrishna.s.vasudevan@gmail.com', 'F3-int'}
    F72  F25          ...          F71-mujtaba@apache.org F71-wei.xue@intel.com
1  1702  497          ...                               0                     0
2  1585  416          ...                               0                     0
3  1585  416          ...                               0                     0

[3 rows x 54 columns]
;.;
        F72          ...            F71-wei.xue@intel.com
0  0.745370          ...                              0.0
1  0.637037          ...                              0.0
2  0.637037          ...                              0.0

[3 rows x 54 columns]
training_x: (2235, 54)
training_y: 2235
testset_x: (214, 54)
testset_y: 214
              precision    recall  f1-score   support

           0       0.87      0.35      0.50       166
           1       0.27      0.81      0.40        48

    accuracy                           0.45       214
   macro avg       0.57      0.58      0.45       214
weighted avg       0.73      0.45      0.48       214

accuracy: 0.4532710280373832
0.39999999999999997
@@@ tn: 58, fp: 108, fn: 9, tp: 39
@@@ LIME - Creating explainer
@@@ LIME - Random Sampling of Instances
Columns (0,3,4,5,6,7,8,9,10,11,12,13,14,15,16,17,18,19,20,21,22,23,24,25,26,27,28,29,30,31,32,33,34,35,36,37,38,39,40,41,42,43,44,45,46,47,48,49,50,51,52,53,54,55,56,57,58,59,60,61,62,63,64,65,66,67,68,69,70,71,72,73,74,75,76,77,78,79,80,81,82,83,84,85,86,87,88,89,90,91,92,93,94,95,96,97,98,99,100,101,102,103,104,105,106,107,108,109,110,111,112,113,114,115,116,117,118,119,120,121,122,123,124,125,126,127,128,129,130,131,132,133,134,135,136,137,138,139,140,141,142,143,144,145,146,147,148,149,150,151,152,153,154,155,156,157,158,159,160,161,162,163,164,165,166,167,168,169,170,171,172,173,174,175,176,177,178,179,180,181,182,183,184,185,186,187,188,189,190,191,192,193,194,195,196,197,198,199,200,201,202,203,204,205,206,207,208,209,210,211,212,213,214,215,216,217,218,219,220,221,222,223,224,225,226,227,228,229,230,231,232,233,234,235,236,237,238,239,240,241,242,243,244,245,246,247,248,249,250,251,252,253,254,255,256,257,258,259,260,261,262,263,264,265,266,267,268,269,270,271,272,273,275,277,278,279,280,281,282,283,284,285,286,287,288,289,290,291,292,293,294,295,296,297,298,299,300,301,302,303,304,305,306,307,308,309,310,311,312,313,314,315,316,317,318,319,320,321,322,323,324,325,326,327,328,329,330,331,332,333,334,335,336,337,338,339,340,341,342,343,344,345,346) have mixed types. Specify dtype option on import or set low_memory=False.
Columns (0,3,4,5,6,7,8,9,10,11,12,13,14,15,16,17,18,19,20,21,22,23,24,25,26,27,28,29,30,31,32,33,34,35,36,37,38,39,40,41,42,43,44,45,46,47,48,49,50,51,52,53,54,55,56,57,58,59,60,61,62,63,64,65,66,67,68,69,70,71,72,73,74,75,76,77,78,79,80,81,82,83,84,85,86,87,88,89,90,91,92,93,94,95,96,97,98,99,100,101,102,103,104,105,106,107,108,109,110,111,112,113,114,115,116,117,118,119,120,121,122,123,124,125,126,127,128,129,130,131,132,133,134,135,136,137,138,139,140,141,142,143,144,145,146,147,148,149,150,151,152,153,154,155,156,157,158,159,160,161,162,163,164,165,166,167,168,169,170,171,172,173,174,175,176,177,178,179,180,181,182,183,184,185,186,187,188,189,190,191,192,193,194,195,196,197,198,199,200,201,202,203,204,205,206,207,208,209,210,211,212,213,214,215,216,217,218,219,220,221,222,223,224,225,226,227,228,229,230,231,232,233,234,235,236,237,238,239,240,241,242,243,244,245,246,247,248,249,250,251,252,253,254,255,256,257,258,259,260,261,262,263,264,265,266,267,268,269,270,271,272,273,275,277,278,279,280,281,282,283,284,285,286,287,288,289,290,291,292,293,294,295,296,297,298,299,300,301,302,303,304,305,306,307,308,309,310,311,312,313,314,315,316,317,318,319,320,321,322,323,324,325,326,327,328,329,330,331,332,333,334,335,336,337,338,339,340,341,342,343,344,345,346) have mixed types. Specify dtype option on import or set low_memory=False.
Columns (0,3,4,5,6,7,8,9,10,11,12,13,14,15,16,17,18,19,20,21,22,23,24,25,26,27,28,29,30,31,32,33,34,35,36,37,38,39,40,41,42,43,44,45,46,47,48,49,50,51,52,53,54,55,56,57,58,59,60,61,62,63,64,65,66,67,68,69,70,71,72,73,74,75,76,77,78,79,80,81,82,83,84,85,86,87,88,89,90,91,92,93,94,95,96,97,98,99,100,101,102,103,104,105,106,107,108,109,110,111,112,113,114,115,116,117,118,119,120,121,122,123,124,125,126,127,128,129,130,131,132,133,134,135,136,137,138,139,140,141,142,143,144,145,146,147,148,149,150,151,152,153,154,155,156,157,158,159,160,161,162,163,164,165,166,167,168,169,170,171,172,173,174,175,176,177,178,179,180,181,182,183,184,185,186,187,188,189,190,191,192,193,194,195,196,197,198,199,200,201,202,203,204,205,206,207,208,209,210,211,212,213,214,215,216,217,218,219,220,221,222,223,224,225,226,227,228,229,230,231,232,233,234,235,236,237,238,239,240,241,242,243,244,245,246,247,248,249,250,251,252,253,254,255,256,257,258,259,260,261,262,263,264,265,266,267,268,269,270,271,272,273,275,277,278,279,280,281,282,283,284,285,286,287,288,289,290,291,292,293,294,295,296,297,298,299,300,301,302,303,304,305,306,307,308,309,310,311,312,313,314,315,316,317,318,319,320,321,322,323,324,325,326,327,328,329,330,331,332,333,334,335,336,337,338,339,340,341,342,343,344,345,346) have mixed types. Specify dtype option on import or set low_memory=False.
Columns (0,3,4,5,6,7,8,9,10,11,12,13,14,15,16,17,18,19,20,21,22,23,24,25,26,27,28,29,30,31,32,33,34,35,36,37,38,39,40,41,42,43,44,45,46,47,48,49,50,51,52,53,54,55,56,57,58,59,60,61,62,63,64,65,66,67,68,69,70,71,72,73,74,75,76,77,78,79,80,81,82,83,84,85,86,87,88,89,90,91,92,93,94,95,96,97,98,99,100,101,102,103,104,105,106,107,108,109,110,111,112,113,114,115,116,117,118,119,120,121,122,123,124,125,126,127,128,129,130,131,132,133,134,135,136,137,138,139,140,141,142,143,144,145,146,147,148,149,150,151,152,153,154,155,156,157,158,159,160,161,162,163,164,165,166,167,168,169,170,171,172,173,174,175,176,177,178,179,180,181,182,183,184,185,186,187,188,189,190,191,192,193,194,195,196,197,198,199,200,201,202,203,204,205,206,207,208,209,210,211,212,213,214,215,216,217,218,219,220,221,222,223,224,225,226,227,228,229,230,231,232,233,234,235,236,237,238,239,240,241,242,243,244,245,246,247,248,249,250,251,252,253,254,255,256,257,258,259,260,261,262,263,264,265,266,267,268,269,270,271,272,273,275,277,278,279,280,281,282,283,284,285,286,287,288,289,290,291,292,293,294,295,296,297,298,299,300,301,302,303,304,305,306,307,308,309,310,311,312,313,314,315,316,317,318,319,320,321,322,323,324,325,326,327,328,329,330,331,332,333,334,335,336,337,338,339,340,341,342,343,344,345,346) have mixed types. Specify dtype option on import or set low_memory=False.
Columns (0,3,4,5,6,7,8,9,10,11,12,13,14,15,16,17,18,19,20,21,22,23,24,25,26,27,28,29,30,31,32,33,34,35,36,37,38,39,40,41,42,43,44,45,46,47,48,49,50,51,52,53,54,55,56,57,58,59,60,61,62,63,64,65,66,67,68,69,70,71,72,73,74,75,76,77,78,79,80,81,82,83,84,85,86,87,88,89,90,91,92,93,94,95,96,97,98,99,100,101,102,103,104,105,106,107,108,109,110,111,112,113,114,115,116,117,118,119,120,121,122,123,124,125,126,127,128,129,130,131,132,133,134,135,136,137,138,139,140,141,142,143,144,145,146,147,148,149,150,151,152,153,154,155,156,157,158,159,160,161,162,163,164,165,166,167,168,169,170,171,172,173,174,175,176,177,178,179,180,181,182,183,184,185,186,187,188,189,190,191,192,193,194,195,196,197,198,199,200,201,202,203,204,205,206,207,208,209,210,211,212,213,214,215,216,217,218,219,220,221,222,223,224,225,226,227,228,229,230,231,232,233,234,235,236,237,238,239,240,241,242,243,244,245,246,247,248,249,250,251,252,253,254,255,256,257,258,259,260,261,262,263,264,265,266,267,268,269,270,271,272,273,275,277,278,279,280,281,282,283,284,285,286,287,288,289,290,291,292,293,294,295,296,297,298,299,300,301,302,303,304,305,306,307,308,309,310,311,312,313,314,315,316,317,318,319,320,321,322,323,324,325,326,327,328,329,330,331,332,333,334,335,336,337,338,339,340,341,342,343,344,345,346) have mixed types. Specify dtype option on import or set low_memory=False.
iter: 0, sample_no: 156, actual label: 0, predicted: 1
iter: 1, sample_no: 194, actual label: 0, predicted: 1
iter: 2, sample_no: 184, actual label: 1, predicted: 1
iter: 3, sample_no: 26, actual label: 0, predicted: 0
iter: 4, sample_no: 56, actual label: 0, predicted: 1
iter: 5, sample_no: 48, actual label: 0, predicted: 1
iter: 6, sample_no: 106, actual label: 0, predicted: 1
iter: 7, sample_no: 51, actual label: 0, predicted: 1
iter: 8, sample_no: 51, actual label: 0, predicted: 1
iter: 9, sample_no: 94, actual label: 0, predicted: 1
iter: 10, sample_no: 199, actual label: 0, predicted: 0
iter: 11, sample_no: 100, actual label: 1, predicted: 1
iter: 12, sample_no: 114, actual label: 1, predicted: 1
iter: 13, sample_no: 120, actual label: 0, predicted: 1
iter: 14, sample_no: 188, actual label: 1, predicted: 1
iter: 15, sample_no: 42, actual label: 0, predicted: 1
iter: 16, sample_no: 134, actual label: 0, predicted: 0
iter: 17, sample_no: 18, actual label: 0, predicted: 0
iter: 18, sample_no: 190, actual label: 0, predicted: 1
iter: 19, sample_no: 166, actual label: 1, predicted: 1
iter: 20, sample_no: 178, actual label: 0, predicted: 1
iter: 21, sample_no: 68, actual label: 1, predicted: 0
iter: 22, sample_no: 176, actual label: 0, predicted: 1
iter: 23, sample_no: 98, actual label: 1, predicted: 1
iter: 24, sample_no: 177, actual label: 0, predicted: 1
number of samples: 214
AUC 0.6272590361445785
pos_get 48
total recall stop_at 1.0
----------threshold stop at----------: 1
AUC [0.6272590361445785, 0.6272590361445785, 0.6272590361445785, 0.6272590361445785, 0.6271962851405624, 0.6272590361445785, 0.6272590361445785, 0.6272590361445785, 0.6272590361445785, 0.6272590361445785]
AUC_median 0.6272590361445785
AUC_iqr 0.0
cost [0.985981308411215, 0.985981308411215, 0.985981308411215, 0.985981308411215, 0.985981308411215, 0.985981308411215, 0.985981308411215, 0.985981308411215, 0.985981308411215, 0.985981308411215]
COST_med 0.985981308411215
COST_iqr 0.0
f1_pos_list [0.39999999999999997, 0.39999999999999997, 0.39999999999999997, 0.39999999999999997, 0.39999999999999997, 0.39999999999999997, 0.39999999999999997, 0.39999999999999997, 0.39999999999999997, 0.39999999999999997]
f1_pos_med 0.39999999999999997
