@@@ A - classifier: SVC(C=1.0, break_ties=False, cache_size=200, class_weight='balanced', coef0=0.0,
    decision_function_shape='ovr', degree=3, gamma='scale', kernel='linear',
    max_iter=-1, probability=True, random_state=None, shrinking=True, tol=0.001,
    verbose=False)
@@@ B - threshold stop at: 1
@@@ C - Repeat number: 1
@@@ D - common_header:  {'F77', 'F71-ogondza@redhat.com', 'F15-public', 'F3-int', 'F68', 'F15-NA', 'F41', 'F71-kk@kohsuke.org', 'F71-s.sogabe@gmail.com', 'F105', 'F71-jglick@cloudbees.com', 'F72', 'F3-File', 'F126', 'F3-String', 'F71-nicolas.deloof@gmail.com', 'F15-protected', 'F71-o.v.nenashev@gmail.com', 'F22', 'F117', 'F71-kutzi@gmx.de', 'F71-dhoover@google.com', 'F71-jglick@71c3de6d-444a-0410-be80-ed276b4c234a', 'F123', 'F110', 'F3-NA', 'F3-Class', 'F71-stephen.alan.connolly@gmail.com', 'F71-kohsuke@71c3de6d-444a-0410-be80-ed276b4c234a', 'F71-nigel.magnay@gmail.com', 'F120', 'F71-mindless@71c3de6d-444a-0410-be80-ed276b4c234a', 'F3-byte[]', 'F3-Object[]', 'category', 'F15-private', 'F3-InputStream', 'F3-ANTLRHashString', 'F3-null', 'F3-long', 'F104', 'F65', 'F71-daniel-beck@github.com', 'F25', 'F3-TaskListener', 'F101', 'F116', 'F3-Integer', 'F3-Level', 'F115'}
     F72            ...             F71-nigel.magnay@gmail.com
1  25951            ...                                      1
2  25951            ...                                      1
3  25951            ...                                      1

[3 rows x 49 columns]
;.;
   F72             ...              F71-nigel.magnay@gmail.com
0  1.0             ...                                     1.0
1  1.0             ...                                     1.0
2  1.0             ...                                     1.0

[3 rows x 49 columns]
training_x: (822, 49)
training_y: 822
testset_x: (375, 49)
testset_y: 375
              precision    recall  f1-score   support

           0       0.67      0.09      0.16       234
           1       0.38      0.92      0.54       141

    accuracy                           0.41       375
   macro avg       0.52      0.51      0.35       375
weighted avg       0.56      0.41      0.31       375

accuracy: 0.4053333333333333
0.5383022774327122
@@@ tn: 22, fp: 212, fn: 11, tp: 130
@@@ LIME - Creating explainer
@@@ LIME - Random Sampling of Instances
iter: 0, sample_no: 320, actual label: 0, predicted: 0
iter: 1, sample_no: 318, actual label: 0, predicted: 1
iter: 2, sample_no: 326, actual label: 0, predicted: 0
iter: 3, sample_no: 241, actual label: 0, predicted: 1
iter: 4, sample_no: 319, actual label: 0, predicted: 0
iter: 5, sample_no: 118, actual label: 0, predicted: 1
iter: 6, sample_no: 176, actual label: 0, predicted: 1
iter: 7, sample_no: 155, actual label: 0, predicted: 1
iter: 8, sample_no: 339, actual label: 1, predicted: 1
iter: 9, sample_no: 105, actual label: 1, predicted: 1
iter: 10, sample_no: 196, actual label: 0, predicted: 1
iter: 11, sample_no: 320, actual label: 0, predicted: 0
iter: 12, sample_no: 285, actual label: 0, predicted: 1
iter: 13, sample_no: 139, actual label: 0, predicted: 1
iter: 14, sample_no: 218, actual label: 0, predicted: 1
iter: 15, sample_no: 113, actual label: 1, predicted: 1
iter: 16, sample_no: 190, actual label: 0, predicted: 0
iter: 17, sample_no: 293, actual label: 1, predicted: 1
iter: 18, sample_no: 338, actual label: 1, predicted: 1
iter: 19, sample_no: 86, actual label: 0, predicted: 1
iter: 20, sample_no: 170, actual label: 0, predicted: 0
iter: 21, sample_no: 82, actual label: 0, predicted: 1
iter: 22, sample_no: 335, actual label: 1, predicted: 1
iter: 23, sample_no: 220, actual label: 0, predicted: 1
iter: 24, sample_no: 199, actual label: 0, predicted: 1
number of samples: 375
AUC 0.5509789658725829
pos_get 141
total recall stop_at 1
@@@ C - Repeat number: 2
@@@ D - common_header:  {'F77', 'F71-ogondza@redhat.com', 'F15-public', 'F3-int', 'F68', 'F15-NA', 'F41', 'F71-kk@kohsuke.org', 'F71-s.sogabe@gmail.com', 'F105', 'F71-jglick@cloudbees.com', 'F72', 'F3-File', 'F126', 'F3-String', 'F71-nicolas.deloof@gmail.com', 'F15-protected', 'F71-o.v.nenashev@gmail.com', 'F22', 'F117', 'F71-kutzi@gmx.de', 'F71-dhoover@google.com', 'F71-jglick@71c3de6d-444a-0410-be80-ed276b4c234a', 'F123', 'F110', 'F3-NA', 'F3-Class', 'F71-stephen.alan.connolly@gmail.com', 'F71-kohsuke@71c3de6d-444a-0410-be80-ed276b4c234a', 'F71-nigel.magnay@gmail.com', 'F120', 'F71-mindless@71c3de6d-444a-0410-be80-ed276b4c234a', 'F3-byte[]', 'F3-Object[]', 'category', 'F15-private', 'F3-InputStream', 'F3-ANTLRHashString', 'F3-null', 'F3-long', 'F104', 'F65', 'F71-daniel-beck@github.com', 'F25', 'F3-TaskListener', 'F101', 'F116', 'F3-Integer', 'F3-Level', 'F115'}
     F72            ...             F71-nigel.magnay@gmail.com
1  25951            ...                                      1
2  25951            ...                                      1
3  25951            ...                                      1

[3 rows x 49 columns]
;.;
   F72             ...              F71-nigel.magnay@gmail.com
0  1.0             ...                                     1.0
1  1.0             ...                                     1.0
2  1.0             ...                                     1.0

[3 rows x 49 columns]
training_x: (822, 49)
training_y: 822
testset_x: (375, 49)
testset_y: 375
              precision    recall  f1-score   support

           0       0.67      0.09      0.16       234
           1       0.38      0.92      0.54       141

    accuracy                           0.41       375
   macro avg       0.52      0.51      0.35       375
weighted avg       0.56      0.41      0.31       375

accuracy: 0.4053333333333333
0.5383022774327122
@@@ tn: 22, fp: 212, fn: 11, tp: 130
@@@ LIME - Creating explainer
@@@ LIME - Random Sampling of Instances
iter: 0, sample_no: 241, actual label: 0, predicted: 1
iter: 1, sample_no: 76, actual label: 0, predicted: 1
iter: 2, sample_no: 317, actual label: 0, predicted: 1
iter: 3, sample_no: 351, actual label: 1, predicted: 1
iter: 4, sample_no: 248, actual label: 1, predicted: 1
iter: 5, sample_no: 242, actual label: 0, predicted: 1
iter: 6, sample_no: 370, actual label: 1, predicted: 1
iter: 7, sample_no: 314, actual label: 0, predicted: 1
iter: 8, sample_no: 140, actual label: 0, predicted: 1
iter: 9, sample_no: 251, actual label: 0, predicted: 1
iter: 10, sample_no: 72, actual label: 0, predicted: 1
iter: 11, sample_no: 263, actual label: 0, predicted: 1
iter: 12, sample_no: 123, actual label: 0, predicted: 1
iter: 13, sample_no: 176, actual label: 0, predicted: 1
iter: 14, sample_no: 340, actual label: 0, predicted: 1
iter: 15, sample_no: 117, actual label: 1, predicted: 0
iter: 16, sample_no: 331, actual label: 0, predicted: 1
iter: 17, sample_no: 42, actual label: 0, predicted: 1
iter: 18, sample_no: 299, actual label: 1, predicted: 1
iter: 19, sample_no: 245, actual label: 0, predicted: 1
iter: 20, sample_no: 260, actual label: 1, predicted: 1
iter: 21, sample_no: 208, actual label: 0, predicted: 1
iter: 22, sample_no: 17, actual label: 1, predicted: 1
iter: 23, sample_no: 269, actual label: 0, predicted: 1
iter: 24, sample_no: 340, actual label: 0, predicted: 1
number of samples: 375
AUC 0.5507971146269018
pos_get 141
total recall stop_at 1
@@@ C - Repeat number: 3
@@@ D - common_header:  {'F77', 'F71-ogondza@redhat.com', 'F15-public', 'F3-int', 'F68', 'F15-NA', 'F41', 'F71-kk@kohsuke.org', 'F71-s.sogabe@gmail.com', 'F105', 'F71-jglick@cloudbees.com', 'F72', 'F3-File', 'F126', 'F3-String', 'F71-nicolas.deloof@gmail.com', 'F15-protected', 'F71-o.v.nenashev@gmail.com', 'F22', 'F117', 'F71-kutzi@gmx.de', 'F71-dhoover@google.com', 'F71-jglick@71c3de6d-444a-0410-be80-ed276b4c234a', 'F123', 'F110', 'F3-NA', 'F3-Class', 'F71-stephen.alan.connolly@gmail.com', 'F71-kohsuke@71c3de6d-444a-0410-be80-ed276b4c234a', 'F71-nigel.magnay@gmail.com', 'F120', 'F71-mindless@71c3de6d-444a-0410-be80-ed276b4c234a', 'F3-byte[]', 'F3-Object[]', 'category', 'F15-private', 'F3-InputStream', 'F3-ANTLRHashString', 'F3-null', 'F3-long', 'F104', 'F65', 'F71-daniel-beck@github.com', 'F25', 'F3-TaskListener', 'F101', 'F116', 'F3-Integer', 'F3-Level', 'F115'}
     F72            ...             F71-nigel.magnay@gmail.com
1  25951            ...                                      1
2  25951            ...                                      1
3  25951            ...                                      1

[3 rows x 49 columns]
;.;
   F72             ...              F71-nigel.magnay@gmail.com
0  1.0             ...                                     1.0
1  1.0             ...                                     1.0
2  1.0             ...                                     1.0

[3 rows x 49 columns]
training_x: (822, 49)
training_y: 822
testset_x: (375, 49)
testset_y: 375
              precision    recall  f1-score   support

           0       0.67      0.09      0.16       234
           1       0.38      0.92      0.54       141

    accuracy                           0.41       375
   macro avg       0.52      0.51      0.35       375
weighted avg       0.56      0.41      0.31       375

accuracy: 0.4053333333333333
0.5383022774327122
@@@ tn: 22, fp: 212, fn: 11, tp: 130
@@@ LIME - Creating explainer
@@@ LIME - Random Sampling of Instances
iter: 0, sample_no: 131, actual label: 1, predicted: 1
iter: 1, sample_no: 234, actual label: 0, predicted: 1
iter: 2, sample_no: 77, actual label: 0, predicted: 1
iter: 3, sample_no: 370, actual label: 1, predicted: 1
iter: 4, sample_no: 43, actual label: 0, predicted: 1
iter: 5, sample_no: 330, actual label: 1, predicted: 1
iter: 6, sample_no: 116, actual label: 1, predicted: 0
iter: 7, sample_no: 176, actual label: 0, predicted: 1
iter: 8, sample_no: 121, actual label: 0, predicted: 1
iter: 9, sample_no: 301, actual label: 1, predicted: 1
iter: 10, sample_no: 19, actual label: 0, predicted: 1
iter: 11, sample_no: 248, actual label: 1, predicted: 1
iter: 12, sample_no: 75, actual label: 0, predicted: 1
iter: 13, sample_no: 38, actual label: 1, predicted: 1
iter: 14, sample_no: 110, actual label: 0, predicted: 1
iter: 15, sample_no: 43, actual label: 0, predicted: 1
iter: 16, sample_no: 163, actual label: 0, predicted: 1
iter: 17, sample_no: 220, actual label: 0, predicted: 1
iter: 18, sample_no: 374, actual label: 1, predicted: 1
iter: 19, sample_no: 181, actual label: 0, predicted: 1
iter: 20, sample_no: 169, actual label: 0, predicted: 1
iter: 21, sample_no: 205, actual label: 0, predicted: 1
iter: 22, sample_no: 255, actual label: 1, predicted: 1
iter: 23, sample_no: 39, actual label: 1, predicted: 1
iter: 24, sample_no: 361, actual label: 1, predicted: 1
number of samples: 375
AUC 0.5510698914954235
pos_get 141
total recall stop_at 1
@@@ C - Repeat number: 4
@@@ D - common_header:  {'F77', 'F71-ogondza@redhat.com', 'F15-public', 'F3-int', 'F68', 'F15-NA', 'F41', 'F71-kk@kohsuke.org', 'F71-s.sogabe@gmail.com', 'F105', 'F71-jglick@cloudbees.com', 'F72', 'F3-File', 'F126', 'F3-String', 'F71-nicolas.deloof@gmail.com', 'F15-protected', 'F71-o.v.nenashev@gmail.com', 'F22', 'F117', 'F71-kutzi@gmx.de', 'F71-dhoover@google.com', 'F71-jglick@71c3de6d-444a-0410-be80-ed276b4c234a', 'F123', 'F110', 'F3-NA', 'F3-Class', 'F71-stephen.alan.connolly@gmail.com', 'F71-kohsuke@71c3de6d-444a-0410-be80-ed276b4c234a', 'F71-nigel.magnay@gmail.com', 'F120', 'F71-mindless@71c3de6d-444a-0410-be80-ed276b4c234a', 'F3-byte[]', 'F3-Object[]', 'category', 'F15-private', 'F3-InputStream', 'F3-ANTLRHashString', 'F3-null', 'F3-long', 'F104', 'F65', 'F71-daniel-beck@github.com', 'F25', 'F3-TaskListener', 'F101', 'F116', 'F3-Integer', 'F3-Level', 'F115'}
     F72            ...             F71-nigel.magnay@gmail.com
1  25951            ...                                      1
2  25951            ...                                      1
3  25951            ...                                      1

[3 rows x 49 columns]
;.;
   F72             ...              F71-nigel.magnay@gmail.com
0  1.0             ...                                     1.0
1  1.0             ...                                     1.0
2  1.0             ...                                     1.0

[3 rows x 49 columns]
training_x: (822, 49)
training_y: 822
testset_x: (375, 49)
testset_y: 375
              precision    recall  f1-score   support

           0       0.67      0.09      0.16       234
           1       0.38      0.92      0.54       141

    accuracy                           0.41       375
   macro avg       0.52      0.51      0.35       375
weighted avg       0.56      0.41      0.31       375

accuracy: 0.4053333333333333
0.5383022774327122
@@@ tn: 22, fp: 212, fn: 11, tp: 130
@@@ LIME - Creating explainer
@@@ LIME - Random Sampling of Instances
iter: 0, sample_no: 325, actual label: 1, predicted: 1
iter: 1, sample_no: 94, actual label: 1, predicted: 1
iter: 2, sample_no: 97, actual label: 1, predicted: 1
iter: 3, sample_no: 51, actual label: 0, predicted: 1
iter: 4, sample_no: 335, actual label: 1, predicted: 1
iter: 5, sample_no: 344, actual label: 0, predicted: 1
iter: 6, sample_no: 71, actual label: 0, predicted: 1
iter: 7, sample_no: 286, actual label: 0, predicted: 1
iter: 8, sample_no: 89, actual label: 1, predicted: 1
iter: 9, sample_no: 247, actual label: 1, predicted: 1
iter: 10, sample_no: 188, actual label: 1, predicted: 1
iter: 11, sample_no: 19, actual label: 0, predicted: 1
iter: 12, sample_no: 7, actual label: 0, predicted: 1
iter: 13, sample_no: 374, actual label: 1, predicted: 1
iter: 14, sample_no: 315, actual label: 1, predicted: 1
iter: 15, sample_no: 360, actual label: 1, predicted: 1
iter: 16, sample_no: 341, actual label: 1, predicted: 1
iter: 17, sample_no: 139, actual label: 0, predicted: 1
iter: 18, sample_no: 293, actual label: 1, predicted: 1
iter: 19, sample_no: 82, actual label: 0, predicted: 1
iter: 20, sample_no: 142, actual label: 1, predicted: 1
iter: 21, sample_no: 367, actual label: 1, predicted: 1
iter: 22, sample_no: 232, actual label: 1, predicted: 1
iter: 23, sample_no: 182, actual label: 1, predicted: 1
iter: 24, sample_no: 366, actual label: 1, predicted: 0
number of samples: 375
AUC 0.5508728859792689
pos_get 141
total recall stop_at 1
@@@ C - Repeat number: 5
@@@ D - common_header:  {'F77', 'F71-ogondza@redhat.com', 'F15-public', 'F3-int', 'F68', 'F15-NA', 'F41', 'F71-kk@kohsuke.org', 'F71-s.sogabe@gmail.com', 'F105', 'F71-jglick@cloudbees.com', 'F72', 'F3-File', 'F126', 'F3-String', 'F71-nicolas.deloof@gmail.com', 'F15-protected', 'F71-o.v.nenashev@gmail.com', 'F22', 'F117', 'F71-kutzi@gmx.de', 'F71-dhoover@google.com', 'F71-jglick@71c3de6d-444a-0410-be80-ed276b4c234a', 'F123', 'F110', 'F3-NA', 'F3-Class', 'F71-stephen.alan.connolly@gmail.com', 'F71-kohsuke@71c3de6d-444a-0410-be80-ed276b4c234a', 'F71-nigel.magnay@gmail.com', 'F120', 'F71-mindless@71c3de6d-444a-0410-be80-ed276b4c234a', 'F3-byte[]', 'F3-Object[]', 'category', 'F15-private', 'F3-InputStream', 'F3-ANTLRHashString', 'F3-null', 'F3-long', 'F104', 'F65', 'F71-daniel-beck@github.com', 'F25', 'F3-TaskListener', 'F101', 'F116', 'F3-Integer', 'F3-Level', 'F115'}
     F72            ...             F71-nigel.magnay@gmail.com
1  25951            ...                                      1
2  25951            ...                                      1
3  25951            ...                                      1

[3 rows x 49 columns]
;.;
   F72             ...              F71-nigel.magnay@gmail.com
0  1.0             ...                                     1.0
1  1.0             ...                                     1.0
2  1.0             ...                                     1.0

[3 rows x 49 columns]
training_x: (822, 49)
training_y: 822
testset_x: (375, 49)
testset_y: 375
              precision    recall  f1-score   support

           0       0.67      0.09      0.16       234
           1       0.38      0.92      0.54       141

    accuracy                           0.41       375
   macro avg       0.52      0.51      0.35       375
weighted avg       0.56      0.41      0.31       375

accuracy: 0.4053333333333333
0.5383022774327122
@@@ tn: 22, fp: 212, fn: 11, tp: 130
@@@ LIME - Creating explainer
@@@ LIME - Random Sampling of Instances
iter: 0, sample_no: 327, actual label: 1, predicted: 1
iter: 1, sample_no: 362, actual label: 0, predicted: 1
iter: 2, sample_no: 341, actual label: 1, predicted: 1
iter: 3, sample_no: 99, actual label: 1, predicted: 1
iter: 4, sample_no: 149, actual label: 0, predicted: 1
iter: 5, sample_no: 172, actual label: 0, predicted: 1
iter: 6, sample_no: 127, actual label: 0, predicted: 1
iter: 7, sample_no: 296, actual label: 1, predicted: 1
iter: 8, sample_no: 107, actual label: 1, predicted: 1
iter: 9, sample_no: 37, actual label: 0, predicted: 1
iter: 10, sample_no: 317, actual label: 0, predicted: 1
iter: 11, sample_no: 118, actual label: 0, predicted: 1
iter: 12, sample_no: 137, actual label: 0, predicted: 1
iter: 13, sample_no: 87, actual label: 0, predicted: 1
iter: 14, sample_no: 295, actual label: 1, predicted: 1
iter: 15, sample_no: 57, actual label: 1, predicted: 1
iter: 16, sample_no: 145, actual label: 1, predicted: 1
iter: 17, sample_no: 113, actual label: 1, predicted: 1
iter: 18, sample_no: 226, actual label: 0, predicted: 1
iter: 19, sample_no: 4, actual label: 0, predicted: 1
iter: 20, sample_no: 244, actual label: 0, predicted: 1
iter: 21, sample_no: 120, actual label: 0, predicted: 1
iter: 22, sample_no: 0, actual label: 0, predicted: 1
iter: 23, sample_no: 318, actual label: 0, predicted: 1
iter: 24, sample_no: 256, actual label: 0, predicted: 1
number of samples: 375
AUC 0.5507971146269018
pos_get 141
total recall stop_at 1
@@@ C - Repeat number: 6
@@@ D - common_header:  {'F77', 'F71-ogondza@redhat.com', 'F15-public', 'F3-int', 'F68', 'F15-NA', 'F41', 'F71-kk@kohsuke.org', 'F71-s.sogabe@gmail.com', 'F105', 'F71-jglick@cloudbees.com', 'F72', 'F3-File', 'F126', 'F3-String', 'F71-nicolas.deloof@gmail.com', 'F15-protected', 'F71-o.v.nenashev@gmail.com', 'F22', 'F117', 'F71-kutzi@gmx.de', 'F71-dhoover@google.com', 'F71-jglick@71c3de6d-444a-0410-be80-ed276b4c234a', 'F123', 'F110', 'F3-NA', 'F3-Class', 'F71-stephen.alan.connolly@gmail.com', 'F71-kohsuke@71c3de6d-444a-0410-be80-ed276b4c234a', 'F71-nigel.magnay@gmail.com', 'F120', 'F71-mindless@71c3de6d-444a-0410-be80-ed276b4c234a', 'F3-byte[]', 'F3-Object[]', 'category', 'F15-private', 'F3-InputStream', 'F3-ANTLRHashString', 'F3-null', 'F3-long', 'F104', 'F65', 'F71-daniel-beck@github.com', 'F25', 'F3-TaskListener', 'F101', 'F116', 'F3-Integer', 'F3-Level', 'F115'}
     F72            ...             F71-nigel.magnay@gmail.com
1  25951            ...                                      1
2  25951            ...                                      1
3  25951            ...                                      1

[3 rows x 49 columns]
;.;
   F72             ...              F71-nigel.magnay@gmail.com
0  1.0             ...                                     1.0
1  1.0             ...                                     1.0
2  1.0             ...                                     1.0

[3 rows x 49 columns]
training_x: (822, 49)
training_y: 822
testset_x: (375, 49)
testset_y: 375
              precision    recall  f1-score   support

           0       0.67      0.09      0.16       234
           1       0.38      0.92      0.54       141

    accuracy                           0.41       375
   macro avg       0.52      0.51      0.35       375
weighted avg       0.56      0.41      0.31       375

accuracy: 0.4053333333333333
0.5383022774327122
@@@ tn: 22, fp: 212, fn: 11, tp: 130
@@@ LIME - Creating explainer
@@@ LIME - Random Sampling of Instances
iter: 0, sample_no: 51, actual label: 0, predicted: 1
iter: 1, sample_no: 275, actual label: 0, predicted: 1
iter: 2, sample_no: 304, actual label: 1, predicted: 1
iter: 3, sample_no: 48, actual label: 0, predicted: 1
iter: 4, sample_no: 71, actual label: 0, predicted: 1
iter: 5, sample_no: 223, actual label: 0, predicted: 1
iter: 6, sample_no: 333, actual label: 0, predicted: 1
iter: 7, sample_no: 40, actual label: 0, predicted: 1
iter: 8, sample_no: 373, actual label: 0, predicted: 1
iter: 9, sample_no: 58, actual label: 1, predicted: 1
iter: 10, sample_no: 181, actual label: 0, predicted: 1
iter: 11, sample_no: 186, actual label: 1, predicted: 1
iter: 12, sample_no: 185, actual label: 1, predicted: 1
iter: 13, sample_no: 30, actual label: 0, predicted: 1
iter: 14, sample_no: 142, actual label: 1, predicted: 1
iter: 15, sample_no: 224, actual label: 0, predicted: 1
iter: 16, sample_no: 123, actual label: 0, predicted: 1
iter: 17, sample_no: 100, actual label: 1, predicted: 1
iter: 18, sample_no: 262, actual label: 0, predicted: 1
iter: 19, sample_no: 113, actual label: 1, predicted: 1
iter: 20, sample_no: 120, actual label: 0, predicted: 1
iter: 21, sample_no: 194, actual label: 0, predicted: 0
iter: 22, sample_no: 310, actual label: 0, predicted: 1
iter: 23, sample_no: 42, actual label: 0, predicted: 1
iter: 24, sample_no: 124, actual label: 1, predicted: 1
number of samples: 375
AUC 0.5507971146269018
pos_get 141
total recall stop_at 1
@@@ C - Repeat number: 7
@@@ D - common_header:  {'F77', 'F71-ogondza@redhat.com', 'F15-public', 'F3-int', 'F68', 'F15-NA', 'F41', 'F71-kk@kohsuke.org', 'F71-s.sogabe@gmail.com', 'F105', 'F71-jglick@cloudbees.com', 'F72', 'F3-File', 'F126', 'F3-String', 'F71-nicolas.deloof@gmail.com', 'F15-protected', 'F71-o.v.nenashev@gmail.com', 'F22', 'F117', 'F71-kutzi@gmx.de', 'F71-dhoover@google.com', 'F71-jglick@71c3de6d-444a-0410-be80-ed276b4c234a', 'F123', 'F110', 'F3-NA', 'F3-Class', 'F71-stephen.alan.connolly@gmail.com', 'F71-kohsuke@71c3de6d-444a-0410-be80-ed276b4c234a', 'F71-nigel.magnay@gmail.com', 'F120', 'F71-mindless@71c3de6d-444a-0410-be80-ed276b4c234a', 'F3-byte[]', 'F3-Object[]', 'category', 'F15-private', 'F3-InputStream', 'F3-ANTLRHashString', 'F3-null', 'F3-long', 'F104', 'F65', 'F71-daniel-beck@github.com', 'F25', 'F3-TaskListener', 'F101', 'F116', 'F3-Integer', 'F3-Level', 'F115'}
     F72            ...             F71-nigel.magnay@gmail.com
1  25951            ...                                      1
2  25951            ...                                      1
3  25951            ...                                      1

[3 rows x 49 columns]
;.;
   F72             ...              F71-nigel.magnay@gmail.com
0  1.0             ...                                     1.0
1  1.0             ...                                     1.0
2  1.0             ...                                     1.0

[3 rows x 49 columns]
training_x: (822, 49)
training_y: 822
testset_x: (375, 49)
testset_y: 375
              precision    recall  f1-score   support

           0       0.67      0.09      0.16       234
           1       0.38      0.92      0.54       141

    accuracy                           0.41       375
   macro avg       0.52      0.51      0.35       375
weighted avg       0.56      0.41      0.31       375

accuracy: 0.4053333333333333
0.5383022774327122
@@@ tn: 22, fp: 212, fn: 11, tp: 130
@@@ LIME - Creating explainer
@@@ LIME - Random Sampling of Instances
iter: 0, sample_no: 173, actual label: 1, predicted: 1
iter: 1, sample_no: 0, actual label: 0, predicted: 1
iter: 2, sample_no: 29, actual label: 0, predicted: 1
iter: 3, sample_no: 113, actual label: 1, predicted: 1
iter: 4, sample_no: 181, actual label: 0, predicted: 1
iter: 5, sample_no: 65, actual label: 0, predicted: 1
iter: 6, sample_no: 227, actual label: 0, predicted: 1
iter: 7, sample_no: 230, actual label: 1, predicted: 1
iter: 8, sample_no: 233, actual label: 1, predicted: 1
iter: 9, sample_no: 346, actual label: 0, predicted: 1
iter: 10, sample_no: 148, actual label: 0, predicted: 1
iter: 11, sample_no: 21, actual label: 1, predicted: 1
iter: 12, sample_no: 302, actual label: 1, predicted: 0
iter: 13, sample_no: 7, actual label: 0, predicted: 1
iter: 14, sample_no: 111, actual label: 0, predicted: 1
iter: 15, sample_no: 156, actual label: 0, predicted: 1
iter: 16, sample_no: 324, actual label: 1, predicted: 0
iter: 17, sample_no: 22, actual label: 1, predicted: 1
iter: 18, sample_no: 151, actual label: 1, predicted: 1
iter: 19, sample_no: 215, actual label: 0, predicted: 1
iter: 20, sample_no: 100, actual label: 1, predicted: 1
iter: 21, sample_no: 338, actual label: 1, predicted: 1
iter: 22, sample_no: 125, actual label: 1, predicted: 1
iter: 23, sample_no: 105, actual label: 1, predicted: 1
iter: 24, sample_no: 13, actual label: 0, predicted: 1
number of samples: 375
AUC 0.5509638116021095
pos_get 141
total recall stop_at 1
@@@ C - Repeat number: 8
@@@ D - common_header:  {'F77', 'F71-ogondza@redhat.com', 'F15-public', 'F3-int', 'F68', 'F15-NA', 'F41', 'F71-kk@kohsuke.org', 'F71-s.sogabe@gmail.com', 'F105', 'F71-jglick@cloudbees.com', 'F72', 'F3-File', 'F126', 'F3-String', 'F71-nicolas.deloof@gmail.com', 'F15-protected', 'F71-o.v.nenashev@gmail.com', 'F22', 'F117', 'F71-kutzi@gmx.de', 'F71-dhoover@google.com', 'F71-jglick@71c3de6d-444a-0410-be80-ed276b4c234a', 'F123', 'F110', 'F3-NA', 'F3-Class', 'F71-stephen.alan.connolly@gmail.com', 'F71-kohsuke@71c3de6d-444a-0410-be80-ed276b4c234a', 'F71-nigel.magnay@gmail.com', 'F120', 'F71-mindless@71c3de6d-444a-0410-be80-ed276b4c234a', 'F3-byte[]', 'F3-Object[]', 'category', 'F15-private', 'F3-InputStream', 'F3-ANTLRHashString', 'F3-null', 'F3-long', 'F104', 'F65', 'F71-daniel-beck@github.com', 'F25', 'F3-TaskListener', 'F101', 'F116', 'F3-Integer', 'F3-Level', 'F115'}
     F72            ...             F71-nigel.magnay@gmail.com
1  25951            ...                                      1
2  25951            ...                                      1
3  25951            ...                                      1

[3 rows x 49 columns]
;.;
   F72             ...              F71-nigel.magnay@gmail.com
0  1.0             ...                                     1.0
1  1.0             ...                                     1.0
2  1.0             ...                                     1.0

[3 rows x 49 columns]
training_x: (822, 49)
training_y: 822
testset_x: (375, 49)
testset_y: 375
              precision    recall  f1-score   support

           0       0.67      0.09      0.16       234
           1       0.38      0.92      0.54       141

    accuracy                           0.41       375
   macro avg       0.52      0.51      0.35       375
weighted avg       0.56      0.41      0.31       375

accuracy: 0.4053333333333333
0.5383022774327122
@@@ tn: 22, fp: 212, fn: 11, tp: 130
@@@ LIME - Creating explainer
@@@ LIME - Random Sampling of Instances
iter: 0, sample_no: 109, actual label: 0, predicted: 1
iter: 1, sample_no: 241, actual label: 0, predicted: 1
iter: 2, sample_no: 371, actual label: 0, predicted: 1
iter: 3, sample_no: 357, actual label: 1, predicted: 1
iter: 4, sample_no: 290, actual label: 0, predicted: 1
iter: 5, sample_no: 229, actual label: 0, predicted: 1
iter: 6, sample_no: 239, actual label: 0, predicted: 1
iter: 7, sample_no: 289, actual label: 0, predicted: 1
iter: 8, sample_no: 320, actual label: 0, predicted: 0
iter: 9, sample_no: 123, actual label: 0, predicted: 1
iter: 10, sample_no: 103, actual label: 1, predicted: 1
iter: 11, sample_no: 247, actual label: 1, predicted: 1
iter: 12, sample_no: 364, actual label: 0, predicted: 1
iter: 13, sample_no: 343, actual label: 0, predicted: 1
iter: 14, sample_no: 48, actual label: 0, predicted: 1
iter: 15, sample_no: 301, actual label: 1, predicted: 1
iter: 16, sample_no: 106, actual label: 0, predicted: 1
iter: 17, sample_no: 151, actual label: 1, predicted: 1
iter: 18, sample_no: 60, actual label: 1, predicted: 1
iter: 19, sample_no: 81, actual label: 1, predicted: 1
iter: 20, sample_no: 325, actual label: 1, predicted: 1
iter: 21, sample_no: 97, actual label: 1, predicted: 1
iter: 22, sample_no: 51, actual label: 0, predicted: 1
iter: 23, sample_no: 239, actual label: 0, predicted: 1
iter: 24, sample_no: 226, actual label: 0, predicted: 1
number of samples: 375
AUC 0.5507971146269018
pos_get 141
total recall stop_at 1
@@@ C - Repeat number: 9
@@@ D - common_header:  {'F77', 'F71-ogondza@redhat.com', 'F15-public', 'F3-int', 'F68', 'F15-NA', 'F41', 'F71-kk@kohsuke.org', 'F71-s.sogabe@gmail.com', 'F105', 'F71-jglick@cloudbees.com', 'F72', 'F3-File', 'F126', 'F3-String', 'F71-nicolas.deloof@gmail.com', 'F15-protected', 'F71-o.v.nenashev@gmail.com', 'F22', 'F117', 'F71-kutzi@gmx.de', 'F71-dhoover@google.com', 'F71-jglick@71c3de6d-444a-0410-be80-ed276b4c234a', 'F123', 'F110', 'F3-NA', 'F3-Class', 'F71-stephen.alan.connolly@gmail.com', 'F71-kohsuke@71c3de6d-444a-0410-be80-ed276b4c234a', 'F71-nigel.magnay@gmail.com', 'F120', 'F71-mindless@71c3de6d-444a-0410-be80-ed276b4c234a', 'F3-byte[]', 'F3-Object[]', 'category', 'F15-private', 'F3-InputStream', 'F3-ANTLRHashString', 'F3-null', 'F3-long', 'F104', 'F65', 'F71-daniel-beck@github.com', 'F25', 'F3-TaskListener', 'F101', 'F116', 'F3-Integer', 'F3-Level', 'F115'}
     F72            ...             F71-nigel.magnay@gmail.com
1  25951            ...                                      1
2  25951            ...                                      1
3  25951            ...                                      1

[3 rows x 49 columns]
;.;
   F72             ...              F71-nigel.magnay@gmail.com
0  1.0             ...                                     1.0
1  1.0             ...                                     1.0
2  1.0             ...                                     1.0

[3 rows x 49 columns]
training_x: (822, 49)
training_y: 822
testset_x: (375, 49)
testset_y: 375
              precision    recall  f1-score   support

           0       0.67      0.09      0.16       234
           1       0.38      0.92      0.54       141

    accuracy                           0.41       375
   macro avg       0.52      0.51      0.35       375
weighted avg       0.56      0.41      0.31       375

accuracy: 0.4053333333333333
0.5383022774327122
@@@ tn: 22, fp: 212, fn: 11, tp: 130
@@@ LIME - Creating explainer
@@@ LIME - Random Sampling of Instances
iter: 0, sample_no: 57, actual label: 1, predicted: 1
iter: 1, sample_no: 329, actual label: 0, predicted: 1
iter: 2, sample_no: 334, actual label: 1, predicted: 1
iter: 3, sample_no: 230, actual label: 1, predicted: 1
iter: 4, sample_no: 140, actual label: 0, predicted: 1
iter: 5, sample_no: 36, actual label: 0, predicted: 1
iter: 6, sample_no: 288, actual label: 0, predicted: 1
iter: 7, sample_no: 121, actual label: 0, predicted: 1
iter: 8, sample_no: 146, actual label: 0, predicted: 0
iter: 9, sample_no: 64, actual label: 0, predicted: 1
iter: 10, sample_no: 308, actual label: 0, predicted: 1
iter: 11, sample_no: 33, actual label: 0, predicted: 1
iter: 12, sample_no: 110, actual label: 0, predicted: 1
iter: 13, sample_no: 270, actual label: 0, predicted: 1
iter: 14, sample_no: 154, actual label: 0, predicted: 1
iter: 15, sample_no: 17, actual label: 1, predicted: 1
iter: 16, sample_no: 15, actual label: 0, predicted: 1
iter: 17, sample_no: 216, actual label: 0, predicted: 0
iter: 18, sample_no: 154, actual label: 0, predicted: 1
iter: 19, sample_no: 216, actual label: 0, predicted: 0
iter: 20, sample_no: 155, actual label: 0, predicted: 1
iter: 21, sample_no: 242, actual label: 0, predicted: 1
iter: 22, sample_no: 367, actual label: 1, predicted: 1
iter: 23, sample_no: 274, actual label: 0, predicted: 1
iter: 24, sample_no: 93, actual label: 1, predicted: 1
number of samples: 375
AUC 0.5509789658725829
pos_get 141
total recall stop_at 1
@@@ C - Repeat number: 10
@@@ D - common_header:  {'F77', 'F71-ogondza@redhat.com', 'F15-public', 'F3-int', 'F68', 'F15-NA', 'F41', 'F71-kk@kohsuke.org', 'F71-s.sogabe@gmail.com', 'F105', 'F71-jglick@cloudbees.com', 'F72', 'F3-File', 'F126', 'F3-String', 'F71-nicolas.deloof@gmail.com', 'F15-protected', 'F71-o.v.nenashev@gmail.com', 'F22', 'F117', 'F71-kutzi@gmx.de', 'F71-dhoover@google.com', 'F71-jglick@71c3de6d-444a-0410-be80-ed276b4c234a', 'F123', 'F110', 'F3-NA', 'F3-Class', 'F71-stephen.alan.connolly@gmail.com', 'F71-kohsuke@71c3de6d-444a-0410-be80-ed276b4c234a', 'F71-nigel.magnay@gmail.com', 'F120', 'F71-mindless@71c3de6d-444a-0410-be80-ed276b4c234a', 'F3-byte[]', 'F3-Object[]', 'category', 'F15-private', 'F3-InputStream', 'F3-ANTLRHashString', 'F3-null', 'F3-long', 'F104', 'F65', 'F71-daniel-beck@github.com', 'F25', 'F3-TaskListener', 'F101', 'F116', 'F3-Integer', 'F3-Level', 'F115'}
     F72            ...             F71-nigel.magnay@gmail.com
1  25951            ...                                      1
2  25951            ...                                      1
3  25951            ...                                      1

[3 rows x 49 columns]
;.;
   F72             ...              F71-nigel.magnay@gmail.com
0  1.0             ...                                     1.0
1  1.0             ...                                     1.0
2  1.0             ...                                     1.0

[3 rows x 49 columns]
training_x: (822, 49)
training_y: 822
testset_x: (375, 49)
testset_y: 375
              precision    recall  f1-score   support

           0       0.67      0.09      0.16       234
           1       0.38      0.92      0.54       141

    accuracy                           0.41       375
   macro avg       0.52      0.51      0.35       375
weighted avg       0.56      0.41      0.31       375

accuracy: 0.4053333333333333
0.5383022774327122
@@@ tn: 22, fp: 212, fn: 11, tp: 130
@@@ LIME - Creating explainer
@@@ LIME - Random Sampling of Instances
/Users/author1/anaconda3/lib/python3.6/site-packages/tensorflow/python/framework/dtypes.py:463: FutureWarning: Passing (type, 1) or '1type' as a synonym of type is deprecated; in a future version of numpy, it will be understood as (type, (1,)) / '(1,)type'.
  _np_qint8 = np.dtype([("qint8", np.int8, 1)])
/Users/author1/anaconda3/lib/python3.6/site-packages/tensorflow/python/framework/dtypes.py:464: FutureWarning: Passing (type, 1) or '1type' as a synonym of type is deprecated; in a future version of numpy, it will be understood as (type, (1,)) / '(1,)type'.
  _np_quint8 = np.dtype([("quint8", np.uint8, 1)])
/Users/author1/anaconda3/lib/python3.6/site-packages/tensorflow/python/framework/dtypes.py:465: FutureWarning: Passing (type, 1) or '1type' as a synonym of type is deprecated; in a future version of numpy, it will be understood as (type, (1,)) / '(1,)type'.
  _np_qint16 = np.dtype([("qint16", np.int16, 1)])
/Users/author1/anaconda3/lib/python3.6/site-packages/tensorflow/python/framework/dtypes.py:466: FutureWarning: Passing (type, 1) or '1type' as a synonym of type is deprecated; in a future version of numpy, it will be understood as (type, (1,)) / '(1,)type'.
  _np_quint16 = np.dtype([("quint16", np.uint16, 1)])
/Users/author1/anaconda3/lib/python3.6/site-packages/tensorflow/python/framework/dtypes.py:467: FutureWarning: Passing (type, 1) or '1type' as a synonym of type is deprecated; in a future version of numpy, it will be understood as (type, (1,)) / '(1,)type'.
  _np_qint32 = np.dtype([("qint32", np.int32, 1)])
iter: 0, sample_no: 156, actual label: 0, predicted: 1
iter: 1, sample_no: 101, actual label: 1, predicted: 1
iter: 2, sample_no: 262, actual label: 0, predicted: 1
iter: 3, sample_no: 91, actual label: 1, predicted: 1
iter: 4, sample_no: 6, actual label: 0, predicted: 1
iter: 5, sample_no: 44, actual label: 0, predicted: 1
iter: 6, sample_no: 295, actual label: 1, predicted: 1
iter: 7, sample_no: 39, actual label: 1, predicted: 1
iter: 8, sample_no: 66, actual label: 0, predicted: 1
iter: 9, sample_no: 69, actual label: 0, predicted: 1
iter: 10, sample_no: 316, actual label: 0, predicted: 1
iter: 11, sample_no: 42, actual label: 0, predicted: 1
iter: 12, sample_no: 49, actual label: 0, predicted: 1
iter: 13, sample_no: 167, actual label: 0, predicted: 1
iter: 14, sample_no: 174, actual label: 1, predicted: 1
iter: 15, sample_no: 249, actual label: 1, predicted: 1
iter: 16, sample_no: 75, actual label: 0, predicted: 1
iter: 17, sample_no: 348, actual label: 1, predicted: 1
iter: 18, sample_no: 270, actual label: 0, predicted: 1
iter: 19, sample_no: 73, actual label: 0, predicted: 1
iter: 20, sample_no: 185, actual label: 1, predicted: 1
iter: 21, sample_no: 150, actual label: 0, predicted: 1
iter: 22, sample_no: 307, actual label: 1, predicted: 1
iter: 23, sample_no: 77, actual label: 0, predicted: 1
iter: 24, sample_no: 205, actual label: 0, predicted: 1
number of samples: 375
AUC 0.5509183487906892
pos_get 141
total recall stop_at 1
----------threshold stop at----------: 1
AUC [0.5509789658725829, 0.5507971146269018, 0.5510698914954235, 0.5508728859792689, 0.5507971146269018, 0.5507971146269018, 0.5509638116021095, 0.5507971146269018, 0.5509789658725829, 0.5509183487906892]
AUC_median 0.550895617384979
AUC_iqr 0.00017806267806264042
cost [1, 1, 1, 1, 1, 1, 1, 1, 1, 1]
COST_med 1.0
COST_iqr 0.0
f1_pos_list [0.5383022774327122, 0.5383022774327122, 0.5383022774327122, 0.5383022774327122, 0.5383022774327122, 0.5383022774327122, 0.5383022774327122, 0.5383022774327122, 0.5383022774327122, 0.5383022774327122]
f1_pos_med 0.5383022774327122
