@@@ A - classifier: SVC(C=1.0, break_ties=False, cache_size=200, class_weight='balanced', coef0=0.0,
    decision_function_shape='ovr', degree=3, gamma='scale', kernel='linear',
    max_iter=-1, probability=True, random_state=None, shrinking=True, tol=0.001,
    verbose=False)
@@@ B - threshold stop at: 1
@@@ C - Repeat number: 1
will not use leaked features
@@@ D - common_header:  {'F71-sisbell@apache.org', 'F3-Model', 'F3-null', 'F3-InputStream', 'F65', 'F3-DefaultBeanConfigurationRequest', 'F3-int', 'F71-jvanzyl@apache.org', 'category', 'F71-aheritier@apache.org', 'F71-bentmann@apache.org', 'F25', 'F71-igor@ifedorenko.com', 'F104', 'F3-ModelBuildingRequest', 'F3-ProjectSegment', 'F71-carlos@apache.org', 'F72', 'F3-XmlPullParser', 'F15-NA', 'F77', 'F3-NA', 'F71-olamy@apache.org', 'F71-mkleint@apache.org', 'F71-ifedorenko@apache.org', 'F3-localRepository()', 'F15-public', 'F105', 'F3-File', 'F3-SimpleProblemCollector', 'F71-brett@apache.org', 'F71-brianf@apache.org', 'F68', 'F22', 'F71-hboutemy@apache.org', 'F3-String', 'F15-private', 'F101', 'F71-stephen.alan.connolly@gmail.com', 'F123', 'F3-problems.getModel()', 'F71-jdcasey@apache.org', 'F71-jason@tesla.io', 'F41', 'F71-krosenvold@apache.org', 'F71-ogusakov@apache.org', 'F15-protected', 'F126', 'F3-Artifact', 'F71-kenney@apache.org'}
    F72   F25          ...           F71-jason@tesla.io F71-jdcasey@apache.org
1  2658  1706          ...                            1                      1
2  2658  1706          ...                            1                      0
3  2658  1706          ...                            1                      0

[3 rows x 49 columns]
;.;
       F72           ...            F71-jdcasey@apache.org
0  0.23101           ...                               1.0
1  0.23101           ...                               0.0
2  0.23101           ...                               0.0

[3 rows x 49 columns]
training_x: (813, 49)
training_y: 813
testset_x: (818, 49)
testset_y: 818
              precision    recall  f1-score   support

           0       0.99      0.85      0.91       790
           1       0.16      0.82      0.27        28

    accuracy                           0.85       818
   macro avg       0.58      0.83      0.59       818
weighted avg       0.96      0.85      0.89       818

accuracy: 0.8459657701711492
0.26744186046511625
@@@ tn: 669, fp: 121, fn: 5, tp: 23
@@@ LIME - Creating explainer
@@@ LIME - Random Sampling of Instances
iter: 0, sample_no: 320, actual label: 0, predicted: 0
iter: 1, sample_no: 18, actual label: 0, predicted: 0
iter: 2, sample_no: 43, actual label: 0, predicted: 0
iter: 3, sample_no: 740, actual label: 0, predicted: 0
iter: 4, sample_no: 253, actual label: 0, predicted: 0
iter: 5, sample_no: 616, actual label: 0, predicted: 0
iter: 6, sample_no: 230, actual label: 0, predicted: 0
iter: 7, sample_no: 615, actual label: 0, predicted: 0
iter: 8, sample_no: 122, actual label: 0, predicted: 1
iter: 9, sample_no: 213, actual label: 0, predicted: 0
iter: 10, sample_no: 32, actual label: 0, predicted: 1
iter: 11, sample_no: 490, actual label: 0, predicted: 1
iter: 12, sample_no: 146, actual label: 0, predicted: 0
iter: 13, sample_no: 159, actual label: 0, predicted: 0
iter: 14, sample_no: 379, actual label: 0, predicted: 0
iter: 15, sample_no: 535, actual label: 0, predicted: 0
iter: 16, sample_no: 39, actual label: 0, predicted: 1
iter: 17, sample_no: 369, actual label: 0, predicted: 0
iter: 18, sample_no: 533, actual label: 0, predicted: 0
iter: 19, sample_no: 145, actual label: 0, predicted: 0
iter: 20, sample_no: 421, actual label: 0, predicted: 0
iter: 21, sample_no: 128, actual label: 0, predicted: 1
iter: 22, sample_no: 10, actual label: 0, predicted: 0
iter: 23, sample_no: 46, actual label: 0, predicted: 0
iter: 24, sample_no: 811, actual label: 0, predicted: 0
number of samples: 818
AUC 0.9028933092224232
pos_get 28
total recall stop_at 1.0
@@@ C - Repeat number: 2
will not use leaked features
@@@ D - common_header:  {'F71-sisbell@apache.org', 'F3-Model', 'F3-null', 'F3-InputStream', 'F65', 'F3-DefaultBeanConfigurationRequest', 'F3-int', 'F71-jvanzyl@apache.org', 'category', 'F71-aheritier@apache.org', 'F71-bentmann@apache.org', 'F25', 'F71-igor@ifedorenko.com', 'F104', 'F3-ModelBuildingRequest', 'F3-ProjectSegment', 'F71-carlos@apache.org', 'F72', 'F3-XmlPullParser', 'F15-NA', 'F77', 'F3-NA', 'F71-olamy@apache.org', 'F71-mkleint@apache.org', 'F71-ifedorenko@apache.org', 'F3-localRepository()', 'F15-public', 'F105', 'F3-File', 'F3-SimpleProblemCollector', 'F71-brett@apache.org', 'F71-brianf@apache.org', 'F68', 'F22', 'F71-hboutemy@apache.org', 'F3-String', 'F15-private', 'F101', 'F71-stephen.alan.connolly@gmail.com', 'F123', 'F3-problems.getModel()', 'F71-jdcasey@apache.org', 'F71-jason@tesla.io', 'F41', 'F71-krosenvold@apache.org', 'F71-ogusakov@apache.org', 'F15-protected', 'F126', 'F3-Artifact', 'F71-kenney@apache.org'}
    F72   F25          ...           F71-jason@tesla.io F71-jdcasey@apache.org
1  2658  1706          ...                            1                      1
2  2658  1706          ...                            1                      0
3  2658  1706          ...                            1                      0

[3 rows x 49 columns]
;.;
       F72           ...            F71-jdcasey@apache.org
0  0.23101           ...                               1.0
1  0.23101           ...                               0.0
2  0.23101           ...                               0.0

[3 rows x 49 columns]
training_x: (813, 49)
training_y: 813
testset_x: (818, 49)
testset_y: 818
              precision    recall  f1-score   support

           0       0.99      0.85      0.91       790
           1       0.16      0.82      0.27        28

    accuracy                           0.85       818
   macro avg       0.58      0.83      0.59       818
weighted avg       0.96      0.85      0.89       818

accuracy: 0.8459657701711492
0.26744186046511625
@@@ tn: 669, fp: 121, fn: 5, tp: 23
@@@ LIME - Creating explainer
@@@ LIME - Random Sampling of Instances
iter: 0, sample_no: 419, actual label: 0, predicted: 0
iter: 1, sample_no: 617, actual label: 0, predicted: 0
iter: 2, sample_no: 317, actual label: 0, predicted: 0
iter: 3, sample_no: 300, actual label: 0, predicted: 0
iter: 4, sample_no: 496, actual label: 0, predicted: 0
iter: 5, sample_no: 74, actual label: 0, predicted: 0
iter: 6, sample_no: 234, actual label: 0, predicted: 0
iter: 7, sample_no: 459, actual label: 0, predicted: 0
iter: 8, sample_no: 90, actual label: 0, predicted: 1
iter: 9, sample_no: 498, actual label: 0, predicted: 0
iter: 10, sample_no: 756, actual label: 0, predicted: 0
iter: 11, sample_no: 51, actual label: 0, predicted: 0
iter: 12, sample_no: 518, actual label: 0, predicted: 0
iter: 13, sample_no: 804, actual label: 0, predicted: 0
iter: 14, sample_no: 817, actual label: 0, predicted: 0
iter: 15, sample_no: 33, actual label: 0, predicted: 0
iter: 16, sample_no: 789, actual label: 0, predicted: 0
iter: 17, sample_no: 526, actual label: 0, predicted: 0
iter: 18, sample_no: 510, actual label: 0, predicted: 0
iter: 19, sample_no: 354, actual label: 0, predicted: 0
iter: 20, sample_no: 358, actual label: 0, predicted: 0
iter: 21, sample_no: 685, actual label: 0, predicted: 1
iter: 22, sample_no: 662, actual label: 0, predicted: 1
iter: 23, sample_no: 216, actual label: 0, predicted: 0
iter: 24, sample_no: 690, actual label: 0, predicted: 0
number of samples: 818
AUC 0.9028933092224231
pos_get 28
total recall stop_at 1.0
@@@ C - Repeat number: 3
will not use leaked features
@@@ D - common_header:  {'F71-sisbell@apache.org', 'F3-Model', 'F3-null', 'F3-InputStream', 'F65', 'F3-DefaultBeanConfigurationRequest', 'F3-int', 'F71-jvanzyl@apache.org', 'category', 'F71-aheritier@apache.org', 'F71-bentmann@apache.org', 'F25', 'F71-igor@ifedorenko.com', 'F104', 'F3-ModelBuildingRequest', 'F3-ProjectSegment', 'F71-carlos@apache.org', 'F72', 'F3-XmlPullParser', 'F15-NA', 'F77', 'F3-NA', 'F71-olamy@apache.org', 'F71-mkleint@apache.org', 'F71-ifedorenko@apache.org', 'F3-localRepository()', 'F15-public', 'F105', 'F3-File', 'F3-SimpleProblemCollector', 'F71-brett@apache.org', 'F71-brianf@apache.org', 'F68', 'F22', 'F71-hboutemy@apache.org', 'F3-String', 'F15-private', 'F101', 'F71-stephen.alan.connolly@gmail.com', 'F123', 'F3-problems.getModel()', 'F71-jdcasey@apache.org', 'F71-jason@tesla.io', 'F41', 'F71-krosenvold@apache.org', 'F71-ogusakov@apache.org', 'F15-protected', 'F126', 'F3-Artifact', 'F71-kenney@apache.org'}
    F72   F25          ...           F71-jason@tesla.io F71-jdcasey@apache.org
1  2658  1706          ...                            1                      1
2  2658  1706          ...                            1                      0
3  2658  1706          ...                            1                      0

[3 rows x 49 columns]
;.;
       F72           ...            F71-jdcasey@apache.org
0  0.23101           ...                               1.0
1  0.23101           ...                               0.0
2  0.23101           ...                               0.0

[3 rows x 49 columns]
training_x: (813, 49)
training_y: 813
testset_x: (818, 49)
testset_y: 818
              precision    recall  f1-score   support

           0       0.99      0.85      0.91       790
           1       0.16      0.82      0.27        28

    accuracy                           0.85       818
   macro avg       0.58      0.83      0.59       818
weighted avg       0.96      0.85      0.89       818

accuracy: 0.8459657701711492
0.26744186046511625
@@@ tn: 669, fp: 121, fn: 5, tp: 23
@@@ LIME - Creating explainer
@@@ LIME - Random Sampling of Instances
iter: 0, sample_no: 414, actual label: 0, predicted: 0
iter: 1, sample_no: 251, actual label: 0, predicted: 0
iter: 2, sample_no: 368, actual label: 0, predicted: 0
iter: 3, sample_no: 278, actual label: 0, predicted: 0
iter: 4, sample_no: 597, actual label: 0, predicted: 0
iter: 5, sample_no: 600, actual label: 0, predicted: 0
iter: 6, sample_no: 51, actual label: 0, predicted: 0
iter: 7, sample_no: 463, actual label: 0, predicted: 0
iter: 8, sample_no: 347, actual label: 0, predicted: 0
iter: 9, sample_no: 741, actual label: 0, predicted: 0
iter: 10, sample_no: 200, actual label: 0, predicted: 0
iter: 11, sample_no: 219, actual label: 0, predicted: 0
iter: 12, sample_no: 395, actual label: 0, predicted: 0
iter: 13, sample_no: 656, actual label: 0, predicted: 0
iter: 14, sample_no: 719, actual label: 0, predicted: 0
iter: 15, sample_no: 633, actual label: 0, predicted: 1
iter: 16, sample_no: 542, actual label: 0, predicted: 0
iter: 17, sample_no: 766, actual label: 1, predicted: 0
iter: 18, sample_no: 672, actual label: 0, predicted: 1
iter: 19, sample_no: 358, actual label: 0, predicted: 0
iter: 20, sample_no: 118, actual label: 0, predicted: 1
iter: 21, sample_no: 671, actual label: 0, predicted: 1
iter: 22, sample_no: 773, actual label: 0, predicted: 0
iter: 23, sample_no: 37, actual label: 0, predicted: 1
iter: 24, sample_no: 549, actual label: 0, predicted: 0
number of samples: 818
AUC 0.9028933092224231
pos_get 28
total recall stop_at 1.0
@@@ C - Repeat number: 4
will not use leaked features
@@@ D - common_header:  {'F71-sisbell@apache.org', 'F3-Model', 'F3-null', 'F3-InputStream', 'F65', 'F3-DefaultBeanConfigurationRequest', 'F3-int', 'F71-jvanzyl@apache.org', 'category', 'F71-aheritier@apache.org', 'F71-bentmann@apache.org', 'F25', 'F71-igor@ifedorenko.com', 'F104', 'F3-ModelBuildingRequest', 'F3-ProjectSegment', 'F71-carlos@apache.org', 'F72', 'F3-XmlPullParser', 'F15-NA', 'F77', 'F3-NA', 'F71-olamy@apache.org', 'F71-mkleint@apache.org', 'F71-ifedorenko@apache.org', 'F3-localRepository()', 'F15-public', 'F105', 'F3-File', 'F3-SimpleProblemCollector', 'F71-brett@apache.org', 'F71-brianf@apache.org', 'F68', 'F22', 'F71-hboutemy@apache.org', 'F3-String', 'F15-private', 'F101', 'F71-stephen.alan.connolly@gmail.com', 'F123', 'F3-problems.getModel()', 'F71-jdcasey@apache.org', 'F71-jason@tesla.io', 'F41', 'F71-krosenvold@apache.org', 'F71-ogusakov@apache.org', 'F15-protected', 'F126', 'F3-Artifact', 'F71-kenney@apache.org'}
    F72   F25          ...           F71-jason@tesla.io F71-jdcasey@apache.org
1  2658  1706          ...                            1                      1
2  2658  1706          ...                            1                      0
3  2658  1706          ...                            1                      0

[3 rows x 49 columns]
;.;
       F72           ...            F71-jdcasey@apache.org
0  0.23101           ...                               1.0
1  0.23101           ...                               0.0
2  0.23101           ...                               0.0

[3 rows x 49 columns]
training_x: (813, 49)
training_y: 813
testset_x: (818, 49)
testset_y: 818
              precision    recall  f1-score   support

           0       0.99      0.85      0.91       790
           1       0.16      0.82      0.27        28

    accuracy                           0.85       818
   macro avg       0.58      0.83      0.59       818
weighted avg       0.96      0.85      0.89       818

accuracy: 0.8459657701711492
0.26744186046511625
@@@ tn: 669, fp: 121, fn: 5, tp: 23
@@@ LIME - Creating explainer
@@@ LIME - Random Sampling of Instances
iter: 0, sample_no: 552, actual label: 0, predicted: 0
iter: 1, sample_no: 279, actual label: 0, predicted: 0
iter: 2, sample_no: 151, actual label: 0, predicted: 0
iter: 3, sample_no: 563, actual label: 0, predicted: 0
iter: 4, sample_no: 1, actual label: 0, predicted: 0
iter: 5, sample_no: 218, actual label: 0, predicted: 0
iter: 6, sample_no: 136, actual label: 0, predicted: 0
iter: 7, sample_no: 236, actual label: 0, predicted: 0
iter: 8, sample_no: 124, actual label: 0, predicted: 1
iter: 9, sample_no: 384, actual label: 0, predicted: 0
iter: 10, sample_no: 737, actual label: 0, predicted: 0
iter: 11, sample_no: 130, actual label: 0, predicted: 0
iter: 12, sample_no: 234, actual label: 0, predicted: 0
iter: 13, sample_no: 442, actual label: 0, predicted: 0
iter: 14, sample_no: 222, actual label: 0, predicted: 0
iter: 15, sample_no: 665, actual label: 0, predicted: 0
iter: 16, sample_no: 310, actual label: 0, predicted: 0
iter: 17, sample_no: 355, actual label: 0, predicted: 0
iter: 18, sample_no: 323, actual label: 0, predicted: 0
iter: 19, sample_no: 681, actual label: 0, predicted: 0
iter: 20, sample_no: 668, actual label: 0, predicted: 0
iter: 21, sample_no: 337, actual label: 0, predicted: 0
iter: 22, sample_no: 291, actual label: 0, predicted: 0
iter: 23, sample_no: 28, actual label: 0, predicted: 1
iter: 24, sample_no: 358, actual label: 0, predicted: 0
number of samples: 818
AUC 0.9028933092224231
pos_get 28
total recall stop_at 1.0
@@@ C - Repeat number: 5
will not use leaked features
@@@ D - common_header:  {'F71-sisbell@apache.org', 'F3-Model', 'F3-null', 'F3-InputStream', 'F65', 'F3-DefaultBeanConfigurationRequest', 'F3-int', 'F71-jvanzyl@apache.org', 'category', 'F71-aheritier@apache.org', 'F71-bentmann@apache.org', 'F25', 'F71-igor@ifedorenko.com', 'F104', 'F3-ModelBuildingRequest', 'F3-ProjectSegment', 'F71-carlos@apache.org', 'F72', 'F3-XmlPullParser', 'F15-NA', 'F77', 'F3-NA', 'F71-olamy@apache.org', 'F71-mkleint@apache.org', 'F71-ifedorenko@apache.org', 'F3-localRepository()', 'F15-public', 'F105', 'F3-File', 'F3-SimpleProblemCollector', 'F71-brett@apache.org', 'F71-brianf@apache.org', 'F68', 'F22', 'F71-hboutemy@apache.org', 'F3-String', 'F15-private', 'F101', 'F71-stephen.alan.connolly@gmail.com', 'F123', 'F3-problems.getModel()', 'F71-jdcasey@apache.org', 'F71-jason@tesla.io', 'F41', 'F71-krosenvold@apache.org', 'F71-ogusakov@apache.org', 'F15-protected', 'F126', 'F3-Artifact', 'F71-kenney@apache.org'}
    F72   F25          ...           F71-jason@tesla.io F71-jdcasey@apache.org
1  2658  1706          ...                            1                      1
2  2658  1706          ...                            1                      0
3  2658  1706          ...                            1                      0

[3 rows x 49 columns]
;.;
       F72           ...            F71-jdcasey@apache.org
0  0.23101           ...                               1.0
1  0.23101           ...                               0.0
2  0.23101           ...                               0.0

[3 rows x 49 columns]
training_x: (813, 49)
training_y: 813
testset_x: (818, 49)
testset_y: 818
              precision    recall  f1-score   support

           0       0.99      0.85      0.91       790
           1       0.16      0.82      0.27        28

    accuracy                           0.85       818
   macro avg       0.58      0.83      0.59       818
weighted avg       0.96      0.85      0.89       818

accuracy: 0.8459657701711492
0.26744186046511625
@@@ tn: 669, fp: 121, fn: 5, tp: 23
@@@ LIME - Creating explainer
@@@ LIME - Random Sampling of Instances
iter: 0, sample_no: 327, actual label: 0, predicted: 0
iter: 1, sample_no: 537, actual label: 0, predicted: 0
iter: 2, sample_no: 129, actual label: 0, predicted: 1
iter: 3, sample_no: 456, actual label: 0, predicted: 0
iter: 4, sample_no: 232, actual label: 0, predicted: 0
iter: 5, sample_no: 574, actual label: 0, predicted: 1
iter: 6, sample_no: 97, actual label: 1, predicted: 1
iter: 7, sample_no: 613, actual label: 0, predicted: 0
iter: 8, sample_no: 234, actual label: 0, predicted: 0
iter: 9, sample_no: 65, actual label: 0, predicted: 0
iter: 10, sample_no: 378, actual label: 0, predicted: 0
iter: 11, sample_no: 554, actual label: 0, predicted: 0
iter: 12, sample_no: 157, actual label: 0, predicted: 0
iter: 13, sample_no: 136, actual label: 0, predicted: 0
iter: 14, sample_no: 683, actual label: 0, predicted: 0
iter: 15, sample_no: 58, actual label: 0, predicted: 0
iter: 16, sample_no: 619, actual label: 0, predicted: 0
iter: 17, sample_no: 636, actual label: 0, predicted: 1
iter: 18, sample_no: 175, actual label: 0, predicted: 0
iter: 19, sample_no: 132, actual label: 0, predicted: 1
iter: 20, sample_no: 771, actual label: 0, predicted: 0
iter: 21, sample_no: 613, actual label: 0, predicted: 0
iter: 22, sample_no: 141, actual label: 0, predicted: 1
iter: 23, sample_no: 112, actual label: 0, predicted: 0
iter: 24, sample_no: 390, actual label: 0, predicted: 0
number of samples: 818
AUC 0.9028933092224232
pos_get 28
total recall stop_at 1.0
@@@ C - Repeat number: 6
will not use leaked features
@@@ D - common_header:  {'F71-sisbell@apache.org', 'F3-Model', 'F3-null', 'F3-InputStream', 'F65', 'F3-DefaultBeanConfigurationRequest', 'F3-int', 'F71-jvanzyl@apache.org', 'category', 'F71-aheritier@apache.org', 'F71-bentmann@apache.org', 'F25', 'F71-igor@ifedorenko.com', 'F104', 'F3-ModelBuildingRequest', 'F3-ProjectSegment', 'F71-carlos@apache.org', 'F72', 'F3-XmlPullParser', 'F15-NA', 'F77', 'F3-NA', 'F71-olamy@apache.org', 'F71-mkleint@apache.org', 'F71-ifedorenko@apache.org', 'F3-localRepository()', 'F15-public', 'F105', 'F3-File', 'F3-SimpleProblemCollector', 'F71-brett@apache.org', 'F71-brianf@apache.org', 'F68', 'F22', 'F71-hboutemy@apache.org', 'F3-String', 'F15-private', 'F101', 'F71-stephen.alan.connolly@gmail.com', 'F123', 'F3-problems.getModel()', 'F71-jdcasey@apache.org', 'F71-jason@tesla.io', 'F41', 'F71-krosenvold@apache.org', 'F71-ogusakov@apache.org', 'F15-protected', 'F126', 'F3-Artifact', 'F71-kenney@apache.org'}
    F72   F25          ...           F71-jason@tesla.io F71-jdcasey@apache.org
1  2658  1706          ...                            1                      1
2  2658  1706          ...                            1                      0
3  2658  1706          ...                            1                      0

[3 rows x 49 columns]
;.;
       F72           ...            F71-jdcasey@apache.org
0  0.23101           ...                               1.0
1  0.23101           ...                               0.0
2  0.23101           ...                               0.0

[3 rows x 49 columns]
training_x: (813, 49)
training_y: 813
testset_x: (818, 49)
testset_y: 818
              precision    recall  f1-score   support

           0       0.99      0.85      0.91       790
           1       0.16      0.82      0.27        28

    accuracy                           0.85       818
   macro avg       0.58      0.83      0.59       818
weighted avg       0.96      0.85      0.89       818

accuracy: 0.8459657701711492
0.26744186046511625
@@@ tn: 669, fp: 121, fn: 5, tp: 23
@@@ LIME - Creating explainer
@@@ LIME - Random Sampling of Instances
iter: 0, sample_no: 563, actual label: 0, predicted: 0
iter: 1, sample_no: 211, actual label: 0, predicted: 0
iter: 2, sample_no: 152, actual label: 0, predicted: 0
iter: 3, sample_no: 623, actual label: 1, predicted: 1
iter: 4, sample_no: 102, actual label: 0, predicted: 0
iter: 5, sample_no: 776, actual label: 0, predicted: 0
iter: 6, sample_no: 13, actual label: 0, predicted: 0
iter: 7, sample_no: 130, actual label: 0, predicted: 0
iter: 8, sample_no: 664, actual label: 0, predicted: 1
iter: 9, sample_no: 328, actual label: 0, predicted: 0
iter: 10, sample_no: 791, actual label: 0, predicted: 0
iter: 11, sample_no: 393, actual label: 0, predicted: 0
iter: 12, sample_no: 759, actual label: 0, predicted: 0
iter: 13, sample_no: 69, actual label: 0, predicted: 0
iter: 14, sample_no: 544, actual label: 0, predicted: 0
iter: 15, sample_no: 745, actual label: 0, predicted: 0
iter: 16, sample_no: 329, actual label: 0, predicted: 0
iter: 17, sample_no: 763, actual label: 0, predicted: 0
iter: 18, sample_no: 118, actual label: 0, predicted: 1
iter: 19, sample_no: 361, actual label: 0, predicted: 0
iter: 20, sample_no: 173, actual label: 0, predicted: 0
iter: 21, sample_no: 666, actual label: 0, predicted: 0
iter: 22, sample_no: 559, actual label: 0, predicted: 0
iter: 23, sample_no: 334, actual label: 0, predicted: 0
iter: 24, sample_no: 25, actual label: 0, predicted: 0
number of samples: 818
AUC 0.9028933092224232
pos_get 28
total recall stop_at 1.0
@@@ C - Repeat number: 7
will not use leaked features
@@@ D - common_header:  {'F71-sisbell@apache.org', 'F3-Model', 'F3-null', 'F3-InputStream', 'F65', 'F3-DefaultBeanConfigurationRequest', 'F3-int', 'F71-jvanzyl@apache.org', 'category', 'F71-aheritier@apache.org', 'F71-bentmann@apache.org', 'F25', 'F71-igor@ifedorenko.com', 'F104', 'F3-ModelBuildingRequest', 'F3-ProjectSegment', 'F71-carlos@apache.org', 'F72', 'F3-XmlPullParser', 'F15-NA', 'F77', 'F3-NA', 'F71-olamy@apache.org', 'F71-mkleint@apache.org', 'F71-ifedorenko@apache.org', 'F3-localRepository()', 'F15-public', 'F105', 'F3-File', 'F3-SimpleProblemCollector', 'F71-brett@apache.org', 'F71-brianf@apache.org', 'F68', 'F22', 'F71-hboutemy@apache.org', 'F3-String', 'F15-private', 'F101', 'F71-stephen.alan.connolly@gmail.com', 'F123', 'F3-problems.getModel()', 'F71-jdcasey@apache.org', 'F71-jason@tesla.io', 'F41', 'F71-krosenvold@apache.org', 'F71-ogusakov@apache.org', 'F15-protected', 'F126', 'F3-Artifact', 'F71-kenney@apache.org'}
    F72   F25          ...           F71-jason@tesla.io F71-jdcasey@apache.org
1  2658  1706          ...                            1                      1
2  2658  1706          ...                            1                      0
3  2658  1706          ...                            1                      0

[3 rows x 49 columns]
;.;
       F72           ...            F71-jdcasey@apache.org
0  0.23101           ...                               1.0
1  0.23101           ...                               0.0
2  0.23101           ...                               0.0

[3 rows x 49 columns]
training_x: (813, 49)
training_y: 813
testset_x: (818, 49)
testset_y: 818
              precision    recall  f1-score   support

           0       0.99      0.85      0.91       790
           1       0.16      0.82      0.27        28

    accuracy                           0.85       818
   macro avg       0.58      0.83      0.59       818
weighted avg       0.96      0.85      0.89       818

accuracy: 0.8459657701711492
0.26744186046511625
@@@ tn: 669, fp: 121, fn: 5, tp: 23
@@@ LIME - Creating explainer
@@@ LIME - Random Sampling of Instances
iter: 0, sample_no: 685, actual label: 0, predicted: 1
iter: 1, sample_no: 48, actual label: 0, predicted: 0
iter: 2, sample_no: 450, actual label: 0, predicted: 0
iter: 3, sample_no: 452, actual label: 0, predicted: 0
iter: 4, sample_no: 367, actual label: 0, predicted: 0
iter: 5, sample_no: 239, actual label: 0, predicted: 0
iter: 6, sample_no: 150, actual label: 0, predicted: 0
iter: 7, sample_no: 760, actual label: 0, predicted: 0
iter: 8, sample_no: 403, actual label: 0, predicted: 0
iter: 9, sample_no: 503, actual label: 0, predicted: 0
iter: 10, sample_no: 321, actual label: 0, predicted: 0
iter: 11, sample_no: 345, actual label: 0, predicted: 0
iter: 12, sample_no: 693, actual label: 0, predicted: 0
iter: 13, sample_no: 489, actual label: 0, predicted: 1
iter: 14, sample_no: 135, actual label: 0, predicted: 0
iter: 15, sample_no: 119, actual label: 0, predicted: 1
iter: 16, sample_no: 466, actual label: 0, predicted: 0
iter: 17, sample_no: 503, actual label: 0, predicted: 0
iter: 18, sample_no: 755, actual label: 0, predicted: 0
iter: 19, sample_no: 618, actual label: 0, predicted: 0
iter: 20, sample_no: 28, actual label: 0, predicted: 1
iter: 21, sample_no: 201, actual label: 0, predicted: 0
iter: 22, sample_no: 405, actual label: 0, predicted: 0
iter: 23, sample_no: 718, actual label: 0, predicted: 0
iter: 24, sample_no: 59, actual label: 0, predicted: 0
number of samples: 818
AUC 0.9028933092224232
pos_get 28
total recall stop_at 1.0
@@@ C - Repeat number: 8
will not use leaked features
@@@ D - common_header:  {'F71-sisbell@apache.org', 'F3-Model', 'F3-null', 'F3-InputStream', 'F65', 'F3-DefaultBeanConfigurationRequest', 'F3-int', 'F71-jvanzyl@apache.org', 'category', 'F71-aheritier@apache.org', 'F71-bentmann@apache.org', 'F25', 'F71-igor@ifedorenko.com', 'F104', 'F3-ModelBuildingRequest', 'F3-ProjectSegment', 'F71-carlos@apache.org', 'F72', 'F3-XmlPullParser', 'F15-NA', 'F77', 'F3-NA', 'F71-olamy@apache.org', 'F71-mkleint@apache.org', 'F71-ifedorenko@apache.org', 'F3-localRepository()', 'F15-public', 'F105', 'F3-File', 'F3-SimpleProblemCollector', 'F71-brett@apache.org', 'F71-brianf@apache.org', 'F68', 'F22', 'F71-hboutemy@apache.org', 'F3-String', 'F15-private', 'F101', 'F71-stephen.alan.connolly@gmail.com', 'F123', 'F3-problems.getModel()', 'F71-jdcasey@apache.org', 'F71-jason@tesla.io', 'F41', 'F71-krosenvold@apache.org', 'F71-ogusakov@apache.org', 'F15-protected', 'F126', 'F3-Artifact', 'F71-kenney@apache.org'}
    F72   F25          ...           F71-jason@tesla.io F71-jdcasey@apache.org
1  2658  1706          ...                            1                      1
2  2658  1706          ...                            1                      0
3  2658  1706          ...                            1                      0

[3 rows x 49 columns]
;.;
       F72           ...            F71-jdcasey@apache.org
0  0.23101           ...                               1.0
1  0.23101           ...                               0.0
2  0.23101           ...                               0.0

[3 rows x 49 columns]
training_x: (813, 49)
training_y: 813
testset_x: (818, 49)
testset_y: 818
              precision    recall  f1-score   support

           0       0.99      0.85      0.91       790
           1       0.16      0.82      0.27        28

    accuracy                           0.85       818
   macro avg       0.58      0.83      0.59       818
weighted avg       0.96      0.85      0.89       818

accuracy: 0.8459657701711492
0.26744186046511625
@@@ tn: 669, fp: 121, fn: 5, tp: 23
@@@ LIME - Creating explainer
@@@ LIME - Random Sampling of Instances
iter: 0, sample_no: 480, actual label: 0, predicted: 1
iter: 1, sample_no: 175, actual label: 0, predicted: 0
iter: 2, sample_no: 285, actual label: 0, predicted: 0
iter: 3, sample_no: 156, actual label: 0, predicted: 0
iter: 4, sample_no: 12, actual label: 0, predicted: 0
iter: 5, sample_no: 279, actual label: 0, predicted: 0
iter: 6, sample_no: 696, actual label: 0, predicted: 1
iter: 7, sample_no: 710, actual label: 0, predicted: 0
iter: 8, sample_no: 518, actual label: 0, predicted: 0
iter: 9, sample_no: 694, actual label: 0, predicted: 0
iter: 10, sample_no: 686, actual label: 0, predicted: 1
iter: 11, sample_no: 594, actual label: 0, predicted: 1
iter: 12, sample_no: 558, actual label: 0, predicted: 0
iter: 13, sample_no: 43, actual label: 0, predicted: 0
iter: 14, sample_no: 225, actual label: 0, predicted: 0
iter: 15, sample_no: 678, actual label: 0, predicted: 0
iter: 16, sample_no: 343, actual label: 0, predicted: 0
iter: 17, sample_no: 541, actual label: 0, predicted: 0
iter: 18, sample_no: 352, actual label: 0, predicted: 0
iter: 19, sample_no: 502, actual label: 0, predicted: 0
iter: 20, sample_no: 562, actual label: 0, predicted: 0
iter: 21, sample_no: 15, actual label: 0, predicted: 0
iter: 22, sample_no: 359, actual label: 0, predicted: 0
iter: 23, sample_no: 505, actual label: 0, predicted: 0
iter: 24, sample_no: 350, actual label: 0, predicted: 0
number of samples: 818
AUC 0.9028933092224231
pos_get 28
total recall stop_at 1.0
@@@ C - Repeat number: 9
will not use leaked features
@@@ D - common_header:  {'F71-sisbell@apache.org', 'F3-Model', 'F3-null', 'F3-InputStream', 'F65', 'F3-DefaultBeanConfigurationRequest', 'F3-int', 'F71-jvanzyl@apache.org', 'category', 'F71-aheritier@apache.org', 'F71-bentmann@apache.org', 'F25', 'F71-igor@ifedorenko.com', 'F104', 'F3-ModelBuildingRequest', 'F3-ProjectSegment', 'F71-carlos@apache.org', 'F72', 'F3-XmlPullParser', 'F15-NA', 'F77', 'F3-NA', 'F71-olamy@apache.org', 'F71-mkleint@apache.org', 'F71-ifedorenko@apache.org', 'F3-localRepository()', 'F15-public', 'F105', 'F3-File', 'F3-SimpleProblemCollector', 'F71-brett@apache.org', 'F71-brianf@apache.org', 'F68', 'F22', 'F71-hboutemy@apache.org', 'F3-String', 'F15-private', 'F101', 'F71-stephen.alan.connolly@gmail.com', 'F123', 'F3-problems.getModel()', 'F71-jdcasey@apache.org', 'F71-jason@tesla.io', 'F41', 'F71-krosenvold@apache.org', 'F71-ogusakov@apache.org', 'F15-protected', 'F126', 'F3-Artifact', 'F71-kenney@apache.org'}
    F72   F25          ...           F71-jason@tesla.io F71-jdcasey@apache.org
1  2658  1706          ...                            1                      1
2  2658  1706          ...                            1                      0
3  2658  1706          ...                            1                      0

[3 rows x 49 columns]
;.;
       F72           ...            F71-jdcasey@apache.org
0  0.23101           ...                               1.0
1  0.23101           ...                               0.0
2  0.23101           ...                               0.0

[3 rows x 49 columns]
training_x: (813, 49)
training_y: 813
testset_x: (818, 49)
testset_y: 818
              precision    recall  f1-score   support

           0       0.99      0.85      0.91       790
           1       0.16      0.82      0.27        28

    accuracy                           0.85       818
   macro avg       0.58      0.83      0.59       818
weighted avg       0.96      0.85      0.89       818

accuracy: 0.8459657701711492
0.26744186046511625
@@@ tn: 669, fp: 121, fn: 5, tp: 23
@@@ LIME - Creating explainer
@@@ LIME - Random Sampling of Instances
iter: 0, sample_no: 57, actual label: 0, predicted: 0
iter: 1, sample_no: 600, actual label: 0, predicted: 0
iter: 2, sample_no: 373, actual label: 0, predicted: 0
iter: 3, sample_no: 14, actual label: 1, predicted: 1
iter: 4, sample_no: 452, actual label: 0, predicted: 0
iter: 5, sample_no: 317, actual label: 0, predicted: 0
iter: 6, sample_no: 804, actual label: 0, predicted: 0
iter: 7, sample_no: 358, actual label: 0, predicted: 0
iter: 8, sample_no: 67, actual label: 0, predicted: 0
iter: 9, sample_no: 126, actual label: 0, predicted: 0
iter: 10, sample_no: 497, actual label: 0, predicted: 0
iter: 11, sample_no: 635, actual label: 1, predicted: 1
iter: 12, sample_no: 448, actual label: 0, predicted: 0
iter: 13, sample_no: 630, actual label: 0, predicted: 0
iter: 14, sample_no: 221, actual label: 0, predicted: 0
iter: 15, sample_no: 803, actual label: 0, predicted: 0
iter: 16, sample_no: 528, actual label: 0, predicted: 0
iter: 17, sample_no: 751, actual label: 0, predicted: 0
iter: 18, sample_no: 800, actual label: 0, predicted: 0
iter: 19, sample_no: 344, actual label: 0, predicted: 0
iter: 20, sample_no: 320, actual label: 0, predicted: 0
iter: 21, sample_no: 730, actual label: 0, predicted: 0
iter: 22, sample_no: 362, actual label: 0, predicted: 0
iter: 23, sample_no: 780, actual label: 0, predicted: 0
iter: 24, sample_no: 543, actual label: 0, predicted: 0
number of samples: 818
AUC 0.9028933092224231
pos_get 28
total recall stop_at 1.0
@@@ C - Repeat number: 10
will not use leaked features
@@@ D - common_header:  {'F71-sisbell@apache.org', 'F3-Model', 'F3-null', 'F3-InputStream', 'F65', 'F3-DefaultBeanConfigurationRequest', 'F3-int', 'F71-jvanzyl@apache.org', 'category', 'F71-aheritier@apache.org', 'F71-bentmann@apache.org', 'F25', 'F71-igor@ifedorenko.com', 'F104', 'F3-ModelBuildingRequest', 'F3-ProjectSegment', 'F71-carlos@apache.org', 'F72', 'F3-XmlPullParser', 'F15-NA', 'F77', 'F3-NA', 'F71-olamy@apache.org', 'F71-mkleint@apache.org', 'F71-ifedorenko@apache.org', 'F3-localRepository()', 'F15-public', 'F105', 'F3-File', 'F3-SimpleProblemCollector', 'F71-brett@apache.org', 'F71-brianf@apache.org', 'F68', 'F22', 'F71-hboutemy@apache.org', 'F3-String', 'F15-private', 'F101', 'F71-stephen.alan.connolly@gmail.com', 'F123', 'F3-problems.getModel()', 'F71-jdcasey@apache.org', 'F71-jason@tesla.io', 'F41', 'F71-krosenvold@apache.org', 'F71-ogusakov@apache.org', 'F15-protected', 'F126', 'F3-Artifact', 'F71-kenney@apache.org'}
    F72   F25          ...           F71-jason@tesla.io F71-jdcasey@apache.org
1  2658  1706          ...                            1                      1
2  2658  1706          ...                            1                      0
3  2658  1706          ...                            1                      0

[3 rows x 49 columns]
;.;
       F72           ...            F71-jdcasey@apache.org
0  0.23101           ...                               1.0
1  0.23101           ...                               0.0
2  0.23101           ...                               0.0

[3 rows x 49 columns]
training_x: (813, 49)
training_y: 813
testset_x: (818, 49)
testset_y: 818
              precision    recall  f1-score   support

           0       0.99      0.85      0.91       790
           1       0.16      0.82      0.27        28

    accuracy                           0.85       818
   macro avg       0.58      0.83      0.59       818
weighted avg       0.96      0.85      0.89       818

accuracy: 0.8459657701711492
0.26744186046511625
@@@ tn: 669, fp: 121, fn: 5, tp: 23
@@@ LIME - Creating explainer
@@@ LIME - Random Sampling of Instances
/Users/author1/anaconda3/lib/python3.6/site-packages/tensorflow/python/framework/dtypes.py:463: FutureWarning: Passing (type, 1) or '1type' as a synonym of type is deprecated; in a future version of numpy, it will be understood as (type, (1,)) / '(1,)type'.
  _np_qint8 = np.dtype([("qint8", np.int8, 1)])
/Users/author1/anaconda3/lib/python3.6/site-packages/tensorflow/python/framework/dtypes.py:464: FutureWarning: Passing (type, 1) or '1type' as a synonym of type is deprecated; in a future version of numpy, it will be understood as (type, (1,)) / '(1,)type'.
  _np_quint8 = np.dtype([("quint8", np.uint8, 1)])
/Users/author1/anaconda3/lib/python3.6/site-packages/tensorflow/python/framework/dtypes.py:465: FutureWarning: Passing (type, 1) or '1type' as a synonym of type is deprecated; in a future version of numpy, it will be understood as (type, (1,)) / '(1,)type'.
  _np_qint16 = np.dtype([("qint16", np.int16, 1)])
/Users/author1/anaconda3/lib/python3.6/site-packages/tensorflow/python/framework/dtypes.py:466: FutureWarning: Passing (type, 1) or '1type' as a synonym of type is deprecated; in a future version of numpy, it will be understood as (type, (1,)) / '(1,)type'.
  _np_quint16 = np.dtype([("quint16", np.uint16, 1)])
/Users/author1/anaconda3/lib/python3.6/site-packages/tensorflow/python/framework/dtypes.py:467: FutureWarning: Passing (type, 1) or '1type' as a synonym of type is deprecated; in a future version of numpy, it will be understood as (type, (1,)) / '(1,)type'.
  _np_qint32 = np.dtype([("qint32", np.int32, 1)])
iter: 0, sample_no: 668, actual label: 0, predicted: 0
iter: 1, sample_no: 474, actual label: 0, predicted: 0
iter: 2, sample_no: 136, actual label: 0, predicted: 0
iter: 3, sample_no: 686, actual label: 0, predicted: 1
iter: 4, sample_no: 516, actual label: 0, predicted: 0
iter: 5, sample_no: 557, actual label: 0, predicted: 0
iter: 6, sample_no: 771, actual label: 0, predicted: 0
iter: 7, sample_no: 550, actual label: 0, predicted: 0
iter: 8, sample_no: 537, actual label: 0, predicted: 0
iter: 9, sample_no: 599, actual label: 0, predicted: 0
iter: 10, sample_no: 789, actual label: 0, predicted: 0
iter: 11, sample_no: 336, actual label: 0, predicted: 0
iter: 12, sample_no: 59, actual label: 0, predicted: 0
iter: 13, sample_no: 44, actual label: 0, predicted: 0
iter: 14, sample_no: 207, actual label: 0, predicted: 0
iter: 15, sample_no: 284, actual label: 0, predicted: 0
iter: 16, sample_no: 473, actual label: 0, predicted: 1
iter: 17, sample_no: 167, actual label: 0, predicted: 0
iter: 18, sample_no: 354, actual label: 0, predicted: 0
iter: 19, sample_no: 668, actual label: 0, predicted: 0
iter: 20, sample_no: 530, actual label: 0, predicted: 0
iter: 21, sample_no: 148, actual label: 0, predicted: 0
iter: 22, sample_no: 208, actual label: 0, predicted: 0
iter: 23, sample_no: 589, actual label: 0, predicted: 1
iter: 24, sample_no: 683, actual label: 0, predicted: 0
number of samples: 818
AUC 0.9028933092224231
pos_get 28
total recall stop_at 1.0
----------threshold stop at----------: 1
AUC [0.9028933092224232, 0.9028933092224231, 0.9028933092224231, 0.9028933092224231, 0.9028933092224232, 0.9028933092224232, 0.9028933092224232, 0.9028933092224231, 0.9028933092224231, 0.9028933092224231]
AUC_median 0.9028933092224231
AUC_iqr 1.1102230246251565e-16
cost [0.24572127139364303, 0.24572127139364303, 0.24572127139364303, 0.24572127139364303, 0.24572127139364303, 0.24572127139364303, 0.24572127139364303, 0.24572127139364303, 0.24572127139364303, 0.24572127139364303]
COST_med 0.24572127139364303
COST_iqr 0.0
f1_pos_list [0.26744186046511625, 0.26744186046511625, 0.26744186046511625, 0.26744186046511625, 0.26744186046511625, 0.26744186046511625, 0.26744186046511625, 0.26744186046511625, 0.26744186046511625, 0.26744186046511625]
f1_pos_med 0.26744186046511625
