@@@ A - classifier: SVC(C=1.0, break_ties=False, cache_size=200, class_weight='balanced', coef0=0.0,
    decision_function_shape='ovr', degree=3, gamma='scale', kernel='linear',
    max_iter=-1, probability=True, random_state=None, shrinking=True, tol=0.001,
    verbose=False)
@@@ B - threshold stop at: 1
@@@ C - Repeat number: 1
@@@ D - common_header:  {'F71-olamy@apache.org', 'F71-bentmann@apache.org', 'F3-String', 'F22', 'F105', 'F126', 'F71-hboutemy@apache.org', 'F71-ifedorenko@apache.org', 'F3-SimpleProblemCollector', 'F41', 'F115', 'F15-public', 'F71-ogusakov@apache.org', 'F25', 'F117', 'F3-ModelBuildingRequest', 'F71-brett@apache.org', 'F3-NA', 'F77', 'F3-InputStream', 'F15-protected', 'F3-localRepository()', 'F123', 'F71-brianf@apache.org', 'F71-aheritier@apache.org', 'F116', 'F3-Model', 'F71-jvanzyl@apache.org', 'F101', 'F3-DefaultBeanConfigurationRequest', 'F71-carlos@apache.org', 'F71-jdcasey@apache.org', 'F3-null', 'F65', 'F3-File', 'F71-sisbell@apache.org', 'F71-stephen.alan.connolly@gmail.com', 'F3-int', 'F3-XmlPullParser', 'F15-private', 'F71-mkleint@apache.org', 'F71-krosenvold@apache.org', 'F3-problems.getModel()', 'F15-NA', 'F68', 'F71-igor@ifedorenko.com', 'F110', 'F72', 'F71-jason@tesla.io', 'category', 'F104', 'F120', 'F3-ProjectSegment', 'F71-kenney@apache.org', 'F3-Artifact'}
    F72   F25          ...           F71-jason@tesla.io F71-jdcasey@apache.org
1  2658  1706          ...                            1                      1
2  2658  1706          ...                            1                      0
3  2658  1706          ...                            1                      0

[3 rows x 54 columns]
;.;
       F72           ...            F71-jdcasey@apache.org
0  0.23101           ...                               1.0
1  0.23101           ...                               0.0
2  0.23101           ...                               0.0

[3 rows x 54 columns]
training_x: (813, 54)
training_y: 813
testset_x: (818, 54)
testset_y: 818
              precision    recall  f1-score   support

           0       1.00      0.99      0.99       790
           1       0.77      0.96      0.86        28

    accuracy                           0.99       818
   macro avg       0.89      0.98      0.93       818
weighted avg       0.99      0.99      0.99       818

accuracy: 0.988997555012225
0.8571428571428572
@@@ tn: 782, fp: 8, fn: 1, tp: 27
@@@ LIME - Creating explainer
@@@ LIME - Random Sampling of Instances
iter: 0, sample_no: 320, actual label: 0, predicted: 0
iter: 1, sample_no: 329, actual label: 0, predicted: 0
iter: 2, sample_no: 403, actual label: 0, predicted: 0
iter: 3, sample_no: 399, actual label: 0, predicted: 0
iter: 4, sample_no: 388, actual label: 0, predicted: 0
iter: 5, sample_no: 270, actual label: 0, predicted: 0
iter: 6, sample_no: 113, actual label: 0, predicted: 0
iter: 7, sample_no: 353, actual label: 0, predicted: 0
iter: 8, sample_no: 507, actual label: 0, predicted: 0
iter: 9, sample_no: 273, actual label: 0, predicted: 0
iter: 10, sample_no: 119, actual label: 0, predicted: 0
iter: 11, sample_no: 8, actual label: 1, predicted: 1
iter: 12, sample_no: 543, actual label: 0, predicted: 0
iter: 13, sample_no: 380, actual label: 0, predicted: 0
iter: 14, sample_no: 310, actual label: 0, predicted: 0
iter: 15, sample_no: 543, actual label: 0, predicted: 0
iter: 16, sample_no: 497, actual label: 0, predicted: 0
iter: 17, sample_no: 744, actual label: 0, predicted: 0
iter: 18, sample_no: 365, actual label: 0, predicted: 0
iter: 19, sample_no: 414, actual label: 0, predicted: 0
iter: 20, sample_no: 38, actual label: 0, predicted: 0
iter: 21, sample_no: 131, actual label: 0, predicted: 0
iter: 22, sample_no: 411, actual label: 0, predicted: 0
iter: 23, sample_no: 766, actual label: 1, predicted: 1
iter: 24, sample_no: 784, actual label: 0, predicted: 0
number of samples: 818
AUC 0.997875226039783
pos_get 28
total recall stop_at 1.0
@@@ C - Repeat number: 2
@@@ D - common_header:  {'F71-olamy@apache.org', 'F71-bentmann@apache.org', 'F3-String', 'F22', 'F105', 'F126', 'F71-hboutemy@apache.org', 'F71-ifedorenko@apache.org', 'F3-SimpleProblemCollector', 'F41', 'F115', 'F15-public', 'F71-ogusakov@apache.org', 'F25', 'F117', 'F3-ModelBuildingRequest', 'F71-brett@apache.org', 'F3-NA', 'F77', 'F3-InputStream', 'F15-protected', 'F3-localRepository()', 'F123', 'F71-brianf@apache.org', 'F71-aheritier@apache.org', 'F116', 'F3-Model', 'F71-jvanzyl@apache.org', 'F101', 'F3-DefaultBeanConfigurationRequest', 'F71-carlos@apache.org', 'F71-jdcasey@apache.org', 'F3-null', 'F65', 'F3-File', 'F71-sisbell@apache.org', 'F71-stephen.alan.connolly@gmail.com', 'F3-int', 'F3-XmlPullParser', 'F15-private', 'F71-mkleint@apache.org', 'F71-krosenvold@apache.org', 'F3-problems.getModel()', 'F15-NA', 'F68', 'F71-igor@ifedorenko.com', 'F110', 'F72', 'F71-jason@tesla.io', 'category', 'F104', 'F120', 'F3-ProjectSegment', 'F71-kenney@apache.org', 'F3-Artifact'}
    F72   F25          ...           F71-jason@tesla.io F71-jdcasey@apache.org
1  2658  1706          ...                            1                      1
2  2658  1706          ...                            1                      0
3  2658  1706          ...                            1                      0

[3 rows x 54 columns]
;.;
       F72           ...            F71-jdcasey@apache.org
0  0.23101           ...                               1.0
1  0.23101           ...                               0.0
2  0.23101           ...                               0.0

[3 rows x 54 columns]
training_x: (813, 54)
training_y: 813
testset_x: (818, 54)
testset_y: 818
              precision    recall  f1-score   support

           0       1.00      0.99      0.99       790
           1       0.77      0.96      0.86        28

    accuracy                           0.99       818
   macro avg       0.89      0.98      0.93       818
weighted avg       0.99      0.99      0.99       818

accuracy: 0.988997555012225
0.8571428571428572
@@@ tn: 782, fp: 8, fn: 1, tp: 27
@@@ LIME - Creating explainer
@@@ LIME - Random Sampling of Instances
iter: 0, sample_no: 419, actual label: 0, predicted: 0
iter: 1, sample_no: 24, actual label: 0, predicted: 0
iter: 2, sample_no: 633, actual label: 0, predicted: 0
iter: 3, sample_no: 181, actual label: 0, predicted: 0
iter: 4, sample_no: 780, actual label: 0, predicted: 0
iter: 5, sample_no: 225, actual label: 0, predicted: 0
iter: 6, sample_no: 541, actual label: 0, predicted: 0
iter: 7, sample_no: 198, actual label: 0, predicted: 0
iter: 8, sample_no: 771, actual label: 0, predicted: 0
iter: 9, sample_no: 746, actual label: 0, predicted: 0
iter: 10, sample_no: 320, actual label: 0, predicted: 0
iter: 11, sample_no: 615, actual label: 0, predicted: 0
iter: 12, sample_no: 89, actual label: 0, predicted: 0
iter: 13, sample_no: 189, actual label: 0, predicted: 0
iter: 14, sample_no: 344, actual label: 0, predicted: 0
iter: 15, sample_no: 345, actual label: 0, predicted: 0
iter: 16, sample_no: 611, actual label: 0, predicted: 0
iter: 17, sample_no: 95, actual label: 0, predicted: 0
iter: 18, sample_no: 444, actual label: 0, predicted: 0
iter: 19, sample_no: 299, actual label: 0, predicted: 0
iter: 20, sample_no: 801, actual label: 0, predicted: 0
iter: 21, sample_no: 331, actual label: 0, predicted: 0
iter: 22, sample_no: 438, actual label: 0, predicted: 0
iter: 23, sample_no: 500, actual label: 0, predicted: 0
iter: 24, sample_no: 789, actual label: 0, predicted: 0
number of samples: 818
AUC 0.997875226039783
pos_get 28
total recall stop_at 1.0
@@@ C - Repeat number: 3
@@@ D - common_header:  {'F71-olamy@apache.org', 'F71-bentmann@apache.org', 'F3-String', 'F22', 'F105', 'F126', 'F71-hboutemy@apache.org', 'F71-ifedorenko@apache.org', 'F3-SimpleProblemCollector', 'F41', 'F115', 'F15-public', 'F71-ogusakov@apache.org', 'F25', 'F117', 'F3-ModelBuildingRequest', 'F71-brett@apache.org', 'F3-NA', 'F77', 'F3-InputStream', 'F15-protected', 'F3-localRepository()', 'F123', 'F71-brianf@apache.org', 'F71-aheritier@apache.org', 'F116', 'F3-Model', 'F71-jvanzyl@apache.org', 'F101', 'F3-DefaultBeanConfigurationRequest', 'F71-carlos@apache.org', 'F71-jdcasey@apache.org', 'F3-null', 'F65', 'F3-File', 'F71-sisbell@apache.org', 'F71-stephen.alan.connolly@gmail.com', 'F3-int', 'F3-XmlPullParser', 'F15-private', 'F71-mkleint@apache.org', 'F71-krosenvold@apache.org', 'F3-problems.getModel()', 'F15-NA', 'F68', 'F71-igor@ifedorenko.com', 'F110', 'F72', 'F71-jason@tesla.io', 'category', 'F104', 'F120', 'F3-ProjectSegment', 'F71-kenney@apache.org', 'F3-Artifact'}
    F72   F25          ...           F71-jason@tesla.io F71-jdcasey@apache.org
1  2658  1706          ...                            1                      1
2  2658  1706          ...                            1                      0
3  2658  1706          ...                            1                      0

[3 rows x 54 columns]
;.;
       F72           ...            F71-jdcasey@apache.org
0  0.23101           ...                               1.0
1  0.23101           ...                               0.0
2  0.23101           ...                               0.0

[3 rows x 54 columns]
training_x: (813, 54)
training_y: 813
testset_x: (818, 54)
testset_y: 818
              precision    recall  f1-score   support

           0       1.00      0.99      0.99       790
           1       0.77      0.96      0.86        28

    accuracy                           0.99       818
   macro avg       0.89      0.98      0.93       818
weighted avg       0.99      0.99      0.99       818

accuracy: 0.988997555012225
0.8571428571428572
@@@ tn: 782, fp: 8, fn: 1, tp: 27
@@@ LIME - Creating explainer
@@@ LIME - Random Sampling of Instances
iter: 0, sample_no: 414, actual label: 0, predicted: 0
iter: 1, sample_no: 415, actual label: 0, predicted: 0
iter: 2, sample_no: 318, actual label: 0, predicted: 0
iter: 3, sample_no: 598, actual label: 0, predicted: 0
iter: 4, sample_no: 197, actual label: 0, predicted: 0
iter: 5, sample_no: 746, actual label: 0, predicted: 0
iter: 6, sample_no: 379, actual label: 0, predicted: 0
iter: 7, sample_no: 235, actual label: 0, predicted: 0
iter: 8, sample_no: 402, actual label: 0, predicted: 0
iter: 9, sample_no: 686, actual label: 0, predicted: 0
iter: 10, sample_no: 242, actual label: 0, predicted: 0
iter: 11, sample_no: 370, actual label: 0, predicted: 0
iter: 12, sample_no: 108, actual label: 1, predicted: 1
iter: 13, sample_no: 727, actual label: 0, predicted: 0
iter: 14, sample_no: 512, actual label: 0, predicted: 0
iter: 15, sample_no: 461, actual label: 0, predicted: 0
iter: 16, sample_no: 373, actual label: 0, predicted: 0
iter: 17, sample_no: 234, actual label: 0, predicted: 0
iter: 18, sample_no: 154, actual label: 0, predicted: 0
iter: 19, sample_no: 735, actual label: 0, predicted: 0
iter: 20, sample_no: 264, actual label: 0, predicted: 0
iter: 21, sample_no: 743, actual label: 0, predicted: 0
iter: 22, sample_no: 584, actual label: 0, predicted: 0
iter: 23, sample_no: 763, actual label: 0, predicted: 0
iter: 24, sample_no: 613, actual label: 0, predicted: 0
number of samples: 818
AUC 0.997875226039783
pos_get 28
total recall stop_at 1.0
@@@ C - Repeat number: 4
@@@ D - common_header:  {'F71-olamy@apache.org', 'F71-bentmann@apache.org', 'F3-String', 'F22', 'F105', 'F126', 'F71-hboutemy@apache.org', 'F71-ifedorenko@apache.org', 'F3-SimpleProblemCollector', 'F41', 'F115', 'F15-public', 'F71-ogusakov@apache.org', 'F25', 'F117', 'F3-ModelBuildingRequest', 'F71-brett@apache.org', 'F3-NA', 'F77', 'F3-InputStream', 'F15-protected', 'F3-localRepository()', 'F123', 'F71-brianf@apache.org', 'F71-aheritier@apache.org', 'F116', 'F3-Model', 'F71-jvanzyl@apache.org', 'F101', 'F3-DefaultBeanConfigurationRequest', 'F71-carlos@apache.org', 'F71-jdcasey@apache.org', 'F3-null', 'F65', 'F3-File', 'F71-sisbell@apache.org', 'F71-stephen.alan.connolly@gmail.com', 'F3-int', 'F3-XmlPullParser', 'F15-private', 'F71-mkleint@apache.org', 'F71-krosenvold@apache.org', 'F3-problems.getModel()', 'F15-NA', 'F68', 'F71-igor@ifedorenko.com', 'F110', 'F72', 'F71-jason@tesla.io', 'category', 'F104', 'F120', 'F3-ProjectSegment', 'F71-kenney@apache.org', 'F3-Artifact'}
    F72   F25          ...           F71-jason@tesla.io F71-jdcasey@apache.org
1  2658  1706          ...                            1                      1
2  2658  1706          ...                            1                      0
3  2658  1706          ...                            1                      0

[3 rows x 54 columns]
;.;
       F72           ...            F71-jdcasey@apache.org
0  0.23101           ...                               1.0
1  0.23101           ...                               0.0
2  0.23101           ...                               0.0

[3 rows x 54 columns]
training_x: (813, 54)
training_y: 813
testset_x: (818, 54)
testset_y: 818
              precision    recall  f1-score   support

           0       1.00      0.99      0.99       790
           1       0.77      0.96      0.86        28

    accuracy                           0.99       818
   macro avg       0.89      0.98      0.93       818
weighted avg       0.99      0.99      0.99       818

accuracy: 0.988997555012225
0.8571428571428572
@@@ tn: 782, fp: 8, fn: 1, tp: 27
@@@ LIME - Creating explainer
@@@ LIME - Random Sampling of Instances
iter: 0, sample_no: 552, actual label: 0, predicted: 0
iter: 1, sample_no: 631, actual label: 0, predicted: 0
iter: 2, sample_no: 374, actual label: 0, predicted: 0
iter: 3, sample_no: 645, actual label: 1, predicted: 1
iter: 4, sample_no: 96, actual label: 0, predicted: 0
iter: 5, sample_no: 518, actual label: 0, predicted: 0
iter: 6, sample_no: 560, actual label: 0, predicted: 0
iter: 7, sample_no: 414, actual label: 0, predicted: 0
iter: 8, sample_no: 643, actual label: 1, predicted: 1
iter: 9, sample_no: 442, actual label: 0, predicted: 0
iter: 10, sample_no: 255, actual label: 0, predicted: 0
iter: 11, sample_no: 195, actual label: 0, predicted: 0
iter: 12, sample_no: 784, actual label: 0, predicted: 0
iter: 13, sample_no: 665, actual label: 0, predicted: 0
iter: 14, sample_no: 245, actual label: 0, predicted: 0
iter: 15, sample_no: 500, actual label: 0, predicted: 0
iter: 16, sample_no: 698, actual label: 0, predicted: 0
iter: 17, sample_no: 132, actual label: 0, predicted: 0
iter: 18, sample_no: 813, actual label: 0, predicted: 0
iter: 19, sample_no: 367, actual label: 0, predicted: 0
iter: 20, sample_no: 110, actual label: 0, predicted: 0
iter: 21, sample_no: 492, actual label: 0, predicted: 0
iter: 22, sample_no: 413, actual label: 0, predicted: 0
iter: 23, sample_no: 443, actual label: 0, predicted: 0
iter: 24, sample_no: 71, actual label: 0, predicted: 0
number of samples: 818
AUC 0.9980108499095841
pos_get 28
total recall stop_at 1.0
@@@ C - Repeat number: 5
@@@ D - common_header:  {'F71-olamy@apache.org', 'F71-bentmann@apache.org', 'F3-String', 'F22', 'F105', 'F126', 'F71-hboutemy@apache.org', 'F71-ifedorenko@apache.org', 'F3-SimpleProblemCollector', 'F41', 'F115', 'F15-public', 'F71-ogusakov@apache.org', 'F25', 'F117', 'F3-ModelBuildingRequest', 'F71-brett@apache.org', 'F3-NA', 'F77', 'F3-InputStream', 'F15-protected', 'F3-localRepository()', 'F123', 'F71-brianf@apache.org', 'F71-aheritier@apache.org', 'F116', 'F3-Model', 'F71-jvanzyl@apache.org', 'F101', 'F3-DefaultBeanConfigurationRequest', 'F71-carlos@apache.org', 'F71-jdcasey@apache.org', 'F3-null', 'F65', 'F3-File', 'F71-sisbell@apache.org', 'F71-stephen.alan.connolly@gmail.com', 'F3-int', 'F3-XmlPullParser', 'F15-private', 'F71-mkleint@apache.org', 'F71-krosenvold@apache.org', 'F3-problems.getModel()', 'F15-NA', 'F68', 'F71-igor@ifedorenko.com', 'F110', 'F72', 'F71-jason@tesla.io', 'category', 'F104', 'F120', 'F3-ProjectSegment', 'F71-kenney@apache.org', 'F3-Artifact'}
    F72   F25          ...           F71-jason@tesla.io F71-jdcasey@apache.org
1  2658  1706          ...                            1                      1
2  2658  1706          ...                            1                      0
3  2658  1706          ...                            1                      0

[3 rows x 54 columns]
;.;
       F72           ...            F71-jdcasey@apache.org
0  0.23101           ...                               1.0
1  0.23101           ...                               0.0
2  0.23101           ...                               0.0

[3 rows x 54 columns]
training_x: (813, 54)
training_y: 813
testset_x: (818, 54)
testset_y: 818
              precision    recall  f1-score   support

           0       1.00      0.99      0.99       790
           1       0.77      0.96      0.86        28

    accuracy                           0.99       818
   macro avg       0.89      0.98      0.93       818
weighted avg       0.99      0.99      0.99       818

accuracy: 0.988997555012225
0.8571428571428572
@@@ tn: 782, fp: 8, fn: 1, tp: 27
@@@ LIME - Creating explainer
@@@ LIME - Random Sampling of Instances
iter: 0, sample_no: 327, actual label: 0, predicted: 0
iter: 1, sample_no: 73, actual label: 0, predicted: 0
iter: 2, sample_no: 243, actual label: 0, predicted: 0
iter: 3, sample_no: 259, actual label: 0, predicted: 0
iter: 4, sample_no: 558, actual label: 0, predicted: 0
iter: 5, sample_no: 213, actual label: 0, predicted: 0
iter: 6, sample_no: 54, actual label: 0, predicted: 0
iter: 7, sample_no: 150, actual label: 0, predicted: 0
iter: 8, sample_no: 408, actual label: 0, predicted: 0
iter: 9, sample_no: 696, actual label: 0, predicted: 1
iter: 10, sample_no: 791, actual label: 0, predicted: 0
iter: 11, sample_no: 567, actual label: 0, predicted: 0
iter: 12, sample_no: 209, actual label: 0, predicted: 0
iter: 13, sample_no: 413, actual label: 0, predicted: 0
iter: 14, sample_no: 791, actual label: 0, predicted: 0
iter: 15, sample_no: 618, actual label: 0, predicted: 0
iter: 16, sample_no: 125, actual label: 1, predicted: 1
iter: 17, sample_no: 330, actual label: 0, predicted: 0
iter: 18, sample_no: 721, actual label: 0, predicted: 0
iter: 19, sample_no: 462, actual label: 0, predicted: 0
iter: 20, sample_no: 808, actual label: 0, predicted: 0
iter: 21, sample_no: 287, actual label: 0, predicted: 0
iter: 22, sample_no: 650, actual label: 0, predicted: 0
iter: 23, sample_no: 390, actual label: 0, predicted: 0
iter: 24, sample_no: 197, actual label: 0, predicted: 0
number of samples: 818
AUC 0.9977848101265823
pos_get 28
total recall stop_at 1.0
@@@ C - Repeat number: 6
@@@ D - common_header:  {'F71-olamy@apache.org', 'F71-bentmann@apache.org', 'F3-String', 'F22', 'F105', 'F126', 'F71-hboutemy@apache.org', 'F71-ifedorenko@apache.org', 'F3-SimpleProblemCollector', 'F41', 'F115', 'F15-public', 'F71-ogusakov@apache.org', 'F25', 'F117', 'F3-ModelBuildingRequest', 'F71-brett@apache.org', 'F3-NA', 'F77', 'F3-InputStream', 'F15-protected', 'F3-localRepository()', 'F123', 'F71-brianf@apache.org', 'F71-aheritier@apache.org', 'F116', 'F3-Model', 'F71-jvanzyl@apache.org', 'F101', 'F3-DefaultBeanConfigurationRequest', 'F71-carlos@apache.org', 'F71-jdcasey@apache.org', 'F3-null', 'F65', 'F3-File', 'F71-sisbell@apache.org', 'F71-stephen.alan.connolly@gmail.com', 'F3-int', 'F3-XmlPullParser', 'F15-private', 'F71-mkleint@apache.org', 'F71-krosenvold@apache.org', 'F3-problems.getModel()', 'F15-NA', 'F68', 'F71-igor@ifedorenko.com', 'F110', 'F72', 'F71-jason@tesla.io', 'category', 'F104', 'F120', 'F3-ProjectSegment', 'F71-kenney@apache.org', 'F3-Artifact'}
    F72   F25          ...           F71-jason@tesla.io F71-jdcasey@apache.org
1  2658  1706          ...                            1                      1
2  2658  1706          ...                            1                      0
3  2658  1706          ...                            1                      0

[3 rows x 54 columns]
;.;
       F72           ...            F71-jdcasey@apache.org
0  0.23101           ...                               1.0
1  0.23101           ...                               0.0
2  0.23101           ...                               0.0

[3 rows x 54 columns]
training_x: (813, 54)
training_y: 813
testset_x: (818, 54)
testset_y: 818
              precision    recall  f1-score   support

           0       1.00      0.99      0.99       790
           1       0.77      0.96      0.86        28

    accuracy                           0.99       818
   macro avg       0.89      0.98      0.93       818
weighted avg       0.99      0.99      0.99       818

accuracy: 0.988997555012225
0.8571428571428572
@@@ tn: 782, fp: 8, fn: 1, tp: 27
@@@ LIME - Creating explainer
@@@ LIME - Random Sampling of Instances
iter: 0, sample_no: 563, actual label: 0, predicted: 0
iter: 1, sample_no: 746, actual label: 0, predicted: 0
iter: 2, sample_no: 405, actual label: 0, predicted: 0
iter: 3, sample_no: 193, actual label: 0, predicted: 0
iter: 4, sample_no: 341, actual label: 0, predicted: 0
iter: 5, sample_no: 389, actual label: 0, predicted: 0
iter: 6, sample_no: 205, actual label: 0, predicted: 0
iter: 7, sample_no: 250, actual label: 0, predicted: 0
iter: 8, sample_no: 337, actual label: 0, predicted: 0
iter: 9, sample_no: 458, actual label: 0, predicted: 0
iter: 10, sample_no: 688, actual label: 0, predicted: 0
iter: 11, sample_no: 451, actual label: 0, predicted: 0
iter: 12, sample_no: 574, actual label: 0, predicted: 0
iter: 13, sample_no: 269, actual label: 0, predicted: 0
iter: 14, sample_no: 816, actual label: 0, predicted: 0
iter: 15, sample_no: 518, actual label: 0, predicted: 0
iter: 16, sample_no: 87, actual label: 0, predicted: 0
iter: 17, sample_no: 10, actual label: 0, predicted: 0
iter: 18, sample_no: 464, actual label: 0, predicted: 0
iter: 19, sample_no: 711, actual label: 0, predicted: 0
iter: 20, sample_no: 494, actual label: 0, predicted: 0
iter: 21, sample_no: 761, actual label: 0, predicted: 0
iter: 22, sample_no: 783, actual label: 0, predicted: 0
iter: 23, sample_no: 323, actual label: 0, predicted: 0
iter: 24, sample_no: 452, actual label: 0, predicted: 0
number of samples: 818
AUC 0.997875226039783
pos_get 28
total recall stop_at 1.0
@@@ C - Repeat number: 7
@@@ D - common_header:  {'F71-olamy@apache.org', 'F71-bentmann@apache.org', 'F3-String', 'F22', 'F105', 'F126', 'F71-hboutemy@apache.org', 'F71-ifedorenko@apache.org', 'F3-SimpleProblemCollector', 'F41', 'F115', 'F15-public', 'F71-ogusakov@apache.org', 'F25', 'F117', 'F3-ModelBuildingRequest', 'F71-brett@apache.org', 'F3-NA', 'F77', 'F3-InputStream', 'F15-protected', 'F3-localRepository()', 'F123', 'F71-brianf@apache.org', 'F71-aheritier@apache.org', 'F116', 'F3-Model', 'F71-jvanzyl@apache.org', 'F101', 'F3-DefaultBeanConfigurationRequest', 'F71-carlos@apache.org', 'F71-jdcasey@apache.org', 'F3-null', 'F65', 'F3-File', 'F71-sisbell@apache.org', 'F71-stephen.alan.connolly@gmail.com', 'F3-int', 'F3-XmlPullParser', 'F15-private', 'F71-mkleint@apache.org', 'F71-krosenvold@apache.org', 'F3-problems.getModel()', 'F15-NA', 'F68', 'F71-igor@ifedorenko.com', 'F110', 'F72', 'F71-jason@tesla.io', 'category', 'F104', 'F120', 'F3-ProjectSegment', 'F71-kenney@apache.org', 'F3-Artifact'}
    F72   F25          ...           F71-jason@tesla.io F71-jdcasey@apache.org
1  2658  1706          ...                            1                      1
2  2658  1706          ...                            1                      0
3  2658  1706          ...                            1                      0

[3 rows x 54 columns]
;.;
       F72           ...            F71-jdcasey@apache.org
0  0.23101           ...                               1.0
1  0.23101           ...                               0.0
2  0.23101           ...                               0.0

[3 rows x 54 columns]
training_x: (813, 54)
training_y: 813
testset_x: (818, 54)
testset_y: 818
              precision    recall  f1-score   support

           0       1.00      0.99      0.99       790
           1       0.77      0.96      0.86        28

    accuracy                           0.99       818
   macro avg       0.89      0.98      0.93       818
weighted avg       0.99      0.99      0.99       818

accuracy: 0.988997555012225
0.8571428571428572
@@@ tn: 782, fp: 8, fn: 1, tp: 27
@@@ LIME - Creating explainer
@@@ LIME - Random Sampling of Instances
iter: 0, sample_no: 685, actual label: 0, predicted: 1
iter: 1, sample_no: 307, actual label: 0, predicted: 0
iter: 2, sample_no: 797, actual label: 0, predicted: 0
iter: 3, sample_no: 703, actual label: 0, predicted: 0
iter: 4, sample_no: 504, actual label: 0, predicted: 0
iter: 5, sample_no: 198, actual label: 0, predicted: 0
iter: 6, sample_no: 417, actual label: 0, predicted: 0
iter: 7, sample_no: 230, actual label: 0, predicted: 0
iter: 8, sample_no: 8, actual label: 1, predicted: 1
iter: 9, sample_no: 45, actual label: 0, predicted: 0
iter: 10, sample_no: 575, actual label: 0, predicted: 0
iter: 11, sample_no: 89, actual label: 0, predicted: 0
iter: 12, sample_no: 232, actual label: 0, predicted: 0
iter: 13, sample_no: 303, actual label: 0, predicted: 0
iter: 14, sample_no: 207, actual label: 0, predicted: 0
iter: 15, sample_no: 180, actual label: 0, predicted: 0
iter: 16, sample_no: 41, actual label: 0, predicted: 0
iter: 17, sample_no: 416, actual label: 0, predicted: 0
iter: 18, sample_no: 790, actual label: 0, predicted: 0
iter: 19, sample_no: 549, actual label: 0, predicted: 0
iter: 20, sample_no: 194, actual label: 0, predicted: 0
iter: 21, sample_no: 690, actual label: 0, predicted: 0
iter: 22, sample_no: 220, actual label: 0, predicted: 0
iter: 23, sample_no: 725, actual label: 0, predicted: 0
iter: 24, sample_no: 282, actual label: 0, predicted: 0
number of samples: 818
AUC 0.9977848101265823
pos_get 28
total recall stop_at 1.0
@@@ C - Repeat number: 8
@@@ D - common_header:  {'F71-olamy@apache.org', 'F71-bentmann@apache.org', 'F3-String', 'F22', 'F105', 'F126', 'F71-hboutemy@apache.org', 'F71-ifedorenko@apache.org', 'F3-SimpleProblemCollector', 'F41', 'F115', 'F15-public', 'F71-ogusakov@apache.org', 'F25', 'F117', 'F3-ModelBuildingRequest', 'F71-brett@apache.org', 'F3-NA', 'F77', 'F3-InputStream', 'F15-protected', 'F3-localRepository()', 'F123', 'F71-brianf@apache.org', 'F71-aheritier@apache.org', 'F116', 'F3-Model', 'F71-jvanzyl@apache.org', 'F101', 'F3-DefaultBeanConfigurationRequest', 'F71-carlos@apache.org', 'F71-jdcasey@apache.org', 'F3-null', 'F65', 'F3-File', 'F71-sisbell@apache.org', 'F71-stephen.alan.connolly@gmail.com', 'F3-int', 'F3-XmlPullParser', 'F15-private', 'F71-mkleint@apache.org', 'F71-krosenvold@apache.org', 'F3-problems.getModel()', 'F15-NA', 'F68', 'F71-igor@ifedorenko.com', 'F110', 'F72', 'F71-jason@tesla.io', 'category', 'F104', 'F120', 'F3-ProjectSegment', 'F71-kenney@apache.org', 'F3-Artifact'}
    F72   F25          ...           F71-jason@tesla.io F71-jdcasey@apache.org
1  2658  1706          ...                            1                      1
2  2658  1706          ...                            1                      0
3  2658  1706          ...                            1                      0

[3 rows x 54 columns]
;.;
       F72           ...            F71-jdcasey@apache.org
0  0.23101           ...                               1.0
1  0.23101           ...                               0.0
2  0.23101           ...                               0.0

[3 rows x 54 columns]
training_x: (813, 54)
training_y: 813
testset_x: (818, 54)
testset_y: 818
              precision    recall  f1-score   support

           0       1.00      0.99      0.99       790
           1       0.77      0.96      0.86        28

    accuracy                           0.99       818
   macro avg       0.89      0.98      0.93       818
weighted avg       0.99      0.99      0.99       818

accuracy: 0.988997555012225
0.8571428571428572
@@@ tn: 782, fp: 8, fn: 1, tp: 27
@@@ LIME - Creating explainer
@@@ LIME - Random Sampling of Instances
iter: 0, sample_no: 480, actual label: 0, predicted: 0
iter: 1, sample_no: 644, actual label: 1, predicted: 1
iter: 2, sample_no: 27, actual label: 0, predicted: 0
iter: 3, sample_no: 128, actual label: 0, predicted: 0
iter: 4, sample_no: 331, actual label: 0, predicted: 0
iter: 5, sample_no: 629, actual label: 0, predicted: 0
iter: 6, sample_no: 383, actual label: 0, predicted: 0
iter: 7, sample_no: 354, actual label: 0, predicted: 0
iter: 8, sample_no: 699, actual label: 0, predicted: 0
iter: 9, sample_no: 629, actual label: 0, predicted: 0
iter: 10, sample_no: 76, actual label: 0, predicted: 0
iter: 11, sample_no: 74, actual label: 0, predicted: 0
iter: 12, sample_no: 656, actual label: 0, predicted: 0
iter: 13, sample_no: 154, actual label: 0, predicted: 0
iter: 14, sample_no: 574, actual label: 0, predicted: 0
iter: 15, sample_no: 118, actual label: 0, predicted: 0
iter: 16, sample_no: 538, actual label: 0, predicted: 0
iter: 17, sample_no: 579, actual label: 0, predicted: 0
iter: 18, sample_no: 13, actual label: 0, predicted: 0
iter: 19, sample_no: 780, actual label: 0, predicted: 0
iter: 20, sample_no: 526, actual label: 0, predicted: 0
iter: 21, sample_no: 748, actual label: 0, predicted: 0
iter: 22, sample_no: 676, actual label: 0, predicted: 0
iter: 23, sample_no: 619, actual label: 0, predicted: 0
iter: 24, sample_no: 728, actual label: 0, predicted: 0
number of samples: 818
AUC 0.997875226039783
pos_get 28
total recall stop_at 1.0
@@@ C - Repeat number: 9
@@@ D - common_header:  {'F71-olamy@apache.org', 'F71-bentmann@apache.org', 'F3-String', 'F22', 'F105', 'F126', 'F71-hboutemy@apache.org', 'F71-ifedorenko@apache.org', 'F3-SimpleProblemCollector', 'F41', 'F115', 'F15-public', 'F71-ogusakov@apache.org', 'F25', 'F117', 'F3-ModelBuildingRequest', 'F71-brett@apache.org', 'F3-NA', 'F77', 'F3-InputStream', 'F15-protected', 'F3-localRepository()', 'F123', 'F71-brianf@apache.org', 'F71-aheritier@apache.org', 'F116', 'F3-Model', 'F71-jvanzyl@apache.org', 'F101', 'F3-DefaultBeanConfigurationRequest', 'F71-carlos@apache.org', 'F71-jdcasey@apache.org', 'F3-null', 'F65', 'F3-File', 'F71-sisbell@apache.org', 'F71-stephen.alan.connolly@gmail.com', 'F3-int', 'F3-XmlPullParser', 'F15-private', 'F71-mkleint@apache.org', 'F71-krosenvold@apache.org', 'F3-problems.getModel()', 'F15-NA', 'F68', 'F71-igor@ifedorenko.com', 'F110', 'F72', 'F71-jason@tesla.io', 'category', 'F104', 'F120', 'F3-ProjectSegment', 'F71-kenney@apache.org', 'F3-Artifact'}
    F72   F25          ...           F71-jason@tesla.io F71-jdcasey@apache.org
1  2658  1706          ...                            1                      1
2  2658  1706          ...                            1                      0
3  2658  1706          ...                            1                      0

[3 rows x 54 columns]
;.;
       F72           ...            F71-jdcasey@apache.org
0  0.23101           ...                               1.0
1  0.23101           ...                               0.0
2  0.23101           ...                               0.0

[3 rows x 54 columns]
training_x: (813, 54)
training_y: 813
testset_x: (818, 54)
testset_y: 818
              precision    recall  f1-score   support

           0       1.00      0.99      0.99       790
           1       0.77      0.96      0.86        28

    accuracy                           0.99       818
   macro avg       0.89      0.98      0.93       818
weighted avg       0.99      0.99      0.99       818

accuracy: 0.988997555012225
0.8571428571428572
@@@ tn: 782, fp: 8, fn: 1, tp: 27
@@@ LIME - Creating explainer
@@@ LIME - Random Sampling of Instances
iter: 0, sample_no: 57, actual label: 0, predicted: 0
iter: 1, sample_no: 6, actual label: 1, predicted: 1
iter: 2, sample_no: 507, actual label: 0, predicted: 0
iter: 3, sample_no: 607, actual label: 0, predicted: 0
iter: 4, sample_no: 549, actual label: 0, predicted: 0
iter: 5, sample_no: 139, actual label: 0, predicted: 0
iter: 6, sample_no: 795, actual label: 0, predicted: 0
iter: 7, sample_no: 269, actual label: 0, predicted: 0
iter: 8, sample_no: 549, actual label: 0, predicted: 0
iter: 9, sample_no: 669, actual label: 0, predicted: 0
iter: 10, sample_no: 554, actual label: 0, predicted: 0
iter: 11, sample_no: 302, actual label: 0, predicted: 0
iter: 12, sample_no: 538, actual label: 0, predicted: 0
iter: 13, sample_no: 340, actual label: 0, predicted: 0
iter: 14, sample_no: 577, actual label: 0, predicted: 0
iter: 15, sample_no: 543, actual label: 0, predicted: 0
iter: 16, sample_no: 613, actual label: 0, predicted: 0
iter: 17, sample_no: 439, actual label: 0, predicted: 0
iter: 18, sample_no: 722, actual label: 0, predicted: 0
iter: 19, sample_no: 292, actual label: 0, predicted: 0
iter: 20, sample_no: 70, actual label: 0, predicted: 0
iter: 21, sample_no: 524, actual label: 0, predicted: 0
iter: 22, sample_no: 659, actual label: 0, predicted: 0
iter: 23, sample_no: 15, actual label: 0, predicted: 0
iter: 24, sample_no: 100, actual label: 0, predicted: 0
number of samples: 818
AUC 0.997875226039783
pos_get 28
total recall stop_at 1.0
@@@ C - Repeat number: 10
@@@ D - common_header:  {'F71-olamy@apache.org', 'F71-bentmann@apache.org', 'F3-String', 'F22', 'F105', 'F126', 'F71-hboutemy@apache.org', 'F71-ifedorenko@apache.org', 'F3-SimpleProblemCollector', 'F41', 'F115', 'F15-public', 'F71-ogusakov@apache.org', 'F25', 'F117', 'F3-ModelBuildingRequest', 'F71-brett@apache.org', 'F3-NA', 'F77', 'F3-InputStream', 'F15-protected', 'F3-localRepository()', 'F123', 'F71-brianf@apache.org', 'F71-aheritier@apache.org', 'F116', 'F3-Model', 'F71-jvanzyl@apache.org', 'F101', 'F3-DefaultBeanConfigurationRequest', 'F71-carlos@apache.org', 'F71-jdcasey@apache.org', 'F3-null', 'F65', 'F3-File', 'F71-sisbell@apache.org', 'F71-stephen.alan.connolly@gmail.com', 'F3-int', 'F3-XmlPullParser', 'F15-private', 'F71-mkleint@apache.org', 'F71-krosenvold@apache.org', 'F3-problems.getModel()', 'F15-NA', 'F68', 'F71-igor@ifedorenko.com', 'F110', 'F72', 'F71-jason@tesla.io', 'category', 'F104', 'F120', 'F3-ProjectSegment', 'F71-kenney@apache.org', 'F3-Artifact'}
    F72   F25          ...           F71-jason@tesla.io F71-jdcasey@apache.org
1  2658  1706          ...                            1                      1
2  2658  1706          ...                            1                      0
3  2658  1706          ...                            1                      0

[3 rows x 54 columns]
;.;
       F72           ...            F71-jdcasey@apache.org
0  0.23101           ...                               1.0
1  0.23101           ...                               0.0
2  0.23101           ...                               0.0

[3 rows x 54 columns]
training_x: (813, 54)
training_y: 813
testset_x: (818, 54)
testset_y: 818
              precision    recall  f1-score   support

           0       1.00      0.99      0.99       790
           1       0.77      0.96      0.86        28

    accuracy                           0.99       818
   macro avg       0.89      0.98      0.93       818
weighted avg       0.99      0.99      0.99       818

accuracy: 0.988997555012225
0.8571428571428572
@@@ tn: 782, fp: 8, fn: 1, tp: 27
@@@ LIME - Creating explainer
@@@ LIME - Random Sampling of Instances
/Users/author1/anaconda3/lib/python3.6/site-packages/tensorflow/python/framework/dtypes.py:463: FutureWarning: Passing (type, 1) or '1type' as a synonym of type is deprecated; in a future version of numpy, it will be understood as (type, (1,)) / '(1,)type'.
  _np_qint8 = np.dtype([("qint8", np.int8, 1)])
/Users/author1/anaconda3/lib/python3.6/site-packages/tensorflow/python/framework/dtypes.py:464: FutureWarning: Passing (type, 1) or '1type' as a synonym of type is deprecated; in a future version of numpy, it will be understood as (type, (1,)) / '(1,)type'.
  _np_quint8 = np.dtype([("quint8", np.uint8, 1)])
/Users/author1/anaconda3/lib/python3.6/site-packages/tensorflow/python/framework/dtypes.py:465: FutureWarning: Passing (type, 1) or '1type' as a synonym of type is deprecated; in a future version of numpy, it will be understood as (type, (1,)) / '(1,)type'.
  _np_qint16 = np.dtype([("qint16", np.int16, 1)])
/Users/author1/anaconda3/lib/python3.6/site-packages/tensorflow/python/framework/dtypes.py:466: FutureWarning: Passing (type, 1) or '1type' as a synonym of type is deprecated; in a future version of numpy, it will be understood as (type, (1,)) / '(1,)type'.
  _np_quint16 = np.dtype([("quint16", np.uint16, 1)])
/Users/author1/anaconda3/lib/python3.6/site-packages/tensorflow/python/framework/dtypes.py:467: FutureWarning: Passing (type, 1) or '1type' as a synonym of type is deprecated; in a future version of numpy, it will be understood as (type, (1,)) / '(1,)type'.
  _np_qint32 = np.dtype([("qint32", np.int32, 1)])
iter: 0, sample_no: 668, actual label: 0, predicted: 0
iter: 1, sample_no: 474, actual label: 0, predicted: 0
iter: 2, sample_no: 682, actual label: 0, predicted: 0
iter: 3, sample_no: 560, actual label: 0, predicted: 0
iter: 4, sample_no: 503, actual label: 0, predicted: 0
iter: 5, sample_no: 568, actual label: 0, predicted: 0
iter: 6, sample_no: 536, actual label: 0, predicted: 0
iter: 7, sample_no: 493, actual label: 0, predicted: 0
iter: 8, sample_no: 48, actual label: 0, predicted: 0
iter: 9, sample_no: 517, actual label: 0, predicted: 0
iter: 10, sample_no: 714, actual label: 0, predicted: 0
iter: 11, sample_no: 263, actual label: 0, predicted: 0
iter: 12, sample_no: 232, actual label: 0, predicted: 0
iter: 13, sample_no: 123, actual label: 0, predicted: 0
iter: 14, sample_no: 258, actual label: 0, predicted: 0
iter: 15, sample_no: 481, actual label: 0, predicted: 0
iter: 16, sample_no: 720, actual label: 0, predicted: 0
iter: 17, sample_no: 87, actual label: 0, predicted: 0
iter: 18, sample_no: 609, actual label: 0, predicted: 0
iter: 19, sample_no: 709, actual label: 0, predicted: 0
iter: 20, sample_no: 568, actual label: 0, predicted: 0
iter: 21, sample_no: 144, actual label: 0, predicted: 0
iter: 22, sample_no: 96, actual label: 0, predicted: 0
iter: 23, sample_no: 810, actual label: 0, predicted: 0
iter: 24, sample_no: 178, actual label: 0, predicted: 0
number of samples: 818
AUC 0.9978300180831826
pos_get 28
total recall stop_at 1.0
----------threshold stop at----------: 1
AUC [0.997875226039783, 0.997875226039783, 0.997875226039783, 0.9980108499095841, 0.9977848101265823, 0.997875226039783, 0.9977848101265823, 0.997875226039783, 0.997875226039783, 0.9978300180831826]
AUC_median 0.997875226039783
AUC_iqr 3.390596745023178e-05
cost [0.08679706601466992, 0.08679706601466992, 0.08679706601466992, 0.0745721271393643, 0.08679706601466992, 0.08679706601466992, 0.08679706601466992, 0.08679706601466992, 0.08679706601466992, 0.08679706601466992]
COST_med 0.08679706601466992
COST_iqr 0.0
f1_pos_list [0.8571428571428572, 0.8571428571428572, 0.8571428571428572, 0.8571428571428572, 0.8571428571428572, 0.8571428571428572, 0.8571428571428572, 0.8571428571428572, 0.8571428571428572, 0.8571428571428572]
f1_pos_med 0.8571428571428572
