@@@ A - classifier: SVC(C=1.0, break_ties=False, cache_size=200, class_weight='balanced', coef0=0.0,
    decision_function_shape='ovr', degree=3, gamma='scale', kernel='linear',
    max_iter=-1, probability=True, random_state=None, shrinking=True, tol=0.001,
    verbose=False)
@@@ B - threshold stop at: 1
@@@ C - Repeat number: 1
will not use leaked features
@@@ D - common_header:  {'F15-protected', 'F71-woolfel@apache.org', 'F3-NA', 'F3-GenericController', 'F3-byte[]', 'F3-JMeterTreeNode', 'F3-InterleaveControl.IGNORE_SUB_CONTROLLERS', 'F71-milamber@apache.org', 'F25', 'F68', 'F3-Object', 'F3-Arguments', 'F71-fschumacher@apache.org', 'F105', 'F22', 'F71-fschumacher@unknown', 'F71-oros@apache.org', 'F3-long', 'F3-TestElementProperty', 'F3-String[]', 'F15-public', 'F65', 'F77', 'F71-dims@apache.org', 'F3-CollectionProperty', 'F3-String', 'F3-MenuIcon', 'F71-mblankestijn@apache.org', 'F71-jsalvata@apache.org', 'F71-jeremy_a@apache.org', 'F71-thads@apache.org', 'F71-undera@apache.org', 'F71-dev-null@apache.org', 'F123', 'F71-seade@apache.org', 'F3-boolean', 'F41', 'F71-alf@apache.org', 'F15-NA', 'F71-rjung@apache.org', 'category', 'F72', 'F71-mstover1@apache.org', 'F71-pmouawad@unknown', 'F71-sebb@apache.org', 'F71-pmouawad@apache.org', 'F3-HashTree', 'F3-HttpRequestBase', 'F126', 'F104', 'F3-int', 'F15-private', 'F3-StringProperty', 'F101'}
     F72   F25         ...          F71-undera@apache.org F71-pmouawad@unknown
1  11856  3757         ...                              0                    0
2  11856  3757         ...                              0                    0
3  11856  3757         ...                              0                    0

[3 rows x 53 columns]
;.;
        F72          ...           F71-pmouawad@unknown
0  0.825454          ...                            0.0
1  0.825454          ...                            0.0
2  0.825454          ...                            0.0

[3 rows x 53 columns]
training_x: (604, 53)
training_y: 604
testset_x: (13, 53)
testset_y: 13
              precision    recall  f1-score   support

           0       1.00      0.50      0.67        12
           1       0.14      1.00      0.25         1

    accuracy                           0.54        13
   macro avg       0.57      0.75      0.46        13
weighted avg       0.93      0.54      0.63        13

accuracy: 0.5384615384615384
0.25
@@@ tn: 6, fp: 6, fn: 0, tp: 1
@@@ LIME - Creating explainer
@@@ LIME - Random Sampling of Instances
iter: 0, sample_no: 0, actual label: 0, predicted: 0
iter: 1, sample_no: 3, actual label: 0, predicted: 1
iter: 2, sample_no: 2, actual label: 0, predicted: 0
iter: 3, sample_no: 7, actual label: 0, predicted: 1
iter: 4, sample_no: 5, actual label: 0, predicted: 0
iter: 5, sample_no: 6, actual label: 0, predicted: 1
iter: 6, sample_no: 8, actual label: 1, predicted: 1
iter: 7, sample_no: 4, actual label: 0, predicted: 0
iter: 8, sample_no: 7, actual label: 0, predicted: 1
iter: 9, sample_no: 11, actual label: 0, predicted: 1
iter: 10, sample_no: 12, actual label: 0, predicted: 0
iter: 11, sample_no: 12, actual label: 0, predicted: 0
iter: 12, sample_no: 7, actual label: 0, predicted: 1
iter: 13, sample_no: 6, actual label: 0, predicted: 1
iter: 14, sample_no: 9, actual label: 0, predicted: 1
iter: 15, sample_no: 6, actual label: 0, predicted: 1
iter: 16, sample_no: 5, actual label: 0, predicted: 0
iter: 17, sample_no: 7, actual label: 0, predicted: 1
iter: 18, sample_no: 5, actual label: 0, predicted: 0
iter: 19, sample_no: 2, actual label: 0, predicted: 0
iter: 20, sample_no: 3, actual label: 0, predicted: 1
iter: 21, sample_no: 6, actual label: 0, predicted: 1
iter: 22, sample_no: 1, actual label: 0, predicted: 0
iter: 23, sample_no: 6, actual label: 0, predicted: 1
iter: 24, sample_no: 5, actual label: 0, predicted: 0
number of samples: 13
AUC 1.0
pos_get 1
total recall stop_at 1.0
@@@ C - Repeat number: 2
will not use leaked features
@@@ D - common_header:  {'F15-protected', 'F71-woolfel@apache.org', 'F3-NA', 'F3-GenericController', 'F3-byte[]', 'F3-JMeterTreeNode', 'F3-InterleaveControl.IGNORE_SUB_CONTROLLERS', 'F71-milamber@apache.org', 'F25', 'F68', 'F3-Object', 'F3-Arguments', 'F71-fschumacher@apache.org', 'F105', 'F22', 'F71-fschumacher@unknown', 'F71-oros@apache.org', 'F3-long', 'F3-TestElementProperty', 'F3-String[]', 'F15-public', 'F65', 'F77', 'F71-dims@apache.org', 'F3-CollectionProperty', 'F3-String', 'F3-MenuIcon', 'F71-mblankestijn@apache.org', 'F71-jsalvata@apache.org', 'F71-jeremy_a@apache.org', 'F71-thads@apache.org', 'F71-undera@apache.org', 'F71-dev-null@apache.org', 'F123', 'F71-seade@apache.org', 'F3-boolean', 'F41', 'F71-alf@apache.org', 'F15-NA', 'F71-rjung@apache.org', 'category', 'F72', 'F71-mstover1@apache.org', 'F71-pmouawad@unknown', 'F71-sebb@apache.org', 'F71-pmouawad@apache.org', 'F3-HashTree', 'F3-HttpRequestBase', 'F126', 'F104', 'F3-int', 'F15-private', 'F3-StringProperty', 'F101'}
     F72   F25         ...          F71-undera@apache.org F71-pmouawad@unknown
1  11856  3757         ...                              0                    0
2  11856  3757         ...                              0                    0
3  11856  3757         ...                              0                    0

[3 rows x 53 columns]
;.;
        F72          ...           F71-pmouawad@unknown
0  0.825454          ...                            0.0
1  0.825454          ...                            0.0
2  0.825454          ...                            0.0

[3 rows x 53 columns]
training_x: (604, 53)
training_y: 604
testset_x: (13, 53)
testset_y: 13
              precision    recall  f1-score   support

           0       1.00      0.50      0.67        12
           1       0.14      1.00      0.25         1

    accuracy                           0.54        13
   macro avg       0.57      0.75      0.46        13
weighted avg       0.93      0.54      0.63        13

accuracy: 0.5384615384615384
0.25
@@@ tn: 6, fp: 6, fn: 0, tp: 1
@@@ LIME - Creating explainer
@@@ LIME - Random Sampling of Instances
iter: 0, sample_no: 3, actual label: 0, predicted: 1
iter: 1, sample_no: 0, actual label: 0, predicted: 0
iter: 2, sample_no: 11, actual label: 0, predicted: 1
iter: 3, sample_no: 1, actual label: 0, predicted: 0
iter: 4, sample_no: 1, actual label: 0, predicted: 0
iter: 5, sample_no: 4, actual label: 0, predicted: 0
iter: 6, sample_no: 3, actual label: 0, predicted: 1
iter: 7, sample_no: 11, actual label: 0, predicted: 1
iter: 8, sample_no: 2, actual label: 0, predicted: 0
iter: 9, sample_no: 0, actual label: 0, predicted: 0
iter: 10, sample_no: 3, actual label: 0, predicted: 1
iter: 11, sample_no: 11, actual label: 0, predicted: 1
iter: 12, sample_no: 3, actual label: 0, predicted: 1
iter: 13, sample_no: 11, actual label: 0, predicted: 1
iter: 14, sample_no: 8, actual label: 1, predicted: 1
iter: 15, sample_no: 9, actual label: 0, predicted: 1
iter: 16, sample_no: 0, actual label: 0, predicted: 0
iter: 17, sample_no: 10, actual label: 0, predicted: 1
iter: 18, sample_no: 0, actual label: 0, predicted: 0
iter: 19, sample_no: 12, actual label: 0, predicted: 0
iter: 20, sample_no: 2, actual label: 0, predicted: 0
iter: 21, sample_no: 10, actual label: 0, predicted: 1
iter: 22, sample_no: 5, actual label: 0, predicted: 0
iter: 23, sample_no: 12, actual label: 0, predicted: 0
iter: 24, sample_no: 1, actual label: 0, predicted: 0
number of samples: 13
AUC 1.0
pos_get 1
total recall stop_at 1.0
@@@ C - Repeat number: 3
will not use leaked features
@@@ D - common_header:  {'F15-protected', 'F71-woolfel@apache.org', 'F3-NA', 'F3-GenericController', 'F3-byte[]', 'F3-JMeterTreeNode', 'F3-InterleaveControl.IGNORE_SUB_CONTROLLERS', 'F71-milamber@apache.org', 'F25', 'F68', 'F3-Object', 'F3-Arguments', 'F71-fschumacher@apache.org', 'F105', 'F22', 'F71-fschumacher@unknown', 'F71-oros@apache.org', 'F3-long', 'F3-TestElementProperty', 'F3-String[]', 'F15-public', 'F65', 'F77', 'F71-dims@apache.org', 'F3-CollectionProperty', 'F3-String', 'F3-MenuIcon', 'F71-mblankestijn@apache.org', 'F71-jsalvata@apache.org', 'F71-jeremy_a@apache.org', 'F71-thads@apache.org', 'F71-undera@apache.org', 'F71-dev-null@apache.org', 'F123', 'F71-seade@apache.org', 'F3-boolean', 'F41', 'F71-alf@apache.org', 'F15-NA', 'F71-rjung@apache.org', 'category', 'F72', 'F71-mstover1@apache.org', 'F71-pmouawad@unknown', 'F71-sebb@apache.org', 'F71-pmouawad@apache.org', 'F3-HashTree', 'F3-HttpRequestBase', 'F126', 'F104', 'F3-int', 'F15-private', 'F3-StringProperty', 'F101'}
     F72   F25         ...          F71-undera@apache.org F71-pmouawad@unknown
1  11856  3757         ...                              0                    0
2  11856  3757         ...                              0                    0
3  11856  3757         ...                              0                    0

[3 rows x 53 columns]
;.;
        F72          ...           F71-pmouawad@unknown
0  0.825454          ...                            0.0
1  0.825454          ...                            0.0
2  0.825454          ...                            0.0

[3 rows x 53 columns]
training_x: (604, 53)
training_y: 604
testset_x: (13, 53)
testset_y: 13
              precision    recall  f1-score   support

           0       1.00      0.50      0.67        12
           1       0.14      1.00      0.25         1

    accuracy                           0.54        13
   macro avg       0.57      0.75      0.46        13
weighted avg       0.93      0.54      0.63        13

accuracy: 0.5384615384615384
0.25
@@@ tn: 6, fp: 6, fn: 0, tp: 1
@@@ LIME - Creating explainer
@@@ LIME - Random Sampling of Instances
iter: 0, sample_no: 3, actual label: 0, predicted: 1
iter: 1, sample_no: 0, actual label: 0, predicted: 0
iter: 2, sample_no: 6, actual label: 0, predicted: 1
iter: 3, sample_no: 4, actual label: 0, predicted: 0
iter: 4, sample_no: 0, actual label: 0, predicted: 0
iter: 5, sample_no: 2, actual label: 0, predicted: 0
iter: 6, sample_no: 0, actual label: 0, predicted: 0
iter: 7, sample_no: 1, actual label: 0, predicted: 0
iter: 8, sample_no: 7, actual label: 0, predicted: 1
iter: 9, sample_no: 4, actual label: 0, predicted: 0
iter: 10, sample_no: 5, actual label: 0, predicted: 0
iter: 11, sample_no: 1, actual label: 0, predicted: 0
iter: 12, sample_no: 12, actual label: 0, predicted: 0
iter: 13, sample_no: 12, actual label: 0, predicted: 0
iter: 14, sample_no: 6, actual label: 0, predicted: 1
iter: 15, sample_no: 6, actual label: 0, predicted: 1
iter: 16, sample_no: 1, actual label: 0, predicted: 0
iter: 17, sample_no: 2, actual label: 0, predicted: 0
iter: 18, sample_no: 3, actual label: 0, predicted: 1
iter: 19, sample_no: 7, actual label: 0, predicted: 1
iter: 20, sample_no: 8, actual label: 1, predicted: 1
iter: 21, sample_no: 8, actual label: 1, predicted: 1
iter: 22, sample_no: 10, actual label: 0, predicted: 1
iter: 23, sample_no: 8, actual label: 1, predicted: 1
iter: 24, sample_no: 12, actual label: 0, predicted: 0
number of samples: 13
AUC 1.0
pos_get 1
total recall stop_at 1.0
@@@ C - Repeat number: 4
will not use leaked features
@@@ D - common_header:  {'F15-protected', 'F71-woolfel@apache.org', 'F3-NA', 'F3-GenericController', 'F3-byte[]', 'F3-JMeterTreeNode', 'F3-InterleaveControl.IGNORE_SUB_CONTROLLERS', 'F71-milamber@apache.org', 'F25', 'F68', 'F3-Object', 'F3-Arguments', 'F71-fschumacher@apache.org', 'F105', 'F22', 'F71-fschumacher@unknown', 'F71-oros@apache.org', 'F3-long', 'F3-TestElementProperty', 'F3-String[]', 'F15-public', 'F65', 'F77', 'F71-dims@apache.org', 'F3-CollectionProperty', 'F3-String', 'F3-MenuIcon', 'F71-mblankestijn@apache.org', 'F71-jsalvata@apache.org', 'F71-jeremy_a@apache.org', 'F71-thads@apache.org', 'F71-undera@apache.org', 'F71-dev-null@apache.org', 'F123', 'F71-seade@apache.org', 'F3-boolean', 'F41', 'F71-alf@apache.org', 'F15-NA', 'F71-rjung@apache.org', 'category', 'F72', 'F71-mstover1@apache.org', 'F71-pmouawad@unknown', 'F71-sebb@apache.org', 'F71-pmouawad@apache.org', 'F3-HashTree', 'F3-HttpRequestBase', 'F126', 'F104', 'F3-int', 'F15-private', 'F3-StringProperty', 'F101'}
     F72   F25         ...          F71-undera@apache.org F71-pmouawad@unknown
1  11856  3757         ...                              0                    0
2  11856  3757         ...                              0                    0
3  11856  3757         ...                              0                    0

[3 rows x 53 columns]
;.;
        F72          ...           F71-pmouawad@unknown
0  0.825454          ...                            0.0
1  0.825454          ...                            0.0
2  0.825454          ...                            0.0

[3 rows x 53 columns]
training_x: (604, 53)
training_y: 604
testset_x: (13, 53)
testset_y: 13
              precision    recall  f1-score   support

           0       1.00      0.50      0.67        12
           1       0.14      1.00      0.25         1

    accuracy                           0.54        13
   macro avg       0.57      0.75      0.46        13
weighted avg       0.93      0.54      0.63        13

accuracy: 0.5384615384615384
0.25
@@@ tn: 6, fp: 6, fn: 0, tp: 1
@@@ LIME - Creating explainer
@@@ LIME - Random Sampling of Instances
iter: 0, sample_no: 5, actual label: 0, predicted: 0
iter: 1, sample_no: 8, actual label: 1, predicted: 1
iter: 2, sample_no: 12, actual label: 0, predicted: 0
iter: 3, sample_no: 10, actual label: 0, predicted: 1
iter: 4, sample_no: 10, actual label: 0, predicted: 1
iter: 5, sample_no: 6, actual label: 0, predicted: 1
iter: 6, sample_no: 7, actual label: 0, predicted: 1
iter: 7, sample_no: 1, actual label: 0, predicted: 0
iter: 8, sample_no: 5, actual label: 0, predicted: 0
iter: 9, sample_no: 2, actual label: 0, predicted: 0
iter: 10, sample_no: 2, actual label: 0, predicted: 0
iter: 11, sample_no: 9, actual label: 0, predicted: 1
iter: 12, sample_no: 6, actual label: 0, predicted: 1
iter: 13, sample_no: 4, actual label: 0, predicted: 0
iter: 14, sample_no: 2, actual label: 0, predicted: 0
iter: 15, sample_no: 7, actual label: 0, predicted: 1
iter: 16, sample_no: 8, actual label: 1, predicted: 1
iter: 17, sample_no: 5, actual label: 0, predicted: 0
iter: 18, sample_no: 2, actual label: 0, predicted: 0
iter: 19, sample_no: 5, actual label: 0, predicted: 0
iter: 20, sample_no: 4, actual label: 0, predicted: 0
iter: 21, sample_no: 7, actual label: 0, predicted: 1
iter: 22, sample_no: 0, actual label: 0, predicted: 0
iter: 23, sample_no: 0, actual label: 0, predicted: 0
iter: 24, sample_no: 10, actual label: 0, predicted: 1
number of samples: 13
AUC 1.0
pos_get 1
total recall stop_at 1.0
@@@ C - Repeat number: 5
will not use leaked features
@@@ D - common_header:  {'F15-protected', 'F71-woolfel@apache.org', 'F3-NA', 'F3-GenericController', 'F3-byte[]', 'F3-JMeterTreeNode', 'F3-InterleaveControl.IGNORE_SUB_CONTROLLERS', 'F71-milamber@apache.org', 'F25', 'F68', 'F3-Object', 'F3-Arguments', 'F71-fschumacher@apache.org', 'F105', 'F22', 'F71-fschumacher@unknown', 'F71-oros@apache.org', 'F3-long', 'F3-TestElementProperty', 'F3-String[]', 'F15-public', 'F65', 'F77', 'F71-dims@apache.org', 'F3-CollectionProperty', 'F3-String', 'F3-MenuIcon', 'F71-mblankestijn@apache.org', 'F71-jsalvata@apache.org', 'F71-jeremy_a@apache.org', 'F71-thads@apache.org', 'F71-undera@apache.org', 'F71-dev-null@apache.org', 'F123', 'F71-seade@apache.org', 'F3-boolean', 'F41', 'F71-alf@apache.org', 'F15-NA', 'F71-rjung@apache.org', 'category', 'F72', 'F71-mstover1@apache.org', 'F71-pmouawad@unknown', 'F71-sebb@apache.org', 'F71-pmouawad@apache.org', 'F3-HashTree', 'F3-HttpRequestBase', 'F126', 'F104', 'F3-int', 'F15-private', 'F3-StringProperty', 'F101'}
     F72   F25         ...          F71-undera@apache.org F71-pmouawad@unknown
1  11856  3757         ...                              0                    0
2  11856  3757         ...                              0                    0
3  11856  3757         ...                              0                    0

[3 rows x 53 columns]
;.;
        F72          ...           F71-pmouawad@unknown
0  0.825454          ...                            0.0
1  0.825454          ...                            0.0
2  0.825454          ...                            0.0

[3 rows x 53 columns]
training_x: (604, 53)
training_y: 604
testset_x: (13, 53)
testset_y: 13
              precision    recall  f1-score   support

           0       1.00      0.50      0.67        12
           1       0.14      1.00      0.25         1

    accuracy                           0.54        13
   macro avg       0.57      0.75      0.46        13
weighted avg       0.93      0.54      0.63        13

accuracy: 0.5384615384615384
0.25
@@@ tn: 6, fp: 6, fn: 0, tp: 1
@@@ LIME - Creating explainer
@@@ LIME - Random Sampling of Instances
iter: 0, sample_no: 6, actual label: 0, predicted: 1
iter: 1, sample_no: 0, actual label: 0, predicted: 0
iter: 2, sample_no: 1, actual label: 0, predicted: 0
iter: 3, sample_no: 7, actual label: 0, predicted: 1
iter: 4, sample_no: 2, actual label: 0, predicted: 0
iter: 5, sample_no: 11, actual label: 0, predicted: 1
iter: 6, sample_no: 7, actual label: 0, predicted: 1
iter: 7, sample_no: 7, actual label: 0, predicted: 1
iter: 8, sample_no: 2, actual label: 0, predicted: 0
iter: 9, sample_no: 11, actual label: 0, predicted: 1
iter: 10, sample_no: 11, actual label: 0, predicted: 1
iter: 11, sample_no: 10, actual label: 0, predicted: 1
iter: 12, sample_no: 8, actual label: 1, predicted: 1
iter: 13, sample_no: 9, actual label: 0, predicted: 1
iter: 14, sample_no: 8, actual label: 1, predicted: 1
iter: 15, sample_no: 7, actual label: 0, predicted: 1
iter: 16, sample_no: 2, actual label: 0, predicted: 0
iter: 17, sample_no: 9, actual label: 0, predicted: 1
iter: 18, sample_no: 12, actual label: 0, predicted: 0
iter: 19, sample_no: 9, actual label: 0, predicted: 1
iter: 20, sample_no: 0, actual label: 0, predicted: 0
iter: 21, sample_no: 12, actual label: 0, predicted: 0
iter: 22, sample_no: 1, actual label: 0, predicted: 0
iter: 23, sample_no: 4, actual label: 0, predicted: 0
iter: 24, sample_no: 8, actual label: 1, predicted: 1
number of samples: 13
AUC 1.0
pos_get 1
total recall stop_at 1.0
@@@ C - Repeat number: 6
will not use leaked features
@@@ D - common_header:  {'F15-protected', 'F71-woolfel@apache.org', 'F3-NA', 'F3-GenericController', 'F3-byte[]', 'F3-JMeterTreeNode', 'F3-InterleaveControl.IGNORE_SUB_CONTROLLERS', 'F71-milamber@apache.org', 'F25', 'F68', 'F3-Object', 'F3-Arguments', 'F71-fschumacher@apache.org', 'F105', 'F22', 'F71-fschumacher@unknown', 'F71-oros@apache.org', 'F3-long', 'F3-TestElementProperty', 'F3-String[]', 'F15-public', 'F65', 'F77', 'F71-dims@apache.org', 'F3-CollectionProperty', 'F3-String', 'F3-MenuIcon', 'F71-mblankestijn@apache.org', 'F71-jsalvata@apache.org', 'F71-jeremy_a@apache.org', 'F71-thads@apache.org', 'F71-undera@apache.org', 'F71-dev-null@apache.org', 'F123', 'F71-seade@apache.org', 'F3-boolean', 'F41', 'F71-alf@apache.org', 'F15-NA', 'F71-rjung@apache.org', 'category', 'F72', 'F71-mstover1@apache.org', 'F71-pmouawad@unknown', 'F71-sebb@apache.org', 'F71-pmouawad@apache.org', 'F3-HashTree', 'F3-HttpRequestBase', 'F126', 'F104', 'F3-int', 'F15-private', 'F3-StringProperty', 'F101'}
     F72   F25         ...          F71-undera@apache.org F71-pmouawad@unknown
1  11856  3757         ...                              0                    0
2  11856  3757         ...                              0                    0
3  11856  3757         ...                              0                    0

[3 rows x 53 columns]
;.;
        F72          ...           F71-pmouawad@unknown
0  0.825454          ...                            0.0
1  0.825454          ...                            0.0
2  0.825454          ...                            0.0

[3 rows x 53 columns]
training_x: (604, 53)
training_y: 604
testset_x: (13, 53)
testset_y: 13
              precision    recall  f1-score   support

           0       1.00      0.50      0.67        12
           1       0.14      1.00      0.25         1

    accuracy                           0.54        13
   macro avg       0.57      0.75      0.46        13
weighted avg       0.93      0.54      0.63        13

accuracy: 0.5384615384615384
0.25
@@@ tn: 6, fp: 6, fn: 0, tp: 1
@@@ LIME - Creating explainer
@@@ LIME - Random Sampling of Instances
iter: 0, sample_no: 3, actual label: 0, predicted: 1
iter: 1, sample_no: 8, actual label: 1, predicted: 1
iter: 2, sample_no: 12, actual label: 0, predicted: 0
iter: 3, sample_no: 1, actual label: 0, predicted: 0
iter: 4, sample_no: 5, actual label: 0, predicted: 0
iter: 5, sample_no: 0, actual label: 0, predicted: 0
iter: 6, sample_no: 9, actual label: 0, predicted: 1
iter: 7, sample_no: 7, actual label: 0, predicted: 1
iter: 8, sample_no: 11, actual label: 0, predicted: 1
iter: 9, sample_no: 12, actual label: 0, predicted: 0
iter: 10, sample_no: 0, actual label: 0, predicted: 0
iter: 11, sample_no: 12, actual label: 0, predicted: 0
iter: 12, sample_no: 10, actual label: 0, predicted: 1
iter: 13, sample_no: 10, actual label: 0, predicted: 1
iter: 14, sample_no: 0, actual label: 0, predicted: 0
iter: 15, sample_no: 4, actual label: 0, predicted: 0
iter: 16, sample_no: 2, actual label: 0, predicted: 0
iter: 17, sample_no: 0, actual label: 0, predicted: 0
iter: 18, sample_no: 11, actual label: 0, predicted: 1
iter: 19, sample_no: 12, actual label: 0, predicted: 0
iter: 20, sample_no: 10, actual label: 0, predicted: 1
iter: 21, sample_no: 5, actual label: 0, predicted: 0
iter: 22, sample_no: 7, actual label: 0, predicted: 1
iter: 23, sample_no: 6, actual label: 0, predicted: 1
iter: 24, sample_no: 7, actual label: 0, predicted: 1
number of samples: 13
AUC 1.0
pos_get 1
total recall stop_at 1.0
@@@ C - Repeat number: 7
will not use leaked features
@@@ D - common_header:  {'F15-protected', 'F71-woolfel@apache.org', 'F3-NA', 'F3-GenericController', 'F3-byte[]', 'F3-JMeterTreeNode', 'F3-InterleaveControl.IGNORE_SUB_CONTROLLERS', 'F71-milamber@apache.org', 'F25', 'F68', 'F3-Object', 'F3-Arguments', 'F71-fschumacher@apache.org', 'F105', 'F22', 'F71-fschumacher@unknown', 'F71-oros@apache.org', 'F3-long', 'F3-TestElementProperty', 'F3-String[]', 'F15-public', 'F65', 'F77', 'F71-dims@apache.org', 'F3-CollectionProperty', 'F3-String', 'F3-MenuIcon', 'F71-mblankestijn@apache.org', 'F71-jsalvata@apache.org', 'F71-jeremy_a@apache.org', 'F71-thads@apache.org', 'F71-undera@apache.org', 'F71-dev-null@apache.org', 'F123', 'F71-seade@apache.org', 'F3-boolean', 'F41', 'F71-alf@apache.org', 'F15-NA', 'F71-rjung@apache.org', 'category', 'F72', 'F71-mstover1@apache.org', 'F71-pmouawad@unknown', 'F71-sebb@apache.org', 'F71-pmouawad@apache.org', 'F3-HashTree', 'F3-HttpRequestBase', 'F126', 'F104', 'F3-int', 'F15-private', 'F3-StringProperty', 'F101'}
     F72   F25         ...          F71-undera@apache.org F71-pmouawad@unknown
1  11856  3757         ...                              0                    0
2  11856  3757         ...                              0                    0
3  11856  3757         ...                              0                    0

[3 rows x 53 columns]
;.;
        F72          ...           F71-pmouawad@unknown
0  0.825454          ...                            0.0
1  0.825454          ...                            0.0
2  0.825454          ...                            0.0

[3 rows x 53 columns]
training_x: (604, 53)
training_y: 604
testset_x: (13, 53)
testset_y: 13
              precision    recall  f1-score   support

           0       1.00      0.50      0.67        12
           1       0.14      1.00      0.25         1

    accuracy                           0.54        13
   macro avg       0.57      0.75      0.46        13
weighted avg       0.93      0.54      0.63        13

accuracy: 0.5384615384615384
0.25
@@@ tn: 6, fp: 6, fn: 0, tp: 1
@@@ LIME - Creating explainer
@@@ LIME - Random Sampling of Instances
iter: 0, sample_no: 8, actual label: 1, predicted: 1
iter: 1, sample_no: 0, actual label: 0, predicted: 0
iter: 2, sample_no: 10, actual label: 0, predicted: 1
iter: 3, sample_no: 0, actual label: 0, predicted: 0
iter: 4, sample_no: 7, actual label: 0, predicted: 1
iter: 5, sample_no: 8, actual label: 1, predicted: 1
iter: 6, sample_no: 11, actual label: 0, predicted: 1
iter: 7, sample_no: 10, actual label: 0, predicted: 1
iter: 8, sample_no: 7, actual label: 0, predicted: 1
iter: 9, sample_no: 6, actual label: 0, predicted: 1
iter: 10, sample_no: 10, actual label: 0, predicted: 1
iter: 11, sample_no: 9, actual label: 0, predicted: 1
iter: 12, sample_no: 1, actual label: 0, predicted: 0
iter: 13, sample_no: 2, actual label: 0, predicted: 0
iter: 14, sample_no: 3, actual label: 0, predicted: 1
iter: 15, sample_no: 6, actual label: 0, predicted: 1
iter: 16, sample_no: 6, actual label: 0, predicted: 1
iter: 17, sample_no: 0, actual label: 0, predicted: 0
iter: 18, sample_no: 10, actual label: 0, predicted: 1
iter: 19, sample_no: 8, actual label: 1, predicted: 1
iter: 20, sample_no: 3, actual label: 0, predicted: 1
iter: 21, sample_no: 10, actual label: 0, predicted: 1
iter: 22, sample_no: 8, actual label: 1, predicted: 1
iter: 23, sample_no: 5, actual label: 0, predicted: 0
iter: 24, sample_no: 9, actual label: 0, predicted: 1
number of samples: 13
AUC 1.0
pos_get 1
total recall stop_at 1.0
@@@ C - Repeat number: 8
will not use leaked features
@@@ D - common_header:  {'F15-protected', 'F71-woolfel@apache.org', 'F3-NA', 'F3-GenericController', 'F3-byte[]', 'F3-JMeterTreeNode', 'F3-InterleaveControl.IGNORE_SUB_CONTROLLERS', 'F71-milamber@apache.org', 'F25', 'F68', 'F3-Object', 'F3-Arguments', 'F71-fschumacher@apache.org', 'F105', 'F22', 'F71-fschumacher@unknown', 'F71-oros@apache.org', 'F3-long', 'F3-TestElementProperty', 'F3-String[]', 'F15-public', 'F65', 'F77', 'F71-dims@apache.org', 'F3-CollectionProperty', 'F3-String', 'F3-MenuIcon', 'F71-mblankestijn@apache.org', 'F71-jsalvata@apache.org', 'F71-jeremy_a@apache.org', 'F71-thads@apache.org', 'F71-undera@apache.org', 'F71-dev-null@apache.org', 'F123', 'F71-seade@apache.org', 'F3-boolean', 'F41', 'F71-alf@apache.org', 'F15-NA', 'F71-rjung@apache.org', 'category', 'F72', 'F71-mstover1@apache.org', 'F71-pmouawad@unknown', 'F71-sebb@apache.org', 'F71-pmouawad@apache.org', 'F3-HashTree', 'F3-HttpRequestBase', 'F126', 'F104', 'F3-int', 'F15-private', 'F3-StringProperty', 'F101'}
     F72   F25         ...          F71-undera@apache.org F71-pmouawad@unknown
1  11856  3757         ...                              0                    0
2  11856  3757         ...                              0                    0
3  11856  3757         ...                              0                    0

[3 rows x 53 columns]
;.;
        F72          ...           F71-pmouawad@unknown
0  0.825454          ...                            0.0
1  0.825454          ...                            0.0
2  0.825454          ...                            0.0

[3 rows x 53 columns]
training_x: (604, 53)
training_y: 604
testset_x: (13, 53)
testset_y: 13
              precision    recall  f1-score   support

           0       1.00      0.50      0.67        12
           1       0.14      1.00      0.25         1

    accuracy                           0.54        13
   macro avg       0.57      0.75      0.46        13
weighted avg       0.93      0.54      0.63        13

accuracy: 0.5384615384615384
0.25
@@@ tn: 6, fp: 6, fn: 0, tp: 1
@@@ LIME - Creating explainer
@@@ LIME - Random Sampling of Instances
iter: 0, sample_no: 0, actual label: 0, predicted: 0
iter: 1, sample_no: 11, actual label: 0, predicted: 1
iter: 2, sample_no: 2, actual label: 0, predicted: 0
iter: 3, sample_no: 7, actual label: 0, predicted: 1
iter: 4, sample_no: 2, actual label: 0, predicted: 0
iter: 5, sample_no: 5, actual label: 0, predicted: 0
iter: 6, sample_no: 6, actual label: 0, predicted: 1
iter: 7, sample_no: 7, actual label: 0, predicted: 1
iter: 8, sample_no: 6, actual label: 0, predicted: 1
iter: 9, sample_no: 0, actual label: 0, predicted: 0
iter: 10, sample_no: 11, actual label: 0, predicted: 1
iter: 11, sample_no: 6, actual label: 0, predicted: 1
iter: 12, sample_no: 6, actual label: 0, predicted: 1
iter: 13, sample_no: 10, actual label: 0, predicted: 1
iter: 14, sample_no: 9, actual label: 0, predicted: 1
iter: 15, sample_no: 10, actual label: 0, predicted: 1
iter: 16, sample_no: 4, actual label: 0, predicted: 0
iter: 17, sample_no: 9, actual label: 0, predicted: 1
iter: 18, sample_no: 3, actual label: 0, predicted: 1
iter: 19, sample_no: 2, actual label: 0, predicted: 0
iter: 20, sample_no: 6, actual label: 0, predicted: 1
iter: 21, sample_no: 6, actual label: 0, predicted: 1
iter: 22, sample_no: 0, actual label: 0, predicted: 0
iter: 23, sample_no: 9, actual label: 0, predicted: 1
iter: 24, sample_no: 6, actual label: 0, predicted: 1
number of samples: 13
AUC 1.0
pos_get 1
total recall stop_at 1.0
@@@ C - Repeat number: 9
will not use leaked features
@@@ D - common_header:  {'F15-protected', 'F71-woolfel@apache.org', 'F3-NA', 'F3-GenericController', 'F3-byte[]', 'F3-JMeterTreeNode', 'F3-InterleaveControl.IGNORE_SUB_CONTROLLERS', 'F71-milamber@apache.org', 'F25', 'F68', 'F3-Object', 'F3-Arguments', 'F71-fschumacher@apache.org', 'F105', 'F22', 'F71-fschumacher@unknown', 'F71-oros@apache.org', 'F3-long', 'F3-TestElementProperty', 'F3-String[]', 'F15-public', 'F65', 'F77', 'F71-dims@apache.org', 'F3-CollectionProperty', 'F3-String', 'F3-MenuIcon', 'F71-mblankestijn@apache.org', 'F71-jsalvata@apache.org', 'F71-jeremy_a@apache.org', 'F71-thads@apache.org', 'F71-undera@apache.org', 'F71-dev-null@apache.org', 'F123', 'F71-seade@apache.org', 'F3-boolean', 'F41', 'F71-alf@apache.org', 'F15-NA', 'F71-rjung@apache.org', 'category', 'F72', 'F71-mstover1@apache.org', 'F71-pmouawad@unknown', 'F71-sebb@apache.org', 'F71-pmouawad@apache.org', 'F3-HashTree', 'F3-HttpRequestBase', 'F126', 'F104', 'F3-int', 'F15-private', 'F3-StringProperty', 'F101'}
     F72   F25         ...          F71-undera@apache.org F71-pmouawad@unknown
1  11856  3757         ...                              0                    0
2  11856  3757         ...                              0                    0
3  11856  3757         ...                              0                    0

[3 rows x 53 columns]
;.;
        F72          ...           F71-pmouawad@unknown
0  0.825454          ...                            0.0
1  0.825454          ...                            0.0
2  0.825454          ...                            0.0

[3 rows x 53 columns]
training_x: (604, 53)
training_y: 604
testset_x: (13, 53)
testset_y: 13
              precision    recall  f1-score   support

           0       1.00      0.50      0.67        12
           1       0.14      1.00      0.25         1

    accuracy                           0.54        13
   macro avg       0.57      0.75      0.46        13
weighted avg       0.93      0.54      0.63        13

accuracy: 0.5384615384615384
0.25
@@@ tn: 6, fp: 6, fn: 0, tp: 1
@@@ LIME - Creating explainer
@@@ LIME - Random Sampling of Instances
iter: 0, sample_no: 9, actual label: 0, predicted: 1
iter: 1, sample_no: 3, actual label: 0, predicted: 1
iter: 2, sample_no: 10, actual label: 0, predicted: 1
iter: 3, sample_no: 4, actual label: 0, predicted: 0
iter: 4, sample_no: 2, actual label: 0, predicted: 0
iter: 5, sample_no: 8, actual label: 1, predicted: 1
iter: 6, sample_no: 10, actual label: 0, predicted: 1
iter: 7, sample_no: 8, actual label: 1, predicted: 1
iter: 8, sample_no: 4, actual label: 0, predicted: 0
iter: 9, sample_no: 1, actual label: 0, predicted: 0
iter: 10, sample_no: 10, actual label: 0, predicted: 1
iter: 11, sample_no: 3, actual label: 0, predicted: 1
iter: 12, sample_no: 4, actual label: 0, predicted: 0
iter: 13, sample_no: 7, actual label: 0, predicted: 1
iter: 14, sample_no: 4, actual label: 0, predicted: 0
iter: 15, sample_no: 12, actual label: 0, predicted: 0
iter: 16, sample_no: 2, actual label: 0, predicted: 0
iter: 17, sample_no: 10, actual label: 0, predicted: 1
iter: 18, sample_no: 5, actual label: 0, predicted: 0
iter: 19, sample_no: 5, actual label: 0, predicted: 0
iter: 20, sample_no: 2, actual label: 0, predicted: 0
iter: 21, sample_no: 3, actual label: 0, predicted: 1
iter: 22, sample_no: 4, actual label: 0, predicted: 0
iter: 23, sample_no: 0, actual label: 0, predicted: 0
iter: 24, sample_no: 10, actual label: 0, predicted: 1
number of samples: 13
AUC 1.0
pos_get 1
total recall stop_at 1.0
@@@ C - Repeat number: 10
will not use leaked features
@@@ D - common_header:  {'F15-protected', 'F71-woolfel@apache.org', 'F3-NA', 'F3-GenericController', 'F3-byte[]', 'F3-JMeterTreeNode', 'F3-InterleaveControl.IGNORE_SUB_CONTROLLERS', 'F71-milamber@apache.org', 'F25', 'F68', 'F3-Object', 'F3-Arguments', 'F71-fschumacher@apache.org', 'F105', 'F22', 'F71-fschumacher@unknown', 'F71-oros@apache.org', 'F3-long', 'F3-TestElementProperty', 'F3-String[]', 'F15-public', 'F65', 'F77', 'F71-dims@apache.org', 'F3-CollectionProperty', 'F3-String', 'F3-MenuIcon', 'F71-mblankestijn@apache.org', 'F71-jsalvata@apache.org', 'F71-jeremy_a@apache.org', 'F71-thads@apache.org', 'F71-undera@apache.org', 'F71-dev-null@apache.org', 'F123', 'F71-seade@apache.org', 'F3-boolean', 'F41', 'F71-alf@apache.org', 'F15-NA', 'F71-rjung@apache.org', 'category', 'F72', 'F71-mstover1@apache.org', 'F71-pmouawad@unknown', 'F71-sebb@apache.org', 'F71-pmouawad@apache.org', 'F3-HashTree', 'F3-HttpRequestBase', 'F126', 'F104', 'F3-int', 'F15-private', 'F3-StringProperty', 'F101'}
     F72   F25         ...          F71-undera@apache.org F71-pmouawad@unknown
1  11856  3757         ...                              0                    0
2  11856  3757         ...                              0                    0
3  11856  3757         ...                              0                    0

[3 rows x 53 columns]
;.;
        F72          ...           F71-pmouawad@unknown
0  0.825454          ...                            0.0
1  0.825454          ...                            0.0
2  0.825454          ...                            0.0

[3 rows x 53 columns]
training_x: (604, 53)
training_y: 604
testset_x: (13, 53)
testset_y: 13
              precision    recall  f1-score   support

           0       1.00      0.50      0.67        12
           1       0.14      1.00      0.25         1

    accuracy                           0.54        13
   macro avg       0.57      0.75      0.46        13
weighted avg       0.93      0.54      0.63        13

accuracy: 0.5384615384615384
0.25
@@@ tn: 6, fp: 6, fn: 0, tp: 1
@@@ LIME - Creating explainer
@@@ LIME - Random Sampling of Instances
/Users/author1/anaconda3/lib/python3.6/site-packages/tensorflow/python/framework/dtypes.py:463: FutureWarning: Passing (type, 1) or '1type' as a synonym of type is deprecated; in a future version of numpy, it will be understood as (type, (1,)) / '(1,)type'.
  _np_qint8 = np.dtype([("qint8", np.int8, 1)])
/Users/author1/anaconda3/lib/python3.6/site-packages/tensorflow/python/framework/dtypes.py:464: FutureWarning: Passing (type, 1) or '1type' as a synonym of type is deprecated; in a future version of numpy, it will be understood as (type, (1,)) / '(1,)type'.
  _np_quint8 = np.dtype([("quint8", np.uint8, 1)])
/Users/author1/anaconda3/lib/python3.6/site-packages/tensorflow/python/framework/dtypes.py:465: FutureWarning: Passing (type, 1) or '1type' as a synonym of type is deprecated; in a future version of numpy, it will be understood as (type, (1,)) / '(1,)type'.
  _np_qint16 = np.dtype([("qint16", np.int16, 1)])
/Users/author1/anaconda3/lib/python3.6/site-packages/tensorflow/python/framework/dtypes.py:466: FutureWarning: Passing (type, 1) or '1type' as a synonym of type is deprecated; in a future version of numpy, it will be understood as (type, (1,)) / '(1,)type'.
  _np_quint16 = np.dtype([("quint16", np.uint16, 1)])
/Users/author1/anaconda3/lib/python3.6/site-packages/tensorflow/python/framework/dtypes.py:467: FutureWarning: Passing (type, 1) or '1type' as a synonym of type is deprecated; in a future version of numpy, it will be understood as (type, (1,)) / '(1,)type'.
  _np_qint32 = np.dtype([("qint32", np.int32, 1)])
iter: 0, sample_no: 12, actual label: 0, predicted: 0
iter: 1, sample_no: 7, actual label: 0, predicted: 1
iter: 2, sample_no: 9, actual label: 0, predicted: 1
iter: 3, sample_no: 3, actual label: 0, predicted: 1
iter: 4, sample_no: 11, actual label: 0, predicted: 1
iter: 5, sample_no: 5, actual label: 0, predicted: 0
iter: 6, sample_no: 10, actual label: 0, predicted: 1
iter: 7, sample_no: 5, actual label: 0, predicted: 0
iter: 8, sample_no: 0, actual label: 0, predicted: 0
iter: 9, sample_no: 4, actual label: 0, predicted: 0
iter: 10, sample_no: 9, actual label: 0, predicted: 1
iter: 11, sample_no: 3, actual label: 0, predicted: 1
iter: 12, sample_no: 9, actual label: 0, predicted: 1
iter: 13, sample_no: 7, actual label: 0, predicted: 1
iter: 14, sample_no: 9, actual label: 0, predicted: 1
iter: 15, sample_no: 9, actual label: 0, predicted: 1
iter: 16, sample_no: 7, actual label: 0, predicted: 1
iter: 17, sample_no: 9, actual label: 0, predicted: 1
iter: 18, sample_no: 7, actual label: 0, predicted: 1
iter: 19, sample_no: 10, actual label: 0, predicted: 1
iter: 20, sample_no: 0, actual label: 0, predicted: 0
iter: 21, sample_no: 5, actual label: 0, predicted: 0
iter: 22, sample_no: 6, actual label: 0, predicted: 1
iter: 23, sample_no: 6, actual label: 0, predicted: 1
iter: 24, sample_no: 9, actual label: 0, predicted: 1
number of samples: 13
AUC 1.0
pos_get 1
total recall stop_at 1.0
----------threshold stop at----------: 1
AUC [1.0, 1.0, 1.0, 1.0, 1.0, 1.0, 1.0, 1.0, 1.0, 1.0]
AUC_median 1.0
AUC_iqr 0.0
cost [0.07692307692307693, 0.07692307692307693, 0.07692307692307693, 0.07692307692307693, 0.07692307692307693, 0.07692307692307693, 0.07692307692307693, 0.07692307692307693, 0.07692307692307693, 0.07692307692307693]
COST_med 0.07692307692307693
COST_iqr 0.0
f1_pos_list [0.25, 0.25, 0.25, 0.25, 0.25, 0.25, 0.25, 0.25, 0.25, 0.25]
f1_pos_med 0.25
