@@@ A - classifier: SVC(C=1.0, break_ties=False, cache_size=200, class_weight='balanced', coef0=0.0,
    decision_function_shape='ovr', degree=3, gamma='scale', kernel='linear',
    max_iter=-1, probability=True, random_state=None, shrinking=True, tol=0.001,
    verbose=False)
@@@ B - threshold stop at: 1
@@@ C - Repeat number: 1
will not use leaked features
@@@ D - common_header:  {'F71-antoine@apache.org', 'F3-PrintStream', 'F41', 'F123', 'F3-Project.MSG_DEBUG', 'F3-Long', 'F71-donaldp@apache.org', 'F3-String', 'F126', 'F71-stevel@apache.org', 'F65', 'F3-int', 'F25', 'F15-protected', 'F3-Class', 'F3-boolean', 'F15-public', 'F3-FileOutputStream', 'F3-nestedTask.getTaskName()', 'F71-jglick@apache.org', 'category', 'F71-stefano@apache.org', 'F71-rubys@apache.org', 'F3-Object', 'F3-Integer', 'F3-File', 'F72', 'F71-costin@apache.org', 'F3-byte[]', 'F71-jkf@apache.org', 'F105', 'F71-bodewig@apache.org', 'F3-null', 'F71-umagesh@apache.org', 'F71-jhm@apache.org', 'F3-char', 'F68', 'F77', 'F71-ehatcher@apache.org', 'F71-peterreilly@apache.org', 'F3-FileInputStream', 'F71-kevj@apache.org', 'F3-InputStream', 'F104', 'F3-Project', 'F15-private', 'F71-conor@apache.org', 'F71-sbailliez@apache.org', 'F71-mbenson@apache.org', 'F71-hibou@apache.org', 'F71-jskeet@apache.org', 'F101', 'F22'}
     F72   F25        ...         F71-mbenson@apache.org F71-jhm@apache.org
1  10851  4384        ...                              1                  0
2  10851  4384        ...                              1                  0
3  10851  4384        ...                              1                  0

[3 rows x 52 columns]
;.;
        F72         ...          F71-jhm@apache.org
0  0.794814         ...                         0.0
1  0.794814         ...                         0.0
2  0.794814         ...                         0.0

[3 rows x 52 columns]
training_x: (1229, 52)
training_y: 1229
testset_x: (1115, 52)
testset_y: 1115
              precision    recall  f1-score   support

           0       0.97      0.46      0.62      1061
           1       0.06      0.69      0.11        54

    accuracy                           0.47      1115
   macro avg       0.51      0.57      0.37      1115
weighted avg       0.92      0.47      0.60      1115

accuracy: 0.46995515695067264
0.11127819548872181
@@@ tn: 487, fp: 574, fn: 17, tp: 37
@@@ LIME - Creating explainer
@@@ LIME - Random Sampling of Instances
iter: 0, sample_no: 255, actual label: 0, predicted: 0
iter: 1, sample_no: 144, actual label: 0, predicted: 0
iter: 2, sample_no: 139, actual label: 0, predicted: 0
iter: 3, sample_no: 776, actual label: 0, predicted: 1
iter: 4, sample_no: 998, actual label: 0, predicted: 1
iter: 5, sample_no: 280, actual label: 0, predicted: 0
iter: 6, sample_no: 192, actual label: 0, predicted: 1
iter: 7, sample_no: 805, actual label: 0, predicted: 0
iter: 8, sample_no: 319, actual label: 0, predicted: 1
iter: 9, sample_no: 223, actual label: 0, predicted: 1
iter: 10, sample_no: 740, actual label: 0, predicted: 0
iter: 11, sample_no: 767, actual label: 0, predicted: 1
iter: 12, sample_no: 952, actual label: 0, predicted: 0
iter: 13, sample_no: 850, actual label: 0, predicted: 1
iter: 14, sample_no: 185, actual label: 0, predicted: 0
iter: 15, sample_no: 724, actual label: 0, predicted: 0
iter: 16, sample_no: 548, actual label: 0, predicted: 1
iter: 17, sample_no: 1105, actual label: 1, predicted: 1
iter: 18, sample_no: 448, actual label: 0, predicted: 0
iter: 19, sample_no: 608, actual label: 0, predicted: 0
iter: 20, sample_no: 402, actual label: 0, predicted: 0
iter: 21, sample_no: 555, actual label: 0, predicted: 1
iter: 22, sample_no: 144, actual label: 0, predicted: 0
iter: 23, sample_no: 710, actual label: 0, predicted: 1
iter: 24, sample_no: 527, actual label: 0, predicted: 1
number of samples: 1115
AUC 0.6654099905749293
pos_get 54
total recall stop_at 1.0
@@@ C - Repeat number: 2
will not use leaked features
@@@ D - common_header:  {'F71-antoine@apache.org', 'F3-PrintStream', 'F41', 'F123', 'F3-Project.MSG_DEBUG', 'F3-Long', 'F71-donaldp@apache.org', 'F3-String', 'F126', 'F71-stevel@apache.org', 'F65', 'F3-int', 'F25', 'F15-protected', 'F3-Class', 'F3-boolean', 'F15-public', 'F3-FileOutputStream', 'F3-nestedTask.getTaskName()', 'F71-jglick@apache.org', 'category', 'F71-stefano@apache.org', 'F71-rubys@apache.org', 'F3-Object', 'F3-Integer', 'F3-File', 'F72', 'F71-costin@apache.org', 'F3-byte[]', 'F71-jkf@apache.org', 'F105', 'F71-bodewig@apache.org', 'F3-null', 'F71-umagesh@apache.org', 'F71-jhm@apache.org', 'F3-char', 'F68', 'F77', 'F71-ehatcher@apache.org', 'F71-peterreilly@apache.org', 'F3-FileInputStream', 'F71-kevj@apache.org', 'F3-InputStream', 'F104', 'F3-Project', 'F15-private', 'F71-conor@apache.org', 'F71-sbailliez@apache.org', 'F71-mbenson@apache.org', 'F71-hibou@apache.org', 'F71-jskeet@apache.org', 'F101', 'F22'}
     F72   F25        ...         F71-mbenson@apache.org F71-jhm@apache.org
1  10851  4384        ...                              1                  0
2  10851  4384        ...                              1                  0
3  10851  4384        ...                              1                  0

[3 rows x 52 columns]
;.;
        F72         ...          F71-jhm@apache.org
0  0.794814         ...                         0.0
1  0.794814         ...                         0.0
2  0.794814         ...                         0.0

[3 rows x 52 columns]
training_x: (1229, 52)
training_y: 1229
testset_x: (1115, 52)
testset_y: 1115
              precision    recall  f1-score   support

           0       0.97      0.46      0.62      1061
           1       0.06      0.69      0.11        54

    accuracy                           0.47      1115
   macro avg       0.51      0.57      0.37      1115
weighted avg       0.92      0.47      0.60      1115

accuracy: 0.46995515695067264
0.11127819548872181
@@@ tn: 487, fp: 574, fn: 17, tp: 37
@@@ LIME - Creating explainer
@@@ LIME - Random Sampling of Instances
iter: 0, sample_no: 753, actual label: 0, predicted: 0
iter: 1, sample_no: 1107, actual label: 1, predicted: 1
iter: 2, sample_no: 311, actual label: 0, predicted: 0
iter: 3, sample_no: 878, actual label: 0, predicted: 1
iter: 4, sample_no: 547, actual label: 0, predicted: 0
iter: 5, sample_no: 759, actual label: 0, predicted: 1
iter: 6, sample_no: 527, actual label: 0, predicted: 1
iter: 7, sample_no: 293, actual label: 0, predicted: 0
iter: 8, sample_no: 357, actual label: 0, predicted: 0
iter: 9, sample_no: 703, actual label: 0, predicted: 1
iter: 10, sample_no: 284, actual label: 0, predicted: 1
iter: 11, sample_no: 400, actual label: 1, predicted: 0
iter: 12, sample_no: 211, actual label: 0, predicted: 0
iter: 13, sample_no: 990, actual label: 0, predicted: 0
iter: 14, sample_no: 1014, actual label: 0, predicted: 0
iter: 15, sample_no: 92, actual label: 0, predicted: 1
iter: 16, sample_no: 493, actual label: 1, predicted: 1
iter: 17, sample_no: 436, actual label: 0, predicted: 1
iter: 18, sample_no: 101, actual label: 0, predicted: 1
iter: 19, sample_no: 1072, actual label: 0, predicted: 1
iter: 20, sample_no: 744, actual label: 0, predicted: 1
iter: 21, sample_no: 199, actual label: 0, predicted: 0
iter: 22, sample_no: 562, actual label: 0, predicted: 1
iter: 23, sample_no: 963, actual label: 0, predicted: 1
iter: 24, sample_no: 622, actual label: 0, predicted: 1
number of samples: 1115
AUC 0.6654448982441442
pos_get 54
total recall stop_at 1.0
@@@ C - Repeat number: 3
will not use leaked features
@@@ D - common_header:  {'F71-antoine@apache.org', 'F3-PrintStream', 'F41', 'F123', 'F3-Project.MSG_DEBUG', 'F3-Long', 'F71-donaldp@apache.org', 'F3-String', 'F126', 'F71-stevel@apache.org', 'F65', 'F3-int', 'F25', 'F15-protected', 'F3-Class', 'F3-boolean', 'F15-public', 'F3-FileOutputStream', 'F3-nestedTask.getTaskName()', 'F71-jglick@apache.org', 'category', 'F71-stefano@apache.org', 'F71-rubys@apache.org', 'F3-Object', 'F3-Integer', 'F3-File', 'F72', 'F71-costin@apache.org', 'F3-byte[]', 'F71-jkf@apache.org', 'F105', 'F71-bodewig@apache.org', 'F3-null', 'F71-umagesh@apache.org', 'F71-jhm@apache.org', 'F3-char', 'F68', 'F77', 'F71-ehatcher@apache.org', 'F71-peterreilly@apache.org', 'F3-FileInputStream', 'F71-kevj@apache.org', 'F3-InputStream', 'F104', 'F3-Project', 'F15-private', 'F71-conor@apache.org', 'F71-sbailliez@apache.org', 'F71-mbenson@apache.org', 'F71-hibou@apache.org', 'F71-jskeet@apache.org', 'F101', 'F22'}
     F72   F25        ...         F71-mbenson@apache.org F71-jhm@apache.org
1  10851  4384        ...                              1                  0
2  10851  4384        ...                              1                  0
3  10851  4384        ...                              1                  0

[3 rows x 52 columns]
;.;
        F72         ...          F71-jhm@apache.org
0  0.794814         ...                         0.0
1  0.794814         ...                         0.0
2  0.794814         ...                         0.0

[3 rows x 52 columns]
training_x: (1229, 52)
training_y: 1229
testset_x: (1115, 52)
testset_y: 1115
              precision    recall  f1-score   support

           0       0.97      0.46      0.62      1061
           1       0.06      0.69      0.11        54

    accuracy                           0.47      1115
   macro avg       0.51      0.57      0.37      1115
weighted avg       0.92      0.47      0.60      1115

accuracy: 0.46995515695067264
0.11127819548872181
@@@ tn: 487, fp: 574, fn: 17, tp: 37
@@@ LIME - Creating explainer
@@@ LIME - Random Sampling of Instances
iter: 0, sample_no: 414, actual label: 0, predicted: 1
iter: 1, sample_no: 366, actual label: 0, predicted: 1
iter: 2, sample_no: 825, actual label: 0, predicted: 1
iter: 3, sample_no: 645, actual label: 1, predicted: 1
iter: 4, sample_no: 859, actual label: 0, predicted: 0
iter: 5, sample_no: 940, actual label: 0, predicted: 1
iter: 6, sample_no: 822, actual label: 0, predicted: 1
iter: 7, sample_no: 131, actual label: 0, predicted: 0
iter: 8, sample_no: 143, actual label: 0, predicted: 0
iter: 9, sample_no: 220, actual label: 0, predicted: 0
iter: 10, sample_no: 477, actual label: 0, predicted: 0
iter: 11, sample_no: 282, actual label: 0, predicted: 1
iter: 12, sample_no: 188, actual label: 0, predicted: 1
iter: 13, sample_no: 671, actual label: 0, predicted: 0
iter: 14, sample_no: 244, actual label: 0, predicted: 1
iter: 15, sample_no: 337, actual label: 0, predicted: 0
iter: 16, sample_no: 1080, actual label: 0, predicted: 1
iter: 17, sample_no: 530, actual label: 1, predicted: 1
iter: 18, sample_no: 1000, actual label: 0, predicted: 0
iter: 19, sample_no: 763, actual label: 0, predicted: 1
iter: 20, sample_no: 529, actual label: 1, predicted: 1
iter: 21, sample_no: 1014, actual label: 0, predicted: 0
iter: 22, sample_no: 282, actual label: 0, predicted: 1
iter: 23, sample_no: 497, actual label: 0, predicted: 0
iter: 24, sample_no: 220, actual label: 0, predicted: 0
number of samples: 1115
AUC 0.6654099905749293
pos_get 54
total recall stop_at 1.0
@@@ C - Repeat number: 4
will not use leaked features
@@@ D - common_header:  {'F71-antoine@apache.org', 'F3-PrintStream', 'F41', 'F123', 'F3-Project.MSG_DEBUG', 'F3-Long', 'F71-donaldp@apache.org', 'F3-String', 'F126', 'F71-stevel@apache.org', 'F65', 'F3-int', 'F25', 'F15-protected', 'F3-Class', 'F3-boolean', 'F15-public', 'F3-FileOutputStream', 'F3-nestedTask.getTaskName()', 'F71-jglick@apache.org', 'category', 'F71-stefano@apache.org', 'F71-rubys@apache.org', 'F3-Object', 'F3-Integer', 'F3-File', 'F72', 'F71-costin@apache.org', 'F3-byte[]', 'F71-jkf@apache.org', 'F105', 'F71-bodewig@apache.org', 'F3-null', 'F71-umagesh@apache.org', 'F71-jhm@apache.org', 'F3-char', 'F68', 'F77', 'F71-ehatcher@apache.org', 'F71-peterreilly@apache.org', 'F3-FileInputStream', 'F71-kevj@apache.org', 'F3-InputStream', 'F104', 'F3-Project', 'F15-private', 'F71-conor@apache.org', 'F71-sbailliez@apache.org', 'F71-mbenson@apache.org', 'F71-hibou@apache.org', 'F71-jskeet@apache.org', 'F101', 'F22'}
     F72   F25        ...         F71-mbenson@apache.org F71-jhm@apache.org
1  10851  4384        ...                              1                  0
2  10851  4384        ...                              1                  0
3  10851  4384        ...                              1                  0

[3 rows x 52 columns]
;.;
        F72         ...          F71-jhm@apache.org
0  0.794814         ...                         0.0
1  0.794814         ...                         0.0
2  0.794814         ...                         0.0

[3 rows x 52 columns]
training_x: (1229, 52)
training_y: 1229
testset_x: (1115, 52)
testset_y: 1115
              precision    recall  f1-score   support

           0       0.97      0.46      0.62      1061
           1       0.06      0.69      0.11        54

    accuracy                           0.47      1115
   macro avg       0.51      0.57      0.37      1115
weighted avg       0.92      0.47      0.60      1115

accuracy: 0.46995515695067264
0.11127819548872181
@@@ tn: 487, fp: 574, fn: 17, tp: 37
@@@ LIME - Creating explainer
@@@ LIME - Random Sampling of Instances
iter: 0, sample_no: 837, actual label: 0, predicted: 0
iter: 1, sample_no: 415, actual label: 0, predicted: 1
iter: 2, sample_no: 216, actual label: 0, predicted: 1
iter: 3, sample_no: 320, actual label: 0, predicted: 1
iter: 4, sample_no: 207, actual label: 0, predicted: 1
iter: 5, sample_no: 490, actual label: 0, predicted: 0
iter: 6, sample_no: 283, actual label: 0, predicted: 1
iter: 7, sample_no: 656, actual label: 0, predicted: 1
iter: 8, sample_no: 1059, actual label: 1, predicted: 0
iter: 9, sample_no: 868, actual label: 0, predicted: 1
iter: 10, sample_no: 506, actual label: 0, predicted: 0
iter: 11, sample_no: 1089, actual label: 0, predicted: 1
iter: 12, sample_no: 488, actual label: 0, predicted: 1
iter: 13, sample_no: 807, actual label: 0, predicted: 1
iter: 14, sample_no: 907, actual label: 0, predicted: 0
iter: 15, sample_no: 393, actual label: 1, predicted: 1
iter: 16, sample_no: 661, actual label: 0, predicted: 1
iter: 17, sample_no: 711, actual label: 0, predicted: 0
iter: 18, sample_no: 890, actual label: 0, predicted: 1
iter: 19, sample_no: 258, actual label: 0, predicted: 0
iter: 20, sample_no: 717, actual label: 0, predicted: 0
iter: 21, sample_no: 129, actual label: 0, predicted: 0
iter: 22, sample_no: 327, actual label: 0, predicted: 1
iter: 23, sample_no: 895, actual label: 0, predicted: 1
iter: 24, sample_no: 250, actual label: 0, predicted: 1
number of samples: 1115
AUC 0.6654099905749293
pos_get 54
total recall stop_at 1.0
@@@ C - Repeat number: 5
will not use leaked features
@@@ D - common_header:  {'F71-antoine@apache.org', 'F3-PrintStream', 'F41', 'F123', 'F3-Project.MSG_DEBUG', 'F3-Long', 'F71-donaldp@apache.org', 'F3-String', 'F126', 'F71-stevel@apache.org', 'F65', 'F3-int', 'F25', 'F15-protected', 'F3-Class', 'F3-boolean', 'F15-public', 'F3-FileOutputStream', 'F3-nestedTask.getTaskName()', 'F71-jglick@apache.org', 'category', 'F71-stefano@apache.org', 'F71-rubys@apache.org', 'F3-Object', 'F3-Integer', 'F3-File', 'F72', 'F71-costin@apache.org', 'F3-byte[]', 'F71-jkf@apache.org', 'F105', 'F71-bodewig@apache.org', 'F3-null', 'F71-umagesh@apache.org', 'F71-jhm@apache.org', 'F3-char', 'F68', 'F77', 'F71-ehatcher@apache.org', 'F71-peterreilly@apache.org', 'F3-FileInputStream', 'F71-kevj@apache.org', 'F3-InputStream', 'F104', 'F3-Project', 'F15-private', 'F71-conor@apache.org', 'F71-sbailliez@apache.org', 'F71-mbenson@apache.org', 'F71-hibou@apache.org', 'F71-jskeet@apache.org', 'F101', 'F22'}
     F72   F25        ...         F71-mbenson@apache.org F71-jhm@apache.org
1  10851  4384        ...                              1                  0
2  10851  4384        ...                              1                  0
3  10851  4384        ...                              1                  0

[3 rows x 52 columns]
;.;
        F72         ...          F71-jhm@apache.org
0  0.794814         ...                         0.0
1  0.794814         ...                         0.0
2  0.794814         ...                         0.0

[3 rows x 52 columns]
training_x: (1229, 52)
training_y: 1229
testset_x: (1115, 52)
testset_y: 1115
              precision    recall  f1-score   support

           0       0.97      0.46      0.62      1061
           1       0.06      0.69      0.11        54

    accuracy                           0.47      1115
   macro avg       0.51      0.57      0.37      1115
weighted avg       0.92      0.47      0.60      1115

accuracy: 0.46995515695067264
0.11127819548872181
@@@ tn: 487, fp: 574, fn: 17, tp: 37
@@@ LIME - Creating explainer
@@@ LIME - Random Sampling of Instances
iter: 0, sample_no: 327, actual label: 0, predicted: 1
iter: 1, sample_no: 908, actual label: 0, predicted: 0
iter: 2, sample_no: 810, actual label: 0, predicted: 0
iter: 3, sample_no: 336, actual label: 0, predicted: 0
iter: 4, sample_no: 831, actual label: 0, predicted: 1
iter: 5, sample_no: 521, actual label: 0, predicted: 1
iter: 6, sample_no: 486, actual label: 1, predicted: 1
iter: 7, sample_no: 498, actual label: 0, predicted: 1
iter: 8, sample_no: 293, actual label: 0, predicted: 0
iter: 9, sample_no: 111, actual label: 0, predicted: 1
iter: 10, sample_no: 216, actual label: 0, predicted: 1
iter: 11, sample_no: 757, actual label: 0, predicted: 1
iter: 12, sample_no: 1098, actual label: 0, predicted: 1
iter: 13, sample_no: 867, actual label: 0, predicted: 0
iter: 14, sample_no: 123, actual label: 0, predicted: 0
iter: 15, sample_no: 824, actual label: 0, predicted: 1
iter: 16, sample_no: 547, actual label: 0, predicted: 0
iter: 17, sample_no: 889, actual label: 0, predicted: 1
iter: 18, sample_no: 630, actual label: 0, predicted: 1
iter: 19, sample_no: 816, actual label: 0, predicted: 0
iter: 20, sample_no: 884, actual label: 0, predicted: 1
iter: 21, sample_no: 327, actual label: 0, predicted: 1
iter: 22, sample_no: 224, actual label: 0, predicted: 1
iter: 23, sample_no: 533, actual label: 0, predicted: 1
iter: 24, sample_no: 234, actual label: 0, predicted: 0
number of samples: 1115
AUC 0.6655408943344853
pos_get 54
total recall stop_at 1.0
@@@ C - Repeat number: 6
will not use leaked features
@@@ D - common_header:  {'F71-antoine@apache.org', 'F3-PrintStream', 'F41', 'F123', 'F3-Project.MSG_DEBUG', 'F3-Long', 'F71-donaldp@apache.org', 'F3-String', 'F126', 'F71-stevel@apache.org', 'F65', 'F3-int', 'F25', 'F15-protected', 'F3-Class', 'F3-boolean', 'F15-public', 'F3-FileOutputStream', 'F3-nestedTask.getTaskName()', 'F71-jglick@apache.org', 'category', 'F71-stefano@apache.org', 'F71-rubys@apache.org', 'F3-Object', 'F3-Integer', 'F3-File', 'F72', 'F71-costin@apache.org', 'F3-byte[]', 'F71-jkf@apache.org', 'F105', 'F71-bodewig@apache.org', 'F3-null', 'F71-umagesh@apache.org', 'F71-jhm@apache.org', 'F3-char', 'F68', 'F77', 'F71-ehatcher@apache.org', 'F71-peterreilly@apache.org', 'F3-FileInputStream', 'F71-kevj@apache.org', 'F3-InputStream', 'F104', 'F3-Project', 'F15-private', 'F71-conor@apache.org', 'F71-sbailliez@apache.org', 'F71-mbenson@apache.org', 'F71-hibou@apache.org', 'F71-jskeet@apache.org', 'F101', 'F22'}
     F72   F25        ...         F71-mbenson@apache.org F71-jhm@apache.org
1  10851  4384        ...                              1                  0
2  10851  4384        ...                              1                  0
3  10851  4384        ...                              1                  0

[3 rows x 52 columns]
;.;
        F72         ...          F71-jhm@apache.org
0  0.794814         ...                         0.0
1  0.794814         ...                         0.0
2  0.794814         ...                         0.0

[3 rows x 52 columns]
training_x: (1229, 52)
training_y: 1229
testset_x: (1115, 52)
testset_y: 1115
              precision    recall  f1-score   support

           0       0.97      0.46      0.62      1061
           1       0.06      0.69      0.11        54

    accuracy                           0.47      1115
   macro avg       0.51      0.57      0.37      1115
weighted avg       0.92      0.47      0.60      1115

accuracy: 0.46995515695067264
0.11127819548872181
@@@ tn: 487, fp: 574, fn: 17, tp: 37
@@@ LIME - Creating explainer
@@@ LIME - Random Sampling of Instances
iter: 0, sample_no: 563, actual label: 0, predicted: 0
iter: 1, sample_no: 98, actual label: 0, predicted: 1
iter: 2, sample_no: 232, actual label: 0, predicted: 0
iter: 3, sample_no: 402, actual label: 0, predicted: 0
iter: 4, sample_no: 857, actual label: 0, predicted: 0
iter: 5, sample_no: 361, actual label: 0, predicted: 0
iter: 6, sample_no: 759, actual label: 0, predicted: 1
iter: 7, sample_no: 318, actual label: 0, predicted: 1
iter: 8, sample_no: 1068, actual label: 0, predicted: 0
iter: 9, sample_no: 60, actual label: 0, predicted: 0
iter: 10, sample_no: 610, actual label: 0, predicted: 1
iter: 11, sample_no: 455, actual label: 0, predicted: 1
iter: 12, sample_no: 820, actual label: 0, predicted: 1
iter: 13, sample_no: 933, actual label: 0, predicted: 1
iter: 14, sample_no: 525, actual label: 0, predicted: 1
iter: 15, sample_no: 445, actual label: 0, predicted: 1
iter: 16, sample_no: 631, actual label: 0, predicted: 1
iter: 17, sample_no: 945, actual label: 1, predicted: 1
iter: 18, sample_no: 351, actual label: 0, predicted: 0
iter: 19, sample_no: 842, actual label: 0, predicted: 0
iter: 20, sample_no: 249, actual label: 0, predicted: 1
iter: 21, sample_no: 827, actual label: 0, predicted: 0
iter: 22, sample_no: 656, actual label: 0, predicted: 1
iter: 23, sample_no: 1008, actual label: 0, predicted: 0
iter: 24, sample_no: 524, actual label: 0, predicted: 0
number of samples: 1115
AUC 0.6654448982441443
pos_get 54
total recall stop_at 1.0
@@@ C - Repeat number: 7
will not use leaked features
@@@ D - common_header:  {'F71-antoine@apache.org', 'F3-PrintStream', 'F41', 'F123', 'F3-Project.MSG_DEBUG', 'F3-Long', 'F71-donaldp@apache.org', 'F3-String', 'F126', 'F71-stevel@apache.org', 'F65', 'F3-int', 'F25', 'F15-protected', 'F3-Class', 'F3-boolean', 'F15-public', 'F3-FileOutputStream', 'F3-nestedTask.getTaskName()', 'F71-jglick@apache.org', 'category', 'F71-stefano@apache.org', 'F71-rubys@apache.org', 'F3-Object', 'F3-Integer', 'F3-File', 'F72', 'F71-costin@apache.org', 'F3-byte[]', 'F71-jkf@apache.org', 'F105', 'F71-bodewig@apache.org', 'F3-null', 'F71-umagesh@apache.org', 'F71-jhm@apache.org', 'F3-char', 'F68', 'F77', 'F71-ehatcher@apache.org', 'F71-peterreilly@apache.org', 'F3-FileInputStream', 'F71-kevj@apache.org', 'F3-InputStream', 'F104', 'F3-Project', 'F15-private', 'F71-conor@apache.org', 'F71-sbailliez@apache.org', 'F71-mbenson@apache.org', 'F71-hibou@apache.org', 'F71-jskeet@apache.org', 'F101', 'F22'}
     F72   F25        ...         F71-mbenson@apache.org F71-jhm@apache.org
1  10851  4384        ...                              1                  0
2  10851  4384        ...                              1                  0
3  10851  4384        ...                              1                  0

[3 rows x 52 columns]
;.;
        F72         ...          F71-jhm@apache.org
0  0.794814         ...                         0.0
1  0.794814         ...                         0.0
2  0.794814         ...                         0.0

[3 rows x 52 columns]
training_x: (1229, 52)
training_y: 1229
testset_x: (1115, 52)
testset_y: 1115
              precision    recall  f1-score   support

           0       0.97      0.46      0.62      1061
           1       0.06      0.69      0.11        54

    accuracy                           0.47      1115
   macro avg       0.51      0.57      0.37      1115
weighted avg       0.92      0.47      0.60      1115

accuracy: 0.46995515695067264
0.11127819548872181
@@@ tn: 487, fp: 574, fn: 17, tp: 37
@@@ LIME - Creating explainer
@@@ LIME - Random Sampling of Instances
iter: 0, sample_no: 424, actual label: 0, predicted: 1
iter: 1, sample_no: 845, actual label: 0, predicted: 0
iter: 2, sample_no: 20, actual label: 0, predicted: 0
iter: 3, sample_no: 761, actual label: 0, predicted: 1
iter: 4, sample_no: 917, actual label: 0, predicted: 1
iter: 5, sample_no: 1105, actual label: 1, predicted: 1
iter: 6, sample_no: 718, actual label: 0, predicted: 1
iter: 7, sample_no: 250, actual label: 0, predicted: 1
iter: 8, sample_no: 689, actual label: 0, predicted: 1
iter: 9, sample_no: 428, actual label: 0, predicted: 1
iter: 10, sample_no: 220, actual label: 0, predicted: 0
iter: 11, sample_no: 637, actual label: 0, predicted: 0
iter: 12, sample_no: 718, actual label: 0, predicted: 1
iter: 13, sample_no: 616, actual label: 0, predicted: 0
iter: 14, sample_no: 122, actual label: 0, predicted: 1
iter: 15, sample_no: 486, actual label: 1, predicted: 1
iter: 16, sample_no: 149, actual label: 1, predicted: 1
iter: 17, sample_no: 1027, actual label: 1, predicted: 0
iter: 18, sample_no: 802, actual label: 0, predicted: 1
iter: 19, sample_no: 404, actual label: 0, predicted: 1
iter: 20, sample_no: 302, actual label: 0, predicted: 0
iter: 21, sample_no: 672, actual label: 0, predicted: 0
iter: 22, sample_no: 620, actual label: 0, predicted: 1
iter: 23, sample_no: 62, actual label: 0, predicted: 0
iter: 24, sample_no: 789, actual label: 0, predicted: 0
number of samples: 1115
AUC 0.6654448982441442
pos_get 54
total recall stop_at 1.0
@@@ C - Repeat number: 8
will not use leaked features
@@@ D - common_header:  {'F71-antoine@apache.org', 'F3-PrintStream', 'F41', 'F123', 'F3-Project.MSG_DEBUG', 'F3-Long', 'F71-donaldp@apache.org', 'F3-String', 'F126', 'F71-stevel@apache.org', 'F65', 'F3-int', 'F25', 'F15-protected', 'F3-Class', 'F3-boolean', 'F15-public', 'F3-FileOutputStream', 'F3-nestedTask.getTaskName()', 'F71-jglick@apache.org', 'category', 'F71-stefano@apache.org', 'F71-rubys@apache.org', 'F3-Object', 'F3-Integer', 'F3-File', 'F72', 'F71-costin@apache.org', 'F3-byte[]', 'F71-jkf@apache.org', 'F105', 'F71-bodewig@apache.org', 'F3-null', 'F71-umagesh@apache.org', 'F71-jhm@apache.org', 'F3-char', 'F68', 'F77', 'F71-ehatcher@apache.org', 'F71-peterreilly@apache.org', 'F3-FileInputStream', 'F71-kevj@apache.org', 'F3-InputStream', 'F104', 'F3-Project', 'F15-private', 'F71-conor@apache.org', 'F71-sbailliez@apache.org', 'F71-mbenson@apache.org', 'F71-hibou@apache.org', 'F71-jskeet@apache.org', 'F101', 'F22'}
     F72   F25        ...         F71-mbenson@apache.org F71-jhm@apache.org
1  10851  4384        ...                              1                  0
2  10851  4384        ...                              1                  0
3  10851  4384        ...                              1                  0

[3 rows x 52 columns]
;.;
        F72         ...          F71-jhm@apache.org
0  0.794814         ...                         0.0
1  0.794814         ...                         0.0
2  0.794814         ...                         0.0

[3 rows x 52 columns]
training_x: (1229, 52)
training_y: 1229
testset_x: (1115, 52)
testset_y: 1115
              precision    recall  f1-score   support

           0       0.97      0.46      0.62      1061
           1       0.06      0.69      0.11        54

    accuracy                           0.47      1115
   macro avg       0.51      0.57      0.37      1115
weighted avg       0.92      0.47      0.60      1115

accuracy: 0.46995515695067264
0.11127819548872181
@@@ tn: 487, fp: 574, fn: 17, tp: 37
@@@ LIME - Creating explainer
@@@ LIME - Random Sampling of Instances
iter: 0, sample_no: 109, actual label: 0, predicted: 1
iter: 1, sample_no: 523, actual label: 0, predicted: 1
iter: 2, sample_no: 590, actual label: 0, predicted: 0
iter: 3, sample_no: 713, actual label: 0, predicted: 0
iter: 4, sample_no: 529, actual label: 1, predicted: 1
iter: 5, sample_no: 949, actual label: 0, predicted: 0
iter: 6, sample_no: 736, actual label: 0, predicted: 0
iter: 7, sample_no: 1112, actual label: 0, predicted: 0
iter: 8, sample_no: 629, actual label: 0, predicted: 1
iter: 9, sample_no: 629, actual label: 0, predicted: 1
iter: 10, sample_no: 544, actual label: 0, predicted: 1
iter: 11, sample_no: 661, actual label: 0, predicted: 1
iter: 12, sample_no: 9, actual label: 0, predicted: 1
iter: 13, sample_no: 648, actual label: 0, predicted: 0
iter: 14, sample_no: 1056, actual label: 0, predicted: 1
iter: 15, sample_no: 775, actual label: 0, predicted: 0
iter: 16, sample_no: 46, actual label: 1, predicted: 1
iter: 17, sample_no: 504, actual label: 0, predicted: 1
iter: 18, sample_no: 211, actual label: 0, predicted: 0
iter: 19, sample_no: 249, actual label: 0, predicted: 1
iter: 20, sample_no: 999, actual label: 0, predicted: 0
iter: 21, sample_no: 37, actual label: 0, predicted: 1
iter: 22, sample_no: 872, actual label: 0, predicted: 1
iter: 23, sample_no: 184, actual label: 0, predicted: 1
iter: 24, sample_no: 944, actual label: 0, predicted: 0
number of samples: 1115
AUC 0.6653925367403218
pos_get 54
total recall stop_at 1.0
@@@ C - Repeat number: 9
will not use leaked features
@@@ D - common_header:  {'F71-antoine@apache.org', 'F3-PrintStream', 'F41', 'F123', 'F3-Project.MSG_DEBUG', 'F3-Long', 'F71-donaldp@apache.org', 'F3-String', 'F126', 'F71-stevel@apache.org', 'F65', 'F3-int', 'F25', 'F15-protected', 'F3-Class', 'F3-boolean', 'F15-public', 'F3-FileOutputStream', 'F3-nestedTask.getTaskName()', 'F71-jglick@apache.org', 'category', 'F71-stefano@apache.org', 'F71-rubys@apache.org', 'F3-Object', 'F3-Integer', 'F3-File', 'F72', 'F71-costin@apache.org', 'F3-byte[]', 'F71-jkf@apache.org', 'F105', 'F71-bodewig@apache.org', 'F3-null', 'F71-umagesh@apache.org', 'F71-jhm@apache.org', 'F3-char', 'F68', 'F77', 'F71-ehatcher@apache.org', 'F71-peterreilly@apache.org', 'F3-FileInputStream', 'F71-kevj@apache.org', 'F3-InputStream', 'F104', 'F3-Project', 'F15-private', 'F71-conor@apache.org', 'F71-sbailliez@apache.org', 'F71-mbenson@apache.org', 'F71-hibou@apache.org', 'F71-jskeet@apache.org', 'F101', 'F22'}
     F72   F25        ...         F71-mbenson@apache.org F71-jhm@apache.org
1  10851  4384        ...                              1                  0
2  10851  4384        ...                              1                  0
3  10851  4384        ...                              1                  0

[3 rows x 52 columns]
;.;
        F72         ...          F71-jhm@apache.org
0  0.794814         ...                         0.0
1  0.794814         ...                         0.0
2  0.794814         ...                         0.0

[3 rows x 52 columns]
training_x: (1229, 52)
training_y: 1229
testset_x: (1115, 52)
testset_y: 1115
              precision    recall  f1-score   support

           0       0.97      0.46      0.62      1061
           1       0.06      0.69      0.11        54

    accuracy                           0.47      1115
   macro avg       0.51      0.57      0.37      1115
weighted avg       0.92      0.47      0.60      1115

accuracy: 0.46995515695067264
0.11127819548872181
@@@ tn: 487, fp: 574, fn: 17, tp: 37
@@@ LIME - Creating explainer
@@@ LIME - Random Sampling of Instances
iter: 0, sample_no: 57, actual label: 0, predicted: 1
iter: 1, sample_no: 91, actual label: 0, predicted: 0
iter: 2, sample_no: 735, actual label: 0, predicted: 0
iter: 3, sample_no: 239, actual label: 0, predicted: 1
iter: 4, sample_no: 284, actual label: 0, predicted: 1
iter: 5, sample_no: 111, actual label: 0, predicted: 1
iter: 6, sample_no: 1083, actual label: 0, predicted: 0
iter: 7, sample_no: 80, actual label: 0, predicted: 1
iter: 8, sample_no: 221, actual label: 0, predicted: 0
iter: 9, sample_no: 1114, actual label: 0, predicted: 0
iter: 10, sample_no: 770, actual label: 0, predicted: 1
iter: 11, sample_no: 1073, actual label: 0, predicted: 1
iter: 12, sample_no: 438, actual label: 0, predicted: 1
iter: 13, sample_no: 652, actual label: 0, predicted: 0
iter: 14, sample_no: 15, actual label: 0, predicted: 0
iter: 15, sample_no: 139, actual label: 0, predicted: 0
iter: 16, sample_no: 472, actual label: 0, predicted: 0
iter: 17, sample_no: 431, actual label: 0, predicted: 1
iter: 18, sample_no: 1058, actual label: 0, predicted: 0
iter: 19, sample_no: 462, actual label: 0, predicted: 1
iter: 20, sample_no: 818, actual label: 0, predicted: 1
iter: 21, sample_no: 16, actual label: 0, predicted: 0
iter: 22, sample_no: 10, actual label: 0, predicted: 1
iter: 23, sample_no: 202, actual label: 0, predicted: 1
iter: 24, sample_no: 575, actual label: 0, predicted: 1
number of samples: 1115
AUC 0.6654099905749293
pos_get 54
total recall stop_at 1.0
@@@ C - Repeat number: 10
will not use leaked features
@@@ D - common_header:  {'F71-antoine@apache.org', 'F3-PrintStream', 'F41', 'F123', 'F3-Project.MSG_DEBUG', 'F3-Long', 'F71-donaldp@apache.org', 'F3-String', 'F126', 'F71-stevel@apache.org', 'F65', 'F3-int', 'F25', 'F15-protected', 'F3-Class', 'F3-boolean', 'F15-public', 'F3-FileOutputStream', 'F3-nestedTask.getTaskName()', 'F71-jglick@apache.org', 'category', 'F71-stefano@apache.org', 'F71-rubys@apache.org', 'F3-Object', 'F3-Integer', 'F3-File', 'F72', 'F71-costin@apache.org', 'F3-byte[]', 'F71-jkf@apache.org', 'F105', 'F71-bodewig@apache.org', 'F3-null', 'F71-umagesh@apache.org', 'F71-jhm@apache.org', 'F3-char', 'F68', 'F77', 'F71-ehatcher@apache.org', 'F71-peterreilly@apache.org', 'F3-FileInputStream', 'F71-kevj@apache.org', 'F3-InputStream', 'F104', 'F3-Project', 'F15-private', 'F71-conor@apache.org', 'F71-sbailliez@apache.org', 'F71-mbenson@apache.org', 'F71-hibou@apache.org', 'F71-jskeet@apache.org', 'F101', 'F22'}
     F72   F25        ...         F71-mbenson@apache.org F71-jhm@apache.org
1  10851  4384        ...                              1                  0
2  10851  4384        ...                              1                  0
3  10851  4384        ...                              1                  0

[3 rows x 52 columns]
;.;
        F72         ...          F71-jhm@apache.org
0  0.794814         ...                         0.0
1  0.794814         ...                         0.0
2  0.794814         ...                         0.0

[3 rows x 52 columns]
training_x: (1229, 52)
training_y: 1229
testset_x: (1115, 52)
testset_y: 1115
              precision    recall  f1-score   support

           0       0.97      0.46      0.62      1061
           1       0.06      0.69      0.11        54

    accuracy                           0.47      1115
   macro avg       0.51      0.57      0.37      1115
weighted avg       0.92      0.47      0.60      1115

accuracy: 0.46995515695067264
0.11127819548872181
@@@ tn: 487, fp: 574, fn: 17, tp: 37
@@@ LIME - Creating explainer
@@@ LIME - Random Sampling of Instances
/Users/author1/anaconda3/lib/python3.6/site-packages/tensorflow/python/framework/dtypes.py:463: FutureWarning: Passing (type, 1) or '1type' as a synonym of type is deprecated; in a future version of numpy, it will be understood as (type, (1,)) / '(1,)type'.
  _np_qint8 = np.dtype([("qint8", np.int8, 1)])
/Users/author1/anaconda3/lib/python3.6/site-packages/tensorflow/python/framework/dtypes.py:464: FutureWarning: Passing (type, 1) or '1type' as a synonym of type is deprecated; in a future version of numpy, it will be understood as (type, (1,)) / '(1,)type'.
  _np_quint8 = np.dtype([("quint8", np.uint8, 1)])
/Users/author1/anaconda3/lib/python3.6/site-packages/tensorflow/python/framework/dtypes.py:465: FutureWarning: Passing (type, 1) or '1type' as a synonym of type is deprecated; in a future version of numpy, it will be understood as (type, (1,)) / '(1,)type'.
  _np_qint16 = np.dtype([("qint16", np.int16, 1)])
/Users/author1/anaconda3/lib/python3.6/site-packages/tensorflow/python/framework/dtypes.py:466: FutureWarning: Passing (type, 1) or '1type' as a synonym of type is deprecated; in a future version of numpy, it will be understood as (type, (1,)) / '(1,)type'.
  _np_quint16 = np.dtype([("quint16", np.uint16, 1)])
/Users/author1/anaconda3/lib/python3.6/site-packages/tensorflow/python/framework/dtypes.py:467: FutureWarning: Passing (type, 1) or '1type' as a synonym of type is deprecated; in a future version of numpy, it will be understood as (type, (1,)) / '(1,)type'.
  _np_qint32 = np.dtype([("qint32", np.int32, 1)])
iter: 0, sample_no: 779, actual label: 0, predicted: 0
iter: 1, sample_no: 746, actual label: 0, predicted: 1
iter: 2, sample_no: 663, actual label: 0, predicted: 0
iter: 3, sample_no: 16, actual label: 0, predicted: 0
iter: 4, sample_no: 53, actual label: 0, predicted: 0
iter: 5, sample_no: 185, actual label: 0, predicted: 0
iter: 6, sample_no: 30, actual label: 0, predicted: 1
iter: 7, sample_no: 455, actual label: 0, predicted: 1
iter: 8, sample_no: 142, actual label: 0, predicted: 0
iter: 9, sample_no: 583, actual label: 0, predicted: 0
iter: 10, sample_no: 917, actual label: 0, predicted: 1
iter: 11, sample_no: 981, actual label: 0, predicted: 0
iter: 12, sample_no: 859, actual label: 0, predicted: 0
iter: 13, sample_no: 581, actual label: 0, predicted: 1
iter: 14, sample_no: 329, actual label: 0, predicted: 1
iter: 15, sample_no: 1095, actual label: 0, predicted: 1
iter: 16, sample_no: 1091, actual label: 0, predicted: 0
iter: 17, sample_no: 951, actual label: 0, predicted: 0
iter: 18, sample_no: 957, actual label: 0, predicted: 1
iter: 19, sample_no: 487, actual label: 1, predicted: 1
iter: 20, sample_no: 287, actual label: 0, predicted: 1
iter: 21, sample_no: 678, actual label: 0, predicted: 0
iter: 22, sample_no: 748, actual label: 0, predicted: 0
iter: 23, sample_no: 323, actual label: 0, predicted: 0
iter: 24, sample_no: 791, actual label: 0, predicted: 1
number of samples: 1115
AUC 0.6654099905749293
pos_get 54
total recall stop_at 1.0
----------threshold stop at----------: 1
AUC [0.6654099905749293, 0.6654448982441442, 0.6654099905749293, 0.6654099905749293, 0.6655408943344853, 0.6654448982441443, 0.6654448982441442, 0.6653925367403218, 0.6654099905749293, 0.6654099905749293]
AUC_median 0.6654099905749293
AUC_iqr 3.4907669214878645e-05
cost [0.9246636771300448, 0.9246636771300448, 0.9246636771300448, 0.9246636771300448, 0.9246636771300448, 0.9246636771300448, 0.9246636771300448, 0.9246636771300448, 0.9246636771300448, 0.9246636771300448]
COST_med 0.9246636771300448
COST_iqr 0.0
f1_pos_list [0.11127819548872181, 0.11127819548872181, 0.11127819548872181, 0.11127819548872181, 0.11127819548872181, 0.11127819548872181, 0.11127819548872181, 0.11127819548872181, 0.11127819548872181, 0.11127819548872181]
f1_pos_med 0.11127819548872181
