@@@ A - classifier: SVC(C=1.0, break_ties=False, cache_size=200, class_weight='balanced', coef0=0.0,
    decision_function_shape='ovr', degree=3, gamma='scale', kernel='linear',
    max_iter=-1, probability=True, random_state=None, shrinking=True, tol=0.001,
    verbose=False)
@@@ B - threshold stop at: 1
@@@ C - Repeat number: 1
@@@ D - common_header:  {'F104', 'F3-char[]', 'F41', 'F71-mikemccand@apache.org', 'F123', 'F115', 'F71-uschindler@apache.org', 'F3-char', 'F3-Among[]', 'F71-hossman@apache.org', 'F116', 'F3-boolean', 'F71-noble@apache.org', 'F71-rjernst@apache.org', 'F25', 'F15-private', 'F110', 'F71-simonw@apache.org', 'F3-int', 'F3-Path', 'F68', 'F120', 'F22', 'F15-protected', 'F71-ryan@apache.org', 'F65', 'F3-Class', 'F117', 'F71-jpountz@apache.org', 'category', 'F71-chrism@apache.org', 'F71-yonik@apache.org', 'F15-NA', 'F3-long[]', 'F3-FileInputStream', 'F71-romseygeek@apache.org', 'F72', 'F3-int[]', 'F101', 'F77', 'F3-CharSequence', 'F71-anshum@apache.org', 'F3-long', 'F71-rmuir@apache.org', 'F71-shaie@apache.org', 'F71-shalin@apache.org', 'F105', 'F15-public', 'F71-erick@apache.org', 'F3-NA', 'F71-markrmiller@apache.org', 'F3-CharStream', 'F3-ValueSource', 'F126', 'F3-String', 'F71-sarowe@apache.org'}
     F72            ...            F71-uschindler@apache.org
1   4679            ...                                    1
2   4679            ...                                    1
3  19865            ...                                    1

[3 rows x 55 columns]
;.;
        F72            ...              F71-uschindler@apache.org
0  0.035424            ...                                    1.0
1  0.035424            ...                                    1.0
2  0.747947            ...                                    1.0

[3 rows x 55 columns]
training_x: (3259, 55)
training_y: 3259
testset_x: (3425, 55)
testset_y: 3425
              precision    recall  f1-score   support

           0       0.93      0.93      0.93      2257
           1       0.86      0.87      0.87      1168

    accuracy                           0.91      3425
   macro avg       0.90      0.90      0.90      3425
weighted avg       0.91      0.91      0.91      3425

accuracy: 0.9071532846715329
0.8650254668930389
@@@ tn: 2088, fp: 169, fn: 149, tp: 1019
@@@ LIME - Creating explainer
@@@ LIME - Random Sampling of Instances
iter: 0, sample_no: 3392, actual label: 1, predicted: 1
iter: 1, sample_no: 1447, actual label: 0, predicted: 0
iter: 2, sample_no: 641, actual label: 1, predicted: 0
iter: 3, sample_no: 2682, actual label: 1, predicted: 0
iter: 4, sample_no: 2013, actual label: 1, predicted: 1
iter: 5, sample_no: 2216, actual label: 0, predicted: 0
iter: 6, sample_no: 1233, actual label: 0, predicted: 0
iter: 7, sample_no: 1982, actual label: 0, predicted: 1
iter: 8, sample_no: 2755, actual label: 0, predicted: 1
iter: 9, sample_no: 3358, actual label: 1, predicted: 1
iter: 10, sample_no: 1502, actual label: 0, predicted: 0
iter: 11, sample_no: 1648, actual label: 0, predicted: 0
iter: 12, sample_no: 2688, actual label: 0, predicted: 0
iter: 13, sample_no: 969, actual label: 0, predicted: 0
iter: 14, sample_no: 860, actual label: 0, predicted: 0
iter: 15, sample_no: 2675, actual label: 1, predicted: 1
iter: 16, sample_no: 581, actual label: 1, predicted: 1
iter: 17, sample_no: 206, actual label: 0, predicted: 0
iter: 18, sample_no: 1750, actual label: 0, predicted: 0
iter: 19, sample_no: 1367, actual label: 1, predicted: 1
iter: 20, sample_no: 2484, actual label: 0, predicted: 0
iter: 21, sample_no: 1541, actual label: 0, predicted: 0
iter: 22, sample_no: 474, actual label: 0, predicted: 0
iter: 23, sample_no: 1140, actual label: 1, predicted: 1
iter: 24, sample_no: 2004, actual label: 1, predicted: 1
number of samples: 3425
AUC 0.971842927027634
pos_get 1168
total recall stop_at 1.0
@@@ C - Repeat number: 2
@@@ D - common_header:  {'F104', 'F3-char[]', 'F41', 'F71-mikemccand@apache.org', 'F123', 'F115', 'F71-uschindler@apache.org', 'F3-char', 'F3-Among[]', 'F71-hossman@apache.org', 'F116', 'F3-boolean', 'F71-noble@apache.org', 'F71-rjernst@apache.org', 'F25', 'F15-private', 'F110', 'F71-simonw@apache.org', 'F3-int', 'F3-Path', 'F68', 'F120', 'F22', 'F15-protected', 'F71-ryan@apache.org', 'F65', 'F3-Class', 'F117', 'F71-jpountz@apache.org', 'category', 'F71-chrism@apache.org', 'F71-yonik@apache.org', 'F15-NA', 'F3-long[]', 'F3-FileInputStream', 'F71-romseygeek@apache.org', 'F72', 'F3-int[]', 'F101', 'F77', 'F3-CharSequence', 'F71-anshum@apache.org', 'F3-long', 'F71-rmuir@apache.org', 'F71-shaie@apache.org', 'F71-shalin@apache.org', 'F105', 'F15-public', 'F71-erick@apache.org', 'F3-NA', 'F71-markrmiller@apache.org', 'F3-CharStream', 'F3-ValueSource', 'F126', 'F3-String', 'F71-sarowe@apache.org'}
     F72            ...            F71-uschindler@apache.org
1   4679            ...                                    1
2   4679            ...                                    1
3  19865            ...                                    1

[3 rows x 55 columns]
;.;
        F72            ...              F71-uschindler@apache.org
0  0.035424            ...                                    1.0
1  0.035424            ...                                    1.0
2  0.747947            ...                                    1.0

[3 rows x 55 columns]
training_x: (3259, 55)
training_y: 3259
testset_x: (3425, 55)
testset_y: 3425
              precision    recall  f1-score   support

           0       0.93      0.93      0.93      2257
           1       0.86      0.87      0.87      1168

    accuracy                           0.91      3425
   macro avg       0.90      0.90      0.90      3425
weighted avg       0.91      0.91      0.91      3425

accuracy: 0.9071532846715329
0.8650254668930389
@@@ tn: 2088, fp: 169, fn: 149, tp: 1019
@@@ LIME - Creating explainer
@@@ LIME - Random Sampling of Instances
iter: 0, sample_no: 2801, actual label: 1, predicted: 1
iter: 1, sample_no: 2274, actual label: 0, predicted: 0
iter: 2, sample_no: 2046, actual label: 0, predicted: 0
iter: 3, sample_no: 1177, actual label: 1, predicted: 1
iter: 4, sample_no: 3348, actual label: 1, predicted: 1
iter: 5, sample_no: 2277, actual label: 0, predicted: 0
iter: 6, sample_no: 3161, actual label: 0, predicted: 0
iter: 7, sample_no: 2640, actual label: 1, predicted: 1
iter: 8, sample_no: 190, actual label: 1, predicted: 1
iter: 9, sample_no: 3286, actual label: 1, predicted: 1
iter: 10, sample_no: 2401, actual label: 0, predicted: 0
iter: 11, sample_no: 616, actual label: 1, predicted: 1
iter: 12, sample_no: 1145, actual label: 0, predicted: 1
iter: 13, sample_no: 2178, actual label: 0, predicted: 0
iter: 14, sample_no: 396, actual label: 0, predicted: 0
iter: 15, sample_no: 2497, actual label: 0, predicted: 0
iter: 16, sample_no: 40, actual label: 1, predicted: 1
iter: 17, sample_no: 1837, actual label: 0, predicted: 0
iter: 18, sample_no: 915, actual label: 0, predicted: 0
iter: 19, sample_no: 2497, actual label: 0, predicted: 0
iter: 20, sample_no: 382, actual label: 1, predicted: 1
iter: 21, sample_no: 533, actual label: 0, predicted: 0
iter: 22, sample_no: 1285, actual label: 1, predicted: 1
iter: 23, sample_no: 2025, actual label: 0, predicted: 0
iter: 24, sample_no: 557, actual label: 0, predicted: 1
number of samples: 3425
AUC 0.9718425476902908
pos_get 1168
total recall stop_at 1.0
@@@ C - Repeat number: 3
/Users/author1/anaconda3/lib/python3.6/site-packages/tensorflow/python/framework/dtypes.py:463: FutureWarning: Passing (type, 1) or '1type' as a synonym of type is deprecated; in a future version of numpy, it will be understood as (type, (1,)) / '(1,)type'.
  _np_qint8 = np.dtype([("qint8", np.int8, 1)])
/Users/author1/anaconda3/lib/python3.6/site-packages/tensorflow/python/framework/dtypes.py:464: FutureWarning: Passing (type, 1) or '1type' as a synonym of type is deprecated; in a future version of numpy, it will be understood as (type, (1,)) / '(1,)type'.
  _np_quint8 = np.dtype([("quint8", np.uint8, 1)])
/Users/author1/anaconda3/lib/python3.6/site-packages/tensorflow/python/framework/dtypes.py:465: FutureWarning: Passing (type, 1) or '1type' as a synonym of type is deprecated; in a future version of numpy, it will be understood as (type, (1,)) / '(1,)type'.
  _np_qint16 = np.dtype([("qint16", np.int16, 1)])
/Users/author1/anaconda3/lib/python3.6/site-packages/tensorflow/python/framework/dtypes.py:466: FutureWarning: Passing (type, 1) or '1type' as a synonym of type is deprecated; in a future version of numpy, it will be understood as (type, (1,)) / '(1,)type'.
  _np_quint16 = np.dtype([("quint16", np.uint16, 1)])
/Users/author1/anaconda3/lib/python3.6/site-packages/tensorflow/python/framework/dtypes.py:467: FutureWarning: Passing (type, 1) or '1type' as a synonym of type is deprecated; in a future version of numpy, it will be understood as (type, (1,)) / '(1,)type'.
  _np_qint32 = np.dtype([("qint32", np.int32, 1)])
Columns (0,3,4,5,6,7,8,9,10,11,12,13,14,15,16,17,18,19,20,21,22,23,24,25,26,27,28,29,30,31,32,33,34,35,36,37,38,39,40,41,42,43,44,45,46,47,48,49,50,51,52,53,54,55,56,57,58,59,60,61,62,63,64,65,66,67,68,69,70,71,72,73,74,75,76,77,78,79,80,81,82,83,84,85,86,87,88,89,90,91,92,93,94,95,96,97,98,99,100,101,102,103,104,105,106,107,108,109,110,111,112,113,114,115,116,117,118,119,120,121,122,123,124,125,126,127,128,129,130,131,132,133,134,135,136,137,138,139,140,141,142,143,144,145,146,147,148,149,150,151,152,153,154,155,156,157,158,159,160,161,162,163,164,165,166,167,168,169,170,171,172,173,174,175,176,177,178,179,180,181,182,183,184,185,186,187,188,189,190,191,192,193,194,195,196,197,198,199,200,201,202,203,204,205,206,207,208,209,210,211,212,213,214,215,216,217,218,219,220,221,222,223,224,225,226,227,228,229,230,231,232,233,234,235,236,237,238,239,240,241,242,243,244,245,246,247,248,249,250,251,252,253,254,255,256,257,258,259,260,261,262,263,264,265,266,267,268,269,270,271,272,273,274,275,276,277,278,279,280,282,284,285,286,287,288,289,290,291,292,293,294,295,296,297,298,299,300,301,302,303,304,305,306,307,308,309,310,311,312,313,314,315,316,317,318,319,320,321,322,323,324,325,326,327,328,329,330,331,332,333,334,335,336,337,338,339,340,341,342,343,344,345,346,347,348,349,350,351,352,353) have mixed types. Specify dtype option on import or set low_memory=False.
Columns (0,3,4,5,6,7,8,9,10,11,12,13,14,15,16,17,18,19,20,21,22,23,24,25,26,27,28,29,30,31,32,33,34,35,36,37,38,39,40,41,42,43,44,45,46,47,48,49,50,51,52,53,54,55,56,57,58,59,60,61,62,63,64,65,66,67,68,69,70,71,72,73,74,75,76,77,78,79,80,81,82,83,84,85,86,87,88,89,90,91,92,93,94,95,96,97,98,99,100,101,102,103,104,105,106,107,108,109,110,111,112,113,114,115,116,117,118,119,120,121,122,123,124,125,126,127,128,129,130,131,132,133,134,135,136,137,138,139,140,141,142,143,144,145,146,147,148,149,150,151,152,153,154,155,156,157,158,159,160,161,162,163,164,165,166,167,168,169,170,171,172,173,174,175,176,177,178,179,180,181,182,183,184,185,186,187,188,189,190,191,192,193,194,195,196,197,198,199,200,201,202,203,204,205,206,207,208,209,210,211,212,213,214,215,216,217,218,219,220,221,222,223,224,225,226,227,228,229,230,231,232,233,234,235,236,237,238,239,240,241,242,243,244,245,246,247,248,249,250,251,252,253,254,255,256,257,258,259,260,261,262,263,264,265,266,267,268,269,270,271,272,273,274,275,276,277,278,279,280,281,283,285,286,287,288,289,290,291,292,293,294,295,296,297,298,299,300,301,302,303,304,305,306,307,308,309,310,311,312,313,314,315,316,317,318,319,320,321,322,323,324,325,326,327,328,329,330,331,332,333,334,335,336,337,338,339,340,341,342,343,344,345,346,347,348,349,350,351,352,353,354) have mixed types. Specify dtype option on import or set low_memory=False.
Columns (0,3,4,5,6,7,8,9,10,11,12,13,14,15,16,17,18,19,20,21,22,23,24,25,26,27,28,29,30,31,32,33,34,35,36,37,38,39,40,41,42,43,44,45,46,47,48,49,50,51,52,53,54,55,56,57,58,59,60,61,62,63,64,65,66,67,68,69,70,71,72,73,74,75,76,77,78,79,80,81,82,83,84,85,86,87,88,89,90,91,92,93,94,95,96,97,98,99,100,101,102,103,104,105,106,107,108,109,110,111,112,113,114,115,116,117,118,119,120,121,122,123,124,125,126,127,128,129,130,131,132,133,134,135,136,137,138,139,140,141,142,143,144,145,146,147,148,149,150,151,152,153,154,155,156,157,158,159,160,161,162,163,164,165,166,167,168,169,170,171,172,173,174,175,176,177,178,179,180,181,182,183,184,185,186,187,188,189,190,191,192,193,194,195,196,197,198,199,200,201,202,203,204,205,206,207,208,209,210,211,212,213,214,215,216,217,218,219,220,221,222,223,224,225,226,227,228,229,230,231,232,233,234,235,236,237,238,239,240,241,242,243,244,245,246,247,248,249,250,251,252,253,254,255,256,257,258,259,260,261,262,263,264,265,266,267,268,269,270,271,272,273,274,275,276,277,278,279,280,282,284,285,286,287,288,289,290,291,292,293,294,295,296,297,298,299,300,301,302,303,304,305,306,307,308,309,310,311,312,313,314,315,316,317,318,319,320,321,322,323,324,325,326,327,328,329,330,331,332,333,334,335,336,337,338,339,340,341,342,343,344,345,346,347,348,349,350,351,352,353) have mixed types. Specify dtype option on import or set low_memory=False.
Columns (0,3,4,5,6,7,8,9,10,11,12,13,14,15,16,17,18,19,20,21,22,23,24,25,26,27,28,29,30,31,32,33,34,35,36,37,38,39,40,41,42,43,44,45,46,47,48,49,50,51,52,53,54,55,56,57,58,59,60,61,62,63,64,65,66,67,68,69,70,71,72,73,74,75,76,77,78,79,80,81,82,83,84,85,86,87,88,89,90,91,92,93,94,95,96,97,98,99,100,101,102,103,104,105,106,107,108,109,110,111,112,113,114,115,116,117,118,119,120,121,122,123,124,125,126,127,128,129,130,131,132,133,134,135,136,137,138,139,140,141,142,143,144,145,146,147,148,149,150,151,152,153,154,155,156,157,158,159,160,161,162,163,164,165,166,167,168,169,170,171,172,173,174,175,176,177,178,179,180,181,182,183,184,185,186,187,188,189,190,191,192,193,194,195,196,197,198,199,200,201,202,203,204,205,206,207,208,209,210,211,212,213,214,215,216,217,218,219,220,221,222,223,224,225,226,227,228,229,230,231,232,233,234,235,236,237,238,239,240,241,242,243,244,245,246,247,248,249,250,251,252,253,254,255,256,257,258,259,260,261,262,263,264,265,266,267,268,269,270,271,272,273,274,275,276,277,278,279,280,281,283,285,286,287,288,289,290,291,292,293,294,295,296,297,298,299,300,301,302,303,304,305,306,307,308,309,310,311,312,313,314,315,316,317,318,319,320,321,322,323,324,325,326,327,328,329,330,331,332,333,334,335,336,337,338,339,340,341,342,343,344,345,346,347,348,349,350,351,352,353,354) have mixed types. Specify dtype option on import or set low_memory=False.
Columns (0,3,4,5,6,7,8,9,10,11,12,13,14,15,16,17,18,19,20,21,22,23,24,25,26,27,28,29,30,31,32,33,34,35,36,37,38,39,40,41,42,43,44,45,46,47,48,49,50,51,52,53,54,55,56,57,58,59,60,61,62,63,64,65,66,67,68,69,70,71,72,73,74,75,76,77,78,79,80,81,82,83,84,85,86,87,88,89,90,91,92,93,94,95,96,97,98,99,100,101,102,103,104,105,106,107,108,109,110,111,112,113,114,115,116,117,118,119,120,121,122,123,124,125,126,127,128,129,130,131,132,133,134,135,136,137,138,139,140,141,142,143,144,145,146,147,148,149,150,151,152,153,154,155,156,157,158,159,160,161,162,163,164,165,166,167,168,169,170,171,172,173,174,175,176,177,178,179,180,181,182,183,184,185,186,187,188,189,190,191,192,193,194,195,196,197,198,199,200,201,202,203,204,205,206,207,208,209,210,211,212,213,214,215,216,217,218,219,220,221,222,223,224,225,226,227,228,229,230,231,232,233,234,235,236,237,238,239,240,241,242,243,244,245,246,247,248,249,250,251,252,253,254,255,256,257,258,259,260,261,262,263,264,265,266,267,268,269,270,271,272,273,274,275,276,277,278,279,280,282,284,285,286,287,288,289,290,291,292,293,294,295,296,297,298,299,300,301,302,303,304,305,306,307,308,309,310,311,312,313,314,315,316,317,318,319,320,321,322,323,324,325,326,327,328,329,330,331,332,333,334,335,336,337,338,339,340,341,342,343,344,345,346,347,348,349,350,351,352,353) have mixed types. Specify dtype option on import or set low_memory=False.
@@@ D - common_header:  {'F104', 'F3-char[]', 'F41', 'F71-mikemccand@apache.org', 'F123', 'F115', 'F71-uschindler@apache.org', 'F3-char', 'F3-Among[]', 'F71-hossman@apache.org', 'F116', 'F3-boolean', 'F71-noble@apache.org', 'F71-rjernst@apache.org', 'F25', 'F15-private', 'F110', 'F71-simonw@apache.org', 'F3-int', 'F3-Path', 'F68', 'F120', 'F22', 'F15-protected', 'F71-ryan@apache.org', 'F65', 'F3-Class', 'F117', 'F71-jpountz@apache.org', 'category', 'F71-chrism@apache.org', 'F71-yonik@apache.org', 'F15-NA', 'F3-long[]', 'F3-FileInputStream', 'F71-romseygeek@apache.org', 'F72', 'F3-int[]', 'F101', 'F77', 'F3-CharSequence', 'F71-anshum@apache.org', 'F3-long', 'F71-rmuir@apache.org', 'F71-shaie@apache.org', 'F71-shalin@apache.org', 'F105', 'F15-public', 'F71-erick@apache.org', 'F3-NA', 'F71-markrmiller@apache.org', 'F3-CharStream', 'F3-ValueSource', 'F126', 'F3-String', 'F71-sarowe@apache.org'}
     F72            ...            F71-uschindler@apache.org
1   4679            ...                                    1
2   4679            ...                                    1
3  19865            ...                                    1

[3 rows x 55 columns]
;.;
        F72            ...              F71-uschindler@apache.org
0  0.035424            ...                                    1.0
1  0.035424            ...                                    1.0
2  0.747947            ...                                    1.0

[3 rows x 55 columns]
training_x: (3259, 55)
training_y: 3259
testset_x: (3425, 55)
testset_y: 3425
              precision    recall  f1-score   support

           0       0.93      0.93      0.93      2257
           1       0.86      0.87      0.87      1168

    accuracy                           0.91      3425
   macro avg       0.90      0.90      0.90      3425
weighted avg       0.91      0.91      0.91      3425

accuracy: 0.9071532846715329
0.8650254668930389
@@@ tn: 2088, fp: 169, fn: 149, tp: 1019
@@@ LIME - Creating explainer
@@@ LIME - Random Sampling of Instances
iter: 0, sample_no: 2462, actual label: 0, predicted: 0
iter: 1, sample_no: 719, actual label: 0, predicted: 0
iter: 2, sample_no: 1176, actual label: 0, predicted: 0
iter: 3, sample_no: 768, actual label: 0, predicted: 0
iter: 4, sample_no: 1387, actual label: 0, predicted: 0
iter: 5, sample_no: 227, actual label: 1, predicted: 1
iter: 6, sample_no: 1745, actual label: 1, predicted: 1
iter: 7, sample_no: 674, actual label: 1, predicted: 1
iter: 8, sample_no: 198, actual label: 1, predicted: 1
iter: 9, sample_no: 1871, actual label: 0, predicted: 0
iter: 10, sample_no: 2940, actual label: 0, predicted: 1
iter: 11, sample_no: 3093, actual label: 0, predicted: 0
iter: 12, sample_no: 276, actual label: 1, predicted: 1
iter: 13, sample_no: 2843, actual label: 0, predicted: 0
iter: 14, sample_no: 918, actual label: 0, predicted: 0
iter: 15, sample_no: 1546, actual label: 0, predicted: 0
iter: 16, sample_no: 823, actual label: 1, predicted: 1
iter: 17, sample_no: 2680, actual label: 1, predicted: 1
iter: 18, sample_no: 317, actual label: 0, predicted: 0
iter: 19, sample_no: 18, actual label: 1, predicted: 1
iter: 20, sample_no: 2135, actual label: 0, predicted: 0
iter: 21, sample_no: 2238, actual label: 0, predicted: 0
iter: 22, sample_no: 2772, actual label: 1, predicted: 0
iter: 23, sample_no: 1090, actual label: 0, predicted: 0
iter: 24, sample_no: 2452, actual label: 1, predicted: 1
number of samples: 3425
AUC 0.971840651003575
pos_get 1168
total recall stop_at 1.0
@@@ C - Repeat number: 4
@@@ D - common_header:  {'F104', 'F3-char[]', 'F41', 'F71-mikemccand@apache.org', 'F123', 'F115', 'F71-uschindler@apache.org', 'F3-char', 'F3-Among[]', 'F71-hossman@apache.org', 'F116', 'F3-boolean', 'F71-noble@apache.org', 'F71-rjernst@apache.org', 'F25', 'F15-private', 'F110', 'F71-simonw@apache.org', 'F3-int', 'F3-Path', 'F68', 'F120', 'F22', 'F15-protected', 'F71-ryan@apache.org', 'F65', 'F3-Class', 'F117', 'F71-jpountz@apache.org', 'category', 'F71-chrism@apache.org', 'F71-yonik@apache.org', 'F15-NA', 'F3-long[]', 'F3-FileInputStream', 'F71-romseygeek@apache.org', 'F72', 'F3-int[]', 'F101', 'F77', 'F3-CharSequence', 'F71-anshum@apache.org', 'F3-long', 'F71-rmuir@apache.org', 'F71-shaie@apache.org', 'F71-shalin@apache.org', 'F105', 'F15-public', 'F71-erick@apache.org', 'F3-NA', 'F71-markrmiller@apache.org', 'F3-CharStream', 'F3-ValueSource', 'F126', 'F3-String', 'F71-sarowe@apache.org'}
     F72            ...            F71-uschindler@apache.org
1   4679            ...                                    1
2   4679            ...                                    1
3  19865            ...                                    1

[3 rows x 55 columns]
;.;
        F72            ...              F71-uschindler@apache.org
0  0.035424            ...                                    1.0
1  0.035424            ...                                    1.0
2  0.747947            ...                                    1.0

[3 rows x 55 columns]
training_x: (3259, 55)
training_y: 3259
testset_x: (3425, 55)
testset_y: 3425
              precision    recall  f1-score   support

           0       0.93      0.93      0.93      2257
           1       0.86      0.87      0.87      1168

    accuracy                           0.91      3425
   macro avg       0.90      0.90      0.90      3425
weighted avg       0.91      0.91      0.91      3425

accuracy: 0.9071532846715329
0.8650254668930389
@@@ tn: 2088, fp: 169, fn: 149, tp: 1019
@@@ LIME - Creating explainer
@@@ LIME - Random Sampling of Instances
iter: 0, sample_no: 2885, actual label: 0, predicted: 0
iter: 1, sample_no: 923, actual label: 0, predicted: 0
iter: 2, sample_no: 2546, actual label: 1, predicted: 1
iter: 3, sample_no: 960, actual label: 0, predicted: 0
iter: 4, sample_no: 1276, actual label: 1, predicted: 1
iter: 5, sample_no: 2632, actual label: 0, predicted: 1
iter: 6, sample_no: 2592, actual label: 1, predicted: 0
iter: 7, sample_no: 1039, actual label: 0, predicted: 0
iter: 8, sample_no: 2528, actual label: 0, predicted: 0
iter: 9, sample_no: 505, actual label: 1, predicted: 0
iter: 10, sample_no: 2711, actual label: 0, predicted: 0
iter: 11, sample_no: 2831, actual label: 0, predicted: 0
iter: 12, sample_no: 2715, actual label: 0, predicted: 1
iter: 13, sample_no: 2810, actual label: 0, predicted: 0
iter: 14, sample_no: 2394, actual label: 0, predicted: 0
iter: 15, sample_no: 1121, actual label: 1, predicted: 1
iter: 16, sample_no: 739, actual label: 0, predicted: 0
iter: 17, sample_no: 961, actual label: 0, predicted: 0
iter: 18, sample_no: 643, actual label: 0, predicted: 0
iter: 19, sample_no: 1621, actual label: 1, predicted: 1
iter: 20, sample_no: 566, actual label: 0, predicted: 0
iter: 21, sample_no: 391, actual label: 1, predicted: 1
iter: 22, sample_no: 2639, actual label: 1, predicted: 1
iter: 23, sample_no: 2207, actual label: 0, predicted: 0
iter: 24, sample_no: 3118, actual label: 1, predicted: 0
number of samples: 3425
AUC 0.9718425476902908
pos_get 1168
total recall stop_at 1.0
@@@ C - Repeat number: 5
@@@ D - common_header:  {'F104', 'F3-char[]', 'F41', 'F71-mikemccand@apache.org', 'F123', 'F115', 'F71-uschindler@apache.org', 'F3-char', 'F3-Among[]', 'F71-hossman@apache.org', 'F116', 'F3-boolean', 'F71-noble@apache.org', 'F71-rjernst@apache.org', 'F25', 'F15-private', 'F110', 'F71-simonw@apache.org', 'F3-int', 'F3-Path', 'F68', 'F120', 'F22', 'F15-protected', 'F71-ryan@apache.org', 'F65', 'F3-Class', 'F117', 'F71-jpountz@apache.org', 'category', 'F71-chrism@apache.org', 'F71-yonik@apache.org', 'F15-NA', 'F3-long[]', 'F3-FileInputStream', 'F71-romseygeek@apache.org', 'F72', 'F3-int[]', 'F101', 'F77', 'F3-CharSequence', 'F71-anshum@apache.org', 'F3-long', 'F71-rmuir@apache.org', 'F71-shaie@apache.org', 'F71-shalin@apache.org', 'F105', 'F15-public', 'F71-erick@apache.org', 'F3-NA', 'F71-markrmiller@apache.org', 'F3-CharStream', 'F3-ValueSource', 'F126', 'F3-String', 'F71-sarowe@apache.org'}
     F72            ...            F71-uschindler@apache.org
1   4679            ...                                    1
2   4679            ...                                    1
3  19865            ...                                    1

[3 rows x 55 columns]
;.;
        F72            ...              F71-uschindler@apache.org
0  0.035424            ...                                    1.0
1  0.035424            ...                                    1.0
2  0.747947            ...                                    1.0

[3 rows x 55 columns]
training_x: (3259, 55)
training_y: 3259
testset_x: (3425, 55)
testset_y: 3425
              precision    recall  f1-score   support

           0       0.93      0.93      0.93      2257
           1       0.86      0.87      0.87      1168

    accuracy                           0.91      3425
   macro avg       0.90      0.90      0.90      3425
weighted avg       0.91      0.91      0.91      3425

accuracy: 0.9071532846715329
0.8650254668930389
@@@ tn: 2088, fp: 169, fn: 149, tp: 1019
@@@ LIME - Creating explainer
@@@ LIME - Random Sampling of Instances
iter: 0, sample_no: 1926, actual label: 0, predicted: 0
iter: 1, sample_no: 96, actual label: 1, predicted: 1
iter: 2, sample_no: 2934, actual label: 0, predicted: 0
iter: 3, sample_no: 1487, actual label: 1, predicted: 1
iter: 4, sample_no: 2344, actual label: 0, predicted: 0
iter: 5, sample_no: 2191, actual label: 0, predicted: 0
iter: 6, sample_no: 2340, actual label: 0, predicted: 0
iter: 7, sample_no: 1071, actual label: 0, predicted: 0
iter: 8, sample_no: 2000, actual label: 1, predicted: 1
iter: 9, sample_no: 2608, actual label: 1, predicted: 1
iter: 10, sample_no: 3397, actual label: 1, predicted: 1
iter: 11, sample_no: 1897, actual label: 0, predicted: 0
iter: 12, sample_no: 1663, actual label: 0, predicted: 0
iter: 13, sample_no: 3225, actual label: 0, predicted: 0
iter: 14, sample_no: 1657, actual label: 0, predicted: 0
iter: 15, sample_no: 1345, actual label: 0, predicted: 0
iter: 16, sample_no: 2404, actual label: 0, predicted: 0
iter: 17, sample_no: 821, actual label: 1, predicted: 1
iter: 18, sample_no: 2510, actual label: 0, predicted: 0
iter: 19, sample_no: 477, actual label: 0, predicted: 0
iter: 20, sample_no: 2021, actual label: 0, predicted: 0
iter: 21, sample_no: 1543, actual label: 0, predicted: 0
iter: 22, sample_no: 203, actual label: 1, predicted: 1
iter: 23, sample_no: 500, actual label: 0, predicted: 0
iter: 24, sample_no: 1811, actual label: 0, predicted: 0
number of samples: 3425
AUC 0.9718425476902908
pos_get 1168
total recall stop_at 1.0
@@@ C - Repeat number: 6
Columns (0,3,4,5,6,7,8,9,10,11,12,13,14,15,16,17,18,19,20,21,22,23,24,25,26,27,28,29,30,31,32,33,34,35,36,37,38,39,40,41,42,43,44,45,46,47,48,49,50,51,52,53,54,55,56,57,58,59,60,61,62,63,64,65,66,67,68,69,70,71,72,73,74,75,76,77,78,79,80,81,82,83,84,85,86,87,88,89,90,91,92,93,94,95,96,97,98,99,100,101,102,103,104,105,106,107,108,109,110,111,112,113,114,115,116,117,118,119,120,121,122,123,124,125,126,127,128,129,130,131,132,133,134,135,136,137,138,139,140,141,142,143,144,145,146,147,148,149,150,151,152,153,154,155,156,157,158,159,160,161,162,163,164,165,166,167,168,169,170,171,172,173,174,175,176,177,178,179,180,181,182,183,184,185,186,187,188,189,190,191,192,193,194,195,196,197,198,199,200,201,202,203,204,205,206,207,208,209,210,211,212,213,214,215,216,217,218,219,220,221,222,223,224,225,226,227,228,229,230,231,232,233,234,235,236,237,238,239,240,241,242,243,244,245,246,247,248,249,250,251,252,253,254,255,256,257,258,259,260,261,262,263,264,265,266,267,268,269,270,271,272,273,274,275,276,277,278,279,280,281,283,285,286,287,288,289,290,291,292,293,294,295,296,297,298,299,300,301,302,303,304,305,306,307,308,309,310,311,312,313,314,315,316,317,318,319,320,321,322,323,324,325,326,327,328,329,330,331,332,333,334,335,336,337,338,339,340,341,342,343,344,345,346,347,348,349,350,351,352,353,354) have mixed types. Specify dtype option on import or set low_memory=False.
Columns (0,3,4,5,6,7,8,9,10,11,12,13,14,15,16,17,18,19,20,21,22,23,24,25,26,27,28,29,30,31,32,33,34,35,36,37,38,39,40,41,42,43,44,45,46,47,48,49,50,51,52,53,54,55,56,57,58,59,60,61,62,63,64,65,66,67,68,69,70,71,72,73,74,75,76,77,78,79,80,81,82,83,84,85,86,87,88,89,90,91,92,93,94,95,96,97,98,99,100,101,102,103,104,105,106,107,108,109,110,111,112,113,114,115,116,117,118,119,120,121,122,123,124,125,126,127,128,129,130,131,132,133,134,135,136,137,138,139,140,141,142,143,144,145,146,147,148,149,150,151,152,153,154,155,156,157,158,159,160,161,162,163,164,165,166,167,168,169,170,171,172,173,174,175,176,177,178,179,180,181,182,183,184,185,186,187,188,189,190,191,192,193,194,195,196,197,198,199,200,201,202,203,204,205,206,207,208,209,210,211,212,213,214,215,216,217,218,219,220,221,222,223,224,225,226,227,228,229,230,231,232,233,234,235,236,237,238,239,240,241,242,243,244,245,246,247,248,249,250,251,252,253,254,255,256,257,258,259,260,261,262,263,264,265,266,267,268,269,270,271,272,273,274,275,276,277,278,279,280,282,284,285,286,287,288,289,290,291,292,293,294,295,296,297,298,299,300,301,302,303,304,305,306,307,308,309,310,311,312,313,314,315,316,317,318,319,320,321,322,323,324,325,326,327,328,329,330,331,332,333,334,335,336,337,338,339,340,341,342,343,344,345,346,347,348,349,350,351,352,353) have mixed types. Specify dtype option on import or set low_memory=False.
Columns (0,3,4,5,6,7,8,9,10,11,12,13,14,15,16,17,18,19,20,21,22,23,24,25,26,27,28,29,30,31,32,33,34,35,36,37,38,39,40,41,42,43,44,45,46,47,48,49,50,51,52,53,54,55,56,57,58,59,60,61,62,63,64,65,66,67,68,69,70,71,72,73,74,75,76,77,78,79,80,81,82,83,84,85,86,87,88,89,90,91,92,93,94,95,96,97,98,99,100,101,102,103,104,105,106,107,108,109,110,111,112,113,114,115,116,117,118,119,120,121,122,123,124,125,126,127,128,129,130,131,132,133,134,135,136,137,138,139,140,141,142,143,144,145,146,147,148,149,150,151,152,153,154,155,156,157,158,159,160,161,162,163,164,165,166,167,168,169,170,171,172,173,174,175,176,177,178,179,180,181,182,183,184,185,186,187,188,189,190,191,192,193,194,195,196,197,198,199,200,201,202,203,204,205,206,207,208,209,210,211,212,213,214,215,216,217,218,219,220,221,222,223,224,225,226,227,228,229,230,231,232,233,234,235,236,237,238,239,240,241,242,243,244,245,246,247,248,249,250,251,252,253,254,255,256,257,258,259,260,261,262,263,264,265,266,267,268,269,270,271,272,273,274,275,276,277,278,279,280,281,283,285,286,287,288,289,290,291,292,293,294,295,296,297,298,299,300,301,302,303,304,305,306,307,308,309,310,311,312,313,314,315,316,317,318,319,320,321,322,323,324,325,326,327,328,329,330,331,332,333,334,335,336,337,338,339,340,341,342,343,344,345,346,347,348,349,350,351,352,353,354) have mixed types. Specify dtype option on import or set low_memory=False.
Columns (0,3,4,5,6,7,8,9,10,11,12,13,14,15,16,17,18,19,20,21,22,23,24,25,26,27,28,29,30,31,32,33,34,35,36,37,38,39,40,41,42,43,44,45,46,47,48,49,50,51,52,53,54,55,56,57,58,59,60,61,62,63,64,65,66,67,68,69,70,71,72,73,74,75,76,77,78,79,80,81,82,83,84,85,86,87,88,89,90,91,92,93,94,95,96,97,98,99,100,101,102,103,104,105,106,107,108,109,110,111,112,113,114,115,116,117,118,119,120,121,122,123,124,125,126,127,128,129,130,131,132,133,134,135,136,137,138,139,140,141,142,143,144,145,146,147,148,149,150,151,152,153,154,155,156,157,158,159,160,161,162,163,164,165,166,167,168,169,170,171,172,173,174,175,176,177,178,179,180,181,182,183,184,185,186,187,188,189,190,191,192,193,194,195,196,197,198,199,200,201,202,203,204,205,206,207,208,209,210,211,212,213,214,215,216,217,218,219,220,221,222,223,224,225,226,227,228,229,230,231,232,233,234,235,236,237,238,239,240,241,242,243,244,245,246,247,248,249,250,251,252,253,254,255,256,257,258,259,260,261,262,263,264,265,266,267,268,269,270,271,272,273,274,275,276,277,278,279,280,282,284,285,286,287,288,289,290,291,292,293,294,295,296,297,298,299,300,301,302,303,304,305,306,307,308,309,310,311,312,313,314,315,316,317,318,319,320,321,322,323,324,325,326,327,328,329,330,331,332,333,334,335,336,337,338,339,340,341,342,343,344,345,346,347,348,349,350,351,352,353) have mixed types. Specify dtype option on import or set low_memory=False.
Columns (0,3,4,5,6,7,8,9,10,11,12,13,14,15,16,17,18,19,20,21,22,23,24,25,26,27,28,29,30,31,32,33,34,35,36,37,38,39,40,41,42,43,44,45,46,47,48,49,50,51,52,53,54,55,56,57,58,59,60,61,62,63,64,65,66,67,68,69,70,71,72,73,74,75,76,77,78,79,80,81,82,83,84,85,86,87,88,89,90,91,92,93,94,95,96,97,98,99,100,101,102,103,104,105,106,107,108,109,110,111,112,113,114,115,116,117,118,119,120,121,122,123,124,125,126,127,128,129,130,131,132,133,134,135,136,137,138,139,140,141,142,143,144,145,146,147,148,149,150,151,152,153,154,155,156,157,158,159,160,161,162,163,164,165,166,167,168,169,170,171,172,173,174,175,176,177,178,179,180,181,182,183,184,185,186,187,188,189,190,191,192,193,194,195,196,197,198,199,200,201,202,203,204,205,206,207,208,209,210,211,212,213,214,215,216,217,218,219,220,221,222,223,224,225,226,227,228,229,230,231,232,233,234,235,236,237,238,239,240,241,242,243,244,245,246,247,248,249,250,251,252,253,254,255,256,257,258,259,260,261,262,263,264,265,266,267,268,269,270,271,272,273,274,275,276,277,278,279,280,281,283,285,286,287,288,289,290,291,292,293,294,295,296,297,298,299,300,301,302,303,304,305,306,307,308,309,310,311,312,313,314,315,316,317,318,319,320,321,322,323,324,325,326,327,328,329,330,331,332,333,334,335,336,337,338,339,340,341,342,343,344,345,346,347,348,349,350,351,352,353,354) have mixed types. Specify dtype option on import or set low_memory=False.
Columns (0,3,4,5,6,7,8,9,10,11,12,13,14,15,16,17,18,19,20,21,22,23,24,25,26,27,28,29,30,31,32,33,34,35,36,37,38,39,40,41,42,43,44,45,46,47,48,49,50,51,52,53,54,55,56,57,58,59,60,61,62,63,64,65,66,67,68,69,70,71,72,73,74,75,76,77,78,79,80,81,82,83,84,85,86,87,88,89,90,91,92,93,94,95,96,97,98,99,100,101,102,103,104,105,106,107,108,109,110,111,112,113,114,115,116,117,118,119,120,121,122,123,124,125,126,127,128,129,130,131,132,133,134,135,136,137,138,139,140,141,142,143,144,145,146,147,148,149,150,151,152,153,154,155,156,157,158,159,160,161,162,163,164,165,166,167,168,169,170,171,172,173,174,175,176,177,178,179,180,181,182,183,184,185,186,187,188,189,190,191,192,193,194,195,196,197,198,199,200,201,202,203,204,205,206,207,208,209,210,211,212,213,214,215,216,217,218,219,220,221,222,223,224,225,226,227,228,229,230,231,232,233,234,235,236,237,238,239,240,241,242,243,244,245,246,247,248,249,250,251,252,253,254,255,256,257,258,259,260,261,262,263,264,265,266,267,268,269,270,271,272,273,274,275,276,277,278,279,280,282,284,285,286,287,288,289,290,291,292,293,294,295,296,297,298,299,300,301,302,303,304,305,306,307,308,309,310,311,312,313,314,315,316,317,318,319,320,321,322,323,324,325,326,327,328,329,330,331,332,333,334,335,336,337,338,339,340,341,342,343,344,345,346,347,348,349,350,351,352,353) have mixed types. Specify dtype option on import or set low_memory=False.
@@@ D - common_header:  {'F104', 'F3-char[]', 'F41', 'F71-mikemccand@apache.org', 'F123', 'F115', 'F71-uschindler@apache.org', 'F3-char', 'F3-Among[]', 'F71-hossman@apache.org', 'F116', 'F3-boolean', 'F71-noble@apache.org', 'F71-rjernst@apache.org', 'F25', 'F15-private', 'F110', 'F71-simonw@apache.org', 'F3-int', 'F3-Path', 'F68', 'F120', 'F22', 'F15-protected', 'F71-ryan@apache.org', 'F65', 'F3-Class', 'F117', 'F71-jpountz@apache.org', 'category', 'F71-chrism@apache.org', 'F71-yonik@apache.org', 'F15-NA', 'F3-long[]', 'F3-FileInputStream', 'F71-romseygeek@apache.org', 'F72', 'F3-int[]', 'F101', 'F77', 'F3-CharSequence', 'F71-anshum@apache.org', 'F3-long', 'F71-rmuir@apache.org', 'F71-shaie@apache.org', 'F71-shalin@apache.org', 'F105', 'F15-public', 'F71-erick@apache.org', 'F3-NA', 'F71-markrmiller@apache.org', 'F3-CharStream', 'F3-ValueSource', 'F126', 'F3-String', 'F71-sarowe@apache.org'}
     F72            ...            F71-uschindler@apache.org
1   4679            ...                                    1
2   4679            ...                                    1
3  19865            ...                                    1

[3 rows x 55 columns]
;.;
        F72            ...              F71-uschindler@apache.org
0  0.035424            ...                                    1.0
1  0.035424            ...                                    1.0
2  0.747947            ...                                    1.0

[3 rows x 55 columns]
training_x: (3259, 55)
training_y: 3259
testset_x: (3425, 55)
testset_y: 3425
              precision    recall  f1-score   support

           0       0.93      0.93      0.93      2257
           1       0.86      0.87      0.87      1168

    accuracy                           0.91      3425
   macro avg       0.90      0.90      0.90      3425
weighted avg       0.91      0.91      0.91      3425

accuracy: 0.9071532846715329
0.8650254668930389
@@@ tn: 2088, fp: 169, fn: 149, tp: 1019
@@@ LIME - Creating explainer
@@@ LIME - Random Sampling of Instances
iter: 0, sample_no: 2611, actual label: 0, predicted: 0
iter: 1, sample_no: 392, actual label: 1, predicted: 1
iter: 2, sample_no: 1214, actual label: 0, predicted: 0
iter: 3, sample_no: 2836, actual label: 0, predicted: 0
iter: 4, sample_no: 789, actual label: 1, predicted: 1
iter: 5, sample_no: 1448, actual label: 0, predicted: 0
iter: 6, sample_no: 940, actual label: 0, predicted: 0
iter: 7, sample_no: 1971, actual label: 1, predicted: 1
iter: 8, sample_no: 1156, actual label: 0, predicted: 0
iter: 9, sample_no: 2579, actual label: 0, predicted: 0
iter: 10, sample_no: 875, actual label: 0, predicted: 0
iter: 11, sample_no: 2037, actual label: 0, predicted: 0
iter: 12, sample_no: 424, actual label: 1, predicted: 0
iter: 13, sample_no: 700, actual label: 1, predicted: 1
iter: 14, sample_no: 2507, actual label: 0, predicted: 1
iter: 15, sample_no: 1715, actual label: 0, predicted: 0
iter: 16, sample_no: 2083, actual label: 0, predicted: 0
iter: 17, sample_no: 1198, actual label: 0, predicted: 1
iter: 18, sample_no: 1023, actual label: 0, predicted: 0
iter: 19, sample_no: 2139, actual label: 0, predicted: 0
iter: 20, sample_no: 1254, actual label: 1, predicted: 1
iter: 21, sample_no: 573, actual label: 0, predicted: 0
iter: 22, sample_no: 455, actual label: 0, predicted: 0
iter: 23, sample_no: 638, actual label: 0, predicted: 0
iter: 24, sample_no: 1414, actual label: 1, predicted: 1
number of samples: 3425
AUC 0.9718425476902908
pos_get 1168
total recall stop_at 1.0
@@@ C - Repeat number: 7
@@@ D - common_header:  {'F104', 'F3-char[]', 'F41', 'F71-mikemccand@apache.org', 'F123', 'F115', 'F71-uschindler@apache.org', 'F3-char', 'F3-Among[]', 'F71-hossman@apache.org', 'F116', 'F3-boolean', 'F71-noble@apache.org', 'F71-rjernst@apache.org', 'F25', 'F15-private', 'F110', 'F71-simonw@apache.org', 'F3-int', 'F3-Path', 'F68', 'F120', 'F22', 'F15-protected', 'F71-ryan@apache.org', 'F65', 'F3-Class', 'F117', 'F71-jpountz@apache.org', 'category', 'F71-chrism@apache.org', 'F71-yonik@apache.org', 'F15-NA', 'F3-long[]', 'F3-FileInputStream', 'F71-romseygeek@apache.org', 'F72', 'F3-int[]', 'F101', 'F77', 'F3-CharSequence', 'F71-anshum@apache.org', 'F3-long', 'F71-rmuir@apache.org', 'F71-shaie@apache.org', 'F71-shalin@apache.org', 'F105', 'F15-public', 'F71-erick@apache.org', 'F3-NA', 'F71-markrmiller@apache.org', 'F3-CharStream', 'F3-ValueSource', 'F126', 'F3-String', 'F71-sarowe@apache.org'}
     F72            ...            F71-uschindler@apache.org
1   4679            ...                                    1
2   4679            ...                                    1
3  19865            ...                                    1

[3 rows x 55 columns]
;.;
        F72            ...              F71-uschindler@apache.org
0  0.035424            ...                                    1.0
1  0.035424            ...                                    1.0
2  0.747947            ...                                    1.0

[3 rows x 55 columns]
training_x: (3259, 55)
training_y: 3259
testset_x: (3425, 55)
testset_y: 3425
              precision    recall  f1-score   support

           0       0.93      0.93      0.93      2257
           1       0.86      0.87      0.87      1168

    accuracy                           0.91      3425
   macro avg       0.90      0.90      0.90      3425
weighted avg       0.91      0.91      0.91      3425

accuracy: 0.9071532846715329
0.8650254668930389
@@@ tn: 2088, fp: 169, fn: 149, tp: 1019
@@@ LIME - Creating explainer
@@@ LIME - Random Sampling of Instances
iter: 0, sample_no: 1709, actual label: 0, predicted: 0
iter: 1, sample_no: 362, actual label: 0, predicted: 0
iter: 2, sample_no: 748, actual label: 0, predicted: 0
iter: 3, sample_no: 2419, actual label: 0, predicted: 0
iter: 4, sample_no: 1714, actual label: 0, predicted: 0
iter: 5, sample_no: 2985, actual label: 1, predicted: 1
iter: 6, sample_no: 3154, actual label: 0, predicted: 1
iter: 7, sample_no: 1385, actual label: 0, predicted: 0
iter: 8, sample_no: 2536, actual label: 0, predicted: 0
iter: 9, sample_no: 2180, actual label: 1, predicted: 1
iter: 10, sample_no: 1896, actual label: 0, predicted: 0
iter: 11, sample_no: 3187, actual label: 0, predicted: 0
iter: 12, sample_no: 1858, actual label: 0, predicted: 0
iter: 13, sample_no: 2282, actual label: 0, predicted: 0
iter: 14, sample_no: 2786, actual label: 0, predicted: 0
iter: 15, sample_no: 363, actual label: 0, predicted: 0
iter: 16, sample_no: 24, actual label: 0, predicted: 0
iter: 17, sample_no: 271, actual label: 1, predicted: 1
iter: 18, sample_no: 2230, actual label: 0, predicted: 0
iter: 19, sample_no: 828, actual label: 0, predicted: 0
iter: 20, sample_no: 1137, actual label: 0, predicted: 0
iter: 21, sample_no: 370, actual label: 0, predicted: 0
iter: 22, sample_no: 1425, actual label: 1, predicted: 1
iter: 23, sample_no: 2726, actual label: 0, predicted: 0
iter: 24, sample_no: 433, actual label: 0, predicted: 0
number of samples: 3425
AUC 0.9718425476902908
pos_get 1168
total recall stop_at 1.0
@@@ C - Repeat number: 8
@@@ D - common_header:  {'F104', 'F3-char[]', 'F41', 'F71-mikemccand@apache.org', 'F123', 'F115', 'F71-uschindler@apache.org', 'F3-char', 'F3-Among[]', 'F71-hossman@apache.org', 'F116', 'F3-boolean', 'F71-noble@apache.org', 'F71-rjernst@apache.org', 'F25', 'F15-private', 'F110', 'F71-simonw@apache.org', 'F3-int', 'F3-Path', 'F68', 'F120', 'F22', 'F15-protected', 'F71-ryan@apache.org', 'F65', 'F3-Class', 'F117', 'F71-jpountz@apache.org', 'category', 'F71-chrism@apache.org', 'F71-yonik@apache.org', 'F15-NA', 'F3-long[]', 'F3-FileInputStream', 'F71-romseygeek@apache.org', 'F72', 'F3-int[]', 'F101', 'F77', 'F3-CharSequence', 'F71-anshum@apache.org', 'F3-long', 'F71-rmuir@apache.org', 'F71-shaie@apache.org', 'F71-shalin@apache.org', 'F105', 'F15-public', 'F71-erick@apache.org', 'F3-NA', 'F71-markrmiller@apache.org', 'F3-CharStream', 'F3-ValueSource', 'F126', 'F3-String', 'F71-sarowe@apache.org'}
     F72            ...            F71-uschindler@apache.org
1   4679            ...                                    1
2   4679            ...                                    1
3  19865            ...                                    1

[3 rows x 55 columns]
;.;
        F72            ...              F71-uschindler@apache.org
0  0.035424            ...                                    1.0
1  0.035424            ...                                    1.0
2  0.747947            ...                                    1.0

[3 rows x 55 columns]
training_x: (3259, 55)
training_y: 3259
testset_x: (3425, 55)
testset_y: 3425
              precision    recall  f1-score   support

           0       0.93      0.93      0.93      2257
           1       0.86      0.87      0.87      1168

    accuracy                           0.91      3425
   macro avg       0.90      0.90      0.90      3425
weighted avg       0.91      0.91      0.91      3425

accuracy: 0.9071532846715329
0.8650254668930389
@@@ tn: 2088, fp: 169, fn: 149, tp: 1019
@@@ LIME - Creating explainer
@@@ LIME - Random Sampling of Instances
iter: 0, sample_no: 1504, actual label: 0, predicted: 0
iter: 1, sample_no: 204, actual label: 1, predicted: 1
iter: 2, sample_no: 1406, actual label: 1, predicted: 1
iter: 3, sample_no: 457, actual label: 1, predicted: 0
iter: 4, sample_no: 2560, actual label: 0, predicted: 0
iter: 5, sample_no: 2330, actual label: 0, predicted: 1
iter: 6, sample_no: 2359, actual label: 0, predicted: 1
iter: 7, sample_no: 2165, actual label: 0, predicted: 0
iter: 8, sample_no: 3389, actual label: 1, predicted: 1
iter: 9, sample_no: 3199, actual label: 0, predicted: 0
iter: 10, sample_no: 1992, actual label: 1, predicted: 1
iter: 11, sample_no: 1217, actual label: 0, predicted: 0
iter: 12, sample_no: 1314, actual label: 0, predicted: 0
iter: 13, sample_no: 1899, actual label: 0, predicted: 0
iter: 14, sample_no: 2001, actual label: 1, predicted: 1
iter: 15, sample_no: 1679, actual label: 0, predicted: 0
iter: 16, sample_no: 648, actual label: 0, predicted: 0
iter: 17, sample_no: 3195, actual label: 1, predicted: 1
iter: 18, sample_no: 2833, actual label: 0, predicted: 0
iter: 19, sample_no: 3, actual label: 1, predicted: 1
iter: 20, sample_no: 1715, actual label: 0, predicted: 0
iter: 21, sample_no: 1738, actual label: 0, predicted: 0
iter: 22, sample_no: 220, actual label: 1, predicted: 1
iter: 23, sample_no: 1751, actual label: 0, predicted: 0
iter: 24, sample_no: 1326, actual label: 1, predicted: 1
number of samples: 3425
AUC 0.9718389439855306
pos_get 1168
total recall stop_at 1.0
@@@ C - Repeat number: 9
Columns (0,3,4,5,6,7,8,9,10,11,12,13,14,15,16,17,18,19,20,21,22,23,24,25,26,27,28,29,30,31,32,33,34,35,36,37,38,39,40,41,42,43,44,45,46,47,48,49,50,51,52,53,54,55,56,57,58,59,60,61,62,63,64,65,66,67,68,69,70,71,72,73,74,75,76,77,78,79,80,81,82,83,84,85,86,87,88,89,90,91,92,93,94,95,96,97,98,99,100,101,102,103,104,105,106,107,108,109,110,111,112,113,114,115,116,117,118,119,120,121,122,123,124,125,126,127,128,129,130,131,132,133,134,135,136,137,138,139,140,141,142,143,144,145,146,147,148,149,150,151,152,153,154,155,156,157,158,159,160,161,162,163,164,165,166,167,168,169,170,171,172,173,174,175,176,177,178,179,180,181,182,183,184,185,186,187,188,189,190,191,192,193,194,195,196,197,198,199,200,201,202,203,204,205,206,207,208,209,210,211,212,213,214,215,216,217,218,219,220,221,222,223,224,225,226,227,228,229,230,231,232,233,234,235,236,237,238,239,240,241,242,243,244,245,246,247,248,249,250,251,252,253,254,255,256,257,258,259,260,261,262,263,264,265,266,267,268,269,270,271,272,273,274,275,276,277,278,279,280,281,283,285,286,287,288,289,290,291,292,293,294,295,296,297,298,299,300,301,302,303,304,305,306,307,308,309,310,311,312,313,314,315,316,317,318,319,320,321,322,323,324,325,326,327,328,329,330,331,332,333,334,335,336,337,338,339,340,341,342,343,344,345,346,347,348,349,350,351,352,353,354) have mixed types. Specify dtype option on import or set low_memory=False.
Columns (0,3,4,5,6,7,8,9,10,11,12,13,14,15,16,17,18,19,20,21,22,23,24,25,26,27,28,29,30,31,32,33,34,35,36,37,38,39,40,41,42,43,44,45,46,47,48,49,50,51,52,53,54,55,56,57,58,59,60,61,62,63,64,65,66,67,68,69,70,71,72,73,74,75,76,77,78,79,80,81,82,83,84,85,86,87,88,89,90,91,92,93,94,95,96,97,98,99,100,101,102,103,104,105,106,107,108,109,110,111,112,113,114,115,116,117,118,119,120,121,122,123,124,125,126,127,128,129,130,131,132,133,134,135,136,137,138,139,140,141,142,143,144,145,146,147,148,149,150,151,152,153,154,155,156,157,158,159,160,161,162,163,164,165,166,167,168,169,170,171,172,173,174,175,176,177,178,179,180,181,182,183,184,185,186,187,188,189,190,191,192,193,194,195,196,197,198,199,200,201,202,203,204,205,206,207,208,209,210,211,212,213,214,215,216,217,218,219,220,221,222,223,224,225,226,227,228,229,230,231,232,233,234,235,236,237,238,239,240,241,242,243,244,245,246,247,248,249,250,251,252,253,254,255,256,257,258,259,260,261,262,263,264,265,266,267,268,269,270,271,272,273,274,275,276,277,278,279,280,282,284,285,286,287,288,289,290,291,292,293,294,295,296,297,298,299,300,301,302,303,304,305,306,307,308,309,310,311,312,313,314,315,316,317,318,319,320,321,322,323,324,325,326,327,328,329,330,331,332,333,334,335,336,337,338,339,340,341,342,343,344,345,346,347,348,349,350,351,352,353) have mixed types. Specify dtype option on import or set low_memory=False.
Columns (0,3,4,5,6,7,8,9,10,11,12,13,14,15,16,17,18,19,20,21,22,23,24,25,26,27,28,29,30,31,32,33,34,35,36,37,38,39,40,41,42,43,44,45,46,47,48,49,50,51,52,53,54,55,56,57,58,59,60,61,62,63,64,65,66,67,68,69,70,71,72,73,74,75,76,77,78,79,80,81,82,83,84,85,86,87,88,89,90,91,92,93,94,95,96,97,98,99,100,101,102,103,104,105,106,107,108,109,110,111,112,113,114,115,116,117,118,119,120,121,122,123,124,125,126,127,128,129,130,131,132,133,134,135,136,137,138,139,140,141,142,143,144,145,146,147,148,149,150,151,152,153,154,155,156,157,158,159,160,161,162,163,164,165,166,167,168,169,170,171,172,173,174,175,176,177,178,179,180,181,182,183,184,185,186,187,188,189,190,191,192,193,194,195,196,197,198,199,200,201,202,203,204,205,206,207,208,209,210,211,212,213,214,215,216,217,218,219,220,221,222,223,224,225,226,227,228,229,230,231,232,233,234,235,236,237,238,239,240,241,242,243,244,245,246,247,248,249,250,251,252,253,254,255,256,257,258,259,260,261,262,263,264,265,266,267,268,269,270,271,272,273,274,275,276,277,278,279,280,281,283,285,286,287,288,289,290,291,292,293,294,295,296,297,298,299,300,301,302,303,304,305,306,307,308,309,310,311,312,313,314,315,316,317,318,319,320,321,322,323,324,325,326,327,328,329,330,331,332,333,334,335,336,337,338,339,340,341,342,343,344,345,346,347,348,349,350,351,352,353,354) have mixed types. Specify dtype option on import or set low_memory=False.
Columns (0,3,4,5,6,7,8,9,10,11,12,13,14,15,16,17,18,19,20,21,22,23,24,25,26,27,28,29,30,31,32,33,34,35,36,37,38,39,40,41,42,43,44,45,46,47,48,49,50,51,52,53,54,55,56,57,58,59,60,61,62,63,64,65,66,67,68,69,70,71,72,73,74,75,76,77,78,79,80,81,82,83,84,85,86,87,88,89,90,91,92,93,94,95,96,97,98,99,100,101,102,103,104,105,106,107,108,109,110,111,112,113,114,115,116,117,118,119,120,121,122,123,124,125,126,127,128,129,130,131,132,133,134,135,136,137,138,139,140,141,142,143,144,145,146,147,148,149,150,151,152,153,154,155,156,157,158,159,160,161,162,163,164,165,166,167,168,169,170,171,172,173,174,175,176,177,178,179,180,181,182,183,184,185,186,187,188,189,190,191,192,193,194,195,196,197,198,199,200,201,202,203,204,205,206,207,208,209,210,211,212,213,214,215,216,217,218,219,220,221,222,223,224,225,226,227,228,229,230,231,232,233,234,235,236,237,238,239,240,241,242,243,244,245,246,247,248,249,250,251,252,253,254,255,256,257,258,259,260,261,262,263,264,265,266,267,268,269,270,271,272,273,274,275,276,277,278,279,280,282,284,285,286,287,288,289,290,291,292,293,294,295,296,297,298,299,300,301,302,303,304,305,306,307,308,309,310,311,312,313,314,315,316,317,318,319,320,321,322,323,324,325,326,327,328,329,330,331,332,333,334,335,336,337,338,339,340,341,342,343,344,345,346,347,348,349,350,351,352,353) have mixed types. Specify dtype option on import or set low_memory=False.
Columns (0,3,4,5,6,7,8,9,10,11,12,13,14,15,16,17,18,19,20,21,22,23,24,25,26,27,28,29,30,31,32,33,34,35,36,37,38,39,40,41,42,43,44,45,46,47,48,49,50,51,52,53,54,55,56,57,58,59,60,61,62,63,64,65,66,67,68,69,70,71,72,73,74,75,76,77,78,79,80,81,82,83,84,85,86,87,88,89,90,91,92,93,94,95,96,97,98,99,100,101,102,103,104,105,106,107,108,109,110,111,112,113,114,115,116,117,118,119,120,121,122,123,124,125,126,127,128,129,130,131,132,133,134,135,136,137,138,139,140,141,142,143,144,145,146,147,148,149,150,151,152,153,154,155,156,157,158,159,160,161,162,163,164,165,166,167,168,169,170,171,172,173,174,175,176,177,178,179,180,181,182,183,184,185,186,187,188,189,190,191,192,193,194,195,196,197,198,199,200,201,202,203,204,205,206,207,208,209,210,211,212,213,214,215,216,217,218,219,220,221,222,223,224,225,226,227,228,229,230,231,232,233,234,235,236,237,238,239,240,241,242,243,244,245,246,247,248,249,250,251,252,253,254,255,256,257,258,259,260,261,262,263,264,265,266,267,268,269,270,271,272,273,274,275,276,277,278,279,280,281,283,285,286,287,288,289,290,291,292,293,294,295,296,297,298,299,300,301,302,303,304,305,306,307,308,309,310,311,312,313,314,315,316,317,318,319,320,321,322,323,324,325,326,327,328,329,330,331,332,333,334,335,336,337,338,339,340,341,342,343,344,345,346,347,348,349,350,351,352,353,354) have mixed types. Specify dtype option on import or set low_memory=False.
Columns (0,3,4,5,6,7,8,9,10,11,12,13,14,15,16,17,18,19,20,21,22,23,24,25,26,27,28,29,30,31,32,33,34,35,36,37,38,39,40,41,42,43,44,45,46,47,48,49,50,51,52,53,54,55,56,57,58,59,60,61,62,63,64,65,66,67,68,69,70,71,72,73,74,75,76,77,78,79,80,81,82,83,84,85,86,87,88,89,90,91,92,93,94,95,96,97,98,99,100,101,102,103,104,105,106,107,108,109,110,111,112,113,114,115,116,117,118,119,120,121,122,123,124,125,126,127,128,129,130,131,132,133,134,135,136,137,138,139,140,141,142,143,144,145,146,147,148,149,150,151,152,153,154,155,156,157,158,159,160,161,162,163,164,165,166,167,168,169,170,171,172,173,174,175,176,177,178,179,180,181,182,183,184,185,186,187,188,189,190,191,192,193,194,195,196,197,198,199,200,201,202,203,204,205,206,207,208,209,210,211,212,213,214,215,216,217,218,219,220,221,222,223,224,225,226,227,228,229,230,231,232,233,234,235,236,237,238,239,240,241,242,243,244,245,246,247,248,249,250,251,252,253,254,255,256,257,258,259,260,261,262,263,264,265,266,267,268,269,270,271,272,273,274,275,276,277,278,279,280,282,284,285,286,287,288,289,290,291,292,293,294,295,296,297,298,299,300,301,302,303,304,305,306,307,308,309,310,311,312,313,314,315,316,317,318,319,320,321,322,323,324,325,326,327,328,329,330,331,332,333,334,335,336,337,338,339,340,341,342,343,344,345,346,347,348,349,350,351,352,353) have mixed types. Specify dtype option on import or set low_memory=False.
@@@ D - common_header:  {'F104', 'F3-char[]', 'F41', 'F71-mikemccand@apache.org', 'F123', 'F115', 'F71-uschindler@apache.org', 'F3-char', 'F3-Among[]', 'F71-hossman@apache.org', 'F116', 'F3-boolean', 'F71-noble@apache.org', 'F71-rjernst@apache.org', 'F25', 'F15-private', 'F110', 'F71-simonw@apache.org', 'F3-int', 'F3-Path', 'F68', 'F120', 'F22', 'F15-protected', 'F71-ryan@apache.org', 'F65', 'F3-Class', 'F117', 'F71-jpountz@apache.org', 'category', 'F71-chrism@apache.org', 'F71-yonik@apache.org', 'F15-NA', 'F3-long[]', 'F3-FileInputStream', 'F71-romseygeek@apache.org', 'F72', 'F3-int[]', 'F101', 'F77', 'F3-CharSequence', 'F71-anshum@apache.org', 'F3-long', 'F71-rmuir@apache.org', 'F71-shaie@apache.org', 'F71-shalin@apache.org', 'F105', 'F15-public', 'F71-erick@apache.org', 'F3-NA', 'F71-markrmiller@apache.org', 'F3-CharStream', 'F3-ValueSource', 'F126', 'F3-String', 'F71-sarowe@apache.org'}
     F72            ...            F71-uschindler@apache.org
1   4679            ...                                    1
2   4679            ...                                    1
3  19865            ...                                    1

[3 rows x 55 columns]
;.;
        F72            ...              F71-uschindler@apache.org
0  0.035424            ...                                    1.0
1  0.035424            ...                                    1.0
2  0.747947            ...                                    1.0

[3 rows x 55 columns]
training_x: (3259, 55)
training_y: 3259
testset_x: (3425, 55)
testset_y: 3425
              precision    recall  f1-score   support

           0       0.93      0.93      0.93      2257
           1       0.86      0.87      0.87      1168

    accuracy                           0.91      3425
   macro avg       0.90      0.90      0.90      3425
weighted avg       0.91      0.91      0.91      3425

accuracy: 0.9071532846715329
0.8650254668930389
@@@ tn: 2088, fp: 169, fn: 149, tp: 1019
@@@ LIME - Creating explainer
@@@ LIME - Random Sampling of Instances
iter: 0, sample_no: 2105, actual label: 0, predicted: 0
iter: 1, sample_no: 3339, actual label: 1, predicted: 1
iter: 2, sample_no: 1199, actual label: 0, predicted: 0
iter: 3, sample_no: 3192, actual label: 0, predicted: 0
iter: 4, sample_no: 2281, actual label: 0, predicted: 0
iter: 5, sample_no: 2285, actual label: 1, predicted: 1
iter: 6, sample_no: 2918, actual label: 0, predicted: 0
iter: 7, sample_no: 2487, actual label: 0, predicted: 0
iter: 8, sample_no: 173, actual label: 0, predicted: 0
iter: 9, sample_no: 1845, actual label: 0, predicted: 0
iter: 10, sample_no: 2170, actual label: 1, predicted: 1
iter: 11, sample_no: 2220, actual label: 0, predicted: 0
iter: 12, sample_no: 2375, actual label: 1, predicted: 1
iter: 13, sample_no: 1873, actual label: 0, predicted: 0
iter: 14, sample_no: 191, actual label: 1, predicted: 1
iter: 15, sample_no: 2180, actual label: 1, predicted: 1
iter: 16, sample_no: 3008, actual label: 1, predicted: 1
iter: 17, sample_no: 1709, actual label: 0, predicted: 0
iter: 18, sample_no: 1441, actual label: 0, predicted: 0
iter: 19, sample_no: 1584, actual label: 0, predicted: 0
iter: 20, sample_no: 1513, actual label: 1, predicted: 1
iter: 21, sample_no: 505, actual label: 1, predicted: 0
iter: 22, sample_no: 2373, actual label: 0, predicted: 1
iter: 23, sample_no: 581, actual label: 1, predicted: 1
iter: 24, sample_no: 171, actual label: 0, predicted: 0
number of samples: 3425
AUC 0.9718408406722465
pos_get 1168
total recall stop_at 1.0
@@@ C - Repeat number: 10
@@@ D - common_header:  {'F104', 'F3-char[]', 'F41', 'F71-mikemccand@apache.org', 'F123', 'F115', 'F71-uschindler@apache.org', 'F3-char', 'F3-Among[]', 'F71-hossman@apache.org', 'F116', 'F3-boolean', 'F71-noble@apache.org', 'F71-rjernst@apache.org', 'F25', 'F15-private', 'F110', 'F71-simonw@apache.org', 'F3-int', 'F3-Path', 'F68', 'F120', 'F22', 'F15-protected', 'F71-ryan@apache.org', 'F65', 'F3-Class', 'F117', 'F71-jpountz@apache.org', 'category', 'F71-chrism@apache.org', 'F71-yonik@apache.org', 'F15-NA', 'F3-long[]', 'F3-FileInputStream', 'F71-romseygeek@apache.org', 'F72', 'F3-int[]', 'F101', 'F77', 'F3-CharSequence', 'F71-anshum@apache.org', 'F3-long', 'F71-rmuir@apache.org', 'F71-shaie@apache.org', 'F71-shalin@apache.org', 'F105', 'F15-public', 'F71-erick@apache.org', 'F3-NA', 'F71-markrmiller@apache.org', 'F3-CharStream', 'F3-ValueSource', 'F126', 'F3-String', 'F71-sarowe@apache.org'}
     F72            ...            F71-uschindler@apache.org
1   4679            ...                                    1
2   4679            ...                                    1
3  19865            ...                                    1

[3 rows x 55 columns]
;.;
        F72            ...              F71-uschindler@apache.org
0  0.035424            ...                                    1.0
1  0.035424            ...                                    1.0
2  0.747947            ...                                    1.0

[3 rows x 55 columns]
training_x: (3259, 55)
training_y: 3259
testset_x: (3425, 55)
testset_y: 3425
              precision    recall  f1-score   support

           0       0.93      0.93      0.93      2257
           1       0.86      0.87      0.87      1168

    accuracy                           0.91      3425
   macro avg       0.90      0.90      0.90      3425
weighted avg       0.91      0.91      0.91      3425

accuracy: 0.9071532846715329
0.8650254668930389
@@@ tn: 2088, fp: 169, fn: 149, tp: 1019
@@@ LIME - Creating explainer
@@@ LIME - Random Sampling of Instances
Columns (0,3,4,5,6,7,8,9,10,11,12,13,14,15,16,17,18,19,20,21,22,23,24,25,26,27,28,29,30,31,32,33,34,35,36,37,38,39,40,41,42,43,44,45,46,47,48,49,50,51,52,53,54,55,56,57,58,59,60,61,62,63,64,65,66,67,68,69,70,71,72,73,74,75,76,77,78,79,80,81,82,83,84,85,86,87,88,89,90,91,92,93,94,95,96,97,98,99,100,101,102,103,104,105,106,107,108,109,110,111,112,113,114,115,116,117,118,119,120,121,122,123,124,125,126,127,128,129,130,131,132,133,134,135,136,137,138,139,140,141,142,143,144,145,146,147,148,149,150,151,152,153,154,155,156,157,158,159,160,161,162,163,164,165,166,167,168,169,170,171,172,173,174,175,176,177,178,179,180,181,182,183,184,185,186,187,188,189,190,191,192,193,194,195,196,197,198,199,200,201,202,203,204,205,206,207,208,209,210,211,212,213,214,215,216,217,218,219,220,221,222,223,224,225,226,227,228,229,230,231,232,233,234,235,236,237,238,239,240,241,242,243,244,245,246,247,248,249,250,251,252,253,254,255,256,257,258,259,260,261,262,263,264,265,266,267,268,269,270,271,272,273,274,275,276,277,278,279,280,281,283,285,286,287,288,289,290,291,292,293,294,295,296,297,298,299,300,301,302,303,304,305,306,307,308,309,310,311,312,313,314,315,316,317,318,319,320,321,322,323,324,325,326,327,328,329,330,331,332,333,334,335,336,337,338,339,340,341,342,343,344,345,346,347,348,349,350,351,352,353,354) have mixed types. Specify dtype option on import or set low_memory=False.
Columns (0,3,4,5,6,7,8,9,10,11,12,13,14,15,16,17,18,19,20,21,22,23,24,25,26,27,28,29,30,31,32,33,34,35,36,37,38,39,40,41,42,43,44,45,46,47,48,49,50,51,52,53,54,55,56,57,58,59,60,61,62,63,64,65,66,67,68,69,70,71,72,73,74,75,76,77,78,79,80,81,82,83,84,85,86,87,88,89,90,91,92,93,94,95,96,97,98,99,100,101,102,103,104,105,106,107,108,109,110,111,112,113,114,115,116,117,118,119,120,121,122,123,124,125,126,127,128,129,130,131,132,133,134,135,136,137,138,139,140,141,142,143,144,145,146,147,148,149,150,151,152,153,154,155,156,157,158,159,160,161,162,163,164,165,166,167,168,169,170,171,172,173,174,175,176,177,178,179,180,181,182,183,184,185,186,187,188,189,190,191,192,193,194,195,196,197,198,199,200,201,202,203,204,205,206,207,208,209,210,211,212,213,214,215,216,217,218,219,220,221,222,223,224,225,226,227,228,229,230,231,232,233,234,235,236,237,238,239,240,241,242,243,244,245,246,247,248,249,250,251,252,253,254,255,256,257,258,259,260,261,262,263,264,265,266,267,268,269,270,271,272,273,274,275,276,277,278,279,280,282,284,285,286,287,288,289,290,291,292,293,294,295,296,297,298,299,300,301,302,303,304,305,306,307,308,309,310,311,312,313,314,315,316,317,318,319,320,321,322,323,324,325,326,327,328,329,330,331,332,333,334,335,336,337,338,339,340,341,342,343,344,345,346,347,348,349,350,351,352,353) have mixed types. Specify dtype option on import or set low_memory=False.
Columns (0,3,4,5,6,7,8,9,10,11,12,13,14,15,16,17,18,19,20,21,22,23,24,25,26,27,28,29,30,31,32,33,34,35,36,37,38,39,40,41,42,43,44,45,46,47,48,49,50,51,52,53,54,55,56,57,58,59,60,61,62,63,64,65,66,67,68,69,70,71,72,73,74,75,76,77,78,79,80,81,82,83,84,85,86,87,88,89,90,91,92,93,94,95,96,97,98,99,100,101,102,103,104,105,106,107,108,109,110,111,112,113,114,115,116,117,118,119,120,121,122,123,124,125,126,127,128,129,130,131,132,133,134,135,136,137,138,139,140,141,142,143,144,145,146,147,148,149,150,151,152,153,154,155,156,157,158,159,160,161,162,163,164,165,166,167,168,169,170,171,172,173,174,175,176,177,178,179,180,181,182,183,184,185,186,187,188,189,190,191,192,193,194,195,196,197,198,199,200,201,202,203,204,205,206,207,208,209,210,211,212,213,214,215,216,217,218,219,220,221,222,223,224,225,226,227,228,229,230,231,232,233,234,235,236,237,238,239,240,241,242,243,244,245,246,247,248,249,250,251,252,253,254,255,256,257,258,259,260,261,262,263,264,265,266,267,268,269,270,271,272,273,274,275,276,277,278,279,280,281,283,285,286,287,288,289,290,291,292,293,294,295,296,297,298,299,300,301,302,303,304,305,306,307,308,309,310,311,312,313,314,315,316,317,318,319,320,321,322,323,324,325,326,327,328,329,330,331,332,333,334,335,336,337,338,339,340,341,342,343,344,345,346,347,348,349,350,351,352,353,354) have mixed types. Specify dtype option on import or set low_memory=False.
iter: 0, sample_no: 1692, actual label: 0, predicted: 0
iter: 1, sample_no: 2269, actual label: 0, predicted: 0
iter: 2, sample_no: 2003, actual label: 1, predicted: 1
iter: 3, sample_no: 1255, actual label: 0, predicted: 0
iter: 4, sample_no: 928, actual label: 0, predicted: 0
iter: 5, sample_no: 37, actual label: 1, predicted: 0
iter: 6, sample_no: 949, actual label: 0, predicted: 0
iter: 7, sample_no: 2269, actual label: 0, predicted: 0
iter: 8, sample_no: 3250, actual label: 1, predicted: 1
iter: 9, sample_no: 2890, actual label: 0, predicted: 0
iter: 10, sample_no: 2163, actual label: 0, predicted: 0
iter: 11, sample_no: 446, actual label: 0, predicted: 0
iter: 12, sample_no: 2191, actual label: 0, predicted: 0
iter: 13, sample_no: 2628, actual label: 0, predicted: 0
iter: 14, sample_no: 3078, actual label: 0, predicted: 1
iter: 15, sample_no: 2679, actual label: 1, predicted: 1
iter: 16, sample_no: 1477, actual label: 1, predicted: 1
iter: 17, sample_no: 650, actual label: 0, predicted: 0
iter: 18, sample_no: 1171, actual label: 0, predicted: 0
iter: 19, sample_no: 429, actual label: 1, predicted: 0
iter: 20, sample_no: 1314, actual label: 0, predicted: 0
iter: 21, sample_no: 2262, actual label: 0, predicted: 0
iter: 22, sample_no: 1259, actual label: 0, predicted: 0
iter: 23, sample_no: 508, actual label: 1, predicted: 0
iter: 24, sample_no: 1993, actual label: 0, predicted: 0
number of samples: 3425
AUC 0.9718425476902908
pos_get 1168
total recall stop_at 1.0
----------threshold stop at----------: 1
AUC [0.971842927027634, 0.9718425476902908, 0.971840651003575, 0.9718425476902908, 0.9718425476902908, 0.9718425476902908, 0.9718425476902908, 0.9718389439855306, 0.9718408406722465, 0.9718425476902908]
AUC_median 0.9718425476902908
AUC_iqr 1.2802635331876644e-06
cost [0.5959124087591241, 0.5959124087591241, 0.5959124087591241, 0.5959124087591241, 0.5959124087591241, 0.5959124087591241, 0.5959124087591241, 0.5959124087591241, 0.5959124087591241, 0.5959124087591241]
COST_med 0.5959124087591241
COST_iqr 0.0
f1_pos_list [0.8650254668930389, 0.8650254668930389, 0.8650254668930389, 0.8650254668930389, 0.8650254668930389, 0.8650254668930389, 0.8650254668930389, 0.8650254668930389, 0.8650254668930389, 0.8650254668930389]
f1_pos_med 0.8650254668930389
