@@@ A - classifier: SVC(C=1.0, break_ties=False, cache_size=200, class_weight='balanced', coef0=0.0,
    decision_function_shape='ovr', degree=3, gamma='scale', kernel='linear',
    max_iter=-1, probability=True, random_state=None, shrinking=True, tol=0.001,
    verbose=False)
@@@ B - threshold stop at: 1
@@@ C - Repeat number: 1
@@@ D - common_header:  {'F117', 'F3-InputStream', 'F3-char[]', 'F71-jordan@jordanzimmerman.com', 'F3-strackC.toString().getBytes()', 'F71-tamaas@cloudera.com', 'F3-SimpleCharStream', 'F71-michim@apache.org', 'F15-NA', 'F101', 'F71-hanm@apache.org', 'F105', 'F120', 'F15-public', 'F3-IDENT_TKN', 'F71-camille@apache.org', 'F71-breed@apache.org', 'F15-private', 'F77', 'F3-long', 'F123', 'F71-rakeshr@apache.org', 'F3-stats.toString().getBytes()', 'F68', 'F116', 'category', 'F41', 'F71-fpj@apache.org', 'F25', 'F3-Reader', 'F3-NA', 'F3-int', 'F126', 'F71-rgs@apache.org', 'F104', 'F71-phunt@apache.org', 'F71-henry@apache.org', 'F71-mahadev@apache.org', 'F65', 'F3-String', 'F3-InputStreamReader', 'F71-thawan@apache.org', 'F71-hanm@cloudera.com', 'F115', 'F3-strack.toString().getBytes()', 'F72', 'F110', 'F71-afine@apache.org', 'F22', 'F71-nixon@fb.com', 'F3-CreateMode.PERSISTENT', 'F3-byte[]'}
    F72           ...           F71-tamaas@cloudera.com
1  2072           ...                                 0
2   666           ...                                 1
3   666           ...                                 1

[3 rows x 51 columns]
;.;
        F72           ...             F71-tamaas@cloudera.com
0  0.996535           ...                                 0.0
1  0.022176           ...                                 1.0
2  0.022176           ...                                 1.0

[3 rows x 51 columns]
training_x: (250, 51)
training_y: 250
testset_x: (120, 51)
testset_y: 120
              precision    recall  f1-score   support

           0       0.96      0.26      0.41        99
           1       0.22      0.95      0.35        21

    accuracy                           0.38       120
   macro avg       0.59      0.61      0.38       120
weighted avg       0.83      0.38      0.40       120

accuracy: 0.38333333333333336
0.3508771929824561
@@@ tn: 26, fp: 73, fn: 1, tp: 20
@@@ LIME - Creating explainer
@@@ LIME - Random Sampling of Instances
iter: 0, sample_no: 64, actual label: 0, predicted: 1
iter: 1, sample_no: 48, actual label: 0, predicted: 1
iter: 2, sample_no: 36, actual label: 1, predicted: 0
iter: 3, sample_no: 87, actual label: 0, predicted: 1
iter: 4, sample_no: 69, actual label: 0, predicted: 1
iter: 5, sample_no: 54, actual label: 0, predicted: 1
iter: 6, sample_no: 39, actual label: 0, predicted: 1
iter: 7, sample_no: 93, actual label: 0, predicted: 1
iter: 8, sample_no: 7, actual label: 0, predicted: 1
iter: 9, sample_no: 27, actual label: 0, predicted: 1
iter: 10, sample_no: 115, actual label: 1, predicted: 1
iter: 11, sample_no: 105, actual label: 0, predicted: 0
iter: 12, sample_no: 34, actual label: 0, predicted: 1
iter: 13, sample_no: 7, actual label: 0, predicted: 1
iter: 14, sample_no: 2, actual label: 0, predicted: 0
iter: 15, sample_no: 34, actual label: 0, predicted: 1
iter: 16, sample_no: 78, actual label: 1, predicted: 1
iter: 17, sample_no: 48, actual label: 0, predicted: 1
iter: 18, sample_no: 68, actual label: 0, predicted: 1
iter: 19, sample_no: 33, actual label: 0, predicted: 1
iter: 20, sample_no: 24, actual label: 0, predicted: 1
iter: 21, sample_no: 50, actual label: 0, predicted: 1
iter: 22, sample_no: 85, actual label: 0, predicted: 1
iter: 23, sample_no: 39, actual label: 0, predicted: 1
iter: 24, sample_no: 70, actual label: 0, predicted: 1
number of samples: 120
AUC 0.8682058682058682
pos_get 21
total recall stop_at 1.0
@@@ C - Repeat number: 2
@@@ D - common_header:  {'F117', 'F3-InputStream', 'F3-char[]', 'F71-jordan@jordanzimmerman.com', 'F3-strackC.toString().getBytes()', 'F71-tamaas@cloudera.com', 'F3-SimpleCharStream', 'F71-michim@apache.org', 'F15-NA', 'F101', 'F71-hanm@apache.org', 'F105', 'F120', 'F15-public', 'F3-IDENT_TKN', 'F71-camille@apache.org', 'F71-breed@apache.org', 'F15-private', 'F77', 'F3-long', 'F123', 'F71-rakeshr@apache.org', 'F3-stats.toString().getBytes()', 'F68', 'F116', 'category', 'F41', 'F71-fpj@apache.org', 'F25', 'F3-Reader', 'F3-NA', 'F3-int', 'F126', 'F71-rgs@apache.org', 'F104', 'F71-phunt@apache.org', 'F71-henry@apache.org', 'F71-mahadev@apache.org', 'F65', 'F3-String', 'F3-InputStreamReader', 'F71-thawan@apache.org', 'F71-hanm@cloudera.com', 'F115', 'F3-strack.toString().getBytes()', 'F72', 'F110', 'F71-afine@apache.org', 'F22', 'F71-nixon@fb.com', 'F3-CreateMode.PERSISTENT', 'F3-byte[]'}
    F72           ...           F71-tamaas@cloudera.com
1  2072           ...                                 0
2   666           ...                                 1
3   666           ...                                 1

[3 rows x 51 columns]
;.;
        F72           ...             F71-tamaas@cloudera.com
0  0.996535           ...                                 0.0
1  0.022176           ...                                 1.0
2  0.022176           ...                                 1.0

[3 rows x 51 columns]
training_x: (250, 51)
training_y: 250
testset_x: (120, 51)
testset_y: 120
              precision    recall  f1-score   support

           0       0.96      0.26      0.41        99
           1       0.22      0.95      0.35        21

    accuracy                           0.38       120
   macro avg       0.59      0.61      0.38       120
weighted avg       0.83      0.38      0.40       120

accuracy: 0.38333333333333336
0.3508771929824561
@@@ tn: 26, fp: 73, fn: 1, tp: 20
@@@ LIME - Creating explainer
@@@ LIME - Random Sampling of Instances
iter: 0, sample_no: 35, actual label: 0, predicted: 1
iter: 1, sample_no: 110, actual label: 0, predicted: 0
iter: 2, sample_no: 55, actual label: 0, predicted: 1
iter: 3, sample_no: 83, actual label: 0, predicted: 1
iter: 4, sample_no: 43, actual label: 0, predicted: 1
iter: 5, sample_no: 71, actual label: 0, predicted: 1
iter: 6, sample_no: 86, actual label: 0, predicted: 1
iter: 7, sample_no: 82, actual label: 0, predicted: 1
iter: 8, sample_no: 25, actual label: 0, predicted: 1
iter: 9, sample_no: 75, actual label: 0, predicted: 1
iter: 10, sample_no: 116, actual label: 1, predicted: 1
iter: 11, sample_no: 103, actual label: 0, predicted: 0
iter: 12, sample_no: 78, actual label: 1, predicted: 1
iter: 13, sample_no: 46, actual label: 0, predicted: 1
iter: 14, sample_no: 37, actual label: 0, predicted: 1
iter: 15, sample_no: 109, actual label: 0, predicted: 0
iter: 16, sample_no: 0, actual label: 0, predicted: 1
iter: 17, sample_no: 59, actual label: 0, predicted: 1
iter: 18, sample_no: 75, actual label: 0, predicted: 1
iter: 19, sample_no: 27, actual label: 0, predicted: 1
iter: 20, sample_no: 11, actual label: 1, predicted: 1
iter: 21, sample_no: 7, actual label: 0, predicted: 1
iter: 22, sample_no: 114, actual label: 1, predicted: 1
iter: 23, sample_no: 115, actual label: 1, predicted: 1
iter: 24, sample_no: 104, actual label: 0, predicted: 0
number of samples: 120
AUC 0.8682058682058682
pos_get 21
total recall stop_at 1.0
@@@ C - Repeat number: 3
@@@ D - common_header:  {'F117', 'F3-InputStream', 'F3-char[]', 'F71-jordan@jordanzimmerman.com', 'F3-strackC.toString().getBytes()', 'F71-tamaas@cloudera.com', 'F3-SimpleCharStream', 'F71-michim@apache.org', 'F15-NA', 'F101', 'F71-hanm@apache.org', 'F105', 'F120', 'F15-public', 'F3-IDENT_TKN', 'F71-camille@apache.org', 'F71-breed@apache.org', 'F15-private', 'F77', 'F3-long', 'F123', 'F71-rakeshr@apache.org', 'F3-stats.toString().getBytes()', 'F68', 'F116', 'category', 'F41', 'F71-fpj@apache.org', 'F25', 'F3-Reader', 'F3-NA', 'F3-int', 'F126', 'F71-rgs@apache.org', 'F104', 'F71-phunt@apache.org', 'F71-henry@apache.org', 'F71-mahadev@apache.org', 'F65', 'F3-String', 'F3-InputStreamReader', 'F71-thawan@apache.org', 'F71-hanm@cloudera.com', 'F115', 'F3-strack.toString().getBytes()', 'F72', 'F110', 'F71-afine@apache.org', 'F22', 'F71-nixon@fb.com', 'F3-CreateMode.PERSISTENT', 'F3-byte[]'}
    F72           ...           F71-tamaas@cloudera.com
1  2072           ...                                 0
2   666           ...                                 1
3   666           ...                                 1

[3 rows x 51 columns]
;.;
        F72           ...             F71-tamaas@cloudera.com
0  0.996535           ...                                 0.0
1  0.022176           ...                                 1.0
2  0.022176           ...                                 1.0

[3 rows x 51 columns]
training_x: (250, 51)
training_y: 250
testset_x: (120, 51)
testset_y: 120
              precision    recall  f1-score   support

           0       0.96      0.26      0.41        99
           1       0.22      0.95      0.35        21

    accuracy                           0.38       120
   macro avg       0.59      0.61      0.38       120
weighted avg       0.83      0.38      0.40       120

accuracy: 0.38333333333333336
0.3508771929824561
@@@ tn: 26, fp: 73, fn: 1, tp: 20
@@@ LIME - Creating explainer
@@@ LIME - Random Sampling of Instances
iter: 0, sample_no: 30, actual label: 0, predicted: 1
iter: 1, sample_no: 34, actual label: 0, predicted: 1
iter: 2, sample_no: 99, actual label: 0, predicted: 0
iter: 3, sample_no: 99, actual label: 0, predicted: 0
iter: 4, sample_no: 76, actual label: 0, predicted: 1
iter: 5, sample_no: 24, actual label: 0, predicted: 1
iter: 6, sample_no: 22, actual label: 0, predicted: 1
iter: 7, sample_no: 8, actual label: 0, predicted: 1
iter: 8, sample_no: 50, actual label: 0, predicted: 1
iter: 9, sample_no: 80, actual label: 1, predicted: 1
iter: 10, sample_no: 47, actual label: 0, predicted: 1
iter: 11, sample_no: 40, actual label: 0, predicted: 1
iter: 12, sample_no: 1, actual label: 0, predicted: 0
iter: 13, sample_no: 42, actual label: 0, predicted: 1
iter: 14, sample_no: 42, actual label: 0, predicted: 1
iter: 15, sample_no: 118, actual label: 1, predicted: 1
iter: 16, sample_no: 110, actual label: 0, predicted: 0
iter: 17, sample_no: 97, actual label: 0, predicted: 1
iter: 18, sample_no: 12, actual label: 1, predicted: 1
iter: 19, sample_no: 18, actual label: 0, predicted: 0
iter: 20, sample_no: 36, actual label: 1, predicted: 0
iter: 21, sample_no: 8, actual label: 0, predicted: 1
iter: 22, sample_no: 93, actual label: 0, predicted: 1
iter: 23, sample_no: 48, actual label: 0, predicted: 1
iter: 24, sample_no: 50, actual label: 0, predicted: 1
number of samples: 120
AUC 0.8682058682058682
pos_get 21
total recall stop_at 1.0
@@@ C - Repeat number: 4
@@@ D - common_header:  {'F117', 'F3-InputStream', 'F3-char[]', 'F71-jordan@jordanzimmerman.com', 'F3-strackC.toString().getBytes()', 'F71-tamaas@cloudera.com', 'F3-SimpleCharStream', 'F71-michim@apache.org', 'F15-NA', 'F101', 'F71-hanm@apache.org', 'F105', 'F120', 'F15-public', 'F3-IDENT_TKN', 'F71-camille@apache.org', 'F71-breed@apache.org', 'F15-private', 'F77', 'F3-long', 'F123', 'F71-rakeshr@apache.org', 'F3-stats.toString().getBytes()', 'F68', 'F116', 'category', 'F41', 'F71-fpj@apache.org', 'F25', 'F3-Reader', 'F3-NA', 'F3-int', 'F126', 'F71-rgs@apache.org', 'F104', 'F71-phunt@apache.org', 'F71-henry@apache.org', 'F71-mahadev@apache.org', 'F65', 'F3-String', 'F3-InputStreamReader', 'F71-thawan@apache.org', 'F71-hanm@cloudera.com', 'F115', 'F3-strack.toString().getBytes()', 'F72', 'F110', 'F71-afine@apache.org', 'F22', 'F71-nixon@fb.com', 'F3-CreateMode.PERSISTENT', 'F3-byte[]'}
    F72           ...           F71-tamaas@cloudera.com
1  2072           ...                                 0
2   666           ...                                 1
3   666           ...                                 1

[3 rows x 51 columns]
;.;
        F72           ...             F71-tamaas@cloudera.com
0  0.996535           ...                                 0.0
1  0.022176           ...                                 1.0
2  0.022176           ...                                 1.0

[3 rows x 51 columns]
training_x: (250, 51)
training_y: 250
testset_x: (120, 51)
testset_y: 120
              precision    recall  f1-score   support

           0       0.96      0.26      0.41        99
           1       0.22      0.95      0.35        21

    accuracy                           0.38       120
   macro avg       0.59      0.61      0.38       120
weighted avg       0.83      0.38      0.40       120

accuracy: 0.38333333333333336
0.3508771929824561
@@@ tn: 26, fp: 73, fn: 1, tp: 20
@@@ LIME - Creating explainer
@@@ LIME - Random Sampling of Instances
iter: 0, sample_no: 69, actual label: 0, predicted: 1
iter: 1, sample_no: 5, actual label: 0, predicted: 0
iter: 2, sample_no: 93, actual label: 0, predicted: 1
iter: 3, sample_no: 78, actual label: 1, predicted: 1
iter: 4, sample_no: 53, actual label: 0, predicted: 1
iter: 5, sample_no: 90, actual label: 1, predicted: 1
iter: 6, sample_no: 16, actual label: 0, predicted: 0
iter: 7, sample_no: 99, actual label: 0, predicted: 0
iter: 8, sample_no: 45, actual label: 0, predicted: 1
iter: 9, sample_no: 55, actual label: 0, predicted: 1
iter: 10, sample_no: 81, actual label: 0, predicted: 1
iter: 11, sample_no: 86, actual label: 0, predicted: 1
iter: 12, sample_no: 75, actual label: 0, predicted: 1
iter: 13, sample_no: 72, actual label: 0, predicted: 1
iter: 14, sample_no: 119, actual label: 0, predicted: 1
iter: 15, sample_no: 8, actual label: 0, predicted: 1
iter: 16, sample_no: 23, actual label: 0, predicted: 1
iter: 17, sample_no: 21, actual label: 0, predicted: 1
iter: 18, sample_no: 33, actual label: 0, predicted: 1
iter: 19, sample_no: 57, actual label: 0, predicted: 1
iter: 20, sample_no: 47, actual label: 0, predicted: 1
iter: 21, sample_no: 18, actual label: 0, predicted: 0
iter: 22, sample_no: 54, actual label: 0, predicted: 1
iter: 23, sample_no: 84, actual label: 0, predicted: 1
iter: 24, sample_no: 30, actual label: 0, predicted: 1
number of samples: 120
AUC 0.8682058682058682
pos_get 21
total recall stop_at 1.0
@@@ C - Repeat number: 5
@@@ D - common_header:  {'F117', 'F3-InputStream', 'F3-char[]', 'F71-jordan@jordanzimmerman.com', 'F3-strackC.toString().getBytes()', 'F71-tamaas@cloudera.com', 'F3-SimpleCharStream', 'F71-michim@apache.org', 'F15-NA', 'F101', 'F71-hanm@apache.org', 'F105', 'F120', 'F15-public', 'F3-IDENT_TKN', 'F71-camille@apache.org', 'F71-breed@apache.org', 'F15-private', 'F77', 'F3-long', 'F123', 'F71-rakeshr@apache.org', 'F3-stats.toString().getBytes()', 'F68', 'F116', 'category', 'F41', 'F71-fpj@apache.org', 'F25', 'F3-Reader', 'F3-NA', 'F3-int', 'F126', 'F71-rgs@apache.org', 'F104', 'F71-phunt@apache.org', 'F71-henry@apache.org', 'F71-mahadev@apache.org', 'F65', 'F3-String', 'F3-InputStreamReader', 'F71-thawan@apache.org', 'F71-hanm@cloudera.com', 'F115', 'F3-strack.toString().getBytes()', 'F72', 'F110', 'F71-afine@apache.org', 'F22', 'F71-nixon@fb.com', 'F3-CreateMode.PERSISTENT', 'F3-byte[]'}
    F72           ...           F71-tamaas@cloudera.com
1  2072           ...                                 0
2   666           ...                                 1
3   666           ...                                 1

[3 rows x 51 columns]
;.;
        F72           ...             F71-tamaas@cloudera.com
0  0.996535           ...                                 0.0
1  0.022176           ...                                 1.0
2  0.022176           ...                                 1.0

[3 rows x 51 columns]
training_x: (250, 51)
training_y: 250
testset_x: (120, 51)
testset_y: 120
              precision    recall  f1-score   support

           0       0.96      0.26      0.41        99
           1       0.22      0.95      0.35        21

    accuracy                           0.38       120
   macro avg       0.59      0.61      0.38       120
weighted avg       0.83      0.38      0.40       120

accuracy: 0.38333333333333336
0.3508771929824561
@@@ tn: 26, fp: 73, fn: 1, tp: 20
@@@ LIME - Creating explainer
@@@ LIME - Random Sampling of Instances
iter: 0, sample_no: 6, actual label: 1, predicted: 1
iter: 1, sample_no: 81, actual label: 0, predicted: 1
iter: 2, sample_no: 106, actual label: 0, predicted: 0
iter: 3, sample_no: 33, actual label: 0, predicted: 1
iter: 4, sample_no: 67, actual label: 0, predicted: 1
iter: 5, sample_no: 102, actual label: 0, predicted: 0
iter: 6, sample_no: 87, actual label: 0, predicted: 1
iter: 7, sample_no: 23, actual label: 0, predicted: 1
iter: 8, sample_no: 31, actual label: 0, predicted: 1
iter: 9, sample_no: 13, actual label: 0, predicted: 1
iter: 10, sample_no: 99, actual label: 0, predicted: 0
iter: 11, sample_no: 62, actual label: 0, predicted: 1
iter: 12, sample_no: 69, actual label: 0, predicted: 1
iter: 13, sample_no: 22, actual label: 0, predicted: 1
iter: 14, sample_no: 26, actual label: 0, predicted: 1
iter: 15, sample_no: 81, actual label: 0, predicted: 1
iter: 16, sample_no: 115, actual label: 1, predicted: 1
iter: 17, sample_no: 15, actual label: 0, predicted: 0
iter: 18, sample_no: 64, actual label: 0, predicted: 1
iter: 19, sample_no: 71, actual label: 0, predicted: 1
iter: 20, sample_no: 16, actual label: 0, predicted: 0
iter: 21, sample_no: 42, actual label: 0, predicted: 1
iter: 22, sample_no: 36, actual label: 1, predicted: 0
iter: 23, sample_no: 89, actual label: 1, predicted: 1
iter: 24, sample_no: 64, actual label: 0, predicted: 1
number of samples: 120
AUC 0.8682058682058682
pos_get 21
total recall stop_at 1.0
@@@ C - Repeat number: 6
@@@ D - common_header:  {'F117', 'F3-InputStream', 'F3-char[]', 'F71-jordan@jordanzimmerman.com', 'F3-strackC.toString().getBytes()', 'F71-tamaas@cloudera.com', 'F3-SimpleCharStream', 'F71-michim@apache.org', 'F15-NA', 'F101', 'F71-hanm@apache.org', 'F105', 'F120', 'F15-public', 'F3-IDENT_TKN', 'F71-camille@apache.org', 'F71-breed@apache.org', 'F15-private', 'F77', 'F3-long', 'F123', 'F71-rakeshr@apache.org', 'F3-stats.toString().getBytes()', 'F68', 'F116', 'category', 'F41', 'F71-fpj@apache.org', 'F25', 'F3-Reader', 'F3-NA', 'F3-int', 'F126', 'F71-rgs@apache.org', 'F104', 'F71-phunt@apache.org', 'F71-henry@apache.org', 'F71-mahadev@apache.org', 'F65', 'F3-String', 'F3-InputStreamReader', 'F71-thawan@apache.org', 'F71-hanm@cloudera.com', 'F115', 'F3-strack.toString().getBytes()', 'F72', 'F110', 'F71-afine@apache.org', 'F22', 'F71-nixon@fb.com', 'F3-CreateMode.PERSISTENT', 'F3-byte[]'}
    F72           ...           F71-tamaas@cloudera.com
1  2072           ...                                 0
2   666           ...                                 1
3   666           ...                                 1

[3 rows x 51 columns]
;.;
        F72           ...             F71-tamaas@cloudera.com
0  0.996535           ...                                 0.0
1  0.022176           ...                                 1.0
2  0.022176           ...                                 1.0

[3 rows x 51 columns]
training_x: (250, 51)
training_y: 250
testset_x: (120, 51)
testset_y: 120
              precision    recall  f1-score   support

           0       0.96      0.26      0.41        99
           1       0.22      0.95      0.35        21

    accuracy                           0.38       120
   macro avg       0.59      0.61      0.38       120
weighted avg       0.83      0.38      0.40       120

accuracy: 0.38333333333333336
0.3508771929824561
@@@ tn: 26, fp: 73, fn: 1, tp: 20
@@@ LIME - Creating explainer
@@@ LIME - Random Sampling of Instances
iter: 0, sample_no: 51, actual label: 0, predicted: 1
iter: 1, sample_no: 46, actual label: 0, predicted: 1
iter: 2, sample_no: 56, actual label: 0, predicted: 1
iter: 3, sample_no: 24, actual label: 0, predicted: 1
iter: 4, sample_no: 97, actual label: 0, predicted: 1
iter: 5, sample_no: 98, actual label: 0, predicted: 0
iter: 6, sample_no: 81, actual label: 0, predicted: 1
iter: 7, sample_no: 56, actual label: 0, predicted: 1
iter: 8, sample_no: 72, actual label: 0, predicted: 1
iter: 9, sample_no: 25, actual label: 0, predicted: 1
iter: 10, sample_no: 113, actual label: 0, predicted: 0
iter: 11, sample_no: 68, actual label: 0, predicted: 1
iter: 12, sample_no: 90, actual label: 1, predicted: 1
iter: 13, sample_no: 17, actual label: 0, predicted: 0
iter: 14, sample_no: 4, actual label: 0, predicted: 0
iter: 15, sample_no: 39, actual label: 0, predicted: 1
iter: 16, sample_no: 103, actual label: 0, predicted: 0
iter: 17, sample_no: 13, actual label: 0, predicted: 1
iter: 18, sample_no: 1, actual label: 0, predicted: 0
iter: 19, sample_no: 88, actual label: 1, predicted: 1
iter: 20, sample_no: 16, actual label: 0, predicted: 0
iter: 21, sample_no: 100, actual label: 0, predicted: 0
iter: 22, sample_no: 10, actual label: 1, predicted: 1
iter: 23, sample_no: 43, actual label: 0, predicted: 1
iter: 24, sample_no: 34, actual label: 0, predicted: 1
number of samples: 120
AUC 0.8682058682058682
pos_get 21
total recall stop_at 1.0
@@@ C - Repeat number: 7
@@@ D - common_header:  {'F117', 'F3-InputStream', 'F3-char[]', 'F71-jordan@jordanzimmerman.com', 'F3-strackC.toString().getBytes()', 'F71-tamaas@cloudera.com', 'F3-SimpleCharStream', 'F71-michim@apache.org', 'F15-NA', 'F101', 'F71-hanm@apache.org', 'F105', 'F120', 'F15-public', 'F3-IDENT_TKN', 'F71-camille@apache.org', 'F71-breed@apache.org', 'F15-private', 'F77', 'F3-long', 'F123', 'F71-rakeshr@apache.org', 'F3-stats.toString().getBytes()', 'F68', 'F116', 'category', 'F41', 'F71-fpj@apache.org', 'F25', 'F3-Reader', 'F3-NA', 'F3-int', 'F126', 'F71-rgs@apache.org', 'F104', 'F71-phunt@apache.org', 'F71-henry@apache.org', 'F71-mahadev@apache.org', 'F65', 'F3-String', 'F3-InputStreamReader', 'F71-thawan@apache.org', 'F71-hanm@cloudera.com', 'F115', 'F3-strack.toString().getBytes()', 'F72', 'F110', 'F71-afine@apache.org', 'F22', 'F71-nixon@fb.com', 'F3-CreateMode.PERSISTENT', 'F3-byte[]'}
    F72           ...           F71-tamaas@cloudera.com
1  2072           ...                                 0
2   666           ...                                 1
3   666           ...                                 1

[3 rows x 51 columns]
;.;
        F72           ...             F71-tamaas@cloudera.com
0  0.996535           ...                                 0.0
1  0.022176           ...                                 1.0
2  0.022176           ...                                 1.0

[3 rows x 51 columns]
training_x: (250, 51)
training_y: 250
testset_x: (120, 51)
testset_y: 120
              precision    recall  f1-score   support

           0       0.96      0.26      0.41        99
           1       0.22      0.95      0.35        21

    accuracy                           0.38       120
   macro avg       0.59      0.61      0.38       120
weighted avg       0.83      0.38      0.40       120

accuracy: 0.38333333333333336
0.3508771929824561
@@@ tn: 26, fp: 73, fn: 1, tp: 20
@@@ LIME - Creating explainer
@@@ LIME - Random Sampling of Instances
iter: 0, sample_no: 45, actual label: 0, predicted: 1
iter: 1, sample_no: 7, actual label: 0, predicted: 1
iter: 2, sample_no: 107, actual label: 0, predicted: 0
iter: 3, sample_no: 28, actual label: 0, predicted: 1
iter: 4, sample_no: 88, actual label: 1, predicted: 1
iter: 5, sample_no: 21, actual label: 0, predicted: 1
iter: 6, sample_no: 51, actual label: 0, predicted: 1
iter: 7, sample_no: 28, actual label: 0, predicted: 1
iter: 8, sample_no: 4, actual label: 0, predicted: 0
iter: 9, sample_no: 50, actual label: 0, predicted: 1
iter: 10, sample_no: 54, actual label: 0, predicted: 1
iter: 11, sample_no: 5, actual label: 0, predicted: 0
iter: 12, sample_no: 48, actual label: 0, predicted: 1
iter: 13, sample_no: 95, actual label: 1, predicted: 1
iter: 14, sample_no: 16, actual label: 0, predicted: 0
iter: 15, sample_no: 14, actual label: 0, predicted: 0
iter: 16, sample_no: 119, actual label: 0, predicted: 1
iter: 17, sample_no: 110, actual label: 0, predicted: 0
iter: 18, sample_no: 104, actual label: 0, predicted: 0
iter: 19, sample_no: 6, actual label: 1, predicted: 1
iter: 20, sample_no: 18, actual label: 0, predicted: 0
iter: 21, sample_no: 45, actual label: 0, predicted: 1
iter: 22, sample_no: 78, actual label: 1, predicted: 1
iter: 23, sample_no: 18, actual label: 0, predicted: 0
iter: 24, sample_no: 55, actual label: 0, predicted: 1
number of samples: 120
AUC 0.8682058682058682
pos_get 21
total recall stop_at 1.0
@@@ C - Repeat number: 8
@@@ D - common_header:  {'F117', 'F3-InputStream', 'F3-char[]', 'F71-jordan@jordanzimmerman.com', 'F3-strackC.toString().getBytes()', 'F71-tamaas@cloudera.com', 'F3-SimpleCharStream', 'F71-michim@apache.org', 'F15-NA', 'F101', 'F71-hanm@apache.org', 'F105', 'F120', 'F15-public', 'F3-IDENT_TKN', 'F71-camille@apache.org', 'F71-breed@apache.org', 'F15-private', 'F77', 'F3-long', 'F123', 'F71-rakeshr@apache.org', 'F3-stats.toString().getBytes()', 'F68', 'F116', 'category', 'F41', 'F71-fpj@apache.org', 'F25', 'F3-Reader', 'F3-NA', 'F3-int', 'F126', 'F71-rgs@apache.org', 'F104', 'F71-phunt@apache.org', 'F71-henry@apache.org', 'F71-mahadev@apache.org', 'F65', 'F3-String', 'F3-InputStreamReader', 'F71-thawan@apache.org', 'F71-hanm@cloudera.com', 'F115', 'F3-strack.toString().getBytes()', 'F72', 'F110', 'F71-afine@apache.org', 'F22', 'F71-nixon@fb.com', 'F3-CreateMode.PERSISTENT', 'F3-byte[]'}
    F72           ...           F71-tamaas@cloudera.com
1  2072           ...                                 0
2   666           ...                                 1
3   666           ...                                 1

[3 rows x 51 columns]
;.;
        F72           ...             F71-tamaas@cloudera.com
0  0.996535           ...                                 0.0
1  0.022176           ...                                 1.0
2  0.022176           ...                                 1.0

[3 rows x 51 columns]
training_x: (250, 51)
training_y: 250
testset_x: (120, 51)
testset_y: 120
              precision    recall  f1-score   support

           0       0.96      0.26      0.41        99
           1       0.22      0.95      0.35        21

    accuracy                           0.38       120
   macro avg       0.59      0.61      0.38       120
weighted avg       0.83      0.38      0.40       120

accuracy: 0.38333333333333336
0.3508771929824561
@@@ tn: 26, fp: 73, fn: 1, tp: 20
@@@ LIME - Creating explainer
@@@ LIME - Random Sampling of Instances
iter: 0, sample_no: 96, actual label: 0, predicted: 1
iter: 1, sample_no: 39, actual label: 0, predicted: 1
iter: 2, sample_no: 99, actual label: 0, predicted: 0
iter: 3, sample_no: 92, actual label: 1, predicted: 1
iter: 4, sample_no: 77, actual label: 1, predicted: 1
iter: 5, sample_no: 87, actual label: 0, predicted: 1
iter: 6, sample_no: 72, actual label: 0, predicted: 1
iter: 7, sample_no: 105, actual label: 0, predicted: 0
iter: 8, sample_no: 20, actual label: 0, predicted: 1
iter: 9, sample_no: 59, actual label: 0, predicted: 1
iter: 10, sample_no: 9, actual label: 1, predicted: 1
iter: 11, sample_no: 84, actual label: 0, predicted: 1
iter: 12, sample_no: 31, actual label: 0, predicted: 1
iter: 13, sample_no: 44, actual label: 0, predicted: 1
iter: 14, sample_no: 34, actual label: 0, predicted: 1
iter: 15, sample_no: 34, actual label: 0, predicted: 1
iter: 16, sample_no: 56, actual label: 0, predicted: 1
iter: 17, sample_no: 20, actual label: 0, predicted: 1
iter: 18, sample_no: 24, actual label: 0, predicted: 1
iter: 19, sample_no: 116, actual label: 1, predicted: 1
iter: 20, sample_no: 18, actual label: 0, predicted: 0
iter: 21, sample_no: 34, actual label: 0, predicted: 1
iter: 22, sample_no: 77, actual label: 1, predicted: 1
iter: 23, sample_no: 39, actual label: 0, predicted: 1
iter: 24, sample_no: 25, actual label: 0, predicted: 1
number of samples: 120
AUC 0.8682058682058682
pos_get 21
total recall stop_at 1.0
@@@ C - Repeat number: 9
@@@ D - common_header:  {'F117', 'F3-InputStream', 'F3-char[]', 'F71-jordan@jordanzimmerman.com', 'F3-strackC.toString().getBytes()', 'F71-tamaas@cloudera.com', 'F3-SimpleCharStream', 'F71-michim@apache.org', 'F15-NA', 'F101', 'F71-hanm@apache.org', 'F105', 'F120', 'F15-public', 'F3-IDENT_TKN', 'F71-camille@apache.org', 'F71-breed@apache.org', 'F15-private', 'F77', 'F3-long', 'F123', 'F71-rakeshr@apache.org', 'F3-stats.toString().getBytes()', 'F68', 'F116', 'category', 'F41', 'F71-fpj@apache.org', 'F25', 'F3-Reader', 'F3-NA', 'F3-int', 'F126', 'F71-rgs@apache.org', 'F104', 'F71-phunt@apache.org', 'F71-henry@apache.org', 'F71-mahadev@apache.org', 'F65', 'F3-String', 'F3-InputStreamReader', 'F71-thawan@apache.org', 'F71-hanm@cloudera.com', 'F115', 'F3-strack.toString().getBytes()', 'F72', 'F110', 'F71-afine@apache.org', 'F22', 'F71-nixon@fb.com', 'F3-CreateMode.PERSISTENT', 'F3-byte[]'}
    F72           ...           F71-tamaas@cloudera.com
1  2072           ...                                 0
2   666           ...                                 1
3   666           ...                                 1

[3 rows x 51 columns]
;.;
        F72           ...             F71-tamaas@cloudera.com
0  0.996535           ...                                 0.0
1  0.022176           ...                                 1.0
2  0.022176           ...                                 1.0

[3 rows x 51 columns]
training_x: (250, 51)
training_y: 250
testset_x: (120, 51)
testset_y: 120
              precision    recall  f1-score   support

           0       0.96      0.26      0.41        99
           1       0.22      0.95      0.35        21

    accuracy                           0.38       120
   macro avg       0.59      0.61      0.38       120
weighted avg       0.83      0.38      0.40       120

accuracy: 0.38333333333333336
0.3508771929824561
@@@ tn: 26, fp: 73, fn: 1, tp: 20
@@@ LIME - Creating explainer
@@@ LIME - Random Sampling of Instances
iter: 0, sample_no: 57, actual label: 0, predicted: 1
iter: 1, sample_no: 8, actual label: 0, predicted: 1
iter: 2, sample_no: 39, actual label: 0, predicted: 1
iter: 3, sample_no: 98, actual label: 0, predicted: 0
iter: 4, sample_no: 28, actual label: 0, predicted: 1
iter: 5, sample_no: 71, actual label: 0, predicted: 1
iter: 6, sample_no: 110, actual label: 0, predicted: 0
iter: 7, sample_no: 10, actual label: 1, predicted: 1
iter: 8, sample_no: 4, actual label: 0, predicted: 0
iter: 9, sample_no: 26, actual label: 0, predicted: 1
iter: 10, sample_no: 60, actual label: 0, predicted: 1
iter: 11, sample_no: 73, actual label: 0, predicted: 1
iter: 12, sample_no: 37, actual label: 0, predicted: 1
iter: 13, sample_no: 11, actual label: 1, predicted: 1
iter: 14, sample_no: 1, actual label: 0, predicted: 0
iter: 15, sample_no: 34, actual label: 0, predicted: 1
iter: 16, sample_no: 23, actual label: 0, predicted: 1
iter: 17, sample_no: 72, actual label: 0, predicted: 1
iter: 18, sample_no: 20, actual label: 0, predicted: 1
iter: 19, sample_no: 90, actual label: 1, predicted: 1
iter: 20, sample_no: 117, actual label: 0, predicted: 1
iter: 21, sample_no: 64, actual label: 0, predicted: 1
iter: 22, sample_no: 56, actual label: 0, predicted: 1
iter: 23, sample_no: 86, actual label: 0, predicted: 1
iter: 24, sample_no: 39, actual label: 0, predicted: 1
number of samples: 120
AUC 0.8682058682058682
pos_get 21
total recall stop_at 1.0
@@@ C - Repeat number: 10
@@@ D - common_header:  {'F117', 'F3-InputStream', 'F3-char[]', 'F71-jordan@jordanzimmerman.com', 'F3-strackC.toString().getBytes()', 'F71-tamaas@cloudera.com', 'F3-SimpleCharStream', 'F71-michim@apache.org', 'F15-NA', 'F101', 'F71-hanm@apache.org', 'F105', 'F120', 'F15-public', 'F3-IDENT_TKN', 'F71-camille@apache.org', 'F71-breed@apache.org', 'F15-private', 'F77', 'F3-long', 'F123', 'F71-rakeshr@apache.org', 'F3-stats.toString().getBytes()', 'F68', 'F116', 'category', 'F41', 'F71-fpj@apache.org', 'F25', 'F3-Reader', 'F3-NA', 'F3-int', 'F126', 'F71-rgs@apache.org', 'F104', 'F71-phunt@apache.org', 'F71-henry@apache.org', 'F71-mahadev@apache.org', 'F65', 'F3-String', 'F3-InputStreamReader', 'F71-thawan@apache.org', 'F71-hanm@cloudera.com', 'F115', 'F3-strack.toString().getBytes()', 'F72', 'F110', 'F71-afine@apache.org', 'F22', 'F71-nixon@fb.com', 'F3-CreateMode.PERSISTENT', 'F3-byte[]'}
    F72           ...           F71-tamaas@cloudera.com
1  2072           ...                                 0
2   666           ...                                 1
3   666           ...                                 1

[3 rows x 51 columns]
;.;
        F72           ...             F71-tamaas@cloudera.com
0  0.996535           ...                                 0.0
1  0.022176           ...                                 1.0
2  0.022176           ...                                 1.0

[3 rows x 51 columns]
training_x: (250, 51)
training_y: 250
testset_x: (120, 51)
testset_y: 120
              precision    recall  f1-score   support

           0       0.96      0.26      0.41        99
           1       0.22      0.95      0.35        21

    accuracy                           0.38       120
   macro avg       0.59      0.61      0.38       120
weighted avg       0.83      0.38      0.40       120

accuracy: 0.38333333333333336
0.3508771929824561
@@@ tn: 26, fp: 73, fn: 1, tp: 20
@@@ LIME - Creating explainer
@@@ LIME - Random Sampling of Instances
/Users/author1/anaconda3/lib/python3.6/site-packages/tensorflow/python/framework/dtypes.py:463: FutureWarning: Passing (type, 1) or '1type' as a synonym of type is deprecated; in a future version of numpy, it will be understood as (type, (1,)) / '(1,)type'.
  _np_qint8 = np.dtype([("qint8", np.int8, 1)])
/Users/author1/anaconda3/lib/python3.6/site-packages/tensorflow/python/framework/dtypes.py:464: FutureWarning: Passing (type, 1) or '1type' as a synonym of type is deprecated; in a future version of numpy, it will be understood as (type, (1,)) / '(1,)type'.
  _np_quint8 = np.dtype([("quint8", np.uint8, 1)])
/Users/author1/anaconda3/lib/python3.6/site-packages/tensorflow/python/framework/dtypes.py:465: FutureWarning: Passing (type, 1) or '1type' as a synonym of type is deprecated; in a future version of numpy, it will be understood as (type, (1,)) / '(1,)type'.
  _np_qint16 = np.dtype([("qint16", np.int16, 1)])
/Users/author1/anaconda3/lib/python3.6/site-packages/tensorflow/python/framework/dtypes.py:466: FutureWarning: Passing (type, 1) or '1type' as a synonym of type is deprecated; in a future version of numpy, it will be understood as (type, (1,)) / '(1,)type'.
  _np_quint16 = np.dtype([("quint16", np.uint16, 1)])
/Users/author1/anaconda3/lib/python3.6/site-packages/tensorflow/python/framework/dtypes.py:467: FutureWarning: Passing (type, 1) or '1type' as a synonym of type is deprecated; in a future version of numpy, it will be understood as (type, (1,)) / '(1,)type'.
  _np_qint32 = np.dtype([("qint32", np.int32, 1)])
iter: 0, sample_no: 28, actual label: 0, predicted: 1
iter: 1, sample_no: 26, actual label: 0, predicted: 1
iter: 2, sample_no: 116, actual label: 1, predicted: 1
iter: 3, sample_no: 72, actual label: 0, predicted: 1
iter: 4, sample_no: 90, actual label: 1, predicted: 1
iter: 5, sample_no: 46, actual label: 0, predicted: 1
iter: 6, sample_no: 100, actual label: 0, predicted: 0
iter: 7, sample_no: 30, actual label: 0, predicted: 1
iter: 8, sample_no: 51, actual label: 0, predicted: 1
iter: 9, sample_no: 31, actual label: 0, predicted: 1
iter: 10, sample_no: 117, actual label: 0, predicted: 1
iter: 11, sample_no: 70, actual label: 0, predicted: 1
iter: 12, sample_no: 90, actual label: 1, predicted: 1
iter: 13, sample_no: 117, actual label: 0, predicted: 1
iter: 14, sample_no: 68, actual label: 0, predicted: 1
iter: 15, sample_no: 31, actual label: 0, predicted: 1
iter: 16, sample_no: 81, actual label: 0, predicted: 1
iter: 17, sample_no: 76, actual label: 0, predicted: 1
iter: 18, sample_no: 17, actual label: 0, predicted: 0
iter: 19, sample_no: 61, actual label: 0, predicted: 0
iter: 20, sample_no: 4, actual label: 0, predicted: 0
iter: 21, sample_no: 5, actual label: 0, predicted: 0
iter: 22, sample_no: 12, actual label: 1, predicted: 1
iter: 23, sample_no: 0, actual label: 0, predicted: 1
iter: 24, sample_no: 88, actual label: 1, predicted: 1
number of samples: 120
AUC 0.8682058682058682
pos_get 21
total recall stop_at 1.0
----------threshold stop at----------: 1
AUC [0.8682058682058682, 0.8682058682058682, 0.8682058682058682, 0.8682058682058682, 0.8682058682058682, 0.8682058682058682, 0.8682058682058682, 0.8682058682058682, 0.8682058682058682, 0.8682058682058682]
AUC_median 0.8682058682058682
AUC_iqr 0.0
cost [0.925, 0.925, 0.925, 0.925, 0.925, 0.925, 0.925, 0.925, 0.925, 0.925]
COST_med 0.925
COST_iqr 0.0
f1_pos_list [0.3508771929824561, 0.3508771929824561, 0.3508771929824561, 0.3508771929824561, 0.3508771929824561, 0.3508771929824561, 0.3508771929824561, 0.3508771929824561, 0.3508771929824561, 0.3508771929824561]
f1_pos_med 0.3508771929824561
