@@@ A - classifier: SVC(C=1.0, break_ties=False, cache_size=200, class_weight='balanced', coef0=0.0,
    decision_function_shape='ovr', degree=3, gamma='scale', kernel='linear',
    max_iter=-1, probability=True, random_state=None, shrinking=True, tol=0.001,
    verbose=False)
@@@ B - threshold stop at: 1
@@@ C - Repeat number: 1
@@@ D - common_header:  {'F15-private', 'F3-Reader', 'F22', 'F15-NA', 'F15-protected', 'F123', 'F3-Session', 'F71-kfujino@apache.org', 'F25', 'F71-remm@apache.org', 'category', 'F71-kkolinko@apache.org', 'F3-NA', 'F115', 'F77', 'F3-key.getSql()', 'F3-boolean', 'F71-funkman@apache.org', 'F71-schultz@apache.org', 'F3-Integer', 'F65', 'F71-markt@apache.org =  markt = Mark Emlyn David Thomas markt@apache.org@apache.org', 'F3-byte[]', 'F126', 'F71-pero@apache.org', 'F3-long', 'F71-violetagg@apache.org', 'F3-Object', 'F3-MappedHost[]', 'F116', 'F3-String', 'F72', 'F68', 'F71-timw@apache.org', 'F3-PooledConnectionAndInfo', 'F71-rjung@apache.org', 'F117', 'F3-Class<?>[]', 'F105', 'F3-ELContext', 'F104', 'F120', 'F71-fhanik@apache.org', 'F71-fschumacher@apache.org', 'F110', 'F3-InputStream', 'F71-markt@apache.org', 'F71-billbarker@apache.org', 'F15-public', 'F71-jboynes@apache.org', 'F3-String[]', 'F71-jfclere@apache.org', 'F41', 'F3-int', 'F71-costin@apache.org', 'F71-slaurent@apache.org', 'F3-ObjectName', 'F71-jhook@apache.org', 'F101', 'F71-mturk@apache.org', 'F3-Object[]'}
     F72           ...           F71-slaurent@apache.org
1   3354           ...                                 0
2  17995           ...                                 0
3  17995           ...                                 0

[3 rows x 60 columns]
;.;
   F72           ...             F71-slaurent@apache.org
0  0.0           ...                                 0.0
1  1.0           ...                                 0.0
2  1.0           ...                                 0.0

[3 rows x 60 columns]
training_x: (1435, 60)
training_y: 1435
testset_x: (1441, 60)
testset_y: 1441
              precision    recall  f1-score   support

           0       0.99      0.97      0.98      1115
           1       0.89      0.98      0.93       326

    accuracy                           0.97      1441
   macro avg       0.94      0.97      0.96      1441
weighted avg       0.97      0.97      0.97      1441

accuracy: 0.9687716863289383
0.9343065693430658
@@@ tn: 1076, fp: 39, fn: 6, tp: 320
@@@ LIME - Creating explainer
@@@ LIME - Random Sampling of Instances
iter: 0, sample_no: 1344, actual label: 0, predicted: 0
iter: 1, sample_no: 1190, actual label: 1, predicted: 1
iter: 2, sample_no: 398, actual label: 0, predicted: 0
iter: 3, sample_no: 769, actual label: 0, predicted: 0
iter: 4, sample_no: 1290, actual label: 1, predicted: 1
iter: 5, sample_no: 408, actual label: 1, predicted: 1
iter: 6, sample_no: 791, actual label: 1, predicted: 0
iter: 7, sample_no: 1089, actual label: 0, predicted: 0
iter: 8, sample_no: 306, actual label: 0, predicted: 1
iter: 9, sample_no: 730, actual label: 0, predicted: 0
iter: 10, sample_no: 1239, actual label: 0, predicted: 0
iter: 11, sample_no: 780, actual label: 0, predicted: 0
iter: 12, sample_no: 80, actual label: 0, predicted: 0
iter: 13, sample_no: 1396, actual label: 1, predicted: 1
iter: 14, sample_no: 914, actual label: 0, predicted: 0
iter: 15, sample_no: 1031, actual label: 0, predicted: 0
iter: 16, sample_no: 131, actual label: 0, predicted: 0
iter: 17, sample_no: 859, actual label: 0, predicted: 0
iter: 18, sample_no: 607, actual label: 0, predicted: 0
iter: 19, sample_no: 749, actual label: 0, predicted: 0
iter: 20, sample_no: 500, actual label: 0, predicted: 0
iter: 21, sample_no: 318, actual label: 0, predicted: 1
iter: 22, sample_no: 1405, actual label: 1, predicted: 1
iter: 23, sample_no: 801, actual label: 0, predicted: 0
iter: 24, sample_no: 82, actual label: 0, predicted: 0
number of samples: 1441
AUC 0.996954524195989
pos_get 326
total recall stop_at 1.0
@@@ C - Repeat number: 2
@@@ D - common_header:  {'F15-private', 'F3-Reader', 'F22', 'F15-NA', 'F15-protected', 'F123', 'F3-Session', 'F71-kfujino@apache.org', 'F25', 'F71-remm@apache.org', 'category', 'F71-kkolinko@apache.org', 'F3-NA', 'F115', 'F77', 'F3-key.getSql()', 'F3-boolean', 'F71-funkman@apache.org', 'F71-schultz@apache.org', 'F3-Integer', 'F65', 'F71-markt@apache.org =  markt = Mark Emlyn David Thomas markt@apache.org@apache.org', 'F3-byte[]', 'F126', 'F71-pero@apache.org', 'F3-long', 'F71-violetagg@apache.org', 'F3-Object', 'F3-MappedHost[]', 'F116', 'F3-String', 'F72', 'F68', 'F71-timw@apache.org', 'F3-PooledConnectionAndInfo', 'F71-rjung@apache.org', 'F117', 'F3-Class<?>[]', 'F105', 'F3-ELContext', 'F104', 'F120', 'F71-fhanik@apache.org', 'F71-fschumacher@apache.org', 'F110', 'F3-InputStream', 'F71-markt@apache.org', 'F71-billbarker@apache.org', 'F15-public', 'F71-jboynes@apache.org', 'F3-String[]', 'F71-jfclere@apache.org', 'F41', 'F3-int', 'F71-costin@apache.org', 'F71-slaurent@apache.org', 'F3-ObjectName', 'F71-jhook@apache.org', 'F101', 'F71-mturk@apache.org', 'F3-Object[]'}
     F72           ...           F71-slaurent@apache.org
1   3354           ...                                 0
2  17995           ...                                 0
3  17995           ...                                 0

[3 rows x 60 columns]
;.;
   F72           ...             F71-slaurent@apache.org
0  0.0           ...                                 0.0
1  1.0           ...                                 0.0
2  1.0           ...                                 0.0

[3 rows x 60 columns]
training_x: (1435, 60)
training_y: 1435
testset_x: (1441, 60)
testset_y: 1441
              precision    recall  f1-score   support

           0       0.99      0.97      0.98      1115
           1       0.89      0.98      0.93       326

    accuracy                           0.97      1441
   macro avg       0.94      0.97      0.96      1441
weighted avg       0.97      0.97      0.97      1441

accuracy: 0.9687716863289383
0.9343065693430658
@@@ tn: 1076, fp: 39, fn: 6, tp: 320
@@@ LIME - Creating explainer
@@@ LIME - Random Sampling of Instances
iter: 0, sample_no: 753, actual label: 0, predicted: 0
iter: 1, sample_no: 1205, actual label: 0, predicted: 0
iter: 2, sample_no: 417, actual label: 0, predicted: 0
iter: 3, sample_no: 16, actual label: 1, predicted: 1
iter: 4, sample_no: 676, actual label: 0, predicted: 0
iter: 5, sample_no: 506, actual label: 0, predicted: 0
iter: 6, sample_no: 1142, actual label: 0, predicted: 0
iter: 7, sample_no: 337, actual label: 1, predicted: 0
iter: 8, sample_no: 592, actual label: 0, predicted: 0
iter: 9, sample_no: 789, actual label: 1, predicted: 1
iter: 10, sample_no: 1165, actual label: 1, predicted: 1
iter: 11, sample_no: 661, actual label: 1, predicted: 1
iter: 12, sample_no: 228, actual label: 1, predicted: 1
iter: 13, sample_no: 101, actual label: 0, predicted: 0
iter: 14, sample_no: 646, actual label: 0, predicted: 0
iter: 15, sample_no: 1186, actual label: 0, predicted: 0
iter: 16, sample_no: 608, actual label: 0, predicted: 0
iter: 17, sample_no: 276, actual label: 0, predicted: 0
iter: 18, sample_no: 237, actual label: 0, predicted: 0
iter: 19, sample_no: 329, actual label: 0, predicted: 0
iter: 20, sample_no: 971, actual label: 0, predicted: 0
iter: 21, sample_no: 911, actual label: 1, predicted: 1
iter: 22, sample_no: 56, actual label: 1, predicted: 1
iter: 23, sample_no: 900, actual label: 0, predicted: 0
iter: 24, sample_no: 1041, actual label: 1, predicted: 1
number of samples: 1441
AUC 0.9969572753033096
pos_get 326
total recall stop_at 1.0
@@@ C - Repeat number: 3
@@@ D - common_header:  {'F15-private', 'F3-Reader', 'F22', 'F15-NA', 'F15-protected', 'F123', 'F3-Session', 'F71-kfujino@apache.org', 'F25', 'F71-remm@apache.org', 'category', 'F71-kkolinko@apache.org', 'F3-NA', 'F115', 'F77', 'F3-key.getSql()', 'F3-boolean', 'F71-funkman@apache.org', 'F71-schultz@apache.org', 'F3-Integer', 'F65', 'F71-markt@apache.org =  markt = Mark Emlyn David Thomas markt@apache.org@apache.org', 'F3-byte[]', 'F126', 'F71-pero@apache.org', 'F3-long', 'F71-violetagg@apache.org', 'F3-Object', 'F3-MappedHost[]', 'F116', 'F3-String', 'F72', 'F68', 'F71-timw@apache.org', 'F3-PooledConnectionAndInfo', 'F71-rjung@apache.org', 'F117', 'F3-Class<?>[]', 'F105', 'F3-ELContext', 'F104', 'F120', 'F71-fhanik@apache.org', 'F71-fschumacher@apache.org', 'F110', 'F3-InputStream', 'F71-markt@apache.org', 'F71-billbarker@apache.org', 'F15-public', 'F71-jboynes@apache.org', 'F3-String[]', 'F71-jfclere@apache.org', 'F41', 'F3-int', 'F71-costin@apache.org', 'F71-slaurent@apache.org', 'F3-ObjectName', 'F71-jhook@apache.org', 'F101', 'F71-mturk@apache.org', 'F3-Object[]'}
     F72           ...           F71-slaurent@apache.org
1   3354           ...                                 0
2  17995           ...                                 0
3  17995           ...                                 0

[3 rows x 60 columns]
;.;
   F72           ...             F71-slaurent@apache.org
0  0.0           ...                                 0.0
1  1.0           ...                                 0.0
2  1.0           ...                                 0.0

[3 rows x 60 columns]
training_x: (1435, 60)
training_y: 1435
testset_x: (1441, 60)
testset_y: 1441
              precision    recall  f1-score   support

           0       0.99      0.97      0.98      1115
           1       0.89      0.98      0.93       326

    accuracy                           0.97      1441
   macro avg       0.94      0.97      0.96      1441
weighted avg       0.97      0.97      0.97      1441

accuracy: 0.9687716863289383
0.9343065693430658
@@@ tn: 1076, fp: 39, fn: 6, tp: 320
@@@ LIME - Creating explainer
@@@ LIME - Random Sampling of Instances
iter: 0, sample_no: 414, actual label: 1, predicted: 1
iter: 1, sample_no: 820, actual label: 0, predicted: 0
iter: 2, sample_no: 947, actual label: 1, predicted: 1
iter: 3, sample_no: 1346, actual label: 0, predicted: 0
iter: 4, sample_no: 712, actual label: 0, predicted: 0
iter: 5, sample_no: 939, actual label: 0, predicted: 0
iter: 6, sample_no: 23, actual label: 0, predicted: 0
iter: 7, sample_no: 795, actual label: 0, predicted: 0
iter: 8, sample_no: 734, actual label: 0, predicted: 0
iter: 9, sample_no: 1091, actual label: 0, predicted: 0
iter: 10, sample_no: 554, actual label: 1, predicted: 1
iter: 11, sample_no: 1409, actual label: 1, predicted: 1
iter: 12, sample_no: 653, actual label: 0, predicted: 0
iter: 13, sample_no: 1297, actual label: 0, predicted: 0
iter: 14, sample_no: 210, actual label: 0, predicted: 0
iter: 15, sample_no: 1107, actual label: 1, predicted: 1
iter: 16, sample_no: 607, actual label: 0, predicted: 0
iter: 17, sample_no: 500, actual label: 0, predicted: 0
iter: 18, sample_no: 655, actual label: 0, predicted: 1
iter: 19, sample_no: 89, actual label: 0, predicted: 0
iter: 20, sample_no: 204, actual label: 0, predicted: 0
iter: 21, sample_no: 715, actual label: 0, predicted: 0
iter: 22, sample_no: 208, actual label: 0, predicted: 0
iter: 23, sample_no: 809, actual label: 1, predicted: 1
iter: 24, sample_no: 804, actual label: 0, predicted: 0
number of samples: 1441
AUC 0.9969572753033096
pos_get 326
total recall stop_at 1.0
@@@ C - Repeat number: 4
@@@ D - common_header:  {'F15-private', 'F3-Reader', 'F22', 'F15-NA', 'F15-protected', 'F123', 'F3-Session', 'F71-kfujino@apache.org', 'F25', 'F71-remm@apache.org', 'category', 'F71-kkolinko@apache.org', 'F3-NA', 'F115', 'F77', 'F3-key.getSql()', 'F3-boolean', 'F71-funkman@apache.org', 'F71-schultz@apache.org', 'F3-Integer', 'F65', 'F71-markt@apache.org =  markt = Mark Emlyn David Thomas markt@apache.org@apache.org', 'F3-byte[]', 'F126', 'F71-pero@apache.org', 'F3-long', 'F71-violetagg@apache.org', 'F3-Object', 'F3-MappedHost[]', 'F116', 'F3-String', 'F72', 'F68', 'F71-timw@apache.org', 'F3-PooledConnectionAndInfo', 'F71-rjung@apache.org', 'F117', 'F3-Class<?>[]', 'F105', 'F3-ELContext', 'F104', 'F120', 'F71-fhanik@apache.org', 'F71-fschumacher@apache.org', 'F110', 'F3-InputStream', 'F71-markt@apache.org', 'F71-billbarker@apache.org', 'F15-public', 'F71-jboynes@apache.org', 'F3-String[]', 'F71-jfclere@apache.org', 'F41', 'F3-int', 'F71-costin@apache.org', 'F71-slaurent@apache.org', 'F3-ObjectName', 'F71-jhook@apache.org', 'F101', 'F71-mturk@apache.org', 'F3-Object[]'}
     F72           ...           F71-slaurent@apache.org
1   3354           ...                                 0
2  17995           ...                                 0
3  17995           ...                                 0

[3 rows x 60 columns]
;.;
   F72           ...             F71-slaurent@apache.org
0  0.0           ...                                 0.0
1  1.0           ...                                 0.0
2  1.0           ...                                 0.0

[3 rows x 60 columns]
training_x: (1435, 60)
training_y: 1435
testset_x: (1441, 60)
testset_y: 1441
              precision    recall  f1-score   support

           0       0.99      0.97      0.98      1115
           1       0.89      0.98      0.93       326

    accuracy                           0.97      1441
   macro avg       0.94      0.97      0.96      1441
weighted avg       0.97      0.97      0.97      1441

accuracy: 0.9687716863289383
0.9343065693430658
@@@ tn: 1076, fp: 39, fn: 6, tp: 320
@@@ LIME - Creating explainer
@@@ LIME - Random Sampling of Instances
iter: 0, sample_no: 837, actual label: 0, predicted: 0
iter: 1, sample_no: 432, actual label: 0, predicted: 0
iter: 2, sample_no: 249, actual label: 1, predicted: 1
iter: 3, sample_no: 1433, actual label: 0, predicted: 0
iter: 4, sample_no: 1296, actual label: 0, predicted: 0
iter: 5, sample_no: 31, actual label: 0, predicted: 0
iter: 6, sample_no: 977, actual label: 0, predicted: 0
iter: 7, sample_no: 190, actual label: 0, predicted: 0
iter: 8, sample_no: 336, actual label: 0, predicted: 0
iter: 9, sample_no: 330, actual label: 1, predicted: 1
iter: 10, sample_no: 709, actual label: 0, predicted: 0
iter: 11, sample_no: 1398, actual label: 0, predicted: 0
iter: 12, sample_no: 878, actual label: 0, predicted: 0
iter: 13, sample_no: 405, actual label: 0, predicted: 0
iter: 14, sample_no: 441, actual label: 0, predicted: 0
iter: 15, sample_no: 1018, actual label: 1, predicted: 1
iter: 16, sample_no: 1167, actual label: 1, predicted: 1
iter: 17, sample_no: 1304, actual label: 0, predicted: 0
iter: 18, sample_no: 234, actual label: 0, predicted: 0
iter: 19, sample_no: 1193, actual label: 0, predicted: 0
iter: 20, sample_no: 462, actual label: 0, predicted: 0
iter: 21, sample_no: 1034, actual label: 1, predicted: 1
iter: 22, sample_no: 1378, actual label: 0, predicted: 0
iter: 23, sample_no: 1205, actual label: 0, predicted: 0
iter: 24, sample_no: 1349, actual label: 1, predicted: 1
number of samples: 1441
AUC 0.996954524195989
pos_get 326
total recall stop_at 1.0
@@@ C - Repeat number: 5
@@@ D - common_header:  {'F15-private', 'F3-Reader', 'F22', 'F15-NA', 'F15-protected', 'F123', 'F3-Session', 'F71-kfujino@apache.org', 'F25', 'F71-remm@apache.org', 'category', 'F71-kkolinko@apache.org', 'F3-NA', 'F115', 'F77', 'F3-key.getSql()', 'F3-boolean', 'F71-funkman@apache.org', 'F71-schultz@apache.org', 'F3-Integer', 'F65', 'F71-markt@apache.org =  markt = Mark Emlyn David Thomas markt@apache.org@apache.org', 'F3-byte[]', 'F126', 'F71-pero@apache.org', 'F3-long', 'F71-violetagg@apache.org', 'F3-Object', 'F3-MappedHost[]', 'F116', 'F3-String', 'F72', 'F68', 'F71-timw@apache.org', 'F3-PooledConnectionAndInfo', 'F71-rjung@apache.org', 'F117', 'F3-Class<?>[]', 'F105', 'F3-ELContext', 'F104', 'F120', 'F71-fhanik@apache.org', 'F71-fschumacher@apache.org', 'F110', 'F3-InputStream', 'F71-markt@apache.org', 'F71-billbarker@apache.org', 'F15-public', 'F71-jboynes@apache.org', 'F3-String[]', 'F71-jfclere@apache.org', 'F41', 'F3-int', 'F71-costin@apache.org', 'F71-slaurent@apache.org', 'F3-ObjectName', 'F71-jhook@apache.org', 'F101', 'F71-mturk@apache.org', 'F3-Object[]'}
     F72           ...           F71-slaurent@apache.org
1   3354           ...                                 0
2  17995           ...                                 0
3  17995           ...                                 0

[3 rows x 60 columns]
;.;
   F72           ...             F71-slaurent@apache.org
0  0.0           ...                                 0.0
1  1.0           ...                                 0.0
2  1.0           ...                                 0.0

[3 rows x 60 columns]
training_x: (1435, 60)
training_y: 1435
testset_x: (1441, 60)
testset_y: 1441
              precision    recall  f1-score   support

           0       0.99      0.97      0.98      1115
           1       0.89      0.98      0.93       326

    accuracy                           0.97      1441
   macro avg       0.94      0.97      0.96      1441
weighted avg       0.97      0.97      0.97      1441

accuracy: 0.9687716863289383
0.9343065693430658
@@@ tn: 1076, fp: 39, fn: 6, tp: 320
@@@ LIME - Creating explainer
@@@ LIME - Random Sampling of Instances
iter: 0, sample_no: 327, actual label: 0, predicted: 0
iter: 1, sample_no: 171, actual label: 0, predicted: 0
iter: 2, sample_no: 1358, actual label: 0, predicted: 0
iter: 3, sample_no: 900, actual label: 0, predicted: 0
iter: 4, sample_no: 1078, actual label: 0, predicted: 0
iter: 5, sample_no: 787, actual label: 1, predicted: 1
iter: 6, sample_no: 1299, actual label: 0, predicted: 0
iter: 7, sample_no: 111, actual label: 0, predicted: 0
iter: 8, sample_no: 439, actual label: 0, predicted: 0
iter: 9, sample_no: 148, actual label: 0, predicted: 0
iter: 10, sample_no: 175, actual label: 0, predicted: 0
iter: 11, sample_no: 415, actual label: 1, predicted: 1
iter: 12, sample_no: 1402, actual label: 1, predicted: 1
iter: 13, sample_no: 661, actual label: 1, predicted: 1
iter: 14, sample_no: 348, actual label: 0, predicted: 0
iter: 15, sample_no: 1076, actual label: 0, predicted: 0
iter: 16, sample_no: 572, actual label: 0, predicted: 0
iter: 17, sample_no: 8, actual label: 0, predicted: 0
iter: 18, sample_no: 252, actual label: 0, predicted: 0
iter: 19, sample_no: 205, actual label: 0, predicted: 0
iter: 20, sample_no: 167, actual label: 0, predicted: 0
iter: 21, sample_no: 158, actual label: 0, predicted: 0
iter: 22, sample_no: 1075, actual label: 0, predicted: 0
iter: 23, sample_no: 1116, actual label: 1, predicted: 1
iter: 24, sample_no: 1168, actual label: 1, predicted: 1
number of samples: 1441
AUC 0.996954524195989
pos_get 326
total recall stop_at 1.0
@@@ C - Repeat number: 6
@@@ D - common_header:  {'F15-private', 'F3-Reader', 'F22', 'F15-NA', 'F15-protected', 'F123', 'F3-Session', 'F71-kfujino@apache.org', 'F25', 'F71-remm@apache.org', 'category', 'F71-kkolinko@apache.org', 'F3-NA', 'F115', 'F77', 'F3-key.getSql()', 'F3-boolean', 'F71-funkman@apache.org', 'F71-schultz@apache.org', 'F3-Integer', 'F65', 'F71-markt@apache.org =  markt = Mark Emlyn David Thomas markt@apache.org@apache.org', 'F3-byte[]', 'F126', 'F71-pero@apache.org', 'F3-long', 'F71-violetagg@apache.org', 'F3-Object', 'F3-MappedHost[]', 'F116', 'F3-String', 'F72', 'F68', 'F71-timw@apache.org', 'F3-PooledConnectionAndInfo', 'F71-rjung@apache.org', 'F117', 'F3-Class<?>[]', 'F105', 'F3-ELContext', 'F104', 'F120', 'F71-fhanik@apache.org', 'F71-fschumacher@apache.org', 'F110', 'F3-InputStream', 'F71-markt@apache.org', 'F71-billbarker@apache.org', 'F15-public', 'F71-jboynes@apache.org', 'F3-String[]', 'F71-jfclere@apache.org', 'F41', 'F3-int', 'F71-costin@apache.org', 'F71-slaurent@apache.org', 'F3-ObjectName', 'F71-jhook@apache.org', 'F101', 'F71-mturk@apache.org', 'F3-Object[]'}
     F72           ...           F71-slaurent@apache.org
1   3354           ...                                 0
2  17995           ...                                 0
3  17995           ...                                 0

[3 rows x 60 columns]
;.;
   F72           ...             F71-slaurent@apache.org
0  0.0           ...                                 0.0
1  1.0           ...                                 0.0
2  1.0           ...                                 0.0

[3 rows x 60 columns]
training_x: (1435, 60)
training_y: 1435
testset_x: (1441, 60)
testset_y: 1441
              precision    recall  f1-score   support

           0       0.99      0.97      0.98      1115
           1       0.89      0.98      0.93       326

    accuracy                           0.97      1441
   macro avg       0.94      0.97      0.96      1441
weighted avg       0.97      0.97      0.97      1441

accuracy: 0.9687716863289383
0.9343065693430658
@@@ tn: 1076, fp: 39, fn: 6, tp: 320
@@@ LIME - Creating explainer
@@@ LIME - Random Sampling of Instances
iter: 0, sample_no: 563, actual label: 0, predicted: 0
iter: 1, sample_no: 970, actual label: 1, predicted: 1
iter: 2, sample_no: 198, actual label: 0, predicted: 0
iter: 3, sample_no: 376, actual label: 0, predicted: 0
iter: 4, sample_no: 591, actual label: 0, predicted: 0
iter: 5, sample_no: 451, actual label: 0, predicted: 0
iter: 6, sample_no: 1378, actual label: 0, predicted: 0
iter: 7, sample_no: 613, actual label: 0, predicted: 0
iter: 8, sample_no: 692, actual label: 0, predicted: 0
iter: 9, sample_no: 900, actual label: 0, predicted: 0
iter: 10, sample_no: 610, actual label: 0, predicted: 0
iter: 11, sample_no: 1275, actual label: 0, predicted: 0
iter: 12, sample_no: 216, actual label: 0, predicted: 0
iter: 13, sample_no: 150, actual label: 0, predicted: 0
iter: 14, sample_no: 186, actual label: 1, predicted: 1
iter: 15, sample_no: 586, actual label: 0, predicted: 0
iter: 16, sample_no: 88, actual label: 0, predicted: 0
iter: 17, sample_no: 1171, actual label: 1, predicted: 1
iter: 18, sample_no: 1092, actual label: 0, predicted: 0
iter: 19, sample_no: 1334, actual label: 0, predicted: 0
iter: 20, sample_no: 448, actual label: 0, predicted: 0
iter: 21, sample_no: 99, actual label: 0, predicted: 0
iter: 22, sample_no: 933, actual label: 0, predicted: 0
iter: 23, sample_no: 1314, actual label: 0, predicted: 0
iter: 24, sample_no: 520, actual label: 0, predicted: 0
number of samples: 1441
AUC 0.996954524195989
pos_get 326
total recall stop_at 1.0
@@@ C - Repeat number: 7
@@@ D - common_header:  {'F15-private', 'F3-Reader', 'F22', 'F15-NA', 'F15-protected', 'F123', 'F3-Session', 'F71-kfujino@apache.org', 'F25', 'F71-remm@apache.org', 'category', 'F71-kkolinko@apache.org', 'F3-NA', 'F115', 'F77', 'F3-key.getSql()', 'F3-boolean', 'F71-funkman@apache.org', 'F71-schultz@apache.org', 'F3-Integer', 'F65', 'F71-markt@apache.org =  markt = Mark Emlyn David Thomas markt@apache.org@apache.org', 'F3-byte[]', 'F126', 'F71-pero@apache.org', 'F3-long', 'F71-violetagg@apache.org', 'F3-Object', 'F3-MappedHost[]', 'F116', 'F3-String', 'F72', 'F68', 'F71-timw@apache.org', 'F3-PooledConnectionAndInfo', 'F71-rjung@apache.org', 'F117', 'F3-Class<?>[]', 'F105', 'F3-ELContext', 'F104', 'F120', 'F71-fhanik@apache.org', 'F71-fschumacher@apache.org', 'F110', 'F3-InputStream', 'F71-markt@apache.org', 'F71-billbarker@apache.org', 'F15-public', 'F71-jboynes@apache.org', 'F3-String[]', 'F71-jfclere@apache.org', 'F41', 'F3-int', 'F71-costin@apache.org', 'F71-slaurent@apache.org', 'F3-ObjectName', 'F71-jhook@apache.org', 'F101', 'F71-mturk@apache.org', 'F3-Object[]'}
     F72           ...           F71-slaurent@apache.org
1   3354           ...                                 0
2  17995           ...                                 0
3  17995           ...                                 0

[3 rows x 60 columns]
;.;
   F72           ...             F71-slaurent@apache.org
0  0.0           ...                                 0.0
1  1.0           ...                                 0.0
2  1.0           ...                                 0.0

[3 rows x 60 columns]
training_x: (1435, 60)
training_y: 1435
testset_x: (1441, 60)
testset_y: 1441
              precision    recall  f1-score   support

           0       0.99      0.97      0.98      1115
           1       0.89      0.98      0.93       326

    accuracy                           0.97      1441
   macro avg       0.94      0.97      0.96      1441
weighted avg       0.97      0.97      0.97      1441

accuracy: 0.9687716863289383
0.9343065693430658
@@@ tn: 1076, fp: 39, fn: 6, tp: 320
@@@ LIME - Creating explainer
@@@ LIME - Random Sampling of Instances
iter: 0, sample_no: 424, actual label: 0, predicted: 0
iter: 1, sample_no: 689, actual label: 0, predicted: 0
iter: 2, sample_no: 815, actual label: 1, predicted: 1
iter: 3, sample_no: 430, actual label: 0, predicted: 0
iter: 4, sample_no: 167, actual label: 0, predicted: 0
iter: 5, sample_no: 752, actual label: 0, predicted: 0
iter: 6, sample_no: 1070, actual label: 1, predicted: 1
iter: 7, sample_no: 1270, actual label: 0, predicted: 0
iter: 8, sample_no: 492, actual label: 0, predicted: 0
iter: 9, sample_no: 23, actual label: 0, predicted: 0
iter: 10, sample_no: 1370, actual label: 1, predicted: 1
iter: 11, sample_no: 251, actual label: 0, predicted: 0
iter: 12, sample_no: 53, actual label: 0, predicted: 0
iter: 13, sample_no: 462, actual label: 0, predicted: 0
iter: 14, sample_no: 228, actual label: 1, predicted: 1
iter: 15, sample_no: 1229, actual label: 0, predicted: 0
iter: 16, sample_no: 27, actual label: 0, predicted: 0
iter: 17, sample_no: 728, actual label: 0, predicted: 0
iter: 18, sample_no: 920, actual label: 1, predicted: 1
iter: 19, sample_no: 1111, actual label: 0, predicted: 0
iter: 20, sample_no: 824, actual label: 0, predicted: 0
iter: 21, sample_no: 317, actual label: 0, predicted: 1
iter: 22, sample_no: 1346, actual label: 0, predicted: 0
iter: 23, sample_no: 1416, actual label: 0, predicted: 0
iter: 24, sample_no: 1302, actual label: 0, predicted: 0
number of samples: 1441
AUC 0.996954524195989
pos_get 326
total recall stop_at 1.0
@@@ C - Repeat number: 8
@@@ D - common_header:  {'F15-private', 'F3-Reader', 'F22', 'F15-NA', 'F15-protected', 'F123', 'F3-Session', 'F71-kfujino@apache.org', 'F25', 'F71-remm@apache.org', 'category', 'F71-kkolinko@apache.org', 'F3-NA', 'F115', 'F77', 'F3-key.getSql()', 'F3-boolean', 'F71-funkman@apache.org', 'F71-schultz@apache.org', 'F3-Integer', 'F65', 'F71-markt@apache.org =  markt = Mark Emlyn David Thomas markt@apache.org@apache.org', 'F3-byte[]', 'F126', 'F71-pero@apache.org', 'F3-long', 'F71-violetagg@apache.org', 'F3-Object', 'F3-MappedHost[]', 'F116', 'F3-String', 'F72', 'F68', 'F71-timw@apache.org', 'F3-PooledConnectionAndInfo', 'F71-rjung@apache.org', 'F117', 'F3-Class<?>[]', 'F105', 'F3-ELContext', 'F104', 'F120', 'F71-fhanik@apache.org', 'F71-fschumacher@apache.org', 'F110', 'F3-InputStream', 'F71-markt@apache.org', 'F71-billbarker@apache.org', 'F15-public', 'F71-jboynes@apache.org', 'F3-String[]', 'F71-jfclere@apache.org', 'F41', 'F3-int', 'F71-costin@apache.org', 'F71-slaurent@apache.org', 'F3-ObjectName', 'F71-jhook@apache.org', 'F101', 'F71-mturk@apache.org', 'F3-Object[]'}
     F72           ...           F71-slaurent@apache.org
1   3354           ...                                 0
2  17995           ...                                 0
3  17995           ...                                 0

[3 rows x 60 columns]
;.;
   F72           ...             F71-slaurent@apache.org
0  0.0           ...                                 0.0
1  1.0           ...                                 0.0
2  1.0           ...                                 0.0

[3 rows x 60 columns]
training_x: (1435, 60)
training_y: 1435
testset_x: (1441, 60)
testset_y: 1441
              precision    recall  f1-score   support

           0       0.99      0.97      0.98      1115
           1       0.89      0.98      0.93       326

    accuracy                           0.97      1441
   macro avg       0.94      0.97      0.96      1441
weighted avg       0.97      0.97      0.97      1441

accuracy: 0.9687716863289383
0.9343065693430658
@@@ tn: 1076, fp: 39, fn: 6, tp: 320
@@@ LIME - Creating explainer
@@@ LIME - Random Sampling of Instances
iter: 0, sample_no: 109, actual label: 1, predicted: 1
iter: 1, sample_no: 590, actual label: 0, predicted: 0
iter: 2, sample_no: 1151, actual label: 0, predicted: 0
iter: 3, sample_no: 1234, actual label: 0, predicted: 0
iter: 4, sample_no: 396, actual label: 0, predicted: 0
iter: 5, sample_no: 100, actual label: 0, predicted: 0
iter: 6, sample_no: 1292, actual label: 0, predicted: 0
iter: 7, sample_no: 1023, actual label: 0, predicted: 0
iter: 8, sample_no: 1083, actual label: 0, predicted: 0
iter: 9, sample_no: 1345, actual label: 0, predicted: 0
iter: 10, sample_no: 190, actual label: 0, predicted: 0
iter: 11, sample_no: 589, actual label: 0, predicted: 0
iter: 12, sample_no: 300, actual label: 0, predicted: 0
iter: 13, sample_no: 202, actual label: 0, predicted: 0
iter: 14, sample_no: 381, actual label: 0, predicted: 0
iter: 15, sample_no: 1079, actual label: 0, predicted: 0
iter: 16, sample_no: 1428, actual label: 0, predicted: 0
iter: 17, sample_no: 689, actual label: 0, predicted: 0
iter: 18, sample_no: 114, actual label: 0, predicted: 0
iter: 19, sample_no: 528, actual label: 0, predicted: 0
iter: 20, sample_no: 1057, actual label: 1, predicted: 1
iter: 21, sample_no: 1082, actual label: 0, predicted: 0
iter: 22, sample_no: 1292, actual label: 0, predicted: 0
iter: 23, sample_no: 860, actual label: 1, predicted: 1
iter: 24, sample_no: 1099, actual label: 0, predicted: 0
number of samples: 1441
AUC 0.9969600264106304
pos_get 326
total recall stop_at 1.0
@@@ C - Repeat number: 9
@@@ D - common_header:  {'F15-private', 'F3-Reader', 'F22', 'F15-NA', 'F15-protected', 'F123', 'F3-Session', 'F71-kfujino@apache.org', 'F25', 'F71-remm@apache.org', 'category', 'F71-kkolinko@apache.org', 'F3-NA', 'F115', 'F77', 'F3-key.getSql()', 'F3-boolean', 'F71-funkman@apache.org', 'F71-schultz@apache.org', 'F3-Integer', 'F65', 'F71-markt@apache.org =  markt = Mark Emlyn David Thomas markt@apache.org@apache.org', 'F3-byte[]', 'F126', 'F71-pero@apache.org', 'F3-long', 'F71-violetagg@apache.org', 'F3-Object', 'F3-MappedHost[]', 'F116', 'F3-String', 'F72', 'F68', 'F71-timw@apache.org', 'F3-PooledConnectionAndInfo', 'F71-rjung@apache.org', 'F117', 'F3-Class<?>[]', 'F105', 'F3-ELContext', 'F104', 'F120', 'F71-fhanik@apache.org', 'F71-fschumacher@apache.org', 'F110', 'F3-InputStream', 'F71-markt@apache.org', 'F71-billbarker@apache.org', 'F15-public', 'F71-jboynes@apache.org', 'F3-String[]', 'F71-jfclere@apache.org', 'F41', 'F3-int', 'F71-costin@apache.org', 'F71-slaurent@apache.org', 'F3-ObjectName', 'F71-jhook@apache.org', 'F101', 'F71-mturk@apache.org', 'F3-Object[]'}
     F72           ...           F71-slaurent@apache.org
1   3354           ...                                 0
2  17995           ...                                 0
3  17995           ...                                 0

[3 rows x 60 columns]
;.;
   F72           ...             F71-slaurent@apache.org
0  0.0           ...                                 0.0
1  1.0           ...                                 0.0
2  1.0           ...                                 0.0

[3 rows x 60 columns]
training_x: (1435, 60)
training_y: 1435
testset_x: (1441, 60)
testset_y: 1441
              precision    recall  f1-score   support

           0       0.99      0.97      0.98      1115
           1       0.89      0.98      0.93       326

    accuracy                           0.97      1441
   macro avg       0.94      0.97      0.96      1441
weighted avg       0.97      0.97      0.97      1441

accuracy: 0.9687716863289383
0.9343065693430658
@@@ tn: 1076, fp: 39, fn: 6, tp: 320
@@@ LIME - Creating explainer
@@@ LIME - Random Sampling of Instances
iter: 0, sample_no: 57, actual label: 1, predicted: 1
iter: 1, sample_no: 577, actual label: 0, predicted: 0
iter: 2, sample_no: 316, actual label: 0, predicted: 0
iter: 3, sample_no: 847, actual label: 0, predicted: 0
iter: 4, sample_no: 1121, actual label: 0, predicted: 0
iter: 5, sample_no: 378, actual label: 0, predicted: 0
iter: 6, sample_no: 478, actual label: 1, predicted: 1
iter: 7, sample_no: 667, actual label: 1, predicted: 1
iter: 8, sample_no: 1039, actual label: 0, predicted: 1
iter: 9, sample_no: 391, actual label: 0, predicted: 0
iter: 10, sample_no: 1047, actual label: 0, predicted: 0
iter: 11, sample_no: 612, actual label: 0, predicted: 0
iter: 12, sample_no: 1, actual label: 0, predicted: 0
iter: 13, sample_no: 639, actual label: 0, predicted: 0
iter: 14, sample_no: 1331, actual label: 0, predicted: 0
iter: 15, sample_no: 831, actual label: 0, predicted: 0
iter: 16, sample_no: 969, actual label: 1, predicted: 1
iter: 17, sample_no: 512, actual label: 1, predicted: 1
iter: 18, sample_no: 739, actual label: 0, predicted: 0
iter: 19, sample_no: 308, actual label: 0, predicted: 0
iter: 20, sample_no: 279, actual label: 1, predicted: 1
iter: 21, sample_no: 714, actual label: 0, predicted: 0
iter: 22, sample_no: 1285, actual label: 0, predicted: 0
iter: 23, sample_no: 834, actual label: 0, predicted: 0
iter: 24, sample_no: 257, actual label: 0, predicted: 0
number of samples: 1441
AUC 0.996954524195989
pos_get 326
total recall stop_at 1.0
@@@ C - Repeat number: 10
@@@ D - common_header:  {'F15-private', 'F3-Reader', 'F22', 'F15-NA', 'F15-protected', 'F123', 'F3-Session', 'F71-kfujino@apache.org', 'F25', 'F71-remm@apache.org', 'category', 'F71-kkolinko@apache.org', 'F3-NA', 'F115', 'F77', 'F3-key.getSql()', 'F3-boolean', 'F71-funkman@apache.org', 'F71-schultz@apache.org', 'F3-Integer', 'F65', 'F71-markt@apache.org =  markt = Mark Emlyn David Thomas markt@apache.org@apache.org', 'F3-byte[]', 'F126', 'F71-pero@apache.org', 'F3-long', 'F71-violetagg@apache.org', 'F3-Object', 'F3-MappedHost[]', 'F116', 'F3-String', 'F72', 'F68', 'F71-timw@apache.org', 'F3-PooledConnectionAndInfo', 'F71-rjung@apache.org', 'F117', 'F3-Class<?>[]', 'F105', 'F3-ELContext', 'F104', 'F120', 'F71-fhanik@apache.org', 'F71-fschumacher@apache.org', 'F110', 'F3-InputStream', 'F71-markt@apache.org', 'F71-billbarker@apache.org', 'F15-public', 'F71-jboynes@apache.org', 'F3-String[]', 'F71-jfclere@apache.org', 'F41', 'F3-int', 'F71-costin@apache.org', 'F71-slaurent@apache.org', 'F3-ObjectName', 'F71-jhook@apache.org', 'F101', 'F71-mturk@apache.org', 'F3-Object[]'}
     F72           ...           F71-slaurent@apache.org
1   3354           ...                                 0
2  17995           ...                                 0
3  17995           ...                                 0

[3 rows x 60 columns]
;.;
   F72           ...             F71-slaurent@apache.org
0  0.0           ...                                 0.0
1  1.0           ...                                 0.0
2  1.0           ...                                 0.0

[3 rows x 60 columns]
training_x: (1435, 60)
training_y: 1435
testset_x: (1441, 60)
testset_y: 1441
              precision    recall  f1-score   support

           0       0.99      0.97      0.98      1115
           1       0.89      0.98      0.93       326

    accuracy                           0.97      1441
   macro avg       0.94      0.97      0.96      1441
weighted avg       0.97      0.97      0.97      1441

accuracy: 0.9687716863289383
0.9343065693430658
@@@ tn: 1076, fp: 39, fn: 6, tp: 320
@@@ LIME - Creating explainer
@@@ LIME - Random Sampling of Instances
/Users/author1/anaconda3/lib/python3.6/site-packages/tensorflow/python/framework/dtypes.py:463: FutureWarning: Passing (type, 1) or '1type' as a synonym of type is deprecated; in a future version of numpy, it will be understood as (type, (1,)) / '(1,)type'.
  _np_qint8 = np.dtype([("qint8", np.int8, 1)])
/Users/author1/anaconda3/lib/python3.6/site-packages/tensorflow/python/framework/dtypes.py:464: FutureWarning: Passing (type, 1) or '1type' as a synonym of type is deprecated; in a future version of numpy, it will be understood as (type, (1,)) / '(1,)type'.
  _np_quint8 = np.dtype([("quint8", np.uint8, 1)])
/Users/author1/anaconda3/lib/python3.6/site-packages/tensorflow/python/framework/dtypes.py:465: FutureWarning: Passing (type, 1) or '1type' as a synonym of type is deprecated; in a future version of numpy, it will be understood as (type, (1,)) / '(1,)type'.
  _np_qint16 = np.dtype([("qint16", np.int16, 1)])
/Users/author1/anaconda3/lib/python3.6/site-packages/tensorflow/python/framework/dtypes.py:466: FutureWarning: Passing (type, 1) or '1type' as a synonym of type is deprecated; in a future version of numpy, it will be understood as (type, (1,)) / '(1,)type'.
  _np_quint16 = np.dtype([("quint16", np.uint16, 1)])
/Users/author1/anaconda3/lib/python3.6/site-packages/tensorflow/python/framework/dtypes.py:467: FutureWarning: Passing (type, 1) or '1type' as a synonym of type is deprecated; in a future version of numpy, it will be understood as (type, (1,)) / '(1,)type'.
  _np_qint32 = np.dtype([("qint32", np.int32, 1)])
iter: 0, sample_no: 779, actual label: 0, predicted: 0
iter: 1, sample_no: 1425, actual label: 1, predicted: 1
iter: 2, sample_no: 934, actual label: 0, predicted: 0
iter: 3, sample_no: 87, actual label: 0, predicted: 0
iter: 4, sample_no: 1011, actual label: 0, predicted: 0
iter: 5, sample_no: 231, actual label: 0, predicted: 0
iter: 6, sample_no: 289, actual label: 1, predicted: 1
iter: 7, sample_no: 937, actual label: 0, predicted: 0
iter: 8, sample_no: 1360, actual label: 1, predicted: 1
iter: 9, sample_no: 132, actual label: 0, predicted: 0
iter: 10, sample_no: 786, actual label: 1, predicted: 1
iter: 11, sample_no: 26, actual label: 0, predicted: 0
iter: 12, sample_no: 206, actual label: 0, predicted: 0
iter: 13, sample_no: 926, actual label: 0, predicted: 1
iter: 14, sample_no: 956, actual label: 0, predicted: 0
iter: 15, sample_no: 1106, actual label: 0, predicted: 0
iter: 16, sample_no: 780, actual label: 0, predicted: 0
iter: 17, sample_no: 696, actual label: 1, predicted: 1
iter: 18, sample_no: 873, actual label: 0, predicted: 0
iter: 19, sample_no: 731, actual label: 0, predicted: 0
iter: 20, sample_no: 1343, actual label: 1, predicted: 1
iter: 21, sample_no: 802, actual label: 0, predicted: 0
iter: 22, sample_no: 705, actual label: 0, predicted: 0
iter: 23, sample_no: 1005, actual label: 0, predicted: 0
iter: 24, sample_no: 589, actual label: 0, predicted: 0
number of samples: 1441
AUC 0.996954524195989
pos_get 326
total recall stop_at 1.0
----------threshold stop at----------: 1
AUC [0.996954524195989, 0.9969572753033096, 0.9969572753033096, 0.996954524195989, 0.996954524195989, 0.996954524195989, 0.996954524195989, 0.9969600264106304, 0.996954524195989, 0.996954524195989]
AUC_median 0.996954524195989
AUC_iqr 2.0633304904649208e-06
cost [0.3060374739764053, 0.29909784871616935, 0.29909784871616935, 0.3060374739764053, 0.3060374739764053, 0.3060374739764053, 0.3060374739764053, 0.29909784871616935, 0.3060374739764053, 0.3060374739764053]
COST_med 0.3060374739764053
COST_iqr 0.005204718945176934
f1_pos_list [0.9343065693430658, 0.9343065693430658, 0.9343065693430658, 0.9343065693430658, 0.9343065693430658, 0.9343065693430658, 0.9343065693430658, 0.9343065693430658, 0.9343065693430658, 0.9343065693430658]
f1_pos_med 0.9343065693430658
