@@@ A - classifier: SVC(C=1.0, break_ties=False, cache_size=200, class_weight='balanced', coef0=0.0,
    decision_function_shape='ovr', degree=3, gamma='scale', kernel='linear',
    max_iter=-1, probability=True, random_state=None, shrinking=True, tol=0.001,
    verbose=False)
@@@ B - threshold stop at: 1
@@@ C - Repeat number: 1
will not use leaked features
@@@ D - common_header:  {'F3-PrintStream', 'F3-TransactionController', 'F71-oysteing@apache.org', 'F71-dyre@apache.org', 'F123', 'F65', 'F3-long', 'F15-protected', 'F3-boolean', 'F71-bpendleton@apache.org', 'F71-bandaram@apache.org', 'F71-suresht@apache.org', 'F71-lilywei@apache.org', 'F101', 'F3-SQLException', 'F3-int[]', 'F77', 'F71-myrnavl@apache.org', 'F71-kahatlen@apache.org', 'F71-bernt@apache.org', 'F3-PrintWriter', 'F3-null', 'F104', 'F72', 'F3-QualifiedIdentifier', 'F126', 'F3-InputStream', 'F71-dag@apache.org', 'F15-public', 'F71-mamta@apache.org', 'F71-kmarsden@apache.org', 'F71-mikem@apache.org', 'F3-int', 'F71-bakksjo@apache.org', 'F25', 'F3-byte[]', 'F71-djd@apache.org', 'F71-davidvc@apache.org', 'F3-char', 'F15-private', 'F3-Long', 'F105', 'F71-kristwaa@apache.org', 'F71-fuzzylogic@apache.org', 'F3-Connection', 'F15-NA', 'F68', 'F3-String', 'F3-Integer', 'F71-rhillegas@apache.org', 'F71-coar@apache.org', 'F3-NA', 'F22', 'category', 'F41', 'F3-ResultSet'}
    F72   F25         ...         F71-bpendleton@apache.org F71-coar@apache.org
1  3644  2104         ...                                 0                   0
2  3346  1938         ...                                 0                   0
3  3346  1938         ...                                 0                   0

[3 rows x 55 columns]
;.;
        F72         ...           F71-coar@apache.org
0  0.416807         ...                           0.0
1  0.378101         ...                           0.0
2  0.378101         ...                           0.0

[3 rows x 55 columns]
training_x: (2479, 55)
training_y: 2479
testset_x: (2507, 55)
testset_y: 2507
              precision    recall  f1-score   support

           0       0.99      0.88      0.93      2386
           1       0.25      0.82      0.39       121

    accuracy                           0.88      2507
   macro avg       0.62      0.85      0.66      2507
weighted avg       0.95      0.88      0.90      2507

accuracy: 0.8755484642999601
0.38823529411764707
@@@ tn: 2096, fp: 290, fn: 22, tp: 99
@@@ LIME - Creating explainer
@@@ LIME - Random Sampling of Instances
iter: 0, sample_no: 2303, actual label: 0, predicted: 0
iter: 1, sample_no: 1336, actual label: 0, predicted: 1
iter: 2, sample_no: 1907, actual label: 0, predicted: 0
iter: 3, sample_no: 647, actual label: 0, predicted: 1
iter: 4, sample_no: 271, actual label: 0, predicted: 0
iter: 5, sample_no: 580, actual label: 0, predicted: 0
iter: 6, sample_no: 2150, actual label: 1, predicted: 1
iter: 7, sample_no: 2163, actual label: 0, predicted: 0
iter: 8, sample_no: 1219, actual label: 0, predicted: 0
iter: 9, sample_no: 609, actual label: 0, predicted: 0
iter: 10, sample_no: 1151, actual label: 0, predicted: 0
iter: 11, sample_no: 362, actual label: 0, predicted: 0
iter: 12, sample_no: 2108, actual label: 0, predicted: 0
iter: 13, sample_no: 1056, actual label: 0, predicted: 0
iter: 14, sample_no: 409, actual label: 0, predicted: 0
iter: 15, sample_no: 77, actual label: 0, predicted: 0
iter: 16, sample_no: 894, actual label: 0, predicted: 0
iter: 17, sample_no: 926, actual label: 0, predicted: 1
iter: 18, sample_no: 476, actual label: 0, predicted: 0
iter: 19, sample_no: 1701, actual label: 0, predicted: 1
iter: 20, sample_no: 1235, actual label: 0, predicted: 0
iter: 21, sample_no: 1046, actual label: 0, predicted: 0
iter: 22, sample_no: 834, actual label: 0, predicted: 0
iter: 23, sample_no: 237, actual label: 0, predicted: 0
iter: 24, sample_no: 2484, actual label: 0, predicted: 0
number of samples: 2507
AUC 0.9317160017457206
pos_get 121
total recall stop_at 1.0
@@@ C - Repeat number: 2
will not use leaked features
@@@ D - common_header:  {'F3-PrintStream', 'F3-TransactionController', 'F71-oysteing@apache.org', 'F71-dyre@apache.org', 'F123', 'F65', 'F3-long', 'F15-protected', 'F3-boolean', 'F71-bpendleton@apache.org', 'F71-bandaram@apache.org', 'F71-suresht@apache.org', 'F71-lilywei@apache.org', 'F101', 'F3-SQLException', 'F3-int[]', 'F77', 'F71-myrnavl@apache.org', 'F71-kahatlen@apache.org', 'F71-bernt@apache.org', 'F3-PrintWriter', 'F3-null', 'F104', 'F72', 'F3-QualifiedIdentifier', 'F126', 'F3-InputStream', 'F71-dag@apache.org', 'F15-public', 'F71-mamta@apache.org', 'F71-kmarsden@apache.org', 'F71-mikem@apache.org', 'F3-int', 'F71-bakksjo@apache.org', 'F25', 'F3-byte[]', 'F71-djd@apache.org', 'F71-davidvc@apache.org', 'F3-char', 'F15-private', 'F3-Long', 'F105', 'F71-kristwaa@apache.org', 'F71-fuzzylogic@apache.org', 'F3-Connection', 'F15-NA', 'F68', 'F3-String', 'F3-Integer', 'F71-rhillegas@apache.org', 'F71-coar@apache.org', 'F3-NA', 'F22', 'category', 'F41', 'F3-ResultSet'}
    F72   F25         ...         F71-bpendleton@apache.org F71-coar@apache.org
1  3644  2104         ...                                 0                   0
2  3346  1938         ...                                 0                   0
3  3346  1938         ...                                 0                   0

[3 rows x 55 columns]
;.;
        F72         ...           F71-coar@apache.org
0  0.416807         ...                           0.0
1  0.378101         ...                           0.0
2  0.378101         ...                           0.0

[3 rows x 55 columns]
training_x: (2479, 55)
training_y: 2479
testset_x: (2507, 55)
testset_y: 2507
              precision    recall  f1-score   support

           0       0.99      0.88      0.93      2386
           1       0.25      0.82      0.39       121

    accuracy                           0.88      2507
   macro avg       0.62      0.85      0.66      2507
weighted avg       0.95      0.88      0.90      2507

accuracy: 0.8755484642999601
0.38823529411764707
@@@ tn: 2096, fp: 290, fn: 22, tp: 99
@@@ LIME - Creating explainer
@@@ LIME - Random Sampling of Instances
iter: 0, sample_no: 1197, actual label: 0, predicted: 0
iter: 1, sample_no: 1040, actual label: 0, predicted: 0
iter: 2, sample_no: 801, actual label: 1, predicted: 1
iter: 3, sample_no: 1804, actual label: 0, predicted: 0
iter: 4, sample_no: 231, actual label: 0, predicted: 0
iter: 5, sample_no: 2202, actual label: 0, predicted: 1
iter: 6, sample_no: 1085, actual label: 0, predicted: 0
iter: 7, sample_no: 2340, actual label: 0, predicted: 0
iter: 8, sample_no: 1937, actual label: 0, predicted: 0
iter: 9, sample_no: 1110, actual label: 0, predicted: 0
iter: 10, sample_no: 1663, actual label: 0, predicted: 0
iter: 11, sample_no: 2014, actual label: 0, predicted: 0
iter: 12, sample_no: 1296, actual label: 0, predicted: 0
iter: 13, sample_no: 257, actual label: 0, predicted: 0
iter: 14, sample_no: 843, actual label: 0, predicted: 1
iter: 15, sample_no: 1195, actual label: 0, predicted: 0
iter: 16, sample_no: 1845, actual label: 0, predicted: 0
iter: 17, sample_no: 2126, actual label: 0, predicted: 0
iter: 18, sample_no: 1392, actual label: 0, predicted: 0
iter: 19, sample_no: 2439, actual label: 0, predicted: 0
iter: 20, sample_no: 210, actual label: 0, predicted: 0
iter: 21, sample_no: 43, actual label: 0, predicted: 0
iter: 22, sample_no: 806, actual label: 0, predicted: 0
iter: 23, sample_no: 1569, actual label: 0, predicted: 0
iter: 24, sample_no: 1735, actual label: 0, predicted: 0
number of samples: 2507
AUC 0.9316952193581014
pos_get 121
total recall stop_at 1.0
@@@ C - Repeat number: 3
will not use leaked features
@@@ D - common_header:  {'F3-PrintStream', 'F3-TransactionController', 'F71-oysteing@apache.org', 'F71-dyre@apache.org', 'F123', 'F65', 'F3-long', 'F15-protected', 'F3-boolean', 'F71-bpendleton@apache.org', 'F71-bandaram@apache.org', 'F71-suresht@apache.org', 'F71-lilywei@apache.org', 'F101', 'F3-SQLException', 'F3-int[]', 'F77', 'F71-myrnavl@apache.org', 'F71-kahatlen@apache.org', 'F71-bernt@apache.org', 'F3-PrintWriter', 'F3-null', 'F104', 'F72', 'F3-QualifiedIdentifier', 'F126', 'F3-InputStream', 'F71-dag@apache.org', 'F15-public', 'F71-mamta@apache.org', 'F71-kmarsden@apache.org', 'F71-mikem@apache.org', 'F3-int', 'F71-bakksjo@apache.org', 'F25', 'F3-byte[]', 'F71-djd@apache.org', 'F71-davidvc@apache.org', 'F3-char', 'F15-private', 'F3-Long', 'F105', 'F71-kristwaa@apache.org', 'F71-fuzzylogic@apache.org', 'F3-Connection', 'F15-NA', 'F68', 'F3-String', 'F3-Integer', 'F71-rhillegas@apache.org', 'F71-coar@apache.org', 'F3-NA', 'F22', 'category', 'F41', 'F3-ResultSet'}
    F72   F25         ...         F71-bpendleton@apache.org F71-coar@apache.org
1  3644  2104         ...                                 0                   0
2  3346  1938         ...                                 0                   0
3  3346  1938         ...                                 0                   0

[3 rows x 55 columns]
;.;
        F72         ...           F71-coar@apache.org
0  0.416807         ...                           0.0
1  0.378101         ...                           0.0
2  0.378101         ...                           0.0

[3 rows x 55 columns]
training_x: (2479, 55)
training_y: 2479
testset_x: (2507, 55)
testset_y: 2507
              precision    recall  f1-score   support

           0       0.99      0.88      0.93      2386
           1       0.25      0.82      0.39       121

    accuracy                           0.88      2507
   macro avg       0.62      0.85      0.66      2507
weighted avg       0.95      0.88      0.90      2507

accuracy: 0.8755484642999601
0.38823529411764707
@@@ tn: 2096, fp: 290, fn: 22, tp: 99
@@@ LIME - Creating explainer
@@@ LIME - Random Sampling of Instances
iter: 0, sample_no: 2462, actual label: 0, predicted: 0
iter: 1, sample_no: 1133, actual label: 0, predicted: 0
iter: 2, sample_no: 210, actual label: 0, predicted: 0
iter: 3, sample_no: 1714, actual label: 0, predicted: 0
iter: 4, sample_no: 2417, actual label: 0, predicted: 0
iter: 5, sample_no: 1951, actual label: 0, predicted: 0
iter: 6, sample_no: 1506, actual label: 0, predicted: 0
iter: 7, sample_no: 242, actual label: 0, predicted: 0
iter: 8, sample_no: 1523, actual label: 0, predicted: 0
iter: 9, sample_no: 1865, actual label: 0, predicted: 0
iter: 10, sample_no: 322, actual label: 0, predicted: 0
iter: 11, sample_no: 897, actual label: 0, predicted: 0
iter: 12, sample_no: 139, actual label: 0, predicted: 0
iter: 13, sample_no: 2431, actual label: 0, predicted: 0
iter: 14, sample_no: 691, actual label: 0, predicted: 0
iter: 15, sample_no: 184, actual label: 0, predicted: 0
iter: 16, sample_no: 1345, actual label: 0, predicted: 0
iter: 17, sample_no: 2465, actual label: 0, predicted: 0
iter: 18, sample_no: 2009, actual label: 0, predicted: 0
iter: 19, sample_no: 1813, actual label: 0, predicted: 0
iter: 20, sample_no: 2285, actual label: 1, predicted: 1
iter: 21, sample_no: 2380, actual label: 0, predicted: 0
iter: 22, sample_no: 1950, actual label: 0, predicted: 0
iter: 23, sample_no: 2182, actual label: 0, predicted: 0
iter: 24, sample_no: 1695, actual label: 0, predicted: 0
number of samples: 2507
AUC 0.9317402478646096
pos_get 121
total recall stop_at 1.0
@@@ C - Repeat number: 4
will not use leaked features
@@@ D - common_header:  {'F3-PrintStream', 'F3-TransactionController', 'F71-oysteing@apache.org', 'F71-dyre@apache.org', 'F123', 'F65', 'F3-long', 'F15-protected', 'F3-boolean', 'F71-bpendleton@apache.org', 'F71-bandaram@apache.org', 'F71-suresht@apache.org', 'F71-lilywei@apache.org', 'F101', 'F3-SQLException', 'F3-int[]', 'F77', 'F71-myrnavl@apache.org', 'F71-kahatlen@apache.org', 'F71-bernt@apache.org', 'F3-PrintWriter', 'F3-null', 'F104', 'F72', 'F3-QualifiedIdentifier', 'F126', 'F3-InputStream', 'F71-dag@apache.org', 'F15-public', 'F71-mamta@apache.org', 'F71-kmarsden@apache.org', 'F71-mikem@apache.org', 'F3-int', 'F71-bakksjo@apache.org', 'F25', 'F3-byte[]', 'F71-djd@apache.org', 'F71-davidvc@apache.org', 'F3-char', 'F15-private', 'F3-Long', 'F105', 'F71-kristwaa@apache.org', 'F71-fuzzylogic@apache.org', 'F3-Connection', 'F15-NA', 'F68', 'F3-String', 'F3-Integer', 'F71-rhillegas@apache.org', 'F71-coar@apache.org', 'F3-NA', 'F22', 'category', 'F41', 'F3-ResultSet'}
    F72   F25         ...         F71-bpendleton@apache.org F71-coar@apache.org
1  3644  2104         ...                                 0                   0
2  3346  1938         ...                                 0                   0
3  3346  1938         ...                                 0                   0

[3 rows x 55 columns]
;.;
        F72         ...           F71-coar@apache.org
0  0.416807         ...                           0.0
1  0.378101         ...                           0.0
2  0.378101         ...                           0.0

[3 rows x 55 columns]
training_x: (2479, 55)
training_y: 2479
testset_x: (2507, 55)
testset_y: 2507
              precision    recall  f1-score   support

           0       0.99      0.88      0.93      2386
           1       0.25      0.82      0.39       121

    accuracy                           0.88      2507
   macro avg       0.62      0.85      0.66      2507
weighted avg       0.95      0.88      0.90      2507

accuracy: 0.8755484642999601
0.38823529411764707
@@@ tn: 2096, fp: 290, fn: 22, tp: 99
@@@ LIME - Creating explainer
@@@ LIME - Random Sampling of Instances
iter: 0, sample_no: 1576, actual label: 0, predicted: 0
iter: 1, sample_no: 5, actual label: 0, predicted: 0
iter: 2, sample_no: 2280, actual label: 0, predicted: 1
iter: 3, sample_no: 695, actual label: 0, predicted: 1
iter: 4, sample_no: 1827, actual label: 0, predicted: 0
iter: 5, sample_no: 1405, actual label: 0, predicted: 0
iter: 6, sample_no: 1455, actual label: 1, predicted: 0
iter: 7, sample_no: 537, actual label: 0, predicted: 0
iter: 8, sample_no: 895, actual label: 0, predicted: 0
iter: 9, sample_no: 416, actual label: 1, predicted: 1
iter: 10, sample_no: 548, actual label: 0, predicted: 0
iter: 11, sample_no: 1918, actual label: 0, predicted: 0
iter: 12, sample_no: 805, actual label: 0, predicted: 0
iter: 13, sample_no: 1217, actual label: 0, predicted: 0
iter: 14, sample_no: 519, actual label: 1, predicted: 1
iter: 15, sample_no: 2368, actual label: 0, predicted: 0
iter: 16, sample_no: 1290, actual label: 0, predicted: 0
iter: 17, sample_no: 1948, actual label: 0, predicted: 0
iter: 18, sample_no: 692, actual label: 0, predicted: 1
iter: 19, sample_no: 2145, actual label: 0, predicted: 0
iter: 20, sample_no: 882, actual label: 0, predicted: 0
iter: 21, sample_no: 614, actual label: 0, predicted: 0
iter: 22, sample_no: 1845, actual label: 0, predicted: 0
iter: 23, sample_no: 1325, actual label: 0, predicted: 0
iter: 24, sample_no: 948, actual label: 0, predicted: 0
number of samples: 2507
AUC 0.9316363359265134
pos_get 121
total recall stop_at 1.0
@@@ C - Repeat number: 5
/Users/author1/anaconda3/lib/python3.6/site-packages/tensorflow/python/framework/dtypes.py:463: FutureWarning: Passing (type, 1) or '1type' as a synonym of type is deprecated; in a future version of numpy, it will be understood as (type, (1,)) / '(1,)type'.
  _np_qint8 = np.dtype([("qint8", np.int8, 1)])
/Users/author1/anaconda3/lib/python3.6/site-packages/tensorflow/python/framework/dtypes.py:464: FutureWarning: Passing (type, 1) or '1type' as a synonym of type is deprecated; in a future version of numpy, it will be understood as (type, (1,)) / '(1,)type'.
  _np_quint8 = np.dtype([("quint8", np.uint8, 1)])
/Users/author1/anaconda3/lib/python3.6/site-packages/tensorflow/python/framework/dtypes.py:465: FutureWarning: Passing (type, 1) or '1type' as a synonym of type is deprecated; in a future version of numpy, it will be understood as (type, (1,)) / '(1,)type'.
  _np_qint16 = np.dtype([("qint16", np.int16, 1)])
/Users/author1/anaconda3/lib/python3.6/site-packages/tensorflow/python/framework/dtypes.py:466: FutureWarning: Passing (type, 1) or '1type' as a synonym of type is deprecated; in a future version of numpy, it will be understood as (type, (1,)) / '(1,)type'.
  _np_quint16 = np.dtype([("quint16", np.uint16, 1)])
/Users/author1/anaconda3/lib/python3.6/site-packages/tensorflow/python/framework/dtypes.py:467: FutureWarning: Passing (type, 1) or '1type' as a synonym of type is deprecated; in a future version of numpy, it will be understood as (type, (1,)) / '(1,)type'.
  _np_qint32 = np.dtype([("qint32", np.int32, 1)])
Columns (0,3,4,5,6,7,8,9,10,11,12,13,14,15,16,17,18,19,20,21,22,23,24,25,26,27,28,29,30,31,32,33,34,35,36,37,38,39,40,41,42,43,44,45,46,47,48,49,50,51,52,53,54,55,56,57,58,59,60,61,62,63,64,65,66,67,68,69,70,71,72,73,74,75,76,77,78,79,80,81,82,83,84,85,86,87,88,89,90,91,92,93,94,95,96,97,98,99,100,101,102,103,104,105,106,107,108,109,110,111,112,113,114,115,116,117,118,119,120,121,122,123,124,125,126,127,128,129,130,131,132,133,134,135,136,137,138,139,140,141,142,143,144,145,146,147,148,149,150,151,152,153,154,155,156,157,158,159,160,161,162,163,164,165,166,167,168,169,170,171,172,173,174,175,176,177,178,179,180,181,182,183,184,185,186,187,188,189,190,191,192,193,194,195,196,197,198,199,200,201,202,203,204,205,206,207,208,209,210,211,212,213,214,215,216,217,218,219,220,221,222,223,224,225,226,227,228,229,230,231,232,233,234,235,236,237,238,239,240,241,242,243,244,245,246,247,248,249,250,251,252,253,254,255,256,257,258,259,260,261,262,263,264,265,266,267,268,269,270,271,272,273,274,275,276,278,280,281,282,283,284,285,286,287,288,289,290,291,292,293,294,295,296,297,298,299,300,301,302,303,304,305,306,307,308,309,310,311,312,313,314,315,316,317,318,319,320,321,322,323,324,325,326,327,328,329,330,331,332,333,334,335,336,337,338,339,340,341,342,343,344,345,346,347,348,349) have mixed types. Specify dtype option on import or set low_memory=False.
Columns (0,3,4,5,6,7,8,9,10,11,12,13,14,15,16,17,18,19,20,21,22,23,24,25,26,27,28,29,30,31,32,33,34,35,36,37,38,39,40,41,42,43,44,45,46,47,48,49,50,51,52,53,54,55,56,57,58,59,60,61,62,63,64,65,66,67,68,69,70,71,72,73,74,75,76,77,78,79,80,81,82,83,84,85,86,87,88,89,90,91,92,93,94,95,96,97,98,99,100,101,102,103,104,105,106,107,108,109,110,111,112,113,114,115,116,117,118,119,120,121,122,123,124,125,126,127,128,129,130,131,132,133,134,135,136,137,138,139,140,141,142,143,144,145,146,147,148,149,150,151,152,153,154,155,156,157,158,159,160,161,162,163,164,165,166,167,168,169,170,171,172,173,174,175,176,177,178,179,180,181,182,183,184,185,186,187,188,189,190,191,192,193,194,195,196,197,198,199,200,201,202,203,204,205,206,207,208,209,210,211,212,213,214,215,216,217,218,219,220,221,222,223,224,225,226,227,228,229,230,231,232,233,234,235,236,237,238,239,240,241,242,243,244,245,246,247,248,249,250,251,252,253,254,255,256,257,258,259,260,261,262,263,264,265,266,267,268,269,270,271,272,273,274,275,276,278,280,281,282,283,284,285,286,287,288,289,290,291,292,293,294,295,296,297,298,299,300,301,302,303,304,305,306,307,308,309,310,311,312,313,314,315,316,317,318,319,320,321,322,323,324,325,326,327,328,329,330,331,332,333,334,335,336,337,338,339,340,341,342,343,344,345,346,347,348,349) have mixed types. Specify dtype option on import or set low_memory=False.
Columns (0,3,4,5,6,7,8,9,10,11,12,13,14,15,16,17,18,19,20,21,22,23,24,25,26,27,28,29,30,31,32,33,34,35,36,37,38,39,40,41,42,43,44,45,46,47,48,49,50,51,52,53,54,55,56,57,58,59,60,61,62,63,64,65,66,67,68,69,70,71,72,73,74,75,76,77,78,79,80,81,82,83,84,85,86,87,88,89,90,91,92,93,94,95,96,97,98,99,100,101,102,103,104,105,106,107,108,109,110,111,112,113,114,115,116,117,118,119,120,121,122,123,124,125,126,127,128,129,130,131,132,133,134,135,136,137,138,139,140,141,142,143,144,145,146,147,148,149,150,151,152,153,154,155,156,157,158,159,160,161,162,163,164,165,166,167,168,169,170,171,172,173,174,175,176,177,178,179,180,181,182,183,184,185,186,187,188,189,190,191,192,193,194,195,196,197,198,199,200,201,202,203,204,205,206,207,208,209,210,211,212,213,214,215,216,217,218,219,220,221,222,223,224,225,226,227,228,229,230,231,232,233,234,235,236,237,238,239,240,241,242,243,244,245,246,247,248,249,250,251,252,253,254,255,256,257,258,259,260,261,262,263,264,265,266,267,268,269,270,271,272,273,274,275,276,278,280,281,282,283,284,285,286,287,288,289,290,291,292,293,294,295,296,297,298,299,300,301,302,303,304,305,306,307,308,309,310,311,312,313,314,315,316,317,318,319,320,321,322,323,324,325,326,327,328,329,330,331,332,333,334,335,336,337,338,339,340,341,342,343,344,345,346,347,348,349) have mixed types. Specify dtype option on import or set low_memory=False.
Columns (0,3,4,5,6,7,8,9,10,11,12,13,14,15,16,17,18,19,20,21,22,23,24,25,26,27,28,29,30,31,32,33,34,35,36,37,38,39,40,41,42,43,44,45,46,47,48,49,50,51,52,53,54,55,56,57,58,59,60,61,62,63,64,65,66,67,68,69,70,71,72,73,74,75,76,77,78,79,80,81,82,83,84,85,86,87,88,89,90,91,92,93,94,95,96,97,98,99,100,101,102,103,104,105,106,107,108,109,110,111,112,113,114,115,116,117,118,119,120,121,122,123,124,125,126,127,128,129,130,131,132,133,134,135,136,137,138,139,140,141,142,143,144,145,146,147,148,149,150,151,152,153,154,155,156,157,158,159,160,161,162,163,164,165,166,167,168,169,170,171,172,173,174,175,176,177,178,179,180,181,182,183,184,185,186,187,188,189,190,191,192,193,194,195,196,197,198,199,200,201,202,203,204,205,206,207,208,209,210,211,212,213,214,215,216,217,218,219,220,221,222,223,224,225,226,227,228,229,230,231,232,233,234,235,236,237,238,239,240,241,242,243,244,245,246,247,248,249,250,251,252,253,254,255,256,257,258,259,260,261,262,263,264,265,266,267,268,269,270,271,272,273,274,275,276,278,280,281,282,283,284,285,286,287,288,289,290,291,292,293,294,295,296,297,298,299,300,301,302,303,304,305,306,307,308,309,310,311,312,313,314,315,316,317,318,319,320,321,322,323,324,325,326,327,328,329,330,331,332,333,334,335,336,337,338,339,340,341,342,343,344,345,346,347,348,349) have mixed types. Specify dtype option on import or set low_memory=False.
Columns (0,3,4,5,6,7,8,9,10,11,12,13,14,15,16,17,18,19,20,21,22,23,24,25,26,27,28,29,30,31,32,33,34,35,36,37,38,39,40,41,42,43,44,45,46,47,48,49,50,51,52,53,54,55,56,57,58,59,60,61,62,63,64,65,66,67,68,69,70,71,72,73,74,75,76,77,78,79,80,81,82,83,84,85,86,87,88,89,90,91,92,93,94,95,96,97,98,99,100,101,102,103,104,105,106,107,108,109,110,111,112,113,114,115,116,117,118,119,120,121,122,123,124,125,126,127,128,129,130,131,132,133,134,135,136,137,138,139,140,141,142,143,144,145,146,147,148,149,150,151,152,153,154,155,156,157,158,159,160,161,162,163,164,165,166,167,168,169,170,171,172,173,174,175,176,177,178,179,180,181,182,183,184,185,186,187,188,189,190,191,192,193,194,195,196,197,198,199,200,201,202,203,204,205,206,207,208,209,210,211,212,213,214,215,216,217,218,219,220,221,222,223,224,225,226,227,228,229,230,231,232,233,234,235,236,237,238,239,240,241,242,243,244,245,246,247,248,249,250,251,252,253,254,255,256,257,258,259,260,261,262,263,264,265,266,267,268,269,270,271,272,273,274,275,276,278,280,281,282,283,284,285,286,287,288,289,290,291,292,293,294,295,296,297,298,299,300,301,302,303,304,305,306,307,308,309,310,311,312,313,314,315,316,317,318,319,320,321,322,323,324,325,326,327,328,329,330,331,332,333,334,335,336,337,338,339,340,341,342,343,344,345,346,347,348,349) have mixed types. Specify dtype option on import or set low_memory=False.
will not use leaked features
@@@ D - common_header:  {'F3-PrintStream', 'F3-TransactionController', 'F71-oysteing@apache.org', 'F71-dyre@apache.org', 'F123', 'F65', 'F3-long', 'F15-protected', 'F3-boolean', 'F71-bpendleton@apache.org', 'F71-bandaram@apache.org', 'F71-suresht@apache.org', 'F71-lilywei@apache.org', 'F101', 'F3-SQLException', 'F3-int[]', 'F77', 'F71-myrnavl@apache.org', 'F71-kahatlen@apache.org', 'F71-bernt@apache.org', 'F3-PrintWriter', 'F3-null', 'F104', 'F72', 'F3-QualifiedIdentifier', 'F126', 'F3-InputStream', 'F71-dag@apache.org', 'F15-public', 'F71-mamta@apache.org', 'F71-kmarsden@apache.org', 'F71-mikem@apache.org', 'F3-int', 'F71-bakksjo@apache.org', 'F25', 'F3-byte[]', 'F71-djd@apache.org', 'F71-davidvc@apache.org', 'F3-char', 'F15-private', 'F3-Long', 'F105', 'F71-kristwaa@apache.org', 'F71-fuzzylogic@apache.org', 'F3-Connection', 'F15-NA', 'F68', 'F3-String', 'F3-Integer', 'F71-rhillegas@apache.org', 'F71-coar@apache.org', 'F3-NA', 'F22', 'category', 'F41', 'F3-ResultSet'}
    F72   F25         ...         F71-bpendleton@apache.org F71-coar@apache.org
1  3644  2104         ...                                 0                   0
2  3346  1938         ...                                 0                   0
3  3346  1938         ...                                 0                   0

[3 rows x 55 columns]
;.;
        F72         ...           F71-coar@apache.org
0  0.416807         ...                           0.0
1  0.378101         ...                           0.0
2  0.378101         ...                           0.0

[3 rows x 55 columns]
training_x: (2479, 55)
training_y: 2479
testset_x: (2507, 55)
testset_y: 2507
              precision    recall  f1-score   support

           0       0.99      0.88      0.93      2386
           1       0.25      0.82      0.39       121

    accuracy                           0.88      2507
   macro avg       0.62      0.85      0.66      2507
weighted avg       0.95      0.88      0.90      2507

accuracy: 0.8755484642999601
0.38823529411764707
@@@ tn: 2096, fp: 290, fn: 22, tp: 99
@@@ LIME - Creating explainer
@@@ LIME - Random Sampling of Instances
iter: 0, sample_no: 1926, actual label: 0, predicted: 0
iter: 1, sample_no: 1089, actual label: 0, predicted: 0
iter: 2, sample_no: 2445, actual label: 0, predicted: 1
iter: 3, sample_no: 1851, actual label: 0, predicted: 1
iter: 4, sample_no: 1339, actual label: 0, predicted: 0
iter: 5, sample_no: 1795, actual label: 0, predicted: 0
iter: 6, sample_no: 2191, actual label: 0, predicted: 0
iter: 7, sample_no: 2155, actual label: 0, predicted: 0
iter: 8, sample_no: 2038, actual label: 0, predicted: 0
iter: 9, sample_no: 1490, actual label: 1, predicted: 1
iter: 10, sample_no: 916, actual label: 0, predicted: 1
iter: 11, sample_no: 1433, actual label: 0, predicted: 1
iter: 12, sample_no: 565, actual label: 0, predicted: 0
iter: 13, sample_no: 67, actual label: 0, predicted: 0
iter: 14, sample_no: 1968, actual label: 0, predicted: 0
iter: 15, sample_no: 1243, actual label: 0, predicted: 0
iter: 16, sample_no: 1187, actual label: 0, predicted: 0
iter: 17, sample_no: 2051, actual label: 0, predicted: 0
iter: 18, sample_no: 630, actual label: 0, predicted: 1
iter: 19, sample_no: 134, actual label: 0, predicted: 0
iter: 20, sample_no: 2, actual label: 0, predicted: 0
iter: 21, sample_no: 1248, actual label: 0, predicted: 0
iter: 22, sample_no: 439, actual label: 0, predicted: 0
iter: 23, sample_no: 1226, actual label: 0, predicted: 0
iter: 24, sample_no: 1375, actual label: 0, predicted: 0
number of samples: 2507
AUC 0.9316571183141327
pos_get 121
total recall stop_at 1.0
@@@ C - Repeat number: 6
will not use leaked features
@@@ D - common_header:  {'F3-PrintStream', 'F3-TransactionController', 'F71-oysteing@apache.org', 'F71-dyre@apache.org', 'F123', 'F65', 'F3-long', 'F15-protected', 'F3-boolean', 'F71-bpendleton@apache.org', 'F71-bandaram@apache.org', 'F71-suresht@apache.org', 'F71-lilywei@apache.org', 'F101', 'F3-SQLException', 'F3-int[]', 'F77', 'F71-myrnavl@apache.org', 'F71-kahatlen@apache.org', 'F71-bernt@apache.org', 'F3-PrintWriter', 'F3-null', 'F104', 'F72', 'F3-QualifiedIdentifier', 'F126', 'F3-InputStream', 'F71-dag@apache.org', 'F15-public', 'F71-mamta@apache.org', 'F71-kmarsden@apache.org', 'F71-mikem@apache.org', 'F3-int', 'F71-bakksjo@apache.org', 'F25', 'F3-byte[]', 'F71-djd@apache.org', 'F71-davidvc@apache.org', 'F3-char', 'F15-private', 'F3-Long', 'F105', 'F71-kristwaa@apache.org', 'F71-fuzzylogic@apache.org', 'F3-Connection', 'F15-NA', 'F68', 'F3-String', 'F3-Integer', 'F71-rhillegas@apache.org', 'F71-coar@apache.org', 'F3-NA', 'F22', 'category', 'F41', 'F3-ResultSet'}
    F72   F25         ...         F71-bpendleton@apache.org F71-coar@apache.org
1  3644  2104         ...                                 0                   0
2  3346  1938         ...                                 0                   0
3  3346  1938         ...                                 0                   0

[3 rows x 55 columns]
;.;
        F72         ...           F71-coar@apache.org
0  0.416807         ...                           0.0
1  0.378101         ...                           0.0
2  0.378101         ...                           0.0

[3 rows x 55 columns]
training_x: (2479, 55)
training_y: 2479
testset_x: (2507, 55)
testset_y: 2507
              precision    recall  f1-score   support

           0       0.99      0.88      0.93      2386
           1       0.25      0.82      0.39       121

    accuracy                           0.88      2507
   macro avg       0.62      0.85      0.66      2507
weighted avg       0.95      0.88      0.90      2507

accuracy: 0.8755484642999601
0.38823529411764707
@@@ tn: 2096, fp: 290, fn: 22, tp: 99
@@@ LIME - Creating explainer
@@@ LIME - Random Sampling of Instances
iter: 0, sample_no: 1361, actual label: 0, predicted: 0
iter: 1, sample_no: 1919, actual label: 0, predicted: 0
iter: 2, sample_no: 310, actual label: 0, predicted: 0
iter: 3, sample_no: 608, actual label: 0, predicted: 0
iter: 4, sample_no: 1212, actual label: 0, predicted: 0
iter: 5, sample_no: 1944, actual label: 0, predicted: 0
iter: 6, sample_no: 411, actual label: 1, predicted: 1
iter: 7, sample_no: 1723, actual label: 1, predicted: 1
iter: 8, sample_no: 2173, actual label: 0, predicted: 0
iter: 9, sample_no: 2096, actual label: 0, predicted: 0
iter: 10, sample_no: 1689, actual label: 0, predicted: 0
iter: 11, sample_no: 1262, actual label: 0, predicted: 0
iter: 12, sample_no: 157, actual label: 0, predicted: 0
iter: 13, sample_no: 322, actual label: 0, predicted: 0
iter: 14, sample_no: 1797, actual label: 0, predicted: 0
iter: 15, sample_no: 575, actual label: 0, predicted: 0
iter: 16, sample_no: 88, actual label: 0, predicted: 0
iter: 17, sample_no: 2288, actual label: 0, predicted: 0
iter: 18, sample_no: 1716, actual label: 0, predicted: 0
iter: 19, sample_no: 1240, actual label: 0, predicted: 0
iter: 20, sample_no: 761, actual label: 0, predicted: 0
iter: 21, sample_no: 2168, actual label: 0, predicted: 0
iter: 22, sample_no: 2024, actual label: 0, predicted: 0
iter: 23, sample_no: 366, actual label: 0, predicted: 0
iter: 24, sample_no: 934, actual label: 0, predicted: 0
number of samples: 2507
AUC 0.9316328721952436
pos_get 121
total recall stop_at 1.0
@@@ C - Repeat number: 7
will not use leaked features
@@@ D - common_header:  {'F3-PrintStream', 'F3-TransactionController', 'F71-oysteing@apache.org', 'F71-dyre@apache.org', 'F123', 'F65', 'F3-long', 'F15-protected', 'F3-boolean', 'F71-bpendleton@apache.org', 'F71-bandaram@apache.org', 'F71-suresht@apache.org', 'F71-lilywei@apache.org', 'F101', 'F3-SQLException', 'F3-int[]', 'F77', 'F71-myrnavl@apache.org', 'F71-kahatlen@apache.org', 'F71-bernt@apache.org', 'F3-PrintWriter', 'F3-null', 'F104', 'F72', 'F3-QualifiedIdentifier', 'F126', 'F3-InputStream', 'F71-dag@apache.org', 'F15-public', 'F71-mamta@apache.org', 'F71-kmarsden@apache.org', 'F71-mikem@apache.org', 'F3-int', 'F71-bakksjo@apache.org', 'F25', 'F3-byte[]', 'F71-djd@apache.org', 'F71-davidvc@apache.org', 'F3-char', 'F15-private', 'F3-Long', 'F105', 'F71-kristwaa@apache.org', 'F71-fuzzylogic@apache.org', 'F3-Connection', 'F15-NA', 'F68', 'F3-String', 'F3-Integer', 'F71-rhillegas@apache.org', 'F71-coar@apache.org', 'F3-NA', 'F22', 'category', 'F41', 'F3-ResultSet'}
    F72   F25         ...         F71-bpendleton@apache.org F71-coar@apache.org
1  3644  2104         ...                                 0                   0
2  3346  1938         ...                                 0                   0
3  3346  1938         ...                                 0                   0

[3 rows x 55 columns]
;.;
        F72         ...           F71-coar@apache.org
0  0.416807         ...                           0.0
1  0.378101         ...                           0.0
2  0.378101         ...                           0.0

[3 rows x 55 columns]
training_x: (2479, 55)
training_y: 2479
testset_x: (2507, 55)
testset_y: 2507
              precision    recall  f1-score   support

           0       0.99      0.88      0.93      2386
           1       0.25      0.82      0.39       121

    accuracy                           0.88      2507
   macro avg       0.62      0.85      0.66      2507
weighted avg       0.95      0.88      0.90      2507

accuracy: 0.8755484642999601
0.38823529411764707
@@@ tn: 2096, fp: 290, fn: 22, tp: 99
@@@ LIME - Creating explainer
@@@ LIME - Random Sampling of Instances
iter: 0, sample_no: 1709, actual label: 0, predicted: 0
iter: 1, sample_no: 266, actual label: 0, predicted: 0
iter: 2, sample_no: 2185, actual label: 0, predicted: 0
iter: 3, sample_no: 1096, actual label: 0, predicted: 0
iter: 4, sample_no: 396, actual label: 0, predicted: 0
iter: 5, sample_no: 1235, actual label: 0, predicted: 0
iter: 6, sample_no: 501, actual label: 0, predicted: 0
iter: 7, sample_no: 22, actual label: 0, predicted: 0
iter: 8, sample_no: 1618, actual label: 1, predicted: 1
iter: 9, sample_no: 176, actual label: 0, predicted: 0
iter: 10, sample_no: 336, actual label: 0, predicted: 0
iter: 11, sample_no: 1103, actual label: 0, predicted: 0
iter: 12, sample_no: 823, actual label: 0, predicted: 0
iter: 13, sample_no: 1945, actual label: 0, predicted: 0
iter: 14, sample_no: 2377, actual label: 0, predicted: 0
iter: 15, sample_no: 2317, actual label: 0, predicted: 0
iter: 16, sample_no: 472, actual label: 0, predicted: 0
iter: 17, sample_no: 2165, actual label: 0, predicted: 0
iter: 18, sample_no: 1738, actual label: 0, predicted: 0
iter: 19, sample_no: 119, actual label: 0, predicted: 0
iter: 20, sample_no: 830, actual label: 0, predicted: 0
iter: 21, sample_no: 2425, actual label: 0, predicted: 0
iter: 22, sample_no: 1603, actual label: 0, predicted: 1
iter: 23, sample_no: 749, actual label: 0, predicted: 0
iter: 24, sample_no: 1503, actual label: 0, predicted: 1
number of samples: 2507
AUC 0.9318060587587372
pos_get 121
total recall stop_at 1.0
@@@ C - Repeat number: 8
will not use leaked features
@@@ D - common_header:  {'F3-PrintStream', 'F3-TransactionController', 'F71-oysteing@apache.org', 'F71-dyre@apache.org', 'F123', 'F65', 'F3-long', 'F15-protected', 'F3-boolean', 'F71-bpendleton@apache.org', 'F71-bandaram@apache.org', 'F71-suresht@apache.org', 'F71-lilywei@apache.org', 'F101', 'F3-SQLException', 'F3-int[]', 'F77', 'F71-myrnavl@apache.org', 'F71-kahatlen@apache.org', 'F71-bernt@apache.org', 'F3-PrintWriter', 'F3-null', 'F104', 'F72', 'F3-QualifiedIdentifier', 'F126', 'F3-InputStream', 'F71-dag@apache.org', 'F15-public', 'F71-mamta@apache.org', 'F71-kmarsden@apache.org', 'F71-mikem@apache.org', 'F3-int', 'F71-bakksjo@apache.org', 'F25', 'F3-byte[]', 'F71-djd@apache.org', 'F71-davidvc@apache.org', 'F3-char', 'F15-private', 'F3-Long', 'F105', 'F71-kristwaa@apache.org', 'F71-fuzzylogic@apache.org', 'F3-Connection', 'F15-NA', 'F68', 'F3-String', 'F3-Integer', 'F71-rhillegas@apache.org', 'F71-coar@apache.org', 'F3-NA', 'F22', 'category', 'F41', 'F3-ResultSet'}
    F72   F25         ...         F71-bpendleton@apache.org F71-coar@apache.org
1  3644  2104         ...                                 0                   0
2  3346  1938         ...                                 0                   0
3  3346  1938         ...                                 0                   0

[3 rows x 55 columns]
;.;
        F72         ...           F71-coar@apache.org
0  0.416807         ...                           0.0
1  0.378101         ...                           0.0
2  0.378101         ...                           0.0

[3 rows x 55 columns]
training_x: (2479, 55)
training_y: 2479
testset_x: (2507, 55)
testset_y: 2507
              precision    recall  f1-score   support

           0       0.99      0.88      0.93      2386
           1       0.25      0.82      0.39       121

    accuracy                           0.88      2507
   macro avg       0.62      0.85      0.66      2507
weighted avg       0.95      0.88      0.90      2507

accuracy: 0.8755484642999601
0.38823529411764707
@@@ tn: 2096, fp: 290, fn: 22, tp: 99
@@@ LIME - Creating explainer
@@@ LIME - Random Sampling of Instances
iter: 0, sample_no: 1504, actual label: 0, predicted: 0
iter: 1, sample_no: 1359, actual label: 0, predicted: 0
iter: 2, sample_no: 312, actual label: 0, predicted: 0
iter: 3, sample_no: 587, actual label: 0, predicted: 0
iter: 4, sample_no: 1998, actual label: 0, predicted: 0
iter: 5, sample_no: 350, actual label: 0, predicted: 0
iter: 6, sample_no: 1785, actual label: 0, predicted: 0
iter: 7, sample_no: 2164, actual label: 0, predicted: 0
iter: 8, sample_no: 603, actual label: 0, predicted: 0
iter: 9, sample_no: 1355, actual label: 0, predicted: 0
iter: 10, sample_no: 1940, actual label: 0, predicted: 0
iter: 11, sample_no: 1725, actual label: 0, predicted: 0
iter: 12, sample_no: 2455, actual label: 0, predicted: 0
iter: 13, sample_no: 2295, actual label: 0, predicted: 0
iter: 14, sample_no: 1956, actual label: 0, predicted: 0
iter: 15, sample_no: 56, actual label: 0, predicted: 0
iter: 16, sample_no: 1471, actual label: 0, predicted: 1
iter: 17, sample_no: 45, actual label: 0, predicted: 0
iter: 18, sample_no: 1032, actual label: 0, predicted: 0
iter: 19, sample_no: 1760, actual label: 0, predicted: 0
iter: 20, sample_no: 2251, actual label: 0, predicted: 0
iter: 21, sample_no: 1614, actual label: 0, predicted: 1
iter: 22, sample_no: 1367, actual label: 0, predicted: 0
iter: 23, sample_no: 1332, actual label: 0, predicted: 0
iter: 24, sample_no: 190, actual label: 0, predicted: 0
number of samples: 2507
AUC 0.9316640457766724
pos_get 121
total recall stop_at 1.0
@@@ C - Repeat number: 9
will not use leaked features
@@@ D - common_header:  {'F3-PrintStream', 'F3-TransactionController', 'F71-oysteing@apache.org', 'F71-dyre@apache.org', 'F123', 'F65', 'F3-long', 'F15-protected', 'F3-boolean', 'F71-bpendleton@apache.org', 'F71-bandaram@apache.org', 'F71-suresht@apache.org', 'F71-lilywei@apache.org', 'F101', 'F3-SQLException', 'F3-int[]', 'F77', 'F71-myrnavl@apache.org', 'F71-kahatlen@apache.org', 'F71-bernt@apache.org', 'F3-PrintWriter', 'F3-null', 'F104', 'F72', 'F3-QualifiedIdentifier', 'F126', 'F3-InputStream', 'F71-dag@apache.org', 'F15-public', 'F71-mamta@apache.org', 'F71-kmarsden@apache.org', 'F71-mikem@apache.org', 'F3-int', 'F71-bakksjo@apache.org', 'F25', 'F3-byte[]', 'F71-djd@apache.org', 'F71-davidvc@apache.org', 'F3-char', 'F15-private', 'F3-Long', 'F105', 'F71-kristwaa@apache.org', 'F71-fuzzylogic@apache.org', 'F3-Connection', 'F15-NA', 'F68', 'F3-String', 'F3-Integer', 'F71-rhillegas@apache.org', 'F71-coar@apache.org', 'F3-NA', 'F22', 'category', 'F41', 'F3-ResultSet'}
    F72   F25         ...         F71-bpendleton@apache.org F71-coar@apache.org
1  3644  2104         ...                                 0                   0
2  3346  1938         ...                                 0                   0
3  3346  1938         ...                                 0                   0

[3 rows x 55 columns]
;.;
        F72         ...           F71-coar@apache.org
0  0.416807         ...                           0.0
1  0.378101         ...                           0.0
2  0.378101         ...                           0.0

[3 rows x 55 columns]
training_x: (2479, 55)
training_y: 2479
testset_x: (2507, 55)
testset_y: 2507
              precision    recall  f1-score   support

           0       0.99      0.88      0.93      2386
           1       0.25      0.82      0.39       121

    accuracy                           0.88      2507
   macro avg       0.62      0.85      0.66      2507
weighted avg       0.95      0.88      0.90      2507

accuracy: 0.8755484642999601
0.38823529411764707
@@@ tn: 2096, fp: 290, fn: 22, tp: 99
@@@ LIME - Creating explainer
@@@ LIME - Random Sampling of Instances
iter: 0, sample_no: 2105, actual label: 0, predicted: 0
iter: 1, sample_no: 1610, actual label: 0, predicted: 0
iter: 2, sample_no: 380, actual label: 0, predicted: 0
iter: 3, sample_no: 1738, actual label: 0, predicted: 0
iter: 4, sample_no: 1910, actual label: 0, predicted: 0
iter: 5, sample_no: 1626, actual label: 1, predicted: 1
iter: 6, sample_no: 681, actual label: 0, predicted: 0
iter: 7, sample_no: 76, actual label: 0, predicted: 0
iter: 8, sample_no: 487, actual label: 0, predicted: 0
iter: 9, sample_no: 112, actual label: 0, predicted: 0
iter: 10, sample_no: 7, actual label: 0, predicted: 0
iter: 11, sample_no: 2252, actual label: 0, predicted: 0
iter: 12, sample_no: 76, actual label: 0, predicted: 0
iter: 13, sample_no: 34, actual label: 0, predicted: 0
iter: 14, sample_no: 1781, actual label: 0, predicted: 0
iter: 15, sample_no: 422, actual label: 1, predicted: 1
iter: 16, sample_no: 2043, actual label: 0, predicted: 0
iter: 17, sample_no: 2266, actual label: 0, predicted: 1
iter: 18, sample_no: 2173, actual label: 0, predicted: 0
iter: 19, sample_no: 2083, actual label: 0, predicted: 0
iter: 20, sample_no: 870, actual label: 0, predicted: 1
iter: 21, sample_no: 2290, actual label: 0, predicted: 1
iter: 22, sample_no: 57, actual label: 0, predicted: 0
iter: 23, sample_no: 906, actual label: 0, predicted: 0
iter: 24, sample_no: 122, actual label: 0, predicted: 0
number of samples: 2507
AUC 0.9317471753271495
pos_get 121
total recall stop_at 1.0
@@@ C - Repeat number: 10
will not use leaked features
@@@ D - common_header:  {'F3-PrintStream', 'F3-TransactionController', 'F71-oysteing@apache.org', 'F71-dyre@apache.org', 'F123', 'F65', 'F3-long', 'F15-protected', 'F3-boolean', 'F71-bpendleton@apache.org', 'F71-bandaram@apache.org', 'F71-suresht@apache.org', 'F71-lilywei@apache.org', 'F101', 'F3-SQLException', 'F3-int[]', 'F77', 'F71-myrnavl@apache.org', 'F71-kahatlen@apache.org', 'F71-bernt@apache.org', 'F3-PrintWriter', 'F3-null', 'F104', 'F72', 'F3-QualifiedIdentifier', 'F126', 'F3-InputStream', 'F71-dag@apache.org', 'F15-public', 'F71-mamta@apache.org', 'F71-kmarsden@apache.org', 'F71-mikem@apache.org', 'F3-int', 'F71-bakksjo@apache.org', 'F25', 'F3-byte[]', 'F71-djd@apache.org', 'F71-davidvc@apache.org', 'F3-char', 'F15-private', 'F3-Long', 'F105', 'F71-kristwaa@apache.org', 'F71-fuzzylogic@apache.org', 'F3-Connection', 'F15-NA', 'F68', 'F3-String', 'F3-Integer', 'F71-rhillegas@apache.org', 'F71-coar@apache.org', 'F3-NA', 'F22', 'category', 'F41', 'F3-ResultSet'}
    F72   F25         ...         F71-bpendleton@apache.org F71-coar@apache.org
1  3644  2104         ...                                 0                   0
2  3346  1938         ...                                 0                   0
3  3346  1938         ...                                 0                   0

[3 rows x 55 columns]
;.;
        F72         ...           F71-coar@apache.org
0  0.416807         ...                           0.0
1  0.378101         ...                           0.0
2  0.378101         ...                           0.0

[3 rows x 55 columns]
training_x: (2479, 55)
training_y: 2479
testset_x: (2507, 55)
testset_y: 2507
              precision    recall  f1-score   support

           0       0.99      0.88      0.93      2386
           1       0.25      0.82      0.39       121

    accuracy                           0.88      2507
   macro avg       0.62      0.85      0.66      2507
weighted avg       0.95      0.88      0.90      2507

accuracy: 0.8755484642999601
0.38823529411764707
@@@ tn: 2096, fp: 290, fn: 22, tp: 99
@@@ LIME - Creating explainer
@@@ LIME - Random Sampling of Instances
Columns (0,3,4,5,6,7,8,9,10,11,12,13,14,15,16,17,18,19,20,21,22,23,24,25,26,27,28,29,30,31,32,33,34,35,36,37,38,39,40,41,42,43,44,45,46,47,48,49,50,51,52,53,54,55,56,57,58,59,60,61,62,63,64,65,66,67,68,69,70,71,72,73,74,75,76,77,78,79,80,81,82,83,84,85,86,87,88,89,90,91,92,93,94,95,96,97,98,99,100,101,102,103,104,105,106,107,108,109,110,111,112,113,114,115,116,117,118,119,120,121,122,123,124,125,126,127,128,129,130,131,132,133,134,135,136,137,138,139,140,141,142,143,144,145,146,147,148,149,150,151,152,153,154,155,156,157,158,159,160,161,162,163,164,165,166,167,168,169,170,171,172,173,174,175,176,177,178,179,180,181,182,183,184,185,186,187,188,189,190,191,192,193,194,195,196,197,198,199,200,201,202,203,204,205,206,207,208,209,210,211,212,213,214,215,216,217,218,219,220,221,222,223,224,225,226,227,228,229,230,231,232,233,234,235,236,237,238,239,240,241,242,243,244,245,246,247,248,249,250,251,252,253,254,255,256,257,258,259,260,261,262,263,264,265,266,267,268,269,270,271,272,273,274,275,276,278,280,281,282,283,284,285,286,287,288,289,290,291,292,293,294,295,296,297,298,299,300,301,302,303,304,305,306,307,308,309,310,311,312,313,314,315,316,317,318,319,320,321,322,323,324,325,326,327,328,329,330,331,332,333,334,335,336,337,338,339,340,341,342,343,344,345,346,347,348,349) have mixed types. Specify dtype option on import or set low_memory=False.
Columns (0,3,4,5,6,7,8,9,10,11,12,13,14,15,16,17,18,19,20,21,22,23,24,25,26,27,28,29,30,31,32,33,34,35,36,37,38,39,40,41,42,43,44,45,46,47,48,49,50,51,52,53,54,55,56,57,58,59,60,61,62,63,64,65,66,67,68,69,70,71,72,73,74,75,76,77,78,79,80,81,82,83,84,85,86,87,88,89,90,91,92,93,94,95,96,97,98,99,100,101,102,103,104,105,106,107,108,109,110,111,112,113,114,115,116,117,118,119,120,121,122,123,124,125,126,127,128,129,130,131,132,133,134,135,136,137,138,139,140,141,142,143,144,145,146,147,148,149,150,151,152,153,154,155,156,157,158,159,160,161,162,163,164,165,166,167,168,169,170,171,172,173,174,175,176,177,178,179,180,181,182,183,184,185,186,187,188,189,190,191,192,193,194,195,196,197,198,199,200,201,202,203,204,205,206,207,208,209,210,211,212,213,214,215,216,217,218,219,220,221,222,223,224,225,226,227,228,229,230,231,232,233,234,235,236,237,238,239,240,241,242,243,244,245,246,247,248,249,250,251,252,253,254,255,256,257,258,259,260,261,262,263,264,265,266,267,268,269,270,271,272,273,274,275,276,278,280,281,282,283,284,285,286,287,288,289,290,291,292,293,294,295,296,297,298,299,300,301,302,303,304,305,306,307,308,309,310,311,312,313,314,315,316,317,318,319,320,321,322,323,324,325,326,327,328,329,330,331,332,333,334,335,336,337,338,339,340,341,342,343,344,345,346,347,348,349) have mixed types. Specify dtype option on import or set low_memory=False.
Columns (0,3,4,5,6,7,8,9,10,11,12,13,14,15,16,17,18,19,20,21,22,23,24,25,26,27,28,29,30,31,32,33,34,35,36,37,38,39,40,41,42,43,44,45,46,47,48,49,50,51,52,53,54,55,56,57,58,59,60,61,62,63,64,65,66,67,68,69,70,71,72,73,74,75,76,77,78,79,80,81,82,83,84,85,86,87,88,89,90,91,92,93,94,95,96,97,98,99,100,101,102,103,104,105,106,107,108,109,110,111,112,113,114,115,116,117,118,119,120,121,122,123,124,125,126,127,128,129,130,131,132,133,134,135,136,137,138,139,140,141,142,143,144,145,146,147,148,149,150,151,152,153,154,155,156,157,158,159,160,161,162,163,164,165,166,167,168,169,170,171,172,173,174,175,176,177,178,179,180,181,182,183,184,185,186,187,188,189,190,191,192,193,194,195,196,197,198,199,200,201,202,203,204,205,206,207,208,209,210,211,212,213,214,215,216,217,218,219,220,221,222,223,224,225,226,227,228,229,230,231,232,233,234,235,236,237,238,239,240,241,242,243,244,245,246,247,248,249,250,251,252,253,254,255,256,257,258,259,260,261,262,263,264,265,266,267,268,269,270,271,272,273,274,275,276,278,280,281,282,283,284,285,286,287,288,289,290,291,292,293,294,295,296,297,298,299,300,301,302,303,304,305,306,307,308,309,310,311,312,313,314,315,316,317,318,319,320,321,322,323,324,325,326,327,328,329,330,331,332,333,334,335,336,337,338,339,340,341,342,343,344,345,346,347,348,349) have mixed types. Specify dtype option on import or set low_memory=False.
Columns (0,3,4,5,6,7,8,9,10,11,12,13,14,15,16,17,18,19,20,21,22,23,24,25,26,27,28,29,30,31,32,33,34,35,36,37,38,39,40,41,42,43,44,45,46,47,48,49,50,51,52,53,54,55,56,57,58,59,60,61,62,63,64,65,66,67,68,69,70,71,72,73,74,75,76,77,78,79,80,81,82,83,84,85,86,87,88,89,90,91,92,93,94,95,96,97,98,99,100,101,102,103,104,105,106,107,108,109,110,111,112,113,114,115,116,117,118,119,120,121,122,123,124,125,126,127,128,129,130,131,132,133,134,135,136,137,138,139,140,141,142,143,144,145,146,147,148,149,150,151,152,153,154,155,156,157,158,159,160,161,162,163,164,165,166,167,168,169,170,171,172,173,174,175,176,177,178,179,180,181,182,183,184,185,186,187,188,189,190,191,192,193,194,195,196,197,198,199,200,201,202,203,204,205,206,207,208,209,210,211,212,213,214,215,216,217,218,219,220,221,222,223,224,225,226,227,228,229,230,231,232,233,234,235,236,237,238,239,240,241,242,243,244,245,246,247,248,249,250,251,252,253,254,255,256,257,258,259,260,261,262,263,264,265,266,267,268,269,270,271,272,273,274,275,276,278,280,281,282,283,284,285,286,287,288,289,290,291,292,293,294,295,296,297,298,299,300,301,302,303,304,305,306,307,308,309,310,311,312,313,314,315,316,317,318,319,320,321,322,323,324,325,326,327,328,329,330,331,332,333,334,335,336,337,338,339,340,341,342,343,344,345,346,347,348,349) have mixed types. Specify dtype option on import or set low_memory=False.
Columns (0,3,4,5,6,7,8,9,10,11,12,13,14,15,16,17,18,19,20,21,22,23,24,25,26,27,28,29,30,31,32,33,34,35,36,37,38,39,40,41,42,43,44,45,46,47,48,49,50,51,52,53,54,55,56,57,58,59,60,61,62,63,64,65,66,67,68,69,70,71,72,73,74,75,76,77,78,79,80,81,82,83,84,85,86,87,88,89,90,91,92,93,94,95,96,97,98,99,100,101,102,103,104,105,106,107,108,109,110,111,112,113,114,115,116,117,118,119,120,121,122,123,124,125,126,127,128,129,130,131,132,133,134,135,136,137,138,139,140,141,142,143,144,145,146,147,148,149,150,151,152,153,154,155,156,157,158,159,160,161,162,163,164,165,166,167,168,169,170,171,172,173,174,175,176,177,178,179,180,181,182,183,184,185,186,187,188,189,190,191,192,193,194,195,196,197,198,199,200,201,202,203,204,205,206,207,208,209,210,211,212,213,214,215,216,217,218,219,220,221,222,223,224,225,226,227,228,229,230,231,232,233,234,235,236,237,238,239,240,241,242,243,244,245,246,247,248,249,250,251,252,253,254,255,256,257,258,259,260,261,262,263,264,265,266,267,268,269,270,271,272,273,274,275,276,278,280,281,282,283,284,285,286,287,288,289,290,291,292,293,294,295,296,297,298,299,300,301,302,303,304,305,306,307,308,309,310,311,312,313,314,315,316,317,318,319,320,321,322,323,324,325,326,327,328,329,330,331,332,333,334,335,336,337,338,339,340,341,342,343,344,345,346,347,348,349) have mixed types. Specify dtype option on import or set low_memory=False.
iter: 0, sample_no: 1692, actual label: 0, predicted: 0
iter: 1, sample_no: 704, actual label: 0, predicted: 1
iter: 2, sample_no: 804, actual label: 0, predicted: 0
iter: 3, sample_no: 1469, actual label: 0, predicted: 1
iter: 4, sample_no: 2222, actual label: 0, predicted: 1
iter: 5, sample_no: 1121, actual label: 1, predicted: 0
iter: 6, sample_no: 209, actual label: 0, predicted: 0
iter: 7, sample_no: 911, actual label: 0, predicted: 1
iter: 8, sample_no: 1857, actual label: 0, predicted: 0
iter: 9, sample_no: 606, actual label: 0, predicted: 0
iter: 10, sample_no: 635, actual label: 0, predicted: 0
iter: 11, sample_no: 1864, actual label: 0, predicted: 0
iter: 12, sample_no: 1028, actual label: 0, predicted: 0
iter: 13, sample_no: 848, actual label: 0, predicted: 0
iter: 14, sample_no: 1153, actual label: 0, predicted: 0
iter: 15, sample_no: 1207, actual label: 0, predicted: 0
iter: 16, sample_no: 1703, actual label: 0, predicted: 0
iter: 17, sample_no: 1106, actual label: 0, predicted: 0
iter: 18, sample_no: 992, actual label: 0, predicted: 0
iter: 19, sample_no: 1437, actual label: 0, predicted: 0
iter: 20, sample_no: 2302, actual label: 0, predicted: 0
iter: 21, sample_no: 686, actual label: 0, predicted: 0
iter: 22, sample_no: 1490, actual label: 1, predicted: 1
iter: 23, sample_no: 551, actual label: 0, predicted: 0
iter: 24, sample_no: 1808, actual label: 0, predicted: 1
number of samples: 2507
AUC 0.9317090742831808
pos_get 121
total recall stop_at 1.0
----------threshold stop at----------: 1
AUC [0.9317160017457206, 0.9316952193581014, 0.9317402478646096, 0.9316363359265134, 0.9316571183141327, 0.9316328721952436, 0.9318060587587372, 0.9316640457766724, 0.9317471753271495, 0.9317090742831808]
AUC_median 0.9317021468206411
AUC_iqr 7.533615511978731e-05
cost [0.4511368169126446, 0.4511368169126446, 0.4511368169126446, 0.4511368169126446, 0.4511368169126446, 0.4511368169126446, 0.4511368169126446, 0.4511368169126446, 0.4511368169126446, 0.4511368169126446]
COST_med 0.4511368169126446
COST_iqr 0.0
f1_pos_list [0.38823529411764707, 0.38823529411764707, 0.38823529411764707, 0.38823529411764707, 0.38823529411764707, 0.38823529411764707, 0.38823529411764707, 0.38823529411764707, 0.38823529411764707, 0.38823529411764707]
f1_pos_med 0.38823529411764707
