@@@ A - classifier: SVC(C=1.0, break_ties=False, cache_size=200, class_weight='balanced', coef0=0.0,
    decision_function_shape='ovr', degree=3, gamma='scale', kernel='linear',
    max_iter=-1, probability=True, random_state=None, shrinking=True, tol=0.001,
    verbose=False)
@@@ B - threshold stop at: 1
@@@ C - Repeat number: 1
@@@ D - common_header:  {'F104', 'F123', 'F77', 'F15-public', 'F71-aljoscha.krettek@gmail.com', 'category', 'F3-NA', 'F3-boolean', 'F71-fhueske@apache.org', 'F3-T', 'F3-Class', 'F41', 'F3-String', 'F65', 'F72', 'F116', 'F3-Double', 'F105', 'F126', 'F71-code@greghogan.com', 'F3-double', 'F110', 'F71-sewen@apache.org', 'F3-BooleanValue', 'F71-vasilikikalavri@gmail.com', 'F71-chesnay@apache.org', 'F71-rmetzger@apache.org', 'F3-byte', 'F71-lungu.andra@gmail.com', 'F120', 'F71-twalthr@apache.org', 'F115', 'F3-int', 'F15-private', 'F101', 'F117', 'F71-vasia@apache.org', 'F68', 'F15-NA', 'F22', 'F71-mxm@apache.org', 'F25', 'F15-protected', 'F71-trohrmann@apache.org', 'F71-uce@apache.org', 'F3-Tuple2', 'F3-Values'}
     F72           ...            F71-trohrmann@apache.org
1  19805           ...                                   1
2  19805           ...                                   1
3  19805           ...                                   1

[3 rows x 46 columns]
;.;
        F72            ...             F71-trohrmann@apache.org
0  0.851521            ...                                  1.0
1  0.851521            ...                                  1.0
2  0.851521            ...                                  1.0

[3 rows x 46 columns]
training_x: (2815, 46)
training_y: 2815
testset_x: (2561, 46)
testset_y: 2561
              precision    recall  f1-score   support

           0       0.34      0.52      0.41       780
           1       0.73      0.55      0.63      1781

    accuracy                           0.54      2561
   macro avg       0.53      0.54      0.52      2561
weighted avg       0.61      0.54      0.56      2561

accuracy: 0.5447090980085904
0.6286624203821657
@@@ tn: 408, fp: 372, fn: 794, tp: 987
@@@ LIME - Creating explainer
@@@ LIME - Random Sampling of Instances
iter: 0, sample_no: 2303, actual label: 1, predicted: 0
iter: 1, sample_no: 1376, actual label: 1, predicted: 1
iter: 2, sample_no: 1559, actual label: 0, predicted: 1
iter: 3, sample_no: 1289, actual label: 0, predicted: 0
iter: 4, sample_no: 2547, actual label: 1, predicted: 0
iter: 5, sample_no: 1897, actual label: 1, predicted: 1
iter: 6, sample_no: 630, actual label: 0, predicted: 0
iter: 7, sample_no: 556, actual label: 0, predicted: 0
iter: 8, sample_no: 762, actual label: 1, predicted: 0
iter: 9, sample_no: 1683, actual label: 1, predicted: 1
iter: 10, sample_no: 171, actual label: 1, predicted: 0
iter: 11, sample_no: 1588, actual label: 1, predicted: 0
iter: 12, sample_no: 475, actual label: 1, predicted: 0
iter: 13, sample_no: 1211, actual label: 1, predicted: 1
iter: 14, sample_no: 2486, actual label: 1, predicted: 1
iter: 15, sample_no: 842, actual label: 1, predicted: 1
iter: 16, sample_no: 1268, actual label: 1, predicted: 1
iter: 17, sample_no: 1575, actual label: 1, predicted: 1
iter: 18, sample_no: 1599, actual label: 1, predicted: 1
iter: 19, sample_no: 411, actual label: 0, predicted: 1
iter: 20, sample_no: 1378, actual label: 0, predicted: 1
iter: 21, sample_no: 1648, actual label: 1, predicted: 1
iter: 22, sample_no: 1990, actual label: 1, predicted: 1
iter: 23, sample_no: 11, actual label: 1, predicted: 0
iter: 24, sample_no: 698, actual label: 0, predicted: 1
number of samples: 2561
AUC 0.6196587195323859
pos_get 1781
total recall stop_at 1.0
@@@ C - Repeat number: 2
@@@ D - common_header:  {'F104', 'F123', 'F77', 'F15-public', 'F71-aljoscha.krettek@gmail.com', 'category', 'F3-NA', 'F3-boolean', 'F71-fhueske@apache.org', 'F3-T', 'F3-Class', 'F41', 'F3-String', 'F65', 'F72', 'F116', 'F3-Double', 'F105', 'F126', 'F71-code@greghogan.com', 'F3-double', 'F110', 'F71-sewen@apache.org', 'F3-BooleanValue', 'F71-vasilikikalavri@gmail.com', 'F71-chesnay@apache.org', 'F71-rmetzger@apache.org', 'F3-byte', 'F71-lungu.andra@gmail.com', 'F120', 'F71-twalthr@apache.org', 'F115', 'F3-int', 'F15-private', 'F101', 'F117', 'F71-vasia@apache.org', 'F68', 'F15-NA', 'F22', 'F71-mxm@apache.org', 'F25', 'F15-protected', 'F71-trohrmann@apache.org', 'F71-uce@apache.org', 'F3-Tuple2', 'F3-Values'}
     F72           ...            F71-trohrmann@apache.org
1  19805           ...                                   1
2  19805           ...                                   1
3  19805           ...                                   1

[3 rows x 46 columns]
;.;
        F72            ...             F71-trohrmann@apache.org
0  0.851521            ...                                  1.0
1  0.851521            ...                                  1.0
2  0.851521            ...                                  1.0

[3 rows x 46 columns]
training_x: (2815, 46)
training_y: 2815
testset_x: (2561, 46)
testset_y: 2561
              precision    recall  f1-score   support

           0       0.34      0.52      0.41       780
           1       0.73      0.55      0.63      1781

    accuracy                           0.54      2561
   macro avg       0.53      0.54      0.52      2561
weighted avg       0.61      0.54      0.56      2561

accuracy: 0.5447090980085904
0.6286624203821657
@@@ tn: 408, fp: 372, fn: 794, tp: 987
@@@ LIME - Creating explainer
@@@ LIME - Random Sampling of Instances
iter: 0, sample_no: 1197, actual label: 1, predicted: 1
iter: 1, sample_no: 2311, actual label: 1, predicted: 1
iter: 2, sample_no: 1963, actual label: 1, predicted: 1
iter: 3, sample_no: 1566, actual label: 1, predicted: 1
iter: 4, sample_no: 1266, actual label: 1, predicted: 0
iter: 5, sample_no: 1772, actual label: 1, predicted: 1
iter: 6, sample_no: 15, actual label: 1, predicted: 0
iter: 7, sample_no: 1027, actual label: 0, predicted: 0
iter: 8, sample_no: 1769, actual label: 1, predicted: 0
iter: 9, sample_no: 1719, actual label: 1, predicted: 0
iter: 10, sample_no: 478, actual label: 1, predicted: 0
iter: 11, sample_no: 2239, actual label: 1, predicted: 0
iter: 12, sample_no: 2359, actual label: 1, predicted: 1
iter: 13, sample_no: 2225, actual label: 1, predicted: 1
iter: 14, sample_no: 1418, actual label: 1, predicted: 1
iter: 15, sample_no: 2342, actual label: 1, predicted: 0
iter: 16, sample_no: 871, actual label: 1, predicted: 0
iter: 17, sample_no: 1654, actual label: 1, predicted: 1
iter: 18, sample_no: 1283, actual label: 1, predicted: 0
iter: 19, sample_no: 2116, actual label: 1, predicted: 1
iter: 20, sample_no: 1350, actual label: 1, predicted: 1
iter: 21, sample_no: 31, actual label: 0, predicted: 0
iter: 22, sample_no: 1937, actual label: 1, predicted: 1
iter: 23, sample_no: 2436, actual label: 1, predicted: 0
iter: 24, sample_no: 2215, actual label: 1, predicted: 0
number of samples: 2561
AUC 0.6196633985516635
pos_get 1781
total recall stop_at 1.0
@@@ C - Repeat number: 3
/Users/author1/anaconda3/lib/python3.6/site-packages/tensorflow/python/framework/dtypes.py:463: FutureWarning: Passing (type, 1) or '1type' as a synonym of type is deprecated; in a future version of numpy, it will be understood as (type, (1,)) / '(1,)type'.
  _np_qint8 = np.dtype([("qint8", np.int8, 1)])
/Users/author1/anaconda3/lib/python3.6/site-packages/tensorflow/python/framework/dtypes.py:464: FutureWarning: Passing (type, 1) or '1type' as a synonym of type is deprecated; in a future version of numpy, it will be understood as (type, (1,)) / '(1,)type'.
  _np_quint8 = np.dtype([("quint8", np.uint8, 1)])
/Users/author1/anaconda3/lib/python3.6/site-packages/tensorflow/python/framework/dtypes.py:465: FutureWarning: Passing (type, 1) or '1type' as a synonym of type is deprecated; in a future version of numpy, it will be understood as (type, (1,)) / '(1,)type'.
  _np_qint16 = np.dtype([("qint16", np.int16, 1)])
/Users/author1/anaconda3/lib/python3.6/site-packages/tensorflow/python/framework/dtypes.py:466: FutureWarning: Passing (type, 1) or '1type' as a synonym of type is deprecated; in a future version of numpy, it will be understood as (type, (1,)) / '(1,)type'.
  _np_quint16 = np.dtype([("quint16", np.uint16, 1)])
/Users/author1/anaconda3/lib/python3.6/site-packages/tensorflow/python/framework/dtypes.py:467: FutureWarning: Passing (type, 1) or '1type' as a synonym of type is deprecated; in a future version of numpy, it will be understood as (type, (1,)) / '(1,)type'.
  _np_qint32 = np.dtype([("qint32", np.int32, 1)])
Columns (0,3,4,5,6,7,8,9,10,11,12,13,14,15,16,17,18,19,20,21,22,23,24,25,26,27,28,29,30,31,32,33,34,35,36,37,38,39,40,41,42,43,44,45,46,47,48,49,50,51,52,53,54,55,56,57,58,59,60,61,62,63,64,65,66,67,68,69,70,71,72,73,74,75,76,77,78,79,80,81,82,83,84,85,86,87,88,89,90,91,92,93,94,95,96,97,98,99,100,101,102,103,104,105,106,107,108,109,110,111,112,113,114,115,116,117,118,119,120,121,122,123,124,125,126,127,128,129,130,131,132,133,134,135,136,137,138,139,140,141,142,143,144,145,146,147,148,149,150,151,152,153,154,155,156,157,158,159,160,161,162,163,164,165,166,167,168,169,170,171,172,173,174,175,176,177,178,179,180,181,182,183,184,185,186,187,188,189,190,191,192,193,194,195,196,197,198,199,200,201,202,203,204,205,206,207,208,209,210,211,212,213,214,215,216,217,218,219,220,221,222,223,224,225,226,227,228,229,230,231,232,233,234,235,236,237,238,239,240,241,242,243,244,245,246,247,248,249,250,251,252,253,254,255,256,257,258,259,260,261,262,263,264,265,266,267,268,269,271,273,274,275,276,277,278,279,280,281,282,283,284,285,286,287,288,289,290,291,292,293,294,295,296,297,298,299,300,301,302,303,304,305,306,307,308,309,310,311,312,313,314,315,316,317,318,319,320,321,322,323,324,325,326,327,328,329,330,331,332,333,334,335,336,337,338,339,340,341,342) have mixed types. Specify dtype option on import or set low_memory=False.
Columns (0,3,4,5,6,7,8,9,10,11,12,13,14,15,16,17,18,19,20,21,22,23,24,25,26,27,28,29,30,31,32,33,34,35,36,37,38,39,40,41,42,43,44,45,46,47,48,49,50,51,52,53,54,55,56,57,58,59,60,61,62,63,64,65,66,67,68,69,70,71,72,73,74,75,76,77,78,79,80,81,82,83,84,85,86,87,88,89,90,91,92,93,94,95,96,97,98,99,100,101,102,103,104,105,106,107,108,109,110,111,112,113,114,115,116,117,118,119,120,121,122,123,124,125,126,127,128,129,130,131,132,133,134,135,136,137,138,139,140,141,142,143,144,145,146,147,148,149,150,151,152,153,154,155,156,157,158,159,160,161,162,163,164,165,166,167,168,169,170,171,172,173,174,175,176,177,178,179,180,181,182,183,184,185,186,187,188,189,190,191,192,193,194,195,196,197,198,199,200,201,202,203,204,205,206,207,208,209,210,211,212,213,214,215,216,217,218,219,220,221,222,223,224,225,226,227,228,229,230,231,232,233,234,235,236,237,238,239,240,241,242,243,244,245,246,247,248,249,250,251,252,253,254,255,256,257,258,259,260,261,262,263,264,265,266,267,268,269,270,271,273,275,276,277,278,279,280,281,282,283,284,285,286,287,288,289,290,291,292,293,294,295,296,297,298,299,300,301,302,303,304,305,306,307,308,309,310,311,312,313,314,315,316,317,318,319,320,321,322,323,324,325,326,327,328,329,330,331,332,333,334,335,336,337,338,339,340,341,342,343,344) have mixed types. Specify dtype option on import or set low_memory=False.
Columns (0,3,4,5,6,7,8,9,10,11,12,13,14,15,16,17,18,19,20,21,22,23,24,25,26,27,28,29,30,31,32,33,34,35,36,37,38,39,40,41,42,43,44,45,46,47,48,49,50,51,52,53,54,55,56,57,58,59,60,61,62,63,64,65,66,67,68,69,70,71,72,73,74,75,76,77,78,79,80,81,82,83,84,85,86,87,88,89,90,91,92,93,94,95,96,97,98,99,100,101,102,103,104,105,106,107,108,109,110,111,112,113,114,115,116,117,118,119,120,121,122,123,124,125,126,127,128,129,130,131,132,133,134,135,136,137,138,139,140,141,142,143,144,145,146,147,148,149,150,151,152,153,154,155,156,157,158,159,160,161,162,163,164,165,166,167,168,169,170,171,172,173,174,175,176,177,178,179,180,181,182,183,184,185,186,187,188,189,190,191,192,193,194,195,196,197,198,199,200,201,202,203,204,205,206,207,208,209,210,211,212,213,214,215,216,217,218,219,220,221,222,223,224,225,226,227,228,229,230,231,232,233,234,235,236,237,238,239,240,241,242,243,244,245,246,247,248,249,250,251,252,253,254,255,256,257,258,259,260,261,262,263,264,265,266,267,268,269,271,273,274,275,276,277,278,279,280,281,282,283,284,285,286,287,288,289,290,291,292,293,294,295,296,297,298,299,300,301,302,303,304,305,306,307,308,309,310,311,312,313,314,315,316,317,318,319,320,321,322,323,324,325,326,327,328,329,330,331,332,333,334,335,336,337,338,339,340,341,342) have mixed types. Specify dtype option on import or set low_memory=False.
Columns (0,3,4,5,6,7,8,9,10,11,12,13,14,15,16,17,18,19,20,21,22,23,24,25,26,27,28,29,30,31,32,33,34,35,36,37,38,39,40,41,42,43,44,45,46,47,48,49,50,51,52,53,54,55,56,57,58,59,60,61,62,63,64,65,66,67,68,69,70,71,72,73,74,75,76,77,78,79,80,81,82,83,84,85,86,87,88,89,90,91,92,93,94,95,96,97,98,99,100,101,102,103,104,105,106,107,108,109,110,111,112,113,114,115,116,117,118,119,120,121,122,123,124,125,126,127,128,129,130,131,132,133,134,135,136,137,138,139,140,141,142,143,144,145,146,147,148,149,150,151,152,153,154,155,156,157,158,159,160,161,162,163,164,165,166,167,168,169,170,171,172,173,174,175,176,177,178,179,180,181,182,183,184,185,186,187,188,189,190,191,192,193,194,195,196,197,198,199,200,201,202,203,204,205,206,207,208,209,210,211,212,213,214,215,216,217,218,219,220,221,222,223,224,225,226,227,228,229,230,231,232,233,234,235,236,237,238,239,240,241,242,243,244,245,246,247,248,249,250,251,252,253,254,255,256,257,258,259,260,261,262,263,264,265,266,267,268,269,270,271,273,275,276,277,278,279,280,281,282,283,284,285,286,287,288,289,290,291,292,293,294,295,296,297,298,299,300,301,302,303,304,305,306,307,308,309,310,311,312,313,314,315,316,317,318,319,320,321,322,323,324,325,326,327,328,329,330,331,332,333,334,335,336,337,338,339,340,341,342,343,344) have mixed types. Specify dtype option on import or set low_memory=False.
Columns (0,3,4,5,6,7,8,9,10,11,12,13,14,15,16,17,18,19,20,21,22,23,24,25,26,27,28,29,30,31,32,33,34,35,36,37,38,39,40,41,42,43,44,45,46,47,48,49,50,51,52,53,54,55,56,57,58,59,60,61,62,63,64,65,66,67,68,69,70,71,72,73,74,75,76,77,78,79,80,81,82,83,84,85,86,87,88,89,90,91,92,93,94,95,96,97,98,99,100,101,102,103,104,105,106,107,108,109,110,111,112,113,114,115,116,117,118,119,120,121,122,123,124,125,126,127,128,129,130,131,132,133,134,135,136,137,138,139,140,141,142,143,144,145,146,147,148,149,150,151,152,153,154,155,156,157,158,159,160,161,162,163,164,165,166,167,168,169,170,171,172,173,174,175,176,177,178,179,180,181,182,183,184,185,186,187,188,189,190,191,192,193,194,195,196,197,198,199,200,201,202,203,204,205,206,207,208,209,210,211,212,213,214,215,216,217,218,219,220,221,222,223,224,225,226,227,228,229,230,231,232,233,234,235,236,237,238,239,240,241,242,243,244,245,246,247,248,249,250,251,252,253,254,255,256,257,258,259,260,261,262,263,264,265,266,267,268,269,271,273,274,275,276,277,278,279,280,281,282,283,284,285,286,287,288,289,290,291,292,293,294,295,296,297,298,299,300,301,302,303,304,305,306,307,308,309,310,311,312,313,314,315,316,317,318,319,320,321,322,323,324,325,326,327,328,329,330,331,332,333,334,335,336,337,338,339,340,341,342) have mixed types. Specify dtype option on import or set low_memory=False.
@@@ D - common_header:  {'F104', 'F123', 'F77', 'F15-public', 'F71-aljoscha.krettek@gmail.com', 'category', 'F3-NA', 'F3-boolean', 'F71-fhueske@apache.org', 'F3-T', 'F3-Class', 'F41', 'F3-String', 'F65', 'F72', 'F116', 'F3-Double', 'F105', 'F126', 'F71-code@greghogan.com', 'F3-double', 'F110', 'F71-sewen@apache.org', 'F3-BooleanValue', 'F71-vasilikikalavri@gmail.com', 'F71-chesnay@apache.org', 'F71-rmetzger@apache.org', 'F3-byte', 'F71-lungu.andra@gmail.com', 'F120', 'F71-twalthr@apache.org', 'F115', 'F3-int', 'F15-private', 'F101', 'F117', 'F71-vasia@apache.org', 'F68', 'F15-NA', 'F22', 'F71-mxm@apache.org', 'F25', 'F15-protected', 'F71-trohrmann@apache.org', 'F71-uce@apache.org', 'F3-Tuple2', 'F3-Values'}
     F72           ...            F71-trohrmann@apache.org
1  19805           ...                                   1
2  19805           ...                                   1
3  19805           ...                                   1

[3 rows x 46 columns]
;.;
        F72            ...             F71-trohrmann@apache.org
0  0.851521            ...                                  1.0
1  0.851521            ...                                  1.0
2  0.851521            ...                                  1.0

[3 rows x 46 columns]
training_x: (2815, 46)
training_y: 2815
testset_x: (2561, 46)
testset_y: 2561
              precision    recall  f1-score   support

           0       0.34      0.52      0.41       780
           1       0.73      0.55      0.63      1781

    accuracy                           0.54      2561
   macro avg       0.53      0.54      0.52      2561
weighted avg       0.61      0.54      0.56      2561

accuracy: 0.5447090980085904
0.6286624203821657
@@@ tn: 408, fp: 372, fn: 794, tp: 987
@@@ LIME - Creating explainer
@@@ LIME - Random Sampling of Instances
iter: 0, sample_no: 2462, actual label: 1, predicted: 0
iter: 1, sample_no: 2493, actual label: 1, predicted: 0
iter: 2, sample_no: 1363, actual label: 0, predicted: 0
iter: 3, sample_no: 1637, actual label: 1, predicted: 1
iter: 4, sample_no: 590, actual label: 0, predicted: 0
iter: 5, sample_no: 1863, actual label: 1, predicted: 1
iter: 6, sample_no: 2174, actual label: 1, predicted: 1
iter: 7, sample_no: 1081, actual label: 1, predicted: 0
iter: 8, sample_no: 317, actual label: 0, predicted: 0
iter: 9, sample_no: 349, actual label: 0, predicted: 1
iter: 10, sample_no: 1959, actual label: 1, predicted: 1
iter: 11, sample_no: 1974, actual label: 1, predicted: 1
iter: 12, sample_no: 1887, actual label: 1, predicted: 1
iter: 13, sample_no: 710, actual label: 1, predicted: 0
iter: 14, sample_no: 1751, actual label: 1, predicted: 1
iter: 15, sample_no: 1199, actual label: 1, predicted: 1
iter: 16, sample_no: 1926, actual label: 1, predicted: 1
iter: 17, sample_no: 1145, actual label: 1, predicted: 1
iter: 18, sample_no: 2192, actual label: 1, predicted: 0
iter: 19, sample_no: 1967, actual label: 1, predicted: 1
iter: 20, sample_no: 132, actual label: 0, predicted: 0
iter: 21, sample_no: 1496, actual label: 0, predicted: 0
iter: 22, sample_no: 463, actual label: 0, predicted: 1
iter: 23, sample_no: 2541, actual label: 0, predicted: 0
iter: 24, sample_no: 3, actual label: 1, predicted: 1
number of samples: 2561
AUC 0.6196284858693617
pos_get 1781
total recall stop_at 1.0
@@@ C - Repeat number: 4
@@@ D - common_header:  {'F104', 'F123', 'F77', 'F15-public', 'F71-aljoscha.krettek@gmail.com', 'category', 'F3-NA', 'F3-boolean', 'F71-fhueske@apache.org', 'F3-T', 'F3-Class', 'F41', 'F3-String', 'F65', 'F72', 'F116', 'F3-Double', 'F105', 'F126', 'F71-code@greghogan.com', 'F3-double', 'F110', 'F71-sewen@apache.org', 'F3-BooleanValue', 'F71-vasilikikalavri@gmail.com', 'F71-chesnay@apache.org', 'F71-rmetzger@apache.org', 'F3-byte', 'F71-lungu.andra@gmail.com', 'F120', 'F71-twalthr@apache.org', 'F115', 'F3-int', 'F15-private', 'F101', 'F117', 'F71-vasia@apache.org', 'F68', 'F15-NA', 'F22', 'F71-mxm@apache.org', 'F25', 'F15-protected', 'F71-trohrmann@apache.org', 'F71-uce@apache.org', 'F3-Tuple2', 'F3-Values'}
     F72           ...            F71-trohrmann@apache.org
1  19805           ...                                   1
2  19805           ...                                   1
3  19805           ...                                   1

[3 rows x 46 columns]
;.;
        F72            ...             F71-trohrmann@apache.org
0  0.851521            ...                                  1.0
1  0.851521            ...                                  1.0
2  0.851521            ...                                  1.0

[3 rows x 46 columns]
training_x: (2815, 46)
training_y: 2815
testset_x: (2561, 46)
testset_y: 2561
              precision    recall  f1-score   support

           0       0.34      0.52      0.41       780
           1       0.73      0.55      0.63      1781

    accuracy                           0.54      2561
   macro avg       0.53      0.54      0.52      2561
weighted avg       0.61      0.54      0.56      2561

accuracy: 0.5447090980085904
0.6286624203821657
@@@ tn: 408, fp: 372, fn: 794, tp: 987
@@@ LIME - Creating explainer
@@@ LIME - Random Sampling of Instances
iter: 0, sample_no: 1576, actual label: 1, predicted: 1
iter: 1, sample_no: 398, actual label: 0, predicted: 1
iter: 2, sample_no: 2458, actual label: 1, predicted: 1
iter: 3, sample_no: 1308, actual label: 1, predicted: 0
iter: 4, sample_no: 1034, actual label: 0, predicted: 1
iter: 5, sample_no: 228, actual label: 0, predicted: 1
iter: 6, sample_no: 1961, actual label: 1, predicted: 1
iter: 7, sample_no: 1338, actual label: 1, predicted: 1
iter: 8, sample_no: 1320, actual label: 0, predicted: 0
iter: 9, sample_no: 1707, actual label: 1, predicted: 0
iter: 10, sample_no: 1061, actual label: 1, predicted: 1
iter: 11, sample_no: 1487, actual label: 0, predicted: 1
iter: 12, sample_no: 1633, actual label: 1, predicted: 0
iter: 13, sample_no: 1793, actual label: 1, predicted: 1
iter: 14, sample_no: 2498, actual label: 1, predicted: 1
iter: 15, sample_no: 2224, actual label: 1, predicted: 0
iter: 16, sample_no: 1508, actual label: 0, predicted: 1
iter: 17, sample_no: 2360, actual label: 1, predicted: 1
iter: 18, sample_no: 1728, actual label: 1, predicted: 0
iter: 19, sample_no: 77, actual label: 0, predicted: 0
iter: 20, sample_no: 1183, actual label: 1, predicted: 1
iter: 21, sample_no: 1733, actual label: 1, predicted: 0
iter: 22, sample_no: 1966, actual label: 1, predicted: 1
iter: 23, sample_no: 394, actual label: 0, predicted: 0
iter: 24, sample_no: 768, actual label: 1, predicted: 0
number of samples: 2561
AUC 0.6196590794569459
pos_get 1781
total recall stop_at 1.0
@@@ C - Repeat number: 5
@@@ D - common_header:  {'F104', 'F123', 'F77', 'F15-public', 'F71-aljoscha.krettek@gmail.com', 'category', 'F3-NA', 'F3-boolean', 'F71-fhueske@apache.org', 'F3-T', 'F3-Class', 'F41', 'F3-String', 'F65', 'F72', 'F116', 'F3-Double', 'F105', 'F126', 'F71-code@greghogan.com', 'F3-double', 'F110', 'F71-sewen@apache.org', 'F3-BooleanValue', 'F71-vasilikikalavri@gmail.com', 'F71-chesnay@apache.org', 'F71-rmetzger@apache.org', 'F3-byte', 'F71-lungu.andra@gmail.com', 'F120', 'F71-twalthr@apache.org', 'F115', 'F3-int', 'F15-private', 'F101', 'F117', 'F71-vasia@apache.org', 'F68', 'F15-NA', 'F22', 'F71-mxm@apache.org', 'F25', 'F15-protected', 'F71-trohrmann@apache.org', 'F71-uce@apache.org', 'F3-Tuple2', 'F3-Values'}
     F72           ...            F71-trohrmann@apache.org
1  19805           ...                                   1
2  19805           ...                                   1
3  19805           ...                                   1

[3 rows x 46 columns]
;.;
        F72            ...             F71-trohrmann@apache.org
0  0.851521            ...                                  1.0
1  0.851521            ...                                  1.0
2  0.851521            ...                                  1.0

[3 rows x 46 columns]
training_x: (2815, 46)
training_y: 2815
testset_x: (2561, 46)
testset_y: 2561
              precision    recall  f1-score   support

           0       0.34      0.52      0.41       780
           1       0.73      0.55      0.63      1781

    accuracy                           0.54      2561
   macro avg       0.53      0.54      0.52      2561
weighted avg       0.61      0.54      0.56      2561

accuracy: 0.5447090980085904
0.6286624203821657
@@@ tn: 408, fp: 372, fn: 794, tp: 987
@@@ LIME - Creating explainer
@@@ LIME - Random Sampling of Instances
iter: 0, sample_no: 1926, actual label: 1, predicted: 1
iter: 1, sample_no: 2255, actual label: 1, predicted: 0
iter: 2, sample_no: 2418, actual label: 1, predicted: 1
iter: 3, sample_no: 2404, actual label: 1, predicted: 0
iter: 4, sample_no: 208, actual label: 0, predicted: 1
iter: 5, sample_no: 1167, actual label: 1, predicted: 1
iter: 6, sample_no: 338, actual label: 0, predicted: 0
iter: 7, sample_no: 301, actual label: 0, predicted: 0
iter: 8, sample_no: 1488, actual label: 0, predicted: 0
iter: 9, sample_no: 94, actual label: 0, predicted: 0
iter: 10, sample_no: 1908, actual label: 1, predicted: 1
iter: 11, sample_no: 1026, actual label: 1, predicted: 0
iter: 12, sample_no: 1595, actual label: 1, predicted: 0
iter: 13, sample_no: 1680, actual label: 1, predicted: 1
iter: 14, sample_no: 203, actual label: 1, predicted: 0
iter: 15, sample_no: 1572, actual label: 1, predicted: 0
iter: 16, sample_no: 1247, actual label: 1, predicted: 1
iter: 17, sample_no: 1324, actual label: 1, predicted: 1
iter: 18, sample_no: 754, actual label: 1, predicted: 0
iter: 19, sample_no: 1853, actual label: 1, predicted: 0
iter: 20, sample_no: 2420, actual label: 1, predicted: 0
iter: 21, sample_no: 158, actual label: 1, predicted: 1
iter: 22, sample_no: 1222, actual label: 1, predicted: 1
iter: 23, sample_no: 2401, actual label: 1, predicted: 1
iter: 24, sample_no: 1189, actual label: 1, predicted: 1
number of samples: 2561
AUC 0.619718107084755
pos_get 1781
total recall stop_at 1.0
@@@ C - Repeat number: 6
Columns (0,3,4,5,6,7,8,9,10,11,12,13,14,15,16,17,18,19,20,21,22,23,24,25,26,27,28,29,30,31,32,33,34,35,36,37,38,39,40,41,42,43,44,45,46,47,48,49,50,51,52,53,54,55,56,57,58,59,60,61,62,63,64,65,66,67,68,69,70,71,72,73,74,75,76,77,78,79,80,81,82,83,84,85,86,87,88,89,90,91,92,93,94,95,96,97,98,99,100,101,102,103,104,105,106,107,108,109,110,111,112,113,114,115,116,117,118,119,120,121,122,123,124,125,126,127,128,129,130,131,132,133,134,135,136,137,138,139,140,141,142,143,144,145,146,147,148,149,150,151,152,153,154,155,156,157,158,159,160,161,162,163,164,165,166,167,168,169,170,171,172,173,174,175,176,177,178,179,180,181,182,183,184,185,186,187,188,189,190,191,192,193,194,195,196,197,198,199,200,201,202,203,204,205,206,207,208,209,210,211,212,213,214,215,216,217,218,219,220,221,222,223,224,225,226,227,228,229,230,231,232,233,234,235,236,237,238,239,240,241,242,243,244,245,246,247,248,249,250,251,252,253,254,255,256,257,258,259,260,261,262,263,264,265,266,267,268,269,270,271,273,275,276,277,278,279,280,281,282,283,284,285,286,287,288,289,290,291,292,293,294,295,296,297,298,299,300,301,302,303,304,305,306,307,308,309,310,311,312,313,314,315,316,317,318,319,320,321,322,323,324,325,326,327,328,329,330,331,332,333,334,335,336,337,338,339,340,341,342,343,344) have mixed types. Specify dtype option on import or set low_memory=False.
Columns (0,3,4,5,6,7,8,9,10,11,12,13,14,15,16,17,18,19,20,21,22,23,24,25,26,27,28,29,30,31,32,33,34,35,36,37,38,39,40,41,42,43,44,45,46,47,48,49,50,51,52,53,54,55,56,57,58,59,60,61,62,63,64,65,66,67,68,69,70,71,72,73,74,75,76,77,78,79,80,81,82,83,84,85,86,87,88,89,90,91,92,93,94,95,96,97,98,99,100,101,102,103,104,105,106,107,108,109,110,111,112,113,114,115,116,117,118,119,120,121,122,123,124,125,126,127,128,129,130,131,132,133,134,135,136,137,138,139,140,141,142,143,144,145,146,147,148,149,150,151,152,153,154,155,156,157,158,159,160,161,162,163,164,165,166,167,168,169,170,171,172,173,174,175,176,177,178,179,180,181,182,183,184,185,186,187,188,189,190,191,192,193,194,195,196,197,198,199,200,201,202,203,204,205,206,207,208,209,210,211,212,213,214,215,216,217,218,219,220,221,222,223,224,225,226,227,228,229,230,231,232,233,234,235,236,237,238,239,240,241,242,243,244,245,246,247,248,249,250,251,252,253,254,255,256,257,258,259,260,261,262,263,264,265,266,267,268,269,271,273,274,275,276,277,278,279,280,281,282,283,284,285,286,287,288,289,290,291,292,293,294,295,296,297,298,299,300,301,302,303,304,305,306,307,308,309,310,311,312,313,314,315,316,317,318,319,320,321,322,323,324,325,326,327,328,329,330,331,332,333,334,335,336,337,338,339,340,341,342) have mixed types. Specify dtype option on import or set low_memory=False.
Columns (0,3,4,5,6,7,8,9,10,11,12,13,14,15,16,17,18,19,20,21,22,23,24,25,26,27,28,29,30,31,32,33,34,35,36,37,38,39,40,41,42,43,44,45,46,47,48,49,50,51,52,53,54,55,56,57,58,59,60,61,62,63,64,65,66,67,68,69,70,71,72,73,74,75,76,77,78,79,80,81,82,83,84,85,86,87,88,89,90,91,92,93,94,95,96,97,98,99,100,101,102,103,104,105,106,107,108,109,110,111,112,113,114,115,116,117,118,119,120,121,122,123,124,125,126,127,128,129,130,131,132,133,134,135,136,137,138,139,140,141,142,143,144,145,146,147,148,149,150,151,152,153,154,155,156,157,158,159,160,161,162,163,164,165,166,167,168,169,170,171,172,173,174,175,176,177,178,179,180,181,182,183,184,185,186,187,188,189,190,191,192,193,194,195,196,197,198,199,200,201,202,203,204,205,206,207,208,209,210,211,212,213,214,215,216,217,218,219,220,221,222,223,224,225,226,227,228,229,230,231,232,233,234,235,236,237,238,239,240,241,242,243,244,245,246,247,248,249,250,251,252,253,254,255,256,257,258,259,260,261,262,263,264,265,266,267,268,269,270,271,273,275,276,277,278,279,280,281,282,283,284,285,286,287,288,289,290,291,292,293,294,295,296,297,298,299,300,301,302,303,304,305,306,307,308,309,310,311,312,313,314,315,316,317,318,319,320,321,322,323,324,325,326,327,328,329,330,331,332,333,334,335,336,337,338,339,340,341,342,343,344) have mixed types. Specify dtype option on import or set low_memory=False.
Columns (0,3,4,5,6,7,8,9,10,11,12,13,14,15,16,17,18,19,20,21,22,23,24,25,26,27,28,29,30,31,32,33,34,35,36,37,38,39,40,41,42,43,44,45,46,47,48,49,50,51,52,53,54,55,56,57,58,59,60,61,62,63,64,65,66,67,68,69,70,71,72,73,74,75,76,77,78,79,80,81,82,83,84,85,86,87,88,89,90,91,92,93,94,95,96,97,98,99,100,101,102,103,104,105,106,107,108,109,110,111,112,113,114,115,116,117,118,119,120,121,122,123,124,125,126,127,128,129,130,131,132,133,134,135,136,137,138,139,140,141,142,143,144,145,146,147,148,149,150,151,152,153,154,155,156,157,158,159,160,161,162,163,164,165,166,167,168,169,170,171,172,173,174,175,176,177,178,179,180,181,182,183,184,185,186,187,188,189,190,191,192,193,194,195,196,197,198,199,200,201,202,203,204,205,206,207,208,209,210,211,212,213,214,215,216,217,218,219,220,221,222,223,224,225,226,227,228,229,230,231,232,233,234,235,236,237,238,239,240,241,242,243,244,245,246,247,248,249,250,251,252,253,254,255,256,257,258,259,260,261,262,263,264,265,266,267,268,269,271,273,274,275,276,277,278,279,280,281,282,283,284,285,286,287,288,289,290,291,292,293,294,295,296,297,298,299,300,301,302,303,304,305,306,307,308,309,310,311,312,313,314,315,316,317,318,319,320,321,322,323,324,325,326,327,328,329,330,331,332,333,334,335,336,337,338,339,340,341,342) have mixed types. Specify dtype option on import or set low_memory=False.
Columns (0,3,4,5,6,7,8,9,10,11,12,13,14,15,16,17,18,19,20,21,22,23,24,25,26,27,28,29,30,31,32,33,34,35,36,37,38,39,40,41,42,43,44,45,46,47,48,49,50,51,52,53,54,55,56,57,58,59,60,61,62,63,64,65,66,67,68,69,70,71,72,73,74,75,76,77,78,79,80,81,82,83,84,85,86,87,88,89,90,91,92,93,94,95,96,97,98,99,100,101,102,103,104,105,106,107,108,109,110,111,112,113,114,115,116,117,118,119,120,121,122,123,124,125,126,127,128,129,130,131,132,133,134,135,136,137,138,139,140,141,142,143,144,145,146,147,148,149,150,151,152,153,154,155,156,157,158,159,160,161,162,163,164,165,166,167,168,169,170,171,172,173,174,175,176,177,178,179,180,181,182,183,184,185,186,187,188,189,190,191,192,193,194,195,196,197,198,199,200,201,202,203,204,205,206,207,208,209,210,211,212,213,214,215,216,217,218,219,220,221,222,223,224,225,226,227,228,229,230,231,232,233,234,235,236,237,238,239,240,241,242,243,244,245,246,247,248,249,250,251,252,253,254,255,256,257,258,259,260,261,262,263,264,265,266,267,268,269,270,271,273,275,276,277,278,279,280,281,282,283,284,285,286,287,288,289,290,291,292,293,294,295,296,297,298,299,300,301,302,303,304,305,306,307,308,309,310,311,312,313,314,315,316,317,318,319,320,321,322,323,324,325,326,327,328,329,330,331,332,333,334,335,336,337,338,339,340,341,342,343,344) have mixed types. Specify dtype option on import or set low_memory=False.
Columns (0,3,4,5,6,7,8,9,10,11,12,13,14,15,16,17,18,19,20,21,22,23,24,25,26,27,28,29,30,31,32,33,34,35,36,37,38,39,40,41,42,43,44,45,46,47,48,49,50,51,52,53,54,55,56,57,58,59,60,61,62,63,64,65,66,67,68,69,70,71,72,73,74,75,76,77,78,79,80,81,82,83,84,85,86,87,88,89,90,91,92,93,94,95,96,97,98,99,100,101,102,103,104,105,106,107,108,109,110,111,112,113,114,115,116,117,118,119,120,121,122,123,124,125,126,127,128,129,130,131,132,133,134,135,136,137,138,139,140,141,142,143,144,145,146,147,148,149,150,151,152,153,154,155,156,157,158,159,160,161,162,163,164,165,166,167,168,169,170,171,172,173,174,175,176,177,178,179,180,181,182,183,184,185,186,187,188,189,190,191,192,193,194,195,196,197,198,199,200,201,202,203,204,205,206,207,208,209,210,211,212,213,214,215,216,217,218,219,220,221,222,223,224,225,226,227,228,229,230,231,232,233,234,235,236,237,238,239,240,241,242,243,244,245,246,247,248,249,250,251,252,253,254,255,256,257,258,259,260,261,262,263,264,265,266,267,268,269,271,273,274,275,276,277,278,279,280,281,282,283,284,285,286,287,288,289,290,291,292,293,294,295,296,297,298,299,300,301,302,303,304,305,306,307,308,309,310,311,312,313,314,315,316,317,318,319,320,321,322,323,324,325,326,327,328,329,330,331,332,333,334,335,336,337,338,339,340,341,342) have mixed types. Specify dtype option on import or set low_memory=False.
Columns (0,3,4,5,6,7,8,9,10,11,12,13,14,15,16,17,18,19,20,21,22,23,24,25,26,27,28,29,30,31,32,33,34,35,36,37,38,39,40,41,42,43,44,45,46,47,48,49,50,51,52,53,54,55,56,57,58,59,60,61,62,63,64,65,66,67,68,69,70,71,72,73,74,75,76,77,78,79,80,81,82,83,84,85,86,87,88,89,90,91,92,93,94,95,96,97,98,99,100,101,102,103,104,105,106,107,108,109,110,111,112,113,114,115,116,117,118,119,120,121,122,123,124,125,126,127,128,129,130,131,132,133,134,135,136,137,138,139,140,141,142,143,144,145,146,147,148,149,150,151,152,153,154,155,156,157,158,159,160,161,162,163,164,165,166,167,168,169,170,171,172,173,174,175,176,177,178,179,180,181,182,183,184,185,186,187,188,189,190,191,192,193,194,195,196,197,198,199,200,201,202,203,204,205,206,207,208,209,210,211,212,213,214,215,216,217,218,219,220,221,222,223,224,225,226,227,228,229,230,231,232,233,234,235,236,237,238,239,240,241,242,243,244,245,246,247,248,249,250,251,252,253,254,255,256,257,258,259,260,261,262,263,264,265,266,267,268,269,270,271,273,275,276,277,278,279,280,281,282,283,284,285,286,287,288,289,290,291,292,293,294,295,296,297,298,299,300,301,302,303,304,305,306,307,308,309,310,311,312,313,314,315,316,317,318,319,320,321,322,323,324,325,326,327,328,329,330,331,332,333,334,335,336,337,338,339,340,341,342,343,344) have mixed types. Specify dtype option on import or set low_memory=False.
@@@ D - common_header:  {'F104', 'F123', 'F77', 'F15-public', 'F71-aljoscha.krettek@gmail.com', 'category', 'F3-NA', 'F3-boolean', 'F71-fhueske@apache.org', 'F3-T', 'F3-Class', 'F41', 'F3-String', 'F65', 'F72', 'F116', 'F3-Double', 'F105', 'F126', 'F71-code@greghogan.com', 'F3-double', 'F110', 'F71-sewen@apache.org', 'F3-BooleanValue', 'F71-vasilikikalavri@gmail.com', 'F71-chesnay@apache.org', 'F71-rmetzger@apache.org', 'F3-byte', 'F71-lungu.andra@gmail.com', 'F120', 'F71-twalthr@apache.org', 'F115', 'F3-int', 'F15-private', 'F101', 'F117', 'F71-vasia@apache.org', 'F68', 'F15-NA', 'F22', 'F71-mxm@apache.org', 'F25', 'F15-protected', 'F71-trohrmann@apache.org', 'F71-uce@apache.org', 'F3-Tuple2', 'F3-Values'}
     F72           ...            F71-trohrmann@apache.org
1  19805           ...                                   1
2  19805           ...                                   1
3  19805           ...                                   1

[3 rows x 46 columns]
;.;
        F72            ...             F71-trohrmann@apache.org
0  0.851521            ...                                  1.0
1  0.851521            ...                                  1.0
2  0.851521            ...                                  1.0

[3 rows x 46 columns]
training_x: (2815, 46)
training_y: 2815
testset_x: (2561, 46)
testset_y: 2561
              precision    recall  f1-score   support

           0       0.34      0.52      0.41       780
           1       0.73      0.55      0.63      1781

    accuracy                           0.54      2561
   macro avg       0.53      0.54      0.52      2561
weighted avg       0.61      0.54      0.56      2561

accuracy: 0.5447090980085904
0.6286624203821657
@@@ tn: 408, fp: 372, fn: 794, tp: 987
@@@ LIME - Creating explainer
@@@ LIME - Random Sampling of Instances
iter: 0, sample_no: 1361, actual label: 1, predicted: 0
iter: 1, sample_no: 2131, actual label: 1, predicted: 1
iter: 2, sample_no: 2320, actual label: 1, predicted: 1
iter: 3, sample_no: 1620, actual label: 1, predicted: 0
iter: 4, sample_no: 1637, actual label: 1, predicted: 1
iter: 5, sample_no: 1242, actual label: 1, predicted: 0
iter: 6, sample_no: 1819, actual label: 1, predicted: 0
iter: 7, sample_no: 903, actual label: 1, predicted: 0
iter: 8, sample_no: 552, actual label: 0, predicted: 1
iter: 9, sample_no: 1924, actual label: 1, predicted: 1
iter: 10, sample_no: 982, actual label: 1, predicted: 0
iter: 11, sample_no: 781, actual label: 1, predicted: 0
iter: 12, sample_no: 2224, actual label: 1, predicted: 0
iter: 13, sample_no: 139, actual label: 0, predicted: 0
iter: 14, sample_no: 776, actual label: 1, predicted: 0
iter: 15, sample_no: 1195, actual label: 1, predicted: 1
iter: 16, sample_no: 1903, actual label: 1, predicted: 1
iter: 17, sample_no: 1574, actual label: 1, predicted: 1
iter: 18, sample_no: 2026, actual label: 1, predicted: 1
iter: 19, sample_no: 1786, actual label: 1, predicted: 1
iter: 20, sample_no: 2093, actual label: 1, predicted: 0
iter: 21, sample_no: 2478, actual label: 1, predicted: 0
iter: 22, sample_no: 601, actual label: 0, predicted: 1
iter: 23, sample_no: 1807, actual label: 1, predicted: 0
iter: 24, sample_no: 1618, actual label: 1, predicted: 0
number of samples: 2561
AUC 0.6196360442851179
pos_get 1781
total recall stop_at 1.0
@@@ C - Repeat number: 7
@@@ D - common_header:  {'F104', 'F123', 'F77', 'F15-public', 'F71-aljoscha.krettek@gmail.com', 'category', 'F3-NA', 'F3-boolean', 'F71-fhueske@apache.org', 'F3-T', 'F3-Class', 'F41', 'F3-String', 'F65', 'F72', 'F116', 'F3-Double', 'F105', 'F126', 'F71-code@greghogan.com', 'F3-double', 'F110', 'F71-sewen@apache.org', 'F3-BooleanValue', 'F71-vasilikikalavri@gmail.com', 'F71-chesnay@apache.org', 'F71-rmetzger@apache.org', 'F3-byte', 'F71-lungu.andra@gmail.com', 'F120', 'F71-twalthr@apache.org', 'F115', 'F3-int', 'F15-private', 'F101', 'F117', 'F71-vasia@apache.org', 'F68', 'F15-NA', 'F22', 'F71-mxm@apache.org', 'F25', 'F15-protected', 'F71-trohrmann@apache.org', 'F71-uce@apache.org', 'F3-Tuple2', 'F3-Values'}
     F72           ...            F71-trohrmann@apache.org
1  19805           ...                                   1
2  19805           ...                                   1
3  19805           ...                                   1

[3 rows x 46 columns]
;.;
        F72            ...             F71-trohrmann@apache.org
0  0.851521            ...                                  1.0
1  0.851521            ...                                  1.0
2  0.851521            ...                                  1.0

[3 rows x 46 columns]
training_x: (2815, 46)
training_y: 2815
testset_x: (2561, 46)
testset_y: 2561
              precision    recall  f1-score   support

           0       0.34      0.52      0.41       780
           1       0.73      0.55      0.63      1781

    accuracy                           0.54      2561
   macro avg       0.53      0.54      0.52      2561
weighted avg       0.61      0.54      0.56      2561

accuracy: 0.5447090980085904
0.6286624203821657
@@@ tn: 408, fp: 372, fn: 794, tp: 987
@@@ LIME - Creating explainer
@@@ LIME - Random Sampling of Instances
iter: 0, sample_no: 1709, actual label: 1, predicted: 0
iter: 1, sample_no: 2456, actual label: 1, predicted: 0
iter: 2, sample_no: 410, actual label: 0, predicted: 1
iter: 3, sample_no: 1736, actual label: 1, predicted: 1
iter: 4, sample_no: 958, actual label: 1, predicted: 0
iter: 5, sample_no: 111, actual label: 0, predicted: 0
iter: 6, sample_no: 350, actual label: 0, predicted: 0
iter: 7, sample_no: 759, actual label: 1, predicted: 0
iter: 8, sample_no: 75, actual label: 1, predicted: 0
iter: 9, sample_no: 1090, actual label: 1, predicted: 1
iter: 10, sample_no: 592, actual label: 1, predicted: 0
iter: 11, sample_no: 135, actual label: 0, predicted: 0
iter: 12, sample_no: 1496, actual label: 0, predicted: 0
iter: 13, sample_no: 1086, actual label: 1, predicted: 1
iter: 14, sample_no: 1792, actual label: 1, predicted: 1
iter: 15, sample_no: 569, actual label: 1, predicted: 1
iter: 16, sample_no: 1026, actual label: 1, predicted: 0
iter: 17, sample_no: 1834, actual label: 1, predicted: 1
iter: 18, sample_no: 1282, actual label: 1, predicted: 0
iter: 19, sample_no: 442, actual label: 0, predicted: 1
iter: 20, sample_no: 1879, actual label: 1, predicted: 1
iter: 21, sample_no: 757, actual label: 1, predicted: 1
iter: 22, sample_no: 803, actual label: 1, predicted: 0
iter: 23, sample_no: 1197, actual label: 1, predicted: 1
iter: 24, sample_no: 1514, actual label: 0, predicted: 1
number of samples: 2561
AUC 0.6197112685181186
pos_get 1781
total recall stop_at 1.0
@@@ C - Repeat number: 8
@@@ D - common_header:  {'F104', 'F123', 'F77', 'F15-public', 'F71-aljoscha.krettek@gmail.com', 'category', 'F3-NA', 'F3-boolean', 'F71-fhueske@apache.org', 'F3-T', 'F3-Class', 'F41', 'F3-String', 'F65', 'F72', 'F116', 'F3-Double', 'F105', 'F126', 'F71-code@greghogan.com', 'F3-double', 'F110', 'F71-sewen@apache.org', 'F3-BooleanValue', 'F71-vasilikikalavri@gmail.com', 'F71-chesnay@apache.org', 'F71-rmetzger@apache.org', 'F3-byte', 'F71-lungu.andra@gmail.com', 'F120', 'F71-twalthr@apache.org', 'F115', 'F3-int', 'F15-private', 'F101', 'F117', 'F71-vasia@apache.org', 'F68', 'F15-NA', 'F22', 'F71-mxm@apache.org', 'F25', 'F15-protected', 'F71-trohrmann@apache.org', 'F71-uce@apache.org', 'F3-Tuple2', 'F3-Values'}
     F72           ...            F71-trohrmann@apache.org
1  19805           ...                                   1
2  19805           ...                                   1
3  19805           ...                                   1

[3 rows x 46 columns]
;.;
        F72            ...             F71-trohrmann@apache.org
0  0.851521            ...                                  1.0
1  0.851521            ...                                  1.0
2  0.851521            ...                                  1.0

[3 rows x 46 columns]
training_x: (2815, 46)
training_y: 2815
testset_x: (2561, 46)
testset_y: 2561
              precision    recall  f1-score   support

           0       0.34      0.52      0.41       780
           1       0.73      0.55      0.63      1781

    accuracy                           0.54      2561
   macro avg       0.53      0.54      0.52      2561
weighted avg       0.61      0.54      0.56      2561

accuracy: 0.5447090980085904
0.6286624203821657
@@@ tn: 408, fp: 372, fn: 794, tp: 987
@@@ LIME - Creating explainer
@@@ LIME - Random Sampling of Instances
iter: 0, sample_no: 1504, actual label: 1, predicted: 1
iter: 1, sample_no: 1927, actual label: 1, predicted: 1
iter: 2, sample_no: 2455, actual label: 1, predicted: 1
iter: 3, sample_no: 1763, actual label: 1, predicted: 1
iter: 4, sample_no: 2370, actual label: 1, predicted: 1
iter: 5, sample_no: 1649, actual label: 1, predicted: 1
iter: 6, sample_no: 2300, actual label: 1, predicted: 0
iter: 7, sample_no: 2465, actual label: 1, predicted: 1
iter: 8, sample_no: 109, actual label: 0, predicted: 0
iter: 9, sample_no: 1742, actual label: 1, predicted: 1
iter: 10, sample_no: 1931, actual label: 1, predicted: 1
iter: 11, sample_no: 2556, actual label: 1, predicted: 1
iter: 12, sample_no: 2039, actual label: 1, predicted: 0
iter: 13, sample_no: 615, actual label: 0, predicted: 0
iter: 14, sample_no: 624, actual label: 0, predicted: 0
iter: 15, sample_no: 1162, actual label: 1, predicted: 1
iter: 16, sample_no: 372, actual label: 0, predicted: 1
iter: 17, sample_no: 182, actual label: 1, predicted: 1
iter: 18, sample_no: 1529, actual label: 0, predicted: 0
iter: 19, sample_no: 1080, actual label: 1, predicted: 0
iter: 20, sample_no: 2015, actual label: 1, predicted: 1
iter: 21, sample_no: 2221, actual label: 1, predicted: 0
iter: 22, sample_no: 2422, actual label: 1, predicted: 1
iter: 23, sample_no: 840, actual label: 1, predicted: 0
iter: 24, sample_no: 1426, actual label: 0, predicted: 0
number of samples: 2561
AUC 0.6196428828517544
pos_get 1781
total recall stop_at 1.0
@@@ C - Repeat number: 9
@@@ D - common_header:  {'F104', 'F123', 'F77', 'F15-public', 'F71-aljoscha.krettek@gmail.com', 'category', 'F3-NA', 'F3-boolean', 'F71-fhueske@apache.org', 'F3-T', 'F3-Class', 'F41', 'F3-String', 'F65', 'F72', 'F116', 'F3-Double', 'F105', 'F126', 'F71-code@greghogan.com', 'F3-double', 'F110', 'F71-sewen@apache.org', 'F3-BooleanValue', 'F71-vasilikikalavri@gmail.com', 'F71-chesnay@apache.org', 'F71-rmetzger@apache.org', 'F3-byte', 'F71-lungu.andra@gmail.com', 'F120', 'F71-twalthr@apache.org', 'F115', 'F3-int', 'F15-private', 'F101', 'F117', 'F71-vasia@apache.org', 'F68', 'F15-NA', 'F22', 'F71-mxm@apache.org', 'F25', 'F15-protected', 'F71-trohrmann@apache.org', 'F71-uce@apache.org', 'F3-Tuple2', 'F3-Values'}
     F72           ...            F71-trohrmann@apache.org
1  19805           ...                                   1
2  19805           ...                                   1
3  19805           ...                                   1

[3 rows x 46 columns]
;.;
        F72            ...             F71-trohrmann@apache.org
0  0.851521            ...                                  1.0
1  0.851521            ...                                  1.0
2  0.851521            ...                                  1.0

[3 rows x 46 columns]
training_x: (2815, 46)
training_y: 2815
testset_x: (2561, 46)
testset_y: 2561
              precision    recall  f1-score   support

           0       0.34      0.52      0.41       780
           1       0.73      0.55      0.63      1781

    accuracy                           0.54      2561
   macro avg       0.53      0.54      0.52      2561
weighted avg       0.61      0.54      0.56      2561

accuracy: 0.5447090980085904
0.6286624203821657
@@@ tn: 408, fp: 372, fn: 794, tp: 987
@@@ LIME - Creating explainer
@@@ LIME - Random Sampling of Instances
iter: 0, sample_no: 2105, actual label: 1, predicted: 1
iter: 1, sample_no: 507, actual label: 0, predicted: 1
iter: 2, sample_no: 1658, actual label: 1, predicted: 1
iter: 3, sample_no: 79, actual label: 0, predicted: 0
iter: 4, sample_no: 1314, actual label: 1, predicted: 0
iter: 5, sample_no: 112, actual label: 0, predicted: 0
iter: 6, sample_no: 1102, actual label: 1, predicted: 1
iter: 7, sample_no: 1393, actual label: 0, predicted: 0
iter: 8, sample_no: 154, actual label: 0, predicted: 0
iter: 9, sample_no: 776, actual label: 1, predicted: 0
iter: 10, sample_no: 1423, actual label: 0, predicted: 0
iter: 11, sample_no: 544, actual label: 0, predicted: 0
iter: 12, sample_no: 877, actual label: 1, predicted: 0
iter: 13, sample_no: 1922, actual label: 1, predicted: 1
iter: 14, sample_no: 2338, actual label: 1, predicted: 0
iter: 15, sample_no: 470, actual label: 0, predicted: 0
iter: 16, sample_no: 2555, actual label: 1, predicted: 0
iter: 17, sample_no: 402, actual label: 0, predicted: 1
iter: 18, sample_no: 326, actual label: 0, predicted: 1
iter: 19, sample_no: 1963, actual label: 1, predicted: 1
iter: 20, sample_no: 945, actual label: 1, predicted: 0
iter: 21, sample_no: 1704, actual label: 1, predicted: 1
iter: 22, sample_no: 303, actual label: 0, predicted: 0
iter: 23, sample_no: 1365, actual label: 1, predicted: 0
iter: 24, sample_no: 1387, actual label: 1, predicted: 0
number of samples: 2561
AUC 0.6197224261794727
pos_get 1781
total recall stop_at 1.0
@@@ C - Repeat number: 10
Columns (0,3,4,5,6,7,8,9,10,11,12,13,14,15,16,17,18,19,20,21,22,23,24,25,26,27,28,29,30,31,32,33,34,35,36,37,38,39,40,41,42,43,44,45,46,47,48,49,50,51,52,53,54,55,56,57,58,59,60,61,62,63,64,65,66,67,68,69,70,71,72,73,74,75,76,77,78,79,80,81,82,83,84,85,86,87,88,89,90,91,92,93,94,95,96,97,98,99,100,101,102,103,104,105,106,107,108,109,110,111,112,113,114,115,116,117,118,119,120,121,122,123,124,125,126,127,128,129,130,131,132,133,134,135,136,137,138,139,140,141,142,143,144,145,146,147,148,149,150,151,152,153,154,155,156,157,158,159,160,161,162,163,164,165,166,167,168,169,170,171,172,173,174,175,176,177,178,179,180,181,182,183,184,185,186,187,188,189,190,191,192,193,194,195,196,197,198,199,200,201,202,203,204,205,206,207,208,209,210,211,212,213,214,215,216,217,218,219,220,221,222,223,224,225,226,227,228,229,230,231,232,233,234,235,236,237,238,239,240,241,242,243,244,245,246,247,248,249,250,251,252,253,254,255,256,257,258,259,260,261,262,263,264,265,266,267,268,269,271,273,274,275,276,277,278,279,280,281,282,283,284,285,286,287,288,289,290,291,292,293,294,295,296,297,298,299,300,301,302,303,304,305,306,307,308,309,310,311,312,313,314,315,316,317,318,319,320,321,322,323,324,325,326,327,328,329,330,331,332,333,334,335,336,337,338,339,340,341,342) have mixed types. Specify dtype option on import or set low_memory=False.
Columns (0,3,4,5,6,7,8,9,10,11,12,13,14,15,16,17,18,19,20,21,22,23,24,25,26,27,28,29,30,31,32,33,34,35,36,37,38,39,40,41,42,43,44,45,46,47,48,49,50,51,52,53,54,55,56,57,58,59,60,61,62,63,64,65,66,67,68,69,70,71,72,73,74,75,76,77,78,79,80,81,82,83,84,85,86,87,88,89,90,91,92,93,94,95,96,97,98,99,100,101,102,103,104,105,106,107,108,109,110,111,112,113,114,115,116,117,118,119,120,121,122,123,124,125,126,127,128,129,130,131,132,133,134,135,136,137,138,139,140,141,142,143,144,145,146,147,148,149,150,151,152,153,154,155,156,157,158,159,160,161,162,163,164,165,166,167,168,169,170,171,172,173,174,175,176,177,178,179,180,181,182,183,184,185,186,187,188,189,190,191,192,193,194,195,196,197,198,199,200,201,202,203,204,205,206,207,208,209,210,211,212,213,214,215,216,217,218,219,220,221,222,223,224,225,226,227,228,229,230,231,232,233,234,235,236,237,238,239,240,241,242,243,244,245,246,247,248,249,250,251,252,253,254,255,256,257,258,259,260,261,262,263,264,265,266,267,268,269,270,271,273,275,276,277,278,279,280,281,282,283,284,285,286,287,288,289,290,291,292,293,294,295,296,297,298,299,300,301,302,303,304,305,306,307,308,309,310,311,312,313,314,315,316,317,318,319,320,321,322,323,324,325,326,327,328,329,330,331,332,333,334,335,336,337,338,339,340,341,342,343,344) have mixed types. Specify dtype option on import or set low_memory=False.
Columns (0,3,4,5,6,7,8,9,10,11,12,13,14,15,16,17,18,19,20,21,22,23,24,25,26,27,28,29,30,31,32,33,34,35,36,37,38,39,40,41,42,43,44,45,46,47,48,49,50,51,52,53,54,55,56,57,58,59,60,61,62,63,64,65,66,67,68,69,70,71,72,73,74,75,76,77,78,79,80,81,82,83,84,85,86,87,88,89,90,91,92,93,94,95,96,97,98,99,100,101,102,103,104,105,106,107,108,109,110,111,112,113,114,115,116,117,118,119,120,121,122,123,124,125,126,127,128,129,130,131,132,133,134,135,136,137,138,139,140,141,142,143,144,145,146,147,148,149,150,151,152,153,154,155,156,157,158,159,160,161,162,163,164,165,166,167,168,169,170,171,172,173,174,175,176,177,178,179,180,181,182,183,184,185,186,187,188,189,190,191,192,193,194,195,196,197,198,199,200,201,202,203,204,205,206,207,208,209,210,211,212,213,214,215,216,217,218,219,220,221,222,223,224,225,226,227,228,229,230,231,232,233,234,235,236,237,238,239,240,241,242,243,244,245,246,247,248,249,250,251,252,253,254,255,256,257,258,259,260,261,262,263,264,265,266,267,268,269,271,273,274,275,276,277,278,279,280,281,282,283,284,285,286,287,288,289,290,291,292,293,294,295,296,297,298,299,300,301,302,303,304,305,306,307,308,309,310,311,312,313,314,315,316,317,318,319,320,321,322,323,324,325,326,327,328,329,330,331,332,333,334,335,336,337,338,339,340,341,342) have mixed types. Specify dtype option on import or set low_memory=False.
Columns (0,3,4,5,6,7,8,9,10,11,12,13,14,15,16,17,18,19,20,21,22,23,24,25,26,27,28,29,30,31,32,33,34,35,36,37,38,39,40,41,42,43,44,45,46,47,48,49,50,51,52,53,54,55,56,57,58,59,60,61,62,63,64,65,66,67,68,69,70,71,72,73,74,75,76,77,78,79,80,81,82,83,84,85,86,87,88,89,90,91,92,93,94,95,96,97,98,99,100,101,102,103,104,105,106,107,108,109,110,111,112,113,114,115,116,117,118,119,120,121,122,123,124,125,126,127,128,129,130,131,132,133,134,135,136,137,138,139,140,141,142,143,144,145,146,147,148,149,150,151,152,153,154,155,156,157,158,159,160,161,162,163,164,165,166,167,168,169,170,171,172,173,174,175,176,177,178,179,180,181,182,183,184,185,186,187,188,189,190,191,192,193,194,195,196,197,198,199,200,201,202,203,204,205,206,207,208,209,210,211,212,213,214,215,216,217,218,219,220,221,222,223,224,225,226,227,228,229,230,231,232,233,234,235,236,237,238,239,240,241,242,243,244,245,246,247,248,249,250,251,252,253,254,255,256,257,258,259,260,261,262,263,264,265,266,267,268,269,270,271,273,275,276,277,278,279,280,281,282,283,284,285,286,287,288,289,290,291,292,293,294,295,296,297,298,299,300,301,302,303,304,305,306,307,308,309,310,311,312,313,314,315,316,317,318,319,320,321,322,323,324,325,326,327,328,329,330,331,332,333,334,335,336,337,338,339,340,341,342,343,344) have mixed types. Specify dtype option on import or set low_memory=False.
Columns (0,3,4,5,6,7,8,9,10,11,12,13,14,15,16,17,18,19,20,21,22,23,24,25,26,27,28,29,30,31,32,33,34,35,36,37,38,39,40,41,42,43,44,45,46,47,48,49,50,51,52,53,54,55,56,57,58,59,60,61,62,63,64,65,66,67,68,69,70,71,72,73,74,75,76,77,78,79,80,81,82,83,84,85,86,87,88,89,90,91,92,93,94,95,96,97,98,99,100,101,102,103,104,105,106,107,108,109,110,111,112,113,114,115,116,117,118,119,120,121,122,123,124,125,126,127,128,129,130,131,132,133,134,135,136,137,138,139,140,141,142,143,144,145,146,147,148,149,150,151,152,153,154,155,156,157,158,159,160,161,162,163,164,165,166,167,168,169,170,171,172,173,174,175,176,177,178,179,180,181,182,183,184,185,186,187,188,189,190,191,192,193,194,195,196,197,198,199,200,201,202,203,204,205,206,207,208,209,210,211,212,213,214,215,216,217,218,219,220,221,222,223,224,225,226,227,228,229,230,231,232,233,234,235,236,237,238,239,240,241,242,243,244,245,246,247,248,249,250,251,252,253,254,255,256,257,258,259,260,261,262,263,264,265,266,267,268,269,271,273,274,275,276,277,278,279,280,281,282,283,284,285,286,287,288,289,290,291,292,293,294,295,296,297,298,299,300,301,302,303,304,305,306,307,308,309,310,311,312,313,314,315,316,317,318,319,320,321,322,323,324,325,326,327,328,329,330,331,332,333,334,335,336,337,338,339,340,341,342) have mixed types. Specify dtype option on import or set low_memory=False.
Columns (0,3,4,5,6,7,8,9,10,11,12,13,14,15,16,17,18,19,20,21,22,23,24,25,26,27,28,29,30,31,32,33,34,35,36,37,38,39,40,41,42,43,44,45,46,47,48,49,50,51,52,53,54,55,56,57,58,59,60,61,62,63,64,65,66,67,68,69,70,71,72,73,74,75,76,77,78,79,80,81,82,83,84,85,86,87,88,89,90,91,92,93,94,95,96,97,98,99,100,101,102,103,104,105,106,107,108,109,110,111,112,113,114,115,116,117,118,119,120,121,122,123,124,125,126,127,128,129,130,131,132,133,134,135,136,137,138,139,140,141,142,143,144,145,146,147,148,149,150,151,152,153,154,155,156,157,158,159,160,161,162,163,164,165,166,167,168,169,170,171,172,173,174,175,176,177,178,179,180,181,182,183,184,185,186,187,188,189,190,191,192,193,194,195,196,197,198,199,200,201,202,203,204,205,206,207,208,209,210,211,212,213,214,215,216,217,218,219,220,221,222,223,224,225,226,227,228,229,230,231,232,233,234,235,236,237,238,239,240,241,242,243,244,245,246,247,248,249,250,251,252,253,254,255,256,257,258,259,260,261,262,263,264,265,266,267,268,269,270,271,273,275,276,277,278,279,280,281,282,283,284,285,286,287,288,289,290,291,292,293,294,295,296,297,298,299,300,301,302,303,304,305,306,307,308,309,310,311,312,313,314,315,316,317,318,319,320,321,322,323,324,325,326,327,328,329,330,331,332,333,334,335,336,337,338,339,340,341,342,343,344) have mixed types. Specify dtype option on import or set low_memory=False.
Columns (0,3,4,5,6,7,8,9,10,11,12,13,14,15,16,17,18,19,20,21,22,23,24,25,26,27,28,29,30,31,32,33,34,35,36,37,38,39,40,41,42,43,44,45,46,47,48,49,50,51,52,53,54,55,56,57,58,59,60,61,62,63,64,65,66,67,68,69,70,71,72,73,74,75,76,77,78,79,80,81,82,83,84,85,86,87,88,89,90,91,92,93,94,95,96,97,98,99,100,101,102,103,104,105,106,107,108,109,110,111,112,113,114,115,116,117,118,119,120,121,122,123,124,125,126,127,128,129,130,131,132,133,134,135,136,137,138,139,140,141,142,143,144,145,146,147,148,149,150,151,152,153,154,155,156,157,158,159,160,161,162,163,164,165,166,167,168,169,170,171,172,173,174,175,176,177,178,179,180,181,182,183,184,185,186,187,188,189,190,191,192,193,194,195,196,197,198,199,200,201,202,203,204,205,206,207,208,209,210,211,212,213,214,215,216,217,218,219,220,221,222,223,224,225,226,227,228,229,230,231,232,233,234,235,236,237,238,239,240,241,242,243,244,245,246,247,248,249,250,251,252,253,254,255,256,257,258,259,260,261,262,263,264,265,266,267,268,269,271,273,274,275,276,277,278,279,280,281,282,283,284,285,286,287,288,289,290,291,292,293,294,295,296,297,298,299,300,301,302,303,304,305,306,307,308,309,310,311,312,313,314,315,316,317,318,319,320,321,322,323,324,325,326,327,328,329,330,331,332,333,334,335,336,337,338,339,340,341,342) have mixed types. Specify dtype option on import or set low_memory=False.
@@@ D - common_header:  {'F104', 'F123', 'F77', 'F15-public', 'F71-aljoscha.krettek@gmail.com', 'category', 'F3-NA', 'F3-boolean', 'F71-fhueske@apache.org', 'F3-T', 'F3-Class', 'F41', 'F3-String', 'F65', 'F72', 'F116', 'F3-Double', 'F105', 'F126', 'F71-code@greghogan.com', 'F3-double', 'F110', 'F71-sewen@apache.org', 'F3-BooleanValue', 'F71-vasilikikalavri@gmail.com', 'F71-chesnay@apache.org', 'F71-rmetzger@apache.org', 'F3-byte', 'F71-lungu.andra@gmail.com', 'F120', 'F71-twalthr@apache.org', 'F115', 'F3-int', 'F15-private', 'F101', 'F117', 'F71-vasia@apache.org', 'F68', 'F15-NA', 'F22', 'F71-mxm@apache.org', 'F25', 'F15-protected', 'F71-trohrmann@apache.org', 'F71-uce@apache.org', 'F3-Tuple2', 'F3-Values'}
     F72           ...            F71-trohrmann@apache.org
1  19805           ...                                   1
2  19805           ...                                   1
3  19805           ...                                   1

[3 rows x 46 columns]
;.;
        F72            ...             F71-trohrmann@apache.org
0  0.851521            ...                                  1.0
1  0.851521            ...                                  1.0
2  0.851521            ...                                  1.0

[3 rows x 46 columns]
training_x: (2815, 46)
training_y: 2815
testset_x: (2561, 46)
testset_y: 2561
              precision    recall  f1-score   support

           0       0.34      0.52      0.41       780
           1       0.73      0.55      0.63      1781

    accuracy                           0.54      2561
   macro avg       0.53      0.54      0.52      2561
weighted avg       0.61      0.54      0.56      2561

accuracy: 0.5447090980085904
0.6286624203821657
@@@ tn: 408, fp: 372, fn: 794, tp: 987
@@@ LIME - Creating explainer
@@@ LIME - Random Sampling of Instances
Columns (0,3,4,5,6,7,8,9,10,11,12,13,14,15,16,17,18,19,20,21,22,23,24,25,26,27,28,29,30,31,32,33,34,35,36,37,38,39,40,41,42,43,44,45,46,47,48,49,50,51,52,53,54,55,56,57,58,59,60,61,62,63,64,65,66,67,68,69,70,71,72,73,74,75,76,77,78,79,80,81,82,83,84,85,86,87,88,89,90,91,92,93,94,95,96,97,98,99,100,101,102,103,104,105,106,107,108,109,110,111,112,113,114,115,116,117,118,119,120,121,122,123,124,125,126,127,128,129,130,131,132,133,134,135,136,137,138,139,140,141,142,143,144,145,146,147,148,149,150,151,152,153,154,155,156,157,158,159,160,161,162,163,164,165,166,167,168,169,170,171,172,173,174,175,176,177,178,179,180,181,182,183,184,185,186,187,188,189,190,191,192,193,194,195,196,197,198,199,200,201,202,203,204,205,206,207,208,209,210,211,212,213,214,215,216,217,218,219,220,221,222,223,224,225,226,227,228,229,230,231,232,233,234,235,236,237,238,239,240,241,242,243,244,245,246,247,248,249,250,251,252,253,254,255,256,257,258,259,260,261,262,263,264,265,266,267,268,269,270,271,273,275,276,277,278,279,280,281,282,283,284,285,286,287,288,289,290,291,292,293,294,295,296,297,298,299,300,301,302,303,304,305,306,307,308,309,310,311,312,313,314,315,316,317,318,319,320,321,322,323,324,325,326,327,328,329,330,331,332,333,334,335,336,337,338,339,340,341,342,343,344) have mixed types. Specify dtype option on import or set low_memory=False.
iter: 0, sample_no: 1692, actual label: 1, predicted: 1
iter: 1, sample_no: 1622, actual label: 1, predicted: 0
iter: 2, sample_no: 1105, actual label: 1, predicted: 1
iter: 3, sample_no: 2029, actual label: 1, predicted: 1
iter: 4, sample_no: 1997, actual label: 1, predicted: 1
iter: 5, sample_no: 2215, actual label: 1, predicted: 0
iter: 6, sample_no: 2237, actual label: 1, predicted: 0
iter: 7, sample_no: 148, actual label: 0, predicted: 0
iter: 8, sample_no: 550, actual label: 0, predicted: 1
iter: 9, sample_no: 780, actual label: 1, predicted: 0
iter: 10, sample_no: 445, actual label: 0, predicted: 0
iter: 11, sample_no: 309, actual label: 0, predicted: 0
iter: 12, sample_no: 2349, actual label: 1, predicted: 1
iter: 13, sample_no: 2201, actual label: 1, predicted: 1
iter: 14, sample_no: 2040, actual label: 1, predicted: 1
iter: 15, sample_no: 896, actual label: 1, predicted: 0
iter: 16, sample_no: 1595, actual label: 1, predicted: 0
iter: 17, sample_no: 1917, actual label: 1, predicted: 1
iter: 18, sample_no: 1148, actual label: 1, predicted: 1
iter: 19, sample_no: 303, actual label: 0, predicted: 0
iter: 20, sample_no: 1417, actual label: 1, predicted: 1
iter: 21, sample_no: 1599, actual label: 1, predicted: 1
iter: 22, sample_no: 2345, actual label: 1, predicted: 1
iter: 23, sample_no: 1472, actual label: 0, predicted: 1
iter: 24, sample_no: 1085, actual label: 1, predicted: 1
number of samples: 2561
AUC 0.6196547603622281
pos_get 1781
total recall stop_at 1.0
----------threshold stop at----------: 1
AUC [0.6196587195323859, 0.6196633985516635, 0.6196284858693617, 0.6196590794569459, 0.619718107084755, 0.6196360442851179, 0.6197112685181186, 0.6196428828517544, 0.6197224261794727, 0.6196547603622281]
AUC_median 0.6196588994946659
AUC_iqr 5.344879713198303e-05
cost [1.0, 1.0, 1.0, 1.0, 1.0, 1.0, 1.0, 1.0, 1.0, 1.0]
COST_med 1.0
COST_iqr 0.0
f1_pos_list [0.6286624203821657, 0.6286624203821657, 0.6286624203821657, 0.6286624203821657, 0.6286624203821657, 0.6286624203821657, 0.6286624203821657, 0.6286624203821657, 0.6286624203821657, 0.6286624203821657]
f1_pos_med 0.6286624203821657
