@@@ A - classifier: SVC(C=1.0, break_ties=False, cache_size=200, class_weight='balanced', coef0=0.0,
    decision_function_shape='ovr', degree=3, gamma='scale', kernel='linear',
    max_iter=-1, probability=True, random_state=None, shrinking=True, tol=0.001,
    verbose=False)
@@@ B - threshold stop at: 1
@@@ C - Repeat number: 1
@@@ D - common_header:  {'F3-BitSet', 'F3-NA', 'F77', 'F71-johan@apache.org', 'F71-gdusbabek@apache.org', 'F3-PrintStream', 'F65', 'F3-EncryptionOptions', 'F3-arg0.name().toByteBuffer()', 'F71-aleksey@apache.org', 'F126', 'F71-sylvain@datastax.com', 'F71-marcuse@apache.org', 'F104', 'F3-String', 'F120', 'F115', 'F3-DecoratedKey', 'F71-yukim@apache.org', 'F71-jake@apache.org', 'F72', 'F3-byte[]', 'F3-Thread', 'F105', 'F110', 'F117', 'F3-int', 'F101', 'F71-benedict@apache.org', 'F71-eevans@apache.org', 'F3-ByteBuffer', 'F116', 'F3-long', 'F71-vijay2win@gmail.com', 'F3-Class', 'F3-SSTableReader', 'F15-public', 'F15-private', 'F71-xedin@apache.org', 'F71-brandonwilliams@apache.org', 'F71-jbellis@apache.org', 'F71-tyler@datastax.com', 'F3-char', 'F22', 'F25', 'F15-NA', 'F3-String[]', 'F15-protected', 'F3-ListenableFutureTask', 'F3-boolean', 'F3-InetAddress', 'F41', 'F71-jmckenzie@apache.org', 'F71-slebresne@apache.org', 'F3-input', 'F71-dbrosius@mebigfatguy.com', 'F71-jakers@gmail.com', 'F71-dbrosius@apache.org', 'F68', 'category', 'F123'}
     F72           ...            F71-slebresne@apache.org
1  10814           ...                                   0
2  10814           ...                                   0
3  10896           ...                                   0

[3 rows x 60 columns]
;.;
        F72            ...             F71-slebresne@apache.org
0  0.743258            ...                                  0.0
1  0.743258            ...                                  0.0
2  0.750369            ...                                  0.0

[3 rows x 60 columns]
training_x: (2584, 60)
training_y: 2584
testset_x: (34, 60)
testset_y: 34
              precision    recall  f1-score   support

           0       1.00      0.92      0.96        25
           1       0.82      1.00      0.90         9

    accuracy                           0.94        34
   macro avg       0.91      0.96      0.93        34
weighted avg       0.95      0.94      0.94        34

accuracy: 0.9411764705882353
0.9
@@@ tn: 23, fp: 2, fn: 0, tp: 9
@@@ LIME - Creating explainer
@@@ LIME - Random Sampling of Instances
iter: 0, sample_no: 0, actual label: 0, predicted: 0
iter: 1, sample_no: 7, actual label: 0, predicted: 0
iter: 2, sample_no: 9, actual label: 0, predicted: 0
iter: 3, sample_no: 13, actual label: 0, predicted: 1
iter: 4, sample_no: 23, actual label: 0, predicted: 0
iter: 5, sample_no: 25, actual label: 0, predicted: 0
iter: 6, sample_no: 10, actual label: 1, predicted: 1
iter: 7, sample_no: 12, actual label: 0, predicted: 0
iter: 8, sample_no: 4, actual label: 1, predicted: 1
iter: 9, sample_no: 21, actual label: 0, predicted: 0
iter: 10, sample_no: 11, actual label: 1, predicted: 1
iter: 11, sample_no: 17, actual label: 0, predicted: 0
iter: 12, sample_no: 24, actual label: 0, predicted: 0
iter: 13, sample_no: 25, actual label: 0, predicted: 0
iter: 14, sample_no: 7, actual label: 0, predicted: 0
iter: 15, sample_no: 27, actual label: 0, predicted: 0
iter: 16, sample_no: 17, actual label: 0, predicted: 0
iter: 17, sample_no: 23, actual label: 0, predicted: 0
iter: 18, sample_no: 28, actual label: 0, predicted: 1
iter: 19, sample_no: 2, actual label: 1, predicted: 1
iter: 20, sample_no: 20, actual label: 0, predicted: 0
iter: 21, sample_no: 11, actual label: 1, predicted: 1
iter: 22, sample_no: 22, actual label: 0, predicted: 0
iter: 23, sample_no: 20, actual label: 0, predicted: 0
iter: 24, sample_no: 20, actual label: 0, predicted: 0
number of samples: 34
AUC 0.991111111111111
pos_get 9
total recall stop_at 1.0
@@@ C - Repeat number: 2
@@@ D - common_header:  {'F3-BitSet', 'F3-NA', 'F77', 'F71-johan@apache.org', 'F71-gdusbabek@apache.org', 'F3-PrintStream', 'F65', 'F3-EncryptionOptions', 'F3-arg0.name().toByteBuffer()', 'F71-aleksey@apache.org', 'F126', 'F71-sylvain@datastax.com', 'F71-marcuse@apache.org', 'F104', 'F3-String', 'F120', 'F115', 'F3-DecoratedKey', 'F71-yukim@apache.org', 'F71-jake@apache.org', 'F72', 'F3-byte[]', 'F3-Thread', 'F105', 'F110', 'F117', 'F3-int', 'F101', 'F71-benedict@apache.org', 'F71-eevans@apache.org', 'F3-ByteBuffer', 'F116', 'F3-long', 'F71-vijay2win@gmail.com', 'F3-Class', 'F3-SSTableReader', 'F15-public', 'F15-private', 'F71-xedin@apache.org', 'F71-brandonwilliams@apache.org', 'F71-jbellis@apache.org', 'F71-tyler@datastax.com', 'F3-char', 'F22', 'F25', 'F15-NA', 'F3-String[]', 'F15-protected', 'F3-ListenableFutureTask', 'F3-boolean', 'F3-InetAddress', 'F41', 'F71-jmckenzie@apache.org', 'F71-slebresne@apache.org', 'F3-input', 'F71-dbrosius@mebigfatguy.com', 'F71-jakers@gmail.com', 'F71-dbrosius@apache.org', 'F68', 'category', 'F123'}
     F72           ...            F71-slebresne@apache.org
1  10814           ...                                   0
2  10814           ...                                   0
3  10896           ...                                   0

[3 rows x 60 columns]
;.;
        F72            ...             F71-slebresne@apache.org
0  0.743258            ...                                  0.0
1  0.743258            ...                                  0.0
2  0.750369            ...                                  0.0

[3 rows x 60 columns]
training_x: (2584, 60)
training_y: 2584
testset_x: (34, 60)
testset_y: 34
              precision    recall  f1-score   support

           0       1.00      0.92      0.96        25
           1       0.82      1.00      0.90         9

    accuracy                           0.94        34
   macro avg       0.91      0.96      0.93        34
weighted avg       0.95      0.94      0.94        34

accuracy: 0.9411764705882353
0.9
@@@ tn: 23, fp: 2, fn: 0, tp: 9
@@@ LIME - Creating explainer
@@@ LIME - Random Sampling of Instances
iter: 0, sample_no: 3, actual label: 1, predicted: 1
iter: 1, sample_no: 26, actual label: 0, predicted: 0
iter: 2, sample_no: 2, actual label: 1, predicted: 1
iter: 3, sample_no: 33, actual label: 0, predicted: 0
iter: 4, sample_no: 11, actual label: 1, predicted: 1
iter: 5, sample_no: 8, actual label: 0, predicted: 0
iter: 6, sample_no: 1, actual label: 0, predicted: 0
iter: 7, sample_no: 19, actual label: 0, predicted: 0
iter: 8, sample_no: 16, actual label: 1, predicted: 1
iter: 9, sample_no: 4, actual label: 1, predicted: 1
iter: 10, sample_no: 6, actual label: 1, predicted: 1
iter: 11, sample_no: 23, actual label: 0, predicted: 0
iter: 12, sample_no: 33, actual label: 0, predicted: 0
iter: 13, sample_no: 7, actual label: 0, predicted: 0
iter: 14, sample_no: 13, actual label: 0, predicted: 1
iter: 15, sample_no: 12, actual label: 0, predicted: 0
iter: 16, sample_no: 9, actual label: 0, predicted: 0
iter: 17, sample_no: 15, actual label: 0, predicted: 0
iter: 18, sample_no: 21, actual label: 0, predicted: 0
iter: 19, sample_no: 22, actual label: 0, predicted: 0
iter: 20, sample_no: 14, actual label: 0, predicted: 0
iter: 21, sample_no: 22, actual label: 0, predicted: 0
iter: 22, sample_no: 8, actual label: 0, predicted: 0
iter: 23, sample_no: 17, actual label: 0, predicted: 0
iter: 24, sample_no: 32, actual label: 1, predicted: 1
number of samples: 34
AUC 0.991111111111111
pos_get 9
total recall stop_at 1.0
@@@ C - Repeat number: 3
@@@ D - common_header:  {'F3-BitSet', 'F3-NA', 'F77', 'F71-johan@apache.org', 'F71-gdusbabek@apache.org', 'F3-PrintStream', 'F65', 'F3-EncryptionOptions', 'F3-arg0.name().toByteBuffer()', 'F71-aleksey@apache.org', 'F126', 'F71-sylvain@datastax.com', 'F71-marcuse@apache.org', 'F104', 'F3-String', 'F120', 'F115', 'F3-DecoratedKey', 'F71-yukim@apache.org', 'F71-jake@apache.org', 'F72', 'F3-byte[]', 'F3-Thread', 'F105', 'F110', 'F117', 'F3-int', 'F101', 'F71-benedict@apache.org', 'F71-eevans@apache.org', 'F3-ByteBuffer', 'F116', 'F3-long', 'F71-vijay2win@gmail.com', 'F3-Class', 'F3-SSTableReader', 'F15-public', 'F15-private', 'F71-xedin@apache.org', 'F71-brandonwilliams@apache.org', 'F71-jbellis@apache.org', 'F71-tyler@datastax.com', 'F3-char', 'F22', 'F25', 'F15-NA', 'F3-String[]', 'F15-protected', 'F3-ListenableFutureTask', 'F3-boolean', 'F3-InetAddress', 'F41', 'F71-jmckenzie@apache.org', 'F71-slebresne@apache.org', 'F3-input', 'F71-dbrosius@mebigfatguy.com', 'F71-jakers@gmail.com', 'F71-dbrosius@apache.org', 'F68', 'category', 'F123'}
     F72           ...            F71-slebresne@apache.org
1  10814           ...                                   0
2  10814           ...                                   0
3  10896           ...                                   0

[3 rows x 60 columns]
;.;
        F72            ...             F71-slebresne@apache.org
0  0.743258            ...                                  0.0
1  0.743258            ...                                  0.0
2  0.750369            ...                                  0.0

[3 rows x 60 columns]
training_x: (2584, 60)
training_y: 2584
testset_x: (34, 60)
testset_y: 34
              precision    recall  f1-score   support

           0       1.00      0.92      0.96        25
           1       0.82      1.00      0.90         9

    accuracy                           0.94        34
   macro avg       0.91      0.96      0.93        34
weighted avg       0.95      0.94      0.94        34

accuracy: 0.9411764705882353
0.9
@@@ tn: 23, fp: 2, fn: 0, tp: 9
@@@ LIME - Creating explainer
@@@ LIME - Random Sampling of Instances
iter: 0, sample_no: 30, actual label: 0, predicted: 0
iter: 1, sample_no: 24, actual label: 0, predicted: 0
iter: 2, sample_no: 2, actual label: 1, predicted: 1
iter: 3, sample_no: 28, actual label: 0, predicted: 1
iter: 4, sample_no: 11, actual label: 1, predicted: 1
iter: 5, sample_no: 14, actual label: 0, predicted: 0
iter: 6, sample_no: 6, actual label: 1, predicted: 1
iter: 7, sample_no: 10, actual label: 1, predicted: 1
iter: 8, sample_no: 24, actual label: 0, predicted: 0
iter: 9, sample_no: 23, actual label: 0, predicted: 0
iter: 10, sample_no: 10, actual label: 1, predicted: 1
iter: 11, sample_no: 21, actual label: 0, predicted: 0
iter: 12, sample_no: 2, actual label: 1, predicted: 1
iter: 13, sample_no: 5, actual label: 0, predicted: 0
iter: 14, sample_no: 0, actual label: 0, predicted: 0
iter: 15, sample_no: 6, actual label: 1, predicted: 1
iter: 16, sample_no: 18, actual label: 1, predicted: 1
iter: 17, sample_no: 15, actual label: 0, predicted: 0
iter: 18, sample_no: 19, actual label: 0, predicted: 0
iter: 19, sample_no: 17, actual label: 0, predicted: 0
iter: 20, sample_no: 15, actual label: 0, predicted: 0
iter: 21, sample_no: 17, actual label: 0, predicted: 0
iter: 22, sample_no: 13, actual label: 0, predicted: 1
iter: 23, sample_no: 30, actual label: 0, predicted: 0
iter: 24, sample_no: 33, actual label: 0, predicted: 0
number of samples: 34
AUC 0.991111111111111
pos_get 9
total recall stop_at 1.0
@@@ C - Repeat number: 4
@@@ D - common_header:  {'F3-BitSet', 'F3-NA', 'F77', 'F71-johan@apache.org', 'F71-gdusbabek@apache.org', 'F3-PrintStream', 'F65', 'F3-EncryptionOptions', 'F3-arg0.name().toByteBuffer()', 'F71-aleksey@apache.org', 'F126', 'F71-sylvain@datastax.com', 'F71-marcuse@apache.org', 'F104', 'F3-String', 'F120', 'F115', 'F3-DecoratedKey', 'F71-yukim@apache.org', 'F71-jake@apache.org', 'F72', 'F3-byte[]', 'F3-Thread', 'F105', 'F110', 'F117', 'F3-int', 'F101', 'F71-benedict@apache.org', 'F71-eevans@apache.org', 'F3-ByteBuffer', 'F116', 'F3-long', 'F71-vijay2win@gmail.com', 'F3-Class', 'F3-SSTableReader', 'F15-public', 'F15-private', 'F71-xedin@apache.org', 'F71-brandonwilliams@apache.org', 'F71-jbellis@apache.org', 'F71-tyler@datastax.com', 'F3-char', 'F22', 'F25', 'F15-NA', 'F3-String[]', 'F15-protected', 'F3-ListenableFutureTask', 'F3-boolean', 'F3-InetAddress', 'F41', 'F71-jmckenzie@apache.org', 'F71-slebresne@apache.org', 'F3-input', 'F71-dbrosius@mebigfatguy.com', 'F71-jakers@gmail.com', 'F71-dbrosius@apache.org', 'F68', 'category', 'F123'}
     F72           ...            F71-slebresne@apache.org
1  10814           ...                                   0
2  10814           ...                                   0
3  10896           ...                                   0

[3 rows x 60 columns]
;.;
        F72            ...             F71-slebresne@apache.org
0  0.743258            ...                                  0.0
1  0.743258            ...                                  0.0
2  0.750369            ...                                  0.0

[3 rows x 60 columns]
training_x: (2584, 60)
training_y: 2584
testset_x: (34, 60)
testset_y: 34
              precision    recall  f1-score   support

           0       1.00      0.92      0.96        25
           1       0.82      1.00      0.90         9

    accuracy                           0.94        34
   macro avg       0.91      0.96      0.93        34
weighted avg       0.95      0.94      0.94        34

accuracy: 0.9411764705882353
0.9
@@@ tn: 23, fp: 2, fn: 0, tp: 9
@@@ LIME - Creating explainer
@@@ LIME - Random Sampling of Instances
iter: 0, sample_no: 5, actual label: 0, predicted: 0
iter: 1, sample_no: 8, actual label: 0, predicted: 0
iter: 2, sample_no: 33, actual label: 0, predicted: 0
iter: 3, sample_no: 8, actual label: 0, predicted: 0
iter: 4, sample_no: 8, actual label: 0, predicted: 0
iter: 5, sample_no: 33, actual label: 0, predicted: 0
iter: 6, sample_no: 31, actual label: 0, predicted: 0
iter: 7, sample_no: 15, actual label: 0, predicted: 0
iter: 8, sample_no: 16, actual label: 1, predicted: 1
iter: 9, sample_no: 6, actual label: 1, predicted: 1
iter: 10, sample_no: 31, actual label: 0, predicted: 0
iter: 11, sample_no: 26, actual label: 0, predicted: 0
iter: 12, sample_no: 8, actual label: 0, predicted: 0
iter: 13, sample_no: 21, actual label: 0, predicted: 0
iter: 14, sample_no: 6, actual label: 1, predicted: 1
iter: 15, sample_no: 12, actual label: 0, predicted: 0
iter: 16, sample_no: 13, actual label: 0, predicted: 1
iter: 17, sample_no: 27, actual label: 0, predicted: 0
iter: 18, sample_no: 11, actual label: 1, predicted: 1
iter: 19, sample_no: 12, actual label: 0, predicted: 0
iter: 20, sample_no: 4, actual label: 1, predicted: 1
iter: 21, sample_no: 23, actual label: 0, predicted: 0
iter: 22, sample_no: 4, actual label: 1, predicted: 1
iter: 23, sample_no: 8, actual label: 0, predicted: 0
iter: 24, sample_no: 31, actual label: 0, predicted: 0
number of samples: 34
AUC 0.991111111111111
pos_get 9
total recall stop_at 1.0
@@@ C - Repeat number: 5
/Users/author1/anaconda3/lib/python3.6/site-packages/tensorflow/python/framework/dtypes.py:463: FutureWarning: Passing (type, 1) or '1type' as a synonym of type is deprecated; in a future version of numpy, it will be understood as (type, (1,)) / '(1,)type'.
  _np_qint8 = np.dtype([("qint8", np.int8, 1)])
/Users/author1/anaconda3/lib/python3.6/site-packages/tensorflow/python/framework/dtypes.py:464: FutureWarning: Passing (type, 1) or '1type' as a synonym of type is deprecated; in a future version of numpy, it will be understood as (type, (1,)) / '(1,)type'.
  _np_quint8 = np.dtype([("quint8", np.uint8, 1)])
/Users/author1/anaconda3/lib/python3.6/site-packages/tensorflow/python/framework/dtypes.py:465: FutureWarning: Passing (type, 1) or '1type' as a synonym of type is deprecated; in a future version of numpy, it will be understood as (type, (1,)) / '(1,)type'.
  _np_qint16 = np.dtype([("qint16", np.int16, 1)])
/Users/author1/anaconda3/lib/python3.6/site-packages/tensorflow/python/framework/dtypes.py:466: FutureWarning: Passing (type, 1) or '1type' as a synonym of type is deprecated; in a future version of numpy, it will be understood as (type, (1,)) / '(1,)type'.
  _np_quint16 = np.dtype([("quint16", np.uint16, 1)])
/Users/author1/anaconda3/lib/python3.6/site-packages/tensorflow/python/framework/dtypes.py:467: FutureWarning: Passing (type, 1) or '1type' as a synonym of type is deprecated; in a future version of numpy, it will be understood as (type, (1,)) / '(1,)type'.
  _np_qint32 = np.dtype([("qint32", np.int32, 1)])
Columns (0,3,4,5,6,7,8,9,10,11,12,13,14,15,16,17,18,19,20,21,22,23,24,25,26,27,28,29,30,31,32,33,34,35,36,37,38,39,40,41,42,43,44,45,46,47,48,49,50,51,52,53,54,55,56,57,58,59,60,61,62,63,64,65,66,67,68,69,70,71,72,73,74,75,76,77,78,79,80,81,82,83,84,85,86,87,88,89,90,91,92,93,94,95,96,97,98,99,100,101,102,103,104,105,106,107,108,109,110,111,112,113,114,115,116,117,118,119,120,121,122,123,124,125,126,127,128,129,130,131,132,133,134,135,136,137,138,139,140,141,142,143,144,145,146,147,148,149,150,151,152,153,154,155,156,157,158,159,160,161,162,163,164,165,166,167,168,169,170,171,172,173,174,175,176,177,178,179,180,181,182,183,184,185,186,187,188,189,190,191,192,193,194,195,196,197,198,199,200,201,202,203,204,205,206,207,208,209,210,211,212,213,214,215,216,217,218,219,220,221,222,223,224,225,226,227,228,229,230,231,232,233,234,235,236,237,238,239,240,241,242,243,244,245,246,247,248,249,250,251,252,253,254,255,256,257,258,259,260,261,262,263,264,265,266,267,268,269,270,271,272,273,274,275,276,277,279,281,282,283,284,285,286,287,288,289,290,291,292,293,294,295,296,297,298,299,300,301,302,303,304,305,306,307,308,309,310,311,312,313,314,315,316,317,318,319,320,321,322,323,324,325,326,327,328,329,330,331,332,333,334,335,336,337,338,339,340,341,342,343,344,345,346,347,348,349,350) have mixed types. Specify dtype option on import or set low_memory=False.
Columns (0,3,4,5,6,7,8,9,10,11,12,13,14,15,16,17,18,19,20,21,22,23,24,25,26,27,28,29,30,31,32,33,34,35,36,37,38,39,40,41,42,43,44,45,46,47,48,49,50,51,52,53,54,55,56,57,58,59,60,61,62,63,64,65,66,67,68,69,70,71,72,73,74,75,76,77,78,79,80,81,82,83,84,85,86,87,88,89,90,91,92,93,94,95,96,97,98,99,100,101,102,103,104,105,106,107,108,109,110,111,112,113,114,115,116,117,118,119,120,121,122,123,124,125,126,127,128,129,130,131,132,133,134,135,136,137,138,139,140,141,142,143,144,145,146,147,148,149,150,151,152,153,154,155,156,157,158,159,160,161,162,163,164,165,166,167,168,169,170,171,172,173,174,175,176,177,178,179,180,181,182,183,184,185,186,187,188,189,190,191,192,193,194,195,196,197,198,199,200,201,202,203,204,205,206,207,208,209,210,211,212,213,214,215,216,217,218,219,220,221,222,223,224,225,226,227,228,229,230,231,232,233,234,235,236,237,238,239,240,241,242,243,244,245,246,247,248,249,250,251,252,253,254,255,256,257,258,259,260,261,262,263,264,265,266,267,268,269,270,271,272,273,274,275,276,277,279,281,282,283,284,285,286,287,288,289,290,291,292,293,294,295,296,297,298,299,300,301,302,303,304,305,306,307,308,309,310,311,312,313,314,315,316,317,318,319,320,321,322,323,324,325,326,327,328,329,330,331,332,333,334,335,336,337,338,339,340,341,342,343,344,345,346,347,348,349,350) have mixed types. Specify dtype option on import or set low_memory=False.
Columns (0,3,4,5,6,7,8,9,10,11,12,13,14,15,16,17,18,19,20,21,22,23,24,25,26,27,28,29,30,31,32,33,34,35,36,37,38,39,40,41,42,43,44,45,46,47,48,49,50,51,52,53,54,55,56,57,58,59,60,61,62,63,64,65,66,67,68,69,70,71,72,73,74,75,76,77,78,79,80,81,82,83,84,85,86,87,88,89,90,91,92,93,94,95,96,97,98,99,100,101,102,103,104,105,106,107,108,109,110,111,112,113,114,115,116,117,118,119,120,121,122,123,124,125,126,127,128,129,130,131,132,133,134,135,136,137,138,139,140,141,142,143,144,145,146,147,148,149,150,151,152,153,154,155,156,157,158,159,160,161,162,163,164,165,166,167,168,169,170,171,172,173,174,175,176,177,178,179,180,181,182,183,184,185,186,187,188,189,190,191,192,193,194,195,196,197,198,199,200,201,202,203,204,205,206,207,208,209,210,211,212,213,214,215,216,217,218,219,220,221,222,223,224,225,226,227,228,229,230,231,232,233,234,235,236,237,238,239,240,241,242,243,244,245,246,247,248,249,250,251,252,253,254,255,256,257,258,259,260,261,262,263,264,265,266,267,268,269,270,271,272,273,274,275,276,277,279,281,282,283,284,285,286,287,288,289,290,291,292,293,294,295,296,297,298,299,300,301,302,303,304,305,306,307,308,309,310,311,312,313,314,315,316,317,318,319,320,321,322,323,324,325,326,327,328,329,330,331,332,333,334,335,336,337,338,339,340,341,342,343,344,345,346,347,348,349,350) have mixed types. Specify dtype option on import or set low_memory=False.
Columns (0,3,4,5,6,7,8,9,10,11,12,13,14,15,16,17,18,19,20,21,22,23,24,25,26,27,28,29,30,31,32,33,34,35,36,37,38,39,40,41,42,43,44,45,46,47,48,49,50,51,52,53,54,55,56,57,58,59,60,61,62,63,64,65,66,67,68,69,70,71,72,73,74,75,76,77,78,79,80,81,82,83,84,85,86,87,88,89,90,91,92,93,94,95,96,97,98,99,100,101,102,103,104,105,106,107,108,109,110,111,112,113,114,115,116,117,118,119,120,121,122,123,124,125,126,127,128,129,130,131,132,133,134,135,136,137,138,139,140,141,142,143,144,145,146,147,148,149,150,151,152,153,154,155,156,157,158,159,160,161,162,163,164,165,166,167,168,169,170,171,172,173,174,175,176,177,178,179,180,181,182,183,184,185,186,187,188,189,190,191,192,193,194,195,196,197,198,199,200,201,202,203,204,205,206,207,208,209,210,211,212,213,214,215,216,217,218,219,220,221,222,223,224,225,226,227,228,229,230,231,232,233,234,235,236,237,238,239,240,241,242,243,244,245,246,247,248,249,250,251,252,253,254,255,256,257,258,259,260,261,262,263,264,265,266,267,268,269,270,271,272,273,274,275,276,277,279,281,282,283,284,285,286,287,288,289,290,291,292,293,294,295,296,297,298,299,300,301,302,303,304,305,306,307,308,309,310,311,312,313,314,315,316,317,318,319,320,321,322,323,324,325,326,327,328,329,330,331,332,333,334,335,336,337,338,339,340,341,342,343,344,345,346,347,348,349,350) have mixed types. Specify dtype option on import or set low_memory=False.
Columns (0,3,4,5,6,7,8,9,10,11,12,13,14,15,16,17,18,19,20,21,22,23,24,25,26,27,28,29,30,31,32,33,34,35,36,37,38,39,40,41,42,43,44,45,46,47,48,49,50,51,52,53,54,55,56,57,58,59,60,61,62,63,64,65,66,67,68,69,70,71,72,73,74,75,76,77,78,79,80,81,82,83,84,85,86,87,88,89,90,91,92,93,94,95,96,97,98,99,100,101,102,103,104,105,106,107,108,109,110,111,112,113,114,115,116,117,118,119,120,121,122,123,124,125,126,127,128,129,130,131,132,133,134,135,136,137,138,139,140,141,142,143,144,145,146,147,148,149,150,151,152,153,154,155,156,157,158,159,160,161,162,163,164,165,166,167,168,169,170,171,172,173,174,175,176,177,178,179,180,181,182,183,184,185,186,187,188,189,190,191,192,193,194,195,196,197,198,199,200,201,202,203,204,205,206,207,208,209,210,211,212,213,214,215,216,217,218,219,220,221,222,223,224,225,226,227,228,229,230,231,232,233,234,235,236,237,238,239,240,241,242,243,244,245,246,247,248,249,250,251,252,253,254,255,256,257,258,259,260,261,262,263,264,265,266,267,268,269,270,271,272,273,274,275,276,277,279,281,282,283,284,285,286,287,288,289,290,291,292,293,294,295,296,297,298,299,300,301,302,303,304,305,306,307,308,309,310,311,312,313,314,315,316,317,318,319,320,321,322,323,324,325,326,327,328,329,330,331,332,333,334,335,336,337,338,339,340,341,342,343,344,345,346,347,348,349,350) have mixed types. Specify dtype option on import or set low_memory=False.
@@@ D - common_header:  {'F3-BitSet', 'F3-NA', 'F77', 'F71-johan@apache.org', 'F71-gdusbabek@apache.org', 'F3-PrintStream', 'F65', 'F3-EncryptionOptions', 'F3-arg0.name().toByteBuffer()', 'F71-aleksey@apache.org', 'F126', 'F71-sylvain@datastax.com', 'F71-marcuse@apache.org', 'F104', 'F3-String', 'F120', 'F115', 'F3-DecoratedKey', 'F71-yukim@apache.org', 'F71-jake@apache.org', 'F72', 'F3-byte[]', 'F3-Thread', 'F105', 'F110', 'F117', 'F3-int', 'F101', 'F71-benedict@apache.org', 'F71-eevans@apache.org', 'F3-ByteBuffer', 'F116', 'F3-long', 'F71-vijay2win@gmail.com', 'F3-Class', 'F3-SSTableReader', 'F15-public', 'F15-private', 'F71-xedin@apache.org', 'F71-brandonwilliams@apache.org', 'F71-jbellis@apache.org', 'F71-tyler@datastax.com', 'F3-char', 'F22', 'F25', 'F15-NA', 'F3-String[]', 'F15-protected', 'F3-ListenableFutureTask', 'F3-boolean', 'F3-InetAddress', 'F41', 'F71-jmckenzie@apache.org', 'F71-slebresne@apache.org', 'F3-input', 'F71-dbrosius@mebigfatguy.com', 'F71-jakers@gmail.com', 'F71-dbrosius@apache.org', 'F68', 'category', 'F123'}
     F72           ...            F71-slebresne@apache.org
1  10814           ...                                   0
2  10814           ...                                   0
3  10896           ...                                   0

[3 rows x 60 columns]
;.;
        F72            ...             F71-slebresne@apache.org
0  0.743258            ...                                  0.0
1  0.743258            ...                                  0.0
2  0.750369            ...                                  0.0

[3 rows x 60 columns]
training_x: (2584, 60)
training_y: 2584
testset_x: (34, 60)
testset_y: 34
              precision    recall  f1-score   support

           0       1.00      0.92      0.96        25
           1       0.82      1.00      0.90         9

    accuracy                           0.94        34
   macro avg       0.91      0.96      0.93        34
weighted avg       0.95      0.94      0.94        34

accuracy: 0.9411764705882353
0.9
@@@ tn: 23, fp: 2, fn: 0, tp: 9
@@@ LIME - Creating explainer
@@@ LIME - Random Sampling of Instances
iter: 0, sample_no: 6, actual label: 1, predicted: 1
iter: 1, sample_no: 5, actual label: 0, predicted: 0
iter: 2, sample_no: 3, actual label: 1, predicted: 1
iter: 3, sample_no: 11, actual label: 1, predicted: 1
iter: 4, sample_no: 5, actual label: 0, predicted: 0
iter: 5, sample_no: 29, actual label: 0, predicted: 0
iter: 6, sample_no: 14, actual label: 0, predicted: 0
iter: 7, sample_no: 24, actual label: 0, predicted: 0
iter: 8, sample_no: 9, actual label: 0, predicted: 0
iter: 9, sample_no: 12, actual label: 0, predicted: 0
iter: 10, sample_no: 33, actual label: 0, predicted: 0
iter: 11, sample_no: 24, actual label: 0, predicted: 0
iter: 12, sample_no: 28, actual label: 0, predicted: 1
iter: 13, sample_no: 1, actual label: 0, predicted: 0
iter: 14, sample_no: 8, actual label: 0, predicted: 0
iter: 15, sample_no: 20, actual label: 0, predicted: 0
iter: 16, sample_no: 18, actual label: 1, predicted: 1
iter: 17, sample_no: 19, actual label: 0, predicted: 0
iter: 18, sample_no: 11, actual label: 1, predicted: 1
iter: 19, sample_no: 23, actual label: 0, predicted: 0
iter: 20, sample_no: 25, actual label: 0, predicted: 0
iter: 21, sample_no: 4, actual label: 1, predicted: 1
iter: 22, sample_no: 16, actual label: 1, predicted: 1
iter: 23, sample_no: 28, actual label: 0, predicted: 1
iter: 24, sample_no: 20, actual label: 0, predicted: 0
number of samples: 34
AUC 0.991111111111111
pos_get 9
total recall stop_at 1.0
@@@ C - Repeat number: 6
@@@ D - common_header:  {'F3-BitSet', 'F3-NA', 'F77', 'F71-johan@apache.org', 'F71-gdusbabek@apache.org', 'F3-PrintStream', 'F65', 'F3-EncryptionOptions', 'F3-arg0.name().toByteBuffer()', 'F71-aleksey@apache.org', 'F126', 'F71-sylvain@datastax.com', 'F71-marcuse@apache.org', 'F104', 'F3-String', 'F120', 'F115', 'F3-DecoratedKey', 'F71-yukim@apache.org', 'F71-jake@apache.org', 'F72', 'F3-byte[]', 'F3-Thread', 'F105', 'F110', 'F117', 'F3-int', 'F101', 'F71-benedict@apache.org', 'F71-eevans@apache.org', 'F3-ByteBuffer', 'F116', 'F3-long', 'F71-vijay2win@gmail.com', 'F3-Class', 'F3-SSTableReader', 'F15-public', 'F15-private', 'F71-xedin@apache.org', 'F71-brandonwilliams@apache.org', 'F71-jbellis@apache.org', 'F71-tyler@datastax.com', 'F3-char', 'F22', 'F25', 'F15-NA', 'F3-String[]', 'F15-protected', 'F3-ListenableFutureTask', 'F3-boolean', 'F3-InetAddress', 'F41', 'F71-jmckenzie@apache.org', 'F71-slebresne@apache.org', 'F3-input', 'F71-dbrosius@mebigfatguy.com', 'F71-jakers@gmail.com', 'F71-dbrosius@apache.org', 'F68', 'category', 'F123'}
     F72           ...            F71-slebresne@apache.org
1  10814           ...                                   0
2  10814           ...                                   0
3  10896           ...                                   0

[3 rows x 60 columns]
;.;
        F72            ...             F71-slebresne@apache.org
0  0.743258            ...                                  0.0
1  0.743258            ...                                  0.0
2  0.750369            ...                                  0.0

[3 rows x 60 columns]
training_x: (2584, 60)
training_y: 2584
testset_x: (34, 60)
testset_y: 34
              precision    recall  f1-score   support

           0       1.00      0.92      0.96        25
           1       0.82      1.00      0.90         9

    accuracy                           0.94        34
   macro avg       0.91      0.96      0.93        34
weighted avg       0.95      0.94      0.94        34

accuracy: 0.9411764705882353
0.9
@@@ tn: 23, fp: 2, fn: 0, tp: 9
@@@ LIME - Creating explainer
@@@ LIME - Random Sampling of Instances
iter: 0, sample_no: 17, actual label: 0, predicted: 0
iter: 1, sample_no: 28, actual label: 0, predicted: 1
iter: 2, sample_no: 10, actual label: 1, predicted: 1
iter: 3, sample_no: 26, actual label: 0, predicted: 0
iter: 4, sample_no: 32, actual label: 1, predicted: 1
iter: 5, sample_no: 19, actual label: 0, predicted: 0
iter: 6, sample_no: 22, actual label: 0, predicted: 0
iter: 7, sample_no: 12, actual label: 0, predicted: 0
iter: 8, sample_no: 13, actual label: 0, predicted: 1
iter: 9, sample_no: 10, actual label: 1, predicted: 1
iter: 10, sample_no: 28, actual label: 0, predicted: 1
iter: 11, sample_no: 17, actual label: 0, predicted: 0
iter: 12, sample_no: 17, actual label: 0, predicted: 0
iter: 13, sample_no: 7, actual label: 0, predicted: 0
iter: 14, sample_no: 28, actual label: 0, predicted: 1
iter: 15, sample_no: 24, actual label: 0, predicted: 0
iter: 16, sample_no: 1, actual label: 0, predicted: 0
iter: 17, sample_no: 7, actual label: 0, predicted: 0
iter: 18, sample_no: 15, actual label: 0, predicted: 0
iter: 19, sample_no: 22, actual label: 0, predicted: 0
iter: 20, sample_no: 5, actual label: 0, predicted: 0
iter: 21, sample_no: 19, actual label: 0, predicted: 0
iter: 22, sample_no: 19, actual label: 0, predicted: 0
iter: 23, sample_no: 14, actual label: 0, predicted: 0
iter: 24, sample_no: 19, actual label: 0, predicted: 0
number of samples: 34
AUC 0.991111111111111
pos_get 9
total recall stop_at 1.0
@@@ C - Repeat number: 7
@@@ D - common_header:  {'F3-BitSet', 'F3-NA', 'F77', 'F71-johan@apache.org', 'F71-gdusbabek@apache.org', 'F3-PrintStream', 'F65', 'F3-EncryptionOptions', 'F3-arg0.name().toByteBuffer()', 'F71-aleksey@apache.org', 'F126', 'F71-sylvain@datastax.com', 'F71-marcuse@apache.org', 'F104', 'F3-String', 'F120', 'F115', 'F3-DecoratedKey', 'F71-yukim@apache.org', 'F71-jake@apache.org', 'F72', 'F3-byte[]', 'F3-Thread', 'F105', 'F110', 'F117', 'F3-int', 'F101', 'F71-benedict@apache.org', 'F71-eevans@apache.org', 'F3-ByteBuffer', 'F116', 'F3-long', 'F71-vijay2win@gmail.com', 'F3-Class', 'F3-SSTableReader', 'F15-public', 'F15-private', 'F71-xedin@apache.org', 'F71-brandonwilliams@apache.org', 'F71-jbellis@apache.org', 'F71-tyler@datastax.com', 'F3-char', 'F22', 'F25', 'F15-NA', 'F3-String[]', 'F15-protected', 'F3-ListenableFutureTask', 'F3-boolean', 'F3-InetAddress', 'F41', 'F71-jmckenzie@apache.org', 'F71-slebresne@apache.org', 'F3-input', 'F71-dbrosius@mebigfatguy.com', 'F71-jakers@gmail.com', 'F71-dbrosius@apache.org', 'F68', 'category', 'F123'}
     F72           ...            F71-slebresne@apache.org
1  10814           ...                                   0
2  10814           ...                                   0
3  10896           ...                                   0

[3 rows x 60 columns]
;.;
        F72            ...             F71-slebresne@apache.org
0  0.743258            ...                                  0.0
1  0.743258            ...                                  0.0
2  0.750369            ...                                  0.0

[3 rows x 60 columns]
training_x: (2584, 60)
training_y: 2584
testset_x: (34, 60)
testset_y: 34
              precision    recall  f1-score   support

           0       1.00      0.92      0.96        25
           1       0.82      1.00      0.90         9

    accuracy                           0.94        34
   macro avg       0.91      0.96      0.93        34
weighted avg       0.95      0.94      0.94        34

accuracy: 0.9411764705882353
0.9
@@@ tn: 23, fp: 2, fn: 0, tp: 9
@@@ LIME - Creating explainer
@@@ LIME - Random Sampling of Instances
iter: 0, sample_no: 12, actual label: 0, predicted: 0
iter: 1, sample_no: 19, actual label: 0, predicted: 0
iter: 2, sample_no: 16, actual label: 1, predicted: 1
iter: 3, sample_no: 14, actual label: 0, predicted: 0
iter: 4, sample_no: 32, actual label: 1, predicted: 1
iter: 5, sample_no: 22, actual label: 0, predicted: 0
iter: 6, sample_no: 13, actual label: 0, predicted: 1
iter: 7, sample_no: 20, actual label: 0, predicted: 0
iter: 8, sample_no: 16, actual label: 1, predicted: 1
iter: 9, sample_no: 9, actual label: 0, predicted: 0
iter: 10, sample_no: 27, actual label: 0, predicted: 0
iter: 11, sample_no: 22, actual label: 0, predicted: 0
iter: 12, sample_no: 17, actual label: 0, predicted: 0
iter: 13, sample_no: 5, actual label: 0, predicted: 0
iter: 14, sample_no: 32, actual label: 1, predicted: 1
iter: 15, sample_no: 3, actual label: 1, predicted: 1
iter: 16, sample_no: 11, actual label: 1, predicted: 1
iter: 17, sample_no: 0, actual label: 0, predicted: 0
iter: 18, sample_no: 3, actual label: 1, predicted: 1
iter: 19, sample_no: 19, actual label: 0, predicted: 0
iter: 20, sample_no: 3, actual label: 1, predicted: 1
iter: 21, sample_no: 22, actual label: 0, predicted: 0
iter: 22, sample_no: 23, actual label: 0, predicted: 0
iter: 23, sample_no: 26, actual label: 0, predicted: 0
iter: 24, sample_no: 1, actual label: 0, predicted: 0
number of samples: 34
AUC 0.991111111111111
pos_get 9
total recall stop_at 1.0
@@@ C - Repeat number: 8
@@@ D - common_header:  {'F3-BitSet', 'F3-NA', 'F77', 'F71-johan@apache.org', 'F71-gdusbabek@apache.org', 'F3-PrintStream', 'F65', 'F3-EncryptionOptions', 'F3-arg0.name().toByteBuffer()', 'F71-aleksey@apache.org', 'F126', 'F71-sylvain@datastax.com', 'F71-marcuse@apache.org', 'F104', 'F3-String', 'F120', 'F115', 'F3-DecoratedKey', 'F71-yukim@apache.org', 'F71-jake@apache.org', 'F72', 'F3-byte[]', 'F3-Thread', 'F105', 'F110', 'F117', 'F3-int', 'F101', 'F71-benedict@apache.org', 'F71-eevans@apache.org', 'F3-ByteBuffer', 'F116', 'F3-long', 'F71-vijay2win@gmail.com', 'F3-Class', 'F3-SSTableReader', 'F15-public', 'F15-private', 'F71-xedin@apache.org', 'F71-brandonwilliams@apache.org', 'F71-jbellis@apache.org', 'F71-tyler@datastax.com', 'F3-char', 'F22', 'F25', 'F15-NA', 'F3-String[]', 'F15-protected', 'F3-ListenableFutureTask', 'F3-boolean', 'F3-InetAddress', 'F41', 'F71-jmckenzie@apache.org', 'F71-slebresne@apache.org', 'F3-input', 'F71-dbrosius@mebigfatguy.com', 'F71-jakers@gmail.com', 'F71-dbrosius@apache.org', 'F68', 'category', 'F123'}
     F72           ...            F71-slebresne@apache.org
1  10814           ...                                   0
2  10814           ...                                   0
3  10896           ...                                   0

[3 rows x 60 columns]
;.;
        F72            ...             F71-slebresne@apache.org
0  0.743258            ...                                  0.0
1  0.743258            ...                                  0.0
2  0.750369            ...                                  0.0

[3 rows x 60 columns]
training_x: (2584, 60)
training_y: 2584
testset_x: (34, 60)
testset_y: 34
              precision    recall  f1-score   support

           0       1.00      0.92      0.96        25
           1       0.82      1.00      0.90         9

    accuracy                           0.94        34
   macro avg       0.91      0.96      0.93        34
weighted avg       0.95      0.94      0.94        34

accuracy: 0.9411764705882353
0.9
@@@ tn: 23, fp: 2, fn: 0, tp: 9
@@@ LIME - Creating explainer
@@@ LIME - Random Sampling of Instances
iter: 0, sample_no: 32, actual label: 1, predicted: 1
iter: 1, sample_no: 17, actual label: 0, predicted: 0
iter: 2, sample_no: 30, actual label: 0, predicted: 0
iter: 3, sample_no: 26, actual label: 0, predicted: 0
iter: 4, sample_no: 17, actual label: 0, predicted: 0
iter: 5, sample_no: 14, actual label: 0, predicted: 0
iter: 6, sample_no: 29, actual label: 0, predicted: 0
iter: 7, sample_no: 29, actual label: 0, predicted: 0
iter: 8, sample_no: 15, actual label: 0, predicted: 0
iter: 9, sample_no: 15, actual label: 0, predicted: 0
iter: 10, sample_no: 16, actual label: 1, predicted: 1
iter: 11, sample_no: 30, actual label: 0, predicted: 0
iter: 12, sample_no: 2, actual label: 1, predicted: 1
iter: 13, sample_no: 18, actual label: 1, predicted: 1
iter: 14, sample_no: 7, actual label: 0, predicted: 0
iter: 15, sample_no: 0, actual label: 0, predicted: 0
iter: 16, sample_no: 20, actual label: 0, predicted: 0
iter: 17, sample_no: 6, actual label: 1, predicted: 1
iter: 18, sample_no: 16, actual label: 1, predicted: 1
iter: 19, sample_no: 18, actual label: 1, predicted: 1
iter: 20, sample_no: 18, actual label: 1, predicted: 1
iter: 21, sample_no: 11, actual label: 1, predicted: 1
iter: 22, sample_no: 23, actual label: 0, predicted: 0
iter: 23, sample_no: 26, actual label: 0, predicted: 0
iter: 24, sample_no: 20, actual label: 0, predicted: 0
number of samples: 34
AUC 0.991111111111111
pos_get 9
total recall stop_at 1.0
@@@ C - Repeat number: 9
@@@ D - common_header:  {'F3-BitSet', 'F3-NA', 'F77', 'F71-johan@apache.org', 'F71-gdusbabek@apache.org', 'F3-PrintStream', 'F65', 'F3-EncryptionOptions', 'F3-arg0.name().toByteBuffer()', 'F71-aleksey@apache.org', 'F126', 'F71-sylvain@datastax.com', 'F71-marcuse@apache.org', 'F104', 'F3-String', 'F120', 'F115', 'F3-DecoratedKey', 'F71-yukim@apache.org', 'F71-jake@apache.org', 'F72', 'F3-byte[]', 'F3-Thread', 'F105', 'F110', 'F117', 'F3-int', 'F101', 'F71-benedict@apache.org', 'F71-eevans@apache.org', 'F3-ByteBuffer', 'F116', 'F3-long', 'F71-vijay2win@gmail.com', 'F3-Class', 'F3-SSTableReader', 'F15-public', 'F15-private', 'F71-xedin@apache.org', 'F71-brandonwilliams@apache.org', 'F71-jbellis@apache.org', 'F71-tyler@datastax.com', 'F3-char', 'F22', 'F25', 'F15-NA', 'F3-String[]', 'F15-protected', 'F3-ListenableFutureTask', 'F3-boolean', 'F3-InetAddress', 'F41', 'F71-jmckenzie@apache.org', 'F71-slebresne@apache.org', 'F3-input', 'F71-dbrosius@mebigfatguy.com', 'F71-jakers@gmail.com', 'F71-dbrosius@apache.org', 'F68', 'category', 'F123'}
     F72           ...            F71-slebresne@apache.org
1  10814           ...                                   0
2  10814           ...                                   0
3  10896           ...                                   0

[3 rows x 60 columns]
;.;
        F72            ...             F71-slebresne@apache.org
0  0.743258            ...                                  0.0
1  0.743258            ...                                  0.0
2  0.750369            ...                                  0.0

[3 rows x 60 columns]
training_x: (2584, 60)
training_y: 2584
testset_x: (34, 60)
testset_y: 34
              precision    recall  f1-score   support

           0       1.00      0.92      0.96        25
           1       0.82      1.00      0.90         9

    accuracy                           0.94        34
   macro avg       0.91      0.96      0.93        34
weighted avg       0.95      0.94      0.94        34

accuracy: 0.9411764705882353
0.9
@@@ tn: 23, fp: 2, fn: 0, tp: 9
@@@ LIME - Creating explainer
@@@ LIME - Random Sampling of Instances
iter: 0, sample_no: 32, actual label: 1, predicted: 1
iter: 1, sample_no: 11, actual label: 1, predicted: 1
iter: 2, sample_no: 3, actual label: 1, predicted: 1
iter: 3, sample_no: 9, actual label: 0, predicted: 0
iter: 4, sample_no: 26, actual label: 0, predicted: 0
iter: 5, sample_no: 3, actual label: 1, predicted: 1
iter: 6, sample_no: 5, actual label: 0, predicted: 0
iter: 7, sample_no: 29, actual label: 0, predicted: 0
iter: 8, sample_no: 2, actual label: 1, predicted: 1
iter: 9, sample_no: 4, actual label: 1, predicted: 1
iter: 10, sample_no: 6, actual label: 1, predicted: 1
iter: 11, sample_no: 11, actual label: 1, predicted: 1
iter: 12, sample_no: 31, actual label: 0, predicted: 0
iter: 13, sample_no: 30, actual label: 0, predicted: 0
iter: 14, sample_no: 5, actual label: 0, predicted: 0
iter: 15, sample_no: 32, actual label: 1, predicted: 1
iter: 16, sample_no: 12, actual label: 0, predicted: 0
iter: 17, sample_no: 24, actual label: 0, predicted: 0
iter: 18, sample_no: 20, actual label: 0, predicted: 0
iter: 19, sample_no: 23, actual label: 0, predicted: 0
iter: 20, sample_no: 6, actual label: 1, predicted: 1
iter: 21, sample_no: 18, actual label: 1, predicted: 1
iter: 22, sample_no: 24, actual label: 0, predicted: 0
iter: 23, sample_no: 18, actual label: 1, predicted: 1
iter: 24, sample_no: 33, actual label: 0, predicted: 0
number of samples: 34
AUC 0.991111111111111
pos_get 9
total recall stop_at 1.0
@@@ C - Repeat number: 10
@@@ D - common_header:  {'F3-BitSet', 'F3-NA', 'F77', 'F71-johan@apache.org', 'F71-gdusbabek@apache.org', 'F3-PrintStream', 'F65', 'F3-EncryptionOptions', 'F3-arg0.name().toByteBuffer()', 'F71-aleksey@apache.org', 'F126', 'F71-sylvain@datastax.com', 'F71-marcuse@apache.org', 'F104', 'F3-String', 'F120', 'F115', 'F3-DecoratedKey', 'F71-yukim@apache.org', 'F71-jake@apache.org', 'F72', 'F3-byte[]', 'F3-Thread', 'F105', 'F110', 'F117', 'F3-int', 'F101', 'F71-benedict@apache.org', 'F71-eevans@apache.org', 'F3-ByteBuffer', 'F116', 'F3-long', 'F71-vijay2win@gmail.com', 'F3-Class', 'F3-SSTableReader', 'F15-public', 'F15-private', 'F71-xedin@apache.org', 'F71-brandonwilliams@apache.org', 'F71-jbellis@apache.org', 'F71-tyler@datastax.com', 'F3-char', 'F22', 'F25', 'F15-NA', 'F3-String[]', 'F15-protected', 'F3-ListenableFutureTask', 'F3-boolean', 'F3-InetAddress', 'F41', 'F71-jmckenzie@apache.org', 'F71-slebresne@apache.org', 'F3-input', 'F71-dbrosius@mebigfatguy.com', 'F71-jakers@gmail.com', 'F71-dbrosius@apache.org', 'F68', 'category', 'F123'}
     F72           ...            F71-slebresne@apache.org
1  10814           ...                                   0
2  10814           ...                                   0
3  10896           ...                                   0

[3 rows x 60 columns]
;.;
        F72            ...             F71-slebresne@apache.org
0  0.743258            ...                                  0.0
1  0.743258            ...                                  0.0
2  0.750369            ...                                  0.0

[3 rows x 60 columns]
training_x: (2584, 60)
training_y: 2584
testset_x: (34, 60)
testset_y: 34
              precision    recall  f1-score   support

           0       1.00      0.92      0.96        25
           1       0.82      1.00      0.90         9

    accuracy                           0.94        34
   macro avg       0.91      0.96      0.93        34
weighted avg       0.95      0.94      0.94        34

accuracy: 0.9411764705882353
0.9
@@@ tn: 23, fp: 2, fn: 0, tp: 9
@@@ LIME - Creating explainer
@@@ LIME - Random Sampling of Instances
Columns (0,3,4,5,6,7,8,9,10,11,12,13,14,15,16,17,18,19,20,21,22,23,24,25,26,27,28,29,30,31,32,33,34,35,36,37,38,39,40,41,42,43,44,45,46,47,48,49,50,51,52,53,54,55,56,57,58,59,60,61,62,63,64,65,66,67,68,69,70,71,72,73,74,75,76,77,78,79,80,81,82,83,84,85,86,87,88,89,90,91,92,93,94,95,96,97,98,99,100,101,102,103,104,105,106,107,108,109,110,111,112,113,114,115,116,117,118,119,120,121,122,123,124,125,126,127,128,129,130,131,132,133,134,135,136,137,138,139,140,141,142,143,144,145,146,147,148,149,150,151,152,153,154,155,156,157,158,159,160,161,162,163,164,165,166,167,168,169,170,171,172,173,174,175,176,177,178,179,180,181,182,183,184,185,186,187,188,189,190,191,192,193,194,195,196,197,198,199,200,201,202,203,204,205,206,207,208,209,210,211,212,213,214,215,216,217,218,219,220,221,222,223,224,225,226,227,228,229,230,231,232,233,234,235,236,237,238,239,240,241,242,243,244,245,246,247,248,249,250,251,252,253,254,255,256,257,258,259,260,261,262,263,264,265,266,267,268,269,270,271,272,273,274,275,276,277,279,281,282,283,284,285,286,287,288,289,290,291,292,293,294,295,296,297,298,299,300,301,302,303,304,305,306,307,308,309,310,311,312,313,314,315,316,317,318,319,320,321,322,323,324,325,326,327,328,329,330,331,332,333,334,335,336,337,338,339,340,341,342,343,344,345,346,347,348,349,350) have mixed types. Specify dtype option on import or set low_memory=False.
Columns (0,3,4,5,6,7,8,9,10,11,12,13,14,15,16,17,18,19,20,21,22,23,24,25,26,27,28,29,30,31,32,33,34,35,36,37,38,39,40,41,42,43,44,45,46,47,48,49,50,51,52,53,54,55,56,57,58,59,60,61,62,63,64,65,66,67,68,69,70,71,72,73,74,75,76,77,78,79,80,81,82,83,84,85,86,87,88,89,90,91,92,93,94,95,96,97,98,99,100,101,102,103,104,105,106,107,108,109,110,111,112,113,114,115,116,117,118,119,120,121,122,123,124,125,126,127,128,129,130,131,132,133,134,135,136,137,138,139,140,141,142,143,144,145,146,147,148,149,150,151,152,153,154,155,156,157,158,159,160,161,162,163,164,165,166,167,168,169,170,171,172,173,174,175,176,177,178,179,180,181,182,183,184,185,186,187,188,189,190,191,192,193,194,195,196,197,198,199,200,201,202,203,204,205,206,207,208,209,210,211,212,213,214,215,216,217,218,219,220,221,222,223,224,225,226,227,228,229,230,231,232,233,234,235,236,237,238,239,240,241,242,243,244,245,246,247,248,249,250,251,252,253,254,255,256,257,258,259,260,261,262,263,264,265,266,267,268,269,270,271,272,273,274,275,276,277,279,281,282,283,284,285,286,287,288,289,290,291,292,293,294,295,296,297,298,299,300,301,302,303,304,305,306,307,308,309,310,311,312,313,314,315,316,317,318,319,320,321,322,323,324,325,326,327,328,329,330,331,332,333,334,335,336,337,338,339,340,341,342,343,344,345,346,347,348,349,350) have mixed types. Specify dtype option on import or set low_memory=False.
Columns (0,3,4,5,6,7,8,9,10,11,12,13,14,15,16,17,18,19,20,21,22,23,24,25,26,27,28,29,30,31,32,33,34,35,36,37,38,39,40,41,42,43,44,45,46,47,48,49,50,51,52,53,54,55,56,57,58,59,60,61,62,63,64,65,66,67,68,69,70,71,72,73,74,75,76,77,78,79,80,81,82,83,84,85,86,87,88,89,90,91,92,93,94,95,96,97,98,99,100,101,102,103,104,105,106,107,108,109,110,111,112,113,114,115,116,117,118,119,120,121,122,123,124,125,126,127,128,129,130,131,132,133,134,135,136,137,138,139,140,141,142,143,144,145,146,147,148,149,150,151,152,153,154,155,156,157,158,159,160,161,162,163,164,165,166,167,168,169,170,171,172,173,174,175,176,177,178,179,180,181,182,183,184,185,186,187,188,189,190,191,192,193,194,195,196,197,198,199,200,201,202,203,204,205,206,207,208,209,210,211,212,213,214,215,216,217,218,219,220,221,222,223,224,225,226,227,228,229,230,231,232,233,234,235,236,237,238,239,240,241,242,243,244,245,246,247,248,249,250,251,252,253,254,255,256,257,258,259,260,261,262,263,264,265,266,267,268,269,270,271,272,273,274,275,276,277,279,281,282,283,284,285,286,287,288,289,290,291,292,293,294,295,296,297,298,299,300,301,302,303,304,305,306,307,308,309,310,311,312,313,314,315,316,317,318,319,320,321,322,323,324,325,326,327,328,329,330,331,332,333,334,335,336,337,338,339,340,341,342,343,344,345,346,347,348,349,350) have mixed types. Specify dtype option on import or set low_memory=False.
Columns (0,3,4,5,6,7,8,9,10,11,12,13,14,15,16,17,18,19,20,21,22,23,24,25,26,27,28,29,30,31,32,33,34,35,36,37,38,39,40,41,42,43,44,45,46,47,48,49,50,51,52,53,54,55,56,57,58,59,60,61,62,63,64,65,66,67,68,69,70,71,72,73,74,75,76,77,78,79,80,81,82,83,84,85,86,87,88,89,90,91,92,93,94,95,96,97,98,99,100,101,102,103,104,105,106,107,108,109,110,111,112,113,114,115,116,117,118,119,120,121,122,123,124,125,126,127,128,129,130,131,132,133,134,135,136,137,138,139,140,141,142,143,144,145,146,147,148,149,150,151,152,153,154,155,156,157,158,159,160,161,162,163,164,165,166,167,168,169,170,171,172,173,174,175,176,177,178,179,180,181,182,183,184,185,186,187,188,189,190,191,192,193,194,195,196,197,198,199,200,201,202,203,204,205,206,207,208,209,210,211,212,213,214,215,216,217,218,219,220,221,222,223,224,225,226,227,228,229,230,231,232,233,234,235,236,237,238,239,240,241,242,243,244,245,246,247,248,249,250,251,252,253,254,255,256,257,258,259,260,261,262,263,264,265,266,267,268,269,270,271,272,273,274,275,276,277,279,281,282,283,284,285,286,287,288,289,290,291,292,293,294,295,296,297,298,299,300,301,302,303,304,305,306,307,308,309,310,311,312,313,314,315,316,317,318,319,320,321,322,323,324,325,326,327,328,329,330,331,332,333,334,335,336,337,338,339,340,341,342,343,344,345,346,347,348,349,350) have mixed types. Specify dtype option on import or set low_memory=False.
Columns (0,3,4,5,6,7,8,9,10,11,12,13,14,15,16,17,18,19,20,21,22,23,24,25,26,27,28,29,30,31,32,33,34,35,36,37,38,39,40,41,42,43,44,45,46,47,48,49,50,51,52,53,54,55,56,57,58,59,60,61,62,63,64,65,66,67,68,69,70,71,72,73,74,75,76,77,78,79,80,81,82,83,84,85,86,87,88,89,90,91,92,93,94,95,96,97,98,99,100,101,102,103,104,105,106,107,108,109,110,111,112,113,114,115,116,117,118,119,120,121,122,123,124,125,126,127,128,129,130,131,132,133,134,135,136,137,138,139,140,141,142,143,144,145,146,147,148,149,150,151,152,153,154,155,156,157,158,159,160,161,162,163,164,165,166,167,168,169,170,171,172,173,174,175,176,177,178,179,180,181,182,183,184,185,186,187,188,189,190,191,192,193,194,195,196,197,198,199,200,201,202,203,204,205,206,207,208,209,210,211,212,213,214,215,216,217,218,219,220,221,222,223,224,225,226,227,228,229,230,231,232,233,234,235,236,237,238,239,240,241,242,243,244,245,246,247,248,249,250,251,252,253,254,255,256,257,258,259,260,261,262,263,264,265,266,267,268,269,270,271,272,273,274,275,276,277,279,281,282,283,284,285,286,287,288,289,290,291,292,293,294,295,296,297,298,299,300,301,302,303,304,305,306,307,308,309,310,311,312,313,314,315,316,317,318,319,320,321,322,323,324,325,326,327,328,329,330,331,332,333,334,335,336,337,338,339,340,341,342,343,344,345,346,347,348,349,350) have mixed types. Specify dtype option on import or set low_memory=False.
iter: 0, sample_no: 28, actual label: 0, predicted: 1
iter: 1, sample_no: 12, actual label: 0, predicted: 0
iter: 2, sample_no: 16, actual label: 1, predicted: 1
iter: 3, sample_no: 8, actual label: 0, predicted: 0
iter: 4, sample_no: 9, actual label: 0, predicted: 0
iter: 5, sample_no: 29, actual label: 0, predicted: 0
iter: 6, sample_no: 27, actual label: 0, predicted: 0
iter: 7, sample_no: 25, actual label: 0, predicted: 0
iter: 8, sample_no: 0, actual label: 0, predicted: 0
iter: 9, sample_no: 22, actual label: 0, predicted: 0
iter: 10, sample_no: 5, actual label: 0, predicted: 0
iter: 11, sample_no: 24, actual label: 0, predicted: 0
iter: 12, sample_no: 14, actual label: 0, predicted: 0
iter: 13, sample_no: 5, actual label: 0, predicted: 0
iter: 14, sample_no: 2, actual label: 1, predicted: 1
iter: 15, sample_no: 4, actual label: 1, predicted: 1
iter: 16, sample_no: 10, actual label: 1, predicted: 1
iter: 17, sample_no: 10, actual label: 1, predicted: 1
iter: 18, sample_no: 3, actual label: 1, predicted: 1
iter: 19, sample_no: 30, actual label: 0, predicted: 0
iter: 20, sample_no: 19, actual label: 0, predicted: 0
iter: 21, sample_no: 15, actual label: 0, predicted: 0
iter: 22, sample_no: 7, actual label: 0, predicted: 0
iter: 23, sample_no: 18, actual label: 1, predicted: 1
iter: 24, sample_no: 8, actual label: 0, predicted: 0
number of samples: 34
AUC 0.991111111111111
pos_get 9
total recall stop_at 1.0
----------threshold stop at----------: 1
AUC [0.991111111111111, 0.991111111111111, 0.991111111111111, 0.991111111111111, 0.991111111111111, 0.991111111111111, 0.991111111111111, 0.991111111111111, 0.991111111111111, 0.991111111111111]
AUC_median 0.991111111111111
AUC_iqr 0.0
cost [0.3235294117647059, 0.3235294117647059, 0.3235294117647059, 0.3235294117647059, 0.3235294117647059, 0.3235294117647059, 0.3235294117647059, 0.3235294117647059, 0.3235294117647059, 0.3235294117647059]
COST_med 0.3235294117647059
COST_iqr 0.0
f1_pos_list [0.9, 0.9, 0.9, 0.9, 0.9, 0.9, 0.9, 0.9, 0.9, 0.9]
f1_pos_med 0.9
