@@@ A - classifier: SVC(C=1.0, break_ties=False, cache_size=200, class_weight='balanced', coef0=0.0,
    decision_function_shape='ovr', degree=3, gamma='scale', kernel='linear',
    max_iter=-1, probability=True, random_state=None, shrinking=True, tol=0.001,
    verbose=False)
@@@ B - threshold stop at: 1
@@@ C - Repeat number: 1
@@@ D - common_header:  {'F104', 'F71-oheger@apache.org', 'F15-NA', 'F25', 'F3-ArrayUtils.nullToEmpty(original)', 'F115', 'F65', 'F123', 'F71-joehni@apache.org', 'F116', 'F71-mbenson@apache.org', 'F71-jcarman@apache.org', 'F15-public', 'F3-Throwable', 'F71-mcucchiara@apache.org', 'F71-ggregory@apache.org', 'F71-sebb@apache.org', 'F3-char', 'F105', 'F3-boolean', 'F3-NA', 'F3-byte[]', 'F3-boolean[]', 'F71-niallp@apache.org', 'F120', 'F22', 'F72', 'F71-pbenedict@apache.org', 'F71-brentworden@apache.org', 'F77', 'F3-new EqualsBuilder().append(obj1 obj2).isEquals()', 'F110', 'F117', 'F3-new ToStringBuilder(base).append(array).toString()', 'F71-kinow@apache.org', 'F3-!new EqualsBuilder().append(obj1 obj2).isEquals()', 'F71-djones@apache.org', 'F41', 'F3-String', 'F71-britter@apache.org', 'F3-null', 'F126', 'F71-scolebourne@apache.org', 'F3-ArrayUtils.toObject(b)', 'F101', 'F15-protected', 'category', 'F71-chas@apache.org', 'F3-int', 'F3-ArrayUtils.isSameLength(nullArray nullArray)', 'F3-Integer', 'F68', 'F71-bayard@apache.org'}
    F72   F25         ...         F71-mbenson@apache.org F71-sebb@apache.org
1  2238  1386         ...                              1                   1
2  2238  1386         ...                              1                   1
3  2562  1663         ...                              1                   1

[3 rows x 52 columns]
;.;
        F72         ...           F71-sebb@apache.org
0  0.816014         ...                           1.0
1  0.816014         ...                           1.0
2  1.000000         ...                           1.0

[3 rows x 52 columns]
training_x: (725, 52)
training_y: 725
testset_x: (786, 52)
testset_y: 786
              precision    recall  f1-score   support

           0       1.00      0.94      0.97       744
           1       0.49      0.95      0.65        42

    accuracy                           0.95       786
   macro avg       0.75      0.95      0.81       786
weighted avg       0.97      0.95      0.95       786

accuracy: 0.94529262086514
0.6504065040650406
@@@ tn: 703, fp: 41, fn: 2, tp: 40
@@@ LIME - Creating explainer
@@@ LIME - Random Sampling of Instances
iter: 0, sample_no: 320, actual label: 0, predicted: 0
iter: 1, sample_no: 418, actual label: 0, predicted: 0
iter: 2, sample_no: 176, actual label: 0, predicted: 0
iter: 3, sample_no: 461, actual label: 0, predicted: 0
iter: 4, sample_no: 11, actual label: 0, predicted: 0
iter: 5, sample_no: 413, actual label: 0, predicted: 0
iter: 6, sample_no: 774, actual label: 0, predicted: 0
iter: 7, sample_no: 67, actual label: 0, predicted: 0
iter: 8, sample_no: 469, actual label: 0, predicted: 0
iter: 9, sample_no: 271, actual label: 0, predicted: 0
iter: 10, sample_no: 519, actual label: 0, predicted: 0
iter: 11, sample_no: 139, actual label: 0, predicted: 0
iter: 12, sample_no: 203, actual label: 0, predicted: 0
iter: 13, sample_no: 586, actual label: 0, predicted: 0
iter: 14, sample_no: 354, actual label: 0, predicted: 0
iter: 15, sample_no: 477, actual label: 0, predicted: 0
iter: 16, sample_no: 158, actual label: 0, predicted: 0
iter: 17, sample_no: 715, actual label: 1, predicted: 0
iter: 18, sample_no: 488, actual label: 0, predicted: 1
iter: 19, sample_no: 605, actual label: 0, predicted: 0
iter: 20, sample_no: 451, actual label: 1, predicted: 1
iter: 21, sample_no: 265, actual label: 0, predicted: 0
iter: 22, sample_no: 144, actual label: 0, predicted: 0
iter: 23, sample_no: 579, actual label: 0, predicted: 0
iter: 24, sample_no: 199, actual label: 0, predicted: 0
number of samples: 786
AUC 0.986015104966718
pos_get 42
total recall stop_at 1.0
@@@ C - Repeat number: 2
@@@ D - common_header:  {'F104', 'F71-oheger@apache.org', 'F15-NA', 'F25', 'F3-ArrayUtils.nullToEmpty(original)', 'F115', 'F65', 'F123', 'F71-joehni@apache.org', 'F116', 'F71-mbenson@apache.org', 'F71-jcarman@apache.org', 'F15-public', 'F3-Throwable', 'F71-mcucchiara@apache.org', 'F71-ggregory@apache.org', 'F71-sebb@apache.org', 'F3-char', 'F105', 'F3-boolean', 'F3-NA', 'F3-byte[]', 'F3-boolean[]', 'F71-niallp@apache.org', 'F120', 'F22', 'F72', 'F71-pbenedict@apache.org', 'F71-brentworden@apache.org', 'F77', 'F3-new EqualsBuilder().append(obj1 obj2).isEquals()', 'F110', 'F117', 'F3-new ToStringBuilder(base).append(array).toString()', 'F71-kinow@apache.org', 'F3-!new EqualsBuilder().append(obj1 obj2).isEquals()', 'F71-djones@apache.org', 'F41', 'F3-String', 'F71-britter@apache.org', 'F3-null', 'F126', 'F71-scolebourne@apache.org', 'F3-ArrayUtils.toObject(b)', 'F101', 'F15-protected', 'category', 'F71-chas@apache.org', 'F3-int', 'F3-ArrayUtils.isSameLength(nullArray nullArray)', 'F3-Integer', 'F68', 'F71-bayard@apache.org'}
    F72   F25         ...         F71-mbenson@apache.org F71-sebb@apache.org
1  2238  1386         ...                              1                   1
2  2238  1386         ...                              1                   1
3  2562  1663         ...                              1                   1

[3 rows x 52 columns]
;.;
        F72         ...           F71-sebb@apache.org
0  0.816014         ...                           1.0
1  0.816014         ...                           1.0
2  1.000000         ...                           1.0

[3 rows x 52 columns]
training_x: (725, 52)
training_y: 725
testset_x: (786, 52)
testset_y: 786
              precision    recall  f1-score   support

           0       1.00      0.94      0.97       744
           1       0.49      0.95      0.65        42

    accuracy                           0.95       786
   macro avg       0.75      0.95      0.81       786
weighted avg       0.97      0.95      0.95       786

accuracy: 0.94529262086514
0.6504065040650406
@@@ tn: 703, fp: 41, fn: 2, tp: 40
@@@ LIME - Creating explainer
@@@ LIME - Random Sampling of Instances
iter: 0, sample_no: 419, actual label: 0, predicted: 0
iter: 1, sample_no: 250, actual label: 0, predicted: 0
iter: 2, sample_no: 446, actual label: 0, predicted: 1
iter: 3, sample_no: 766, actual label: 0, predicted: 0
iter: 4, sample_no: 494, actual label: 0, predicted: 0
iter: 5, sample_no: 513, actual label: 0, predicted: 0
iter: 6, sample_no: 426, actual label: 0, predicted: 0
iter: 7, sample_no: 439, actual label: 1, predicted: 1
iter: 8, sample_no: 756, actual label: 0, predicted: 0
iter: 9, sample_no: 471, actual label: 0, predicted: 0
iter: 10, sample_no: 275, actual label: 0, predicted: 0
iter: 11, sample_no: 492, actual label: 0, predicted: 0
iter: 12, sample_no: 403, actual label: 0, predicted: 0
iter: 13, sample_no: 604, actual label: 0, predicted: 0
iter: 14, sample_no: 753, actual label: 0, predicted: 0
iter: 15, sample_no: 291, actual label: 0, predicted: 1
iter: 16, sample_no: 308, actual label: 0, predicted: 0
iter: 17, sample_no: 466, actual label: 0, predicted: 0
iter: 18, sample_no: 541, actual label: 0, predicted: 1
iter: 19, sample_no: 346, actual label: 0, predicted: 0
iter: 20, sample_no: 462, actual label: 0, predicted: 0
iter: 21, sample_no: 183, actual label: 0, predicted: 0
iter: 22, sample_no: 288, actual label: 0, predicted: 1
iter: 23, sample_no: 121, actual label: 0, predicted: 0
iter: 24, sample_no: 307, actual label: 0, predicted: 0
number of samples: 786
AUC 0.986015104966718
pos_get 42
total recall stop_at 1.0
@@@ C - Repeat number: 3
@@@ D - common_header:  {'F104', 'F71-oheger@apache.org', 'F15-NA', 'F25', 'F3-ArrayUtils.nullToEmpty(original)', 'F115', 'F65', 'F123', 'F71-joehni@apache.org', 'F116', 'F71-mbenson@apache.org', 'F71-jcarman@apache.org', 'F15-public', 'F3-Throwable', 'F71-mcucchiara@apache.org', 'F71-ggregory@apache.org', 'F71-sebb@apache.org', 'F3-char', 'F105', 'F3-boolean', 'F3-NA', 'F3-byte[]', 'F3-boolean[]', 'F71-niallp@apache.org', 'F120', 'F22', 'F72', 'F71-pbenedict@apache.org', 'F71-brentworden@apache.org', 'F77', 'F3-new EqualsBuilder().append(obj1 obj2).isEquals()', 'F110', 'F117', 'F3-new ToStringBuilder(base).append(array).toString()', 'F71-kinow@apache.org', 'F3-!new EqualsBuilder().append(obj1 obj2).isEquals()', 'F71-djones@apache.org', 'F41', 'F3-String', 'F71-britter@apache.org', 'F3-null', 'F126', 'F71-scolebourne@apache.org', 'F3-ArrayUtils.toObject(b)', 'F101', 'F15-protected', 'category', 'F71-chas@apache.org', 'F3-int', 'F3-ArrayUtils.isSameLength(nullArray nullArray)', 'F3-Integer', 'F68', 'F71-bayard@apache.org'}
    F72   F25         ...         F71-mbenson@apache.org F71-sebb@apache.org
1  2238  1386         ...                              1                   1
2  2238  1386         ...                              1                   1
3  2562  1663         ...                              1                   1

[3 rows x 52 columns]
;.;
        F72         ...           F71-sebb@apache.org
0  0.816014         ...                           1.0
1  0.816014         ...                           1.0
2  1.000000         ...                           1.0

[3 rows x 52 columns]
training_x: (725, 52)
training_y: 725
testset_x: (786, 52)
testset_y: 786
              precision    recall  f1-score   support

           0       1.00      0.94      0.97       744
           1       0.49      0.95      0.65        42

    accuracy                           0.95       786
   macro avg       0.75      0.95      0.81       786
weighted avg       0.97      0.95      0.95       786

accuracy: 0.94529262086514
0.6504065040650406
@@@ tn: 703, fp: 41, fn: 2, tp: 40
@@@ LIME - Creating explainer
@@@ LIME - Random Sampling of Instances
iter: 0, sample_no: 414, actual label: 0, predicted: 0
iter: 1, sample_no: 572, actual label: 0, predicted: 0
iter: 2, sample_no: 319, actual label: 0, predicted: 0
iter: 3, sample_no: 163, actual label: 0, predicted: 0
iter: 4, sample_no: 115, actual label: 0, predicted: 0
iter: 5, sample_no: 262, actual label: 0, predicted: 0
iter: 6, sample_no: 722, actual label: 0, predicted: 0
iter: 7, sample_no: 86, actual label: 0, predicted: 0
iter: 8, sample_no: 403, actual label: 0, predicted: 0
iter: 9, sample_no: 671, actual label: 0, predicted: 0
iter: 10, sample_no: 259, actual label: 0, predicted: 0
iter: 11, sample_no: 198, actual label: 0, predicted: 1
iter: 12, sample_no: 25, actual label: 0, predicted: 0
iter: 13, sample_no: 367, actual label: 0, predicted: 0
iter: 14, sample_no: 347, actual label: 0, predicted: 0
iter: 15, sample_no: 284, actual label: 0, predicted: 1
iter: 16, sample_no: 435, actual label: 1, predicted: 1
iter: 17, sample_no: 58, actual label: 0, predicted: 0
iter: 18, sample_no: 109, actual label: 0, predicted: 0
iter: 19, sample_no: 54, actual label: 0, predicted: 0
iter: 20, sample_no: 543, actual label: 0, predicted: 0
iter: 21, sample_no: 15, actual label: 0, predicted: 0
iter: 22, sample_no: 129, actual label: 0, predicted: 0
iter: 23, sample_no: 561, actual label: 0, predicted: 0
iter: 24, sample_no: 194, actual label: 0, predicted: 0
number of samples: 786
AUC 0.986015104966718
pos_get 42
total recall stop_at 1.0
@@@ C - Repeat number: 4
@@@ D - common_header:  {'F104', 'F71-oheger@apache.org', 'F15-NA', 'F25', 'F3-ArrayUtils.nullToEmpty(original)', 'F115', 'F65', 'F123', 'F71-joehni@apache.org', 'F116', 'F71-mbenson@apache.org', 'F71-jcarman@apache.org', 'F15-public', 'F3-Throwable', 'F71-mcucchiara@apache.org', 'F71-ggregory@apache.org', 'F71-sebb@apache.org', 'F3-char', 'F105', 'F3-boolean', 'F3-NA', 'F3-byte[]', 'F3-boolean[]', 'F71-niallp@apache.org', 'F120', 'F22', 'F72', 'F71-pbenedict@apache.org', 'F71-brentworden@apache.org', 'F77', 'F3-new EqualsBuilder().append(obj1 obj2).isEquals()', 'F110', 'F117', 'F3-new ToStringBuilder(base).append(array).toString()', 'F71-kinow@apache.org', 'F3-!new EqualsBuilder().append(obj1 obj2).isEquals()', 'F71-djones@apache.org', 'F41', 'F3-String', 'F71-britter@apache.org', 'F3-null', 'F126', 'F71-scolebourne@apache.org', 'F3-ArrayUtils.toObject(b)', 'F101', 'F15-protected', 'category', 'F71-chas@apache.org', 'F3-int', 'F3-ArrayUtils.isSameLength(nullArray nullArray)', 'F3-Integer', 'F68', 'F71-bayard@apache.org'}
    F72   F25         ...         F71-mbenson@apache.org F71-sebb@apache.org
1  2238  1386         ...                              1                   1
2  2238  1386         ...                              1                   1
3  2562  1663         ...                              1                   1

[3 rows x 52 columns]
;.;
        F72         ...           F71-sebb@apache.org
0  0.816014         ...                           1.0
1  0.816014         ...                           1.0
2  1.000000         ...                           1.0

[3 rows x 52 columns]
training_x: (725, 52)
training_y: 725
testset_x: (786, 52)
testset_y: 786
              precision    recall  f1-score   support

           0       1.00      0.94      0.97       744
           1       0.49      0.95      0.65        42

    accuracy                           0.95       786
   macro avg       0.75      0.95      0.81       786
weighted avg       0.97      0.95      0.95       786

accuracy: 0.94529262086514
0.6504065040650406
@@@ tn: 703, fp: 41, fn: 2, tp: 40
@@@ LIME - Creating explainer
@@@ LIME - Random Sampling of Instances
iter: 0, sample_no: 552, actual label: 0, predicted: 0
iter: 1, sample_no: 286, actual label: 0, predicted: 1
iter: 2, sample_no: 589, actual label: 1, predicted: 1
iter: 3, sample_no: 197, actual label: 0, predicted: 0
iter: 4, sample_no: 35, actual label: 0, predicted: 0
iter: 5, sample_no: 268, actual label: 0, predicted: 0
iter: 6, sample_no: 154, actual label: 0, predicted: 0
iter: 7, sample_no: 350, actual label: 0, predicted: 0
iter: 8, sample_no: 311, actual label: 0, predicted: 1
iter: 9, sample_no: 232, actual label: 0, predicted: 0
iter: 10, sample_no: 729, actual label: 0, predicted: 0
iter: 11, sample_no: 163, actual label: 0, predicted: 0
iter: 12, sample_no: 205, actual label: 0, predicted: 0
iter: 13, sample_no: 663, actual label: 0, predicted: 0
iter: 14, sample_no: 70, actual label: 0, predicted: 0
iter: 15, sample_no: 69, actual label: 0, predicted: 0
iter: 16, sample_no: 372, actual label: 0, predicted: 0
iter: 17, sample_no: 435, actual label: 1, predicted: 1
iter: 18, sample_no: 290, actual label: 0, predicted: 1
iter: 19, sample_no: 411, actual label: 0, predicted: 0
iter: 20, sample_no: 359, actual label: 0, predicted: 0
iter: 21, sample_no: 779, actual label: 1, predicted: 1
iter: 22, sample_no: 727, actual label: 0, predicted: 0
iter: 23, sample_no: 439, actual label: 1, predicted: 1
iter: 24, sample_no: 108, actual label: 0, predicted: 0
number of samples: 786
AUC 0.986015104966718
pos_get 42
total recall stop_at 1.0
@@@ C - Repeat number: 5
@@@ D - common_header:  {'F104', 'F71-oheger@apache.org', 'F15-NA', 'F25', 'F3-ArrayUtils.nullToEmpty(original)', 'F115', 'F65', 'F123', 'F71-joehni@apache.org', 'F116', 'F71-mbenson@apache.org', 'F71-jcarman@apache.org', 'F15-public', 'F3-Throwable', 'F71-mcucchiara@apache.org', 'F71-ggregory@apache.org', 'F71-sebb@apache.org', 'F3-char', 'F105', 'F3-boolean', 'F3-NA', 'F3-byte[]', 'F3-boolean[]', 'F71-niallp@apache.org', 'F120', 'F22', 'F72', 'F71-pbenedict@apache.org', 'F71-brentworden@apache.org', 'F77', 'F3-new EqualsBuilder().append(obj1 obj2).isEquals()', 'F110', 'F117', 'F3-new ToStringBuilder(base).append(array).toString()', 'F71-kinow@apache.org', 'F3-!new EqualsBuilder().append(obj1 obj2).isEquals()', 'F71-djones@apache.org', 'F41', 'F3-String', 'F71-britter@apache.org', 'F3-null', 'F126', 'F71-scolebourne@apache.org', 'F3-ArrayUtils.toObject(b)', 'F101', 'F15-protected', 'category', 'F71-chas@apache.org', 'F3-int', 'F3-ArrayUtils.isSameLength(nullArray nullArray)', 'F3-Integer', 'F68', 'F71-bayard@apache.org'}
    F72   F25         ...         F71-mbenson@apache.org F71-sebb@apache.org
1  2238  1386         ...                              1                   1
2  2238  1386         ...                              1                   1
3  2562  1663         ...                              1                   1

[3 rows x 52 columns]
;.;
        F72         ...           F71-sebb@apache.org
0  0.816014         ...                           1.0
1  0.816014         ...                           1.0
2  1.000000         ...                           1.0

[3 rows x 52 columns]
training_x: (725, 52)
training_y: 725
testset_x: (786, 52)
testset_y: 786
              precision    recall  f1-score   support

           0       1.00      0.94      0.97       744
           1       0.49      0.95      0.65        42

    accuracy                           0.95       786
   macro avg       0.75      0.95      0.81       786
weighted avg       0.97      0.95      0.95       786

accuracy: 0.94529262086514
0.6504065040650406
@@@ tn: 703, fp: 41, fn: 2, tp: 40
@@@ LIME - Creating explainer
@@@ LIME - Random Sampling of Instances
iter: 0, sample_no: 327, actual label: 0, predicted: 1
iter: 1, sample_no: 635, actual label: 0, predicted: 0
iter: 2, sample_no: 350, actual label: 0, predicted: 0
iter: 3, sample_no: 273, actual label: 0, predicted: 0
iter: 4, sample_no: 760, actual label: 0, predicted: 0
iter: 5, sample_no: 598, actual label: 0, predicted: 0
iter: 6, sample_no: 215, actual label: 0, predicted: 0
iter: 7, sample_no: 97, actual label: 0, predicted: 0
iter: 8, sample_no: 320, actual label: 0, predicted: 0
iter: 9, sample_no: 65, actual label: 0, predicted: 0
iter: 10, sample_no: 28, actual label: 0, predicted: 0
iter: 11, sample_no: 296, actual label: 0, predicted: 0
iter: 12, sample_no: 319, actual label: 0, predicted: 0
iter: 13, sample_no: 206, actual label: 0, predicted: 0
iter: 14, sample_no: 536, actual label: 0, predicted: 0
iter: 15, sample_no: 712, actual label: 0, predicted: 0
iter: 16, sample_no: 486, actual label: 0, predicted: 0
iter: 17, sample_no: 637, actual label: 0, predicted: 0
iter: 18, sample_no: 145, actual label: 0, predicted: 0
iter: 19, sample_no: 295, actual label: 0, predicted: 0
iter: 20, sample_no: 23, actual label: 0, predicted: 0
iter: 21, sample_no: 386, actual label: 0, predicted: 0
iter: 22, sample_no: 484, actual label: 0, predicted: 0
iter: 23, sample_no: 703, actual label: 0, predicted: 0
iter: 24, sample_no: 506, actual label: 0, predicted: 0
number of samples: 786
AUC 0.986015104966718
pos_get 42
total recall stop_at 1.0
@@@ C - Repeat number: 6
@@@ D - common_header:  {'F104', 'F71-oheger@apache.org', 'F15-NA', 'F25', 'F3-ArrayUtils.nullToEmpty(original)', 'F115', 'F65', 'F123', 'F71-joehni@apache.org', 'F116', 'F71-mbenson@apache.org', 'F71-jcarman@apache.org', 'F15-public', 'F3-Throwable', 'F71-mcucchiara@apache.org', 'F71-ggregory@apache.org', 'F71-sebb@apache.org', 'F3-char', 'F105', 'F3-boolean', 'F3-NA', 'F3-byte[]', 'F3-boolean[]', 'F71-niallp@apache.org', 'F120', 'F22', 'F72', 'F71-pbenedict@apache.org', 'F71-brentworden@apache.org', 'F77', 'F3-new EqualsBuilder().append(obj1 obj2).isEquals()', 'F110', 'F117', 'F3-new ToStringBuilder(base).append(array).toString()', 'F71-kinow@apache.org', 'F3-!new EqualsBuilder().append(obj1 obj2).isEquals()', 'F71-djones@apache.org', 'F41', 'F3-String', 'F71-britter@apache.org', 'F3-null', 'F126', 'F71-scolebourne@apache.org', 'F3-ArrayUtils.toObject(b)', 'F101', 'F15-protected', 'category', 'F71-chas@apache.org', 'F3-int', 'F3-ArrayUtils.isSameLength(nullArray nullArray)', 'F3-Integer', 'F68', 'F71-bayard@apache.org'}
    F72   F25         ...         F71-mbenson@apache.org F71-sebb@apache.org
1  2238  1386         ...                              1                   1
2  2238  1386         ...                              1                   1
3  2562  1663         ...                              1                   1

[3 rows x 52 columns]
;.;
        F72         ...           F71-sebb@apache.org
0  0.816014         ...                           1.0
1  0.816014         ...                           1.0
2  1.000000         ...                           1.0

[3 rows x 52 columns]
training_x: (725, 52)
training_y: 725
testset_x: (786, 52)
testset_y: 786
              precision    recall  f1-score   support

           0       1.00      0.94      0.97       744
           1       0.49      0.95      0.65        42

    accuracy                           0.95       786
   macro avg       0.75      0.95      0.81       786
weighted avg       0.97      0.95      0.95       786

accuracy: 0.94529262086514
0.6504065040650406
@@@ tn: 703, fp: 41, fn: 2, tp: 40
@@@ LIME - Creating explainer
@@@ LIME - Random Sampling of Instances
iter: 0, sample_no: 563, actual label: 0, predicted: 0
iter: 1, sample_no: 478, actual label: 0, predicted: 1
iter: 2, sample_no: 554, actual label: 0, predicted: 0
iter: 3, sample_no: 81, actual label: 0, predicted: 0
iter: 4, sample_no: 746, actual label: 0, predicted: 0
iter: 5, sample_no: 68, actual label: 0, predicted: 0
iter: 6, sample_no: 622, actual label: 0, predicted: 0
iter: 7, sample_no: 722, actual label: 0, predicted: 0
iter: 8, sample_no: 237, actual label: 0, predicted: 0
iter: 9, sample_no: 123, actual label: 0, predicted: 0
iter: 10, sample_no: 750, actual label: 0, predicted: 0
iter: 11, sample_no: 613, actual label: 1, predicted: 1
iter: 12, sample_no: 573, actual label: 0, predicted: 0
iter: 13, sample_no: 532, actual label: 0, predicted: 0
iter: 14, sample_no: 191, actual label: 0, predicted: 1
iter: 15, sample_no: 463, actual label: 0, predicted: 0
iter: 16, sample_no: 247, actual label: 0, predicted: 0
iter: 17, sample_no: 277, actual label: 0, predicted: 0
iter: 18, sample_no: 593, actual label: 0, predicted: 0
iter: 19, sample_no: 769, actual label: 0, predicted: 0
iter: 20, sample_no: 170, actual label: 0, predicted: 0
iter: 21, sample_no: 411, actual label: 0, predicted: 0
iter: 22, sample_no: 132, actual label: 0, predicted: 0
iter: 23, sample_no: 450, actual label: 0, predicted: 0
iter: 24, sample_no: 733, actual label: 0, predicted: 0
number of samples: 786
AUC 0.986015104966718
pos_get 42
total recall stop_at 1.0
@@@ C - Repeat number: 7
@@@ D - common_header:  {'F104', 'F71-oheger@apache.org', 'F15-NA', 'F25', 'F3-ArrayUtils.nullToEmpty(original)', 'F115', 'F65', 'F123', 'F71-joehni@apache.org', 'F116', 'F71-mbenson@apache.org', 'F71-jcarman@apache.org', 'F15-public', 'F3-Throwable', 'F71-mcucchiara@apache.org', 'F71-ggregory@apache.org', 'F71-sebb@apache.org', 'F3-char', 'F105', 'F3-boolean', 'F3-NA', 'F3-byte[]', 'F3-boolean[]', 'F71-niallp@apache.org', 'F120', 'F22', 'F72', 'F71-pbenedict@apache.org', 'F71-brentworden@apache.org', 'F77', 'F3-new EqualsBuilder().append(obj1 obj2).isEquals()', 'F110', 'F117', 'F3-new ToStringBuilder(base).append(array).toString()', 'F71-kinow@apache.org', 'F3-!new EqualsBuilder().append(obj1 obj2).isEquals()', 'F71-djones@apache.org', 'F41', 'F3-String', 'F71-britter@apache.org', 'F3-null', 'F126', 'F71-scolebourne@apache.org', 'F3-ArrayUtils.toObject(b)', 'F101', 'F15-protected', 'category', 'F71-chas@apache.org', 'F3-int', 'F3-ArrayUtils.isSameLength(nullArray nullArray)', 'F3-Integer', 'F68', 'F71-bayard@apache.org'}
    F72   F25         ...         F71-mbenson@apache.org F71-sebb@apache.org
1  2238  1386         ...                              1                   1
2  2238  1386         ...                              1                   1
3  2562  1663         ...                              1                   1

[3 rows x 52 columns]
;.;
        F72         ...           F71-sebb@apache.org
0  0.816014         ...                           1.0
1  0.816014         ...                           1.0
2  1.000000         ...                           1.0

[3 rows x 52 columns]
training_x: (725, 52)
training_y: 725
testset_x: (786, 52)
testset_y: 786
              precision    recall  f1-score   support

           0       1.00      0.94      0.97       744
           1       0.49      0.95      0.65        42

    accuracy                           0.95       786
   macro avg       0.75      0.95      0.81       786
weighted avg       0.97      0.95      0.95       786

accuracy: 0.94529262086514
0.6504065040650406
@@@ tn: 703, fp: 41, fn: 2, tp: 40
@@@ LIME - Creating explainer
@@@ LIME - Random Sampling of Instances
iter: 0, sample_no: 685, actual label: 0, predicted: 0
iter: 1, sample_no: 737, actual label: 0, predicted: 0
iter: 2, sample_no: 137, actual label: 0, predicted: 0
iter: 3, sample_no: 478, actual label: 0, predicted: 1
iter: 4, sample_no: 41, actual label: 0, predicted: 0
iter: 5, sample_no: 682, actual label: 0, predicted: 0
iter: 6, sample_no: 197, actual label: 0, predicted: 0
iter: 7, sample_no: 20, actual label: 0, predicted: 0
iter: 8, sample_no: 271, actual label: 0, predicted: 0
iter: 9, sample_no: 286, actual label: 0, predicted: 1
iter: 10, sample_no: 135, actual label: 0, predicted: 0
iter: 11, sample_no: 637, actual label: 0, predicted: 0
iter: 12, sample_no: 437, actual label: 1, predicted: 1
iter: 13, sample_no: 544, actual label: 0, predicted: 1
iter: 14, sample_no: 755, actual label: 0, predicted: 0
iter: 15, sample_no: 520, actual label: 0, predicted: 0
iter: 16, sample_no: 464, actual label: 0, predicted: 0
iter: 17, sample_no: 78, actual label: 0, predicted: 0
iter: 18, sample_no: 57, actual label: 0, predicted: 0
iter: 19, sample_no: 31, actual label: 0, predicted: 0
iter: 20, sample_no: 235, actual label: 0, predicted: 0
iter: 21, sample_no: 195, actual label: 0, predicted: 0
iter: 22, sample_no: 125, actual label: 0, predicted: 0
iter: 23, sample_no: 752, actual label: 0, predicted: 0
iter: 24, sample_no: 473, actual label: 0, predicted: 0
number of samples: 786
AUC 0.986015104966718
pos_get 42
total recall stop_at 1.0
@@@ C - Repeat number: 8
@@@ D - common_header:  {'F104', 'F71-oheger@apache.org', 'F15-NA', 'F25', 'F3-ArrayUtils.nullToEmpty(original)', 'F115', 'F65', 'F123', 'F71-joehni@apache.org', 'F116', 'F71-mbenson@apache.org', 'F71-jcarman@apache.org', 'F15-public', 'F3-Throwable', 'F71-mcucchiara@apache.org', 'F71-ggregory@apache.org', 'F71-sebb@apache.org', 'F3-char', 'F105', 'F3-boolean', 'F3-NA', 'F3-byte[]', 'F3-boolean[]', 'F71-niallp@apache.org', 'F120', 'F22', 'F72', 'F71-pbenedict@apache.org', 'F71-brentworden@apache.org', 'F77', 'F3-new EqualsBuilder().append(obj1 obj2).isEquals()', 'F110', 'F117', 'F3-new ToStringBuilder(base).append(array).toString()', 'F71-kinow@apache.org', 'F3-!new EqualsBuilder().append(obj1 obj2).isEquals()', 'F71-djones@apache.org', 'F41', 'F3-String', 'F71-britter@apache.org', 'F3-null', 'F126', 'F71-scolebourne@apache.org', 'F3-ArrayUtils.toObject(b)', 'F101', 'F15-protected', 'category', 'F71-chas@apache.org', 'F3-int', 'F3-ArrayUtils.isSameLength(nullArray nullArray)', 'F3-Integer', 'F68', 'F71-bayard@apache.org'}
    F72   F25         ...         F71-mbenson@apache.org F71-sebb@apache.org
1  2238  1386         ...                              1                   1
2  2238  1386         ...                              1                   1
3  2562  1663         ...                              1                   1

[3 rows x 52 columns]
;.;
        F72         ...           F71-sebb@apache.org
0  0.816014         ...                           1.0
1  0.816014         ...                           1.0
2  1.000000         ...                           1.0

[3 rows x 52 columns]
training_x: (725, 52)
training_y: 725
testset_x: (786, 52)
testset_y: 786
              precision    recall  f1-score   support

           0       1.00      0.94      0.97       744
           1       0.49      0.95      0.65        42

    accuracy                           0.95       786
   macro avg       0.75      0.95      0.81       786
weighted avg       0.97      0.95      0.95       786

accuracy: 0.94529262086514
0.6504065040650406
@@@ tn: 703, fp: 41, fn: 2, tp: 40
@@@ LIME - Creating explainer
@@@ LIME - Random Sampling of Instances
iter: 0, sample_no: 480, actual label: 0, predicted: 0
iter: 1, sample_no: 261, actual label: 0, predicted: 0
iter: 2, sample_no: 340, actual label: 1, predicted: 1
iter: 3, sample_no: 118, actual label: 0, predicted: 0
iter: 4, sample_no: 416, actual label: 0, predicted: 0
iter: 5, sample_no: 103, actual label: 0, predicted: 0
iter: 6, sample_no: 560, actual label: 0, predicted: 0
iter: 7, sample_no: 662, actual label: 0, predicted: 0
iter: 8, sample_no: 82, actual label: 0, predicted: 0
iter: 9, sample_no: 591, actual label: 0, predicted: 0
iter: 10, sample_no: 148, actual label: 0, predicted: 0
iter: 11, sample_no: 130, actual label: 0, predicted: 0
iter: 12, sample_no: 44, actual label: 0, predicted: 0
iter: 13, sample_no: 147, actual label: 0, predicted: 0
iter: 14, sample_no: 66, actual label: 0, predicted: 0
iter: 15, sample_no: 569, actual label: 0, predicted: 0
iter: 16, sample_no: 29, actual label: 0, predicted: 0
iter: 17, sample_no: 751, actual label: 0, predicted: 0
iter: 18, sample_no: 784, actual label: 0, predicted: 0
iter: 19, sample_no: 559, actual label: 0, predicted: 0
iter: 20, sample_no: 112, actual label: 0, predicted: 0
iter: 21, sample_no: 34, actual label: 0, predicted: 0
iter: 22, sample_no: 109, actual label: 0, predicted: 0
iter: 23, sample_no: 504, actual label: 0, predicted: 0
iter: 24, sample_no: 324, actual label: 0, predicted: 0
number of samples: 786
AUC 0.986015104966718
pos_get 42
total recall stop_at 1.0
@@@ C - Repeat number: 9
@@@ D - common_header:  {'F104', 'F71-oheger@apache.org', 'F15-NA', 'F25', 'F3-ArrayUtils.nullToEmpty(original)', 'F115', 'F65', 'F123', 'F71-joehni@apache.org', 'F116', 'F71-mbenson@apache.org', 'F71-jcarman@apache.org', 'F15-public', 'F3-Throwable', 'F71-mcucchiara@apache.org', 'F71-ggregory@apache.org', 'F71-sebb@apache.org', 'F3-char', 'F105', 'F3-boolean', 'F3-NA', 'F3-byte[]', 'F3-boolean[]', 'F71-niallp@apache.org', 'F120', 'F22', 'F72', 'F71-pbenedict@apache.org', 'F71-brentworden@apache.org', 'F77', 'F3-new EqualsBuilder().append(obj1 obj2).isEquals()', 'F110', 'F117', 'F3-new ToStringBuilder(base).append(array).toString()', 'F71-kinow@apache.org', 'F3-!new EqualsBuilder().append(obj1 obj2).isEquals()', 'F71-djones@apache.org', 'F41', 'F3-String', 'F71-britter@apache.org', 'F3-null', 'F126', 'F71-scolebourne@apache.org', 'F3-ArrayUtils.toObject(b)', 'F101', 'F15-protected', 'category', 'F71-chas@apache.org', 'F3-int', 'F3-ArrayUtils.isSameLength(nullArray nullArray)', 'F3-Integer', 'F68', 'F71-bayard@apache.org'}
    F72   F25         ...         F71-mbenson@apache.org F71-sebb@apache.org
1  2238  1386         ...                              1                   1
2  2238  1386         ...                              1                   1
3  2562  1663         ...                              1                   1

[3 rows x 52 columns]
;.;
        F72         ...           F71-sebb@apache.org
0  0.816014         ...                           1.0
1  0.816014         ...                           1.0
2  1.000000         ...                           1.0

[3 rows x 52 columns]
training_x: (725, 52)
training_y: 725
testset_x: (786, 52)
testset_y: 786
              precision    recall  f1-score   support

           0       1.00      0.94      0.97       744
           1       0.49      0.95      0.65        42

    accuracy                           0.95       786
   macro avg       0.75      0.95      0.81       786
weighted avg       0.97      0.95      0.95       786

accuracy: 0.94529262086514
0.6504065040650406
@@@ tn: 703, fp: 41, fn: 2, tp: 40
@@@ LIME - Creating explainer
@@@ LIME - Random Sampling of Instances
iter: 0, sample_no: 57, actual label: 0, predicted: 0
iter: 1, sample_no: 214, actual label: 0, predicted: 0
iter: 2, sample_no: 518, actual label: 0, predicted: 0
iter: 3, sample_no: 695, actual label: 0, predicted: 0
iter: 4, sample_no: 592, actual label: 0, predicted: 0
iter: 5, sample_no: 662, actual label: 0, predicted: 0
iter: 6, sample_no: 781, actual label: 0, predicted: 0
iter: 7, sample_no: 462, actual label: 0, predicted: 0
iter: 8, sample_no: 324, actual label: 0, predicted: 0
iter: 9, sample_no: 529, actual label: 0, predicted: 0
iter: 10, sample_no: 680, actual label: 0, predicted: 0
iter: 11, sample_no: 616, actual label: 0, predicted: 0
iter: 12, sample_no: 350, actual label: 0, predicted: 0
iter: 13, sample_no: 484, actual label: 0, predicted: 0
iter: 14, sample_no: 202, actual label: 0, predicted: 0
iter: 15, sample_no: 137, actual label: 0, predicted: 0
iter: 16, sample_no: 259, actual label: 0, predicted: 0
iter: 17, sample_no: 673, actual label: 0, predicted: 0
iter: 18, sample_no: 230, actual label: 0, predicted: 0
iter: 19, sample_no: 293, actual label: 0, predicted: 0
iter: 20, sample_no: 347, actual label: 0, predicted: 0
iter: 21, sample_no: 552, actual label: 0, predicted: 0
iter: 22, sample_no: 622, actual label: 0, predicted: 0
iter: 23, sample_no: 128, actual label: 0, predicted: 0
iter: 24, sample_no: 98, actual label: 0, predicted: 0
number of samples: 786
AUC 0.9860151049667178
pos_get 42
total recall stop_at 1.0
@@@ C - Repeat number: 10
@@@ D - common_header:  {'F104', 'F71-oheger@apache.org', 'F15-NA', 'F25', 'F3-ArrayUtils.nullToEmpty(original)', 'F115', 'F65', 'F123', 'F71-joehni@apache.org', 'F116', 'F71-mbenson@apache.org', 'F71-jcarman@apache.org', 'F15-public', 'F3-Throwable', 'F71-mcucchiara@apache.org', 'F71-ggregory@apache.org', 'F71-sebb@apache.org', 'F3-char', 'F105', 'F3-boolean', 'F3-NA', 'F3-byte[]', 'F3-boolean[]', 'F71-niallp@apache.org', 'F120', 'F22', 'F72', 'F71-pbenedict@apache.org', 'F71-brentworden@apache.org', 'F77', 'F3-new EqualsBuilder().append(obj1 obj2).isEquals()', 'F110', 'F117', 'F3-new ToStringBuilder(base).append(array).toString()', 'F71-kinow@apache.org', 'F3-!new EqualsBuilder().append(obj1 obj2).isEquals()', 'F71-djones@apache.org', 'F41', 'F3-String', 'F71-britter@apache.org', 'F3-null', 'F126', 'F71-scolebourne@apache.org', 'F3-ArrayUtils.toObject(b)', 'F101', 'F15-protected', 'category', 'F71-chas@apache.org', 'F3-int', 'F3-ArrayUtils.isSameLength(nullArray nullArray)', 'F3-Integer', 'F68', 'F71-bayard@apache.org'}
    F72   F25         ...         F71-mbenson@apache.org F71-sebb@apache.org
1  2238  1386         ...                              1                   1
2  2238  1386         ...                              1                   1
3  2562  1663         ...                              1                   1

[3 rows x 52 columns]
;.;
        F72         ...           F71-sebb@apache.org
0  0.816014         ...                           1.0
1  0.816014         ...                           1.0
2  1.000000         ...                           1.0

[3 rows x 52 columns]
training_x: (725, 52)
training_y: 725
testset_x: (786, 52)
testset_y: 786
              precision    recall  f1-score   support

           0       1.00      0.94      0.97       744
           1       0.49      0.95      0.65        42

    accuracy                           0.95       786
   macro avg       0.75      0.95      0.81       786
weighted avg       0.97      0.95      0.95       786

accuracy: 0.94529262086514
0.6504065040650406
@@@ tn: 703, fp: 41, fn: 2, tp: 40
@@@ LIME - Creating explainer
@@@ LIME - Random Sampling of Instances
/Users/author1/anaconda3/lib/python3.6/site-packages/tensorflow/python/framework/dtypes.py:463: FutureWarning: Passing (type, 1) or '1type' as a synonym of type is deprecated; in a future version of numpy, it will be understood as (type, (1,)) / '(1,)type'.
  _np_qint8 = np.dtype([("qint8", np.int8, 1)])
/Users/author1/anaconda3/lib/python3.6/site-packages/tensorflow/python/framework/dtypes.py:464: FutureWarning: Passing (type, 1) or '1type' as a synonym of type is deprecated; in a future version of numpy, it will be understood as (type, (1,)) / '(1,)type'.
  _np_quint8 = np.dtype([("quint8", np.uint8, 1)])
/Users/author1/anaconda3/lib/python3.6/site-packages/tensorflow/python/framework/dtypes.py:465: FutureWarning: Passing (type, 1) or '1type' as a synonym of type is deprecated; in a future version of numpy, it will be understood as (type, (1,)) / '(1,)type'.
  _np_qint16 = np.dtype([("qint16", np.int16, 1)])
/Users/author1/anaconda3/lib/python3.6/site-packages/tensorflow/python/framework/dtypes.py:466: FutureWarning: Passing (type, 1) or '1type' as a synonym of type is deprecated; in a future version of numpy, it will be understood as (type, (1,)) / '(1,)type'.
  _np_quint16 = np.dtype([("quint16", np.uint16, 1)])
/Users/author1/anaconda3/lib/python3.6/site-packages/tensorflow/python/framework/dtypes.py:467: FutureWarning: Passing (type, 1) or '1type' as a synonym of type is deprecated; in a future version of numpy, it will be understood as (type, (1,)) / '(1,)type'.
  _np_qint32 = np.dtype([("qint32", np.int32, 1)])
iter: 0, sample_no: 668, actual label: 0, predicted: 0
iter: 1, sample_no: 484, actual label: 0, predicted: 0
iter: 2, sample_no: 621, actual label: 0, predicted: 0
iter: 3, sample_no: 399, actual label: 0, predicted: 0
iter: 4, sample_no: 386, actual label: 0, predicted: 0
iter: 5, sample_no: 585, actual label: 0, predicted: 0
iter: 6, sample_no: 384, actual label: 0, predicted: 0
iter: 7, sample_no: 66, actual label: 0, predicted: 0
iter: 8, sample_no: 765, actual label: 0, predicted: 0
iter: 9, sample_no: 146, actual label: 0, predicted: 0
iter: 10, sample_no: 691, actual label: 0, predicted: 0
iter: 11, sample_no: 735, actual label: 0, predicted: 0
iter: 12, sample_no: 597, actual label: 0, predicted: 0
iter: 13, sample_no: 125, actual label: 0, predicted: 0
iter: 14, sample_no: 525, actual label: 0, predicted: 0
iter: 15, sample_no: 639, actual label: 0, predicted: 0
iter: 16, sample_no: 706, actual label: 0, predicted: 0
iter: 17, sample_no: 438, actual label: 1, predicted: 1
iter: 18, sample_no: 176, actual label: 0, predicted: 0
iter: 19, sample_no: 190, actual label: 0, predicted: 1
iter: 20, sample_no: 663, actual label: 0, predicted: 0
iter: 21, sample_no: 74, actual label: 1, predicted: 1
iter: 22, sample_no: 445, actual label: 0, predicted: 1
iter: 23, sample_no: 201, actual label: 0, predicted: 0
iter: 24, sample_no: 277, actual label: 0, predicted: 0
number of samples: 786
AUC 0.986015104966718
pos_get 42
total recall stop_at 1.0
----------threshold stop at----------: 1
AUC [0.986015104966718, 0.986015104966718, 0.986015104966718, 0.986015104966718, 0.986015104966718, 0.986015104966718, 0.986015104966718, 0.986015104966718, 0.9860151049667178, 0.986015104966718]
AUC_median 0.986015104966718
AUC_iqr 0.0
cost [0.14122137404580154, 0.14122137404580154, 0.14122137404580154, 0.14122137404580154, 0.14122137404580154, 0.14122137404580154, 0.14122137404580154, 0.14122137404580154, 0.14122137404580154, 0.14122137404580154]
COST_med 0.14122137404580154
COST_iqr 0.0
f1_pos_list [0.6504065040650406, 0.6504065040650406, 0.6504065040650406, 0.6504065040650406, 0.6504065040650406, 0.6504065040650406, 0.6504065040650406, 0.6504065040650406, 0.6504065040650406, 0.6504065040650406]
f1_pos_med 0.6504065040650406
