@@@ A - classifier: DummyClassifier(constant=1, random_state=None, strategy='constant')
@@@ B - threshold stop at: 1
@@@ C - Repeat number: 1
@@@ D - common_header:  {'F3-NA', 'F71-stefano@apache.org', 'F120', 'F71-conor@apache.org', 'F15-private', 'F71-peterreilly@apache.org', 'F3-char', 'F116', 'F104', 'F101', 'F77', 'F71-umagesh@apache.org', 'F3-Project', 'F71-rubys@apache.org', 'F71-mbenson@apache.org', 'F3-Integer', 'F71-antoine@apache.org', 'F71-donaldp@apache.org', 'F41', 'F126', 'F71-stevel@apache.org', 'F3-File', 'F15-NA', 'F71-jskeet@apache.org', 'F3-Long', 'F3-PrintStream', 'F3-long', 'F71-jkf@apache.org', 'F3-int', 'F3-boolean', 'F65', 'F3-FileOutputStream', 'F15-protected', 'F3-Object', 'F72', 'F115', 'F3-Project.MSG_DEBUG', 'F25', 'F3-Class', 'F71-costin@apache.org', 'F3-String', 'F105', 'F117', 'F71-jhm@apache.org', 'F71-ehatcher@apache.org', 'F71-sbailliez@apache.org', 'F110', 'F71-hibou@apache.org', 'F71-jglick@apache.org', 'F123', 'F71-bodewig@apache.org', 'F3-FileInputStream', 'F71-kevj@apache.org', 'F71-dev-null@apache.org', 'F22', 'F68', 'F3-byte[]', 'F3-null', 'category', 'F15-public', 'F3-InputStream'}
     F72   F25        ...         F71-mbenson@apache.org F71-jhm@apache.org
1  13254  4548        ...                              1                  0
2  13254  4548        ...                              0                  0
3  13254  4548        ...                              1                  0

[3 rows x 60 columns]
;.;
        F72         ...          F71-jhm@apache.org
0  0.981137         ...                         0.0
1  0.981137         ...                         0.0
2  0.981137         ...                         0.0

[3 rows x 60 columns]
training_x: (1217, 60)
training_y: 1217
testset_x: (21, 60)
testset_y: 21
              precision    recall  f1-score   support

           0       0.00      0.00      0.00        16
           1       0.24      1.00      0.38         5

    accuracy                           0.24        21
   macro avg       0.12      0.50      0.19        21
weighted avg       0.06      0.24      0.09        21

accuracy: 0.23809523809523808
0.3846153846153846
@@@ tn: 0, fp: 16, fn: 0, tp: 5
@@@ LIME - Creating explainer
@@@ LIME - Random Sampling of Instances
iter: 0, sample_no: 4, actual label: 1, predicted: 1
iter: 1, sample_no: 7, actual label: 1, predicted: 1
iter: 2, sample_no: 1, actual label: 0, predicted: 1
iter: 3, sample_no: 17, actual label: 0, predicted: 1
iter: 4, sample_no: 20, actual label: 1, predicted: 1
iter: 5, sample_no: 0, actual label: 0, predicted: 1
iter: 6, sample_no: 10, actual label: 0, predicted: 1
iter: 7, sample_no: 12, actual label: 0, predicted: 1
iter: 8, sample_no: 2, actual label: 1, predicted: 1
iter: 9, sample_no: 2, actual label: 1, predicted: 1
iter: 10, sample_no: 5, actual label: 0, predicted: 1
iter: 11, sample_no: 0, actual label: 0, predicted: 1
iter: 12, sample_no: 3, actual label: 1, predicted: 1
iter: 13, sample_no: 0, actual label: 0, predicted: 1
iter: 14, sample_no: 10, actual label: 0, predicted: 1
iter: 15, sample_no: 19, actual label: 0, predicted: 1
iter: 16, sample_no: 9, actual label: 0, predicted: 1
iter: 17, sample_no: 18, actual label: 0, predicted: 1
iter: 18, sample_no: 16, actual label: 0, predicted: 1
iter: 19, sample_no: 1, actual label: 0, predicted: 1
iter: 20, sample_no: 18, actual label: 0, predicted: 1
iter: 21, sample_no: 3, actual label: 1, predicted: 1
iter: 22, sample_no: 11, actual label: 0, predicted: 1
iter: 23, sample_no: 8, actual label: 0, predicted: 1
iter: 24, sample_no: 14, actual label: 0, predicted: 1
number of samples: 21
AUC 0.5
pos_get 5
total recall stop_at 1.0
@@@ C - Repeat number: 2
@@@ D - common_header:  {'F3-NA', 'F71-stefano@apache.org', 'F120', 'F71-conor@apache.org', 'F15-private', 'F71-peterreilly@apache.org', 'F3-char', 'F116', 'F104', 'F101', 'F77', 'F71-umagesh@apache.org', 'F3-Project', 'F71-rubys@apache.org', 'F71-mbenson@apache.org', 'F3-Integer', 'F71-antoine@apache.org', 'F71-donaldp@apache.org', 'F41', 'F126', 'F71-stevel@apache.org', 'F3-File', 'F15-NA', 'F71-jskeet@apache.org', 'F3-Long', 'F3-PrintStream', 'F3-long', 'F71-jkf@apache.org', 'F3-int', 'F3-boolean', 'F65', 'F3-FileOutputStream', 'F15-protected', 'F3-Object', 'F72', 'F115', 'F3-Project.MSG_DEBUG', 'F25', 'F3-Class', 'F71-costin@apache.org', 'F3-String', 'F105', 'F117', 'F71-jhm@apache.org', 'F71-ehatcher@apache.org', 'F71-sbailliez@apache.org', 'F110', 'F71-hibou@apache.org', 'F71-jglick@apache.org', 'F123', 'F71-bodewig@apache.org', 'F3-FileInputStream', 'F71-kevj@apache.org', 'F71-dev-null@apache.org', 'F22', 'F68', 'F3-byte[]', 'F3-null', 'category', 'F15-public', 'F3-InputStream'}
     F72   F25        ...         F71-mbenson@apache.org F71-jhm@apache.org
1  13254  4548        ...                              1                  0
2  13254  4548        ...                              0                  0
3  13254  4548        ...                              1                  0

[3 rows x 60 columns]
;.;
        F72         ...          F71-jhm@apache.org
0  0.981137         ...                         0.0
1  0.981137         ...                         0.0
2  0.981137         ...                         0.0

[3 rows x 60 columns]
training_x: (1217, 60)
training_y: 1217
testset_x: (21, 60)
testset_y: 21
              precision    recall  f1-score   support

           0       0.00      0.00      0.00        16
           1       0.24      1.00      0.38         5

    accuracy                           0.24        21
   macro avg       0.12      0.50      0.19        21
weighted avg       0.06      0.24      0.09        21

accuracy: 0.23809523809523808
0.3846153846153846
@@@ tn: 0, fp: 16, fn: 0, tp: 5
@@@ LIME - Creating explainer
@@@ LIME - Random Sampling of Instances
iter: 0, sample_no: 20, actual label: 1, predicted: 1
iter: 1, sample_no: 4, actual label: 1, predicted: 1
iter: 2, sample_no: 0, actual label: 0, predicted: 1
iter: 3, sample_no: 4, actual label: 1, predicted: 1
iter: 4, sample_no: 4, actual label: 1, predicted: 1
iter: 5, sample_no: 11, actual label: 0, predicted: 1
iter: 6, sample_no: 9, actual label: 0, predicted: 1
iter: 7, sample_no: 4, actual label: 1, predicted: 1
iter: 8, sample_no: 17, actual label: 0, predicted: 1
iter: 9, sample_no: 8, actual label: 0, predicted: 1
iter: 10, sample_no: 14, actual label: 0, predicted: 1
iter: 11, sample_no: 13, actual label: 0, predicted: 1
iter: 12, sample_no: 4, actual label: 1, predicted: 1
iter: 13, sample_no: 0, actual label: 0, predicted: 1
iter: 14, sample_no: 4, actual label: 1, predicted: 1
iter: 15, sample_no: 20, actual label: 1, predicted: 1
iter: 16, sample_no: 14, actual label: 0, predicted: 1
iter: 17, sample_no: 17, actual label: 0, predicted: 1
iter: 18, sample_no: 20, actual label: 1, predicted: 1
iter: 19, sample_no: 18, actual label: 0, predicted: 1
iter: 20, sample_no: 0, actual label: 0, predicted: 1
iter: 21, sample_no: 15, actual label: 0, predicted: 1
iter: 22, sample_no: 17, actual label: 0, predicted: 1
iter: 23, sample_no: 3, actual label: 1, predicted: 1
iter: 24, sample_no: 9, actual label: 0, predicted: 1
number of samples: 21
AUC 0.5
pos_get 5
total recall stop_at 1.0
@@@ C - Repeat number: 3
@@@ D - common_header:  {'F3-NA', 'F71-stefano@apache.org', 'F120', 'F71-conor@apache.org', 'F15-private', 'F71-peterreilly@apache.org', 'F3-char', 'F116', 'F104', 'F101', 'F77', 'F71-umagesh@apache.org', 'F3-Project', 'F71-rubys@apache.org', 'F71-mbenson@apache.org', 'F3-Integer', 'F71-antoine@apache.org', 'F71-donaldp@apache.org', 'F41', 'F126', 'F71-stevel@apache.org', 'F3-File', 'F15-NA', 'F71-jskeet@apache.org', 'F3-Long', 'F3-PrintStream', 'F3-long', 'F71-jkf@apache.org', 'F3-int', 'F3-boolean', 'F65', 'F3-FileOutputStream', 'F15-protected', 'F3-Object', 'F72', 'F115', 'F3-Project.MSG_DEBUG', 'F25', 'F3-Class', 'F71-costin@apache.org', 'F3-String', 'F105', 'F117', 'F71-jhm@apache.org', 'F71-ehatcher@apache.org', 'F71-sbailliez@apache.org', 'F110', 'F71-hibou@apache.org', 'F71-jglick@apache.org', 'F123', 'F71-bodewig@apache.org', 'F3-FileInputStream', 'F71-kevj@apache.org', 'F71-dev-null@apache.org', 'F22', 'F68', 'F3-byte[]', 'F3-null', 'category', 'F15-public', 'F3-InputStream'}
     F72   F25        ...         F71-mbenson@apache.org F71-jhm@apache.org
1  13254  4548        ...                              1                  0
2  13254  4548        ...                              0                  0
3  13254  4548        ...                              1                  0

[3 rows x 60 columns]
;.;
        F72         ...          F71-jhm@apache.org
0  0.981137         ...                         0.0
1  0.981137         ...                         0.0
2  0.981137         ...                         0.0

[3 rows x 60 columns]
training_x: (1217, 60)
training_y: 1217
testset_x: (21, 60)
testset_y: 21
              precision    recall  f1-score   support

           0       0.00      0.00      0.00        16
           1       0.24      1.00      0.38         5

    accuracy                           0.24        21
   macro avg       0.12      0.50      0.19        21
weighted avg       0.06      0.24      0.09        21

accuracy: 0.23809523809523808
0.3846153846153846
@@@ tn: 0, fp: 16, fn: 0, tp: 5
@@@ LIME - Creating explainer
@@@ LIME - Random Sampling of Instances
iter: 0, sample_no: 11, actual label: 0, predicted: 1
iter: 1, sample_no: 1, actual label: 0, predicted: 1
iter: 2, sample_no: 14, actual label: 0, predicted: 1
iter: 3, sample_no: 12, actual label: 0, predicted: 1
iter: 4, sample_no: 16, actual label: 0, predicted: 1
iter: 5, sample_no: 5, actual label: 0, predicted: 1
iter: 6, sample_no: 20, actual label: 1, predicted: 1
iter: 7, sample_no: 13, actual label: 0, predicted: 1
iter: 8, sample_no: 13, actual label: 0, predicted: 1
iter: 9, sample_no: 17, actual label: 0, predicted: 1
iter: 10, sample_no: 16, actual label: 0, predicted: 1
iter: 11, sample_no: 12, actual label: 0, predicted: 1
iter: 12, sample_no: 7, actual label: 1, predicted: 1
iter: 13, sample_no: 17, actual label: 0, predicted: 1
iter: 14, sample_no: 10, actual label: 0, predicted: 1
iter: 15, sample_no: 4, actual label: 1, predicted: 1
iter: 16, sample_no: 12, actual label: 0, predicted: 1
iter: 17, sample_no: 18, actual label: 0, predicted: 1
iter: 18, sample_no: 19, actual label: 0, predicted: 1
iter: 19, sample_no: 19, actual label: 0, predicted: 1
iter: 20, sample_no: 7, actual label: 1, predicted: 1
iter: 21, sample_no: 12, actual label: 0, predicted: 1
iter: 22, sample_no: 14, actual label: 0, predicted: 1
iter: 23, sample_no: 5, actual label: 0, predicted: 1
iter: 24, sample_no: 7, actual label: 1, predicted: 1
number of samples: 21
AUC 0.5
pos_get 5
total recall stop_at 1.0
@@@ C - Repeat number: 4
@@@ D - common_header:  {'F3-NA', 'F71-stefano@apache.org', 'F120', 'F71-conor@apache.org', 'F15-private', 'F71-peterreilly@apache.org', 'F3-char', 'F116', 'F104', 'F101', 'F77', 'F71-umagesh@apache.org', 'F3-Project', 'F71-rubys@apache.org', 'F71-mbenson@apache.org', 'F3-Integer', 'F71-antoine@apache.org', 'F71-donaldp@apache.org', 'F41', 'F126', 'F71-stevel@apache.org', 'F3-File', 'F15-NA', 'F71-jskeet@apache.org', 'F3-Long', 'F3-PrintStream', 'F3-long', 'F71-jkf@apache.org', 'F3-int', 'F3-boolean', 'F65', 'F3-FileOutputStream', 'F15-protected', 'F3-Object', 'F72', 'F115', 'F3-Project.MSG_DEBUG', 'F25', 'F3-Class', 'F71-costin@apache.org', 'F3-String', 'F105', 'F117', 'F71-jhm@apache.org', 'F71-ehatcher@apache.org', 'F71-sbailliez@apache.org', 'F110', 'F71-hibou@apache.org', 'F71-jglick@apache.org', 'F123', 'F71-bodewig@apache.org', 'F3-FileInputStream', 'F71-kevj@apache.org', 'F71-dev-null@apache.org', 'F22', 'F68', 'F3-byte[]', 'F3-null', 'category', 'F15-public', 'F3-InputStream'}
     F72   F25        ...         F71-mbenson@apache.org F71-jhm@apache.org
1  13254  4548        ...                              1                  0
2  13254  4548        ...                              0                  0
3  13254  4548        ...                              1                  0

[3 rows x 60 columns]
;.;
        F72         ...          F71-jhm@apache.org
0  0.981137         ...                         0.0
1  0.981137         ...                         0.0
2  0.981137         ...                         0.0

[3 rows x 60 columns]
training_x: (1217, 60)
training_y: 1217
testset_x: (21, 60)
testset_y: 21
              precision    recall  f1-score   support

           0       0.00      0.00      0.00        16
           1       0.24      1.00      0.38         5

    accuracy                           0.24        21
   macro avg       0.12      0.50      0.19        21
weighted avg       0.06      0.24      0.09        21

accuracy: 0.23809523809523808
0.3846153846153846
@@@ tn: 0, fp: 16, fn: 0, tp: 5
@@@ LIME - Creating explainer
@@@ LIME - Random Sampling of Instances
iter: 0, sample_no: 5, actual label: 0, predicted: 1
iter: 1, sample_no: 4, actual label: 1, predicted: 1
iter: 2, sample_no: 18, actual label: 0, predicted: 1
iter: 3, sample_no: 15, actual label: 0, predicted: 1
iter: 4, sample_no: 2, actual label: 1, predicted: 1
iter: 5, sample_no: 14, actual label: 0, predicted: 1
iter: 6, sample_no: 6, actual label: 0, predicted: 1
iter: 7, sample_no: 0, actual label: 0, predicted: 1
iter: 8, sample_no: 14, actual label: 0, predicted: 1
iter: 9, sample_no: 11, actual label: 0, predicted: 1
iter: 10, sample_no: 6, actual label: 0, predicted: 1
iter: 11, sample_no: 11, actual label: 0, predicted: 1
iter: 12, sample_no: 7, actual label: 1, predicted: 1
iter: 13, sample_no: 16, actual label: 0, predicted: 1
iter: 14, sample_no: 19, actual label: 0, predicted: 1
iter: 15, sample_no: 16, actual label: 0, predicted: 1
iter: 16, sample_no: 0, actual label: 0, predicted: 1
iter: 17, sample_no: 16, actual label: 0, predicted: 1
iter: 18, sample_no: 1, actual label: 0, predicted: 1
iter: 19, sample_no: 19, actual label: 0, predicted: 1
iter: 20, sample_no: 4, actual label: 1, predicted: 1
iter: 21, sample_no: 10, actual label: 0, predicted: 1
iter: 22, sample_no: 2, actual label: 1, predicted: 1
iter: 23, sample_no: 7, actual label: 1, predicted: 1
iter: 24, sample_no: 1, actual label: 0, predicted: 1
number of samples: 21
AUC 0.5
pos_get 5
total recall stop_at 1.0
@@@ C - Repeat number: 5
@@@ D - common_header:  {'F3-NA', 'F71-stefano@apache.org', 'F120', 'F71-conor@apache.org', 'F15-private', 'F71-peterreilly@apache.org', 'F3-char', 'F116', 'F104', 'F101', 'F77', 'F71-umagesh@apache.org', 'F3-Project', 'F71-rubys@apache.org', 'F71-mbenson@apache.org', 'F3-Integer', 'F71-antoine@apache.org', 'F71-donaldp@apache.org', 'F41', 'F126', 'F71-stevel@apache.org', 'F3-File', 'F15-NA', 'F71-jskeet@apache.org', 'F3-Long', 'F3-PrintStream', 'F3-long', 'F71-jkf@apache.org', 'F3-int', 'F3-boolean', 'F65', 'F3-FileOutputStream', 'F15-protected', 'F3-Object', 'F72', 'F115', 'F3-Project.MSG_DEBUG', 'F25', 'F3-Class', 'F71-costin@apache.org', 'F3-String', 'F105', 'F117', 'F71-jhm@apache.org', 'F71-ehatcher@apache.org', 'F71-sbailliez@apache.org', 'F110', 'F71-hibou@apache.org', 'F71-jglick@apache.org', 'F123', 'F71-bodewig@apache.org', 'F3-FileInputStream', 'F71-kevj@apache.org', 'F71-dev-null@apache.org', 'F22', 'F68', 'F3-byte[]', 'F3-null', 'category', 'F15-public', 'F3-InputStream'}
     F72   F25        ...         F71-mbenson@apache.org F71-jhm@apache.org
1  13254  4548        ...                              1                  0
2  13254  4548        ...                              0                  0
3  13254  4548        ...                              1                  0

[3 rows x 60 columns]
;.;
        F72         ...          F71-jhm@apache.org
0  0.981137         ...                         0.0
1  0.981137         ...                         0.0
2  0.981137         ...                         0.0

[3 rows x 60 columns]
training_x: (1217, 60)
training_y: 1217
testset_x: (21, 60)
testset_y: 21
              precision    recall  f1-score   support

           0       0.00      0.00      0.00        16
           1       0.24      1.00      0.38         5

    accuracy                           0.24        21
   macro avg       0.12      0.50      0.19        21
weighted avg       0.06      0.24      0.09        21

accuracy: 0.23809523809523808
0.3846153846153846
@@@ tn: 0, fp: 16, fn: 0, tp: 5
@@@ LIME - Creating explainer
@@@ LIME - Random Sampling of Instances
iter: 0, sample_no: 7, actual label: 1, predicted: 1
iter: 1, sample_no: 17, actual label: 0, predicted: 1
iter: 2, sample_no: 4, actual label: 1, predicted: 1
iter: 3, sample_no: 4, actual label: 1, predicted: 1
iter: 4, sample_no: 11, actual label: 0, predicted: 1
iter: 5, sample_no: 17, actual label: 0, predicted: 1
iter: 6, sample_no: 12, actual label: 0, predicted: 1
iter: 7, sample_no: 19, actual label: 0, predicted: 1
iter: 8, sample_no: 6, actual label: 0, predicted: 1
iter: 9, sample_no: 20, actual label: 1, predicted: 1
iter: 10, sample_no: 18, actual label: 0, predicted: 1
iter: 11, sample_no: 18, actual label: 0, predicted: 1
iter: 12, sample_no: 18, actual label: 0, predicted: 1
iter: 13, sample_no: 18, actual label: 0, predicted: 1
iter: 14, sample_no: 19, actual label: 0, predicted: 1
iter: 15, sample_no: 13, actual label: 0, predicted: 1
iter: 16, sample_no: 1, actual label: 0, predicted: 1
iter: 17, sample_no: 19, actual label: 0, predicted: 1
iter: 18, sample_no: 14, actual label: 0, predicted: 1
iter: 19, sample_no: 7, actual label: 1, predicted: 1
iter: 20, sample_no: 11, actual label: 0, predicted: 1
iter: 21, sample_no: 9, actual label: 0, predicted: 1
iter: 22, sample_no: 13, actual label: 0, predicted: 1
iter: 23, sample_no: 4, actual label: 1, predicted: 1
iter: 24, sample_no: 12, actual label: 0, predicted: 1
number of samples: 21
AUC 0.5
pos_get 5
total recall stop_at 1.0
@@@ C - Repeat number: 6
@@@ D - common_header:  {'F3-NA', 'F71-stefano@apache.org', 'F120', 'F71-conor@apache.org', 'F15-private', 'F71-peterreilly@apache.org', 'F3-char', 'F116', 'F104', 'F101', 'F77', 'F71-umagesh@apache.org', 'F3-Project', 'F71-rubys@apache.org', 'F71-mbenson@apache.org', 'F3-Integer', 'F71-antoine@apache.org', 'F71-donaldp@apache.org', 'F41', 'F126', 'F71-stevel@apache.org', 'F3-File', 'F15-NA', 'F71-jskeet@apache.org', 'F3-Long', 'F3-PrintStream', 'F3-long', 'F71-jkf@apache.org', 'F3-int', 'F3-boolean', 'F65', 'F3-FileOutputStream', 'F15-protected', 'F3-Object', 'F72', 'F115', 'F3-Project.MSG_DEBUG', 'F25', 'F3-Class', 'F71-costin@apache.org', 'F3-String', 'F105', 'F117', 'F71-jhm@apache.org', 'F71-ehatcher@apache.org', 'F71-sbailliez@apache.org', 'F110', 'F71-hibou@apache.org', 'F71-jglick@apache.org', 'F123', 'F71-bodewig@apache.org', 'F3-FileInputStream', 'F71-kevj@apache.org', 'F71-dev-null@apache.org', 'F22', 'F68', 'F3-byte[]', 'F3-null', 'category', 'F15-public', 'F3-InputStream'}
     F72   F25        ...         F71-mbenson@apache.org F71-jhm@apache.org
1  13254  4548        ...                              1                  0
2  13254  4548        ...                              0                  0
3  13254  4548        ...                              1                  0

[3 rows x 60 columns]
;.;
        F72         ...          F71-jhm@apache.org
0  0.981137         ...                         0.0
1  0.981137         ...                         0.0
2  0.981137         ...                         0.0

[3 rows x 60 columns]
training_x: (1217, 60)
training_y: 1217
testset_x: (21, 60)
testset_y: 21
              precision    recall  f1-score   support

           0       0.00      0.00      0.00        16
           1       0.24      1.00      0.38         5

    accuracy                           0.24        21
   macro avg       0.12      0.50      0.19        21
weighted avg       0.06      0.24      0.09        21

accuracy: 0.23809523809523808
0.3846153846153846
@@@ tn: 0, fp: 16, fn: 0, tp: 5
@@@ LIME - Creating explainer
@@@ LIME - Random Sampling of Instances
iter: 0, sample_no: 0, actual label: 0, predicted: 1
iter: 1, sample_no: 15, actual label: 0, predicted: 1
iter: 2, sample_no: 15, actual label: 0, predicted: 1
iter: 3, sample_no: 17, actual label: 0, predicted: 1
iter: 4, sample_no: 14, actual label: 0, predicted: 1
iter: 5, sample_no: 13, actual label: 0, predicted: 1
iter: 6, sample_no: 10, actual label: 0, predicted: 1
iter: 7, sample_no: 12, actual label: 0, predicted: 1
iter: 8, sample_no: 11, actual label: 0, predicted: 1
iter: 9, sample_no: 5, actual label: 0, predicted: 1
iter: 10, sample_no: 16, actual label: 0, predicted: 1
iter: 11, sample_no: 6, actual label: 0, predicted: 1
iter: 12, sample_no: 14, actual label: 0, predicted: 1
iter: 13, sample_no: 20, actual label: 1, predicted: 1
iter: 14, sample_no: 1, actual label: 0, predicted: 1
iter: 15, sample_no: 15, actual label: 0, predicted: 1
iter: 16, sample_no: 3, actual label: 1, predicted: 1
iter: 17, sample_no: 19, actual label: 0, predicted: 1
iter: 18, sample_no: 13, actual label: 0, predicted: 1
iter: 19, sample_no: 2, actual label: 1, predicted: 1
iter: 20, sample_no: 15, actual label: 0, predicted: 1
iter: 21, sample_no: 14, actual label: 0, predicted: 1
iter: 22, sample_no: 16, actual label: 0, predicted: 1
iter: 23, sample_no: 7, actual label: 1, predicted: 1
iter: 24, sample_no: 12, actual label: 0, predicted: 1
number of samples: 21
AUC 0.5
pos_get 5
total recall stop_at 1.0
@@@ C - Repeat number: 7
@@@ D - common_header:  {'F3-NA', 'F71-stefano@apache.org', 'F120', 'F71-conor@apache.org', 'F15-private', 'F71-peterreilly@apache.org', 'F3-char', 'F116', 'F104', 'F101', 'F77', 'F71-umagesh@apache.org', 'F3-Project', 'F71-rubys@apache.org', 'F71-mbenson@apache.org', 'F3-Integer', 'F71-antoine@apache.org', 'F71-donaldp@apache.org', 'F41', 'F126', 'F71-stevel@apache.org', 'F3-File', 'F15-NA', 'F71-jskeet@apache.org', 'F3-Long', 'F3-PrintStream', 'F3-long', 'F71-jkf@apache.org', 'F3-int', 'F3-boolean', 'F65', 'F3-FileOutputStream', 'F15-protected', 'F3-Object', 'F72', 'F115', 'F3-Project.MSG_DEBUG', 'F25', 'F3-Class', 'F71-costin@apache.org', 'F3-String', 'F105', 'F117', 'F71-jhm@apache.org', 'F71-ehatcher@apache.org', 'F71-sbailliez@apache.org', 'F110', 'F71-hibou@apache.org', 'F71-jglick@apache.org', 'F123', 'F71-bodewig@apache.org', 'F3-FileInputStream', 'F71-kevj@apache.org', 'F71-dev-null@apache.org', 'F22', 'F68', 'F3-byte[]', 'F3-null', 'category', 'F15-public', 'F3-InputStream'}
     F72   F25        ...         F71-mbenson@apache.org F71-jhm@apache.org
1  13254  4548        ...                              1                  0
2  13254  4548        ...                              0                  0
3  13254  4548        ...                              1                  0

[3 rows x 60 columns]
;.;
        F72         ...          F71-jhm@apache.org
0  0.981137         ...                         0.0
1  0.981137         ...                         0.0
2  0.981137         ...                         0.0

[3 rows x 60 columns]
training_x: (1217, 60)
training_y: 1217
testset_x: (21, 60)
testset_y: 21
              precision    recall  f1-score   support

           0       0.00      0.00      0.00        16
           1       0.24      1.00      0.38         5

    accuracy                           0.24        21
   macro avg       0.12      0.50      0.19        21
weighted avg       0.06      0.24      0.09        21

accuracy: 0.23809523809523808
0.3846153846153846
@@@ tn: 0, fp: 16, fn: 0, tp: 5
@@@ LIME - Creating explainer
@@@ LIME - Random Sampling of Instances
iter: 0, sample_no: 10, actual label: 0, predicted: 1
iter: 1, sample_no: 16, actual label: 0, predicted: 1
iter: 2, sample_no: 10, actual label: 0, predicted: 1
iter: 3, sample_no: 9, actual label: 0, predicted: 1
iter: 4, sample_no: 0, actual label: 0, predicted: 1
iter: 5, sample_no: 4, actual label: 1, predicted: 1
iter: 6, sample_no: 12, actual label: 0, predicted: 1
iter: 7, sample_no: 7, actual label: 1, predicted: 1
iter: 8, sample_no: 18, actual label: 0, predicted: 1
iter: 9, sample_no: 19, actual label: 0, predicted: 1
iter: 10, sample_no: 16, actual label: 0, predicted: 1
iter: 11, sample_no: 0, actual label: 0, predicted: 1
iter: 12, sample_no: 10, actual label: 0, predicted: 1
iter: 13, sample_no: 5, actual label: 0, predicted: 1
iter: 14, sample_no: 14, actual label: 0, predicted: 1
iter: 15, sample_no: 1, actual label: 0, predicted: 1
iter: 16, sample_no: 12, actual label: 0, predicted: 1
iter: 17, sample_no: 19, actual label: 0, predicted: 1
iter: 18, sample_no: 3, actual label: 1, predicted: 1
iter: 19, sample_no: 3, actual label: 1, predicted: 1
iter: 20, sample_no: 1, actual label: 0, predicted: 1
iter: 21, sample_no: 9, actual label: 0, predicted: 1
iter: 22, sample_no: 11, actual label: 0, predicted: 1
iter: 23, sample_no: 7, actual label: 1, predicted: 1
iter: 24, sample_no: 17, actual label: 0, predicted: 1
number of samples: 21
AUC 0.5
pos_get 5
total recall stop_at 1.0
@@@ C - Repeat number: 8
@@@ D - common_header:  {'F3-NA', 'F71-stefano@apache.org', 'F120', 'F71-conor@apache.org', 'F15-private', 'F71-peterreilly@apache.org', 'F3-char', 'F116', 'F104', 'F101', 'F77', 'F71-umagesh@apache.org', 'F3-Project', 'F71-rubys@apache.org', 'F71-mbenson@apache.org', 'F3-Integer', 'F71-antoine@apache.org', 'F71-donaldp@apache.org', 'F41', 'F126', 'F71-stevel@apache.org', 'F3-File', 'F15-NA', 'F71-jskeet@apache.org', 'F3-Long', 'F3-PrintStream', 'F3-long', 'F71-jkf@apache.org', 'F3-int', 'F3-boolean', 'F65', 'F3-FileOutputStream', 'F15-protected', 'F3-Object', 'F72', 'F115', 'F3-Project.MSG_DEBUG', 'F25', 'F3-Class', 'F71-costin@apache.org', 'F3-String', 'F105', 'F117', 'F71-jhm@apache.org', 'F71-ehatcher@apache.org', 'F71-sbailliez@apache.org', 'F110', 'F71-hibou@apache.org', 'F71-jglick@apache.org', 'F123', 'F71-bodewig@apache.org', 'F3-FileInputStream', 'F71-kevj@apache.org', 'F71-dev-null@apache.org', 'F22', 'F68', 'F3-byte[]', 'F3-null', 'category', 'F15-public', 'F3-InputStream'}
     F72   F25        ...         F71-mbenson@apache.org F71-jhm@apache.org
1  13254  4548        ...                              1                  0
2  13254  4548        ...                              0                  0
3  13254  4548        ...                              1                  0

[3 rows x 60 columns]
;.;
        F72         ...          F71-jhm@apache.org
0  0.981137         ...                         0.0
1  0.981137         ...                         0.0
2  0.981137         ...                         0.0

[3 rows x 60 columns]
training_x: (1217, 60)
training_y: 1217
testset_x: (21, 60)
testset_y: 21
              precision    recall  f1-score   support

           0       0.00      0.00      0.00        16
           1       0.24      1.00      0.38         5

    accuracy                           0.24        21
   macro avg       0.12      0.50      0.19        21
weighted avg       0.06      0.24      0.09        21

accuracy: 0.23809523809523808
0.3846153846153846
@@@ tn: 0, fp: 16, fn: 0, tp: 5
@@@ LIME - Creating explainer
@@@ LIME - Random Sampling of Instances
iter: 0, sample_no: 16, actual label: 0, predicted: 1
iter: 1, sample_no: 2, actual label: 1, predicted: 1
iter: 2, sample_no: 12, actual label: 0, predicted: 1
iter: 3, sample_no: 13, actual label: 0, predicted: 1
iter: 4, sample_no: 2, actual label: 1, predicted: 1
iter: 5, sample_no: 17, actual label: 0, predicted: 1
iter: 6, sample_no: 11, actual label: 0, predicted: 1
iter: 7, sample_no: 7, actual label: 1, predicted: 1
iter: 8, sample_no: 14, actual label: 0, predicted: 1
iter: 9, sample_no: 19, actual label: 0, predicted: 1
iter: 10, sample_no: 9, actual label: 0, predicted: 1
iter: 11, sample_no: 0, actual label: 0, predicted: 1
iter: 12, sample_no: 11, actual label: 0, predicted: 1
iter: 13, sample_no: 14, actual label: 0, predicted: 1
iter: 14, sample_no: 18, actual label: 0, predicted: 1
iter: 15, sample_no: 19, actual label: 0, predicted: 1
iter: 16, sample_no: 0, actual label: 0, predicted: 1
iter: 17, sample_no: 18, actual label: 0, predicted: 1
iter: 18, sample_no: 7, actual label: 1, predicted: 1
iter: 19, sample_no: 17, actual label: 0, predicted: 1
iter: 20, sample_no: 6, actual label: 0, predicted: 1
iter: 21, sample_no: 12, actual label: 0, predicted: 1
iter: 22, sample_no: 7, actual label: 1, predicted: 1
iter: 23, sample_no: 14, actual label: 0, predicted: 1
iter: 24, sample_no: 19, actual label: 0, predicted: 1
number of samples: 21
AUC 0.5
pos_get 5
total recall stop_at 1.0
@@@ C - Repeat number: 9
@@@ D - common_header:  {'F3-NA', 'F71-stefano@apache.org', 'F120', 'F71-conor@apache.org', 'F15-private', 'F71-peterreilly@apache.org', 'F3-char', 'F116', 'F104', 'F101', 'F77', 'F71-umagesh@apache.org', 'F3-Project', 'F71-rubys@apache.org', 'F71-mbenson@apache.org', 'F3-Integer', 'F71-antoine@apache.org', 'F71-donaldp@apache.org', 'F41', 'F126', 'F71-stevel@apache.org', 'F3-File', 'F15-NA', 'F71-jskeet@apache.org', 'F3-Long', 'F3-PrintStream', 'F3-long', 'F71-jkf@apache.org', 'F3-int', 'F3-boolean', 'F65', 'F3-FileOutputStream', 'F15-protected', 'F3-Object', 'F72', 'F115', 'F3-Project.MSG_DEBUG', 'F25', 'F3-Class', 'F71-costin@apache.org', 'F3-String', 'F105', 'F117', 'F71-jhm@apache.org', 'F71-ehatcher@apache.org', 'F71-sbailliez@apache.org', 'F110', 'F71-hibou@apache.org', 'F71-jglick@apache.org', 'F123', 'F71-bodewig@apache.org', 'F3-FileInputStream', 'F71-kevj@apache.org', 'F71-dev-null@apache.org', 'F22', 'F68', 'F3-byte[]', 'F3-null', 'category', 'F15-public', 'F3-InputStream'}
     F72   F25        ...         F71-mbenson@apache.org F71-jhm@apache.org
1  13254  4548        ...                              1                  0
2  13254  4548        ...                              0                  0
3  13254  4548        ...                              1                  0

[3 rows x 60 columns]
;.;
        F72         ...          F71-jhm@apache.org
0  0.981137         ...                         0.0
1  0.981137         ...                         0.0
2  0.981137         ...                         0.0

[3 rows x 60 columns]
training_x: (1217, 60)
training_y: 1217
testset_x: (21, 60)
testset_y: 21
              precision    recall  f1-score   support

           0       0.00      0.00      0.00        16
           1       0.24      1.00      0.38         5

    accuracy                           0.24        21
   macro avg       0.12      0.50      0.19        21
weighted avg       0.06      0.24      0.09        21

accuracy: 0.23809523809523808
0.3846153846153846
@@@ tn: 0, fp: 16, fn: 0, tp: 5
@@@ LIME - Creating explainer
@@@ LIME - Random Sampling of Instances
iter: 0, sample_no: 5, actual label: 0, predicted: 1
iter: 1, sample_no: 9, actual label: 0, predicted: 1
iter: 2, sample_no: 18, actual label: 0, predicted: 1
iter: 3, sample_no: 5, actual label: 0, predicted: 1
iter: 4, sample_no: 14, actual label: 0, predicted: 1
iter: 5, sample_no: 8, actual label: 0, predicted: 1
iter: 6, sample_no: 19, actual label: 0, predicted: 1
iter: 7, sample_no: 1, actual label: 0, predicted: 1
iter: 8, sample_no: 16, actual label: 0, predicted: 1
iter: 9, sample_no: 4, actual label: 1, predicted: 1
iter: 10, sample_no: 18, actual label: 0, predicted: 1
iter: 11, sample_no: 10, actual label: 0, predicted: 1
iter: 12, sample_no: 4, actual label: 1, predicted: 1
iter: 13, sample_no: 3, actual label: 1, predicted: 1
iter: 14, sample_no: 16, actual label: 0, predicted: 1
iter: 15, sample_no: 4, actual label: 1, predicted: 1
iter: 16, sample_no: 18, actual label: 0, predicted: 1
iter: 17, sample_no: 14, actual label: 0, predicted: 1
iter: 18, sample_no: 15, actual label: 0, predicted: 1
iter: 19, sample_no: 11, actual label: 0, predicted: 1
iter: 20, sample_no: 13, actual label: 0, predicted: 1
iter: 21, sample_no: 7, actual label: 1, predicted: 1
iter: 22, sample_no: 4, actual label: 1, predicted: 1
iter: 23, sample_no: 0, actual label: 0, predicted: 1
iter: 24, sample_no: 16, actual label: 0, predicted: 1
number of samples: 21
AUC 0.5
pos_get 5
total recall stop_at 1.0
@@@ C - Repeat number: 10
@@@ D - common_header:  {'F3-NA', 'F71-stefano@apache.org', 'F120', 'F71-conor@apache.org', 'F15-private', 'F71-peterreilly@apache.org', 'F3-char', 'F116', 'F104', 'F101', 'F77', 'F71-umagesh@apache.org', 'F3-Project', 'F71-rubys@apache.org', 'F71-mbenson@apache.org', 'F3-Integer', 'F71-antoine@apache.org', 'F71-donaldp@apache.org', 'F41', 'F126', 'F71-stevel@apache.org', 'F3-File', 'F15-NA', 'F71-jskeet@apache.org', 'F3-Long', 'F3-PrintStream', 'F3-long', 'F71-jkf@apache.org', 'F3-int', 'F3-boolean', 'F65', 'F3-FileOutputStream', 'F15-protected', 'F3-Object', 'F72', 'F115', 'F3-Project.MSG_DEBUG', 'F25', 'F3-Class', 'F71-costin@apache.org', 'F3-String', 'F105', 'F117', 'F71-jhm@apache.org', 'F71-ehatcher@apache.org', 'F71-sbailliez@apache.org', 'F110', 'F71-hibou@apache.org', 'F71-jglick@apache.org', 'F123', 'F71-bodewig@apache.org', 'F3-FileInputStream', 'F71-kevj@apache.org', 'F71-dev-null@apache.org', 'F22', 'F68', 'F3-byte[]', 'F3-null', 'category', 'F15-public', 'F3-InputStream'}
     F72   F25        ...         F71-mbenson@apache.org F71-jhm@apache.org
1  13254  4548        ...                              1                  0
2  13254  4548        ...                              0                  0
3  13254  4548        ...                              1                  0

[3 rows x 60 columns]
;.;
        F72         ...          F71-jhm@apache.org
0  0.981137         ...                         0.0
1  0.981137         ...                         0.0
2  0.981137         ...                         0.0

[3 rows x 60 columns]
training_x: (1217, 60)
training_y: 1217
testset_x: (21, 60)
testset_y: 21
              precision    recall  f1-score   support

           0       0.00      0.00      0.00        16
           1       0.24      1.00      0.38         5

    accuracy                           0.24        21
   macro avg       0.12      0.50      0.19        21
weighted avg       0.06      0.24      0.09        21

accuracy: 0.23809523809523808
0.3846153846153846
@@@ tn: 0, fp: 16, fn: 0, tp: 5
@@@ LIME - Creating explainer
@@@ LIME - Random Sampling of Instances
/Users/author1/anaconda3/lib/python3.6/site-packages/tensorflow/python/framework/dtypes.py:463: FutureWarning: Passing (type, 1) or '1type' as a synonym of type is deprecated; in a future version of numpy, it will be understood as (type, (1,)) / '(1,)type'.
  _np_qint8 = np.dtype([("qint8", np.int8, 1)])
/Users/author1/anaconda3/lib/python3.6/site-packages/tensorflow/python/framework/dtypes.py:464: FutureWarning: Passing (type, 1) or '1type' as a synonym of type is deprecated; in a future version of numpy, it will be understood as (type, (1,)) / '(1,)type'.
  _np_quint8 = np.dtype([("quint8", np.uint8, 1)])
/Users/author1/anaconda3/lib/python3.6/site-packages/tensorflow/python/framework/dtypes.py:465: FutureWarning: Passing (type, 1) or '1type' as a synonym of type is deprecated; in a future version of numpy, it will be understood as (type, (1,)) / '(1,)type'.
  _np_qint16 = np.dtype([("qint16", np.int16, 1)])
/Users/author1/anaconda3/lib/python3.6/site-packages/tensorflow/python/framework/dtypes.py:466: FutureWarning: Passing (type, 1) or '1type' as a synonym of type is deprecated; in a future version of numpy, it will be understood as (type, (1,)) / '(1,)type'.
  _np_quint16 = np.dtype([("quint16", np.uint16, 1)])
/Users/author1/anaconda3/lib/python3.6/site-packages/tensorflow/python/framework/dtypes.py:467: FutureWarning: Passing (type, 1) or '1type' as a synonym of type is deprecated; in a future version of numpy, it will be understood as (type, (1,)) / '(1,)type'.
  _np_qint32 = np.dtype([("qint32", np.int32, 1)])
Precision and F-score are ill-defined and being set to 0.0 in labels with no predicted samples. Use `zero_division` parameter to control this behavior.
Precision and F-score are ill-defined and being set to 0.0 in labels with no predicted samples. Use `zero_division` parameter to control this behavior.
Precision and F-score are ill-defined and being set to 0.0 in labels with no predicted samples. Use `zero_division` parameter to control this behavior.
Precision and F-score are ill-defined and being set to 0.0 in labels with no predicted samples. Use `zero_division` parameter to control this behavior.
Precision and F-score are ill-defined and being set to 0.0 in labels with no predicted samples. Use `zero_division` parameter to control this behavior.
Precision and F-score are ill-defined and being set to 0.0 in labels with no predicted samples. Use `zero_division` parameter to control this behavior.
Precision and F-score are ill-defined and being set to 0.0 in labels with no predicted samples. Use `zero_division` parameter to control this behavior.
Precision and F-score are ill-defined and being set to 0.0 in labels with no predicted samples. Use `zero_division` parameter to control this behavior.
Precision and F-score are ill-defined and being set to 0.0 in labels with no predicted samples. Use `zero_division` parameter to control this behavior.
Precision and F-score are ill-defined and being set to 0.0 in labels with no predicted samples. Use `zero_division` parameter to control this behavior.
iter: 0, sample_no: 11, actual label: 0, predicted: 1
iter: 1, sample_no: 17, actual label: 0, predicted: 1
iter: 2, sample_no: 16, actual label: 0, predicted: 1
iter: 3, sample_no: 9, actual label: 0, predicted: 1
iter: 4, sample_no: 0, actual label: 0, predicted: 1
iter: 5, sample_no: 2, actual label: 1, predicted: 1
iter: 6, sample_no: 16, actual label: 0, predicted: 1
iter: 7, sample_no: 19, actual label: 0, predicted: 1
iter: 8, sample_no: 19, actual label: 0, predicted: 1
iter: 9, sample_no: 6, actual label: 0, predicted: 1
iter: 10, sample_no: 16, actual label: 0, predicted: 1
iter: 11, sample_no: 19, actual label: 0, predicted: 1
iter: 12, sample_no: 12, actual label: 0, predicted: 1
iter: 13, sample_no: 1, actual label: 0, predicted: 1
iter: 14, sample_no: 19, actual label: 0, predicted: 1
iter: 15, sample_no: 12, actual label: 0, predicted: 1
iter: 16, sample_no: 11, actual label: 0, predicted: 1
iter: 17, sample_no: 13, actual label: 0, predicted: 1
iter: 18, sample_no: 12, actual label: 0, predicted: 1
iter: 19, sample_no: 15, actual label: 0, predicted: 1
iter: 20, sample_no: 8, actual label: 0, predicted: 1
iter: 21, sample_no: 12, actual label: 0, predicted: 1
iter: 22, sample_no: 13, actual label: 0, predicted: 1
iter: 23, sample_no: 1, actual label: 0, predicted: 1
iter: 24, sample_no: 16, actual label: 0, predicted: 1
number of samples: 21
AUC 0.5
pos_get 5
total recall stop_at 1.0
----------threshold stop at----------: 1
AUC [0.5, 0.5, 0.5, 0.5, 0.5, 0.5, 0.5, 0.5, 0.5, 0.5]
AUC_median 0.5
AUC_iqr 0.0
cost [0.5238095238095238, 0.5238095238095238, 0.5238095238095238, 0.5238095238095238, 0.5238095238095238, 0.5238095238095238, 0.5238095238095238, 0.5238095238095238, 0.5238095238095238, 0.5238095238095238]
COST_med 0.5238095238095238
COST_iqr 0.0
f1_pos_list [0.3846153846153846, 0.3846153846153846, 0.3846153846153846, 0.3846153846153846, 0.3846153846153846, 0.3846153846153846, 0.3846153846153846, 0.3846153846153846, 0.3846153846153846, 0.3846153846153846]
f1_pos_med 0.3846153846153846
