@@@ A - classifier: DummyClassifier(constant=1, random_state=None, strategy='constant')
@@@ B - threshold stop at: 1
@@@ C - Repeat number: 1
@@@ D - common_header:  {'F71-granthenke@gmail.com', 'F71-ismael@juma.me.uk', 'category', 'F71-jjkoshy@gmail.com', 'F3-String', 'F123', 'F3-null', 'F41', 'F3-NA', 'F116', 'F105', 'F25', 'F126', 'F3-boolean', 'F71-nehanarkhede@apache.org', 'F68', 'F71-becket.qin@gmail.com', 'F115', 'F71-wangguoz@gmail.com', 'F71-jason@confluent.io', 'F110', 'F3-int', 'F71-cshapi@gmail.com', 'F71-junrao@gmail.com', 'F71-neha.narkhede@gmail.com', 'F77', 'F65', 'F104', 'F71-rajinisivaram@googlemail.com', 'F71-schintalapani@hortonworks.com', 'F72', 'F3-TopicPartition', 'F22', 'F15-public', 'F3-byte[]', 'F3-long', 'F15-protected', 'F15-NA', 'F71-lindong28@gmail.com', 'F120', 'F117', 'F101'}
    F72         ...          F71-junrao@gmail.com
1  7951         ...                             0
2  6802         ...                             1
3  6802         ...                             1

[3 rows x 41 columns]
;.;
        F72          ...           F71-junrao@gmail.com
0  0.842294          ...                            0.0
1  0.327509          ...                            1.0
2  0.327509          ...                            1.0

[3 rows x 41 columns]
training_x: (1813, 41)
training_y: 1813
testset_x: (1566, 41)
testset_y: 1566
              precision    recall  f1-score   support

           0       0.00      0.00      0.00       673
           1       0.57      1.00      0.73       893

    accuracy                           0.57      1566
   macro avg       0.29      0.50      0.36      1566
weighted avg       0.33      0.57      0.41      1566

accuracy: 0.570242656449553
0.7263115087433917
@@@ tn: 0, fp: 673, fn: 0, tp: 893
@@@ LIME - Creating explainer
@@@ LIME - Random Sampling of Instances
iter: 0, sample_no: 1344, actual label: 0, predicted: 1
iter: 1, sample_no: 1360, actual label: 0, predicted: 1
iter: 2, sample_no: 340, actual label: 1, predicted: 1
iter: 3, sample_no: 1282, actual label: 1, predicted: 1
iter: 4, sample_no: 824, actual label: 1, predicted: 1
iter: 5, sample_no: 1480, actual label: 0, predicted: 1
iter: 6, sample_no: 706, actual label: 0, predicted: 1
iter: 7, sample_no: 1244, actual label: 1, predicted: 1
iter: 8, sample_no: 837, actual label: 1, predicted: 1
iter: 9, sample_no: 1149, actual label: 0, predicted: 1
iter: 10, sample_no: 1424, actual label: 0, predicted: 1
iter: 11, sample_no: 1014, actual label: 1, predicted: 1
iter: 12, sample_no: 347, actual label: 1, predicted: 1
iter: 13, sample_no: 813, actual label: 0, predicted: 1
iter: 14, sample_no: 1315, actual label: 1, predicted: 1
iter: 15, sample_no: 314, actual label: 1, predicted: 1
iter: 16, sample_no: 1048, actual label: 1, predicted: 1
iter: 17, sample_no: 1185, actual label: 1, predicted: 1
iter: 18, sample_no: 1294, actual label: 1, predicted: 1
iter: 19, sample_no: 512, actual label: 0, predicted: 1
iter: 20, sample_no: 1443, actual label: 0, predicted: 1
iter: 21, sample_no: 156, actual label: 1, predicted: 1
iter: 22, sample_no: 1388, actual label: 1, predicted: 1
iter: 23, sample_no: 605, actual label: 0, predicted: 1
iter: 24, sample_no: 303, actual label: 1, predicted: 1
number of samples: 1566
AUC 0.5
pos_get 893
total recall stop_at 1
@@@ C - Repeat number: 2
@@@ D - common_header:  {'F71-granthenke@gmail.com', 'F71-ismael@juma.me.uk', 'category', 'F71-jjkoshy@gmail.com', 'F3-String', 'F123', 'F3-null', 'F41', 'F3-NA', 'F116', 'F105', 'F25', 'F126', 'F3-boolean', 'F71-nehanarkhede@apache.org', 'F68', 'F71-becket.qin@gmail.com', 'F115', 'F71-wangguoz@gmail.com', 'F71-jason@confluent.io', 'F110', 'F3-int', 'F71-cshapi@gmail.com', 'F71-junrao@gmail.com', 'F71-neha.narkhede@gmail.com', 'F77', 'F65', 'F104', 'F71-rajinisivaram@googlemail.com', 'F71-schintalapani@hortonworks.com', 'F72', 'F3-TopicPartition', 'F22', 'F15-public', 'F3-byte[]', 'F3-long', 'F15-protected', 'F15-NA', 'F71-lindong28@gmail.com', 'F120', 'F117', 'F101'}
    F72         ...          F71-junrao@gmail.com
1  7951         ...                             0
2  6802         ...                             1
3  6802         ...                             1

[3 rows x 41 columns]
;.;
        F72          ...           F71-junrao@gmail.com
0  0.842294          ...                            0.0
1  0.327509          ...                            1.0
2  0.327509          ...                            1.0

[3 rows x 41 columns]
training_x: (1813, 41)
training_y: 1813
testset_x: (1566, 41)
testset_y: 1566
              precision    recall  f1-score   support

           0       0.00      0.00      0.00       673
           1       0.57      1.00      0.73       893

    accuracy                           0.57      1566
   macro avg       0.29      0.50      0.36      1566
weighted avg       0.33      0.57      0.41      1566

accuracy: 0.570242656449553
0.7263115087433917
@@@ tn: 0, fp: 673, fn: 0, tp: 893
@@@ LIME - Creating explainer
@@@ LIME - Random Sampling of Instances
iter: 0, sample_no: 1443, actual label: 0, predicted: 1
iter: 1, sample_no: 233, actual label: 0, predicted: 1
iter: 2, sample_no: 1418, actual label: 0, predicted: 1
iter: 3, sample_no: 659, actual label: 1, predicted: 1
iter: 4, sample_no: 689, actual label: 1, predicted: 1
iter: 5, sample_no: 63, actual label: 0, predicted: 1
iter: 6, sample_no: 148, actual label: 1, predicted: 1
iter: 7, sample_no: 1249, actual label: 0, predicted: 1
iter: 8, sample_no: 873, actual label: 0, predicted: 1
iter: 9, sample_no: 236, actual label: 0, predicted: 1
iter: 10, sample_no: 443, actual label: 0, predicted: 1
iter: 11, sample_no: 878, actual label: 0, predicted: 1
iter: 12, sample_no: 1001, actual label: 0, predicted: 1
iter: 13, sample_no: 1534, actual label: 0, predicted: 1
iter: 14, sample_no: 178, actual label: 1, predicted: 1
iter: 15, sample_no: 649, actual label: 1, predicted: 1
iter: 16, sample_no: 789, actual label: 1, predicted: 1
iter: 17, sample_no: 358, actual label: 1, predicted: 1
iter: 18, sample_no: 813, actual label: 0, predicted: 1
iter: 19, sample_no: 792, actual label: 1, predicted: 1
iter: 20, sample_no: 1455, actual label: 0, predicted: 1
iter: 21, sample_no: 412, actual label: 0, predicted: 1
iter: 22, sample_no: 1273, actual label: 1, predicted: 1
iter: 23, sample_no: 1334, actual label: 1, predicted: 1
iter: 24, sample_no: 697, actual label: 1, predicted: 1
number of samples: 1566
AUC 0.5
pos_get 893
total recall stop_at 1
@@@ C - Repeat number: 3
@@@ D - common_header:  {'F71-granthenke@gmail.com', 'F71-ismael@juma.me.uk', 'category', 'F71-jjkoshy@gmail.com', 'F3-String', 'F123', 'F3-null', 'F41', 'F3-NA', 'F116', 'F105', 'F25', 'F126', 'F3-boolean', 'F71-nehanarkhede@apache.org', 'F68', 'F71-becket.qin@gmail.com', 'F115', 'F71-wangguoz@gmail.com', 'F71-jason@confluent.io', 'F110', 'F3-int', 'F71-cshapi@gmail.com', 'F71-junrao@gmail.com', 'F71-neha.narkhede@gmail.com', 'F77', 'F65', 'F104', 'F71-rajinisivaram@googlemail.com', 'F71-schintalapani@hortonworks.com', 'F72', 'F3-TopicPartition', 'F22', 'F15-public', 'F3-byte[]', 'F3-long', 'F15-protected', 'F15-NA', 'F71-lindong28@gmail.com', 'F120', 'F117', 'F101'}
    F72         ...          F71-junrao@gmail.com
1  7951         ...                             0
2  6802         ...                             1
3  6802         ...                             1

[3 rows x 41 columns]
;.;
        F72          ...           F71-junrao@gmail.com
0  0.842294          ...                            0.0
1  0.327509          ...                            1.0
2  0.327509          ...                            1.0

[3 rows x 41 columns]
training_x: (1813, 41)
training_y: 1813
testset_x: (1566, 41)
testset_y: 1566
              precision    recall  f1-score   support

           0       0.00      0.00      0.00       673
           1       0.57      1.00      0.73       893

    accuracy                           0.57      1566
   macro avg       0.29      0.50      0.36      1566
weighted avg       0.33      0.57      0.41      1566

accuracy: 0.570242656449553
0.7263115087433917
@@@ tn: 0, fp: 673, fn: 0, tp: 893
@@@ LIME - Creating explainer
@@@ LIME - Random Sampling of Instances
iter: 0, sample_no: 971, actual label: 0, predicted: 1
iter: 1, sample_no: 963, actual label: 1, predicted: 1
iter: 2, sample_no: 273, actual label: 1, predicted: 1
iter: 3, sample_no: 1419, actual label: 0, predicted: 1
iter: 4, sample_no: 1352, actual label: 0, predicted: 1
iter: 5, sample_no: 806, actual label: 0, predicted: 1
iter: 6, sample_no: 941, actual label: 1, predicted: 1
iter: 7, sample_no: 1367, actual label: 1, predicted: 1
iter: 8, sample_no: 496, actual label: 0, predicted: 1
iter: 9, sample_no: 960, actual label: 1, predicted: 1
iter: 10, sample_no: 494, actual label: 1, predicted: 1
iter: 11, sample_no: 252, actual label: 0, predicted: 1
iter: 12, sample_no: 188, actual label: 1, predicted: 1
iter: 13, sample_no: 398, actual label: 1, predicted: 1
iter: 14, sample_no: 1456, actual label: 1, predicted: 1
iter: 15, sample_no: 1152, actual label: 0, predicted: 1
iter: 16, sample_no: 925, actual label: 1, predicted: 1
iter: 17, sample_no: 1462, actual label: 0, predicted: 1
iter: 18, sample_no: 167, actual label: 1, predicted: 1
iter: 19, sample_no: 476, actual label: 0, predicted: 1
iter: 20, sample_no: 743, actual label: 1, predicted: 1
iter: 21, sample_no: 83, actual label: 1, predicted: 1
iter: 22, sample_no: 464, actual label: 1, predicted: 1
iter: 23, sample_no: 1151, actual label: 0, predicted: 1
iter: 24, sample_no: 1277, actual label: 0, predicted: 1
number of samples: 1566
AUC 0.5
pos_get 893
total recall stop_at 1
@@@ C - Repeat number: 4
@@@ D - common_header:  {'F71-granthenke@gmail.com', 'F71-ismael@juma.me.uk', 'category', 'F71-jjkoshy@gmail.com', 'F3-String', 'F123', 'F3-null', 'F41', 'F3-NA', 'F116', 'F105', 'F25', 'F126', 'F3-boolean', 'F71-nehanarkhede@apache.org', 'F68', 'F71-becket.qin@gmail.com', 'F115', 'F71-wangguoz@gmail.com', 'F71-jason@confluent.io', 'F110', 'F3-int', 'F71-cshapi@gmail.com', 'F71-junrao@gmail.com', 'F71-neha.narkhede@gmail.com', 'F77', 'F65', 'F104', 'F71-rajinisivaram@googlemail.com', 'F71-schintalapani@hortonworks.com', 'F72', 'F3-TopicPartition', 'F22', 'F15-public', 'F3-byte[]', 'F3-long', 'F15-protected', 'F15-NA', 'F71-lindong28@gmail.com', 'F120', 'F117', 'F101'}
    F72         ...          F71-junrao@gmail.com
1  7951         ...                             0
2  6802         ...                             1
3  6802         ...                             1

[3 rows x 41 columns]
;.;
        F72          ...           F71-junrao@gmail.com
0  0.842294          ...                            0.0
1  0.327509          ...                            1.0
2  0.327509          ...                            1.0

[3 rows x 41 columns]
training_x: (1813, 41)
training_y: 1813
testset_x: (1566, 41)
testset_y: 1566
              precision    recall  f1-score   support

           0       0.00      0.00      0.00       673
           1       0.57      1.00      0.73       893

    accuracy                           0.57      1566
   macro avg       0.29      0.50      0.36      1566
weighted avg       0.33      0.57      0.41      1566

accuracy: 0.570242656449553
0.7263115087433917
@@@ tn: 0, fp: 673, fn: 0, tp: 893
@@@ LIME - Creating explainer
@@@ LIME - Random Sampling of Instances
iter: 0, sample_no: 1213, actual label: 1, predicted: 1
iter: 1, sample_no: 309, actual label: 1, predicted: 1
iter: 2, sample_no: 627, actual label: 0, predicted: 1
iter: 3, sample_no: 826, actual label: 1, predicted: 1
iter: 4, sample_no: 1514, actual label: 0, predicted: 1
iter: 5, sample_no: 473, actual label: 1, predicted: 1
iter: 6, sample_no: 1087, actual label: 0, predicted: 1
iter: 7, sample_no: 2, actual label: 0, predicted: 1
iter: 8, sample_no: 334, actual label: 1, predicted: 1
iter: 9, sample_no: 595, actual label: 1, predicted: 1
iter: 10, sample_no: 161, actual label: 0, predicted: 1
iter: 11, sample_no: 1001, actual label: 0, predicted: 1
iter: 12, sample_no: 368, actual label: 1, predicted: 1
iter: 13, sample_no: 1251, actual label: 1, predicted: 1
iter: 14, sample_no: 17, actual label: 0, predicted: 1
iter: 15, sample_no: 1040, actual label: 0, predicted: 1
iter: 16, sample_no: 664, actual label: 0, predicted: 1
iter: 17, sample_no: 505, actual label: 1, predicted: 1
iter: 18, sample_no: 1361, actual label: 1, predicted: 1
iter: 19, sample_no: 1186, actual label: 0, predicted: 1
iter: 20, sample_no: 325, actual label: 1, predicted: 1
iter: 21, sample_no: 834, actual label: 1, predicted: 1
iter: 22, sample_no: 1403, actual label: 0, predicted: 1
iter: 23, sample_no: 1117, actual label: 1, predicted: 1
iter: 24, sample_no: 494, actual label: 1, predicted: 1
number of samples: 1566
AUC 0.5
pos_get 893
total recall stop_at 1
@@@ C - Repeat number: 5
@@@ D - common_header:  {'F71-granthenke@gmail.com', 'F71-ismael@juma.me.uk', 'category', 'F71-jjkoshy@gmail.com', 'F3-String', 'F123', 'F3-null', 'F41', 'F3-NA', 'F116', 'F105', 'F25', 'F126', 'F3-boolean', 'F71-nehanarkhede@apache.org', 'F68', 'F71-becket.qin@gmail.com', 'F115', 'F71-wangguoz@gmail.com', 'F71-jason@confluent.io', 'F110', 'F3-int', 'F71-cshapi@gmail.com', 'F71-junrao@gmail.com', 'F71-neha.narkhede@gmail.com', 'F77', 'F65', 'F104', 'F71-rajinisivaram@googlemail.com', 'F71-schintalapani@hortonworks.com', 'F72', 'F3-TopicPartition', 'F22', 'F15-public', 'F3-byte[]', 'F3-long', 'F15-protected', 'F15-NA', 'F71-lindong28@gmail.com', 'F120', 'F117', 'F101'}
    F72         ...          F71-junrao@gmail.com
1  7951         ...                             0
2  6802         ...                             1
3  6802         ...                             1

[3 rows x 41 columns]
;.;
        F72          ...           F71-junrao@gmail.com
0  0.842294          ...                            0.0
1  0.327509          ...                            1.0
2  0.327509          ...                            1.0

[3 rows x 41 columns]
training_x: (1813, 41)
training_y: 1813
testset_x: (1566, 41)
testset_y: 1566
              precision    recall  f1-score   support

           0       0.00      0.00      0.00       673
           1       0.57      1.00      0.73       893

    accuracy                           0.57      1566
   macro avg       0.29      0.50      0.36      1566
weighted avg       0.33      0.57      0.41      1566

accuracy: 0.570242656449553
0.7263115087433917
@@@ tn: 0, fp: 673, fn: 0, tp: 893
@@@ LIME - Creating explainer
@@@ LIME - Random Sampling of Instances
iter: 0, sample_no: 1159, actual label: 1, predicted: 1
iter: 1, sample_no: 417, actual label: 1, predicted: 1
iter: 2, sample_no: 690, actual label: 0, predicted: 1
iter: 3, sample_no: 1439, actual label: 0, predicted: 1
iter: 4, sample_no: 989, actual label: 0, predicted: 1
iter: 5, sample_no: 1194, actual label: 1, predicted: 1
iter: 6, sample_no: 523, actual label: 1, predicted: 1
iter: 7, sample_no: 1375, actual label: 1, predicted: 1
iter: 8, sample_no: 576, actual label: 1, predicted: 1
iter: 9, sample_no: 278, actual label: 1, predicted: 1
iter: 10, sample_no: 238, actual label: 1, predicted: 1
iter: 11, sample_no: 1076, actual label: 1, predicted: 1
iter: 12, sample_no: 1403, actual label: 0, predicted: 1
iter: 13, sample_no: 1431, actual label: 0, predicted: 1
iter: 14, sample_no: 739, actual label: 1, predicted: 1
iter: 15, sample_no: 56, actual label: 0, predicted: 1
iter: 16, sample_no: 127, actual label: 1, predicted: 1
iter: 17, sample_no: 201, actual label: 1, predicted: 1
iter: 18, sample_no: 919, actual label: 0, predicted: 1
iter: 19, sample_no: 599, actual label: 0, predicted: 1
iter: 20, sample_no: 1308, actual label: 1, predicted: 1
iter: 21, sample_no: 532, actual label: 0, predicted: 1
iter: 22, sample_no: 90, actual label: 1, predicted: 1
iter: 23, sample_no: 823, actual label: 1, predicted: 1
iter: 24, sample_no: 1428, actual label: 1, predicted: 1
number of samples: 1566
AUC 0.5
pos_get 893
total recall stop_at 1
@@@ C - Repeat number: 6
@@@ D - common_header:  {'F71-granthenke@gmail.com', 'F71-ismael@juma.me.uk', 'category', 'F71-jjkoshy@gmail.com', 'F3-String', 'F123', 'F3-null', 'F41', 'F3-NA', 'F116', 'F105', 'F25', 'F126', 'F3-boolean', 'F71-nehanarkhede@apache.org', 'F68', 'F71-becket.qin@gmail.com', 'F115', 'F71-wangguoz@gmail.com', 'F71-jason@confluent.io', 'F110', 'F3-int', 'F71-cshapi@gmail.com', 'F71-junrao@gmail.com', 'F71-neha.narkhede@gmail.com', 'F77', 'F65', 'F104', 'F71-rajinisivaram@googlemail.com', 'F71-schintalapani@hortonworks.com', 'F72', 'F3-TopicPartition', 'F22', 'F15-public', 'F3-byte[]', 'F3-long', 'F15-protected', 'F15-NA', 'F71-lindong28@gmail.com', 'F120', 'F117', 'F101'}
    F72         ...          F71-junrao@gmail.com
1  7951         ...                             0
2  6802         ...                             1
3  6802         ...                             1

[3 rows x 41 columns]
;.;
        F72          ...           F71-junrao@gmail.com
0  0.842294          ...                            0.0
1  0.327509          ...                            1.0
2  0.327509          ...                            1.0

[3 rows x 41 columns]
training_x: (1813, 41)
training_y: 1813
testset_x: (1566, 41)
testset_y: 1566
              precision    recall  f1-score   support

           0       0.00      0.00      0.00       673
           1       0.57      1.00      0.73       893

    accuracy                           0.57      1566
   macro avg       0.29      0.50      0.36      1566
weighted avg       0.33      0.57      0.41      1566

accuracy: 0.570242656449553
0.7263115087433917
@@@ tn: 0, fp: 673, fn: 0, tp: 893
@@@ LIME - Creating explainer
@@@ LIME - Random Sampling of Instances
iter: 0, sample_no: 1536, actual label: 0, predicted: 1
iter: 1, sample_no: 129, actual label: 1, predicted: 1
iter: 2, sample_no: 217, actual label: 1, predicted: 1
iter: 3, sample_no: 92, actual label: 1, predicted: 1
iter: 4, sample_no: 382, actual label: 0, predicted: 1
iter: 5, sample_no: 741, actual label: 1, predicted: 1
iter: 6, sample_no: 1105, actual label: 0, predicted: 1
iter: 7, sample_no: 102, actual label: 0, predicted: 1
iter: 8, sample_no: 280, actual label: 1, predicted: 1
iter: 9, sample_no: 914, actual label: 1, predicted: 1
iter: 10, sample_no: 177, actual label: 0, predicted: 1
iter: 11, sample_no: 1408, actual label: 0, predicted: 1
iter: 12, sample_no: 964, actual label: 1, predicted: 1
iter: 13, sample_no: 931, actual label: 0, predicted: 1
iter: 14, sample_no: 66, actual label: 1, predicted: 1
iter: 15, sample_no: 581, actual label: 1, predicted: 1
iter: 16, sample_no: 1253, actual label: 0, predicted: 1
iter: 17, sample_no: 461, actual label: 1, predicted: 1
iter: 18, sample_no: 1488, actual label: 0, predicted: 1
iter: 19, sample_no: 344, actual label: 1, predicted: 1
iter: 20, sample_no: 792, actual label: 1, predicted: 1
iter: 21, sample_no: 514, actual label: 1, predicted: 1
iter: 22, sample_no: 1012, actual label: 1, predicted: 1
iter: 23, sample_no: 404, actual label: 1, predicted: 1
iter: 24, sample_no: 1465, actual label: 0, predicted: 1
number of samples: 1566
AUC 0.5
pos_get 893
total recall stop_at 1
@@@ C - Repeat number: 7
@@@ D - common_header:  {'F71-granthenke@gmail.com', 'F71-ismael@juma.me.uk', 'category', 'F71-jjkoshy@gmail.com', 'F3-String', 'F123', 'F3-null', 'F41', 'F3-NA', 'F116', 'F105', 'F25', 'F126', 'F3-boolean', 'F71-nehanarkhede@apache.org', 'F68', 'F71-becket.qin@gmail.com', 'F115', 'F71-wangguoz@gmail.com', 'F71-jason@confluent.io', 'F110', 'F3-int', 'F71-cshapi@gmail.com', 'F71-junrao@gmail.com', 'F71-neha.narkhede@gmail.com', 'F77', 'F65', 'F104', 'F71-rajinisivaram@googlemail.com', 'F71-schintalapani@hortonworks.com', 'F72', 'F3-TopicPartition', 'F22', 'F15-public', 'F3-byte[]', 'F3-long', 'F15-protected', 'F15-NA', 'F71-lindong28@gmail.com', 'F120', 'F117', 'F101'}
    F72         ...          F71-junrao@gmail.com
1  7951         ...                             0
2  6802         ...                             1
3  6802         ...                             1

[3 rows x 41 columns]
;.;
        F72          ...           F71-junrao@gmail.com
0  0.842294          ...                            0.0
1  0.327509          ...                            1.0
2  0.327509          ...                            1.0

[3 rows x 41 columns]
training_x: (1813, 41)
training_y: 1813
testset_x: (1566, 41)
testset_y: 1566
              precision    recall  f1-score   support

           0       0.00      0.00      0.00       673
           1       0.57      1.00      0.73       893

    accuracy                           0.57      1566
   macro avg       0.29      0.50      0.36      1566
weighted avg       0.33      0.57      0.41      1566

accuracy: 0.570242656449553
0.7263115087433917
@@@ tn: 0, fp: 673, fn: 0, tp: 893
@@@ LIME - Creating explainer
@@@ LIME - Random Sampling of Instances
iter: 0, sample_no: 426, actual label: 0, predicted: 1
iter: 1, sample_no: 553, actual label: 0, predicted: 1
iter: 2, sample_no: 800, actual label: 1, predicted: 1
iter: 3, sample_no: 996, actual label: 0, predicted: 1
iter: 4, sample_no: 524, actual label: 1, predicted: 1
iter: 5, sample_no: 784, actual label: 1, predicted: 1
iter: 6, sample_no: 153, actual label: 0, predicted: 1
iter: 7, sample_no: 1199, actual label: 1, predicted: 1
iter: 8, sample_no: 820, actual label: 1, predicted: 1
iter: 9, sample_no: 845, actual label: 0, predicted: 1
iter: 10, sample_no: 656, actual label: 0, predicted: 1
iter: 11, sample_no: 939, actual label: 1, predicted: 1
iter: 12, sample_no: 14, actual label: 0, predicted: 1
iter: 13, sample_no: 131, actual label: 1, predicted: 1
iter: 14, sample_no: 646, actual label: 0, predicted: 1
iter: 15, sample_no: 770, actual label: 1, predicted: 1
iter: 16, sample_no: 1048, actual label: 1, predicted: 1
iter: 17, sample_no: 410, actual label: 1, predicted: 1
iter: 18, sample_no: 653, actual label: 0, predicted: 1
iter: 19, sample_no: 464, actual label: 1, predicted: 1
iter: 20, sample_no: 119, actual label: 1, predicted: 1
iter: 21, sample_no: 675, actual label: 1, predicted: 1
iter: 22, sample_no: 85, actual label: 1, predicted: 1
iter: 23, sample_no: 800, actual label: 1, predicted: 1
iter: 24, sample_no: 1086, actual label: 1, predicted: 1
number of samples: 1566
AUC 0.5
pos_get 893
total recall stop_at 1
@@@ C - Repeat number: 8
@@@ D - common_header:  {'F71-granthenke@gmail.com', 'F71-ismael@juma.me.uk', 'category', 'F71-jjkoshy@gmail.com', 'F3-String', 'F123', 'F3-null', 'F41', 'F3-NA', 'F116', 'F105', 'F25', 'F126', 'F3-boolean', 'F71-nehanarkhede@apache.org', 'F68', 'F71-becket.qin@gmail.com', 'F115', 'F71-wangguoz@gmail.com', 'F71-jason@confluent.io', 'F110', 'F3-int', 'F71-cshapi@gmail.com', 'F71-junrao@gmail.com', 'F71-neha.narkhede@gmail.com', 'F77', 'F65', 'F104', 'F71-rajinisivaram@googlemail.com', 'F71-schintalapani@hortonworks.com', 'F72', 'F3-TopicPartition', 'F22', 'F15-public', 'F3-byte[]', 'F3-long', 'F15-protected', 'F15-NA', 'F71-lindong28@gmail.com', 'F120', 'F117', 'F101'}
    F72         ...          F71-junrao@gmail.com
1  7951         ...                             0
2  6802         ...                             1
3  6802         ...                             1

[3 rows x 41 columns]
;.;
        F72          ...           F71-junrao@gmail.com
0  0.842294          ...                            0.0
1  0.327509          ...                            1.0
2  0.327509          ...                            1.0

[3 rows x 41 columns]
training_x: (1813, 41)
training_y: 1813
testset_x: (1566, 41)
testset_y: 1566
              precision    recall  f1-score   support

           0       0.00      0.00      0.00       673
           1       0.57      1.00      0.73       893

    accuracy                           0.57      1566
   macro avg       0.29      0.50      0.36      1566
weighted avg       0.33      0.57      0.41      1566

accuracy: 0.570242656449553
0.7263115087433917
@@@ tn: 0, fp: 673, fn: 0, tp: 893
@@@ LIME - Creating explainer
@@@ LIME - Random Sampling of Instances
iter: 0, sample_no: 1504, actual label: 1, predicted: 1
iter: 1, sample_no: 455, actual label: 1, predicted: 1
iter: 2, sample_no: 506, actual label: 1, predicted: 1
iter: 3, sample_no: 239, actual label: 1, predicted: 1
iter: 4, sample_no: 769, actual label: 1, predicted: 1
iter: 5, sample_no: 554, actual label: 0, predicted: 1
iter: 6, sample_no: 1151, actual label: 0, predicted: 1
iter: 7, sample_no: 699, actual label: 1, predicted: 1
iter: 8, sample_no: 725, actual label: 0, predicted: 1
iter: 9, sample_no: 213, actual label: 1, predicted: 1
iter: 10, sample_no: 1354, actual label: 1, predicted: 1
iter: 11, sample_no: 1429, actual label: 0, predicted: 1
iter: 12, sample_no: 1090, actual label: 0, predicted: 1
iter: 13, sample_no: 69, actual label: 1, predicted: 1
iter: 14, sample_no: 540, actual label: 1, predicted: 1
iter: 15, sample_no: 1156, actual label: 1, predicted: 1
iter: 16, sample_no: 548, actual label: 1, predicted: 1
iter: 17, sample_no: 1146, actual label: 0, predicted: 1
iter: 18, sample_no: 1346, actual label: 0, predicted: 1
iter: 19, sample_no: 1095, actual label: 0, predicted: 1
iter: 20, sample_no: 362, actual label: 1, predicted: 1
iter: 21, sample_no: 340, actual label: 1, predicted: 1
iter: 22, sample_no: 700, actual label: 1, predicted: 1
iter: 23, sample_no: 1046, actual label: 1, predicted: 1
iter: 24, sample_no: 643, actual label: 1, predicted: 1
number of samples: 1566
AUC 0.5
pos_get 893
total recall stop_at 1
@@@ C - Repeat number: 9
@@@ D - common_header:  {'F71-granthenke@gmail.com', 'F71-ismael@juma.me.uk', 'category', 'F71-jjkoshy@gmail.com', 'F3-String', 'F123', 'F3-null', 'F41', 'F3-NA', 'F116', 'F105', 'F25', 'F126', 'F3-boolean', 'F71-nehanarkhede@apache.org', 'F68', 'F71-becket.qin@gmail.com', 'F115', 'F71-wangguoz@gmail.com', 'F71-jason@confluent.io', 'F110', 'F3-int', 'F71-cshapi@gmail.com', 'F71-junrao@gmail.com', 'F71-neha.narkhede@gmail.com', 'F77', 'F65', 'F104', 'F71-rajinisivaram@googlemail.com', 'F71-schintalapani@hortonworks.com', 'F72', 'F3-TopicPartition', 'F22', 'F15-public', 'F3-byte[]', 'F3-long', 'F15-protected', 'F15-NA', 'F71-lindong28@gmail.com', 'F120', 'F117', 'F101'}
    F72         ...          F71-junrao@gmail.com
1  7951         ...                             0
2  6802         ...                             1
3  6802         ...                             1

[3 rows x 41 columns]
;.;
        F72          ...           F71-junrao@gmail.com
0  0.842294          ...                            0.0
1  0.327509          ...                            1.0
2  0.327509          ...                            1.0

[3 rows x 41 columns]
training_x: (1813, 41)
training_y: 1813
testset_x: (1566, 41)
testset_y: 1566
              precision    recall  f1-score   support

           0       0.00      0.00      0.00       673
           1       0.57      1.00      0.73       893

    accuracy                           0.57      1566
   macro avg       0.29      0.50      0.36      1566
weighted avg       0.33      0.57      0.41      1566

accuracy: 0.570242656449553
0.7263115087433917
@@@ tn: 0, fp: 673, fn: 0, tp: 893
@@@ LIME - Creating explainer
@@@ LIME - Random Sampling of Instances
iter: 0, sample_no: 1022, actual label: 0, predicted: 1
iter: 1, sample_no: 1465, actual label: 0, predicted: 1
iter: 2, sample_no: 183, actual label: 0, predicted: 1
iter: 3, sample_no: 41, actual label: 1, predicted: 1
iter: 4, sample_no: 272, actual label: 1, predicted: 1
iter: 5, sample_no: 867, actual label: 0, predicted: 1
iter: 6, sample_no: 74, actual label: 0, predicted: 1
iter: 7, sample_no: 948, actual label: 1, predicted: 1
iter: 8, sample_no: 1060, actual label: 1, predicted: 1
iter: 9, sample_no: 3, actual label: 1, predicted: 1
iter: 10, sample_no: 842, actual label: 1, predicted: 1
iter: 11, sample_no: 1443, actual label: 0, predicted: 1
iter: 12, sample_no: 1529, actual label: 1, predicted: 1
iter: 13, sample_no: 1365, actual label: 1, predicted: 1
iter: 14, sample_no: 408, actual label: 0, predicted: 1
iter: 15, sample_no: 251, actual label: 0, predicted: 1
iter: 16, sample_no: 1012, actual label: 1, predicted: 1
iter: 17, sample_no: 636, actual label: 1, predicted: 1
iter: 18, sample_no: 885, actual label: 0, predicted: 1
iter: 19, sample_no: 1295, actual label: 0, predicted: 1
iter: 20, sample_no: 1367, actual label: 1, predicted: 1
iter: 21, sample_no: 1311, actual label: 1, predicted: 1
iter: 22, sample_no: 1411, actual label: 0, predicted: 1
iter: 23, sample_no: 479, actual label: 0, predicted: 1
iter: 24, sample_no: 874, actual label: 1, predicted: 1
number of samples: 1566
AUC 0.5
pos_get 893
total recall stop_at 1
@@@ C - Repeat number: 10
@@@ D - common_header:  {'F71-granthenke@gmail.com', 'F71-ismael@juma.me.uk', 'category', 'F71-jjkoshy@gmail.com', 'F3-String', 'F123', 'F3-null', 'F41', 'F3-NA', 'F116', 'F105', 'F25', 'F126', 'F3-boolean', 'F71-nehanarkhede@apache.org', 'F68', 'F71-becket.qin@gmail.com', 'F115', 'F71-wangguoz@gmail.com', 'F71-jason@confluent.io', 'F110', 'F3-int', 'F71-cshapi@gmail.com', 'F71-junrao@gmail.com', 'F71-neha.narkhede@gmail.com', 'F77', 'F65', 'F104', 'F71-rajinisivaram@googlemail.com', 'F71-schintalapani@hortonworks.com', 'F72', 'F3-TopicPartition', 'F22', 'F15-public', 'F3-byte[]', 'F3-long', 'F15-protected', 'F15-NA', 'F71-lindong28@gmail.com', 'F120', 'F117', 'F101'}
    F72         ...          F71-junrao@gmail.com
1  7951         ...                             0
2  6802         ...                             1
3  6802         ...                             1

[3 rows x 41 columns]
;.;
        F72          ...           F71-junrao@gmail.com
0  0.842294          ...                            0.0
1  0.327509          ...                            1.0
2  0.327509          ...                            1.0

[3 rows x 41 columns]
training_x: (1813, 41)
training_y: 1813
testset_x: (1566, 41)
testset_y: 1566
              precision    recall  f1-score   support

           0       0.00      0.00      0.00       673
           1       0.57      1.00      0.73       893

    accuracy                           0.57      1566
   macro avg       0.29      0.50      0.36      1566
weighted avg       0.33      0.57      0.41      1566

accuracy: 0.570242656449553
0.7263115087433917
@@@ tn: 0, fp: 673, fn: 0, tp: 893
@@@ LIME - Creating explainer
@@@ LIME - Random Sampling of Instances
/Users/author1/anaconda3/lib/python3.6/site-packages/tensorflow/python/framework/dtypes.py:463: FutureWarning: Passing (type, 1) or '1type' as a synonym of type is deprecated; in a future version of numpy, it will be understood as (type, (1,)) / '(1,)type'.
  _np_qint8 = np.dtype([("qint8", np.int8, 1)])
/Users/author1/anaconda3/lib/python3.6/site-packages/tensorflow/python/framework/dtypes.py:464: FutureWarning: Passing (type, 1) or '1type' as a synonym of type is deprecated; in a future version of numpy, it will be understood as (type, (1,)) / '(1,)type'.
  _np_quint8 = np.dtype([("quint8", np.uint8, 1)])
/Users/author1/anaconda3/lib/python3.6/site-packages/tensorflow/python/framework/dtypes.py:465: FutureWarning: Passing (type, 1) or '1type' as a synonym of type is deprecated; in a future version of numpy, it will be understood as (type, (1,)) / '(1,)type'.
  _np_qint16 = np.dtype([("qint16", np.int16, 1)])
/Users/author1/anaconda3/lib/python3.6/site-packages/tensorflow/python/framework/dtypes.py:466: FutureWarning: Passing (type, 1) or '1type' as a synonym of type is deprecated; in a future version of numpy, it will be understood as (type, (1,)) / '(1,)type'.
  _np_quint16 = np.dtype([("quint16", np.uint16, 1)])
/Users/author1/anaconda3/lib/python3.6/site-packages/tensorflow/python/framework/dtypes.py:467: FutureWarning: Passing (type, 1) or '1type' as a synonym of type is deprecated; in a future version of numpy, it will be understood as (type, (1,)) / '(1,)type'.
  _np_qint32 = np.dtype([("qint32", np.int32, 1)])
Precision and F-score are ill-defined and being set to 0.0 in labels with no predicted samples. Use `zero_division` parameter to control this behavior.
Precision and F-score are ill-defined and being set to 0.0 in labels with no predicted samples. Use `zero_division` parameter to control this behavior.
Precision and F-score are ill-defined and being set to 0.0 in labels with no predicted samples. Use `zero_division` parameter to control this behavior.
Precision and F-score are ill-defined and being set to 0.0 in labels with no predicted samples. Use `zero_division` parameter to control this behavior.
Precision and F-score are ill-defined and being set to 0.0 in labels with no predicted samples. Use `zero_division` parameter to control this behavior.
Precision and F-score are ill-defined and being set to 0.0 in labels with no predicted samples. Use `zero_division` parameter to control this behavior.
Precision and F-score are ill-defined and being set to 0.0 in labels with no predicted samples. Use `zero_division` parameter to control this behavior.
Precision and F-score are ill-defined and being set to 0.0 in labels with no predicted samples. Use `zero_division` parameter to control this behavior.
Precision and F-score are ill-defined and being set to 0.0 in labels with no predicted samples. Use `zero_division` parameter to control this behavior.
Precision and F-score are ill-defined and being set to 0.0 in labels with no predicted samples. Use `zero_division` parameter to control this behavior.
iter: 0, sample_no: 1013, actual label: 0, predicted: 1
iter: 1, sample_no: 125, actual label: 0, predicted: 1
iter: 2, sample_no: 122, actual label: 1, predicted: 1
iter: 3, sample_no: 457, actual label: 1, predicted: 1
iter: 4, sample_no: 1388, actual label: 1, predicted: 1
iter: 5, sample_no: 962, actual label: 1, predicted: 1
iter: 6, sample_no: 1207, actual label: 1, predicted: 1
iter: 7, sample_no: 553, actual label: 0, predicted: 1
iter: 8, sample_no: 520, actual label: 1, predicted: 1
iter: 9, sample_no: 188, actual label: 1, predicted: 1
iter: 10, sample_no: 426, actual label: 0, predicted: 1
iter: 11, sample_no: 489, actual label: 1, predicted: 1
iter: 12, sample_no: 910, actual label: 0, predicted: 1
iter: 13, sample_no: 891, actual label: 1, predicted: 1
iter: 14, sample_no: 1360, actual label: 0, predicted: 1
iter: 15, sample_no: 1249, actual label: 0, predicted: 1
iter: 16, sample_no: 134, actual label: 0, predicted: 1
iter: 17, sample_no: 73, actual label: 0, predicted: 1
iter: 18, sample_no: 124, actual label: 1, predicted: 1
iter: 19, sample_no: 1313, actual label: 1, predicted: 1
iter: 20, sample_no: 848, actual label: 0, predicted: 1
iter: 21, sample_no: 343, actual label: 1, predicted: 1
iter: 22, sample_no: 1248, actual label: 1, predicted: 1
iter: 23, sample_no: 878, actual label: 0, predicted: 1
iter: 24, sample_no: 142, actual label: 1, predicted: 1
number of samples: 1566
AUC 0.5
pos_get 893
total recall stop_at 1
----------threshold stop at----------: 1
AUC [0.5, 0.5, 0.5, 0.5, 0.5, 0.5, 0.5, 0.5, 0.5, 0.5]
AUC_median 0.5
AUC_iqr 0.0
cost [1, 1, 1, 1, 1, 1, 1, 1, 1, 1]
COST_med 1.0
COST_iqr 0.0
f1_pos_list [0.7263115087433917, 0.7263115087433917, 0.7263115087433917, 0.7263115087433917, 0.7263115087433917, 0.7263115087433917, 0.7263115087433917, 0.7263115087433917, 0.7263115087433917, 0.7263115087433917]
f1_pos_med 0.7263115087433917
