@@@ A - classifier: DummyClassifier(constant=1, random_state=None, strategy='constant')
@@@ B - threshold stop at: 1
@@@ C - Repeat number: 1
@@@ D - common_header:  {'F3-Integer', 'F15-public', 'F71-kmarsden@apache.org', 'F120', 'F71-bakksjo@apache.org', 'F3-PrintWriter', 'F3-boolean', 'F3-InputStream', 'F116', 'F3-Connection', 'F126', 'F71-djd@apache.org', 'F3-NA', 'F71-kristwaa@apache.org', 'F3-SQLException', 'F3-Long', 'F71-kahatlen@apache.org', 'F3-String', 'F15-protected', 'F71-bandaram@apache.org', 'F71-fuzzylogic@apache.org', 'F65', 'F71-dyre@apache.org', 'F72', 'category', 'F71-mikem@apache.org', 'F71-myrnavl@apache.org', 'F71-dag@apache.org', 'F115', 'F41', 'F123', 'F3-null', 'F117', 'F110', 'F101', 'F104', 'F3-int[]', 'F3-ResultSet', 'F71-mamta@apache.org', 'F71-rhillegas@apache.org', 'F71-oysteing@apache.org', 'F3-byte[]', 'F71-bernt@apache.org', 'F71-bpendleton@apache.org', 'F71-davidvc@apache.org', 'F71-suresht@apache.org', 'F15-private', 'F15-NA', 'F3-TransactionController', 'F3-int', 'F71-lilywei@apache.org', 'F3-QualifiedIdentifier', 'F22', 'F3-char', 'F77', 'F68', 'F105', 'F3-long', 'F3-PrintStream', 'F71-coar@apache.org', 'F25'}
    F72   F25         ...         F71-bpendleton@apache.org F71-coar@apache.org
1  3644  2104         ...                                 0                   0
2  3346  1938         ...                                 0                   0
3  3346  1938         ...                                 0                   0

[3 rows x 60 columns]
;.;
        F72         ...           F71-coar@apache.org
0  0.416807         ...                           0.0
1  0.378101         ...                           0.0
2  0.378101         ...                           0.0

[3 rows x 60 columns]
training_x: (2479, 60)
training_y: 2479
testset_x: (2507, 60)
testset_y: 2507
              precision    recall  f1-score   support

           0       0.00      0.00      0.00      2386
           1       0.05      1.00      0.09       121

    accuracy                           0.05      2507
   macro avg       0.02      0.50      0.05      2507
weighted avg       0.00      0.05      0.00      2507

accuracy: 0.04826485839648983
0.09208523592085237
@@@ tn: 0, fp: 2386, fn: 0, tp: 121
@@@ LIME - Creating explainer
@@@ LIME - Random Sampling of Instances
iter: 0, sample_no: 1860, actual label: 0, predicted: 1
iter: 1, sample_no: 1373, actual label: 0, predicted: 1
iter: 2, sample_no: 1506, actual label: 0, predicted: 1
iter: 3, sample_no: 1220, actual label: 0, predicted: 1
iter: 4, sample_no: 1257, actual label: 0, predicted: 1
iter: 5, sample_no: 1040, actual label: 0, predicted: 1
iter: 6, sample_no: 2414, actual label: 0, predicted: 1
iter: 7, sample_no: 1836, actual label: 0, predicted: 1
iter: 8, sample_no: 1686, actual label: 0, predicted: 1
iter: 9, sample_no: 1265, actual label: 0, predicted: 1
iter: 10, sample_no: 1007, actual label: 0, predicted: 1
iter: 11, sample_no: 1304, actual label: 0, predicted: 1
iter: 12, sample_no: 570, actual label: 0, predicted: 1
iter: 13, sample_no: 118, actual label: 0, predicted: 1
iter: 14, sample_no: 624, actual label: 1, predicted: 1
iter: 15, sample_no: 112, actual label: 0, predicted: 1
iter: 16, sample_no: 2194, actual label: 0, predicted: 1
iter: 17, sample_no: 1773, actual label: 0, predicted: 1
iter: 18, sample_no: 622, actual label: 0, predicted: 1
iter: 19, sample_no: 252, actual label: 1, predicted: 1
iter: 20, sample_no: 1148, actual label: 0, predicted: 1
iter: 21, sample_no: 1861, actual label: 0, predicted: 1
iter: 22, sample_no: 2314, actual label: 0, predicted: 1
iter: 23, sample_no: 2002, actual label: 0, predicted: 1
iter: 24, sample_no: 2056, actual label: 0, predicted: 1
number of samples: 2507
AUC 0.5
pos_get 121
total recall stop_at 1
@@@ C - Repeat number: 2
@@@ D - common_header:  {'F3-Integer', 'F15-public', 'F71-kmarsden@apache.org', 'F120', 'F71-bakksjo@apache.org', 'F3-PrintWriter', 'F3-boolean', 'F3-InputStream', 'F116', 'F3-Connection', 'F126', 'F71-djd@apache.org', 'F3-NA', 'F71-kristwaa@apache.org', 'F3-SQLException', 'F3-Long', 'F71-kahatlen@apache.org', 'F3-String', 'F15-protected', 'F71-bandaram@apache.org', 'F71-fuzzylogic@apache.org', 'F65', 'F71-dyre@apache.org', 'F72', 'category', 'F71-mikem@apache.org', 'F71-myrnavl@apache.org', 'F71-dag@apache.org', 'F115', 'F41', 'F123', 'F3-null', 'F117', 'F110', 'F101', 'F104', 'F3-int[]', 'F3-ResultSet', 'F71-mamta@apache.org', 'F71-rhillegas@apache.org', 'F71-oysteing@apache.org', 'F3-byte[]', 'F71-bernt@apache.org', 'F71-bpendleton@apache.org', 'F71-davidvc@apache.org', 'F71-suresht@apache.org', 'F15-private', 'F15-NA', 'F3-TransactionController', 'F3-int', 'F71-lilywei@apache.org', 'F3-QualifiedIdentifier', 'F22', 'F3-char', 'F77', 'F68', 'F105', 'F3-long', 'F3-PrintStream', 'F71-coar@apache.org', 'F25'}
    F72   F25         ...         F71-bpendleton@apache.org F71-coar@apache.org
1  3644  2104         ...                                 0                   0
2  3346  1938         ...                                 0                   0
3  3346  1938         ...                                 0                   0

[3 rows x 60 columns]
;.;
        F72         ...           F71-coar@apache.org
0  0.416807         ...                           0.0
1  0.378101         ...                           0.0
2  0.378101         ...                           0.0

[3 rows x 60 columns]
training_x: (2479, 60)
training_y: 2479
testset_x: (2507, 60)
testset_y: 2507
              precision    recall  f1-score   support

           0       0.00      0.00      0.00      2386
           1       0.05      1.00      0.09       121

    accuracy                           0.05      2507
   macro avg       0.02      0.50      0.05      2507
weighted avg       0.00      0.05      0.00      2507

accuracy: 0.04826485839648983
0.09208523592085237
@@@ tn: 0, fp: 2386, fn: 0, tp: 121
@@@ LIME - Creating explainer
@@@ LIME - Random Sampling of Instances
iter: 0, sample_no: 1812, actual label: 0, predicted: 1
iter: 1, sample_no: 2096, actual label: 0, predicted: 1
iter: 2, sample_no: 1564, actual label: 0, predicted: 1
iter: 3, sample_no: 37, actual label: 0, predicted: 1
iter: 4, sample_no: 232, actual label: 0, predicted: 1
iter: 5, sample_no: 70, actual label: 0, predicted: 1
iter: 6, sample_no: 618, actual label: 0, predicted: 1
iter: 7, sample_no: 668, actual label: 0, predicted: 1
iter: 8, sample_no: 1317, actual label: 0, predicted: 1
iter: 9, sample_no: 1875, actual label: 0, predicted: 1
iter: 10, sample_no: 1831, actual label: 0, predicted: 1
iter: 11, sample_no: 1464, actual label: 0, predicted: 1
iter: 12, sample_no: 922, actual label: 0, predicted: 1
iter: 13, sample_no: 2034, actual label: 0, predicted: 1
iter: 14, sample_no: 521, actual label: 0, predicted: 1
iter: 15, sample_no: 522, actual label: 0, predicted: 1
iter: 16, sample_no: 341, actual label: 0, predicted: 1
iter: 17, sample_no: 1912, actual label: 0, predicted: 1
iter: 18, sample_no: 1860, actual label: 0, predicted: 1
iter: 19, sample_no: 1550, actual label: 0, predicted: 1
iter: 20, sample_no: 930, actual label: 0, predicted: 1
iter: 21, sample_no: 2422, actual label: 0, predicted: 1
iter: 22, sample_no: 2405, actual label: 0, predicted: 1
iter: 23, sample_no: 1542, actual label: 0, predicted: 1
iter: 24, sample_no: 1369, actual label: 0, predicted: 1
number of samples: 2507
AUC 0.5
pos_get 121
total recall stop_at 1
@@@ C - Repeat number: 3
@@@ D - common_header:  {'F3-Integer', 'F15-public', 'F71-kmarsden@apache.org', 'F120', 'F71-bakksjo@apache.org', 'F3-PrintWriter', 'F3-boolean', 'F3-InputStream', 'F116', 'F3-Connection', 'F126', 'F71-djd@apache.org', 'F3-NA', 'F71-kristwaa@apache.org', 'F3-SQLException', 'F3-Long', 'F71-kahatlen@apache.org', 'F3-String', 'F15-protected', 'F71-bandaram@apache.org', 'F71-fuzzylogic@apache.org', 'F65', 'F71-dyre@apache.org', 'F72', 'category', 'F71-mikem@apache.org', 'F71-myrnavl@apache.org', 'F71-dag@apache.org', 'F115', 'F41', 'F123', 'F3-null', 'F117', 'F110', 'F101', 'F104', 'F3-int[]', 'F3-ResultSet', 'F71-mamta@apache.org', 'F71-rhillegas@apache.org', 'F71-oysteing@apache.org', 'F3-byte[]', 'F71-bernt@apache.org', 'F71-bpendleton@apache.org', 'F71-davidvc@apache.org', 'F71-suresht@apache.org', 'F15-private', 'F15-NA', 'F3-TransactionController', 'F3-int', 'F71-lilywei@apache.org', 'F3-QualifiedIdentifier', 'F22', 'F3-char', 'F77', 'F68', 'F105', 'F3-long', 'F3-PrintStream', 'F71-coar@apache.org', 'F25'}
    F72   F25         ...         F71-bpendleton@apache.org F71-coar@apache.org
1  3644  2104         ...                                 0                   0
2  3346  1938         ...                                 0                   0
3  3346  1938         ...                                 0                   0

[3 rows x 60 columns]
;.;
        F72         ...           F71-coar@apache.org
0  0.416807         ...                           0.0
1  0.378101         ...                           0.0
2  0.378101         ...                           0.0

[3 rows x 60 columns]
training_x: (2479, 60)
training_y: 2479
testset_x: (2507, 60)
testset_y: 2507
              precision    recall  f1-score   support

           0       0.00      0.00      0.00      2386
           1       0.05      1.00      0.09       121

    accuracy                           0.05      2507
   macro avg       0.02      0.50      0.05      2507
weighted avg       0.00      0.05      0.00      2507

accuracy: 0.04826485839648983
0.09208523592085237
@@@ tn: 0, fp: 2386, fn: 0, tp: 121
@@@ LIME - Creating explainer
@@@ LIME - Random Sampling of Instances
iter: 0, sample_no: 2462, actual label: 0, predicted: 1
iter: 1, sample_no: 1539, actual label: 0, predicted: 1
iter: 2, sample_no: 1952, actual label: 0, predicted: 1
iter: 3, sample_no: 1018, actual label: 0, predicted: 1
iter: 4, sample_no: 1048, actual label: 0, predicted: 1
iter: 5, sample_no: 592, actual label: 0, predicted: 1
iter: 6, sample_no: 1585, actual label: 0, predicted: 1
iter: 7, sample_no: 474, actual label: 0, predicted: 1
iter: 8, sample_no: 1639, actual label: 0, predicted: 1
iter: 9, sample_no: 901, actual label: 0, predicted: 1
iter: 10, sample_no: 1598, actual label: 1, predicted: 1
iter: 11, sample_no: 507, actual label: 0, predicted: 1
iter: 12, sample_no: 1813, actual label: 0, predicted: 1
iter: 13, sample_no: 1182, actual label: 0, predicted: 1
iter: 14, sample_no: 419, actual label: 0, predicted: 1
iter: 15, sample_no: 2499, actual label: 0, predicted: 1
iter: 16, sample_no: 1075, actual label: 0, predicted: 1
iter: 17, sample_no: 1898, actual label: 0, predicted: 1
iter: 18, sample_no: 210, actual label: 0, predicted: 1
iter: 19, sample_no: 1659, actual label: 0, predicted: 1
iter: 20, sample_no: 2405, actual label: 0, predicted: 1
iter: 21, sample_no: 69, actual label: 0, predicted: 1
iter: 22, sample_no: 414, actual label: 1, predicted: 1
iter: 23, sample_no: 172, actual label: 0, predicted: 1
iter: 24, sample_no: 1143, actual label: 0, predicted: 1
number of samples: 2507
AUC 0.5
pos_get 121
total recall stop_at 1
@@@ C - Repeat number: 4
@@@ D - common_header:  {'F3-Integer', 'F15-public', 'F71-kmarsden@apache.org', 'F120', 'F71-bakksjo@apache.org', 'F3-PrintWriter', 'F3-boolean', 'F3-InputStream', 'F116', 'F3-Connection', 'F126', 'F71-djd@apache.org', 'F3-NA', 'F71-kristwaa@apache.org', 'F3-SQLException', 'F3-Long', 'F71-kahatlen@apache.org', 'F3-String', 'F15-protected', 'F71-bandaram@apache.org', 'F71-fuzzylogic@apache.org', 'F65', 'F71-dyre@apache.org', 'F72', 'category', 'F71-mikem@apache.org', 'F71-myrnavl@apache.org', 'F71-dag@apache.org', 'F115', 'F41', 'F123', 'F3-null', 'F117', 'F110', 'F101', 'F104', 'F3-int[]', 'F3-ResultSet', 'F71-mamta@apache.org', 'F71-rhillegas@apache.org', 'F71-oysteing@apache.org', 'F3-byte[]', 'F71-bernt@apache.org', 'F71-bpendleton@apache.org', 'F71-davidvc@apache.org', 'F71-suresht@apache.org', 'F15-private', 'F15-NA', 'F3-TransactionController', 'F3-int', 'F71-lilywei@apache.org', 'F3-QualifiedIdentifier', 'F22', 'F3-char', 'F77', 'F68', 'F105', 'F3-long', 'F3-PrintStream', 'F71-coar@apache.org', 'F25'}
    F72   F25         ...         F71-bpendleton@apache.org F71-coar@apache.org
1  3644  2104         ...                                 0                   0
2  3346  1938         ...                                 0                   0
3  3346  1938         ...                                 0                   0

[3 rows x 60 columns]
;.;
        F72         ...           F71-coar@apache.org
0  0.416807         ...                           0.0
1  0.378101         ...                           0.0
2  0.378101         ...                           0.0

[3 rows x 60 columns]
training_x: (2479, 60)
training_y: 2479
testset_x: (2507, 60)
testset_y: 2507
              precision    recall  f1-score   support

           0       0.00      0.00      0.00      2386
           1       0.05      1.00      0.09       121

    accuracy                           0.05      2507
   macro avg       0.02      0.50      0.05      2507
weighted avg       0.00      0.05      0.00      2507

accuracy: 0.04826485839648983
0.09208523592085237
@@@ tn: 0, fp: 2386, fn: 0, tp: 121
@@@ LIME - Creating explainer
@@@ LIME - Random Sampling of Instances
iter: 0, sample_no: 1576, actual label: 0, predicted: 1
iter: 1, sample_no: 1108, actual label: 0, predicted: 1
iter: 2, sample_no: 1560, actual label: 0, predicted: 1
iter: 3, sample_no: 2476, actual label: 0, predicted: 1
iter: 4, sample_no: 1565, actual label: 0, predicted: 1
iter: 5, sample_no: 1697, actual label: 0, predicted: 1
iter: 6, sample_no: 875, actual label: 0, predicted: 1
iter: 7, sample_no: 551, actual label: 0, predicted: 1
iter: 8, sample_no: 815, actual label: 0, predicted: 1
iter: 9, sample_no: 2400, actual label: 0, predicted: 1
iter: 10, sample_no: 591, actual label: 0, predicted: 1
iter: 11, sample_no: 724, actual label: 0, predicted: 1
iter: 12, sample_no: 2293, actual label: 0, predicted: 1
iter: 13, sample_no: 2156, actual label: 0, predicted: 1
iter: 14, sample_no: 1894, actual label: 0, predicted: 1
iter: 15, sample_no: 1773, actual label: 0, predicted: 1
iter: 16, sample_no: 879, actual label: 0, predicted: 1
iter: 17, sample_no: 1382, actual label: 0, predicted: 1
iter: 18, sample_no: 1262, actual label: 0, predicted: 1
iter: 19, sample_no: 69, actual label: 0, predicted: 1
iter: 20, sample_no: 676, actual label: 0, predicted: 1
iter: 21, sample_no: 1971, actual label: 0, predicted: 1
iter: 22, sample_no: 204, actual label: 0, predicted: 1
iter: 23, sample_no: 263, actual label: 0, predicted: 1
iter: 24, sample_no: 1092, actual label: 0, predicted: 1
number of samples: 2507
AUC 0.5
pos_get 121
total recall stop_at 1
@@@ C - Repeat number: 5
/Users/author1/anaconda3/lib/python3.6/site-packages/tensorflow/python/framework/dtypes.py:463: FutureWarning: Passing (type, 1) or '1type' as a synonym of type is deprecated; in a future version of numpy, it will be understood as (type, (1,)) / '(1,)type'.
  _np_qint8 = np.dtype([("qint8", np.int8, 1)])
/Users/author1/anaconda3/lib/python3.6/site-packages/tensorflow/python/framework/dtypes.py:464: FutureWarning: Passing (type, 1) or '1type' as a synonym of type is deprecated; in a future version of numpy, it will be understood as (type, (1,)) / '(1,)type'.
  _np_quint8 = np.dtype([("quint8", np.uint8, 1)])
/Users/author1/anaconda3/lib/python3.6/site-packages/tensorflow/python/framework/dtypes.py:465: FutureWarning: Passing (type, 1) or '1type' as a synonym of type is deprecated; in a future version of numpy, it will be understood as (type, (1,)) / '(1,)type'.
  _np_qint16 = np.dtype([("qint16", np.int16, 1)])
/Users/author1/anaconda3/lib/python3.6/site-packages/tensorflow/python/framework/dtypes.py:466: FutureWarning: Passing (type, 1) or '1type' as a synonym of type is deprecated; in a future version of numpy, it will be understood as (type, (1,)) / '(1,)type'.
  _np_quint16 = np.dtype([("quint16", np.uint16, 1)])
/Users/author1/anaconda3/lib/python3.6/site-packages/tensorflow/python/framework/dtypes.py:467: FutureWarning: Passing (type, 1) or '1type' as a synonym of type is deprecated; in a future version of numpy, it will be understood as (type, (1,)) / '(1,)type'.
  _np_qint32 = np.dtype([("qint32", np.int32, 1)])
Columns (0,3,4,5,6,7,8,9,10,11,12,13,14,15,16,17,18,19,20,21,22,23,24,25,26,27,28,29,30,31,32,33,34,35,36,37,38,39,40,41,42,43,44,45,46,47,48,49,50,51,52,53,54,55,56,57,58,59,60,61,62,63,64,65,66,67,68,69,70,71,72,73,74,75,76,77,78,79,80,81,82,83,84,85,86,87,88,89,90,91,92,93,94,95,96,97,98,99,100,101,102,103,104,105,106,107,108,109,110,111,112,113,114,115,116,117,118,119,120,121,122,123,124,125,126,127,128,129,130,131,132,133,134,135,136,137,138,139,140,141,142,143,144,145,146,147,148,149,150,151,152,153,154,155,156,157,158,159,160,161,162,163,164,165,166,167,168,169,170,171,172,173,174,175,176,177,178,179,180,181,182,183,184,185,186,187,188,189,190,191,192,193,194,195,196,197,198,199,200,201,202,203,204,205,206,207,208,209,210,211,212,213,214,215,216,217,218,219,220,221,222,223,224,225,226,227,228,229,230,231,232,233,234,235,236,237,238,239,240,241,242,243,244,245,246,247,248,249,250,251,252,253,254,255,256,257,258,259,260,261,262,263,264,265,266,267,268,269,270,271,272,273,274,275,276,278,280,281,282,283,284,285,286,287,288,289,290,291,292,293,294,295,296,297,298,299,300,301,302,303,304,305,306,307,308,309,310,311,312,313,314,315,316,317,318,319,320,321,322,323,324,325,326,327,328,329,330,331,332,333,334,335,336,337,338,339,340,341,342,343,344,345,346,347,348,349) have mixed types. Specify dtype option on import or set low_memory=False.
Precision and F-score are ill-defined and being set to 0.0 in labels with no predicted samples. Use `zero_division` parameter to control this behavior.
Columns (0,3,4,5,6,7,8,9,10,11,12,13,14,15,16,17,18,19,20,21,22,23,24,25,26,27,28,29,30,31,32,33,34,35,36,37,38,39,40,41,42,43,44,45,46,47,48,49,50,51,52,53,54,55,56,57,58,59,60,61,62,63,64,65,66,67,68,69,70,71,72,73,74,75,76,77,78,79,80,81,82,83,84,85,86,87,88,89,90,91,92,93,94,95,96,97,98,99,100,101,102,103,104,105,106,107,108,109,110,111,112,113,114,115,116,117,118,119,120,121,122,123,124,125,126,127,128,129,130,131,132,133,134,135,136,137,138,139,140,141,142,143,144,145,146,147,148,149,150,151,152,153,154,155,156,157,158,159,160,161,162,163,164,165,166,167,168,169,170,171,172,173,174,175,176,177,178,179,180,181,182,183,184,185,186,187,188,189,190,191,192,193,194,195,196,197,198,199,200,201,202,203,204,205,206,207,208,209,210,211,212,213,214,215,216,217,218,219,220,221,222,223,224,225,226,227,228,229,230,231,232,233,234,235,236,237,238,239,240,241,242,243,244,245,246,247,248,249,250,251,252,253,254,255,256,257,258,259,260,261,262,263,264,265,266,267,268,269,270,271,272,273,274,275,276,278,280,281,282,283,284,285,286,287,288,289,290,291,292,293,294,295,296,297,298,299,300,301,302,303,304,305,306,307,308,309,310,311,312,313,314,315,316,317,318,319,320,321,322,323,324,325,326,327,328,329,330,331,332,333,334,335,336,337,338,339,340,341,342,343,344,345,346,347,348,349) have mixed types. Specify dtype option on import or set low_memory=False.
Precision and F-score are ill-defined and being set to 0.0 in labels with no predicted samples. Use `zero_division` parameter to control this behavior.
Columns (0,3,4,5,6,7,8,9,10,11,12,13,14,15,16,17,18,19,20,21,22,23,24,25,26,27,28,29,30,31,32,33,34,35,36,37,38,39,40,41,42,43,44,45,46,47,48,49,50,51,52,53,54,55,56,57,58,59,60,61,62,63,64,65,66,67,68,69,70,71,72,73,74,75,76,77,78,79,80,81,82,83,84,85,86,87,88,89,90,91,92,93,94,95,96,97,98,99,100,101,102,103,104,105,106,107,108,109,110,111,112,113,114,115,116,117,118,119,120,121,122,123,124,125,126,127,128,129,130,131,132,133,134,135,136,137,138,139,140,141,142,143,144,145,146,147,148,149,150,151,152,153,154,155,156,157,158,159,160,161,162,163,164,165,166,167,168,169,170,171,172,173,174,175,176,177,178,179,180,181,182,183,184,185,186,187,188,189,190,191,192,193,194,195,196,197,198,199,200,201,202,203,204,205,206,207,208,209,210,211,212,213,214,215,216,217,218,219,220,221,222,223,224,225,226,227,228,229,230,231,232,233,234,235,236,237,238,239,240,241,242,243,244,245,246,247,248,249,250,251,252,253,254,255,256,257,258,259,260,261,262,263,264,265,266,267,268,269,270,271,272,273,274,275,276,278,280,281,282,283,284,285,286,287,288,289,290,291,292,293,294,295,296,297,298,299,300,301,302,303,304,305,306,307,308,309,310,311,312,313,314,315,316,317,318,319,320,321,322,323,324,325,326,327,328,329,330,331,332,333,334,335,336,337,338,339,340,341,342,343,344,345,346,347,348,349) have mixed types. Specify dtype option on import or set low_memory=False.
Precision and F-score are ill-defined and being set to 0.0 in labels with no predicted samples. Use `zero_division` parameter to control this behavior.
Columns (0,3,4,5,6,7,8,9,10,11,12,13,14,15,16,17,18,19,20,21,22,23,24,25,26,27,28,29,30,31,32,33,34,35,36,37,38,39,40,41,42,43,44,45,46,47,48,49,50,51,52,53,54,55,56,57,58,59,60,61,62,63,64,65,66,67,68,69,70,71,72,73,74,75,76,77,78,79,80,81,82,83,84,85,86,87,88,89,90,91,92,93,94,95,96,97,98,99,100,101,102,103,104,105,106,107,108,109,110,111,112,113,114,115,116,117,118,119,120,121,122,123,124,125,126,127,128,129,130,131,132,133,134,135,136,137,138,139,140,141,142,143,144,145,146,147,148,149,150,151,152,153,154,155,156,157,158,159,160,161,162,163,164,165,166,167,168,169,170,171,172,173,174,175,176,177,178,179,180,181,182,183,184,185,186,187,188,189,190,191,192,193,194,195,196,197,198,199,200,201,202,203,204,205,206,207,208,209,210,211,212,213,214,215,216,217,218,219,220,221,222,223,224,225,226,227,228,229,230,231,232,233,234,235,236,237,238,239,240,241,242,243,244,245,246,247,248,249,250,251,252,253,254,255,256,257,258,259,260,261,262,263,264,265,266,267,268,269,270,271,272,273,274,275,276,278,280,281,282,283,284,285,286,287,288,289,290,291,292,293,294,295,296,297,298,299,300,301,302,303,304,305,306,307,308,309,310,311,312,313,314,315,316,317,318,319,320,321,322,323,324,325,326,327,328,329,330,331,332,333,334,335,336,337,338,339,340,341,342,343,344,345,346,347,348,349) have mixed types. Specify dtype option on import or set low_memory=False.
Precision and F-score are ill-defined and being set to 0.0 in labels with no predicted samples. Use `zero_division` parameter to control this behavior.
Columns (0,3,4,5,6,7,8,9,10,11,12,13,14,15,16,17,18,19,20,21,22,23,24,25,26,27,28,29,30,31,32,33,34,35,36,37,38,39,40,41,42,43,44,45,46,47,48,49,50,51,52,53,54,55,56,57,58,59,60,61,62,63,64,65,66,67,68,69,70,71,72,73,74,75,76,77,78,79,80,81,82,83,84,85,86,87,88,89,90,91,92,93,94,95,96,97,98,99,100,101,102,103,104,105,106,107,108,109,110,111,112,113,114,115,116,117,118,119,120,121,122,123,124,125,126,127,128,129,130,131,132,133,134,135,136,137,138,139,140,141,142,143,144,145,146,147,148,149,150,151,152,153,154,155,156,157,158,159,160,161,162,163,164,165,166,167,168,169,170,171,172,173,174,175,176,177,178,179,180,181,182,183,184,185,186,187,188,189,190,191,192,193,194,195,196,197,198,199,200,201,202,203,204,205,206,207,208,209,210,211,212,213,214,215,216,217,218,219,220,221,222,223,224,225,226,227,228,229,230,231,232,233,234,235,236,237,238,239,240,241,242,243,244,245,246,247,248,249,250,251,252,253,254,255,256,257,258,259,260,261,262,263,264,265,266,267,268,269,270,271,272,273,274,275,276,278,280,281,282,283,284,285,286,287,288,289,290,291,292,293,294,295,296,297,298,299,300,301,302,303,304,305,306,307,308,309,310,311,312,313,314,315,316,317,318,319,320,321,322,323,324,325,326,327,328,329,330,331,332,333,334,335,336,337,338,339,340,341,342,343,344,345,346,347,348,349) have mixed types. Specify dtype option on import or set low_memory=False.
@@@ D - common_header:  {'F3-Integer', 'F15-public', 'F71-kmarsden@apache.org', 'F120', 'F71-bakksjo@apache.org', 'F3-PrintWriter', 'F3-boolean', 'F3-InputStream', 'F116', 'F3-Connection', 'F126', 'F71-djd@apache.org', 'F3-NA', 'F71-kristwaa@apache.org', 'F3-SQLException', 'F3-Long', 'F71-kahatlen@apache.org', 'F3-String', 'F15-protected', 'F71-bandaram@apache.org', 'F71-fuzzylogic@apache.org', 'F65', 'F71-dyre@apache.org', 'F72', 'category', 'F71-mikem@apache.org', 'F71-myrnavl@apache.org', 'F71-dag@apache.org', 'F115', 'F41', 'F123', 'F3-null', 'F117', 'F110', 'F101', 'F104', 'F3-int[]', 'F3-ResultSet', 'F71-mamta@apache.org', 'F71-rhillegas@apache.org', 'F71-oysteing@apache.org', 'F3-byte[]', 'F71-bernt@apache.org', 'F71-bpendleton@apache.org', 'F71-davidvc@apache.org', 'F71-suresht@apache.org', 'F15-private', 'F15-NA', 'F3-TransactionController', 'F3-int', 'F71-lilywei@apache.org', 'F3-QualifiedIdentifier', 'F22', 'F3-char', 'F77', 'F68', 'F105', 'F3-long', 'F3-PrintStream', 'F71-coar@apache.org', 'F25'}
    F72   F25         ...         F71-bpendleton@apache.org F71-coar@apache.org
1  3644  2104         ...                                 0                   0
2  3346  1938         ...                                 0                   0
3  3346  1938         ...                                 0                   0

[3 rows x 60 columns]
;.;
        F72         ...           F71-coar@apache.org
0  0.416807         ...                           0.0
1  0.378101         ...                           0.0
2  0.378101         ...                           0.0

[3 rows x 60 columns]
training_x: (2479, 60)
training_y: 2479
testset_x: (2507, 60)
testset_y: 2507
              precision    recall  f1-score   support

           0       0.00      0.00      0.00      2386
           1       0.05      1.00      0.09       121

    accuracy                           0.05      2507
   macro avg       0.02      0.50      0.05      2507
weighted avg       0.00      0.05      0.00      2507

accuracy: 0.04826485839648983
0.09208523592085237
@@@ tn: 0, fp: 2386, fn: 0, tp: 121
@@@ LIME - Creating explainer
@@@ LIME - Random Sampling of Instances
iter: 0, sample_no: 1159, actual label: 0, predicted: 1
iter: 1, sample_no: 2284, actual label: 0, predicted: 1
iter: 2, sample_no: 24, actual label: 0, predicted: 1
iter: 3, sample_no: 1171, actual label: 0, predicted: 1
iter: 4, sample_no: 350, actual label: 0, predicted: 1
iter: 5, sample_no: 620, actual label: 0, predicted: 1
iter: 6, sample_no: 2279, actual label: 1, predicted: 1
iter: 7, sample_no: 1318, actual label: 0, predicted: 1
iter: 8, sample_no: 805, actual label: 0, predicted: 1
iter: 9, sample_no: 918, actual label: 0, predicted: 1
iter: 10, sample_no: 2097, actual label: 0, predicted: 1
iter: 11, sample_no: 2473, actual label: 0, predicted: 1
iter: 12, sample_no: 964, actual label: 0, predicted: 1
iter: 13, sample_no: 1094, actual label: 0, predicted: 1
iter: 14, sample_no: 458, actual label: 0, predicted: 1
iter: 15, sample_no: 1405, actual label: 0, predicted: 1
iter: 16, sample_no: 216, actual label: 0, predicted: 1
iter: 17, sample_no: 2097, actual label: 0, predicted: 1
iter: 18, sample_no: 1972, actual label: 0, predicted: 1
iter: 19, sample_no: 1231, actual label: 0, predicted: 1
iter: 20, sample_no: 2035, actual label: 0, predicted: 1
iter: 21, sample_no: 1625, actual label: 0, predicted: 1
iter: 22, sample_no: 1432, actual label: 0, predicted: 1
iter: 23, sample_no: 2075, actual label: 0, predicted: 1
iter: 24, sample_no: 589, actual label: 0, predicted: 1
number of samples: 2507
AUC 0.5
pos_get 121
total recall stop_at 1
@@@ C - Repeat number: 6
@@@ D - common_header:  {'F3-Integer', 'F15-public', 'F71-kmarsden@apache.org', 'F120', 'F71-bakksjo@apache.org', 'F3-PrintWriter', 'F3-boolean', 'F3-InputStream', 'F116', 'F3-Connection', 'F126', 'F71-djd@apache.org', 'F3-NA', 'F71-kristwaa@apache.org', 'F3-SQLException', 'F3-Long', 'F71-kahatlen@apache.org', 'F3-String', 'F15-protected', 'F71-bandaram@apache.org', 'F71-fuzzylogic@apache.org', 'F65', 'F71-dyre@apache.org', 'F72', 'category', 'F71-mikem@apache.org', 'F71-myrnavl@apache.org', 'F71-dag@apache.org', 'F115', 'F41', 'F123', 'F3-null', 'F117', 'F110', 'F101', 'F104', 'F3-int[]', 'F3-ResultSet', 'F71-mamta@apache.org', 'F71-rhillegas@apache.org', 'F71-oysteing@apache.org', 'F3-byte[]', 'F71-bernt@apache.org', 'F71-bpendleton@apache.org', 'F71-davidvc@apache.org', 'F71-suresht@apache.org', 'F15-private', 'F15-NA', 'F3-TransactionController', 'F3-int', 'F71-lilywei@apache.org', 'F3-QualifiedIdentifier', 'F22', 'F3-char', 'F77', 'F68', 'F105', 'F3-long', 'F3-PrintStream', 'F71-coar@apache.org', 'F25'}
    F72   F25         ...         F71-bpendleton@apache.org F71-coar@apache.org
1  3644  2104         ...                                 0                   0
2  3346  1938         ...                                 0                   0
3  3346  1938         ...                                 0                   0

[3 rows x 60 columns]
;.;
        F72         ...           F71-coar@apache.org
0  0.416807         ...                           0.0
1  0.378101         ...                           0.0
2  0.378101         ...                           0.0

[3 rows x 60 columns]
training_x: (2479, 60)
training_y: 2479
testset_x: (2507, 60)
testset_y: 2507
              precision    recall  f1-score   support

           0       0.00      0.00      0.00      2386
           1       0.05      1.00      0.09       121

    accuracy                           0.05      2507
   macro avg       0.02      0.50      0.05      2507
weighted avg       0.00      0.05      0.00      2507

accuracy: 0.04826485839648983
0.09208523592085237
@@@ tn: 0, fp: 2386, fn: 0, tp: 121
@@@ LIME - Creating explainer
@@@ LIME - Random Sampling of Instances
iter: 0, sample_no: 1361, actual label: 0, predicted: 1
iter: 1, sample_no: 847, actual label: 0, predicted: 1
iter: 2, sample_no: 679, actual label: 0, predicted: 1
iter: 3, sample_no: 2219, actual label: 0, predicted: 1
iter: 4, sample_no: 67, actual label: 0, predicted: 1
iter: 5, sample_no: 1600, actual label: 0, predicted: 1
iter: 6, sample_no: 1867, actual label: 0, predicted: 1
iter: 7, sample_no: 34, actual label: 0, predicted: 1
iter: 8, sample_no: 2437, actual label: 0, predicted: 1
iter: 9, sample_no: 1551, actual label: 0, predicted: 1
iter: 10, sample_no: 121, actual label: 0, predicted: 1
iter: 11, sample_no: 409, actual label: 0, predicted: 1
iter: 12, sample_no: 770, actual label: 1, predicted: 1
iter: 13, sample_no: 1440, actual label: 0, predicted: 1
iter: 14, sample_no: 766, actual label: 0, predicted: 1
iter: 15, sample_no: 900, actual label: 0, predicted: 1
iter: 16, sample_no: 784, actual label: 0, predicted: 1
iter: 17, sample_no: 996, actual label: 0, predicted: 1
iter: 18, sample_no: 730, actual label: 0, predicted: 1
iter: 19, sample_no: 2061, actual label: 0, predicted: 1
iter: 20, sample_no: 146, actual label: 0, predicted: 1
iter: 21, sample_no: 524, actual label: 0, predicted: 1
iter: 22, sample_no: 1063, actual label: 0, predicted: 1
iter: 23, sample_no: 1351, actual label: 0, predicted: 1
iter: 24, sample_no: 2011, actual label: 0, predicted: 1
number of samples: 2507
AUC 0.5
pos_get 121
total recall stop_at 1
@@@ C - Repeat number: 7
@@@ D - common_header:  {'F3-Integer', 'F15-public', 'F71-kmarsden@apache.org', 'F120', 'F71-bakksjo@apache.org', 'F3-PrintWriter', 'F3-boolean', 'F3-InputStream', 'F116', 'F3-Connection', 'F126', 'F71-djd@apache.org', 'F3-NA', 'F71-kristwaa@apache.org', 'F3-SQLException', 'F3-Long', 'F71-kahatlen@apache.org', 'F3-String', 'F15-protected', 'F71-bandaram@apache.org', 'F71-fuzzylogic@apache.org', 'F65', 'F71-dyre@apache.org', 'F72', 'category', 'F71-mikem@apache.org', 'F71-myrnavl@apache.org', 'F71-dag@apache.org', 'F115', 'F41', 'F123', 'F3-null', 'F117', 'F110', 'F101', 'F104', 'F3-int[]', 'F3-ResultSet', 'F71-mamta@apache.org', 'F71-rhillegas@apache.org', 'F71-oysteing@apache.org', 'F3-byte[]', 'F71-bernt@apache.org', 'F71-bpendleton@apache.org', 'F71-davidvc@apache.org', 'F71-suresht@apache.org', 'F15-private', 'F15-NA', 'F3-TransactionController', 'F3-int', 'F71-lilywei@apache.org', 'F3-QualifiedIdentifier', 'F22', 'F3-char', 'F77', 'F68', 'F105', 'F3-long', 'F3-PrintStream', 'F71-coar@apache.org', 'F25'}
    F72   F25         ...         F71-bpendleton@apache.org F71-coar@apache.org
1  3644  2104         ...                                 0                   0
2  3346  1938         ...                                 0                   0
3  3346  1938         ...                                 0                   0

[3 rows x 60 columns]
;.;
        F72         ...           F71-coar@apache.org
0  0.416807         ...                           0.0
1  0.378101         ...                           0.0
2  0.378101         ...                           0.0

[3 rows x 60 columns]
training_x: (2479, 60)
training_y: 2479
testset_x: (2507, 60)
testset_y: 2507
              precision    recall  f1-score   support

           0       0.00      0.00      0.00      2386
           1       0.05      1.00      0.09       121

    accuracy                           0.05      2507
   macro avg       0.02      0.50      0.05      2507
weighted avg       0.00      0.05      0.00      2507

accuracy: 0.04826485839648983
0.09208523592085237
@@@ tn: 0, fp: 2386, fn: 0, tp: 121
@@@ LIME - Creating explainer
@@@ LIME - Random Sampling of Instances
iter: 0, sample_no: 426, actual label: 0, predicted: 1
iter: 1, sample_no: 395, actual label: 0, predicted: 1
iter: 2, sample_no: 1539, actual label: 0, predicted: 1
iter: 3, sample_no: 1126, actual label: 0, predicted: 1
iter: 4, sample_no: 1516, actual label: 0, predicted: 1
iter: 5, sample_no: 1704, actual label: 0, predicted: 1
iter: 6, sample_no: 319, actual label: 0, predicted: 1
iter: 7, sample_no: 455, actual label: 0, predicted: 1
iter: 8, sample_no: 148, actual label: 0, predicted: 1
iter: 9, sample_no: 2440, actual label: 0, predicted: 1
iter: 10, sample_no: 477, actual label: 0, predicted: 1
iter: 11, sample_no: 501, actual label: 0, predicted: 1
iter: 12, sample_no: 2361, actual label: 0, predicted: 1
iter: 13, sample_no: 2201, actual label: 0, predicted: 1
iter: 14, sample_no: 2022, actual label: 0, predicted: 1
iter: 15, sample_no: 1918, actual label: 0, predicted: 1
iter: 16, sample_no: 1863, actual label: 0, predicted: 1
iter: 17, sample_no: 1078, actual label: 0, predicted: 1
iter: 18, sample_no: 1890, actual label: 0, predicted: 1
iter: 19, sample_no: 679, actual label: 0, predicted: 1
iter: 20, sample_no: 1524, actual label: 0, predicted: 1
iter: 21, sample_no: 2460, actual label: 0, predicted: 1
iter: 22, sample_no: 2313, actual label: 0, predicted: 1
iter: 23, sample_no: 1527, actual label: 0, predicted: 1
iter: 24, sample_no: 2303, actual label: 0, predicted: 1
number of samples: 2507
AUC 0.5
pos_get 121
total recall stop_at 1
@@@ C - Repeat number: 8
@@@ D - common_header:  {'F3-Integer', 'F15-public', 'F71-kmarsden@apache.org', 'F120', 'F71-bakksjo@apache.org', 'F3-PrintWriter', 'F3-boolean', 'F3-InputStream', 'F116', 'F3-Connection', 'F126', 'F71-djd@apache.org', 'F3-NA', 'F71-kristwaa@apache.org', 'F3-SQLException', 'F3-Long', 'F71-kahatlen@apache.org', 'F3-String', 'F15-protected', 'F71-bandaram@apache.org', 'F71-fuzzylogic@apache.org', 'F65', 'F71-dyre@apache.org', 'F72', 'category', 'F71-mikem@apache.org', 'F71-myrnavl@apache.org', 'F71-dag@apache.org', 'F115', 'F41', 'F123', 'F3-null', 'F117', 'F110', 'F101', 'F104', 'F3-int[]', 'F3-ResultSet', 'F71-mamta@apache.org', 'F71-rhillegas@apache.org', 'F71-oysteing@apache.org', 'F3-byte[]', 'F71-bernt@apache.org', 'F71-bpendleton@apache.org', 'F71-davidvc@apache.org', 'F71-suresht@apache.org', 'F15-private', 'F15-NA', 'F3-TransactionController', 'F3-int', 'F71-lilywei@apache.org', 'F3-QualifiedIdentifier', 'F22', 'F3-char', 'F77', 'F68', 'F105', 'F3-long', 'F3-PrintStream', 'F71-coar@apache.org', 'F25'}
    F72   F25         ...         F71-bpendleton@apache.org F71-coar@apache.org
1  3644  2104         ...                                 0                   0
2  3346  1938         ...                                 0                   0
3  3346  1938         ...                                 0                   0

[3 rows x 60 columns]
;.;
        F72         ...           F71-coar@apache.org
0  0.416807         ...                           0.0
1  0.378101         ...                           0.0
2  0.378101         ...                           0.0

[3 rows x 60 columns]
training_x: (2479, 60)
training_y: 2479
testset_x: (2507, 60)
testset_y: 2507
              precision    recall  f1-score   support

           0       0.00      0.00      0.00      2386
           1       0.05      1.00      0.09       121

    accuracy                           0.05      2507
   macro avg       0.02      0.50      0.05      2507
weighted avg       0.00      0.05      0.00      2507

accuracy: 0.04826485839648983
0.09208523592085237
@@@ tn: 0, fp: 2386, fn: 0, tp: 121
@@@ LIME - Creating explainer
@@@ LIME - Random Sampling of Instances
iter: 0, sample_no: 1712, actual label: 0, predicted: 1
iter: 1, sample_no: 1130, actual label: 0, predicted: 1
iter: 2, sample_no: 1868, actual label: 0, predicted: 1
iter: 3, sample_no: 928, actual label: 0, predicted: 1
iter: 4, sample_no: 777, actual label: 0, predicted: 1
iter: 5, sample_no: 852, actual label: 0, predicted: 1
iter: 6, sample_no: 2351, actual label: 0, predicted: 1
iter: 7, sample_no: 977, actual label: 0, predicted: 1
iter: 8, sample_no: 1059, actual label: 0, predicted: 1
iter: 9, sample_no: 904, actual label: 0, predicted: 1
iter: 10, sample_no: 515, actual label: 0, predicted: 1
iter: 11, sample_no: 888, actual label: 0, predicted: 1
iter: 12, sample_no: 2008, actual label: 0, predicted: 1
iter: 13, sample_no: 15, actual label: 0, predicted: 1
iter: 14, sample_no: 256, actual label: 0, predicted: 1
iter: 15, sample_no: 438, actual label: 0, predicted: 1
iter: 16, sample_no: 560, actual label: 0, predicted: 1
iter: 17, sample_no: 1525, actual label: 0, predicted: 1
iter: 18, sample_no: 1455, actual label: 1, predicted: 1
iter: 19, sample_no: 716, actual label: 0, predicted: 1
iter: 20, sample_no: 912, actual label: 0, predicted: 1
iter: 21, sample_no: 1319, actual label: 0, predicted: 1
iter: 22, sample_no: 1301, actual label: 0, predicted: 1
iter: 23, sample_no: 2109, actual label: 0, predicted: 1
iter: 24, sample_no: 1141, actual label: 0, predicted: 1
number of samples: 2507
AUC 0.5
pos_get 121
total recall stop_at 1
@@@ C - Repeat number: 9
@@@ D - common_header:  {'F3-Integer', 'F15-public', 'F71-kmarsden@apache.org', 'F120', 'F71-bakksjo@apache.org', 'F3-PrintWriter', 'F3-boolean', 'F3-InputStream', 'F116', 'F3-Connection', 'F126', 'F71-djd@apache.org', 'F3-NA', 'F71-kristwaa@apache.org', 'F3-SQLException', 'F3-Long', 'F71-kahatlen@apache.org', 'F3-String', 'F15-protected', 'F71-bandaram@apache.org', 'F71-fuzzylogic@apache.org', 'F65', 'F71-dyre@apache.org', 'F72', 'category', 'F71-mikem@apache.org', 'F71-myrnavl@apache.org', 'F71-dag@apache.org', 'F115', 'F41', 'F123', 'F3-null', 'F117', 'F110', 'F101', 'F104', 'F3-int[]', 'F3-ResultSet', 'F71-mamta@apache.org', 'F71-rhillegas@apache.org', 'F71-oysteing@apache.org', 'F3-byte[]', 'F71-bernt@apache.org', 'F71-bpendleton@apache.org', 'F71-davidvc@apache.org', 'F71-suresht@apache.org', 'F15-private', 'F15-NA', 'F3-TransactionController', 'F3-int', 'F71-lilywei@apache.org', 'F3-QualifiedIdentifier', 'F22', 'F3-char', 'F77', 'F68', 'F105', 'F3-long', 'F3-PrintStream', 'F71-coar@apache.org', 'F25'}
    F72   F25         ...         F71-bpendleton@apache.org F71-coar@apache.org
1  3644  2104         ...                                 0                   0
2  3346  1938         ...                                 0                   0
3  3346  1938         ...                                 0                   0

[3 rows x 60 columns]
;.;
        F72         ...           F71-coar@apache.org
0  0.416807         ...                           0.0
1  0.378101         ...                           0.0
2  0.378101         ...                           0.0

[3 rows x 60 columns]
training_x: (2479, 60)
training_y: 2479
testset_x: (2507, 60)
testset_y: 2507
              precision    recall  f1-score   support

           0       0.00      0.00      0.00      2386
           1       0.05      1.00      0.09       121

    accuracy                           0.05      2507
   macro avg       0.02      0.50      0.05      2507
weighted avg       0.00      0.05      0.00      2507

accuracy: 0.04826485839648983
0.09208523592085237
@@@ tn: 0, fp: 2386, fn: 0, tp: 121
@@@ LIME - Creating explainer
@@@ LIME - Random Sampling of Instances
iter: 0, sample_no: 2105, actual label: 0, predicted: 1
iter: 1, sample_no: 1001, actual label: 0, predicted: 1
iter: 2, sample_no: 977, actual label: 0, predicted: 1
iter: 3, sample_no: 1761, actual label: 0, predicted: 1
iter: 4, sample_no: 2277, actual label: 0, predicted: 1
iter: 5, sample_no: 821, actual label: 0, predicted: 1
iter: 6, sample_no: 1626, actual label: 1, predicted: 1
iter: 7, sample_no: 973, actual label: 0, predicted: 1
iter: 8, sample_no: 552, actual label: 0, predicted: 1
iter: 9, sample_no: 1277, actual label: 0, predicted: 1
iter: 10, sample_no: 1098, actual label: 0, predicted: 1
iter: 11, sample_no: 2308, actual label: 0, predicted: 1
iter: 12, sample_no: 2267, actual label: 0, predicted: 1
iter: 13, sample_no: 305, actual label: 0, predicted: 1
iter: 14, sample_no: 2475, actual label: 0, predicted: 1
iter: 15, sample_no: 1883, actual label: 0, predicted: 1
iter: 16, sample_no: 977, actual label: 0, predicted: 1
iter: 17, sample_no: 677, actual label: 0, predicted: 1
iter: 18, sample_no: 2031, actual label: 0, predicted: 1
iter: 19, sample_no: 751, actual label: 0, predicted: 1
iter: 20, sample_no: 80, actual label: 0, predicted: 1
iter: 21, sample_no: 2338, actual label: 0, predicted: 1
iter: 22, sample_no: 818, actual label: 0, predicted: 1
iter: 23, sample_no: 1253, actual label: 0, predicted: 1
iter: 24, sample_no: 297, actual label: 0, predicted: 1
number of samples: 2507
AUC 0.5
pos_get 121
total recall stop_at 1
@@@ C - Repeat number: 10
@@@ D - common_header:  {'F3-Integer', 'F15-public', 'F71-kmarsden@apache.org', 'F120', 'F71-bakksjo@apache.org', 'F3-PrintWriter', 'F3-boolean', 'F3-InputStream', 'F116', 'F3-Connection', 'F126', 'F71-djd@apache.org', 'F3-NA', 'F71-kristwaa@apache.org', 'F3-SQLException', 'F3-Long', 'F71-kahatlen@apache.org', 'F3-String', 'F15-protected', 'F71-bandaram@apache.org', 'F71-fuzzylogic@apache.org', 'F65', 'F71-dyre@apache.org', 'F72', 'category', 'F71-mikem@apache.org', 'F71-myrnavl@apache.org', 'F71-dag@apache.org', 'F115', 'F41', 'F123', 'F3-null', 'F117', 'F110', 'F101', 'F104', 'F3-int[]', 'F3-ResultSet', 'F71-mamta@apache.org', 'F71-rhillegas@apache.org', 'F71-oysteing@apache.org', 'F3-byte[]', 'F71-bernt@apache.org', 'F71-bpendleton@apache.org', 'F71-davidvc@apache.org', 'F71-suresht@apache.org', 'F15-private', 'F15-NA', 'F3-TransactionController', 'F3-int', 'F71-lilywei@apache.org', 'F3-QualifiedIdentifier', 'F22', 'F3-char', 'F77', 'F68', 'F105', 'F3-long', 'F3-PrintStream', 'F71-coar@apache.org', 'F25'}
    F72   F25         ...         F71-bpendleton@apache.org F71-coar@apache.org
1  3644  2104         ...                                 0                   0
2  3346  1938         ...                                 0                   0
3  3346  1938         ...                                 0                   0

[3 rows x 60 columns]
;.;
        F72         ...           F71-coar@apache.org
0  0.416807         ...                           0.0
1  0.378101         ...                           0.0
2  0.378101         ...                           0.0

[3 rows x 60 columns]
training_x: (2479, 60)
training_y: 2479
testset_x: (2507, 60)
testset_y: 2507
              precision    recall  f1-score   support

           0       0.00      0.00      0.00      2386
           1       0.05      1.00      0.09       121

    accuracy                           0.05      2507
   macro avg       0.02      0.50      0.05      2507
weighted avg       0.00      0.05      0.00      2507

accuracy: 0.04826485839648983
0.09208523592085237
@@@ tn: 0, fp: 2386, fn: 0, tp: 121
@@@ LIME - Creating explainer
@@@ LIME - Random Sampling of Instances
Precision and F-score are ill-defined and being set to 0.0 in labels with no predicted samples. Use `zero_division` parameter to control this behavior.
Columns (0,3,4,5,6,7,8,9,10,11,12,13,14,15,16,17,18,19,20,21,22,23,24,25,26,27,28,29,30,31,32,33,34,35,36,37,38,39,40,41,42,43,44,45,46,47,48,49,50,51,52,53,54,55,56,57,58,59,60,61,62,63,64,65,66,67,68,69,70,71,72,73,74,75,76,77,78,79,80,81,82,83,84,85,86,87,88,89,90,91,92,93,94,95,96,97,98,99,100,101,102,103,104,105,106,107,108,109,110,111,112,113,114,115,116,117,118,119,120,121,122,123,124,125,126,127,128,129,130,131,132,133,134,135,136,137,138,139,140,141,142,143,144,145,146,147,148,149,150,151,152,153,154,155,156,157,158,159,160,161,162,163,164,165,166,167,168,169,170,171,172,173,174,175,176,177,178,179,180,181,182,183,184,185,186,187,188,189,190,191,192,193,194,195,196,197,198,199,200,201,202,203,204,205,206,207,208,209,210,211,212,213,214,215,216,217,218,219,220,221,222,223,224,225,226,227,228,229,230,231,232,233,234,235,236,237,238,239,240,241,242,243,244,245,246,247,248,249,250,251,252,253,254,255,256,257,258,259,260,261,262,263,264,265,266,267,268,269,270,271,272,273,274,275,276,278,280,281,282,283,284,285,286,287,288,289,290,291,292,293,294,295,296,297,298,299,300,301,302,303,304,305,306,307,308,309,310,311,312,313,314,315,316,317,318,319,320,321,322,323,324,325,326,327,328,329,330,331,332,333,334,335,336,337,338,339,340,341,342,343,344,345,346,347,348,349) have mixed types. Specify dtype option on import or set low_memory=False.
Precision and F-score are ill-defined and being set to 0.0 in labels with no predicted samples. Use `zero_division` parameter to control this behavior.
Columns (0,3,4,5,6,7,8,9,10,11,12,13,14,15,16,17,18,19,20,21,22,23,24,25,26,27,28,29,30,31,32,33,34,35,36,37,38,39,40,41,42,43,44,45,46,47,48,49,50,51,52,53,54,55,56,57,58,59,60,61,62,63,64,65,66,67,68,69,70,71,72,73,74,75,76,77,78,79,80,81,82,83,84,85,86,87,88,89,90,91,92,93,94,95,96,97,98,99,100,101,102,103,104,105,106,107,108,109,110,111,112,113,114,115,116,117,118,119,120,121,122,123,124,125,126,127,128,129,130,131,132,133,134,135,136,137,138,139,140,141,142,143,144,145,146,147,148,149,150,151,152,153,154,155,156,157,158,159,160,161,162,163,164,165,166,167,168,169,170,171,172,173,174,175,176,177,178,179,180,181,182,183,184,185,186,187,188,189,190,191,192,193,194,195,196,197,198,199,200,201,202,203,204,205,206,207,208,209,210,211,212,213,214,215,216,217,218,219,220,221,222,223,224,225,226,227,228,229,230,231,232,233,234,235,236,237,238,239,240,241,242,243,244,245,246,247,248,249,250,251,252,253,254,255,256,257,258,259,260,261,262,263,264,265,266,267,268,269,270,271,272,273,274,275,276,278,280,281,282,283,284,285,286,287,288,289,290,291,292,293,294,295,296,297,298,299,300,301,302,303,304,305,306,307,308,309,310,311,312,313,314,315,316,317,318,319,320,321,322,323,324,325,326,327,328,329,330,331,332,333,334,335,336,337,338,339,340,341,342,343,344,345,346,347,348,349) have mixed types. Specify dtype option on import or set low_memory=False.
Precision and F-score are ill-defined and being set to 0.0 in labels with no predicted samples. Use `zero_division` parameter to control this behavior.
Columns (0,3,4,5,6,7,8,9,10,11,12,13,14,15,16,17,18,19,20,21,22,23,24,25,26,27,28,29,30,31,32,33,34,35,36,37,38,39,40,41,42,43,44,45,46,47,48,49,50,51,52,53,54,55,56,57,58,59,60,61,62,63,64,65,66,67,68,69,70,71,72,73,74,75,76,77,78,79,80,81,82,83,84,85,86,87,88,89,90,91,92,93,94,95,96,97,98,99,100,101,102,103,104,105,106,107,108,109,110,111,112,113,114,115,116,117,118,119,120,121,122,123,124,125,126,127,128,129,130,131,132,133,134,135,136,137,138,139,140,141,142,143,144,145,146,147,148,149,150,151,152,153,154,155,156,157,158,159,160,161,162,163,164,165,166,167,168,169,170,171,172,173,174,175,176,177,178,179,180,181,182,183,184,185,186,187,188,189,190,191,192,193,194,195,196,197,198,199,200,201,202,203,204,205,206,207,208,209,210,211,212,213,214,215,216,217,218,219,220,221,222,223,224,225,226,227,228,229,230,231,232,233,234,235,236,237,238,239,240,241,242,243,244,245,246,247,248,249,250,251,252,253,254,255,256,257,258,259,260,261,262,263,264,265,266,267,268,269,270,271,272,273,274,275,276,278,280,281,282,283,284,285,286,287,288,289,290,291,292,293,294,295,296,297,298,299,300,301,302,303,304,305,306,307,308,309,310,311,312,313,314,315,316,317,318,319,320,321,322,323,324,325,326,327,328,329,330,331,332,333,334,335,336,337,338,339,340,341,342,343,344,345,346,347,348,349) have mixed types. Specify dtype option on import or set low_memory=False.
Precision and F-score are ill-defined and being set to 0.0 in labels with no predicted samples. Use `zero_division` parameter to control this behavior.
Columns (0,3,4,5,6,7,8,9,10,11,12,13,14,15,16,17,18,19,20,21,22,23,24,25,26,27,28,29,30,31,32,33,34,35,36,37,38,39,40,41,42,43,44,45,46,47,48,49,50,51,52,53,54,55,56,57,58,59,60,61,62,63,64,65,66,67,68,69,70,71,72,73,74,75,76,77,78,79,80,81,82,83,84,85,86,87,88,89,90,91,92,93,94,95,96,97,98,99,100,101,102,103,104,105,106,107,108,109,110,111,112,113,114,115,116,117,118,119,120,121,122,123,124,125,126,127,128,129,130,131,132,133,134,135,136,137,138,139,140,141,142,143,144,145,146,147,148,149,150,151,152,153,154,155,156,157,158,159,160,161,162,163,164,165,166,167,168,169,170,171,172,173,174,175,176,177,178,179,180,181,182,183,184,185,186,187,188,189,190,191,192,193,194,195,196,197,198,199,200,201,202,203,204,205,206,207,208,209,210,211,212,213,214,215,216,217,218,219,220,221,222,223,224,225,226,227,228,229,230,231,232,233,234,235,236,237,238,239,240,241,242,243,244,245,246,247,248,249,250,251,252,253,254,255,256,257,258,259,260,261,262,263,264,265,266,267,268,269,270,271,272,273,274,275,276,278,280,281,282,283,284,285,286,287,288,289,290,291,292,293,294,295,296,297,298,299,300,301,302,303,304,305,306,307,308,309,310,311,312,313,314,315,316,317,318,319,320,321,322,323,324,325,326,327,328,329,330,331,332,333,334,335,336,337,338,339,340,341,342,343,344,345,346,347,348,349) have mixed types. Specify dtype option on import or set low_memory=False.
Precision and F-score are ill-defined and being set to 0.0 in labels with no predicted samples. Use `zero_division` parameter to control this behavior.
Columns (0,3,4,5,6,7,8,9,10,11,12,13,14,15,16,17,18,19,20,21,22,23,24,25,26,27,28,29,30,31,32,33,34,35,36,37,38,39,40,41,42,43,44,45,46,47,48,49,50,51,52,53,54,55,56,57,58,59,60,61,62,63,64,65,66,67,68,69,70,71,72,73,74,75,76,77,78,79,80,81,82,83,84,85,86,87,88,89,90,91,92,93,94,95,96,97,98,99,100,101,102,103,104,105,106,107,108,109,110,111,112,113,114,115,116,117,118,119,120,121,122,123,124,125,126,127,128,129,130,131,132,133,134,135,136,137,138,139,140,141,142,143,144,145,146,147,148,149,150,151,152,153,154,155,156,157,158,159,160,161,162,163,164,165,166,167,168,169,170,171,172,173,174,175,176,177,178,179,180,181,182,183,184,185,186,187,188,189,190,191,192,193,194,195,196,197,198,199,200,201,202,203,204,205,206,207,208,209,210,211,212,213,214,215,216,217,218,219,220,221,222,223,224,225,226,227,228,229,230,231,232,233,234,235,236,237,238,239,240,241,242,243,244,245,246,247,248,249,250,251,252,253,254,255,256,257,258,259,260,261,262,263,264,265,266,267,268,269,270,271,272,273,274,275,276,278,280,281,282,283,284,285,286,287,288,289,290,291,292,293,294,295,296,297,298,299,300,301,302,303,304,305,306,307,308,309,310,311,312,313,314,315,316,317,318,319,320,321,322,323,324,325,326,327,328,329,330,331,332,333,334,335,336,337,338,339,340,341,342,343,344,345,346,347,348,349) have mixed types. Specify dtype option on import or set low_memory=False.
Precision and F-score are ill-defined and being set to 0.0 in labels with no predicted samples. Use `zero_division` parameter to control this behavior.
iter: 0, sample_no: 1692, actual label: 0, predicted: 1
iter: 1, sample_no: 1237, actual label: 0, predicted: 1
iter: 2, sample_no: 452, actual label: 1, predicted: 1
iter: 3, sample_no: 1949, actual label: 0, predicted: 1
iter: 4, sample_no: 1607, actual label: 0, predicted: 1
iter: 5, sample_no: 96, actual label: 0, predicted: 1
iter: 6, sample_no: 158, actual label: 0, predicted: 1
iter: 7, sample_no: 2033, actual label: 0, predicted: 1
iter: 8, sample_no: 1956, actual label: 0, predicted: 1
iter: 9, sample_no: 75, actual label: 0, predicted: 1
iter: 10, sample_no: 756, actual label: 1, predicted: 1
iter: 11, sample_no: 2498, actual label: 0, predicted: 1
iter: 12, sample_no: 152, actual label: 0, predicted: 1
iter: 13, sample_no: 1985, actual label: 0, predicted: 1
iter: 14, sample_no: 1143, actual label: 0, predicted: 1
iter: 15, sample_no: 399, actual label: 0, predicted: 1
iter: 16, sample_no: 645, actual label: 0, predicted: 1
iter: 17, sample_no: 1486, actual label: 0, predicted: 1
iter: 18, sample_no: 1693, actual label: 0, predicted: 1
iter: 19, sample_no: 1678, actual label: 0, predicted: 1
iter: 20, sample_no: 211, actual label: 0, predicted: 1
iter: 21, sample_no: 594, actual label: 0, predicted: 1
iter: 22, sample_no: 2053, actual label: 0, predicted: 1
iter: 23, sample_no: 627, actual label: 0, predicted: 1
iter: 24, sample_no: 248, actual label: 0, predicted: 1
number of samples: 2507
AUC 0.5
pos_get 121
total recall stop_at 1
----------threshold stop at----------: 1
AUC [0.5, 0.5, 0.5, 0.5, 0.5, 0.5, 0.5, 0.5, 0.5, 0.5]
AUC_median 0.5
AUC_iqr 0.0
cost [1, 1, 1, 1, 1, 1, 1, 1, 1, 1]
COST_med 1.0
COST_iqr 0.0
f1_pos_list [0.09208523592085237, 0.09208523592085237, 0.09208523592085237, 0.09208523592085237, 0.09208523592085237, 0.09208523592085237, 0.09208523592085237, 0.09208523592085237, 0.09208523592085237, 0.09208523592085237]
f1_pos_med 0.09208523592085237
