@@@ A - classifier: DummyClassifier(constant=1, random_state=None, strategy='constant')
@@@ B - threshold stop at: 1
@@@ C - Repeat number: 1
@@@ D - common_header:  {'F3-Block', 'F3-int', 'F71-adelmelle@apache.org', 'F3-PrintRenderer.START_PAGE', 'F71-lfurini@apache.org', 'F71-vhennebert@apache.org', 'F3-double', 'F71-ssteiner@apache.org', 'F110', 'F71-lbernardo@apache.org', 'F126', 'F3-Integer', 'F71-mehdi@apache.org', 'F41', 'F3-cell.getRtfAttributes()', 'F3-Object', 'F77', 'F15-public', 'F105', 'F3-FontTriplet', 'F71-gmazza@apache.org', 'F116', 'F3-TablePart', 'F71-spepping@apache.org', 'F115', 'category', 'F104', 'F71-jeremias@apache.org', 'F3-String', 'F71-pherweg@apache.org', 'F120', 'F15-NA', 'F71-phancock@apache.org', 'F3-Double', 'F117', 'F15-protected', 'F71-keiron@apache.org', 'F3-Long', 'F3-NA', 'F71-vmote@apache.org', 'F3-Float', 'F15-private', 'F3-PercentBaseContext', 'F68', 'F71-acumiskey@apache.org', 'F65', 'F71-rmeyer@apache.org', 'F71-manuel@apache.org', 'F71-cbowditch@apache.org', 'F101', 'F72', 'F71-maxberger@apache.org', 'F123', 'F3-null', 'F3-Constants.EN_STATIC', 'F22', 'F3-Class', 'F71-gadams@apache.org', 'F71-bckfnn@apache.org', 'F3-byte[]', 'F25'}
    F72   F25         ...          F71-lbernardo@apache.org F71-vmote@apache.org
1   986  1143         ...                                 0                    0
2  1347  1672         ...                                 0                    0
3  1653  2144         ...                                 0                    0

[3 rows x 60 columns]
;.;
        F72          ...           F71-vmote@apache.org
0  0.093581          ...                            0.0
1  0.147720          ...                            0.0
2  0.193611          ...                            0.0

[3 rows x 60 columns]
training_x: (923, 60)
training_y: 923
testset_x: (54, 60)
testset_y: 54
              precision    recall  f1-score   support

           0       0.00      0.00      0.00        49
           1       0.09      1.00      0.17         5

    accuracy                           0.09        54
   macro avg       0.05      0.50      0.08        54
weighted avg       0.01      0.09      0.02        54

accuracy: 0.09259259259259259
0.1694915254237288
@@@ tn: 0, fp: 49, fn: 0, tp: 5
@@@ LIME - Creating explainer
@@@ LIME - Random Sampling of Instances
iter: 0, sample_no: 4, actual label: 0, predicted: 1
iter: 1, sample_no: 21, actual label: 0, predicted: 1
iter: 2, sample_no: 53, actual label: 0, predicted: 1
iter: 3, sample_no: 36, actual label: 0, predicted: 1
iter: 4, sample_no: 19, actual label: 0, predicted: 1
iter: 5, sample_no: 19, actual label: 0, predicted: 1
iter: 6, sample_no: 14, actual label: 0, predicted: 1
iter: 7, sample_no: 33, actual label: 0, predicted: 1
iter: 8, sample_no: 27, actual label: 0, predicted: 1
iter: 9, sample_no: 39, actual label: 0, predicted: 1
iter: 10, sample_no: 8, actual label: 0, predicted: 1
iter: 11, sample_no: 25, actual label: 0, predicted: 1
iter: 12, sample_no: 26, actual label: 0, predicted: 1
iter: 13, sample_no: 17, actual label: 0, predicted: 1
iter: 14, sample_no: 32, actual label: 1, predicted: 1
iter: 15, sample_no: 33, actual label: 0, predicted: 1
iter: 16, sample_no: 7, actual label: 0, predicted: 1
iter: 17, sample_no: 35, actual label: 0, predicted: 1
iter: 18, sample_no: 47, actual label: 0, predicted: 1
iter: 19, sample_no: 11, actual label: 0, predicted: 1
iter: 20, sample_no: 31, actual label: 0, predicted: 1
iter: 21, sample_no: 0, actual label: 0, predicted: 1
iter: 22, sample_no: 31, actual label: 0, predicted: 1
iter: 23, sample_no: 30, actual label: 0, predicted: 1
iter: 24, sample_no: 19, actual label: 0, predicted: 1
number of samples: 54
AUC 0.5
pos_get 5
total recall stop_at 1.0
@@@ C - Repeat number: 2
@@@ D - common_header:  {'F3-Block', 'F3-int', 'F71-adelmelle@apache.org', 'F3-PrintRenderer.START_PAGE', 'F71-lfurini@apache.org', 'F71-vhennebert@apache.org', 'F3-double', 'F71-ssteiner@apache.org', 'F110', 'F71-lbernardo@apache.org', 'F126', 'F3-Integer', 'F71-mehdi@apache.org', 'F41', 'F3-cell.getRtfAttributes()', 'F3-Object', 'F77', 'F15-public', 'F105', 'F3-FontTriplet', 'F71-gmazza@apache.org', 'F116', 'F3-TablePart', 'F71-spepping@apache.org', 'F115', 'category', 'F104', 'F71-jeremias@apache.org', 'F3-String', 'F71-pherweg@apache.org', 'F120', 'F15-NA', 'F71-phancock@apache.org', 'F3-Double', 'F117', 'F15-protected', 'F71-keiron@apache.org', 'F3-Long', 'F3-NA', 'F71-vmote@apache.org', 'F3-Float', 'F15-private', 'F3-PercentBaseContext', 'F68', 'F71-acumiskey@apache.org', 'F65', 'F71-rmeyer@apache.org', 'F71-manuel@apache.org', 'F71-cbowditch@apache.org', 'F101', 'F72', 'F71-maxberger@apache.org', 'F123', 'F3-null', 'F3-Constants.EN_STATIC', 'F22', 'F3-Class', 'F71-gadams@apache.org', 'F71-bckfnn@apache.org', 'F3-byte[]', 'F25'}
    F72   F25         ...          F71-lbernardo@apache.org F71-vmote@apache.org
1   986  1143         ...                                 0                    0
2  1347  1672         ...                                 0                    0
3  1653  2144         ...                                 0                    0

[3 rows x 60 columns]
;.;
        F72          ...           F71-vmote@apache.org
0  0.093581          ...                            0.0
1  0.147720          ...                            0.0
2  0.193611          ...                            0.0

[3 rows x 60 columns]
training_x: (923, 60)
training_y: 923
testset_x: (54, 60)
testset_y: 54
              precision    recall  f1-score   support

           0       0.00      0.00      0.00        49
           1       0.09      1.00      0.17         5

    accuracy                           0.09        54
   macro avg       0.05      0.50      0.08        54
weighted avg       0.01      0.09      0.02        54

accuracy: 0.09259259259259259
0.1694915254237288
@@@ tn: 0, fp: 49, fn: 0, tp: 5
@@@ LIME - Creating explainer
@@@ LIME - Random Sampling of Instances
iter: 0, sample_no: 20, actual label: 0, predicted: 1
iter: 1, sample_no: 37, actual label: 0, predicted: 1
iter: 2, sample_no: 25, actual label: 0, predicted: 1
iter: 3, sample_no: 41, actual label: 0, predicted: 1
iter: 4, sample_no: 44, actual label: 0, predicted: 1
iter: 5, sample_no: 16, actual label: 0, predicted: 1
iter: 6, sample_no: 0, actual label: 0, predicted: 1
iter: 7, sample_no: 38, actual label: 0, predicted: 1
iter: 8, sample_no: 29, actual label: 0, predicted: 1
iter: 9, sample_no: 33, actual label: 0, predicted: 1
iter: 10, sample_no: 20, actual label: 0, predicted: 1
iter: 11, sample_no: 5, actual label: 0, predicted: 1
iter: 12, sample_no: 7, actual label: 0, predicted: 1
iter: 13, sample_no: 18, actual label: 0, predicted: 1
iter: 14, sample_no: 4, actual label: 0, predicted: 1
iter: 15, sample_no: 43, actual label: 0, predicted: 1
iter: 16, sample_no: 22, actual label: 0, predicted: 1
iter: 17, sample_no: 45, actual label: 0, predicted: 1
iter: 18, sample_no: 7, actual label: 0, predicted: 1
iter: 19, sample_no: 25, actual label: 0, predicted: 1
iter: 20, sample_no: 25, actual label: 0, predicted: 1
iter: 21, sample_no: 3, actual label: 0, predicted: 1
iter: 22, sample_no: 48, actual label: 0, predicted: 1
iter: 23, sample_no: 52, actual label: 1, predicted: 1
iter: 24, sample_no: 33, actual label: 0, predicted: 1
number of samples: 54
AUC 0.5
pos_get 5
total recall stop_at 1.0
@@@ C - Repeat number: 3
@@@ D - common_header:  {'F3-Block', 'F3-int', 'F71-adelmelle@apache.org', 'F3-PrintRenderer.START_PAGE', 'F71-lfurini@apache.org', 'F71-vhennebert@apache.org', 'F3-double', 'F71-ssteiner@apache.org', 'F110', 'F71-lbernardo@apache.org', 'F126', 'F3-Integer', 'F71-mehdi@apache.org', 'F41', 'F3-cell.getRtfAttributes()', 'F3-Object', 'F77', 'F15-public', 'F105', 'F3-FontTriplet', 'F71-gmazza@apache.org', 'F116', 'F3-TablePart', 'F71-spepping@apache.org', 'F115', 'category', 'F104', 'F71-jeremias@apache.org', 'F3-String', 'F71-pherweg@apache.org', 'F120', 'F15-NA', 'F71-phancock@apache.org', 'F3-Double', 'F117', 'F15-protected', 'F71-keiron@apache.org', 'F3-Long', 'F3-NA', 'F71-vmote@apache.org', 'F3-Float', 'F15-private', 'F3-PercentBaseContext', 'F68', 'F71-acumiskey@apache.org', 'F65', 'F71-rmeyer@apache.org', 'F71-manuel@apache.org', 'F71-cbowditch@apache.org', 'F101', 'F72', 'F71-maxberger@apache.org', 'F123', 'F3-null', 'F3-Constants.EN_STATIC', 'F22', 'F3-Class', 'F71-gadams@apache.org', 'F71-bckfnn@apache.org', 'F3-byte[]', 'F25'}
    F72   F25         ...          F71-lbernardo@apache.org F71-vmote@apache.org
1   986  1143         ...                                 0                    0
2  1347  1672         ...                                 0                    0
3  1653  2144         ...                                 0                    0

[3 rows x 60 columns]
;.;
        F72          ...           F71-vmote@apache.org
0  0.093581          ...                            0.0
1  0.147720          ...                            0.0
2  0.193611          ...                            0.0

[3 rows x 60 columns]
training_x: (923, 60)
training_y: 923
testset_x: (54, 60)
testset_y: 54
              precision    recall  f1-score   support

           0       0.00      0.00      0.00        49
           1       0.09      1.00      0.17         5

    accuracy                           0.09        54
   macro avg       0.05      0.50      0.08        54
weighted avg       0.01      0.09      0.02        54

accuracy: 0.09259259259259259
0.1694915254237288
@@@ tn: 0, fp: 49, fn: 0, tp: 5
@@@ LIME - Creating explainer
@@@ LIME - Random Sampling of Instances
iter: 0, sample_no: 11, actual label: 0, predicted: 1
iter: 1, sample_no: 6, actual label: 0, predicted: 1
iter: 2, sample_no: 41, actual label: 0, predicted: 1
iter: 3, sample_no: 26, actual label: 0, predicted: 1
iter: 4, sample_no: 12, actual label: 0, predicted: 1
iter: 5, sample_no: 34, actual label: 1, predicted: 1
iter: 6, sample_no: 33, actual label: 0, predicted: 1
iter: 7, sample_no: 43, actual label: 0, predicted: 1
iter: 8, sample_no: 6, actual label: 0, predicted: 1
iter: 9, sample_no: 27, actual label: 0, predicted: 1
iter: 10, sample_no: 43, actual label: 0, predicted: 1
iter: 11, sample_no: 0, actual label: 0, predicted: 1
iter: 12, sample_no: 17, actual label: 0, predicted: 1
iter: 13, sample_no: 48, actual label: 0, predicted: 1
iter: 14, sample_no: 20, actual label: 0, predicted: 1
iter: 15, sample_no: 2, actual label: 0, predicted: 1
iter: 16, sample_no: 46, actual label: 0, predicted: 1
iter: 17, sample_no: 41, actual label: 0, predicted: 1
iter: 18, sample_no: 45, actual label: 0, predicted: 1
iter: 19, sample_no: 36, actual label: 0, predicted: 1
iter: 20, sample_no: 37, actual label: 0, predicted: 1
iter: 21, sample_no: 0, actual label: 0, predicted: 1
iter: 22, sample_no: 25, actual label: 0, predicted: 1
iter: 23, sample_no: 34, actual label: 1, predicted: 1
iter: 24, sample_no: 30, actual label: 0, predicted: 1
number of samples: 54
AUC 0.5
pos_get 5
total recall stop_at 1.0
@@@ C - Repeat number: 4
@@@ D - common_header:  {'F3-Block', 'F3-int', 'F71-adelmelle@apache.org', 'F3-PrintRenderer.START_PAGE', 'F71-lfurini@apache.org', 'F71-vhennebert@apache.org', 'F3-double', 'F71-ssteiner@apache.org', 'F110', 'F71-lbernardo@apache.org', 'F126', 'F3-Integer', 'F71-mehdi@apache.org', 'F41', 'F3-cell.getRtfAttributes()', 'F3-Object', 'F77', 'F15-public', 'F105', 'F3-FontTriplet', 'F71-gmazza@apache.org', 'F116', 'F3-TablePart', 'F71-spepping@apache.org', 'F115', 'category', 'F104', 'F71-jeremias@apache.org', 'F3-String', 'F71-pherweg@apache.org', 'F120', 'F15-NA', 'F71-phancock@apache.org', 'F3-Double', 'F117', 'F15-protected', 'F71-keiron@apache.org', 'F3-Long', 'F3-NA', 'F71-vmote@apache.org', 'F3-Float', 'F15-private', 'F3-PercentBaseContext', 'F68', 'F71-acumiskey@apache.org', 'F65', 'F71-rmeyer@apache.org', 'F71-manuel@apache.org', 'F71-cbowditch@apache.org', 'F101', 'F72', 'F71-maxberger@apache.org', 'F123', 'F3-null', 'F3-Constants.EN_STATIC', 'F22', 'F3-Class', 'F71-gadams@apache.org', 'F71-bckfnn@apache.org', 'F3-byte[]', 'F25'}
    F72   F25         ...          F71-lbernardo@apache.org F71-vmote@apache.org
1   986  1143         ...                                 0                    0
2  1347  1672         ...                                 0                    0
3  1653  2144         ...                                 0                    0

[3 rows x 60 columns]
;.;
        F72          ...           F71-vmote@apache.org
0  0.093581          ...                            0.0
1  0.147720          ...                            0.0
2  0.193611          ...                            0.0

[3 rows x 60 columns]
training_x: (923, 60)
training_y: 923
testset_x: (54, 60)
testset_y: 54
              precision    recall  f1-score   support

           0       0.00      0.00      0.00        49
           1       0.09      1.00      0.17         5

    accuracy                           0.09        54
   macro avg       0.05      0.50      0.08        54
weighted avg       0.01      0.09      0.02        54

accuracy: 0.09259259259259259
0.1694915254237288
@@@ tn: 0, fp: 49, fn: 0, tp: 5
@@@ LIME - Creating explainer
@@@ LIME - Random Sampling of Instances
iter: 0, sample_no: 5, actual label: 0, predicted: 1
iter: 1, sample_no: 14, actual label: 0, predicted: 1
iter: 2, sample_no: 53, actual label: 0, predicted: 1
iter: 3, sample_no: 27, actual label: 0, predicted: 1
iter: 4, sample_no: 16, actual label: 0, predicted: 1
iter: 5, sample_no: 3, actual label: 0, predicted: 1
iter: 6, sample_no: 12, actual label: 0, predicted: 1
iter: 7, sample_no: 37, actual label: 0, predicted: 1
iter: 8, sample_no: 12, actual label: 0, predicted: 1
iter: 9, sample_no: 30, actual label: 0, predicted: 1
iter: 10, sample_no: 33, actual label: 0, predicted: 1
iter: 11, sample_no: 0, actual label: 0, predicted: 1
iter: 12, sample_no: 9, actual label: 0, predicted: 1
iter: 13, sample_no: 20, actual label: 0, predicted: 1
iter: 14, sample_no: 7, actual label: 0, predicted: 1
iter: 15, sample_no: 27, actual label: 0, predicted: 1
iter: 16, sample_no: 31, actual label: 0, predicted: 1
iter: 17, sample_no: 24, actual label: 0, predicted: 1
iter: 18, sample_no: 45, actual label: 0, predicted: 1
iter: 19, sample_no: 50, actual label: 0, predicted: 1
iter: 20, sample_no: 30, actual label: 0, predicted: 1
iter: 21, sample_no: 1, actual label: 0, predicted: 1
iter: 22, sample_no: 46, actual label: 0, predicted: 1
iter: 23, sample_no: 20, actual label: 0, predicted: 1
iter: 24, sample_no: 18, actual label: 0, predicted: 1
number of samples: 54
AUC 0.5
pos_get 5
total recall stop_at 1.0
@@@ C - Repeat number: 5
@@@ D - common_header:  {'F3-Block', 'F3-int', 'F71-adelmelle@apache.org', 'F3-PrintRenderer.START_PAGE', 'F71-lfurini@apache.org', 'F71-vhennebert@apache.org', 'F3-double', 'F71-ssteiner@apache.org', 'F110', 'F71-lbernardo@apache.org', 'F126', 'F3-Integer', 'F71-mehdi@apache.org', 'F41', 'F3-cell.getRtfAttributes()', 'F3-Object', 'F77', 'F15-public', 'F105', 'F3-FontTriplet', 'F71-gmazza@apache.org', 'F116', 'F3-TablePart', 'F71-spepping@apache.org', 'F115', 'category', 'F104', 'F71-jeremias@apache.org', 'F3-String', 'F71-pherweg@apache.org', 'F120', 'F15-NA', 'F71-phancock@apache.org', 'F3-Double', 'F117', 'F15-protected', 'F71-keiron@apache.org', 'F3-Long', 'F3-NA', 'F71-vmote@apache.org', 'F3-Float', 'F15-private', 'F3-PercentBaseContext', 'F68', 'F71-acumiskey@apache.org', 'F65', 'F71-rmeyer@apache.org', 'F71-manuel@apache.org', 'F71-cbowditch@apache.org', 'F101', 'F72', 'F71-maxberger@apache.org', 'F123', 'F3-null', 'F3-Constants.EN_STATIC', 'F22', 'F3-Class', 'F71-gadams@apache.org', 'F71-bckfnn@apache.org', 'F3-byte[]', 'F25'}
    F72   F25         ...          F71-lbernardo@apache.org F71-vmote@apache.org
1   986  1143         ...                                 0                    0
2  1347  1672         ...                                 0                    0
3  1653  2144         ...                                 0                    0

[3 rows x 60 columns]
;.;
        F72          ...           F71-vmote@apache.org
0  0.093581          ...                            0.0
1  0.147720          ...                            0.0
2  0.193611          ...                            0.0

[3 rows x 60 columns]
training_x: (923, 60)
training_y: 923
testset_x: (54, 60)
testset_y: 54
              precision    recall  f1-score   support

           0       0.00      0.00      0.00        49
           1       0.09      1.00      0.17         5

    accuracy                           0.09        54
   macro avg       0.05      0.50      0.08        54
weighted avg       0.01      0.09      0.02        54

accuracy: 0.09259259259259259
0.1694915254237288
@@@ tn: 0, fp: 49, fn: 0, tp: 5
@@@ LIME - Creating explainer
@@@ LIME - Random Sampling of Instances
iter: 0, sample_no: 7, actual label: 0, predicted: 1
iter: 1, sample_no: 11, actual label: 0, predicted: 1
iter: 2, sample_no: 5, actual label: 0, predicted: 1
iter: 3, sample_no: 2, actual label: 0, predicted: 1
iter: 4, sample_no: 31, actual label: 0, predicted: 1
iter: 5, sample_no: 40, actual label: 0, predicted: 1
iter: 6, sample_no: 47, actual label: 0, predicted: 1
iter: 7, sample_no: 2, actual label: 0, predicted: 1
iter: 8, sample_no: 4, actual label: 0, predicted: 1
iter: 9, sample_no: 15, actual label: 0, predicted: 1
iter: 10, sample_no: 3, actual label: 0, predicted: 1
iter: 11, sample_no: 51, actual label: 1, predicted: 1
iter: 12, sample_no: 31, actual label: 0, predicted: 1
iter: 13, sample_no: 33, actual label: 0, predicted: 1
iter: 14, sample_no: 19, actual label: 0, predicted: 1
iter: 15, sample_no: 9, actual label: 0, predicted: 1
iter: 16, sample_no: 16, actual label: 0, predicted: 1
iter: 17, sample_no: 13, actual label: 0, predicted: 1
iter: 18, sample_no: 6, actual label: 0, predicted: 1
iter: 19, sample_no: 51, actual label: 1, predicted: 1
iter: 20, sample_no: 16, actual label: 0, predicted: 1
iter: 21, sample_no: 25, actual label: 0, predicted: 1
iter: 22, sample_no: 33, actual label: 0, predicted: 1
iter: 23, sample_no: 4, actual label: 0, predicted: 1
iter: 24, sample_no: 11, actual label: 0, predicted: 1
number of samples: 54
AUC 0.5
pos_get 5
total recall stop_at 1.0
@@@ C - Repeat number: 6
@@@ D - common_header:  {'F3-Block', 'F3-int', 'F71-adelmelle@apache.org', 'F3-PrintRenderer.START_PAGE', 'F71-lfurini@apache.org', 'F71-vhennebert@apache.org', 'F3-double', 'F71-ssteiner@apache.org', 'F110', 'F71-lbernardo@apache.org', 'F126', 'F3-Integer', 'F71-mehdi@apache.org', 'F41', 'F3-cell.getRtfAttributes()', 'F3-Object', 'F77', 'F15-public', 'F105', 'F3-FontTriplet', 'F71-gmazza@apache.org', 'F116', 'F3-TablePart', 'F71-spepping@apache.org', 'F115', 'category', 'F104', 'F71-jeremias@apache.org', 'F3-String', 'F71-pherweg@apache.org', 'F120', 'F15-NA', 'F71-phancock@apache.org', 'F3-Double', 'F117', 'F15-protected', 'F71-keiron@apache.org', 'F3-Long', 'F3-NA', 'F71-vmote@apache.org', 'F3-Float', 'F15-private', 'F3-PercentBaseContext', 'F68', 'F71-acumiskey@apache.org', 'F65', 'F71-rmeyer@apache.org', 'F71-manuel@apache.org', 'F71-cbowditch@apache.org', 'F101', 'F72', 'F71-maxberger@apache.org', 'F123', 'F3-null', 'F3-Constants.EN_STATIC', 'F22', 'F3-Class', 'F71-gadams@apache.org', 'F71-bckfnn@apache.org', 'F3-byte[]', 'F25'}
    F72   F25         ...          F71-lbernardo@apache.org F71-vmote@apache.org
1   986  1143         ...                                 0                    0
2  1347  1672         ...                                 0                    0
3  1653  2144         ...                                 0                    0

[3 rows x 60 columns]
;.;
        F72          ...           F71-vmote@apache.org
0  0.093581          ...                            0.0
1  0.147720          ...                            0.0
2  0.193611          ...                            0.0

[3 rows x 60 columns]
training_x: (923, 60)
training_y: 923
testset_x: (54, 60)
testset_y: 54
              precision    recall  f1-score   support

           0       0.00      0.00      0.00        49
           1       0.09      1.00      0.17         5

    accuracy                           0.09        54
   macro avg       0.05      0.50      0.08        54
weighted avg       0.01      0.09      0.02        54

accuracy: 0.09259259259259259
0.1694915254237288
@@@ tn: 0, fp: 49, fn: 0, tp: 5
@@@ LIME - Creating explainer
@@@ LIME - Random Sampling of Instances
iter: 0, sample_no: 0, actual label: 0, predicted: 1
iter: 1, sample_no: 7, actual label: 0, predicted: 1
iter: 2, sample_no: 6, actual label: 0, predicted: 1
iter: 3, sample_no: 7, actual label: 0, predicted: 1
iter: 4, sample_no: 17, actual label: 0, predicted: 1
iter: 5, sample_no: 13, actual label: 0, predicted: 1
iter: 6, sample_no: 43, actual label: 0, predicted: 1
iter: 7, sample_no: 6, actual label: 0, predicted: 1
iter: 8, sample_no: 29, actual label: 0, predicted: 1
iter: 9, sample_no: 2, actual label: 0, predicted: 1
iter: 10, sample_no: 11, actual label: 0, predicted: 1
iter: 11, sample_no: 40, actual label: 0, predicted: 1
iter: 12, sample_no: 27, actual label: 0, predicted: 1
iter: 13, sample_no: 41, actual label: 0, predicted: 1
iter: 14, sample_no: 45, actual label: 0, predicted: 1
iter: 15, sample_no: 2, actual label: 0, predicted: 1
iter: 16, sample_no: 43, actual label: 0, predicted: 1
iter: 17, sample_no: 42, actual label: 0, predicted: 1
iter: 18, sample_no: 1, actual label: 0, predicted: 1
iter: 19, sample_no: 29, actual label: 0, predicted: 1
iter: 20, sample_no: 25, actual label: 0, predicted: 1
iter: 21, sample_no: 25, actual label: 0, predicted: 1
iter: 22, sample_no: 40, actual label: 0, predicted: 1
iter: 23, sample_no: 1, actual label: 0, predicted: 1
iter: 24, sample_no: 13, actual label: 0, predicted: 1
number of samples: 54
AUC 0.5
pos_get 5
total recall stop_at 1.0
@@@ C - Repeat number: 7
@@@ D - common_header:  {'F3-Block', 'F3-int', 'F71-adelmelle@apache.org', 'F3-PrintRenderer.START_PAGE', 'F71-lfurini@apache.org', 'F71-vhennebert@apache.org', 'F3-double', 'F71-ssteiner@apache.org', 'F110', 'F71-lbernardo@apache.org', 'F126', 'F3-Integer', 'F71-mehdi@apache.org', 'F41', 'F3-cell.getRtfAttributes()', 'F3-Object', 'F77', 'F15-public', 'F105', 'F3-FontTriplet', 'F71-gmazza@apache.org', 'F116', 'F3-TablePart', 'F71-spepping@apache.org', 'F115', 'category', 'F104', 'F71-jeremias@apache.org', 'F3-String', 'F71-pherweg@apache.org', 'F120', 'F15-NA', 'F71-phancock@apache.org', 'F3-Double', 'F117', 'F15-protected', 'F71-keiron@apache.org', 'F3-Long', 'F3-NA', 'F71-vmote@apache.org', 'F3-Float', 'F15-private', 'F3-PercentBaseContext', 'F68', 'F71-acumiskey@apache.org', 'F65', 'F71-rmeyer@apache.org', 'F71-manuel@apache.org', 'F71-cbowditch@apache.org', 'F101', 'F72', 'F71-maxberger@apache.org', 'F123', 'F3-null', 'F3-Constants.EN_STATIC', 'F22', 'F3-Class', 'F71-gadams@apache.org', 'F71-bckfnn@apache.org', 'F3-byte[]', 'F25'}
    F72   F25         ...          F71-lbernardo@apache.org F71-vmote@apache.org
1   986  1143         ...                                 0                    0
2  1347  1672         ...                                 0                    0
3  1653  2144         ...                                 0                    0

[3 rows x 60 columns]
;.;
        F72          ...           F71-vmote@apache.org
0  0.093581          ...                            0.0
1  0.147720          ...                            0.0
2  0.193611          ...                            0.0

[3 rows x 60 columns]
training_x: (923, 60)
training_y: 923
testset_x: (54, 60)
testset_y: 54
              precision    recall  f1-score   support

           0       0.00      0.00      0.00        49
           1       0.09      1.00      0.17         5

    accuracy                           0.09        54
   macro avg       0.05      0.50      0.08        54
weighted avg       0.01      0.09      0.02        54

accuracy: 0.09259259259259259
0.1694915254237288
@@@ tn: 0, fp: 49, fn: 0, tp: 5
@@@ LIME - Creating explainer
@@@ LIME - Random Sampling of Instances
iter: 0, sample_no: 42, actual label: 0, predicted: 1
iter: 1, sample_no: 52, actual label: 1, predicted: 1
iter: 2, sample_no: 32, actual label: 1, predicted: 1
iter: 3, sample_no: 35, actual label: 0, predicted: 1
iter: 4, sample_no: 42, actual label: 0, predicted: 1
iter: 5, sample_no: 38, actual label: 0, predicted: 1
iter: 6, sample_no: 47, actual label: 0, predicted: 1
iter: 7, sample_no: 28, actual label: 1, predicted: 1
iter: 8, sample_no: 6, actual label: 0, predicted: 1
iter: 9, sample_no: 39, actual label: 0, predicted: 1
iter: 10, sample_no: 46, actual label: 0, predicted: 1
iter: 11, sample_no: 30, actual label: 0, predicted: 1
iter: 12, sample_no: 20, actual label: 0, predicted: 1
iter: 13, sample_no: 44, actual label: 0, predicted: 1
iter: 14, sample_no: 32, actual label: 1, predicted: 1
iter: 15, sample_no: 40, actual label: 0, predicted: 1
iter: 16, sample_no: 30, actual label: 0, predicted: 1
iter: 17, sample_no: 43, actual label: 0, predicted: 1
iter: 18, sample_no: 8, actual label: 0, predicted: 1
iter: 19, sample_no: 41, actual label: 0, predicted: 1
iter: 20, sample_no: 45, actual label: 0, predicted: 1
iter: 21, sample_no: 6, actual label: 0, predicted: 1
iter: 22, sample_no: 13, actual label: 0, predicted: 1
iter: 23, sample_no: 4, actual label: 0, predicted: 1
iter: 24, sample_no: 9, actual label: 0, predicted: 1
number of samples: 54
AUC 0.5
pos_get 5
total recall stop_at 1.0
@@@ C - Repeat number: 8
@@@ D - common_header:  {'F3-Block', 'F3-int', 'F71-adelmelle@apache.org', 'F3-PrintRenderer.START_PAGE', 'F71-lfurini@apache.org', 'F71-vhennebert@apache.org', 'F3-double', 'F71-ssteiner@apache.org', 'F110', 'F71-lbernardo@apache.org', 'F126', 'F3-Integer', 'F71-mehdi@apache.org', 'F41', 'F3-cell.getRtfAttributes()', 'F3-Object', 'F77', 'F15-public', 'F105', 'F3-FontTriplet', 'F71-gmazza@apache.org', 'F116', 'F3-TablePart', 'F71-spepping@apache.org', 'F115', 'category', 'F104', 'F71-jeremias@apache.org', 'F3-String', 'F71-pherweg@apache.org', 'F120', 'F15-NA', 'F71-phancock@apache.org', 'F3-Double', 'F117', 'F15-protected', 'F71-keiron@apache.org', 'F3-Long', 'F3-NA', 'F71-vmote@apache.org', 'F3-Float', 'F15-private', 'F3-PercentBaseContext', 'F68', 'F71-acumiskey@apache.org', 'F65', 'F71-rmeyer@apache.org', 'F71-manuel@apache.org', 'F71-cbowditch@apache.org', 'F101', 'F72', 'F71-maxberger@apache.org', 'F123', 'F3-null', 'F3-Constants.EN_STATIC', 'F22', 'F3-Class', 'F71-gadams@apache.org', 'F71-bckfnn@apache.org', 'F3-byte[]', 'F25'}
    F72   F25         ...          F71-lbernardo@apache.org F71-vmote@apache.org
1   986  1143         ...                                 0                    0
2  1347  1672         ...                                 0                    0
3  1653  2144         ...                                 0                    0

[3 rows x 60 columns]
;.;
        F72          ...           F71-vmote@apache.org
0  0.093581          ...                            0.0
1  0.147720          ...                            0.0
2  0.193611          ...                            0.0

[3 rows x 60 columns]
training_x: (923, 60)
training_y: 923
testset_x: (54, 60)
testset_y: 54
              precision    recall  f1-score   support

           0       0.00      0.00      0.00        49
           1       0.09      1.00      0.17         5

    accuracy                           0.09        54
   macro avg       0.05      0.50      0.08        54
weighted avg       0.01      0.09      0.02        54

accuracy: 0.09259259259259259
0.1694915254237288
@@@ tn: 0, fp: 49, fn: 0, tp: 5
@@@ LIME - Creating explainer
@@@ LIME - Random Sampling of Instances
iter: 0, sample_no: 48, actual label: 0, predicted: 1
iter: 1, sample_no: 52, actual label: 1, predicted: 1
iter: 2, sample_no: 3, actual label: 0, predicted: 1
iter: 3, sample_no: 35, actual label: 0, predicted: 1
iter: 4, sample_no: 15, actual label: 0, predicted: 1
iter: 5, sample_no: 46, actual label: 0, predicted: 1
iter: 6, sample_no: 53, actual label: 0, predicted: 1
iter: 7, sample_no: 36, actual label: 0, predicted: 1
iter: 8, sample_no: 49, actual label: 0, predicted: 1
iter: 9, sample_no: 29, actual label: 0, predicted: 1
iter: 10, sample_no: 12, actual label: 0, predicted: 1
iter: 11, sample_no: 28, actual label: 1, predicted: 1
iter: 12, sample_no: 22, actual label: 0, predicted: 1
iter: 13, sample_no: 24, actual label: 0, predicted: 1
iter: 14, sample_no: 25, actual label: 0, predicted: 1
iter: 15, sample_no: 10, actual label: 0, predicted: 1
iter: 16, sample_no: 24, actual label: 0, predicted: 1
iter: 17, sample_no: 3, actual label: 0, predicted: 1
iter: 18, sample_no: 46, actual label: 0, predicted: 1
iter: 19, sample_no: 19, actual label: 0, predicted: 1
iter: 20, sample_no: 28, actual label: 1, predicted: 1
iter: 21, sample_no: 4, actual label: 0, predicted: 1
iter: 22, sample_no: 14, actual label: 0, predicted: 1
iter: 23, sample_no: 35, actual label: 0, predicted: 1
iter: 24, sample_no: 19, actual label: 0, predicted: 1
number of samples: 54
AUC 0.5
pos_get 5
total recall stop_at 1.0
@@@ C - Repeat number: 9
@@@ D - common_header:  {'F3-Block', 'F3-int', 'F71-adelmelle@apache.org', 'F3-PrintRenderer.START_PAGE', 'F71-lfurini@apache.org', 'F71-vhennebert@apache.org', 'F3-double', 'F71-ssteiner@apache.org', 'F110', 'F71-lbernardo@apache.org', 'F126', 'F3-Integer', 'F71-mehdi@apache.org', 'F41', 'F3-cell.getRtfAttributes()', 'F3-Object', 'F77', 'F15-public', 'F105', 'F3-FontTriplet', 'F71-gmazza@apache.org', 'F116', 'F3-TablePart', 'F71-spepping@apache.org', 'F115', 'category', 'F104', 'F71-jeremias@apache.org', 'F3-String', 'F71-pherweg@apache.org', 'F120', 'F15-NA', 'F71-phancock@apache.org', 'F3-Double', 'F117', 'F15-protected', 'F71-keiron@apache.org', 'F3-Long', 'F3-NA', 'F71-vmote@apache.org', 'F3-Float', 'F15-private', 'F3-PercentBaseContext', 'F68', 'F71-acumiskey@apache.org', 'F65', 'F71-rmeyer@apache.org', 'F71-manuel@apache.org', 'F71-cbowditch@apache.org', 'F101', 'F72', 'F71-maxberger@apache.org', 'F123', 'F3-null', 'F3-Constants.EN_STATIC', 'F22', 'F3-Class', 'F71-gadams@apache.org', 'F71-bckfnn@apache.org', 'F3-byte[]', 'F25'}
    F72   F25         ...          F71-lbernardo@apache.org F71-vmote@apache.org
1   986  1143         ...                                 0                    0
2  1347  1672         ...                                 0                    0
3  1653  2144         ...                                 0                    0

[3 rows x 60 columns]
;.;
        F72          ...           F71-vmote@apache.org
0  0.093581          ...                            0.0
1  0.147720          ...                            0.0
2  0.193611          ...                            0.0

[3 rows x 60 columns]
training_x: (923, 60)
training_y: 923
testset_x: (54, 60)
testset_y: 54
              precision    recall  f1-score   support

           0       0.00      0.00      0.00        49
           1       0.09      1.00      0.17         5

    accuracy                           0.09        54
   macro avg       0.05      0.50      0.08        54
weighted avg       0.01      0.09      0.02        54

accuracy: 0.09259259259259259
0.1694915254237288
@@@ tn: 0, fp: 49, fn: 0, tp: 5
@@@ LIME - Creating explainer
@@@ LIME - Random Sampling of Instances
iter: 0, sample_no: 37, actual label: 0, predicted: 1
iter: 1, sample_no: 22, actual label: 0, predicted: 1
iter: 2, sample_no: 51, actual label: 1, predicted: 1
iter: 3, sample_no: 24, actual label: 0, predicted: 1
iter: 4, sample_no: 48, actual label: 0, predicted: 1
iter: 5, sample_no: 40, actual label: 0, predicted: 1
iter: 6, sample_no: 37, actual label: 0, predicted: 1
iter: 7, sample_no: 50, actual label: 0, predicted: 1
iter: 8, sample_no: 47, actual label: 0, predicted: 1
iter: 9, sample_no: 52, actual label: 1, predicted: 1
iter: 10, sample_no: 16, actual label: 0, predicted: 1
iter: 11, sample_no: 49, actual label: 0, predicted: 1
iter: 12, sample_no: 46, actual label: 0, predicted: 1
iter: 13, sample_no: 34, actual label: 1, predicted: 1
iter: 14, sample_no: 35, actual label: 0, predicted: 1
iter: 15, sample_no: 48, actual label: 0, predicted: 1
iter: 16, sample_no: 43, actual label: 0, predicted: 1
iter: 17, sample_no: 41, actual label: 0, predicted: 1
iter: 18, sample_no: 43, actual label: 0, predicted: 1
iter: 19, sample_no: 19, actual label: 0, predicted: 1
iter: 20, sample_no: 51, actual label: 1, predicted: 1
iter: 21, sample_no: 0, actual label: 0, predicted: 1
iter: 22, sample_no: 22, actual label: 0, predicted: 1
iter: 23, sample_no: 6, actual label: 0, predicted: 1
iter: 24, sample_no: 19, actual label: 0, predicted: 1
number of samples: 54
AUC 0.5
pos_get 5
total recall stop_at 1.0
@@@ C - Repeat number: 10
@@@ D - common_header:  {'F3-Block', 'F3-int', 'F71-adelmelle@apache.org', 'F3-PrintRenderer.START_PAGE', 'F71-lfurini@apache.org', 'F71-vhennebert@apache.org', 'F3-double', 'F71-ssteiner@apache.org', 'F110', 'F71-lbernardo@apache.org', 'F126', 'F3-Integer', 'F71-mehdi@apache.org', 'F41', 'F3-cell.getRtfAttributes()', 'F3-Object', 'F77', 'F15-public', 'F105', 'F3-FontTriplet', 'F71-gmazza@apache.org', 'F116', 'F3-TablePart', 'F71-spepping@apache.org', 'F115', 'category', 'F104', 'F71-jeremias@apache.org', 'F3-String', 'F71-pherweg@apache.org', 'F120', 'F15-NA', 'F71-phancock@apache.org', 'F3-Double', 'F117', 'F15-protected', 'F71-keiron@apache.org', 'F3-Long', 'F3-NA', 'F71-vmote@apache.org', 'F3-Float', 'F15-private', 'F3-PercentBaseContext', 'F68', 'F71-acumiskey@apache.org', 'F65', 'F71-rmeyer@apache.org', 'F71-manuel@apache.org', 'F71-cbowditch@apache.org', 'F101', 'F72', 'F71-maxberger@apache.org', 'F123', 'F3-null', 'F3-Constants.EN_STATIC', 'F22', 'F3-Class', 'F71-gadams@apache.org', 'F71-bckfnn@apache.org', 'F3-byte[]', 'F25'}
    F72   F25         ...          F71-lbernardo@apache.org F71-vmote@apache.org
1   986  1143         ...                                 0                    0
2  1347  1672         ...                                 0                    0
3  1653  2144         ...                                 0                    0

[3 rows x 60 columns]
;.;
        F72          ...           F71-vmote@apache.org
0  0.093581          ...                            0.0
1  0.147720          ...                            0.0
2  0.193611          ...                            0.0

[3 rows x 60 columns]
training_x: (923, 60)
training_y: 923
testset_x: (54, 60)
testset_y: 54
              precision    recall  f1-score   support

           0       0.00      0.00      0.00        49
           1       0.09      1.00      0.17         5

    accuracy                           0.09        54
   macro avg       0.05      0.50      0.08        54
weighted avg       0.01      0.09      0.02        54

accuracy: 0.09259259259259259
0.1694915254237288
@@@ tn: 0, fp: 49, fn: 0, tp: 5
@@@ LIME - Creating explainer
@@@ LIME - Random Sampling of Instances
/Users/author1/anaconda3/lib/python3.6/site-packages/tensorflow/python/framework/dtypes.py:463: FutureWarning: Passing (type, 1) or '1type' as a synonym of type is deprecated; in a future version of numpy, it will be understood as (type, (1,)) / '(1,)type'.
  _np_qint8 = np.dtype([("qint8", np.int8, 1)])
/Users/author1/anaconda3/lib/python3.6/site-packages/tensorflow/python/framework/dtypes.py:464: FutureWarning: Passing (type, 1) or '1type' as a synonym of type is deprecated; in a future version of numpy, it will be understood as (type, (1,)) / '(1,)type'.
  _np_quint8 = np.dtype([("quint8", np.uint8, 1)])
/Users/author1/anaconda3/lib/python3.6/site-packages/tensorflow/python/framework/dtypes.py:465: FutureWarning: Passing (type, 1) or '1type' as a synonym of type is deprecated; in a future version of numpy, it will be understood as (type, (1,)) / '(1,)type'.
  _np_qint16 = np.dtype([("qint16", np.int16, 1)])
/Users/author1/anaconda3/lib/python3.6/site-packages/tensorflow/python/framework/dtypes.py:466: FutureWarning: Passing (type, 1) or '1type' as a synonym of type is deprecated; in a future version of numpy, it will be understood as (type, (1,)) / '(1,)type'.
  _np_quint16 = np.dtype([("quint16", np.uint16, 1)])
/Users/author1/anaconda3/lib/python3.6/site-packages/tensorflow/python/framework/dtypes.py:467: FutureWarning: Passing (type, 1) or '1type' as a synonym of type is deprecated; in a future version of numpy, it will be understood as (type, (1,)) / '(1,)type'.
  _np_qint32 = np.dtype([("qint32", np.int32, 1)])
Precision and F-score are ill-defined and being set to 0.0 in labels with no predicted samples. Use `zero_division` parameter to control this behavior.
Precision and F-score are ill-defined and being set to 0.0 in labels with no predicted samples. Use `zero_division` parameter to control this behavior.
Precision and F-score are ill-defined and being set to 0.0 in labels with no predicted samples. Use `zero_division` parameter to control this behavior.
Precision and F-score are ill-defined and being set to 0.0 in labels with no predicted samples. Use `zero_division` parameter to control this behavior.
Precision and F-score are ill-defined and being set to 0.0 in labels with no predicted samples. Use `zero_division` parameter to control this behavior.
Precision and F-score are ill-defined and being set to 0.0 in labels with no predicted samples. Use `zero_division` parameter to control this behavior.
Precision and F-score are ill-defined and being set to 0.0 in labels with no predicted samples. Use `zero_division` parameter to control this behavior.
Precision and F-score are ill-defined and being set to 0.0 in labels with no predicted samples. Use `zero_division` parameter to control this behavior.
Precision and F-score are ill-defined and being set to 0.0 in labels with no predicted samples. Use `zero_division` parameter to control this behavior.
Precision and F-score are ill-defined and being set to 0.0 in labels with no predicted samples. Use `zero_division` parameter to control this behavior.
iter: 0, sample_no: 53, actual label: 0, predicted: 1
iter: 1, sample_no: 18, actual label: 0, predicted: 1
iter: 2, sample_no: 18, actual label: 0, predicted: 1
iter: 3, sample_no: 11, actual label: 0, predicted: 1
iter: 4, sample_no: 9, actual label: 0, predicted: 1
iter: 5, sample_no: 6, actual label: 0, predicted: 1
iter: 6, sample_no: 9, actual label: 0, predicted: 1
iter: 7, sample_no: 0, actual label: 0, predicted: 1
iter: 8, sample_no: 26, actual label: 0, predicted: 1
iter: 9, sample_no: 20, actual label: 0, predicted: 1
iter: 10, sample_no: 53, actual label: 0, predicted: 1
iter: 11, sample_no: 35, actual label: 0, predicted: 1
iter: 12, sample_no: 28, actual label: 1, predicted: 1
iter: 13, sample_no: 48, actual label: 0, predicted: 1
iter: 14, sample_no: 5, actual label: 0, predicted: 1
iter: 15, sample_no: 32, actual label: 1, predicted: 1
iter: 16, sample_no: 22, actual label: 0, predicted: 1
iter: 17, sample_no: 3, actual label: 0, predicted: 1
iter: 18, sample_no: 6, actual label: 0, predicted: 1
iter: 19, sample_no: 46, actual label: 0, predicted: 1
iter: 20, sample_no: 45, actual label: 0, predicted: 1
iter: 21, sample_no: 21, actual label: 0, predicted: 1
iter: 22, sample_no: 8, actual label: 0, predicted: 1
iter: 23, sample_no: 9, actual label: 0, predicted: 1
iter: 24, sample_no: 43, actual label: 0, predicted: 1
number of samples: 54
AUC 0.5
pos_get 5
total recall stop_at 1.0
----------threshold stop at----------: 1
AUC [0.5, 0.5, 0.5, 0.5, 0.5, 0.5, 0.5, 0.5, 0.5, 0.5]
AUC_median 0.5
AUC_iqr 0.0
cost [0.9444444444444444, 0.9444444444444444, 0.9444444444444444, 0.9444444444444444, 0.9444444444444444, 0.9444444444444444, 0.9444444444444444, 0.9444444444444444, 0.9444444444444444, 0.9444444444444444]
COST_med 0.9444444444444444
COST_iqr 0.0
f1_pos_list [0.1694915254237288, 0.1694915254237288, 0.1694915254237288, 0.1694915254237288, 0.1694915254237288, 0.1694915254237288, 0.1694915254237288, 0.1694915254237288, 0.1694915254237288, 0.1694915254237288]
f1_pos_med 0.1694915254237288
