@@@ A - classifier: DummyClassifier(constant=1, random_state=None, strategy='constant')
@@@ B - threshold stop at: 1
@@@ C - Repeat number: 1
@@@ D - common_header:  {'F71-shalin@apache.org', 'F3-Among[]', 'F71-sarowe@apache.org', 'F3-long', 'F3-byte[]', 'F115', 'F3-int', 'F123', 'F71-buschmi@apache.org', 'F3-OutputStream', 'F3-char[]', 'F15-private', 'F71-uschindler@apache.org', 'F77', 'F15-public', 'F71-noble@apache.org', 'F3-String', 'F3-Class', 'F110', 'F22', 'F71-hossman@apache.org', 'F15-NA', 'F71-chrism@apache.org', 'F71-rmuir@apache.org', 'F104', 'F71-gsingers@apache.org', 'F71-simonw@apache.org', 'F3-CharSequence', 'F3-FileInputStream', 'F101', 'F116', 'F117', 'F65', 'F71-erick@apache.org', 'F71-ryan@apache.org', 'F3-CharStream', 'F3-NA', 'F71-markrmiller@apache.org', 'F72', 'F120', 'F105', 'F3-char', 'F3-getBoost()', 'F25', 'F71-shaie@apache.org', 'F71-mikemccand@apache.org', 'F126', 'F15-protected', 'F3-Bits', 'F3-int[]', 'F68', 'F3-boolean', 'F41', 'F71-ehatcher@apache.org', 'category', 'F71-yonik@apache.org'}
     F72            ...            F71-uschindler@apache.org
1  12763            ...                                    1
2  12763            ...                                    1
3  26421            ...                                    1

[3 rows x 55 columns]
;.;
        F72            ...              F71-uschindler@apache.org
0  0.125552            ...                                    1.0
1  0.125552            ...                                    1.0
2  1.000000            ...                                    1.0

[3 rows x 55 columns]
training_x: (2138, 55)
training_y: 2138
testset_x: (993, 55)
testset_y: 993
              precision    recall  f1-score   support

           0       0.00      0.00      0.00       507
           1       0.49      1.00      0.66       486

    accuracy                           0.49       993
   macro avg       0.24      0.50      0.33       993
weighted avg       0.24      0.49      0.32       993

accuracy: 0.48942598187311176
0.6572008113590264
@@@ tn: 0, fp: 507, fn: 0, tp: 486
@@@ LIME - Creating explainer
@@@ LIME - Random Sampling of Instances
iter: 0, sample_no: 836, actual label: 0, predicted: 1
iter: 1, sample_no: 581, actual label: 1, predicted: 1
iter: 2, sample_no: 63, actual label: 0, predicted: 1
iter: 3, sample_no: 743, actual label: 0, predicted: 1
iter: 4, sample_no: 710, actual label: 1, predicted: 1
iter: 5, sample_no: 602, actual label: 0, predicted: 1
iter: 6, sample_no: 24, actual label: 0, predicted: 1
iter: 7, sample_no: 204, actual label: 1, predicted: 1
iter: 8, sample_no: 858, actual label: 0, predicted: 1
iter: 9, sample_no: 493, actual label: 0, predicted: 1
iter: 10, sample_no: 778, actual label: 0, predicted: 1
iter: 11, sample_no: 142, actual label: 1, predicted: 1
iter: 12, sample_no: 99, actual label: 1, predicted: 1
iter: 13, sample_no: 436, actual label: 0, predicted: 1
iter: 14, sample_no: 103, actual label: 1, predicted: 1
iter: 15, sample_no: 319, actual label: 0, predicted: 1
iter: 16, sample_no: 581, actual label: 1, predicted: 1
iter: 17, sample_no: 527, actual label: 1, predicted: 1
iter: 18, sample_no: 558, actual label: 1, predicted: 1
iter: 19, sample_no: 607, actual label: 0, predicted: 1
iter: 20, sample_no: 624, actual label: 0, predicted: 1
iter: 21, sample_no: 113, actual label: 0, predicted: 1
iter: 22, sample_no: 256, actual label: 1, predicted: 1
iter: 23, sample_no: 6, actual label: 0, predicted: 1
iter: 24, sample_no: 342, actual label: 0, predicted: 1
number of samples: 993
AUC 0.5
pos_get 486
total recall stop_at 1
@@@ C - Repeat number: 2
@@@ D - common_header:  {'F71-shalin@apache.org', 'F3-Among[]', 'F71-sarowe@apache.org', 'F3-long', 'F3-byte[]', 'F115', 'F3-int', 'F123', 'F71-buschmi@apache.org', 'F3-OutputStream', 'F3-char[]', 'F15-private', 'F71-uschindler@apache.org', 'F77', 'F15-public', 'F71-noble@apache.org', 'F3-String', 'F3-Class', 'F110', 'F22', 'F71-hossman@apache.org', 'F15-NA', 'F71-chrism@apache.org', 'F71-rmuir@apache.org', 'F104', 'F71-gsingers@apache.org', 'F71-simonw@apache.org', 'F3-CharSequence', 'F3-FileInputStream', 'F101', 'F116', 'F117', 'F65', 'F71-erick@apache.org', 'F71-ryan@apache.org', 'F3-CharStream', 'F3-NA', 'F71-markrmiller@apache.org', 'F72', 'F120', 'F105', 'F3-char', 'F3-getBoost()', 'F25', 'F71-shaie@apache.org', 'F71-mikemccand@apache.org', 'F126', 'F15-protected', 'F3-Bits', 'F3-int[]', 'F68', 'F3-boolean', 'F41', 'F71-ehatcher@apache.org', 'category', 'F71-yonik@apache.org'}
     F72            ...            F71-uschindler@apache.org
1  12763            ...                                    1
2  12763            ...                                    1
3  26421            ...                                    1

[3 rows x 55 columns]
;.;
        F72            ...              F71-uschindler@apache.org
0  0.125552            ...                                    1.0
1  0.125552            ...                                    1.0
2  1.000000            ...                                    1.0

[3 rows x 55 columns]
training_x: (2138, 55)
training_y: 2138
testset_x: (993, 55)
testset_y: 993
              precision    recall  f1-score   support

           0       0.00      0.00      0.00       507
           1       0.49      1.00      0.66       486

    accuracy                           0.49       993
   macro avg       0.24      0.50      0.33       993
weighted avg       0.24      0.49      0.32       993

accuracy: 0.48942598187311176
0.6572008113590264
@@@ tn: 0, fp: 507, fn: 0, tp: 486
@@@ LIME - Creating explainer
@@@ LIME - Random Sampling of Instances
iter: 0, sample_no: 788, actual label: 1, predicted: 1
iter: 1, sample_no: 623, actual label: 1, predicted: 1
iter: 2, sample_no: 718, actual label: 0, predicted: 1
iter: 3, sample_no: 14, actual label: 0, predicted: 1
iter: 4, sample_no: 868, actual label: 1, predicted: 1
iter: 5, sample_no: 771, actual label: 0, predicted: 1
iter: 6, sample_no: 586, actual label: 1, predicted: 1
iter: 7, sample_no: 469, actual label: 1, predicted: 1
iter: 8, sample_no: 20, actual label: 0, predicted: 1
iter: 9, sample_no: 810, actual label: 1, predicted: 1
iter: 10, sample_no: 980, actual label: 1, predicted: 1
iter: 11, sample_no: 595, actual label: 1, predicted: 1
iter: 12, sample_no: 150, actual label: 1, predicted: 1
iter: 13, sample_no: 174, actual label: 0, predicted: 1
iter: 14, sample_no: 651, actual label: 0, predicted: 1
iter: 15, sample_no: 694, actual label: 1, predicted: 1
iter: 16, sample_no: 645, actual label: 0, predicted: 1
iter: 17, sample_no: 305, actual label: 0, predicted: 1
iter: 18, sample_no: 425, actual label: 1, predicted: 1
iter: 19, sample_no: 0, actual label: 1, predicted: 1
iter: 20, sample_no: 359, actual label: 1, predicted: 1
iter: 21, sample_no: 765, actual label: 0, predicted: 1
iter: 22, sample_no: 627, actual label: 0, predicted: 1
iter: 23, sample_no: 897, actual label: 0, predicted: 1
iter: 24, sample_no: 217, actual label: 1, predicted: 1
number of samples: 993
AUC 0.5
pos_get 486
total recall stop_at 1
@@@ C - Repeat number: 3
@@@ D - common_header:  {'F71-shalin@apache.org', 'F3-Among[]', 'F71-sarowe@apache.org', 'F3-long', 'F3-byte[]', 'F115', 'F3-int', 'F123', 'F71-buschmi@apache.org', 'F3-OutputStream', 'F3-char[]', 'F15-private', 'F71-uschindler@apache.org', 'F77', 'F15-public', 'F71-noble@apache.org', 'F3-String', 'F3-Class', 'F110', 'F22', 'F71-hossman@apache.org', 'F15-NA', 'F71-chrism@apache.org', 'F71-rmuir@apache.org', 'F104', 'F71-gsingers@apache.org', 'F71-simonw@apache.org', 'F3-CharSequence', 'F3-FileInputStream', 'F101', 'F116', 'F117', 'F65', 'F71-erick@apache.org', 'F71-ryan@apache.org', 'F3-CharStream', 'F3-NA', 'F71-markrmiller@apache.org', 'F72', 'F120', 'F105', 'F3-char', 'F3-getBoost()', 'F25', 'F71-shaie@apache.org', 'F71-mikemccand@apache.org', 'F126', 'F15-protected', 'F3-Bits', 'F3-int[]', 'F68', 'F3-boolean', 'F41', 'F71-ehatcher@apache.org', 'category', 'F71-yonik@apache.org'}
     F72            ...            F71-uschindler@apache.org
1  12763            ...                                    1
2  12763            ...                                    1
3  26421            ...                                    1

[3 rows x 55 columns]
;.;
        F72            ...              F71-uschindler@apache.org
0  0.125552            ...                                    1.0
1  0.125552            ...                                    1.0
2  1.000000            ...                                    1.0

[3 rows x 55 columns]
training_x: (2138, 55)
training_y: 2138
testset_x: (993, 55)
testset_y: 993
              precision    recall  f1-score   support

           0       0.00      0.00      0.00       507
           1       0.49      1.00      0.66       486

    accuracy                           0.49       993
   macro avg       0.24      0.50      0.33       993
weighted avg       0.24      0.49      0.32       993

accuracy: 0.48942598187311176
0.6572008113590264
@@@ tn: 0, fp: 507, fn: 0, tp: 486
@@@ LIME - Creating explainer
@@@ LIME - Random Sampling of Instances
iter: 0, sample_no: 971, actual label: 1, predicted: 1
iter: 1, sample_no: 250, actual label: 1, predicted: 1
iter: 2, sample_no: 210, actual label: 1, predicted: 1
iter: 3, sample_no: 849, actual label: 1, predicted: 1
iter: 4, sample_no: 356, actual label: 1, predicted: 1
iter: 5, sample_no: 65, actual label: 0, predicted: 1
iter: 6, sample_no: 264, actual label: 1, predicted: 1
iter: 7, sample_no: 363, actual label: 0, predicted: 1
iter: 8, sample_no: 323, actual label: 1, predicted: 1
iter: 9, sample_no: 924, actual label: 1, predicted: 1
iter: 10, sample_no: 811, actual label: 0, predicted: 1
iter: 11, sample_no: 706, actual label: 0, predicted: 1
iter: 12, sample_no: 196, actual label: 1, predicted: 1
iter: 13, sample_no: 245, actual label: 1, predicted: 1
iter: 14, sample_no: 486, actual label: 1, predicted: 1
iter: 15, sample_no: 740, actual label: 0, predicted: 1
iter: 16, sample_no: 774, actual label: 0, predicted: 1
iter: 17, sample_no: 180, actual label: 1, predicted: 1
iter: 18, sample_no: 325, actual label: 0, predicted: 1
iter: 19, sample_no: 935, actual label: 0, predicted: 1
iter: 20, sample_no: 917, actual label: 0, predicted: 1
iter: 21, sample_no: 807, actual label: 1, predicted: 1
iter: 22, sample_no: 104, actual label: 0, predicted: 1
iter: 23, sample_no: 531, actual label: 1, predicted: 1
iter: 24, sample_no: 391, actual label: 1, predicted: 1
number of samples: 993
AUC 0.5
pos_get 486
total recall stop_at 1
@@@ C - Repeat number: 4
@@@ D - common_header:  {'F71-shalin@apache.org', 'F3-Among[]', 'F71-sarowe@apache.org', 'F3-long', 'F3-byte[]', 'F115', 'F3-int', 'F123', 'F71-buschmi@apache.org', 'F3-OutputStream', 'F3-char[]', 'F15-private', 'F71-uschindler@apache.org', 'F77', 'F15-public', 'F71-noble@apache.org', 'F3-String', 'F3-Class', 'F110', 'F22', 'F71-hossman@apache.org', 'F15-NA', 'F71-chrism@apache.org', 'F71-rmuir@apache.org', 'F104', 'F71-gsingers@apache.org', 'F71-simonw@apache.org', 'F3-CharSequence', 'F3-FileInputStream', 'F101', 'F116', 'F117', 'F65', 'F71-erick@apache.org', 'F71-ryan@apache.org', 'F3-CharStream', 'F3-NA', 'F71-markrmiller@apache.org', 'F72', 'F120', 'F105', 'F3-char', 'F3-getBoost()', 'F25', 'F71-shaie@apache.org', 'F71-mikemccand@apache.org', 'F126', 'F15-protected', 'F3-Bits', 'F3-int[]', 'F68', 'F3-boolean', 'F41', 'F71-ehatcher@apache.org', 'category', 'F71-yonik@apache.org'}
     F72            ...            F71-uschindler@apache.org
1  12763            ...                                    1
2  12763            ...                                    1
3  26421            ...                                    1

[3 rows x 55 columns]
;.;
        F72            ...              F71-uschindler@apache.org
0  0.125552            ...                                    1.0
1  0.125552            ...                                    1.0
2  1.000000            ...                                    1.0

[3 rows x 55 columns]
training_x: (2138, 55)
training_y: 2138
testset_x: (993, 55)
testset_y: 993
              precision    recall  f1-score   support

           0       0.00      0.00      0.00       507
           1       0.49      1.00      0.66       486

    accuracy                           0.49       993
   macro avg       0.24      0.50      0.33       993
weighted avg       0.24      0.49      0.32       993

accuracy: 0.48942598187311176
0.6572008113590264
@@@ tn: 0, fp: 507, fn: 0, tp: 486
@@@ LIME - Creating explainer
@@@ LIME - Random Sampling of Instances
iter: 0, sample_no: 189, actual label: 0, predicted: 1
iter: 1, sample_no: 461, actual label: 1, predicted: 1
iter: 2, sample_no: 903, actual label: 0, predicted: 1
iter: 3, sample_no: 841, actual label: 1, predicted: 1
iter: 4, sample_no: 674, actual label: 1, predicted: 1
iter: 5, sample_no: 985, actual label: 0, predicted: 1
iter: 6, sample_no: 356, actual label: 1, predicted: 1
iter: 7, sample_no: 357, actual label: 1, predicted: 1
iter: 8, sample_no: 210, actual label: 1, predicted: 1
iter: 9, sample_no: 64, actual label: 0, predicted: 1
iter: 10, sample_no: 865, actual label: 0, predicted: 1
iter: 11, sample_no: 585, actual label: 1, predicted: 1
iter: 12, sample_no: 68, actual label: 1, predicted: 1
iter: 13, sample_no: 103, actual label: 1, predicted: 1
iter: 14, sample_no: 318, actual label: 0, predicted: 1
iter: 15, sample_no: 505, actual label: 1, predicted: 1
iter: 16, sample_no: 578, actual label: 1, predicted: 1
iter: 17, sample_no: 972, actual label: 1, predicted: 1
iter: 18, sample_no: 20, actual label: 0, predicted: 1
iter: 19, sample_no: 320, actual label: 0, predicted: 1
iter: 20, sample_no: 527, actual label: 1, predicted: 1
iter: 21, sample_no: 132, actual label: 1, predicted: 1
iter: 22, sample_no: 620, actual label: 0, predicted: 1
iter: 23, sample_no: 603, actual label: 0, predicted: 1
iter: 24, sample_no: 99, actual label: 1, predicted: 1
number of samples: 993
AUC 0.5
pos_get 486
total recall stop_at 1
@@@ C - Repeat number: 5
/Users/author1/anaconda3/lib/python3.6/site-packages/tensorflow/python/framework/dtypes.py:463: FutureWarning: Passing (type, 1) or '1type' as a synonym of type is deprecated; in a future version of numpy, it will be understood as (type, (1,)) / '(1,)type'.
  _np_qint8 = np.dtype([("qint8", np.int8, 1)])
/Users/author1/anaconda3/lib/python3.6/site-packages/tensorflow/python/framework/dtypes.py:464: FutureWarning: Passing (type, 1) or '1type' as a synonym of type is deprecated; in a future version of numpy, it will be understood as (type, (1,)) / '(1,)type'.
  _np_quint8 = np.dtype([("quint8", np.uint8, 1)])
/Users/author1/anaconda3/lib/python3.6/site-packages/tensorflow/python/framework/dtypes.py:465: FutureWarning: Passing (type, 1) or '1type' as a synonym of type is deprecated; in a future version of numpy, it will be understood as (type, (1,)) / '(1,)type'.
  _np_qint16 = np.dtype([("qint16", np.int16, 1)])
/Users/author1/anaconda3/lib/python3.6/site-packages/tensorflow/python/framework/dtypes.py:466: FutureWarning: Passing (type, 1) or '1type' as a synonym of type is deprecated; in a future version of numpy, it will be understood as (type, (1,)) / '(1,)type'.
  _np_quint16 = np.dtype([("quint16", np.uint16, 1)])
/Users/author1/anaconda3/lib/python3.6/site-packages/tensorflow/python/framework/dtypes.py:467: FutureWarning: Passing (type, 1) or '1type' as a synonym of type is deprecated; in a future version of numpy, it will be understood as (type, (1,)) / '(1,)type'.
  _np_qint32 = np.dtype([("qint32", np.int32, 1)])
Columns (1,4,5,6,7,8,9,10,11,12,13,14,15,16,17,18,19,20,21,22,23,24,25,26,27,28,29,30,31,32,33,34,35,36,37,38,39,40,41,42,43,44,45,46,47,48,49,50,51,52,53,54,55,56,57,58,59,60,61,62,63,64,65,66,67,68,69,70,71,72,73,74,75,76,77,78,79,80,81,82,83,84,85,86,87,88,89,90,91,92,93,94,95,96,97,98,99,100,101,102,103,104,105,106,107,108,109,110,111,112,113,114,115,116,117,118,119,120,121,122,123,124,125,126,127,128,129,130,131,132,133,134,135,136,137,138,139,140,141,142,143,144,145,146,147,148,149,150,151,152,153,154,155,156,157,158,159,160,161,162,163,164,165,166,167,168,169,170,171,172,173,174,175,176,177,178,179,180,181,182,183,184,185,186,187,188,189,190,191,192,193,194,195,196,197,198,199,200,201,202,203,204,205,206,207,208,209,210,211,212,213,214,215,216,217,218,219,220,221,222,223,224,225,226,227,228,229,230,231,232,233,234,235,236,237,238,239,240,241,242,243,244,245,246,247,248,249,250,251,252,253,254,255,256,257,258,259,260,261,262,263,264,265,266,267,268,269,270,271,272,273,274,275,276,277,278,279,280,282,284,285,286,287,288,289,290,291,292,293,294,295,296,297,298,299,300,301,302,303,304,305,306,307,308,309,310,311,312,313,314,315,316,317,318,319,320,321,322,323,324,325,326,327,328,329,330,331,332,333,334,335,336,337,338,339,340,341,342,343,344,345,346,347,348,349,350,351,352,353) have mixed types. Specify dtype option on import or set low_memory=False.
Precision and F-score are ill-defined and being set to 0.0 in labels with no predicted samples. Use `zero_division` parameter to control this behavior.
Columns (1,4,5,6,7,8,9,10,11,12,13,14,15,16,17,18,19,20,21,22,23,24,25,26,27,28,29,30,31,32,33,34,35,36,37,38,39,40,41,42,43,44,45,46,47,48,49,50,51,52,53,54,55,56,57,58,59,60,61,62,63,64,65,66,67,68,69,70,71,72,73,74,75,76,77,78,79,80,81,82,83,84,85,86,87,88,89,90,91,92,93,94,95,96,97,98,99,100,101,102,103,104,105,106,107,108,109,110,111,112,113,114,115,116,117,118,119,120,121,122,123,124,125,126,127,128,129,130,131,132,133,134,135,136,137,138,139,140,141,142,143,144,145,146,147,148,149,150,151,152,153,154,155,156,157,158,159,160,161,162,163,164,165,166,167,168,169,170,171,172,173,174,175,176,177,178,179,180,181,182,183,184,185,186,187,188,189,190,191,192,193,194,195,196,197,198,199,200,201,202,203,204,205,206,207,208,209,210,211,212,213,214,215,216,217,218,219,220,221,222,223,224,225,226,227,228,229,230,231,232,233,234,235,236,237,238,239,240,241,242,243,244,245,246,247,248,249,250,251,252,253,254,255,256,257,258,259,260,261,262,263,264,265,266,267,268,269,270,271,272,273,274,275,276,277,278,279,280,282,284,285,286,287,288,289,290,291,292,293,294,295,296,297,298,299,300,301,302,303,304,305,306,307,308,309,310,311,312,313,314,315,316,317,318,319,320,321,322,323,324,325,326,327,328,329,330,331,332,333,334,335,336,337,338,339,340,341,342,343,344,345,346,347,348,349,350,351,352,353) have mixed types. Specify dtype option on import or set low_memory=False.
Precision and F-score are ill-defined and being set to 0.0 in labels with no predicted samples. Use `zero_division` parameter to control this behavior.
Columns (1,4,5,6,7,8,9,10,11,12,13,14,15,16,17,18,19,20,21,22,23,24,25,26,27,28,29,30,31,32,33,34,35,36,37,38,39,40,41,42,43,44,45,46,47,48,49,50,51,52,53,54,55,56,57,58,59,60,61,62,63,64,65,66,67,68,69,70,71,72,73,74,75,76,77,78,79,80,81,82,83,84,85,86,87,88,89,90,91,92,93,94,95,96,97,98,99,100,101,102,103,104,105,106,107,108,109,110,111,112,113,114,115,116,117,118,119,120,121,122,123,124,125,126,127,128,129,130,131,132,133,134,135,136,137,138,139,140,141,142,143,144,145,146,147,148,149,150,151,152,153,154,155,156,157,158,159,160,161,162,163,164,165,166,167,168,169,170,171,172,173,174,175,176,177,178,179,180,181,182,183,184,185,186,187,188,189,190,191,192,193,194,195,196,197,198,199,200,201,202,203,204,205,206,207,208,209,210,211,212,213,214,215,216,217,218,219,220,221,222,223,224,225,226,227,228,229,230,231,232,233,234,235,236,237,238,239,240,241,242,243,244,245,246,247,248,249,250,251,252,253,254,255,256,257,258,259,260,261,262,263,264,265,266,267,268,269,270,271,272,273,274,275,276,277,278,279,280,282,284,285,286,287,288,289,290,291,292,293,294,295,296,297,298,299,300,301,302,303,304,305,306,307,308,309,310,311,312,313,314,315,316,317,318,319,320,321,322,323,324,325,326,327,328,329,330,331,332,333,334,335,336,337,338,339,340,341,342,343,344,345,346,347,348,349,350,351,352,353) have mixed types. Specify dtype option on import or set low_memory=False.
Precision and F-score are ill-defined and being set to 0.0 in labels with no predicted samples. Use `zero_division` parameter to control this behavior.
Columns (1,4,5,6,7,8,9,10,11,12,13,14,15,16,17,18,19,20,21,22,23,24,25,26,27,28,29,30,31,32,33,34,35,36,37,38,39,40,41,42,43,44,45,46,47,48,49,50,51,52,53,54,55,56,57,58,59,60,61,62,63,64,65,66,67,68,69,70,71,72,73,74,75,76,77,78,79,80,81,82,83,84,85,86,87,88,89,90,91,92,93,94,95,96,97,98,99,100,101,102,103,104,105,106,107,108,109,110,111,112,113,114,115,116,117,118,119,120,121,122,123,124,125,126,127,128,129,130,131,132,133,134,135,136,137,138,139,140,141,142,143,144,145,146,147,148,149,150,151,152,153,154,155,156,157,158,159,160,161,162,163,164,165,166,167,168,169,170,171,172,173,174,175,176,177,178,179,180,181,182,183,184,185,186,187,188,189,190,191,192,193,194,195,196,197,198,199,200,201,202,203,204,205,206,207,208,209,210,211,212,213,214,215,216,217,218,219,220,221,222,223,224,225,226,227,228,229,230,231,232,233,234,235,236,237,238,239,240,241,242,243,244,245,246,247,248,249,250,251,252,253,254,255,256,257,258,259,260,261,262,263,264,265,266,267,268,269,270,271,272,273,274,275,276,277,278,279,280,282,284,285,286,287,288,289,290,291,292,293,294,295,296,297,298,299,300,301,302,303,304,305,306,307,308,309,310,311,312,313,314,315,316,317,318,319,320,321,322,323,324,325,326,327,328,329,330,331,332,333,334,335,336,337,338,339,340,341,342,343,344,345,346,347,348,349,350,351,352,353) have mixed types. Specify dtype option on import or set low_memory=False.
Precision and F-score are ill-defined and being set to 0.0 in labels with no predicted samples. Use `zero_division` parameter to control this behavior.
Columns (1,4,5,6,7,8,9,10,11,12,13,14,15,16,17,18,19,20,21,22,23,24,25,26,27,28,29,30,31,32,33,34,35,36,37,38,39,40,41,42,43,44,45,46,47,48,49,50,51,52,53,54,55,56,57,58,59,60,61,62,63,64,65,66,67,68,69,70,71,72,73,74,75,76,77,78,79,80,81,82,83,84,85,86,87,88,89,90,91,92,93,94,95,96,97,98,99,100,101,102,103,104,105,106,107,108,109,110,111,112,113,114,115,116,117,118,119,120,121,122,123,124,125,126,127,128,129,130,131,132,133,134,135,136,137,138,139,140,141,142,143,144,145,146,147,148,149,150,151,152,153,154,155,156,157,158,159,160,161,162,163,164,165,166,167,168,169,170,171,172,173,174,175,176,177,178,179,180,181,182,183,184,185,186,187,188,189,190,191,192,193,194,195,196,197,198,199,200,201,202,203,204,205,206,207,208,209,210,211,212,213,214,215,216,217,218,219,220,221,222,223,224,225,226,227,228,229,230,231,232,233,234,235,236,237,238,239,240,241,242,243,244,245,246,247,248,249,250,251,252,253,254,255,256,257,258,259,260,261,262,263,264,265,266,267,268,269,270,271,272,273,274,275,276,277,278,279,280,282,284,285,286,287,288,289,290,291,292,293,294,295,296,297,298,299,300,301,302,303,304,305,306,307,308,309,310,311,312,313,314,315,316,317,318,319,320,321,322,323,324,325,326,327,328,329,330,331,332,333,334,335,336,337,338,339,340,341,342,343,344,345,346,347,348,349,350,351,352,353) have mixed types. Specify dtype option on import or set low_memory=False.
@@@ D - common_header:  {'F71-shalin@apache.org', 'F3-Among[]', 'F71-sarowe@apache.org', 'F3-long', 'F3-byte[]', 'F115', 'F3-int', 'F123', 'F71-buschmi@apache.org', 'F3-OutputStream', 'F3-char[]', 'F15-private', 'F71-uschindler@apache.org', 'F77', 'F15-public', 'F71-noble@apache.org', 'F3-String', 'F3-Class', 'F110', 'F22', 'F71-hossman@apache.org', 'F15-NA', 'F71-chrism@apache.org', 'F71-rmuir@apache.org', 'F104', 'F71-gsingers@apache.org', 'F71-simonw@apache.org', 'F3-CharSequence', 'F3-FileInputStream', 'F101', 'F116', 'F117', 'F65', 'F71-erick@apache.org', 'F71-ryan@apache.org', 'F3-CharStream', 'F3-NA', 'F71-markrmiller@apache.org', 'F72', 'F120', 'F105', 'F3-char', 'F3-getBoost()', 'F25', 'F71-shaie@apache.org', 'F71-mikemccand@apache.org', 'F126', 'F15-protected', 'F3-Bits', 'F3-int[]', 'F68', 'F3-boolean', 'F41', 'F71-ehatcher@apache.org', 'category', 'F71-yonik@apache.org'}
     F72            ...            F71-uschindler@apache.org
1  12763            ...                                    1
2  12763            ...                                    1
3  26421            ...                                    1

[3 rows x 55 columns]
;.;
        F72            ...              F71-uschindler@apache.org
0  0.125552            ...                                    1.0
1  0.125552            ...                                    1.0
2  1.000000            ...                                    1.0

[3 rows x 55 columns]
training_x: (2138, 55)
training_y: 2138
testset_x: (993, 55)
testset_y: 993
              precision    recall  f1-score   support

           0       0.00      0.00      0.00       507
           1       0.49      1.00      0.66       486

    accuracy                           0.49       993
   macro avg       0.24      0.50      0.33       993
weighted avg       0.24      0.49      0.32       993

accuracy: 0.48942598187311176
0.6572008113590264
@@@ tn: 0, fp: 507, fn: 0, tp: 486
@@@ LIME - Creating explainer
@@@ LIME - Random Sampling of Instances
iter: 0, sample_no: 135, actual label: 1, predicted: 1
iter: 1, sample_no: 95, actual label: 1, predicted: 1
iter: 2, sample_no: 666, actual label: 0, predicted: 1
iter: 3, sample_no: 452, actual label: 1, predicted: 1
iter: 4, sample_no: 74, actual label: 0, predicted: 1
iter: 5, sample_no: 573, actual label: 0, predicted: 1
iter: 6, sample_no: 879, actual label: 0, predicted: 1
iter: 7, sample_no: 950, actual label: 1, predicted: 1
iter: 8, sample_no: 411, actual label: 0, predicted: 1
iter: 9, sample_no: 909, actual label: 0, predicted: 1
iter: 10, sample_no: 340, actual label: 0, predicted: 1
iter: 11, sample_no: 824, actual label: 0, predicted: 1
iter: 12, sample_no: 139, actual label: 1, predicted: 1
iter: 13, sample_no: 986, actual label: 0, predicted: 1
iter: 14, sample_no: 617, actual label: 1, predicted: 1
iter: 15, sample_no: 705, actual label: 0, predicted: 1
iter: 16, sample_no: 15, actual label: 0, predicted: 1
iter: 17, sample_no: 748, actual label: 1, predicted: 1
iter: 18, sample_no: 633, actual label: 0, predicted: 1
iter: 19, sample_no: 40, actual label: 0, predicted: 1
iter: 20, sample_no: 893, actual label: 0, predicted: 1
iter: 21, sample_no: 161, actual label: 1, predicted: 1
iter: 22, sample_no: 270, actual label: 0, predicted: 1
iter: 23, sample_no: 572, actual label: 0, predicted: 1
iter: 24, sample_no: 338, actual label: 1, predicted: 1
number of samples: 993
AUC 0.5
pos_get 486
total recall stop_at 1
@@@ C - Repeat number: 6
@@@ D - common_header:  {'F71-shalin@apache.org', 'F3-Among[]', 'F71-sarowe@apache.org', 'F3-long', 'F3-byte[]', 'F115', 'F3-int', 'F123', 'F71-buschmi@apache.org', 'F3-OutputStream', 'F3-char[]', 'F15-private', 'F71-uschindler@apache.org', 'F77', 'F15-public', 'F71-noble@apache.org', 'F3-String', 'F3-Class', 'F110', 'F22', 'F71-hossman@apache.org', 'F15-NA', 'F71-chrism@apache.org', 'F71-rmuir@apache.org', 'F104', 'F71-gsingers@apache.org', 'F71-simonw@apache.org', 'F3-CharSequence', 'F3-FileInputStream', 'F101', 'F116', 'F117', 'F65', 'F71-erick@apache.org', 'F71-ryan@apache.org', 'F3-CharStream', 'F3-NA', 'F71-markrmiller@apache.org', 'F72', 'F120', 'F105', 'F3-char', 'F3-getBoost()', 'F25', 'F71-shaie@apache.org', 'F71-mikemccand@apache.org', 'F126', 'F15-protected', 'F3-Bits', 'F3-int[]', 'F68', 'F3-boolean', 'F41', 'F71-ehatcher@apache.org', 'category', 'F71-yonik@apache.org'}
     F72            ...            F71-uschindler@apache.org
1  12763            ...                                    1
2  12763            ...                                    1
3  26421            ...                                    1

[3 rows x 55 columns]
;.;
        F72            ...              F71-uschindler@apache.org
0  0.125552            ...                                    1.0
1  0.125552            ...                                    1.0
2  1.000000            ...                                    1.0

[3 rows x 55 columns]
training_x: (2138, 55)
training_y: 2138
testset_x: (993, 55)
testset_y: 993
              precision    recall  f1-score   support

           0       0.00      0.00      0.00       507
           1       0.49      1.00      0.66       486

    accuracy                           0.49       993
   macro avg       0.24      0.50      0.33       993
weighted avg       0.24      0.49      0.32       993

accuracy: 0.48942598187311176
0.6572008113590264
@@@ tn: 0, fp: 507, fn: 0, tp: 486
@@@ LIME - Creating explainer
@@@ LIME - Random Sampling of Instances
iter: 0, sample_no: 512, actual label: 0, predicted: 1
iter: 1, sample_no: 771, actual label: 0, predicted: 1
iter: 2, sample_no: 36, actual label: 1, predicted: 1
iter: 3, sample_no: 413, actual label: 1, predicted: 1
iter: 4, sample_no: 321, actual label: 1, predicted: 1
iter: 5, sample_no: 27, actual label: 0, predicted: 1
iter: 6, sample_no: 825, actual label: 0, predicted: 1
iter: 7, sample_no: 922, actual label: 0, predicted: 1
iter: 8, sample_no: 882, actual label: 0, predicted: 1
iter: 9, sample_no: 808, actual label: 1, predicted: 1
iter: 10, sample_no: 931, actual label: 1, predicted: 1
iter: 11, sample_no: 254, actual label: 1, predicted: 1
iter: 12, sample_no: 489, actual label: 1, predicted: 1
iter: 13, sample_no: 257, actual label: 1, predicted: 1
iter: 14, sample_no: 789, actual label: 0, predicted: 1
iter: 15, sample_no: 53, actual label: 0, predicted: 1
iter: 16, sample_no: 462, actual label: 1, predicted: 1
iter: 17, sample_no: 300, actual label: 0, predicted: 1
iter: 18, sample_no: 736, actual label: 1, predicted: 1
iter: 19, sample_no: 293, actual label: 0, predicted: 1
iter: 20, sample_no: 293, actual label: 0, predicted: 1
iter: 21, sample_no: 243, actual label: 1, predicted: 1
iter: 22, sample_no: 690, actual label: 0, predicted: 1
iter: 23, sample_no: 61, actual label: 0, predicted: 1
iter: 24, sample_no: 755, actual label: 1, predicted: 1
number of samples: 993
AUC 0.5
pos_get 486
total recall stop_at 1
@@@ C - Repeat number: 7
@@@ D - common_header:  {'F71-shalin@apache.org', 'F3-Among[]', 'F71-sarowe@apache.org', 'F3-long', 'F3-byte[]', 'F115', 'F3-int', 'F123', 'F71-buschmi@apache.org', 'F3-OutputStream', 'F3-char[]', 'F15-private', 'F71-uschindler@apache.org', 'F77', 'F15-public', 'F71-noble@apache.org', 'F3-String', 'F3-Class', 'F110', 'F22', 'F71-hossman@apache.org', 'F15-NA', 'F71-chrism@apache.org', 'F71-rmuir@apache.org', 'F104', 'F71-gsingers@apache.org', 'F71-simonw@apache.org', 'F3-CharSequence', 'F3-FileInputStream', 'F101', 'F116', 'F117', 'F65', 'F71-erick@apache.org', 'F71-ryan@apache.org', 'F3-CharStream', 'F3-NA', 'F71-markrmiller@apache.org', 'F72', 'F120', 'F105', 'F3-char', 'F3-getBoost()', 'F25', 'F71-shaie@apache.org', 'F71-mikemccand@apache.org', 'F126', 'F15-protected', 'F3-Bits', 'F3-int[]', 'F68', 'F3-boolean', 'F41', 'F71-ehatcher@apache.org', 'category', 'F71-yonik@apache.org'}
     F72            ...            F71-uschindler@apache.org
1  12763            ...                                    1
2  12763            ...                                    1
3  26421            ...                                    1

[3 rows x 55 columns]
;.;
        F72            ...              F71-uschindler@apache.org
0  0.125552            ...                                    1.0
1  0.125552            ...                                    1.0
2  1.000000            ...                                    1.0

[3 rows x 55 columns]
training_x: (2138, 55)
training_y: 2138
testset_x: (993, 55)
testset_y: 993
              precision    recall  f1-score   support

           0       0.00      0.00      0.00       507
           1       0.49      1.00      0.66       486

    accuracy                           0.49       993
   macro avg       0.24      0.50      0.33       993
weighted avg       0.24      0.49      0.32       993

accuracy: 0.48942598187311176
0.6572008113590264
@@@ tn: 0, fp: 507, fn: 0, tp: 486
@@@ LIME - Creating explainer
@@@ LIME - Random Sampling of Instances
iter: 0, sample_no: 426, actual label: 0, predicted: 1
iter: 1, sample_no: 685, actual label: 0, predicted: 1
iter: 2, sample_no: 430, actual label: 0, predicted: 1
iter: 3, sample_no: 65, actual label: 0, predicted: 1
iter: 4, sample_no: 607, actual label: 0, predicted: 1
iter: 5, sample_no: 655, actual label: 0, predicted: 1
iter: 6, sample_no: 398, actual label: 1, predicted: 1
iter: 7, sample_no: 181, actual label: 0, predicted: 1
iter: 8, sample_no: 978, actual label: 1, predicted: 1
iter: 9, sample_no: 8, actual label: 0, predicted: 1
iter: 10, sample_no: 366, actual label: 1, predicted: 1
iter: 11, sample_no: 284, actual label: 0, predicted: 1
iter: 12, sample_no: 335, actual label: 1, predicted: 1
iter: 13, sample_no: 126, actual label: 0, predicted: 1
iter: 14, sample_no: 267, actual label: 0, predicted: 1
iter: 15, sample_no: 370, actual label: 0, predicted: 1
iter: 16, sample_no: 59, actual label: 1, predicted: 1
iter: 17, sample_no: 36, actual label: 1, predicted: 1
iter: 18, sample_no: 324, actual label: 1, predicted: 1
iter: 19, sample_no: 163, actual label: 1, predicted: 1
iter: 20, sample_no: 368, actual label: 0, predicted: 1
iter: 21, sample_no: 193, actual label: 1, predicted: 1
iter: 22, sample_no: 686, actual label: 0, predicted: 1
iter: 23, sample_no: 35, actual label: 1, predicted: 1
iter: 24, sample_no: 235, actual label: 0, predicted: 1
number of samples: 993
AUC 0.5
pos_get 486
total recall stop_at 1
@@@ C - Repeat number: 8
@@@ D - common_header:  {'F71-shalin@apache.org', 'F3-Among[]', 'F71-sarowe@apache.org', 'F3-long', 'F3-byte[]', 'F115', 'F3-int', 'F123', 'F71-buschmi@apache.org', 'F3-OutputStream', 'F3-char[]', 'F15-private', 'F71-uschindler@apache.org', 'F77', 'F15-public', 'F71-noble@apache.org', 'F3-String', 'F3-Class', 'F110', 'F22', 'F71-hossman@apache.org', 'F15-NA', 'F71-chrism@apache.org', 'F71-rmuir@apache.org', 'F104', 'F71-gsingers@apache.org', 'F71-simonw@apache.org', 'F3-CharSequence', 'F3-FileInputStream', 'F101', 'F116', 'F117', 'F65', 'F71-erick@apache.org', 'F71-ryan@apache.org', 'F3-CharStream', 'F3-NA', 'F71-markrmiller@apache.org', 'F72', 'F120', 'F105', 'F3-char', 'F3-getBoost()', 'F25', 'F71-shaie@apache.org', 'F71-mikemccand@apache.org', 'F126', 'F15-protected', 'F3-Bits', 'F3-int[]', 'F68', 'F3-boolean', 'F41', 'F71-ehatcher@apache.org', 'category', 'F71-yonik@apache.org'}
     F72            ...            F71-uschindler@apache.org
1  12763            ...                                    1
2  12763            ...                                    1
3  26421            ...                                    1

[3 rows x 55 columns]
;.;
        F72            ...              F71-uschindler@apache.org
0  0.125552            ...                                    1.0
1  0.125552            ...                                    1.0
2  1.000000            ...                                    1.0

[3 rows x 55 columns]
training_x: (2138, 55)
training_y: 2138
testset_x: (993, 55)
testset_y: 993
              precision    recall  f1-score   support

           0       0.00      0.00      0.00       507
           1       0.49      1.00      0.66       486

    accuracy                           0.49       993
   macro avg       0.24      0.50      0.33       993
weighted avg       0.24      0.49      0.32       993

accuracy: 0.48942598187311176
0.6572008113590264
@@@ tn: 0, fp: 507, fn: 0, tp: 486
@@@ LIME - Creating explainer
@@@ LIME - Random Sampling of Instances
iter: 0, sample_no: 688, actual label: 1, predicted: 1
iter: 1, sample_no: 374, actual label: 1, predicted: 1
iter: 2, sample_no: 204, actual label: 1, predicted: 1
iter: 3, sample_no: 231, actual label: 0, predicted: 1
iter: 4, sample_no: 585, actual label: 1, predicted: 1
iter: 5, sample_no: 741, actual label: 0, predicted: 1
iter: 6, sample_no: 280, actual label: 0, predicted: 1
iter: 7, sample_no: 870, actual label: 0, predicted: 1
iter: 8, sample_no: 171, actual label: 1, predicted: 1
iter: 9, sample_no: 802, actual label: 1, predicted: 1
iter: 10, sample_no: 430, actual label: 0, predicted: 1
iter: 11, sample_no: 713, actual label: 0, predicted: 1
iter: 12, sample_no: 247, actual label: 1, predicted: 1
iter: 13, sample_no: 153, actual label: 1, predicted: 1
iter: 14, sample_no: 421, actual label: 1, predicted: 1
iter: 15, sample_no: 785, actual label: 0, predicted: 1
iter: 16, sample_no: 782, actual label: 0, predicted: 1
iter: 17, sample_no: 602, actual label: 0, predicted: 1
iter: 18, sample_no: 416, actual label: 1, predicted: 1
iter: 19, sample_no: 92, actual label: 1, predicted: 1
iter: 20, sample_no: 480, actual label: 1, predicted: 1
iter: 21, sample_no: 739, actual label: 1, predicted: 1
iter: 22, sample_no: 256, actual label: 1, predicted: 1
iter: 23, sample_no: 567, actual label: 1, predicted: 1
iter: 24, sample_no: 304, actual label: 0, predicted: 1
number of samples: 993
AUC 0.5
pos_get 486
total recall stop_at 1
@@@ C - Repeat number: 9
@@@ D - common_header:  {'F71-shalin@apache.org', 'F3-Among[]', 'F71-sarowe@apache.org', 'F3-long', 'F3-byte[]', 'F115', 'F3-int', 'F123', 'F71-buschmi@apache.org', 'F3-OutputStream', 'F3-char[]', 'F15-private', 'F71-uschindler@apache.org', 'F77', 'F15-public', 'F71-noble@apache.org', 'F3-String', 'F3-Class', 'F110', 'F22', 'F71-hossman@apache.org', 'F15-NA', 'F71-chrism@apache.org', 'F71-rmuir@apache.org', 'F104', 'F71-gsingers@apache.org', 'F71-simonw@apache.org', 'F3-CharSequence', 'F3-FileInputStream', 'F101', 'F116', 'F117', 'F65', 'F71-erick@apache.org', 'F71-ryan@apache.org', 'F3-CharStream', 'F3-NA', 'F71-markrmiller@apache.org', 'F72', 'F120', 'F105', 'F3-char', 'F3-getBoost()', 'F25', 'F71-shaie@apache.org', 'F71-mikemccand@apache.org', 'F126', 'F15-protected', 'F3-Bits', 'F3-int[]', 'F68', 'F3-boolean', 'F41', 'F71-ehatcher@apache.org', 'category', 'F71-yonik@apache.org'}
     F72            ...            F71-uschindler@apache.org
1  12763            ...                                    1
2  12763            ...                                    1
3  26421            ...                                    1

[3 rows x 55 columns]
;.;
        F72            ...              F71-uschindler@apache.org
0  0.125552            ...                                    1.0
1  0.125552            ...                                    1.0
2  1.000000            ...                                    1.0

[3 rows x 55 columns]
training_x: (2138, 55)
training_y: 2138
testset_x: (993, 55)
testset_y: 993
              precision    recall  f1-score   support

           0       0.00      0.00      0.00       507
           1       0.49      1.00      0.66       486

    accuracy                           0.49       993
   macro avg       0.24      0.50      0.33       993
weighted avg       0.24      0.49      0.32       993

accuracy: 0.48942598187311176
0.6572008113590264
@@@ tn: 0, fp: 507, fn: 0, tp: 486
@@@ LIME - Creating explainer
@@@ LIME - Random Sampling of Instances
iter: 0, sample_no: 57, actual label: 0, predicted: 1
iter: 1, sample_no: 454, actual label: 1, predicted: 1
iter: 2, sample_no: 267, actual label: 0, predicted: 1
iter: 3, sample_no: 205, actual label: 1, predicted: 1
iter: 4, sample_no: 903, actual label: 0, predicted: 1
iter: 5, sample_no: 716, actual label: 0, predicted: 1
iter: 6, sample_no: 505, actual label: 1, predicted: 1
iter: 7, sample_no: 240, actual label: 1, predicted: 1
iter: 8, sample_no: 986, actual label: 0, predicted: 1
iter: 9, sample_no: 826, actual label: 0, predicted: 1
iter: 10, sample_no: 596, actual label: 0, predicted: 1
iter: 11, sample_no: 105, actual label: 0, predicted: 1
iter: 12, sample_no: 713, actual label: 0, predicted: 1
iter: 13, sample_no: 782, actual label: 0, predicted: 1
iter: 14, sample_no: 705, actual label: 0, predicted: 1
iter: 15, sample_no: 126, actual label: 0, predicted: 1
iter: 16, sample_no: 865, actual label: 0, predicted: 1
iter: 17, sample_no: 204, actual label: 1, predicted: 1
iter: 18, sample_no: 739, actual label: 1, predicted: 1
iter: 19, sample_no: 645, actual label: 0, predicted: 1
iter: 20, sample_no: 705, actual label: 0, predicted: 1
iter: 21, sample_no: 487, actual label: 1, predicted: 1
iter: 22, sample_no: 7, actual label: 0, predicted: 1
iter: 23, sample_no: 415, actual label: 1, predicted: 1
iter: 24, sample_no: 574, actual label: 0, predicted: 1
number of samples: 993
AUC 0.5
pos_get 486
total recall stop_at 1
@@@ C - Repeat number: 10
@@@ D - common_header:  {'F71-shalin@apache.org', 'F3-Among[]', 'F71-sarowe@apache.org', 'F3-long', 'F3-byte[]', 'F115', 'F3-int', 'F123', 'F71-buschmi@apache.org', 'F3-OutputStream', 'F3-char[]', 'F15-private', 'F71-uschindler@apache.org', 'F77', 'F15-public', 'F71-noble@apache.org', 'F3-String', 'F3-Class', 'F110', 'F22', 'F71-hossman@apache.org', 'F15-NA', 'F71-chrism@apache.org', 'F71-rmuir@apache.org', 'F104', 'F71-gsingers@apache.org', 'F71-simonw@apache.org', 'F3-CharSequence', 'F3-FileInputStream', 'F101', 'F116', 'F117', 'F65', 'F71-erick@apache.org', 'F71-ryan@apache.org', 'F3-CharStream', 'F3-NA', 'F71-markrmiller@apache.org', 'F72', 'F120', 'F105', 'F3-char', 'F3-getBoost()', 'F25', 'F71-shaie@apache.org', 'F71-mikemccand@apache.org', 'F126', 'F15-protected', 'F3-Bits', 'F3-int[]', 'F68', 'F3-boolean', 'F41', 'F71-ehatcher@apache.org', 'category', 'F71-yonik@apache.org'}
     F72            ...            F71-uschindler@apache.org
1  12763            ...                                    1
2  12763            ...                                    1
3  26421            ...                                    1

[3 rows x 55 columns]
;.;
        F72            ...              F71-uschindler@apache.org
0  0.125552            ...                                    1.0
1  0.125552            ...                                    1.0
2  1.000000            ...                                    1.0

[3 rows x 55 columns]
training_x: (2138, 55)
training_y: 2138
testset_x: (993, 55)
testset_y: 993
              precision    recall  f1-score   support

           0       0.00      0.00      0.00       507
           1       0.49      1.00      0.66       486

    accuracy                           0.49       993
   macro avg       0.24      0.50      0.33       993
weighted avg       0.24      0.49      0.32       993

accuracy: 0.48942598187311176
0.6572008113590264
@@@ tn: 0, fp: 507, fn: 0, tp: 486
@@@ LIME - Creating explainer
@@@ LIME - Random Sampling of Instances
Precision and F-score are ill-defined and being set to 0.0 in labels with no predicted samples. Use `zero_division` parameter to control this behavior.
Columns (1,4,5,6,7,8,9,10,11,12,13,14,15,16,17,18,19,20,21,22,23,24,25,26,27,28,29,30,31,32,33,34,35,36,37,38,39,40,41,42,43,44,45,46,47,48,49,50,51,52,53,54,55,56,57,58,59,60,61,62,63,64,65,66,67,68,69,70,71,72,73,74,75,76,77,78,79,80,81,82,83,84,85,86,87,88,89,90,91,92,93,94,95,96,97,98,99,100,101,102,103,104,105,106,107,108,109,110,111,112,113,114,115,116,117,118,119,120,121,122,123,124,125,126,127,128,129,130,131,132,133,134,135,136,137,138,139,140,141,142,143,144,145,146,147,148,149,150,151,152,153,154,155,156,157,158,159,160,161,162,163,164,165,166,167,168,169,170,171,172,173,174,175,176,177,178,179,180,181,182,183,184,185,186,187,188,189,190,191,192,193,194,195,196,197,198,199,200,201,202,203,204,205,206,207,208,209,210,211,212,213,214,215,216,217,218,219,220,221,222,223,224,225,226,227,228,229,230,231,232,233,234,235,236,237,238,239,240,241,242,243,244,245,246,247,248,249,250,251,252,253,254,255,256,257,258,259,260,261,262,263,264,265,266,267,268,269,270,271,272,273,274,275,276,277,278,279,280,282,284,285,286,287,288,289,290,291,292,293,294,295,296,297,298,299,300,301,302,303,304,305,306,307,308,309,310,311,312,313,314,315,316,317,318,319,320,321,322,323,324,325,326,327,328,329,330,331,332,333,334,335,336,337,338,339,340,341,342,343,344,345,346,347,348,349,350,351,352,353) have mixed types. Specify dtype option on import or set low_memory=False.
Precision and F-score are ill-defined and being set to 0.0 in labels with no predicted samples. Use `zero_division` parameter to control this behavior.
Columns (1,4,5,6,7,8,9,10,11,12,13,14,15,16,17,18,19,20,21,22,23,24,25,26,27,28,29,30,31,32,33,34,35,36,37,38,39,40,41,42,43,44,45,46,47,48,49,50,51,52,53,54,55,56,57,58,59,60,61,62,63,64,65,66,67,68,69,70,71,72,73,74,75,76,77,78,79,80,81,82,83,84,85,86,87,88,89,90,91,92,93,94,95,96,97,98,99,100,101,102,103,104,105,106,107,108,109,110,111,112,113,114,115,116,117,118,119,120,121,122,123,124,125,126,127,128,129,130,131,132,133,134,135,136,137,138,139,140,141,142,143,144,145,146,147,148,149,150,151,152,153,154,155,156,157,158,159,160,161,162,163,164,165,166,167,168,169,170,171,172,173,174,175,176,177,178,179,180,181,182,183,184,185,186,187,188,189,190,191,192,193,194,195,196,197,198,199,200,201,202,203,204,205,206,207,208,209,210,211,212,213,214,215,216,217,218,219,220,221,222,223,224,225,226,227,228,229,230,231,232,233,234,235,236,237,238,239,240,241,242,243,244,245,246,247,248,249,250,251,252,253,254,255,256,257,258,259,260,261,262,263,264,265,266,267,268,269,270,271,272,273,274,275,276,277,278,279,280,282,284,285,286,287,288,289,290,291,292,293,294,295,296,297,298,299,300,301,302,303,304,305,306,307,308,309,310,311,312,313,314,315,316,317,318,319,320,321,322,323,324,325,326,327,328,329,330,331,332,333,334,335,336,337,338,339,340,341,342,343,344,345,346,347,348,349,350,351,352,353) have mixed types. Specify dtype option on import or set low_memory=False.
Precision and F-score are ill-defined and being set to 0.0 in labels with no predicted samples. Use `zero_division` parameter to control this behavior.
Columns (1,4,5,6,7,8,9,10,11,12,13,14,15,16,17,18,19,20,21,22,23,24,25,26,27,28,29,30,31,32,33,34,35,36,37,38,39,40,41,42,43,44,45,46,47,48,49,50,51,52,53,54,55,56,57,58,59,60,61,62,63,64,65,66,67,68,69,70,71,72,73,74,75,76,77,78,79,80,81,82,83,84,85,86,87,88,89,90,91,92,93,94,95,96,97,98,99,100,101,102,103,104,105,106,107,108,109,110,111,112,113,114,115,116,117,118,119,120,121,122,123,124,125,126,127,128,129,130,131,132,133,134,135,136,137,138,139,140,141,142,143,144,145,146,147,148,149,150,151,152,153,154,155,156,157,158,159,160,161,162,163,164,165,166,167,168,169,170,171,172,173,174,175,176,177,178,179,180,181,182,183,184,185,186,187,188,189,190,191,192,193,194,195,196,197,198,199,200,201,202,203,204,205,206,207,208,209,210,211,212,213,214,215,216,217,218,219,220,221,222,223,224,225,226,227,228,229,230,231,232,233,234,235,236,237,238,239,240,241,242,243,244,245,246,247,248,249,250,251,252,253,254,255,256,257,258,259,260,261,262,263,264,265,266,267,268,269,270,271,272,273,274,275,276,277,278,279,280,282,284,285,286,287,288,289,290,291,292,293,294,295,296,297,298,299,300,301,302,303,304,305,306,307,308,309,310,311,312,313,314,315,316,317,318,319,320,321,322,323,324,325,326,327,328,329,330,331,332,333,334,335,336,337,338,339,340,341,342,343,344,345,346,347,348,349,350,351,352,353) have mixed types. Specify dtype option on import or set low_memory=False.
Precision and F-score are ill-defined and being set to 0.0 in labels with no predicted samples. Use `zero_division` parameter to control this behavior.
Columns (1,4,5,6,7,8,9,10,11,12,13,14,15,16,17,18,19,20,21,22,23,24,25,26,27,28,29,30,31,32,33,34,35,36,37,38,39,40,41,42,43,44,45,46,47,48,49,50,51,52,53,54,55,56,57,58,59,60,61,62,63,64,65,66,67,68,69,70,71,72,73,74,75,76,77,78,79,80,81,82,83,84,85,86,87,88,89,90,91,92,93,94,95,96,97,98,99,100,101,102,103,104,105,106,107,108,109,110,111,112,113,114,115,116,117,118,119,120,121,122,123,124,125,126,127,128,129,130,131,132,133,134,135,136,137,138,139,140,141,142,143,144,145,146,147,148,149,150,151,152,153,154,155,156,157,158,159,160,161,162,163,164,165,166,167,168,169,170,171,172,173,174,175,176,177,178,179,180,181,182,183,184,185,186,187,188,189,190,191,192,193,194,195,196,197,198,199,200,201,202,203,204,205,206,207,208,209,210,211,212,213,214,215,216,217,218,219,220,221,222,223,224,225,226,227,228,229,230,231,232,233,234,235,236,237,238,239,240,241,242,243,244,245,246,247,248,249,250,251,252,253,254,255,256,257,258,259,260,261,262,263,264,265,266,267,268,269,270,271,272,273,274,275,276,277,278,279,280,282,284,285,286,287,288,289,290,291,292,293,294,295,296,297,298,299,300,301,302,303,304,305,306,307,308,309,310,311,312,313,314,315,316,317,318,319,320,321,322,323,324,325,326,327,328,329,330,331,332,333,334,335,336,337,338,339,340,341,342,343,344,345,346,347,348,349,350,351,352,353) have mixed types. Specify dtype option on import or set low_memory=False.
Precision and F-score are ill-defined and being set to 0.0 in labels with no predicted samples. Use `zero_division` parameter to control this behavior.
Columns (1,4,5,6,7,8,9,10,11,12,13,14,15,16,17,18,19,20,21,22,23,24,25,26,27,28,29,30,31,32,33,34,35,36,37,38,39,40,41,42,43,44,45,46,47,48,49,50,51,52,53,54,55,56,57,58,59,60,61,62,63,64,65,66,67,68,69,70,71,72,73,74,75,76,77,78,79,80,81,82,83,84,85,86,87,88,89,90,91,92,93,94,95,96,97,98,99,100,101,102,103,104,105,106,107,108,109,110,111,112,113,114,115,116,117,118,119,120,121,122,123,124,125,126,127,128,129,130,131,132,133,134,135,136,137,138,139,140,141,142,143,144,145,146,147,148,149,150,151,152,153,154,155,156,157,158,159,160,161,162,163,164,165,166,167,168,169,170,171,172,173,174,175,176,177,178,179,180,181,182,183,184,185,186,187,188,189,190,191,192,193,194,195,196,197,198,199,200,201,202,203,204,205,206,207,208,209,210,211,212,213,214,215,216,217,218,219,220,221,222,223,224,225,226,227,228,229,230,231,232,233,234,235,236,237,238,239,240,241,242,243,244,245,246,247,248,249,250,251,252,253,254,255,256,257,258,259,260,261,262,263,264,265,266,267,268,269,270,271,272,273,274,275,276,277,278,279,280,282,284,285,286,287,288,289,290,291,292,293,294,295,296,297,298,299,300,301,302,303,304,305,306,307,308,309,310,311,312,313,314,315,316,317,318,319,320,321,322,323,324,325,326,327,328,329,330,331,332,333,334,335,336,337,338,339,340,341,342,343,344,345,346,347,348,349,350,351,352,353) have mixed types. Specify dtype option on import or set low_memory=False.
Precision and F-score are ill-defined and being set to 0.0 in labels with no predicted samples. Use `zero_division` parameter to control this behavior.
iter: 0, sample_no: 668, actual label: 0, predicted: 1
iter: 1, sample_no: 988, actual label: 1, predicted: 1
iter: 2, sample_no: 381, actual label: 0, predicted: 1
iter: 3, sample_no: 284, actual label: 0, predicted: 1
iter: 4, sample_no: 343, actual label: 1, predicted: 1
iter: 5, sample_no: 736, actual label: 1, predicted: 1
iter: 6, sample_no: 568, actual label: 1, predicted: 1
iter: 7, sample_no: 756, actual label: 1, predicted: 1
iter: 8, sample_no: 670, actual label: 0, predicted: 1
iter: 9, sample_no: 677, actual label: 0, predicted: 1
iter: 10, sample_no: 267, actual label: 0, predicted: 1
iter: 11, sample_no: 247, actual label: 1, predicted: 1
iter: 12, sample_no: 891, actual label: 0, predicted: 1
iter: 13, sample_no: 711, actual label: 1, predicted: 1
iter: 14, sample_no: 685, actual label: 0, predicted: 1
iter: 15, sample_no: 769, actual label: 1, predicted: 1
iter: 16, sample_no: 222, actual label: 1, predicted: 1
iter: 17, sample_no: 142, actual label: 1, predicted: 1
iter: 18, sample_no: 857, actual label: 0, predicted: 1
iter: 19, sample_no: 839, actual label: 1, predicted: 1
iter: 20, sample_no: 527, actual label: 1, predicted: 1
iter: 21, sample_no: 498, actual label: 0, predicted: 1
iter: 22, sample_no: 343, actual label: 1, predicted: 1
iter: 23, sample_no: 317, actual label: 0, predicted: 1
iter: 24, sample_no: 783, actual label: 0, predicted: 1
number of samples: 993
AUC 0.5
pos_get 486
total recall stop_at 1
----------threshold stop at----------: 1
AUC [0.5, 0.5, 0.5, 0.5, 0.5, 0.5, 0.5, 0.5, 0.5, 0.5]
AUC_median 0.5
AUC_iqr 0.0
cost [1, 1, 1, 1, 1, 1, 1, 1, 1, 1]
COST_med 1.0
COST_iqr 0.0
f1_pos_list [0.6572008113590264, 0.6572008113590264, 0.6572008113590264, 0.6572008113590264, 0.6572008113590264, 0.6572008113590264, 0.6572008113590264, 0.6572008113590264, 0.6572008113590264, 0.6572008113590264]
f1_pos_med 0.6572008113590264
