@@@ A - classifier: DummyClassifier(constant=1, random_state=None, strategy='constant')
@@@ B - threshold stop at: 1
@@@ C - Repeat number: 1
@@@ D - common_header:  {'F3-String', 'F25', 'F15-public', 'category', 'F77', 'F110', 'F68', 'F22', 'F41', 'F116', 'F15-NA', 'F117', 'F120', 'F3-int', 'F105', 'F115', 'F123', 'F72', 'F3-NA', 'F126', 'F101', 'F65', 'F104'}
     F72   F25 F65  F68 ...   F115    F77 F41 F126
1  13254  4548  60  146 ...   -1.0    896   0   46
2   7195  3454  15   86 ...   -1.0  10586   0    0
3   7195  3454  15   86 ...   -1.0  12267   0    0

[3 rows x 22 columns]
;.;
        F72       F25       F65   F68    ...     F115       F77  F41      F126
0  0.557902  1.000000  0.199324  0.36    ...      0.0  0.072134  0.0  0.082437
1  0.277911  0.758392  0.047297  0.21    ...      0.0  0.862831  0.0  0.000000
2  0.277911  0.758392  0.047297  0.21    ...      0.0  1.000000  0.0  0.000000

[3 rows x 22 columns]
training_x: (831, 22)
training_y: 831
testset_x: (308, 22)
testset_y: 308
              precision    recall  f1-score   support

           0       0.00      0.00      0.00       185
           1       0.40      1.00      0.57       123

    accuracy                           0.40       308
   macro avg       0.20      0.50      0.29       308
weighted avg       0.16      0.40      0.23       308

accuracy: 0.39935064935064934
0.5707656612529002
@@@ tn: 0, fp: 185, fn: 0, tp: 123
@@@ LIME - Creating explainer
@@@ LIME - Random Sampling of Instances
iter: 0, sample_no: 255, actual label: 0, predicted: 1
iter: 1, sample_no: 190, actual label: 0, predicted: 1
iter: 2, sample_no: 170, actual label: 0, predicted: 1
iter: 3, sample_no: 90, actual label: 0, predicted: 1
iter: 4, sample_no: 101, actual label: 0, predicted: 1
iter: 5, sample_no: 260, actual label: 0, predicted: 1
iter: 6, sample_no: 275, actual label: 1, predicted: 1
iter: 7, sample_no: 25, actual label: 1, predicted: 1
iter: 8, sample_no: 10, actual label: 0, predicted: 1
iter: 9, sample_no: 31, actual label: 1, predicted: 1
iter: 10, sample_no: 178, actual label: 0, predicted: 1
iter: 11, sample_no: 239, actual label: 0, predicted: 1
iter: 12, sample_no: 253, actual label: 0, predicted: 1
iter: 13, sample_no: 227, actual label: 0, predicted: 1
iter: 14, sample_no: 48, actual label: 0, predicted: 1
iter: 15, sample_no: 258, actual label: 0, predicted: 1
iter: 16, sample_no: 29, actual label: 0, predicted: 1
iter: 17, sample_no: 50, actual label: 0, predicted: 1
iter: 18, sample_no: 216, actual label: 0, predicted: 1
iter: 19, sample_no: 137, actual label: 1, predicted: 1
iter: 20, sample_no: 185, actual label: 0, predicted: 1
iter: 21, sample_no: 16, actual label: 0, predicted: 1
iter: 22, sample_no: 285, actual label: 1, predicted: 1
iter: 23, sample_no: 41, actual label: 1, predicted: 1
iter: 24, sample_no: 70, actual label: 1, predicted: 1
number of samples: 308
AUC 0.5
pos_get 123
total recall stop_at 1
@@@ C - Repeat number: 2
@@@ D - common_header:  {'F3-String', 'F25', 'F15-public', 'category', 'F77', 'F110', 'F68', 'F22', 'F41', 'F116', 'F15-NA', 'F117', 'F120', 'F3-int', 'F105', 'F115', 'F123', 'F72', 'F3-NA', 'F126', 'F101', 'F65', 'F104'}
     F72   F25 F65  F68 ...   F115    F77 F41 F126
1  13254  4548  60  146 ...   -1.0    896   0   46
2   7195  3454  15   86 ...   -1.0  10586   0    0
3   7195  3454  15   86 ...   -1.0  12267   0    0

[3 rows x 22 columns]
;.;
        F72       F25       F65   F68    ...     F115       F77  F41      F126
0  0.557902  1.000000  0.199324  0.36    ...      0.0  0.072134  0.0  0.082437
1  0.277911  0.758392  0.047297  0.21    ...      0.0  0.862831  0.0  0.000000
2  0.277911  0.758392  0.047297  0.21    ...      0.0  1.000000  0.0  0.000000

[3 rows x 22 columns]
training_x: (831, 22)
training_y: 831
testset_x: (308, 22)
testset_y: 308
              precision    recall  f1-score   support

           0       0.00      0.00      0.00       185
           1       0.40      1.00      0.57       123

    accuracy                           0.40       308
   macro avg       0.20      0.50      0.29       308
weighted avg       0.16      0.40      0.23       308

accuracy: 0.39935064935064934
0.5707656612529002
@@@ tn: 0, fp: 185, fn: 0, tp: 123
@@@ LIME - Creating explainer
@@@ LIME - Random Sampling of Instances
iter: 0, sample_no: 276, actual label: 0, predicted: 1
iter: 1, sample_no: 243, actual label: 1, predicted: 1
iter: 2, sample_no: 132, actual label: 1, predicted: 1
iter: 3, sample_no: 137, actual label: 1, predicted: 1
iter: 4, sample_no: 221, actual label: 0, predicted: 1
iter: 5, sample_no: 241, actual label: 0, predicted: 1
iter: 6, sample_no: 9, actual label: 0, predicted: 1
iter: 7, sample_no: 181, actual label: 1, predicted: 1
iter: 8, sample_no: 286, actual label: 0, predicted: 1
iter: 9, sample_no: 191, actual label: 0, predicted: 1
iter: 10, sample_no: 88, actual label: 1, predicted: 1
iter: 11, sample_no: 246, actual label: 0, predicted: 1
iter: 12, sample_no: 255, actual label: 0, predicted: 1
iter: 13, sample_no: 112, actual label: 1, predicted: 1
iter: 14, sample_no: 265, actual label: 1, predicted: 1
iter: 15, sample_no: 137, actual label: 1, predicted: 1
iter: 16, sample_no: 35, actual label: 0, predicted: 1
iter: 17, sample_no: 303, actual label: 1, predicted: 1
iter: 18, sample_no: 95, actual label: 0, predicted: 1
iter: 19, sample_no: 37, actual label: 1, predicted: 1
iter: 20, sample_no: 282, actual label: 1, predicted: 1
iter: 21, sample_no: 116, actual label: 0, predicted: 1
iter: 22, sample_no: 128, actual label: 0, predicted: 1
iter: 23, sample_no: 130, actual label: 1, predicted: 1
iter: 24, sample_no: 209, actual label: 1, predicted: 1
number of samples: 308
AUC 0.5
pos_get 123
total recall stop_at 1
@@@ C - Repeat number: 3
@@@ D - common_header:  {'F3-String', 'F25', 'F15-public', 'category', 'F77', 'F110', 'F68', 'F22', 'F41', 'F116', 'F15-NA', 'F117', 'F120', 'F3-int', 'F105', 'F115', 'F123', 'F72', 'F3-NA', 'F126', 'F101', 'F65', 'F104'}
     F72   F25 F65  F68 ...   F115    F77 F41 F126
1  13254  4548  60  146 ...   -1.0    896   0   46
2   7195  3454  15   86 ...   -1.0  10586   0    0
3   7195  3454  15   86 ...   -1.0  12267   0    0

[3 rows x 22 columns]
;.;
        F72       F25       F65   F68    ...     F115       F77  F41      F126
0  0.557902  1.000000  0.199324  0.36    ...      0.0  0.072134  0.0  0.082437
1  0.277911  0.758392  0.047297  0.21    ...      0.0  0.862831  0.0  0.000000
2  0.277911  0.758392  0.047297  0.21    ...      0.0  1.000000  0.0  0.000000

[3 rows x 22 columns]
training_x: (831, 22)
training_y: 831
testset_x: (308, 22)
testset_y: 308
              precision    recall  f1-score   support

           0       0.00      0.00      0.00       185
           1       0.40      1.00      0.57       123

    accuracy                           0.40       308
   macro avg       0.20      0.50      0.29       308
weighted avg       0.16      0.40      0.23       308

accuracy: 0.39935064935064934
0.5707656612529002
@@@ tn: 0, fp: 185, fn: 0, tp: 123
@@@ LIME - Creating explainer
@@@ LIME - Random Sampling of Instances
iter: 0, sample_no: 131, actual label: 0, predicted: 1
iter: 1, sample_no: 126, actual label: 1, predicted: 1
iter: 2, sample_no: 80, actual label: 1, predicted: 1
iter: 3, sample_no: 129, actual label: 0, predicted: 1
iter: 4, sample_no: 187, actual label: 1, predicted: 1
iter: 5, sample_no: 217, actual label: 1, predicted: 1
iter: 6, sample_no: 249, actual label: 1, predicted: 1
iter: 7, sample_no: 15, actual label: 0, predicted: 1
iter: 8, sample_no: 173, actual label: 0, predicted: 1
iter: 9, sample_no: 202, actual label: 0, predicted: 1
iter: 10, sample_no: 262, actual label: 0, predicted: 1
iter: 11, sample_no: 259, actual label: 1, predicted: 1
iter: 12, sample_no: 255, actual label: 0, predicted: 1
iter: 13, sample_no: 127, actual label: 0, predicted: 1
iter: 14, sample_no: 189, actual label: 1, predicted: 1
iter: 15, sample_no: 258, actual label: 0, predicted: 1
iter: 16, sample_no: 17, actual label: 0, predicted: 1
iter: 17, sample_no: 158, actual label: 0, predicted: 1
iter: 18, sample_no: 192, actual label: 1, predicted: 1
iter: 19, sample_no: 153, actual label: 0, predicted: 1
iter: 20, sample_no: 139, actual label: 1, predicted: 1
iter: 21, sample_no: 223, actual label: 0, predicted: 1
iter: 22, sample_no: 249, actual label: 1, predicted: 1
iter: 23, sample_no: 203, actual label: 0, predicted: 1
iter: 24, sample_no: 53, actual label: 1, predicted: 1
number of samples: 308
AUC 0.5
pos_get 123
total recall stop_at 1
@@@ C - Repeat number: 4
@@@ D - common_header:  {'F3-String', 'F25', 'F15-public', 'category', 'F77', 'F110', 'F68', 'F22', 'F41', 'F116', 'F15-NA', 'F117', 'F120', 'F3-int', 'F105', 'F115', 'F123', 'F72', 'F3-NA', 'F126', 'F101', 'F65', 'F104'}
     F72   F25 F65  F68 ...   F115    F77 F41 F126
1  13254  4548  60  146 ...   -1.0    896   0   46
2   7195  3454  15   86 ...   -1.0  10586   0    0
3   7195  3454  15   86 ...   -1.0  12267   0    0

[3 rows x 22 columns]
;.;
        F72       F25       F65   F68    ...     F115       F77  F41      F126
0  0.557902  1.000000  0.199324  0.36    ...      0.0  0.072134  0.0  0.082437
1  0.277911  0.758392  0.047297  0.21    ...      0.0  0.862831  0.0  0.000000
2  0.277911  0.758392  0.047297  0.21    ...      0.0  1.000000  0.0  0.000000

[3 rows x 22 columns]
training_x: (831, 22)
training_y: 831
testset_x: (308, 22)
testset_y: 308
              precision    recall  f1-score   support

           0       0.00      0.00      0.00       185
           1       0.40      1.00      0.57       123

    accuracy                           0.40       308
   macro avg       0.20      0.50      0.29       308
weighted avg       0.16      0.40      0.23       308

accuracy: 0.39935064935064934
0.5707656612529002
@@@ tn: 0, fp: 185, fn: 0, tp: 123
@@@ LIME - Creating explainer
@@@ LIME - Random Sampling of Instances
iter: 0, sample_no: 189, actual label: 1, predicted: 1
iter: 1, sample_no: 47, actual label: 1, predicted: 1
iter: 2, sample_no: 126, actual label: 1, predicted: 1
iter: 3, sample_no: 64, actual label: 0, predicted: 1
iter: 4, sample_no: 284, actual label: 0, predicted: 1
iter: 5, sample_no: 279, actual label: 0, predicted: 1
iter: 6, sample_no: 229, actual label: 1, predicted: 1
iter: 7, sample_no: 102, actual label: 0, predicted: 1
iter: 8, sample_no: 41, actual label: 1, predicted: 1
iter: 9, sample_no: 40, actual label: 0, predicted: 1
iter: 10, sample_no: 220, actual label: 0, predicted: 1
iter: 11, sample_no: 281, actual label: 0, predicted: 1
iter: 12, sample_no: 178, actual label: 0, predicted: 1
iter: 13, sample_no: 288, actual label: 0, predicted: 1
iter: 14, sample_no: 63, actual label: 0, predicted: 1
iter: 15, sample_no: 286, actual label: 0, predicted: 1
iter: 16, sample_no: 115, actual label: 0, predicted: 1
iter: 17, sample_no: 189, actual label: 1, predicted: 1
iter: 18, sample_no: 168, actual label: 0, predicted: 1
iter: 19, sample_no: 103, actual label: 1, predicted: 1
iter: 20, sample_no: 60, actual label: 0, predicted: 1
iter: 21, sample_no: 299, actual label: 0, predicted: 1
iter: 22, sample_no: 231, actual label: 0, predicted: 1
iter: 23, sample_no: 90, actual label: 0, predicted: 1
iter: 24, sample_no: 292, actual label: 1, predicted: 1
number of samples: 308
AUC 0.5
pos_get 123
total recall stop_at 1
@@@ C - Repeat number: 5
@@@ D - common_header:  {'F3-String', 'F25', 'F15-public', 'category', 'F77', 'F110', 'F68', 'F22', 'F41', 'F116', 'F15-NA', 'F117', 'F120', 'F3-int', 'F105', 'F115', 'F123', 'F72', 'F3-NA', 'F126', 'F101', 'F65', 'F104'}
     F72   F25 F65  F68 ...   F115    F77 F41 F126
1  13254  4548  60  146 ...   -1.0    896   0   46
2   7195  3454  15   86 ...   -1.0  10586   0    0
3   7195  3454  15   86 ...   -1.0  12267   0    0

[3 rows x 22 columns]
;.;
        F72       F25       F65   F68    ...     F115       F77  F41      F126
0  0.557902  1.000000  0.199324  0.36    ...      0.0  0.072134  0.0  0.082437
1  0.277911  0.758392  0.047297  0.21    ...      0.0  0.862831  0.0  0.000000
2  0.277911  0.758392  0.047297  0.21    ...      0.0  1.000000  0.0  0.000000

[3 rows x 22 columns]
training_x: (831, 22)
training_y: 831
testset_x: (308, 22)
testset_y: 308
              precision    recall  f1-score   support

           0       0.00      0.00      0.00       185
           1       0.40      1.00      0.57       123

    accuracy                           0.40       308
   macro avg       0.20      0.50      0.29       308
weighted avg       0.16      0.40      0.23       308

accuracy: 0.39935064935064934
0.5707656612529002
@@@ tn: 0, fp: 185, fn: 0, tp: 123
@@@ LIME - Creating explainer
@@@ LIME - Random Sampling of Instances
iter: 0, sample_no: 135, actual label: 0, predicted: 1
iter: 1, sample_no: 132, actual label: 1, predicted: 1
iter: 2, sample_no: 262, actual label: 0, predicted: 1
iter: 3, sample_no: 149, actual label: 0, predicted: 1
iter: 4, sample_no: 254, actual label: 1, predicted: 1
iter: 5, sample_no: 37, actual label: 1, predicted: 1
iter: 6, sample_no: 109, actual label: 1, predicted: 1
iter: 7, sample_no: 110, actual label: 0, predicted: 1
iter: 8, sample_no: 66, actual label: 1, predicted: 1
iter: 9, sample_no: 25, actual label: 1, predicted: 1
iter: 10, sample_no: 299, actual label: 0, predicted: 1
iter: 11, sample_no: 231, actual label: 0, predicted: 1
iter: 12, sample_no: 284, actual label: 0, predicted: 1
iter: 13, sample_no: 127, actual label: 0, predicted: 1
iter: 14, sample_no: 306, actual label: 0, predicted: 1
iter: 15, sample_no: 132, actual label: 1, predicted: 1
iter: 16, sample_no: 212, actual label: 1, predicted: 1
iter: 17, sample_no: 199, actual label: 1, predicted: 1
iter: 18, sample_no: 17, actual label: 0, predicted: 1
iter: 19, sample_no: 40, actual label: 0, predicted: 1
iter: 20, sample_no: 274, actual label: 0, predicted: 1
iter: 21, sample_no: 151, actual label: 0, predicted: 1
iter: 22, sample_no: 24, actual label: 0, predicted: 1
iter: 23, sample_no: 219, actual label: 1, predicted: 1
iter: 24, sample_no: 128, actual label: 0, predicted: 1
number of samples: 308
AUC 0.5
pos_get 123
total recall stop_at 1
@@@ C - Repeat number: 6
@@@ D - common_header:  {'F3-String', 'F25', 'F15-public', 'category', 'F77', 'F110', 'F68', 'F22', 'F41', 'F116', 'F15-NA', 'F117', 'F120', 'F3-int', 'F105', 'F115', 'F123', 'F72', 'F3-NA', 'F126', 'F101', 'F65', 'F104'}
     F72   F25 F65  F68 ...   F115    F77 F41 F126
1  13254  4548  60  146 ...   -1.0    896   0   46
2   7195  3454  15   86 ...   -1.0  10586   0    0
3   7195  3454  15   86 ...   -1.0  12267   0    0

[3 rows x 22 columns]
;.;
        F72       F25       F65   F68    ...     F115       F77  F41      F126
0  0.557902  1.000000  0.199324  0.36    ...      0.0  0.072134  0.0  0.082437
1  0.277911  0.758392  0.047297  0.21    ...      0.0  0.862831  0.0  0.000000
2  0.277911  0.758392  0.047297  0.21    ...      0.0  1.000000  0.0  0.000000

[3 rows x 22 columns]
training_x: (831, 22)
training_y: 831
testset_x: (308, 22)
testset_y: 308
              precision    recall  f1-score   support

           0       0.00      0.00      0.00       185
           1       0.40      1.00      0.57       123

    accuracy                           0.40       308
   macro avg       0.20      0.50      0.29       308
weighted avg       0.16      0.40      0.23       308

accuracy: 0.39935064935064934
0.5707656612529002
@@@ tn: 0, fp: 185, fn: 0, tp: 123
@@@ LIME - Creating explainer
@@@ LIME - Random Sampling of Instances
iter: 0, sample_no: 0, actual label: 1, predicted: 1
iter: 1, sample_no: 285, actual label: 1, predicted: 1
iter: 2, sample_no: 222, actual label: 1, predicted: 1
iter: 3, sample_no: 203, actual label: 0, predicted: 1
iter: 4, sample_no: 127, actual label: 0, predicted: 1
iter: 5, sample_no: 177, actual label: 0, predicted: 1
iter: 6, sample_no: 167, actual label: 0, predicted: 1
iter: 7, sample_no: 45, actual label: 0, predicted: 1
iter: 8, sample_no: 35, actual label: 0, predicted: 1
iter: 9, sample_no: 204, actual label: 1, predicted: 1
iter: 10, sample_no: 208, actual label: 0, predicted: 1
iter: 11, sample_no: 116, actual label: 0, predicted: 1
iter: 12, sample_no: 20, actual label: 1, predicted: 1
iter: 13, sample_no: 117, actual label: 1, predicted: 1
iter: 14, sample_no: 224, actual label: 1, predicted: 1
iter: 15, sample_no: 134, actual label: 0, predicted: 1
iter: 16, sample_no: 198, actual label: 1, predicted: 1
iter: 17, sample_no: 9, actual label: 0, predicted: 1
iter: 18, sample_no: 202, actual label: 0, predicted: 1
iter: 19, sample_no: 148, actual label: 0, predicted: 1
iter: 20, sample_no: 177, actual label: 0, predicted: 1
iter: 21, sample_no: 117, actual label: 1, predicted: 1
iter: 22, sample_no: 153, actual label: 0, predicted: 1
iter: 23, sample_no: 98, actual label: 0, predicted: 1
iter: 24, sample_no: 195, actual label: 0, predicted: 1
number of samples: 308
AUC 0.5
pos_get 123
total recall stop_at 1
@@@ C - Repeat number: 7
@@@ D - common_header:  {'F3-String', 'F25', 'F15-public', 'category', 'F77', 'F110', 'F68', 'F22', 'F41', 'F116', 'F15-NA', 'F117', 'F120', 'F3-int', 'F105', 'F115', 'F123', 'F72', 'F3-NA', 'F126', 'F101', 'F65', 'F104'}
     F72   F25 F65  F68 ...   F115    F77 F41 F126
1  13254  4548  60  146 ...   -1.0    896   0   46
2   7195  3454  15   86 ...   -1.0  10586   0    0
3   7195  3454  15   86 ...   -1.0  12267   0    0

[3 rows x 22 columns]
;.;
        F72       F25       F65   F68    ...     F115       F77  F41      F126
0  0.557902  1.000000  0.199324  0.36    ...      0.0  0.072134  0.0  0.082437
1  0.277911  0.758392  0.047297  0.21    ...      0.0  0.862831  0.0  0.000000
2  0.277911  0.758392  0.047297  0.21    ...      0.0  1.000000  0.0  0.000000

[3 rows x 22 columns]
training_x: (831, 22)
training_y: 831
testset_x: (308, 22)
testset_y: 308
              precision    recall  f1-score   support

           0       0.00      0.00      0.00       185
           1       0.40      1.00      0.57       123

    accuracy                           0.40       308
   macro avg       0.20      0.50      0.29       308
weighted avg       0.16      0.40      0.23       308

accuracy: 0.39935064935064934
0.5707656612529002
@@@ tn: 0, fp: 185, fn: 0, tp: 123
@@@ LIME - Creating explainer
@@@ LIME - Random Sampling of Instances
iter: 0, sample_no: 173, actual label: 0, predicted: 1
iter: 1, sample_no: 272, actual label: 1, predicted: 1
iter: 2, sample_no: 217, actual label: 1, predicted: 1
iter: 3, sample_no: 59, actual label: 1, predicted: 1
iter: 4, sample_no: 136, actual label: 0, predicted: 1
iter: 5, sample_no: 90, actual label: 0, predicted: 1
iter: 6, sample_no: 162, actual label: 1, predicted: 1
iter: 7, sample_no: 192, actual label: 1, predicted: 1
iter: 8, sample_no: 105, actual label: 1, predicted: 1
iter: 9, sample_no: 67, actual label: 1, predicted: 1
iter: 10, sample_no: 67, actual label: 1, predicted: 1
iter: 11, sample_no: 88, actual label: 1, predicted: 1
iter: 12, sample_no: 118, actual label: 0, predicted: 1
iter: 13, sample_no: 240, actual label: 1, predicted: 1
iter: 14, sample_no: 137, actual label: 1, predicted: 1
iter: 15, sample_no: 209, actual label: 1, predicted: 1
iter: 16, sample_no: 8, actual label: 0, predicted: 1
iter: 17, sample_no: 217, actual label: 1, predicted: 1
iter: 18, sample_no: 189, actual label: 1, predicted: 1
iter: 19, sample_no: 215, actual label: 0, predicted: 1
iter: 20, sample_no: 124, actual label: 1, predicted: 1
iter: 21, sample_no: 166, actual label: 1, predicted: 1
iter: 22, sample_no: 291, actual label: 0, predicted: 1
iter: 23, sample_no: 32, actual label: 1, predicted: 1
iter: 24, sample_no: 242, actual label: 1, predicted: 1
number of samples: 308
AUC 0.5
pos_get 123
total recall stop_at 1
@@@ C - Repeat number: 8
@@@ D - common_header:  {'F3-String', 'F25', 'F15-public', 'category', 'F77', 'F110', 'F68', 'F22', 'F41', 'F116', 'F15-NA', 'F117', 'F120', 'F3-int', 'F105', 'F115', 'F123', 'F72', 'F3-NA', 'F126', 'F101', 'F65', 'F104'}
     F72   F25 F65  F68 ...   F115    F77 F41 F126
1  13254  4548  60  146 ...   -1.0    896   0   46
2   7195  3454  15   86 ...   -1.0  10586   0    0
3   7195  3454  15   86 ...   -1.0  12267   0    0

[3 rows x 22 columns]
;.;
        F72       F25       F65   F68    ...     F115       F77  F41      F126
0  0.557902  1.000000  0.199324  0.36    ...      0.0  0.072134  0.0  0.082437
1  0.277911  0.758392  0.047297  0.21    ...      0.0  0.862831  0.0  0.000000
2  0.277911  0.758392  0.047297  0.21    ...      0.0  1.000000  0.0  0.000000

[3 rows x 22 columns]
training_x: (831, 22)
training_y: 831
testset_x: (308, 22)
testset_y: 308
              precision    recall  f1-score   support

           0       0.00      0.00      0.00       185
           1       0.40      1.00      0.57       123

    accuracy                           0.40       308
   macro avg       0.20      0.50      0.29       308
weighted avg       0.16      0.40      0.23       308

accuracy: 0.39935064935064934
0.5707656612529002
@@@ tn: 0, fp: 185, fn: 0, tp: 123
@@@ LIME - Creating explainer
@@@ LIME - Random Sampling of Instances
iter: 0, sample_no: 176, actual label: 0, predicted: 1
iter: 1, sample_no: 15, actual label: 0, predicted: 1
iter: 2, sample_no: 154, actual label: 1, predicted: 1
iter: 3, sample_no: 39, actual label: 0, predicted: 1
iter: 4, sample_no: 7, actual label: 0, predicted: 1
iter: 5, sample_no: 124, actual label: 1, predicted: 1
iter: 6, sample_no: 190, actual label: 0, predicted: 1
iter: 7, sample_no: 104, actual label: 0, predicted: 1
iter: 8, sample_no: 31, actual label: 1, predicted: 1
iter: 9, sample_no: 128, actual label: 0, predicted: 1
iter: 10, sample_no: 15, actual label: 0, predicted: 1
iter: 11, sample_no: 256, actual label: 0, predicted: 1
iter: 12, sample_no: 153, actual label: 0, predicted: 1
iter: 13, sample_no: 134, actual label: 0, predicted: 1
iter: 14, sample_no: 54, actual label: 1, predicted: 1
iter: 15, sample_no: 29, actual label: 0, predicted: 1
iter: 16, sample_no: 297, actual label: 0, predicted: 1
iter: 17, sample_no: 145, actual label: 1, predicted: 1
iter: 18, sample_no: 227, actual label: 0, predicted: 1
iter: 19, sample_no: 55, actual label: 0, predicted: 1
iter: 20, sample_no: 267, actual label: 1, predicted: 1
iter: 21, sample_no: 186, actual label: 0, predicted: 1
iter: 22, sample_no: 147, actual label: 0, predicted: 1
iter: 23, sample_no: 205, actual label: 0, predicted: 1
iter: 24, sample_no: 239, actual label: 0, predicted: 1
number of samples: 308
AUC 0.5
pos_get 123
total recall stop_at 1
@@@ C - Repeat number: 9
@@@ D - common_header:  {'F3-String', 'F25', 'F15-public', 'category', 'F77', 'F110', 'F68', 'F22', 'F41', 'F116', 'F15-NA', 'F117', 'F120', 'F3-int', 'F105', 'F115', 'F123', 'F72', 'F3-NA', 'F126', 'F101', 'F65', 'F104'}
     F72   F25 F65  F68 ...   F115    F77 F41 F126
1  13254  4548  60  146 ...   -1.0    896   0   46
2   7195  3454  15   86 ...   -1.0  10586   0    0
3   7195  3454  15   86 ...   -1.0  12267   0    0

[3 rows x 22 columns]
;.;
        F72       F25       F65   F68    ...     F115       F77  F41      F126
0  0.557902  1.000000  0.199324  0.36    ...      0.0  0.072134  0.0  0.082437
1  0.277911  0.758392  0.047297  0.21    ...      0.0  0.862831  0.0  0.000000
2  0.277911  0.758392  0.047297  0.21    ...      0.0  1.000000  0.0  0.000000

[3 rows x 22 columns]
training_x: (831, 22)
training_y: 831
testset_x: (308, 22)
testset_y: 308
              precision    recall  f1-score   support

           0       0.00      0.00      0.00       185
           1       0.40      1.00      0.57       123

    accuracy                           0.40       308
   macro avg       0.20      0.50      0.29       308
weighted avg       0.16      0.40      0.23       308

accuracy: 0.39935064935064934
0.5707656612529002
@@@ tn: 0, fp: 185, fn: 0, tp: 123
@@@ LIME - Creating explainer
@@@ LIME - Random Sampling of Instances
iter: 0, sample_no: 57, actual label: 1, predicted: 1
iter: 1, sample_no: 25, actual label: 1, predicted: 1
iter: 2, sample_no: 157, actual label: 0, predicted: 1
iter: 3, sample_no: 163, actual label: 1, predicted: 1
iter: 4, sample_no: 0, actual label: 1, predicted: 1
iter: 5, sample_no: 82, actual label: 1, predicted: 1
iter: 6, sample_no: 121, actual label: 0, predicted: 1
iter: 7, sample_no: 248, actual label: 0, predicted: 1
iter: 8, sample_no: 228, actual label: 0, predicted: 1
iter: 9, sample_no: 32, actual label: 1, predicted: 1
iter: 10, sample_no: 288, actual label: 0, predicted: 1
iter: 11, sample_no: 153, actual label: 0, predicted: 1
iter: 12, sample_no: 119, actual label: 1, predicted: 1
iter: 13, sample_no: 191, actual label: 0, predicted: 1
iter: 14, sample_no: 305, actual label: 1, predicted: 1
iter: 15, sample_no: 146, actual label: 1, predicted: 1
iter: 16, sample_no: 121, actual label: 0, predicted: 1
iter: 17, sample_no: 149, actual label: 0, predicted: 1
iter: 18, sample_no: 306, actual label: 0, predicted: 1
iter: 19, sample_no: 206, actual label: 0, predicted: 1
iter: 20, sample_no: 301, actual label: 1, predicted: 1
iter: 21, sample_no: 258, actual label: 0, predicted: 1
iter: 22, sample_no: 256, actual label: 0, predicted: 1
iter: 23, sample_no: 160, actual label: 1, predicted: 1
iter: 24, sample_no: 202, actual label: 0, predicted: 1
number of samples: 308
AUC 0.5
pos_get 123
total recall stop_at 1
@@@ C - Repeat number: 10
@@@ D - common_header:  {'F3-String', 'F25', 'F15-public', 'category', 'F77', 'F110', 'F68', 'F22', 'F41', 'F116', 'F15-NA', 'F117', 'F120', 'F3-int', 'F105', 'F115', 'F123', 'F72', 'F3-NA', 'F126', 'F101', 'F65', 'F104'}
     F72   F25 F65  F68 ...   F115    F77 F41 F126
1  13254  4548  60  146 ...   -1.0    896   0   46
2   7195  3454  15   86 ...   -1.0  10586   0    0
3   7195  3454  15   86 ...   -1.0  12267   0    0

[3 rows x 22 columns]
;.;
        F72       F25       F65   F68    ...     F115       F77  F41      F126
0  0.557902  1.000000  0.199324  0.36    ...      0.0  0.072134  0.0  0.082437
1  0.277911  0.758392  0.047297  0.21    ...      0.0  0.862831  0.0  0.000000
2  0.277911  0.758392  0.047297  0.21    ...      0.0  1.000000  0.0  0.000000

[3 rows x 22 columns]
training_x: (831, 22)
training_y: 831
testset_x: (308, 22)
testset_y: 308
              precision    recall  f1-score   support

           0       0.00      0.00      0.00       185
           1       0.40      1.00      0.57       123

    accuracy                           0.40       308
   macro avg       0.20      0.50      0.29       308
weighted avg       0.16      0.40      0.23       308

accuracy: 0.39935064935064934
0.5707656612529002
@@@ tn: 0, fp: 185, fn: 0, tp: 123
@@@ LIME - Creating explainer
@@@ LIME - Random Sampling of Instances
/Users/author1/anaconda3/lib/python3.6/site-packages/tensorflow/python/framework/dtypes.py:463: FutureWarning: Passing (type, 1) or '1type' as a synonym of type is deprecated; in a future version of numpy, it will be understood as (type, (1,)) / '(1,)type'.
  _np_qint8 = np.dtype([("qint8", np.int8, 1)])
/Users/author1/anaconda3/lib/python3.6/site-packages/tensorflow/python/framework/dtypes.py:464: FutureWarning: Passing (type, 1) or '1type' as a synonym of type is deprecated; in a future version of numpy, it will be understood as (type, (1,)) / '(1,)type'.
  _np_quint8 = np.dtype([("quint8", np.uint8, 1)])
/Users/author1/anaconda3/lib/python3.6/site-packages/tensorflow/python/framework/dtypes.py:465: FutureWarning: Passing (type, 1) or '1type' as a synonym of type is deprecated; in a future version of numpy, it will be understood as (type, (1,)) / '(1,)type'.
  _np_qint16 = np.dtype([("qint16", np.int16, 1)])
/Users/author1/anaconda3/lib/python3.6/site-packages/tensorflow/python/framework/dtypes.py:466: FutureWarning: Passing (type, 1) or '1type' as a synonym of type is deprecated; in a future version of numpy, it will be understood as (type, (1,)) / '(1,)type'.
  _np_quint16 = np.dtype([("quint16", np.uint16, 1)])
/Users/author1/anaconda3/lib/python3.6/site-packages/tensorflow/python/framework/dtypes.py:467: FutureWarning: Passing (type, 1) or '1type' as a synonym of type is deprecated; in a future version of numpy, it will be understood as (type, (1,)) / '(1,)type'.
  _np_qint32 = np.dtype([("qint32", np.int32, 1)])
Precision and F-score are ill-defined and being set to 0.0 in labels with no predicted samples. Use `zero_division` parameter to control this behavior.
Precision and F-score are ill-defined and being set to 0.0 in labels with no predicted samples. Use `zero_division` parameter to control this behavior.
Precision and F-score are ill-defined and being set to 0.0 in labels with no predicted samples. Use `zero_division` parameter to control this behavior.
Precision and F-score are ill-defined and being set to 0.0 in labels with no predicted samples. Use `zero_division` parameter to control this behavior.
Precision and F-score are ill-defined and being set to 0.0 in labels with no predicted samples. Use `zero_division` parameter to control this behavior.
Precision and F-score are ill-defined and being set to 0.0 in labels with no predicted samples. Use `zero_division` parameter to control this behavior.
Precision and F-score are ill-defined and being set to 0.0 in labels with no predicted samples. Use `zero_division` parameter to control this behavior.
Precision and F-score are ill-defined and being set to 0.0 in labels with no predicted samples. Use `zero_division` parameter to control this behavior.
Precision and F-score are ill-defined and being set to 0.0 in labels with no predicted samples. Use `zero_division` parameter to control this behavior.
Precision and F-score are ill-defined and being set to 0.0 in labels with no predicted samples. Use `zero_division` parameter to control this behavior.
iter: 0, sample_no: 156, actual label: 0, predicted: 1
iter: 1, sample_no: 241, actual label: 0, predicted: 1
iter: 2, sample_no: 209, actual label: 1, predicted: 1
iter: 3, sample_no: 65, actual label: 0, predicted: 1
iter: 4, sample_no: 159, actual label: 1, predicted: 1
iter: 5, sample_no: 12, actual label: 0, predicted: 1
iter: 6, sample_no: 23, actual label: 0, predicted: 1
iter: 7, sample_no: 230, actual label: 0, predicted: 1
iter: 8, sample_no: 9, actual label: 0, predicted: 1
iter: 9, sample_no: 125, actual label: 0, predicted: 1
iter: 10, sample_no: 68, actual label: 0, predicted: 1
iter: 11, sample_no: 289, actual label: 0, predicted: 1
iter: 12, sample_no: 118, actual label: 0, predicted: 1
iter: 13, sample_no: 263, actual label: 0, predicted: 1
iter: 14, sample_no: 88, actual label: 1, predicted: 1
iter: 15, sample_no: 67, actual label: 1, predicted: 1
iter: 16, sample_no: 282, actual label: 1, predicted: 1
iter: 17, sample_no: 11, actual label: 0, predicted: 1
iter: 18, sample_no: 121, actual label: 0, predicted: 1
iter: 19, sample_no: 234, actual label: 1, predicted: 1
iter: 20, sample_no: 230, actual label: 0, predicted: 1
iter: 21, sample_no: 173, actual label: 0, predicted: 1
iter: 22, sample_no: 62, actual label: 1, predicted: 1
iter: 23, sample_no: 0, actual label: 1, predicted: 1
iter: 24, sample_no: 256, actual label: 0, predicted: 1
number of samples: 308
AUC 0.5
pos_get 123
total recall stop_at 1
----------threshold stop at----------: 1
AUC [0.5, 0.5, 0.5, 0.5, 0.5, 0.5, 0.5, 0.5, 0.5, 0.5]
AUC_median 0.5
AUC_iqr 0.0
cost [1, 1, 1, 1, 1, 1, 1, 1, 1, 1]
COST_med 1.0
COST_iqr 0.0
f1_pos_list [0.5707656612529002, 0.5707656612529002, 0.5707656612529002, 0.5707656612529002, 0.5707656612529002, 0.5707656612529002, 0.5707656612529002, 0.5707656612529002, 0.5707656612529002, 0.5707656612529002]
f1_pos_med 0.5707656612529002
