@@@ A - classifier: DummyClassifier(constant=1, random_state=None, strategy='constant')
@@@ B - threshold stop at: 1
@@@ C - Repeat number: 1
@@@ D - common_header:  {'F71-rubys@apache.org', 'F105', 'F71-jskeet@apache.org', 'F104', 'F25', 'F3-Long', 'F3-String', 'F77', 'F71-mbenson@apache.org', 'F71-jhm@apache.org', 'F101', 'F71-jkf@apache.org', 'F71-conor@apache.org', 'F15-public', 'F71-donaldp@apache.org', 'F71-kevj@apache.org', 'F3-null', 'F22', 'F71-stevel@apache.org', 'F116', 'F3-byte[]', 'F3-nestedTask.getTaskName()', 'F110', 'F65', 'F3-FileOutputStream', 'F71-costin@apache.org', 'F71-umagesh@apache.org', 'F71-bodewig@apache.org', 'F3-Object', 'F68', 'F3-Class', 'F15-private', 'category', 'F3-File', 'F3-InputStream', 'F3-boolean', 'F41', 'F71-ehatcher@apache.org', 'F15-protected', 'F3-Project', 'F3-Integer', 'F71-antoine@apache.org', 'F126', 'F3-PrintStream', 'F71-stefano@apache.org', 'F71-sbailliez@apache.org', 'F3-int', 'F3-FileInputStream', 'F71-hibou@apache.org', 'F117', 'F3-Project.MSG_DEBUG', 'F115', 'F71-jglick@apache.org', 'F71-peterreilly@apache.org', 'F72', 'F3-char', 'F123', 'F120'}
     F72   F25        ...         F71-mbenson@apache.org F71-jhm@apache.org
1  10851  4384        ...                              1                  0
2  10851  4384        ...                              1                  0
3  10851  4384        ...                              1                  0

[3 rows x 57 columns]
;.;
        F72         ...          F71-jhm@apache.org
0  0.794814         ...                         0.0
1  0.794814         ...                         0.0
2  0.794814         ...                         0.0

[3 rows x 57 columns]
training_x: (1229, 57)
training_y: 1229
testset_x: (1115, 57)
testset_y: 1115
              precision    recall  f1-score   support

           0       0.00      0.00      0.00      1061
           1       0.05      1.00      0.09        54

    accuracy                           0.05      1115
   macro avg       0.02      0.50      0.05      1115
weighted avg       0.00      0.05      0.00      1115

accuracy: 0.0484304932735426
0.09238665526090675
@@@ tn: 0, fp: 1061, fn: 0, tp: 54
@@@ LIME - Creating explainer
@@@ LIME - Random Sampling of Instances
iter: 0, sample_no: 255, actual label: 0, predicted: 1
iter: 1, sample_no: 1053, actual label: 0, predicted: 1
iter: 2, sample_no: 612, actual label: 0, predicted: 1
iter: 3, sample_no: 135, actual label: 1, predicted: 1
iter: 4, sample_no: 6, actual label: 0, predicted: 1
iter: 5, sample_no: 1103, actual label: 0, predicted: 1
iter: 6, sample_no: 355, actual label: 0, predicted: 1
iter: 7, sample_no: 309, actual label: 0, predicted: 1
iter: 8, sample_no: 951, actual label: 0, predicted: 1
iter: 9, sample_no: 34, actual label: 0, predicted: 1
iter: 10, sample_no: 613, actual label: 0, predicted: 1
iter: 11, sample_no: 265, actual label: 0, predicted: 1
iter: 12, sample_no: 830, actual label: 0, predicted: 1
iter: 13, sample_no: 153, actual label: 0, predicted: 1
iter: 14, sample_no: 124, actual label: 0, predicted: 1
iter: 15, sample_no: 431, actual label: 0, predicted: 1
iter: 16, sample_no: 351, actual label: 0, predicted: 1
iter: 17, sample_no: 1092, actual label: 0, predicted: 1
iter: 18, sample_no: 476, actual label: 0, predicted: 1
iter: 19, sample_no: 284, actual label: 0, predicted: 1
iter: 20, sample_no: 952, actual label: 0, predicted: 1
iter: 21, sample_no: 594, actual label: 0, predicted: 1
iter: 22, sample_no: 516, actual label: 0, predicted: 1
iter: 23, sample_no: 1076, actual label: 0, predicted: 1
iter: 24, sample_no: 304, actual label: 0, predicted: 1
number of samples: 1115
AUC 0.5
pos_get 54
total recall stop_at 1.0
@@@ C - Repeat number: 2
@@@ D - common_header:  {'F71-rubys@apache.org', 'F105', 'F71-jskeet@apache.org', 'F104', 'F25', 'F3-Long', 'F3-String', 'F77', 'F71-mbenson@apache.org', 'F71-jhm@apache.org', 'F101', 'F71-jkf@apache.org', 'F71-conor@apache.org', 'F15-public', 'F71-donaldp@apache.org', 'F71-kevj@apache.org', 'F3-null', 'F22', 'F71-stevel@apache.org', 'F116', 'F3-byte[]', 'F3-nestedTask.getTaskName()', 'F110', 'F65', 'F3-FileOutputStream', 'F71-costin@apache.org', 'F71-umagesh@apache.org', 'F71-bodewig@apache.org', 'F3-Object', 'F68', 'F3-Class', 'F15-private', 'category', 'F3-File', 'F3-InputStream', 'F3-boolean', 'F41', 'F71-ehatcher@apache.org', 'F15-protected', 'F3-Project', 'F3-Integer', 'F71-antoine@apache.org', 'F126', 'F3-PrintStream', 'F71-stefano@apache.org', 'F71-sbailliez@apache.org', 'F3-int', 'F3-FileInputStream', 'F71-hibou@apache.org', 'F117', 'F3-Project.MSG_DEBUG', 'F115', 'F71-jglick@apache.org', 'F71-peterreilly@apache.org', 'F72', 'F3-char', 'F123', 'F120'}
     F72   F25        ...         F71-mbenson@apache.org F71-jhm@apache.org
1  10851  4384        ...                              1                  0
2  10851  4384        ...                              1                  0
3  10851  4384        ...                              1                  0

[3 rows x 57 columns]
;.;
        F72         ...          F71-jhm@apache.org
0  0.794814         ...                         0.0
1  0.794814         ...                         0.0
2  0.794814         ...                         0.0

[3 rows x 57 columns]
training_x: (1229, 57)
training_y: 1229
testset_x: (1115, 57)
testset_y: 1115
              precision    recall  f1-score   support

           0       0.00      0.00      0.00      1061
           1       0.05      1.00      0.09        54

    accuracy                           0.05      1115
   macro avg       0.02      0.50      0.05      1115
weighted avg       0.00      0.05      0.00      1115

accuracy: 0.0484304932735426
0.09238665526090675
@@@ tn: 0, fp: 1061, fn: 0, tp: 54
@@@ LIME - Creating explainer
@@@ LIME - Random Sampling of Instances
iter: 0, sample_no: 753, actual label: 0, predicted: 1
iter: 1, sample_no: 277, actual label: 0, predicted: 1
iter: 2, sample_no: 10, actual label: 0, predicted: 1
iter: 3, sample_no: 388, actual label: 0, predicted: 1
iter: 4, sample_no: 252, actual label: 0, predicted: 1
iter: 5, sample_no: 762, actual label: 0, predicted: 1
iter: 6, sample_no: 1044, actual label: 0, predicted: 1
iter: 7, sample_no: 889, actual label: 0, predicted: 1
iter: 8, sample_no: 927, actual label: 0, predicted: 1
iter: 9, sample_no: 506, actual label: 0, predicted: 1
iter: 10, sample_no: 204, actual label: 0, predicted: 1
iter: 11, sample_no: 164, actual label: 0, predicted: 1
iter: 12, sample_no: 857, actual label: 0, predicted: 1
iter: 13, sample_no: 536, actual label: 0, predicted: 1
iter: 14, sample_no: 482, actual label: 0, predicted: 1
iter: 15, sample_no: 237, actual label: 0, predicted: 1
iter: 16, sample_no: 486, actual label: 1, predicted: 1
iter: 17, sample_no: 86, actual label: 0, predicted: 1
iter: 18, sample_no: 852, actual label: 0, predicted: 1
iter: 19, sample_no: 990, actual label: 0, predicted: 1
iter: 20, sample_no: 80, actual label: 0, predicted: 1
iter: 21, sample_no: 765, actual label: 0, predicted: 1
iter: 22, sample_no: 150, actual label: 0, predicted: 1
iter: 23, sample_no: 1089, actual label: 0, predicted: 1
iter: 24, sample_no: 1071, actual label: 0, predicted: 1
number of samples: 1115
AUC 0.5
pos_get 54
total recall stop_at 1.0
@@@ C - Repeat number: 3
@@@ D - common_header:  {'F71-rubys@apache.org', 'F105', 'F71-jskeet@apache.org', 'F104', 'F25', 'F3-Long', 'F3-String', 'F77', 'F71-mbenson@apache.org', 'F71-jhm@apache.org', 'F101', 'F71-jkf@apache.org', 'F71-conor@apache.org', 'F15-public', 'F71-donaldp@apache.org', 'F71-kevj@apache.org', 'F3-null', 'F22', 'F71-stevel@apache.org', 'F116', 'F3-byte[]', 'F3-nestedTask.getTaskName()', 'F110', 'F65', 'F3-FileOutputStream', 'F71-costin@apache.org', 'F71-umagesh@apache.org', 'F71-bodewig@apache.org', 'F3-Object', 'F68', 'F3-Class', 'F15-private', 'category', 'F3-File', 'F3-InputStream', 'F3-boolean', 'F41', 'F71-ehatcher@apache.org', 'F15-protected', 'F3-Project', 'F3-Integer', 'F71-antoine@apache.org', 'F126', 'F3-PrintStream', 'F71-stefano@apache.org', 'F71-sbailliez@apache.org', 'F3-int', 'F3-FileInputStream', 'F71-hibou@apache.org', 'F117', 'F3-Project.MSG_DEBUG', 'F115', 'F71-jglick@apache.org', 'F71-peterreilly@apache.org', 'F72', 'F3-char', 'F123', 'F120'}
     F72   F25        ...         F71-mbenson@apache.org F71-jhm@apache.org
1  10851  4384        ...                              1                  0
2  10851  4384        ...                              1                  0
3  10851  4384        ...                              1                  0

[3 rows x 57 columns]
;.;
        F72         ...          F71-jhm@apache.org
0  0.794814         ...                         0.0
1  0.794814         ...                         0.0
2  0.794814         ...                         0.0

[3 rows x 57 columns]
training_x: (1229, 57)
training_y: 1229
testset_x: (1115, 57)
testset_y: 1115
              precision    recall  f1-score   support

           0       0.00      0.00      0.00      1061
           1       0.05      1.00      0.09        54

    accuracy                           0.05      1115
   macro avg       0.02      0.50      0.05      1115
weighted avg       0.00      0.05      0.00      1115

accuracy: 0.0484304932735426
0.09238665526090675
@@@ tn: 0, fp: 1061, fn: 0, tp: 54
@@@ LIME - Creating explainer
@@@ LIME - Random Sampling of Instances
iter: 0, sample_no: 971, actual label: 0, predicted: 1
iter: 1, sample_no: 510, actual label: 0, predicted: 1
iter: 2, sample_no: 423, actual label: 0, predicted: 1
iter: 3, sample_no: 576, actual label: 0, predicted: 1
iter: 4, sample_no: 409, actual label: 0, predicted: 1
iter: 5, sample_no: 145, actual label: 0, predicted: 1
iter: 6, sample_no: 372, actual label: 0, predicted: 1
iter: 7, sample_no: 6, actual label: 0, predicted: 1
iter: 8, sample_no: 313, actual label: 0, predicted: 1
iter: 9, sample_no: 950, actual label: 0, predicted: 1
iter: 10, sample_no: 432, actual label: 0, predicted: 1
iter: 11, sample_no: 660, actual label: 0, predicted: 1
iter: 12, sample_no: 822, actual label: 0, predicted: 1
iter: 13, sample_no: 332, actual label: 0, predicted: 1
iter: 14, sample_no: 507, actual label: 1, predicted: 1
iter: 15, sample_no: 830, actual label: 0, predicted: 1
iter: 16, sample_no: 251, actual label: 0, predicted: 1
iter: 17, sample_no: 616, actual label: 0, predicted: 1
iter: 18, sample_no: 968, actual label: 0, predicted: 1
iter: 19, sample_no: 601, actual label: 0, predicted: 1
iter: 20, sample_no: 553, actual label: 0, predicted: 1
iter: 21, sample_no: 50, actual label: 0, predicted: 1
iter: 22, sample_no: 160, actual label: 0, predicted: 1
iter: 23, sample_no: 602, actual label: 0, predicted: 1
iter: 24, sample_no: 325, actual label: 0, predicted: 1
number of samples: 1115
AUC 0.5
pos_get 54
total recall stop_at 1.0
@@@ C - Repeat number: 4
@@@ D - common_header:  {'F71-rubys@apache.org', 'F105', 'F71-jskeet@apache.org', 'F104', 'F25', 'F3-Long', 'F3-String', 'F77', 'F71-mbenson@apache.org', 'F71-jhm@apache.org', 'F101', 'F71-jkf@apache.org', 'F71-conor@apache.org', 'F15-public', 'F71-donaldp@apache.org', 'F71-kevj@apache.org', 'F3-null', 'F22', 'F71-stevel@apache.org', 'F116', 'F3-byte[]', 'F3-nestedTask.getTaskName()', 'F110', 'F65', 'F3-FileOutputStream', 'F71-costin@apache.org', 'F71-umagesh@apache.org', 'F71-bodewig@apache.org', 'F3-Object', 'F68', 'F3-Class', 'F15-private', 'category', 'F3-File', 'F3-InputStream', 'F3-boolean', 'F41', 'F71-ehatcher@apache.org', 'F15-protected', 'F3-Project', 'F3-Integer', 'F71-antoine@apache.org', 'F126', 'F3-PrintStream', 'F71-stefano@apache.org', 'F71-sbailliez@apache.org', 'F3-int', 'F3-FileInputStream', 'F71-hibou@apache.org', 'F117', 'F3-Project.MSG_DEBUG', 'F115', 'F71-jglick@apache.org', 'F71-peterreilly@apache.org', 'F72', 'F3-char', 'F123', 'F120'}
     F72   F25        ...         F71-mbenson@apache.org F71-jhm@apache.org
1  10851  4384        ...                              1                  0
2  10851  4384        ...                              1                  0
3  10851  4384        ...                              1                  0

[3 rows x 57 columns]
;.;
        F72         ...          F71-jhm@apache.org
0  0.794814         ...                         0.0
1  0.794814         ...                         0.0
2  0.794814         ...                         0.0

[3 rows x 57 columns]
training_x: (1229, 57)
training_y: 1229
testset_x: (1115, 57)
testset_y: 1115
              precision    recall  f1-score   support

           0       0.00      0.00      0.00      1061
           1       0.05      1.00      0.09        54

    accuracy                           0.05      1115
   macro avg       0.02      0.50      0.05      1115
weighted avg       0.00      0.05      0.00      1115

accuracy: 0.0484304932735426
0.09238665526090675
@@@ tn: 0, fp: 1061, fn: 0, tp: 54
@@@ LIME - Creating explainer
@@@ LIME - Random Sampling of Instances
iter: 0, sample_no: 837, actual label: 0, predicted: 1
iter: 1, sample_no: 1090, actual label: 0, predicted: 1
iter: 2, sample_no: 577, actual label: 0, predicted: 1
iter: 3, sample_no: 92, actual label: 0, predicted: 1
iter: 4, sample_no: 1023, actual label: 0, predicted: 1
iter: 5, sample_no: 384, actual label: 0, predicted: 1
iter: 6, sample_no: 864, actual label: 0, predicted: 1
iter: 7, sample_no: 789, actual label: 0, predicted: 1
iter: 8, sample_no: 978, actual label: 0, predicted: 1
iter: 9, sample_no: 46, actual label: 1, predicted: 1
iter: 10, sample_no: 606, actual label: 0, predicted: 1
iter: 11, sample_no: 159, actual label: 0, predicted: 1
iter: 12, sample_no: 72, actual label: 0, predicted: 1
iter: 13, sample_no: 1073, actual label: 0, predicted: 1
iter: 14, sample_no: 99, actual label: 0, predicted: 1
iter: 15, sample_no: 265, actual label: 0, predicted: 1
iter: 16, sample_no: 696, actual label: 0, predicted: 1
iter: 17, sample_no: 277, actual label: 0, predicted: 1
iter: 18, sample_no: 944, actual label: 0, predicted: 1
iter: 19, sample_no: 980, actual label: 0, predicted: 1
iter: 20, sample_no: 522, actual label: 0, predicted: 1
iter: 21, sample_no: 58, actual label: 0, predicted: 1
iter: 22, sample_no: 1090, actual label: 0, predicted: 1
iter: 23, sample_no: 400, actual label: 1, predicted: 1
iter: 24, sample_no: 408, actual label: 0, predicted: 1
number of samples: 1115
AUC 0.5
pos_get 54
total recall stop_at 1.0
@@@ C - Repeat number: 5
@@@ D - common_header:  {'F71-rubys@apache.org', 'F105', 'F71-jskeet@apache.org', 'F104', 'F25', 'F3-Long', 'F3-String', 'F77', 'F71-mbenson@apache.org', 'F71-jhm@apache.org', 'F101', 'F71-jkf@apache.org', 'F71-conor@apache.org', 'F15-public', 'F71-donaldp@apache.org', 'F71-kevj@apache.org', 'F3-null', 'F22', 'F71-stevel@apache.org', 'F116', 'F3-byte[]', 'F3-nestedTask.getTaskName()', 'F110', 'F65', 'F3-FileOutputStream', 'F71-costin@apache.org', 'F71-umagesh@apache.org', 'F71-bodewig@apache.org', 'F3-Object', 'F68', 'F3-Class', 'F15-private', 'category', 'F3-File', 'F3-InputStream', 'F3-boolean', 'F41', 'F71-ehatcher@apache.org', 'F15-protected', 'F3-Project', 'F3-Integer', 'F71-antoine@apache.org', 'F126', 'F3-PrintStream', 'F71-stefano@apache.org', 'F71-sbailliez@apache.org', 'F3-int', 'F3-FileInputStream', 'F71-hibou@apache.org', 'F117', 'F3-Project.MSG_DEBUG', 'F115', 'F71-jglick@apache.org', 'F71-peterreilly@apache.org', 'F72', 'F3-char', 'F123', 'F120'}
     F72   F25        ...         F71-mbenson@apache.org F71-jhm@apache.org
1  10851  4384        ...                              1                  0
2  10851  4384        ...                              1                  0
3  10851  4384        ...                              1                  0

[3 rows x 57 columns]
;.;
        F72         ...          F71-jhm@apache.org
0  0.794814         ...                         0.0
1  0.794814         ...                         0.0
2  0.794814         ...                         0.0

[3 rows x 57 columns]
training_x: (1229, 57)
training_y: 1229
testset_x: (1115, 57)
testset_y: 1115
              precision    recall  f1-score   support

           0       0.00      0.00      0.00      1061
           1       0.05      1.00      0.09        54

    accuracy                           0.05      1115
   macro avg       0.02      0.50      0.05      1115
weighted avg       0.00      0.05      0.00      1115

accuracy: 0.0484304932735426
0.09238665526090675
@@@ tn: 0, fp: 1061, fn: 0, tp: 54
@@@ LIME - Creating explainer
@@@ LIME - Random Sampling of Instances
iter: 0, sample_no: 327, actual label: 0, predicted: 1
iter: 1, sample_no: 691, actual label: 0, predicted: 1
iter: 2, sample_no: 59, actual label: 0, predicted: 1
iter: 3, sample_no: 685, actual label: 0, predicted: 1
iter: 4, sample_no: 824, actual label: 0, predicted: 1
iter: 5, sample_no: 223, actual label: 0, predicted: 1
iter: 6, sample_no: 766, actual label: 0, predicted: 1
iter: 7, sample_no: 841, actual label: 0, predicted: 1
iter: 8, sample_no: 104, actual label: 0, predicted: 1
iter: 9, sample_no: 996, actual label: 0, predicted: 1
iter: 10, sample_no: 406, actual label: 0, predicted: 1
iter: 11, sample_no: 190, actual label: 0, predicted: 1
iter: 12, sample_no: 590, actual label: 0, predicted: 1
iter: 13, sample_no: 15, actual label: 0, predicted: 1
iter: 14, sample_no: 225, actual label: 0, predicted: 1
iter: 15, sample_no: 778, actual label: 0, predicted: 1
iter: 16, sample_no: 557, actual label: 0, predicted: 1
iter: 17, sample_no: 843, actual label: 0, predicted: 1
iter: 18, sample_no: 981, actual label: 0, predicted: 1
iter: 19, sample_no: 769, actual label: 0, predicted: 1
iter: 20, sample_no: 411, actual label: 0, predicted: 1
iter: 21, sample_no: 163, actual label: 0, predicted: 1
iter: 22, sample_no: 598, actual label: 0, predicted: 1
iter: 23, sample_no: 573, actual label: 0, predicted: 1
iter: 24, sample_no: 944, actual label: 0, predicted: 1
number of samples: 1115
AUC 0.5
pos_get 54
total recall stop_at 1.0
@@@ C - Repeat number: 6
@@@ D - common_header:  {'F71-rubys@apache.org', 'F105', 'F71-jskeet@apache.org', 'F104', 'F25', 'F3-Long', 'F3-String', 'F77', 'F71-mbenson@apache.org', 'F71-jhm@apache.org', 'F101', 'F71-jkf@apache.org', 'F71-conor@apache.org', 'F15-public', 'F71-donaldp@apache.org', 'F71-kevj@apache.org', 'F3-null', 'F22', 'F71-stevel@apache.org', 'F116', 'F3-byte[]', 'F3-nestedTask.getTaskName()', 'F110', 'F65', 'F3-FileOutputStream', 'F71-costin@apache.org', 'F71-umagesh@apache.org', 'F71-bodewig@apache.org', 'F3-Object', 'F68', 'F3-Class', 'F15-private', 'category', 'F3-File', 'F3-InputStream', 'F3-boolean', 'F41', 'F71-ehatcher@apache.org', 'F15-protected', 'F3-Project', 'F3-Integer', 'F71-antoine@apache.org', 'F126', 'F3-PrintStream', 'F71-stefano@apache.org', 'F71-sbailliez@apache.org', 'F3-int', 'F3-FileInputStream', 'F71-hibou@apache.org', 'F117', 'F3-Project.MSG_DEBUG', 'F115', 'F71-jglick@apache.org', 'F71-peterreilly@apache.org', 'F72', 'F3-char', 'F123', 'F120'}
     F72   F25        ...         F71-mbenson@apache.org F71-jhm@apache.org
1  10851  4384        ...                              1                  0
2  10851  4384        ...                              1                  0
3  10851  4384        ...                              1                  0

[3 rows x 57 columns]
;.;
        F72         ...          F71-jhm@apache.org
0  0.794814         ...                         0.0
1  0.794814         ...                         0.0
2  0.794814         ...                         0.0

[3 rows x 57 columns]
training_x: (1229, 57)
training_y: 1229
testset_x: (1115, 57)
testset_y: 1115
              precision    recall  f1-score   support

           0       0.00      0.00      0.00      1061
           1       0.05      1.00      0.09        54

    accuracy                           0.05      1115
   macro avg       0.02      0.50      0.05      1115
weighted avg       0.00      0.05      0.00      1115

accuracy: 0.0484304932735426
0.09238665526090675
@@@ tn: 0, fp: 1061, fn: 0, tp: 54
@@@ LIME - Creating explainer
@@@ LIME - Random Sampling of Instances
iter: 0, sample_no: 563, actual label: 0, predicted: 1
iter: 1, sample_no: 1045, actual label: 1, predicted: 1
iter: 2, sample_no: 565, actual label: 0, predicted: 1
iter: 3, sample_no: 862, actual label: 0, predicted: 1
iter: 4, sample_no: 609, actual label: 0, predicted: 1
iter: 5, sample_no: 266, actual label: 1, predicted: 1
iter: 6, sample_no: 950, actual label: 0, predicted: 1
iter: 7, sample_no: 1087, actual label: 0, predicted: 1
iter: 8, sample_no: 107, actual label: 0, predicted: 1
iter: 9, sample_no: 391, actual label: 0, predicted: 1
iter: 10, sample_no: 53, actual label: 0, predicted: 1
iter: 11, sample_no: 621, actual label: 1, predicted: 1
iter: 12, sample_no: 77, actual label: 0, predicted: 1
iter: 13, sample_no: 832, actual label: 0, predicted: 1
iter: 14, sample_no: 951, actual label: 0, predicted: 1
iter: 15, sample_no: 61, actual label: 0, predicted: 1
iter: 16, sample_no: 824, actual label: 0, predicted: 1
iter: 17, sample_no: 829, actual label: 0, predicted: 1
iter: 18, sample_no: 635, actual label: 0, predicted: 1
iter: 19, sample_no: 218, actual label: 0, predicted: 1
iter: 20, sample_no: 679, actual label: 0, predicted: 1
iter: 21, sample_no: 286, actual label: 0, predicted: 1
iter: 22, sample_no: 1005, actual label: 0, predicted: 1
iter: 23, sample_no: 728, actual label: 0, predicted: 1
iter: 24, sample_no: 69, actual label: 0, predicted: 1
number of samples: 1115
AUC 0.5
pos_get 54
total recall stop_at 1.0
@@@ C - Repeat number: 7
@@@ D - common_header:  {'F71-rubys@apache.org', 'F105', 'F71-jskeet@apache.org', 'F104', 'F25', 'F3-Long', 'F3-String', 'F77', 'F71-mbenson@apache.org', 'F71-jhm@apache.org', 'F101', 'F71-jkf@apache.org', 'F71-conor@apache.org', 'F15-public', 'F71-donaldp@apache.org', 'F71-kevj@apache.org', 'F3-null', 'F22', 'F71-stevel@apache.org', 'F116', 'F3-byte[]', 'F3-nestedTask.getTaskName()', 'F110', 'F65', 'F3-FileOutputStream', 'F71-costin@apache.org', 'F71-umagesh@apache.org', 'F71-bodewig@apache.org', 'F3-Object', 'F68', 'F3-Class', 'F15-private', 'category', 'F3-File', 'F3-InputStream', 'F3-boolean', 'F41', 'F71-ehatcher@apache.org', 'F15-protected', 'F3-Project', 'F3-Integer', 'F71-antoine@apache.org', 'F126', 'F3-PrintStream', 'F71-stefano@apache.org', 'F71-sbailliez@apache.org', 'F3-int', 'F3-FileInputStream', 'F71-hibou@apache.org', 'F117', 'F3-Project.MSG_DEBUG', 'F115', 'F71-jglick@apache.org', 'F71-peterreilly@apache.org', 'F72', 'F3-char', 'F123', 'F120'}
     F72   F25        ...         F71-mbenson@apache.org F71-jhm@apache.org
1  10851  4384        ...                              1                  0
2  10851  4384        ...                              1                  0
3  10851  4384        ...                              1                  0

[3 rows x 57 columns]
;.;
        F72         ...          F71-jhm@apache.org
0  0.794814         ...                         0.0
1  0.794814         ...                         0.0
2  0.794814         ...                         0.0

[3 rows x 57 columns]
training_x: (1229, 57)
training_y: 1229
testset_x: (1115, 57)
testset_y: 1115
              precision    recall  f1-score   support

           0       0.00      0.00      0.00      1061
           1       0.05      1.00      0.09        54

    accuracy                           0.05      1115
   macro avg       0.02      0.50      0.05      1115
weighted avg       0.00      0.05      0.00      1115

accuracy: 0.0484304932735426
0.09238665526090675
@@@ tn: 0, fp: 1061, fn: 0, tp: 54
@@@ LIME - Creating explainer
@@@ LIME - Random Sampling of Instances
iter: 0, sample_no: 426, actual label: 0, predicted: 1
iter: 1, sample_no: 1076, actual label: 0, predicted: 1
iter: 2, sample_no: 65, actual label: 1, predicted: 1
iter: 3, sample_no: 406, actual label: 0, predicted: 1
iter: 4, sample_no: 222, actual label: 0, predicted: 1
iter: 5, sample_no: 963, actual label: 0, predicted: 1
iter: 6, sample_no: 138, actual label: 0, predicted: 1
iter: 7, sample_no: 785, actual label: 0, predicted: 1
iter: 8, sample_no: 1011, actual label: 0, predicted: 1
iter: 9, sample_no: 32, actual label: 0, predicted: 1
iter: 10, sample_no: 906, actual label: 0, predicted: 1
iter: 11, sample_no: 1089, actual label: 0, predicted: 1
iter: 12, sample_no: 667, actual label: 0, predicted: 1
iter: 13, sample_no: 854, actual label: 0, predicted: 1
iter: 14, sample_no: 751, actual label: 1, predicted: 1
iter: 15, sample_no: 1090, actual label: 0, predicted: 1
iter: 16, sample_no: 1109, actual label: 0, predicted: 1
iter: 17, sample_no: 131, actual label: 0, predicted: 1
iter: 18, sample_no: 311, actual label: 0, predicted: 1
iter: 19, sample_no: 810, actual label: 0, predicted: 1
iter: 20, sample_no: 402, actual label: 0, predicted: 1
iter: 21, sample_no: 74, actual label: 0, predicted: 1
iter: 22, sample_no: 726, actual label: 0, predicted: 1
iter: 23, sample_no: 247, actual label: 0, predicted: 1
iter: 24, sample_no: 778, actual label: 0, predicted: 1
number of samples: 1115
AUC 0.5
pos_get 54
total recall stop_at 1.0
@@@ C - Repeat number: 8
@@@ D - common_header:  {'F71-rubys@apache.org', 'F105', 'F71-jskeet@apache.org', 'F104', 'F25', 'F3-Long', 'F3-String', 'F77', 'F71-mbenson@apache.org', 'F71-jhm@apache.org', 'F101', 'F71-jkf@apache.org', 'F71-conor@apache.org', 'F15-public', 'F71-donaldp@apache.org', 'F71-kevj@apache.org', 'F3-null', 'F22', 'F71-stevel@apache.org', 'F116', 'F3-byte[]', 'F3-nestedTask.getTaskName()', 'F110', 'F65', 'F3-FileOutputStream', 'F71-costin@apache.org', 'F71-umagesh@apache.org', 'F71-bodewig@apache.org', 'F3-Object', 'F68', 'F3-Class', 'F15-private', 'category', 'F3-File', 'F3-InputStream', 'F3-boolean', 'F41', 'F71-ehatcher@apache.org', 'F15-protected', 'F3-Project', 'F3-Integer', 'F71-antoine@apache.org', 'F126', 'F3-PrintStream', 'F71-stefano@apache.org', 'F71-sbailliez@apache.org', 'F3-int', 'F3-FileInputStream', 'F71-hibou@apache.org', 'F117', 'F3-Project.MSG_DEBUG', 'F115', 'F71-jglick@apache.org', 'F71-peterreilly@apache.org', 'F72', 'F3-char', 'F123', 'F120'}
     F72   F25        ...         F71-mbenson@apache.org F71-jhm@apache.org
1  10851  4384        ...                              1                  0
2  10851  4384        ...                              1                  0
3  10851  4384        ...                              1                  0

[3 rows x 57 columns]
;.;
        F72         ...          F71-jhm@apache.org
0  0.794814         ...                         0.0
1  0.794814         ...                         0.0
2  0.794814         ...                         0.0

[3 rows x 57 columns]
training_x: (1229, 57)
training_y: 1229
testset_x: (1115, 57)
testset_y: 1115
              precision    recall  f1-score   support

           0       0.00      0.00      0.00      1061
           1       0.05      1.00      0.09        54

    accuracy                           0.05      1115
   macro avg       0.02      0.50      0.05      1115
weighted avg       0.00      0.05      0.00      1115

accuracy: 0.0484304932735426
0.09238665526090675
@@@ tn: 0, fp: 1061, fn: 0, tp: 54
@@@ LIME - Creating explainer
@@@ LIME - Random Sampling of Instances
iter: 0, sample_no: 109, actual label: 0, predicted: 1
iter: 1, sample_no: 674, actual label: 0, predicted: 1
iter: 2, sample_no: 605, actual label: 0, predicted: 1
iter: 3, sample_no: 767, actual label: 0, predicted: 1
iter: 4, sample_no: 236, actual label: 0, predicted: 1
iter: 5, sample_no: 245, actual label: 0, predicted: 1
iter: 6, sample_no: 46, actual label: 1, predicted: 1
iter: 7, sample_no: 475, actual label: 0, predicted: 1
iter: 8, sample_no: 209, actual label: 0, predicted: 1
iter: 9, sample_no: 867, actual label: 0, predicted: 1
iter: 10, sample_no: 919, actual label: 0, predicted: 1
iter: 11, sample_no: 136, actual label: 0, predicted: 1
iter: 12, sample_no: 537, actual label: 0, predicted: 1
iter: 13, sample_no: 430, actual label: 0, predicted: 1
iter: 14, sample_no: 134, actual label: 0, predicted: 1
iter: 15, sample_no: 489, actual label: 0, predicted: 1
iter: 16, sample_no: 590, actual label: 0, predicted: 1
iter: 17, sample_no: 421, actual label: 0, predicted: 1
iter: 18, sample_no: 879, actual label: 0, predicted: 1
iter: 19, sample_no: 898, actual label: 0, predicted: 1
iter: 20, sample_no: 70, actual label: 0, predicted: 1
iter: 21, sample_no: 779, actual label: 0, predicted: 1
iter: 22, sample_no: 59, actual label: 0, predicted: 1
iter: 23, sample_no: 788, actual label: 0, predicted: 1
iter: 24, sample_no: 262, actual label: 0, predicted: 1
number of samples: 1115
AUC 0.5
pos_get 54
total recall stop_at 1.0
@@@ C - Repeat number: 9
@@@ D - common_header:  {'F71-rubys@apache.org', 'F105', 'F71-jskeet@apache.org', 'F104', 'F25', 'F3-Long', 'F3-String', 'F77', 'F71-mbenson@apache.org', 'F71-jhm@apache.org', 'F101', 'F71-jkf@apache.org', 'F71-conor@apache.org', 'F15-public', 'F71-donaldp@apache.org', 'F71-kevj@apache.org', 'F3-null', 'F22', 'F71-stevel@apache.org', 'F116', 'F3-byte[]', 'F3-nestedTask.getTaskName()', 'F110', 'F65', 'F3-FileOutputStream', 'F71-costin@apache.org', 'F71-umagesh@apache.org', 'F71-bodewig@apache.org', 'F3-Object', 'F68', 'F3-Class', 'F15-private', 'category', 'F3-File', 'F3-InputStream', 'F3-boolean', 'F41', 'F71-ehatcher@apache.org', 'F15-protected', 'F3-Project', 'F3-Integer', 'F71-antoine@apache.org', 'F126', 'F3-PrintStream', 'F71-stefano@apache.org', 'F71-sbailliez@apache.org', 'F3-int', 'F3-FileInputStream', 'F71-hibou@apache.org', 'F117', 'F3-Project.MSG_DEBUG', 'F115', 'F71-jglick@apache.org', 'F71-peterreilly@apache.org', 'F72', 'F3-char', 'F123', 'F120'}
     F72   F25        ...         F71-mbenson@apache.org F71-jhm@apache.org
1  10851  4384        ...                              1                  0
2  10851  4384        ...                              1                  0
3  10851  4384        ...                              1                  0

[3 rows x 57 columns]
;.;
        F72         ...          F71-jhm@apache.org
0  0.794814         ...                         0.0
1  0.794814         ...                         0.0
2  0.794814         ...                         0.0

[3 rows x 57 columns]
training_x: (1229, 57)
training_y: 1229
testset_x: (1115, 57)
testset_y: 1115
              precision    recall  f1-score   support

           0       0.00      0.00      0.00      1061
           1       0.05      1.00      0.09        54

    accuracy                           0.05      1115
   macro avg       0.02      0.50      0.05      1115
weighted avg       0.00      0.05      0.00      1115

accuracy: 0.0484304932735426
0.09238665526090675
@@@ tn: 0, fp: 1061, fn: 0, tp: 54
@@@ LIME - Creating explainer
@@@ LIME - Random Sampling of Instances
iter: 0, sample_no: 1022, actual label: 0, predicted: 1
iter: 1, sample_no: 119, actual label: 0, predicted: 1
iter: 2, sample_no: 800, actual label: 0, predicted: 1
iter: 3, sample_no: 475, actual label: 0, predicted: 1
iter: 4, sample_no: 626, actual label: 0, predicted: 1
iter: 5, sample_no: 54, actual label: 0, predicted: 1
iter: 6, sample_no: 900, actual label: 0, predicted: 1
iter: 7, sample_no: 850, actual label: 0, predicted: 1
iter: 8, sample_no: 815, actual label: 0, predicted: 1
iter: 9, sample_no: 616, actual label: 0, predicted: 1
iter: 10, sample_no: 1002, actual label: 0, predicted: 1
iter: 11, sample_no: 1089, actual label: 0, predicted: 1
iter: 12, sample_no: 960, actual label: 0, predicted: 1
iter: 13, sample_no: 675, actual label: 0, predicted: 1
iter: 14, sample_no: 900, actual label: 0, predicted: 1
iter: 15, sample_no: 389, actual label: 0, predicted: 1
iter: 16, sample_no: 115, actual label: 0, predicted: 1
iter: 17, sample_no: 39, actual label: 0, predicted: 1
iter: 18, sample_no: 1079, actual label: 0, predicted: 1
iter: 19, sample_no: 129, actual label: 0, predicted: 1
iter: 20, sample_no: 185, actual label: 0, predicted: 1
iter: 21, sample_no: 426, actual label: 0, predicted: 1
iter: 22, sample_no: 761, actual label: 0, predicted: 1
iter: 23, sample_no: 152, actual label: 1, predicted: 1
iter: 24, sample_no: 1085, actual label: 0, predicted: 1
number of samples: 1115
AUC 0.5
pos_get 54
total recall stop_at 1.0
@@@ C - Repeat number: 10
@@@ D - common_header:  {'F71-rubys@apache.org', 'F105', 'F71-jskeet@apache.org', 'F104', 'F25', 'F3-Long', 'F3-String', 'F77', 'F71-mbenson@apache.org', 'F71-jhm@apache.org', 'F101', 'F71-jkf@apache.org', 'F71-conor@apache.org', 'F15-public', 'F71-donaldp@apache.org', 'F71-kevj@apache.org', 'F3-null', 'F22', 'F71-stevel@apache.org', 'F116', 'F3-byte[]', 'F3-nestedTask.getTaskName()', 'F110', 'F65', 'F3-FileOutputStream', 'F71-costin@apache.org', 'F71-umagesh@apache.org', 'F71-bodewig@apache.org', 'F3-Object', 'F68', 'F3-Class', 'F15-private', 'category', 'F3-File', 'F3-InputStream', 'F3-boolean', 'F41', 'F71-ehatcher@apache.org', 'F15-protected', 'F3-Project', 'F3-Integer', 'F71-antoine@apache.org', 'F126', 'F3-PrintStream', 'F71-stefano@apache.org', 'F71-sbailliez@apache.org', 'F3-int', 'F3-FileInputStream', 'F71-hibou@apache.org', 'F117', 'F3-Project.MSG_DEBUG', 'F115', 'F71-jglick@apache.org', 'F71-peterreilly@apache.org', 'F72', 'F3-char', 'F123', 'F120'}
     F72   F25        ...         F71-mbenson@apache.org F71-jhm@apache.org
1  10851  4384        ...                              1                  0
2  10851  4384        ...                              1                  0
3  10851  4384        ...                              1                  0

[3 rows x 57 columns]
;.;
        F72         ...          F71-jhm@apache.org
0  0.794814         ...                         0.0
1  0.794814         ...                         0.0
2  0.794814         ...                         0.0

[3 rows x 57 columns]
training_x: (1229, 57)
training_y: 1229
testset_x: (1115, 57)
testset_y: 1115
              precision    recall  f1-score   support

           0       0.00      0.00      0.00      1061
           1       0.05      1.00      0.09        54

    accuracy                           0.05      1115
   macro avg       0.02      0.50      0.05      1115
weighted avg       0.00      0.05      0.00      1115

accuracy: 0.0484304932735426
0.09238665526090675
@@@ tn: 0, fp: 1061, fn: 0, tp: 54
@@@ LIME - Creating explainer
@@@ LIME - Random Sampling of Instances
/Users/author1/anaconda3/lib/python3.6/site-packages/tensorflow/python/framework/dtypes.py:463: FutureWarning: Passing (type, 1) or '1type' as a synonym of type is deprecated; in a future version of numpy, it will be understood as (type, (1,)) / '(1,)type'.
  _np_qint8 = np.dtype([("qint8", np.int8, 1)])
/Users/author1/anaconda3/lib/python3.6/site-packages/tensorflow/python/framework/dtypes.py:464: FutureWarning: Passing (type, 1) or '1type' as a synonym of type is deprecated; in a future version of numpy, it will be understood as (type, (1,)) / '(1,)type'.
  _np_quint8 = np.dtype([("quint8", np.uint8, 1)])
/Users/author1/anaconda3/lib/python3.6/site-packages/tensorflow/python/framework/dtypes.py:465: FutureWarning: Passing (type, 1) or '1type' as a synonym of type is deprecated; in a future version of numpy, it will be understood as (type, (1,)) / '(1,)type'.
  _np_qint16 = np.dtype([("qint16", np.int16, 1)])
/Users/author1/anaconda3/lib/python3.6/site-packages/tensorflow/python/framework/dtypes.py:466: FutureWarning: Passing (type, 1) or '1type' as a synonym of type is deprecated; in a future version of numpy, it will be understood as (type, (1,)) / '(1,)type'.
  _np_quint16 = np.dtype([("quint16", np.uint16, 1)])
/Users/author1/anaconda3/lib/python3.6/site-packages/tensorflow/python/framework/dtypes.py:467: FutureWarning: Passing (type, 1) or '1type' as a synonym of type is deprecated; in a future version of numpy, it will be understood as (type, (1,)) / '(1,)type'.
  _np_qint32 = np.dtype([("qint32", np.int32, 1)])
Precision and F-score are ill-defined and being set to 0.0 in labels with no predicted samples. Use `zero_division` parameter to control this behavior.
Precision and F-score are ill-defined and being set to 0.0 in labels with no predicted samples. Use `zero_division` parameter to control this behavior.
Precision and F-score are ill-defined and being set to 0.0 in labels with no predicted samples. Use `zero_division` parameter to control this behavior.
Precision and F-score are ill-defined and being set to 0.0 in labels with no predicted samples. Use `zero_division` parameter to control this behavior.
Precision and F-score are ill-defined and being set to 0.0 in labels with no predicted samples. Use `zero_division` parameter to control this behavior.
Precision and F-score are ill-defined and being set to 0.0 in labels with no predicted samples. Use `zero_division` parameter to control this behavior.
Precision and F-score are ill-defined and being set to 0.0 in labels with no predicted samples. Use `zero_division` parameter to control this behavior.
Precision and F-score are ill-defined and being set to 0.0 in labels with no predicted samples. Use `zero_division` parameter to control this behavior.
Precision and F-score are ill-defined and being set to 0.0 in labels with no predicted samples. Use `zero_division` parameter to control this behavior.
Precision and F-score are ill-defined and being set to 0.0 in labels with no predicted samples. Use `zero_division` parameter to control this behavior.
iter: 0, sample_no: 1013, actual label: 0, predicted: 1
iter: 1, sample_no: 277, actual label: 0, predicted: 1
iter: 2, sample_no: 610, actual label: 0, predicted: 1
iter: 3, sample_no: 137, actual label: 0, predicted: 1
iter: 4, sample_no: 833, actual label: 0, predicted: 1
iter: 5, sample_no: 654, actual label: 0, predicted: 1
iter: 6, sample_no: 490, actual label: 0, predicted: 1
iter: 7, sample_no: 96, actual label: 0, predicted: 1
iter: 8, sample_no: 108, actual label: 0, predicted: 1
iter: 9, sample_no: 692, actual label: 0, predicted: 1
iter: 10, sample_no: 139, actual label: 0, predicted: 1
iter: 11, sample_no: 904, actual label: 0, predicted: 1
iter: 12, sample_no: 344, actual label: 0, predicted: 1
iter: 13, sample_no: 820, actual label: 0, predicted: 1
iter: 14, sample_no: 1105, actual label: 1, predicted: 1
iter: 15, sample_no: 115, actual label: 0, predicted: 1
iter: 16, sample_no: 774, actual label: 0, predicted: 1
iter: 17, sample_no: 170, actual label: 0, predicted: 1
iter: 18, sample_no: 661, actual label: 0, predicted: 1
iter: 19, sample_no: 423, actual label: 0, predicted: 1
iter: 20, sample_no: 765, actual label: 0, predicted: 1
iter: 21, sample_no: 701, actual label: 0, predicted: 1
iter: 22, sample_no: 1086, actual label: 0, predicted: 1
iter: 23, sample_no: 304, actual label: 0, predicted: 1
iter: 24, sample_no: 516, actual label: 0, predicted: 1
number of samples: 1115
AUC 0.5
pos_get 54
total recall stop_at 1.0
----------threshold stop at----------: 1
AUC [0.5, 0.5, 0.5, 0.5, 0.5, 0.5, 0.5, 0.5, 0.5, 0.5]
AUC_median 0.5
AUC_iqr 0.0
cost [0.9874439461883409, 0.9874439461883409, 0.9874439461883409, 0.9874439461883409, 0.9874439461883409, 0.9874439461883409, 0.9874439461883409, 0.9874439461883409, 0.9874439461883409, 0.9874439461883409]
COST_med 0.9874439461883409
COST_iqr 0.0
f1_pos_list [0.09238665526090675, 0.09238665526090675, 0.09238665526090675, 0.09238665526090675, 0.09238665526090675, 0.09238665526090675, 0.09238665526090675, 0.09238665526090675, 0.09238665526090675, 0.09238665526090675]
f1_pos_med 0.09238665526090675
