@@@ A - classifier: DummyClassifier(constant=1, random_state=None, strategy='constant')
@@@ B - threshold stop at: 1
@@@ C - Repeat number: 1
@@@ D - common_header:  {'F3-String', 'F71-slebresne@apache.org', 'F25', 'F3-input', 'F3-EncryptionOptions', 'F115', 'F101', 'F3-byte[]', 'F71-jakers@gmail.com', 'F110', 'F15-NA', 'F15-protected', 'F71-aleksey@apache.org', 'F71-brandonwilliams@apache.org', 'F22', 'F116', 'F71-johan@apache.org', 'F71-eevans@apache.org', 'F71-dbrosius@apache.org', 'F71-jbellis@apache.org', 'F71-vijay2win@gmail.com', 'F71-goffinet@apache.org', 'F15-private', 'F71-gdusbabek@apache.org', 'F71-eevans@sym-link.com', 'F3-NA', 'F71-jake@apache.org', 'F3-InetAddress', 'F3-RandomStringGenerator', 'category', 'F15-public', 'F41', 'F120', 'F3-boolean', 'F71-povel.y@gmail.com', 'F3-int', 'F71-xedin@apache.org', 'F72', 'F105', 'F77', 'F71-sylvain@datastax.com', 'F117', 'F68', 'F126', 'F3-long', 'F3-ByteBuffer', 'F3-BitSet', 'F65', 'F123', 'F71-yukim@apache.org', 'F104'}
     F72           ...           F71-goffinet@apache.org
1   7543           ...                                 0
2   6974           ...                                 0
3  11584           ...                                 0

[3 rows x 50 columns]
;.;
        F72           ...             F71-goffinet@apache.org
0  0.123427           ...                                 0.0
1  0.000000           ...                                 0.0
2  1.000000           ...                                 0.0

[3 rows x 50 columns]
training_x: (10, 50)
training_y: 10
testset_x: (7, 50)
testset_y: 7
              precision    recall  f1-score   support

           0       0.00      0.00      0.00         4
           1       0.43      1.00      0.60         3

    accuracy                           0.43         7
   macro avg       0.21      0.50      0.30         7
weighted avg       0.18      0.43      0.26         7

accuracy: 0.42857142857142855
0.6
@@@ tn: 0, fp: 4, fn: 0, tp: 3
@@@ LIME - Creating explainer
@@@ LIME - Random Sampling of Instances
iter: 0, sample_no: 4, actual label: 0, predicted: 1
iter: 1, sample_no: 6, actual label: 0, predicted: 1
iter: 2, sample_no: 5, actual label: 1, predicted: 1
iter: 3, sample_no: 1, actual label: 0, predicted: 1
iter: 4, sample_no: 0, actual label: 1, predicted: 1
iter: 5, sample_no: 5, actual label: 1, predicted: 1
iter: 6, sample_no: 2, actual label: 1, predicted: 1
iter: 7, sample_no: 5, actual label: 1, predicted: 1
iter: 8, sample_no: 5, actual label: 1, predicted: 1
iter: 9, sample_no: 0, actual label: 1, predicted: 1
iter: 10, sample_no: 3, actual label: 0, predicted: 1
iter: 11, sample_no: 5, actual label: 1, predicted: 1
iter: 12, sample_no: 0, actual label: 1, predicted: 1
iter: 13, sample_no: 2, actual label: 1, predicted: 1
iter: 14, sample_no: 4, actual label: 0, predicted: 1
iter: 15, sample_no: 4, actual label: 0, predicted: 1
iter: 16, sample_no: 2, actual label: 1, predicted: 1
iter: 17, sample_no: 2, actual label: 1, predicted: 1
iter: 18, sample_no: 6, actual label: 0, predicted: 1
iter: 19, sample_no: 6, actual label: 0, predicted: 1
iter: 20, sample_no: 5, actual label: 1, predicted: 1
iter: 21, sample_no: 1, actual label: 0, predicted: 1
iter: 22, sample_no: 1, actual label: 0, predicted: 1
iter: 23, sample_no: 4, actual label: 0, predicted: 1
iter: 24, sample_no: 4, actual label: 0, predicted: 1
number of samples: 7
AUC 0.5
pos_get 3
total recall stop_at 1
@@@ C - Repeat number: 2
@@@ D - common_header:  {'F3-String', 'F71-slebresne@apache.org', 'F25', 'F3-input', 'F3-EncryptionOptions', 'F115', 'F101', 'F3-byte[]', 'F71-jakers@gmail.com', 'F110', 'F15-NA', 'F15-protected', 'F71-aleksey@apache.org', 'F71-brandonwilliams@apache.org', 'F22', 'F116', 'F71-johan@apache.org', 'F71-eevans@apache.org', 'F71-dbrosius@apache.org', 'F71-jbellis@apache.org', 'F71-vijay2win@gmail.com', 'F71-goffinet@apache.org', 'F15-private', 'F71-gdusbabek@apache.org', 'F71-eevans@sym-link.com', 'F3-NA', 'F71-jake@apache.org', 'F3-InetAddress', 'F3-RandomStringGenerator', 'category', 'F15-public', 'F41', 'F120', 'F3-boolean', 'F71-povel.y@gmail.com', 'F3-int', 'F71-xedin@apache.org', 'F72', 'F105', 'F77', 'F71-sylvain@datastax.com', 'F117', 'F68', 'F126', 'F3-long', 'F3-ByteBuffer', 'F3-BitSet', 'F65', 'F123', 'F71-yukim@apache.org', 'F104'}
     F72           ...           F71-goffinet@apache.org
1   7543           ...                                 0
2   6974           ...                                 0
3  11584           ...                                 0

[3 rows x 50 columns]
;.;
        F72           ...             F71-goffinet@apache.org
0  0.123427           ...                                 0.0
1  0.000000           ...                                 0.0
2  1.000000           ...                                 0.0

[3 rows x 50 columns]
training_x: (10, 50)
training_y: 10
testset_x: (7, 50)
testset_y: 7
              precision    recall  f1-score   support

           0       0.00      0.00      0.00         4
           1       0.43      1.00      0.60         3

    accuracy                           0.43         7
   macro avg       0.21      0.50      0.30         7
weighted avg       0.18      0.43      0.26         7

accuracy: 0.42857142857142855
0.6
@@@ tn: 0, fp: 4, fn: 0, tp: 3
@@@ LIME - Creating explainer
@@@ LIME - Random Sampling of Instances
iter: 0, sample_no: 4, actual label: 0, predicted: 1
iter: 1, sample_no: 6, actual label: 0, predicted: 1
iter: 2, sample_no: 6, actual label: 0, predicted: 1
iter: 3, sample_no: 0, actual label: 1, predicted: 1
iter: 4, sample_no: 3, actual label: 0, predicted: 1
iter: 5, sample_no: 0, actual label: 1, predicted: 1
iter: 6, sample_no: 2, actual label: 1, predicted: 1
iter: 7, sample_no: 5, actual label: 1, predicted: 1
iter: 8, sample_no: 3, actual label: 0, predicted: 1
iter: 9, sample_no: 4, actual label: 0, predicted: 1
iter: 10, sample_no: 3, actual label: 0, predicted: 1
iter: 11, sample_no: 4, actual label: 0, predicted: 1
iter: 12, sample_no: 3, actual label: 0, predicted: 1
iter: 13, sample_no: 2, actual label: 1, predicted: 1
iter: 14, sample_no: 1, actual label: 0, predicted: 1
iter: 15, sample_no: 1, actual label: 0, predicted: 1
iter: 16, sample_no: 4, actual label: 0, predicted: 1
iter: 17, sample_no: 0, actual label: 1, predicted: 1
iter: 18, sample_no: 1, actual label: 0, predicted: 1
iter: 19, sample_no: 1, actual label: 0, predicted: 1
iter: 20, sample_no: 3, actual label: 0, predicted: 1
iter: 21, sample_no: 2, actual label: 1, predicted: 1
iter: 22, sample_no: 5, actual label: 1, predicted: 1
iter: 23, sample_no: 1, actual label: 0, predicted: 1
iter: 24, sample_no: 1, actual label: 0, predicted: 1
number of samples: 7
AUC 0.5
pos_get 3
total recall stop_at 1
@@@ C - Repeat number: 3
@@@ D - common_header:  {'F3-String', 'F71-slebresne@apache.org', 'F25', 'F3-input', 'F3-EncryptionOptions', 'F115', 'F101', 'F3-byte[]', 'F71-jakers@gmail.com', 'F110', 'F15-NA', 'F15-protected', 'F71-aleksey@apache.org', 'F71-brandonwilliams@apache.org', 'F22', 'F116', 'F71-johan@apache.org', 'F71-eevans@apache.org', 'F71-dbrosius@apache.org', 'F71-jbellis@apache.org', 'F71-vijay2win@gmail.com', 'F71-goffinet@apache.org', 'F15-private', 'F71-gdusbabek@apache.org', 'F71-eevans@sym-link.com', 'F3-NA', 'F71-jake@apache.org', 'F3-InetAddress', 'F3-RandomStringGenerator', 'category', 'F15-public', 'F41', 'F120', 'F3-boolean', 'F71-povel.y@gmail.com', 'F3-int', 'F71-xedin@apache.org', 'F72', 'F105', 'F77', 'F71-sylvain@datastax.com', 'F117', 'F68', 'F126', 'F3-long', 'F3-ByteBuffer', 'F3-BitSet', 'F65', 'F123', 'F71-yukim@apache.org', 'F104'}
     F72           ...           F71-goffinet@apache.org
1   7543           ...                                 0
2   6974           ...                                 0
3  11584           ...                                 0

[3 rows x 50 columns]
;.;
        F72           ...             F71-goffinet@apache.org
0  0.123427           ...                                 0.0
1  0.000000           ...                                 0.0
2  1.000000           ...                                 0.0

[3 rows x 50 columns]
training_x: (10, 50)
training_y: 10
testset_x: (7, 50)
testset_y: 7
              precision    recall  f1-score   support

           0       0.00      0.00      0.00         4
           1       0.43      1.00      0.60         3

    accuracy                           0.43         7
   macro avg       0.21      0.50      0.30         7
weighted avg       0.18      0.43      0.26         7

accuracy: 0.42857142857142855
0.6
@@@ tn: 0, fp: 4, fn: 0, tp: 3
@@@ LIME - Creating explainer
@@@ LIME - Random Sampling of Instances
iter: 0, sample_no: 3, actual label: 0, predicted: 1
iter: 1, sample_no: 5, actual label: 1, predicted: 1
iter: 2, sample_no: 6, actual label: 0, predicted: 1
iter: 3, sample_no: 5, actual label: 1, predicted: 1
iter: 4, sample_no: 3, actual label: 0, predicted: 1
iter: 5, sample_no: 5, actual label: 1, predicted: 1
iter: 6, sample_no: 2, actual label: 1, predicted: 1
iter: 7, sample_no: 4, actual label: 0, predicted: 1
iter: 8, sample_no: 6, actual label: 0, predicted: 1
iter: 9, sample_no: 5, actual label: 1, predicted: 1
iter: 10, sample_no: 2, actual label: 1, predicted: 1
iter: 11, sample_no: 4, actual label: 0, predicted: 1
iter: 12, sample_no: 1, actual label: 0, predicted: 1
iter: 13, sample_no: 0, actual label: 1, predicted: 1
iter: 14, sample_no: 0, actual label: 1, predicted: 1
iter: 15, sample_no: 3, actual label: 0, predicted: 1
iter: 16, sample_no: 4, actual label: 0, predicted: 1
iter: 17, sample_no: 4, actual label: 0, predicted: 1
iter: 18, sample_no: 2, actual label: 1, predicted: 1
iter: 19, sample_no: 4, actual label: 0, predicted: 1
iter: 20, sample_no: 4, actual label: 0, predicted: 1
iter: 21, sample_no: 0, actual label: 1, predicted: 1
iter: 22, sample_no: 6, actual label: 0, predicted: 1
iter: 23, sample_no: 4, actual label: 0, predicted: 1
iter: 24, sample_no: 2, actual label: 1, predicted: 1
number of samples: 7
AUC 0.5
pos_get 3
total recall stop_at 1
@@@ C - Repeat number: 4
@@@ D - common_header:  {'F3-String', 'F71-slebresne@apache.org', 'F25', 'F3-input', 'F3-EncryptionOptions', 'F115', 'F101', 'F3-byte[]', 'F71-jakers@gmail.com', 'F110', 'F15-NA', 'F15-protected', 'F71-aleksey@apache.org', 'F71-brandonwilliams@apache.org', 'F22', 'F116', 'F71-johan@apache.org', 'F71-eevans@apache.org', 'F71-dbrosius@apache.org', 'F71-jbellis@apache.org', 'F71-vijay2win@gmail.com', 'F71-goffinet@apache.org', 'F15-private', 'F71-gdusbabek@apache.org', 'F71-eevans@sym-link.com', 'F3-NA', 'F71-jake@apache.org', 'F3-InetAddress', 'F3-RandomStringGenerator', 'category', 'F15-public', 'F41', 'F120', 'F3-boolean', 'F71-povel.y@gmail.com', 'F3-int', 'F71-xedin@apache.org', 'F72', 'F105', 'F77', 'F71-sylvain@datastax.com', 'F117', 'F68', 'F126', 'F3-long', 'F3-ByteBuffer', 'F3-BitSet', 'F65', 'F123', 'F71-yukim@apache.org', 'F104'}
     F72           ...           F71-goffinet@apache.org
1   7543           ...                                 0
2   6974           ...                                 0
3  11584           ...                                 0

[3 rows x 50 columns]
;.;
        F72           ...             F71-goffinet@apache.org
0  0.123427           ...                                 0.0
1  0.000000           ...                                 0.0
2  1.000000           ...                                 0.0

[3 rows x 50 columns]
training_x: (10, 50)
training_y: 10
testset_x: (7, 50)
testset_y: 7
              precision    recall  f1-score   support

           0       0.00      0.00      0.00         4
           1       0.43      1.00      0.60         3

    accuracy                           0.43         7
   macro avg       0.21      0.50      0.30         7
weighted avg       0.18      0.43      0.26         7

accuracy: 0.42857142857142855
0.6
@@@ tn: 0, fp: 4, fn: 0, tp: 3
@@@ LIME - Creating explainer
@@@ LIME - Random Sampling of Instances
iter: 0, sample_no: 5, actual label: 1, predicted: 1
iter: 1, sample_no: 5, actual label: 1, predicted: 1
iter: 2, sample_no: 1, actual label: 0, predicted: 1
iter: 3, sample_no: 1, actual label: 0, predicted: 1
iter: 4, sample_no: 6, actual label: 0, predicted: 1
iter: 5, sample_no: 4, actual label: 0, predicted: 1
iter: 6, sample_no: 2, actual label: 1, predicted: 1
iter: 7, sample_no: 6, actual label: 0, predicted: 1
iter: 8, sample_no: 4, actual label: 0, predicted: 1
iter: 9, sample_no: 4, actual label: 0, predicted: 1
iter: 10, sample_no: 2, actual label: 1, predicted: 1
iter: 11, sample_no: 4, actual label: 0, predicted: 1
iter: 12, sample_no: 6, actual label: 0, predicted: 1
iter: 13, sample_no: 1, actual label: 0, predicted: 1
iter: 14, sample_no: 5, actual label: 1, predicted: 1
iter: 15, sample_no: 1, actual label: 0, predicted: 1
iter: 16, sample_no: 1, actual label: 0, predicted: 1
iter: 17, sample_no: 0, actual label: 1, predicted: 1
iter: 18, sample_no: 5, actual label: 1, predicted: 1
iter: 19, sample_no: 1, actual label: 0, predicted: 1
iter: 20, sample_no: 0, actual label: 1, predicted: 1
iter: 21, sample_no: 3, actual label: 0, predicted: 1
iter: 22, sample_no: 0, actual label: 1, predicted: 1
iter: 23, sample_no: 3, actual label: 0, predicted: 1
iter: 24, sample_no: 1, actual label: 0, predicted: 1
number of samples: 7
AUC 0.5
pos_get 3
total recall stop_at 1
@@@ C - Repeat number: 5
@@@ D - common_header:  {'F3-String', 'F71-slebresne@apache.org', 'F25', 'F3-input', 'F3-EncryptionOptions', 'F115', 'F101', 'F3-byte[]', 'F71-jakers@gmail.com', 'F110', 'F15-NA', 'F15-protected', 'F71-aleksey@apache.org', 'F71-brandonwilliams@apache.org', 'F22', 'F116', 'F71-johan@apache.org', 'F71-eevans@apache.org', 'F71-dbrosius@apache.org', 'F71-jbellis@apache.org', 'F71-vijay2win@gmail.com', 'F71-goffinet@apache.org', 'F15-private', 'F71-gdusbabek@apache.org', 'F71-eevans@sym-link.com', 'F3-NA', 'F71-jake@apache.org', 'F3-InetAddress', 'F3-RandomStringGenerator', 'category', 'F15-public', 'F41', 'F120', 'F3-boolean', 'F71-povel.y@gmail.com', 'F3-int', 'F71-xedin@apache.org', 'F72', 'F105', 'F77', 'F71-sylvain@datastax.com', 'F117', 'F68', 'F126', 'F3-long', 'F3-ByteBuffer', 'F3-BitSet', 'F65', 'F123', 'F71-yukim@apache.org', 'F104'}
     F72           ...           F71-goffinet@apache.org
1   7543           ...                                 0
2   6974           ...                                 0
3  11584           ...                                 0

[3 rows x 50 columns]
;.;
        F72           ...             F71-goffinet@apache.org
0  0.123427           ...                                 0.0
1  0.000000           ...                                 0.0
2  1.000000           ...                                 0.0

[3 rows x 50 columns]
training_x: (10, 50)
training_y: 10
testset_x: (7, 50)
testset_y: 7
              precision    recall  f1-score   support

           0       0.00      0.00      0.00         4
           1       0.43      1.00      0.60         3

    accuracy                           0.43         7
   macro avg       0.21      0.50      0.30         7
weighted avg       0.18      0.43      0.26         7

accuracy: 0.42857142857142855
0.6
@@@ tn: 0, fp: 4, fn: 0, tp: 3
@@@ LIME - Creating explainer
@@@ LIME - Random Sampling of Instances
iter: 0, sample_no: 6, actual label: 0, predicted: 1
iter: 1, sample_no: 3, actual label: 0, predicted: 1
iter: 2, sample_no: 4, actual label: 0, predicted: 1
iter: 3, sample_no: 1, actual label: 0, predicted: 1
iter: 4, sample_no: 1, actual label: 0, predicted: 1
iter: 5, sample_no: 2, actual label: 1, predicted: 1
iter: 6, sample_no: 4, actual label: 0, predicted: 1
iter: 7, sample_no: 5, actual label: 1, predicted: 1
iter: 8, sample_no: 0, actual label: 1, predicted: 1
iter: 9, sample_no: 2, actual label: 1, predicted: 1
iter: 10, sample_no: 6, actual label: 0, predicted: 1
iter: 11, sample_no: 2, actual label: 1, predicted: 1
iter: 12, sample_no: 3, actual label: 0, predicted: 1
iter: 13, sample_no: 1, actual label: 0, predicted: 1
iter: 14, sample_no: 4, actual label: 0, predicted: 1
iter: 15, sample_no: 0, actual label: 1, predicted: 1
iter: 16, sample_no: 3, actual label: 0, predicted: 1
iter: 17, sample_no: 3, actual label: 0, predicted: 1
iter: 18, sample_no: 5, actual label: 1, predicted: 1
iter: 19, sample_no: 1, actual label: 0, predicted: 1
iter: 20, sample_no: 4, actual label: 0, predicted: 1
iter: 21, sample_no: 1, actual label: 0, predicted: 1
iter: 22, sample_no: 0, actual label: 1, predicted: 1
iter: 23, sample_no: 6, actual label: 0, predicted: 1
iter: 24, sample_no: 4, actual label: 0, predicted: 1
number of samples: 7
AUC 0.5
pos_get 3
total recall stop_at 1
@@@ C - Repeat number: 6
@@@ D - common_header:  {'F3-String', 'F71-slebresne@apache.org', 'F25', 'F3-input', 'F3-EncryptionOptions', 'F115', 'F101', 'F3-byte[]', 'F71-jakers@gmail.com', 'F110', 'F15-NA', 'F15-protected', 'F71-aleksey@apache.org', 'F71-brandonwilliams@apache.org', 'F22', 'F116', 'F71-johan@apache.org', 'F71-eevans@apache.org', 'F71-dbrosius@apache.org', 'F71-jbellis@apache.org', 'F71-vijay2win@gmail.com', 'F71-goffinet@apache.org', 'F15-private', 'F71-gdusbabek@apache.org', 'F71-eevans@sym-link.com', 'F3-NA', 'F71-jake@apache.org', 'F3-InetAddress', 'F3-RandomStringGenerator', 'category', 'F15-public', 'F41', 'F120', 'F3-boolean', 'F71-povel.y@gmail.com', 'F3-int', 'F71-xedin@apache.org', 'F72', 'F105', 'F77', 'F71-sylvain@datastax.com', 'F117', 'F68', 'F126', 'F3-long', 'F3-ByteBuffer', 'F3-BitSet', 'F65', 'F123', 'F71-yukim@apache.org', 'F104'}
     F72           ...           F71-goffinet@apache.org
1   7543           ...                                 0
2   6974           ...                                 0
3  11584           ...                                 0

[3 rows x 50 columns]
;.;
        F72           ...             F71-goffinet@apache.org
0  0.123427           ...                                 0.0
1  0.000000           ...                                 0.0
2  1.000000           ...                                 0.0

[3 rows x 50 columns]
training_x: (10, 50)
training_y: 10
testset_x: (7, 50)
testset_y: 7
              precision    recall  f1-score   support

           0       0.00      0.00      0.00         4
           1       0.43      1.00      0.60         3

    accuracy                           0.43         7
   macro avg       0.21      0.50      0.30         7
weighted avg       0.18      0.43      0.26         7

accuracy: 0.42857142857142855
0.6
@@@ tn: 0, fp: 4, fn: 0, tp: 3
@@@ LIME - Creating explainer
@@@ LIME - Random Sampling of Instances
iter: 0, sample_no: 0, actual label: 1, predicted: 1
iter: 1, sample_no: 0, actual label: 1, predicted: 1
iter: 2, sample_no: 4, actual label: 0, predicted: 1
iter: 3, sample_no: 4, actual label: 0, predicted: 1
iter: 4, sample_no: 2, actual label: 1, predicted: 1
iter: 5, sample_no: 0, actual label: 1, predicted: 1
iter: 6, sample_no: 6, actual label: 0, predicted: 1
iter: 7, sample_no: 1, actual label: 0, predicted: 1
iter: 8, sample_no: 1, actual label: 0, predicted: 1
iter: 9, sample_no: 4, actual label: 0, predicted: 1
iter: 10, sample_no: 5, actual label: 1, predicted: 1
iter: 11, sample_no: 6, actual label: 0, predicted: 1
iter: 12, sample_no: 4, actual label: 0, predicted: 1
iter: 13, sample_no: 2, actual label: 1, predicted: 1
iter: 14, sample_no: 1, actual label: 0, predicted: 1
iter: 15, sample_no: 5, actual label: 1, predicted: 1
iter: 16, sample_no: 3, actual label: 0, predicted: 1
iter: 17, sample_no: 4, actual label: 0, predicted: 1
iter: 18, sample_no: 1, actual label: 0, predicted: 1
iter: 19, sample_no: 1, actual label: 0, predicted: 1
iter: 20, sample_no: 0, actual label: 1, predicted: 1
iter: 21, sample_no: 0, actual label: 1, predicted: 1
iter: 22, sample_no: 2, actual label: 1, predicted: 1
iter: 23, sample_no: 4, actual label: 0, predicted: 1
iter: 24, sample_no: 2, actual label: 1, predicted: 1
number of samples: 7
AUC 0.5
pos_get 3
total recall stop_at 1
@@@ C - Repeat number: 7
@@@ D - common_header:  {'F3-String', 'F71-slebresne@apache.org', 'F25', 'F3-input', 'F3-EncryptionOptions', 'F115', 'F101', 'F3-byte[]', 'F71-jakers@gmail.com', 'F110', 'F15-NA', 'F15-protected', 'F71-aleksey@apache.org', 'F71-brandonwilliams@apache.org', 'F22', 'F116', 'F71-johan@apache.org', 'F71-eevans@apache.org', 'F71-dbrosius@apache.org', 'F71-jbellis@apache.org', 'F71-vijay2win@gmail.com', 'F71-goffinet@apache.org', 'F15-private', 'F71-gdusbabek@apache.org', 'F71-eevans@sym-link.com', 'F3-NA', 'F71-jake@apache.org', 'F3-InetAddress', 'F3-RandomStringGenerator', 'category', 'F15-public', 'F41', 'F120', 'F3-boolean', 'F71-povel.y@gmail.com', 'F3-int', 'F71-xedin@apache.org', 'F72', 'F105', 'F77', 'F71-sylvain@datastax.com', 'F117', 'F68', 'F126', 'F3-long', 'F3-ByteBuffer', 'F3-BitSet', 'F65', 'F123', 'F71-yukim@apache.org', 'F104'}
     F72           ...           F71-goffinet@apache.org
1   7543           ...                                 0
2   6974           ...                                 0
3  11584           ...                                 0

[3 rows x 50 columns]
;.;
        F72           ...             F71-goffinet@apache.org
0  0.123427           ...                                 0.0
1  0.000000           ...                                 0.0
2  1.000000           ...                                 0.0

[3 rows x 50 columns]
training_x: (10, 50)
training_y: 10
testset_x: (7, 50)
testset_y: 7
              precision    recall  f1-score   support

           0       0.00      0.00      0.00         4
           1       0.43      1.00      0.60         3

    accuracy                           0.43         7
   macro avg       0.21      0.50      0.30         7
weighted avg       0.18      0.43      0.26         7

accuracy: 0.42857142857142855
0.6
@@@ tn: 0, fp: 4, fn: 0, tp: 3
@@@ LIME - Creating explainer
@@@ LIME - Random Sampling of Instances
iter: 0, sample_no: 2, actual label: 1, predicted: 1
iter: 1, sample_no: 2, actual label: 1, predicted: 1
iter: 2, sample_no: 3, actual label: 0, predicted: 1
iter: 3, sample_no: 4, actual label: 0, predicted: 1
iter: 4, sample_no: 6, actual label: 0, predicted: 1
iter: 5, sample_no: 3, actual label: 0, predicted: 1
iter: 6, sample_no: 1, actual label: 0, predicted: 1
iter: 7, sample_no: 6, actual label: 0, predicted: 1
iter: 8, sample_no: 2, actual label: 1, predicted: 1
iter: 9, sample_no: 1, actual label: 0, predicted: 1
iter: 10, sample_no: 2, actual label: 1, predicted: 1
iter: 11, sample_no: 4, actual label: 0, predicted: 1
iter: 12, sample_no: 6, actual label: 0, predicted: 1
iter: 13, sample_no: 5, actual label: 1, predicted: 1
iter: 14, sample_no: 2, actual label: 1, predicted: 1
iter: 15, sample_no: 5, actual label: 1, predicted: 1
iter: 16, sample_no: 3, actual label: 0, predicted: 1
iter: 17, sample_no: 4, actual label: 0, predicted: 1
iter: 18, sample_no: 4, actual label: 0, predicted: 1
iter: 19, sample_no: 5, actual label: 1, predicted: 1
iter: 20, sample_no: 6, actual label: 0, predicted: 1
iter: 21, sample_no: 4, actual label: 0, predicted: 1
iter: 22, sample_no: 2, actual label: 1, predicted: 1
iter: 23, sample_no: 4, actual label: 0, predicted: 1
iter: 24, sample_no: 5, actual label: 1, predicted: 1
number of samples: 7
AUC 0.5
pos_get 3
total recall stop_at 1
@@@ C - Repeat number: 8
@@@ D - common_header:  {'F3-String', 'F71-slebresne@apache.org', 'F25', 'F3-input', 'F3-EncryptionOptions', 'F115', 'F101', 'F3-byte[]', 'F71-jakers@gmail.com', 'F110', 'F15-NA', 'F15-protected', 'F71-aleksey@apache.org', 'F71-brandonwilliams@apache.org', 'F22', 'F116', 'F71-johan@apache.org', 'F71-eevans@apache.org', 'F71-dbrosius@apache.org', 'F71-jbellis@apache.org', 'F71-vijay2win@gmail.com', 'F71-goffinet@apache.org', 'F15-private', 'F71-gdusbabek@apache.org', 'F71-eevans@sym-link.com', 'F3-NA', 'F71-jake@apache.org', 'F3-InetAddress', 'F3-RandomStringGenerator', 'category', 'F15-public', 'F41', 'F120', 'F3-boolean', 'F71-povel.y@gmail.com', 'F3-int', 'F71-xedin@apache.org', 'F72', 'F105', 'F77', 'F71-sylvain@datastax.com', 'F117', 'F68', 'F126', 'F3-long', 'F3-ByteBuffer', 'F3-BitSet', 'F65', 'F123', 'F71-yukim@apache.org', 'F104'}
     F72           ...           F71-goffinet@apache.org
1   7543           ...                                 0
2   6974           ...                                 0
3  11584           ...                                 0

[3 rows x 50 columns]
;.;
        F72           ...             F71-goffinet@apache.org
0  0.123427           ...                                 0.0
1  0.000000           ...                                 0.0
2  1.000000           ...                                 0.0

[3 rows x 50 columns]
training_x: (10, 50)
training_y: 10
testset_x: (7, 50)
testset_y: 7
              precision    recall  f1-score   support

           0       0.00      0.00      0.00         4
           1       0.43      1.00      0.60         3

    accuracy                           0.43         7
   macro avg       0.21      0.50      0.30         7
weighted avg       0.18      0.43      0.26         7

accuracy: 0.42857142857142855
0.6
@@@ tn: 0, fp: 4, fn: 0, tp: 3
@@@ LIME - Creating explainer
@@@ LIME - Random Sampling of Instances
iter: 0, sample_no: 0, actual label: 1, predicted: 1
iter: 1, sample_no: 5, actual label: 1, predicted: 1
iter: 2, sample_no: 4, actual label: 0, predicted: 1
iter: 3, sample_no: 0, actual label: 1, predicted: 1
iter: 4, sample_no: 0, actual label: 1, predicted: 1
iter: 5, sample_no: 1, actual label: 0, predicted: 1
iter: 6, sample_no: 0, actual label: 1, predicted: 1
iter: 7, sample_no: 5, actual label: 1, predicted: 1
iter: 8, sample_no: 2, actual label: 1, predicted: 1
iter: 9, sample_no: 3, actual label: 0, predicted: 1
iter: 10, sample_no: 1, actual label: 0, predicted: 1
iter: 11, sample_no: 4, actual label: 0, predicted: 1
iter: 12, sample_no: 6, actual label: 0, predicted: 1
iter: 13, sample_no: 2, actual label: 1, predicted: 1
iter: 14, sample_no: 1, actual label: 0, predicted: 1
iter: 15, sample_no: 6, actual label: 0, predicted: 1
iter: 16, sample_no: 6, actual label: 0, predicted: 1
iter: 17, sample_no: 5, actual label: 1, predicted: 1
iter: 18, sample_no: 5, actual label: 1, predicted: 1
iter: 19, sample_no: 1, actual label: 0, predicted: 1
iter: 20, sample_no: 3, actual label: 0, predicted: 1
iter: 21, sample_no: 0, actual label: 1, predicted: 1
iter: 22, sample_no: 3, actual label: 0, predicted: 1
iter: 23, sample_no: 1, actual label: 0, predicted: 1
iter: 24, sample_no: 2, actual label: 1, predicted: 1
number of samples: 7
AUC 0.5
pos_get 3
total recall stop_at 1
@@@ C - Repeat number: 9
@@@ D - common_header:  {'F3-String', 'F71-slebresne@apache.org', 'F25', 'F3-input', 'F3-EncryptionOptions', 'F115', 'F101', 'F3-byte[]', 'F71-jakers@gmail.com', 'F110', 'F15-NA', 'F15-protected', 'F71-aleksey@apache.org', 'F71-brandonwilliams@apache.org', 'F22', 'F116', 'F71-johan@apache.org', 'F71-eevans@apache.org', 'F71-dbrosius@apache.org', 'F71-jbellis@apache.org', 'F71-vijay2win@gmail.com', 'F71-goffinet@apache.org', 'F15-private', 'F71-gdusbabek@apache.org', 'F71-eevans@sym-link.com', 'F3-NA', 'F71-jake@apache.org', 'F3-InetAddress', 'F3-RandomStringGenerator', 'category', 'F15-public', 'F41', 'F120', 'F3-boolean', 'F71-povel.y@gmail.com', 'F3-int', 'F71-xedin@apache.org', 'F72', 'F105', 'F77', 'F71-sylvain@datastax.com', 'F117', 'F68', 'F126', 'F3-long', 'F3-ByteBuffer', 'F3-BitSet', 'F65', 'F123', 'F71-yukim@apache.org', 'F104'}
     F72           ...           F71-goffinet@apache.org
1   7543           ...                                 0
2   6974           ...                                 0
3  11584           ...                                 0

[3 rows x 50 columns]
;.;
        F72           ...             F71-goffinet@apache.org
0  0.123427           ...                                 0.0
1  0.000000           ...                                 0.0
2  1.000000           ...                                 0.0

[3 rows x 50 columns]
training_x: (10, 50)
training_y: 10
testset_x: (7, 50)
testset_y: 7
              precision    recall  f1-score   support

           0       0.00      0.00      0.00         4
           1       0.43      1.00      0.60         3

    accuracy                           0.43         7
   macro avg       0.21      0.50      0.30         7
weighted avg       0.18      0.43      0.26         7

accuracy: 0.42857142857142855
0.6
@@@ tn: 0, fp: 4, fn: 0, tp: 3
@@@ LIME - Creating explainer
@@@ LIME - Random Sampling of Instances
iter: 0, sample_no: 6, actual label: 0, predicted: 1
iter: 1, sample_no: 0, actual label: 1, predicted: 1
iter: 2, sample_no: 0, actual label: 1, predicted: 1
iter: 3, sample_no: 6, actual label: 0, predicted: 1
iter: 4, sample_no: 6, actual label: 0, predicted: 1
iter: 5, sample_no: 0, actual label: 1, predicted: 1
iter: 6, sample_no: 2, actual label: 1, predicted: 1
iter: 7, sample_no: 4, actual label: 0, predicted: 1
iter: 8, sample_no: 0, actual label: 1, predicted: 1
iter: 9, sample_no: 5, actual label: 1, predicted: 1
iter: 10, sample_no: 3, actual label: 0, predicted: 1
iter: 11, sample_no: 6, actual label: 0, predicted: 1
iter: 12, sample_no: 1, actual label: 0, predicted: 1
iter: 13, sample_no: 3, actual label: 0, predicted: 1
iter: 14, sample_no: 1, actual label: 0, predicted: 1
iter: 15, sample_no: 6, actual label: 0, predicted: 1
iter: 16, sample_no: 4, actual label: 0, predicted: 1
iter: 17, sample_no: 2, actual label: 1, predicted: 1
iter: 18, sample_no: 6, actual label: 0, predicted: 1
iter: 19, sample_no: 6, actual label: 0, predicted: 1
iter: 20, sample_no: 4, actual label: 0, predicted: 1
iter: 21, sample_no: 3, actual label: 0, predicted: 1
iter: 22, sample_no: 5, actual label: 1, predicted: 1
iter: 23, sample_no: 2, actual label: 1, predicted: 1
iter: 24, sample_no: 6, actual label: 0, predicted: 1
number of samples: 7
AUC 0.5
pos_get 3
total recall stop_at 1
@@@ C - Repeat number: 10
@@@ D - common_header:  {'F3-String', 'F71-slebresne@apache.org', 'F25', 'F3-input', 'F3-EncryptionOptions', 'F115', 'F101', 'F3-byte[]', 'F71-jakers@gmail.com', 'F110', 'F15-NA', 'F15-protected', 'F71-aleksey@apache.org', 'F71-brandonwilliams@apache.org', 'F22', 'F116', 'F71-johan@apache.org', 'F71-eevans@apache.org', 'F71-dbrosius@apache.org', 'F71-jbellis@apache.org', 'F71-vijay2win@gmail.com', 'F71-goffinet@apache.org', 'F15-private', 'F71-gdusbabek@apache.org', 'F71-eevans@sym-link.com', 'F3-NA', 'F71-jake@apache.org', 'F3-InetAddress', 'F3-RandomStringGenerator', 'category', 'F15-public', 'F41', 'F120', 'F3-boolean', 'F71-povel.y@gmail.com', 'F3-int', 'F71-xedin@apache.org', 'F72', 'F105', 'F77', 'F71-sylvain@datastax.com', 'F117', 'F68', 'F126', 'F3-long', 'F3-ByteBuffer', 'F3-BitSet', 'F65', 'F123', 'F71-yukim@apache.org', 'F104'}
     F72           ...           F71-goffinet@apache.org
1   7543           ...                                 0
2   6974           ...                                 0
3  11584           ...                                 0

[3 rows x 50 columns]
;.;
        F72           ...             F71-goffinet@apache.org
0  0.123427           ...                                 0.0
1  0.000000           ...                                 0.0
2  1.000000           ...                                 0.0

[3 rows x 50 columns]
training_x: (10, 50)
training_y: 10
testset_x: (7, 50)
testset_y: 7
              precision    recall  f1-score   support

           0       0.00      0.00      0.00         4
           1       0.43      1.00      0.60         3

    accuracy                           0.43         7
   macro avg       0.21      0.50      0.30         7
weighted avg       0.18      0.43      0.26         7

accuracy: 0.42857142857142855
0.6
@@@ tn: 0, fp: 4, fn: 0, tp: 3
@@@ LIME - Creating explainer
@@@ LIME - Random Sampling of Instances
/Users/author1/anaconda3/lib/python3.6/site-packages/tensorflow/python/framework/dtypes.py:463: FutureWarning: Passing (type, 1) or '1type' as a synonym of type is deprecated; in a future version of numpy, it will be understood as (type, (1,)) / '(1,)type'.
  _np_qint8 = np.dtype([("qint8", np.int8, 1)])
/Users/author1/anaconda3/lib/python3.6/site-packages/tensorflow/python/framework/dtypes.py:464: FutureWarning: Passing (type, 1) or '1type' as a synonym of type is deprecated; in a future version of numpy, it will be understood as (type, (1,)) / '(1,)type'.
  _np_quint8 = np.dtype([("quint8", np.uint8, 1)])
/Users/author1/anaconda3/lib/python3.6/site-packages/tensorflow/python/framework/dtypes.py:465: FutureWarning: Passing (type, 1) or '1type' as a synonym of type is deprecated; in a future version of numpy, it will be understood as (type, (1,)) / '(1,)type'.
  _np_qint16 = np.dtype([("qint16", np.int16, 1)])
/Users/author1/anaconda3/lib/python3.6/site-packages/tensorflow/python/framework/dtypes.py:466: FutureWarning: Passing (type, 1) or '1type' as a synonym of type is deprecated; in a future version of numpy, it will be understood as (type, (1,)) / '(1,)type'.
  _np_quint16 = np.dtype([("quint16", np.uint16, 1)])
/Users/author1/anaconda3/lib/python3.6/site-packages/tensorflow/python/framework/dtypes.py:467: FutureWarning: Passing (type, 1) or '1type' as a synonym of type is deprecated; in a future version of numpy, it will be understood as (type, (1,)) / '(1,)type'.
  _np_qint32 = np.dtype([("qint32", np.int32, 1)])
Precision and F-score are ill-defined and being set to 0.0 in labels with no predicted samples. Use `zero_division` parameter to control this behavior.
Precision and F-score are ill-defined and being set to 0.0 in labels with no predicted samples. Use `zero_division` parameter to control this behavior.
Precision and F-score are ill-defined and being set to 0.0 in labels with no predicted samples. Use `zero_division` parameter to control this behavior.
Precision and F-score are ill-defined and being set to 0.0 in labels with no predicted samples. Use `zero_division` parameter to control this behavior.
Precision and F-score are ill-defined and being set to 0.0 in labels with no predicted samples. Use `zero_division` parameter to control this behavior.
Precision and F-score are ill-defined and being set to 0.0 in labels with no predicted samples. Use `zero_division` parameter to control this behavior.
Precision and F-score are ill-defined and being set to 0.0 in labels with no predicted samples. Use `zero_division` parameter to control this behavior.
Precision and F-score are ill-defined and being set to 0.0 in labels with no predicted samples. Use `zero_division` parameter to control this behavior.
Precision and F-score are ill-defined and being set to 0.0 in labels with no predicted samples. Use `zero_division` parameter to control this behavior.
Precision and F-score are ill-defined and being set to 0.0 in labels with no predicted samples. Use `zero_division` parameter to control this behavior.
iter: 0, sample_no: 5, actual label: 1, predicted: 1
iter: 1, sample_no: 5, actual label: 1, predicted: 1
iter: 2, sample_no: 3, actual label: 0, predicted: 1
iter: 3, sample_no: 4, actual label: 0, predicted: 1
iter: 4, sample_no: 6, actual label: 0, predicted: 1
iter: 5, sample_no: 1, actual label: 0, predicted: 1
iter: 6, sample_no: 0, actual label: 1, predicted: 1
iter: 7, sample_no: 6, actual label: 0, predicted: 1
iter: 8, sample_no: 4, actual label: 0, predicted: 1
iter: 9, sample_no: 3, actual label: 0, predicted: 1
iter: 10, sample_no: 2, actual label: 1, predicted: 1
iter: 11, sample_no: 1, actual label: 0, predicted: 1
iter: 12, sample_no: 4, actual label: 0, predicted: 1
iter: 13, sample_no: 3, actual label: 0, predicted: 1
iter: 14, sample_no: 2, actual label: 1, predicted: 1
iter: 15, sample_no: 4, actual label: 0, predicted: 1
iter: 16, sample_no: 6, actual label: 0, predicted: 1
iter: 17, sample_no: 3, actual label: 0, predicted: 1
iter: 18, sample_no: 2, actual label: 1, predicted: 1
iter: 19, sample_no: 1, actual label: 0, predicted: 1
iter: 20, sample_no: 4, actual label: 0, predicted: 1
iter: 21, sample_no: 4, actual label: 0, predicted: 1
iter: 22, sample_no: 5, actual label: 1, predicted: 1
iter: 23, sample_no: 0, actual label: 1, predicted: 1
iter: 24, sample_no: 3, actual label: 0, predicted: 1
number of samples: 7
AUC 0.5
pos_get 3
total recall stop_at 1
----------threshold stop at----------: 1
AUC [0.5, 0.5, 0.5, 0.5, 0.5, 0.5, 0.5, 0.5, 0.5, 0.5]
AUC_median 0.5
AUC_iqr 0.0
cost [1, 1, 1, 1, 1, 1, 1, 1, 1, 1]
COST_med 1.0
COST_iqr 0.0
f1_pos_list [0.6, 0.6, 0.6, 0.6, 0.6, 0.6, 0.6, 0.6, 0.6, 0.6]
f1_pos_med 0.6
