@@@ A - classifier: DummyClassifier(constant=1, random_state=None, strategy='constant')
@@@ B - threshold stop at: 1
@@@ C - Repeat number: 1
@@@ D - common_header:  {'F115', 'F3-int', 'F3-Class', 'F3-MappedClass', 'F110', 'F3-List', 'F72', 'F120', 'F3-value', 'F117', 'F41', 'category', 'F15-public', 'F15-NA', 'F105', 'F3-String', 'F104', 'F126', 'F3-NA', 'F3-operator.val()', 'F116', 'F3-Object', 'F65', 'F68', 'F22', 'F77', 'F123', 'F101', 'F15-private', 'F71-us@thomas-daily.de', 'F25'}
    F72  F25  F65          ...           F41 F126 F71-us@thomas-daily.de
1  2252  918  120          ...             9    1                      1
2  2252  918  120          ...             9    1                      1
3  2252  918  120          ...             9    1                      1

[3 rows x 30 columns]
;.;
        F72       F25           ...                F126  F71-us@thomas-daily.de
0  0.979123  0.926856           ...            0.005076                     1.0
1  0.979123  0.926856           ...            0.005076                     1.0
2  0.979123  0.926856           ...            0.005076                     1.0

[3 rows x 30 columns]
training_x: (212, 30)
training_y: 212
testset_x: (35, 30)
testset_y: 35
              precision    recall  f1-score   support

           1       1.00      1.00      1.00        35

    accuracy                           1.00        35
   macro avg       1.00      1.00      1.00        35
weighted avg       1.00      1.00      1.00        35

accuracy: 1.0
[1.]
@@@ LIME - Creating explainer
@@@ LIME - Random Sampling of Instances
/Users/author1/anaconda3/lib/python3.6/site-packages/tensorflow/python/framework/dtypes.py:463: FutureWarning: Passing (type, 1) or '1type' as a synonym of type is deprecated; in a future version of numpy, it will be understood as (type, (1,)) / '(1,)type'.
  _np_qint8 = np.dtype([("qint8", np.int8, 1)])
/Users/author1/anaconda3/lib/python3.6/site-packages/tensorflow/python/framework/dtypes.py:464: FutureWarning: Passing (type, 1) or '1type' as a synonym of type is deprecated; in a future version of numpy, it will be understood as (type, (1,)) / '(1,)type'.
  _np_quint8 = np.dtype([("quint8", np.uint8, 1)])
/Users/author1/anaconda3/lib/python3.6/site-packages/tensorflow/python/framework/dtypes.py:465: FutureWarning: Passing (type, 1) or '1type' as a synonym of type is deprecated; in a future version of numpy, it will be understood as (type, (1,)) / '(1,)type'.
  _np_qint16 = np.dtype([("qint16", np.int16, 1)])
/Users/author1/anaconda3/lib/python3.6/site-packages/tensorflow/python/framework/dtypes.py:466: FutureWarning: Passing (type, 1) or '1type' as a synonym of type is deprecated; in a future version of numpy, it will be understood as (type, (1,)) / '(1,)type'.
  _np_quint16 = np.dtype([("quint16", np.uint16, 1)])
/Users/author1/anaconda3/lib/python3.6/site-packages/tensorflow/python/framework/dtypes.py:467: FutureWarning: Passing (type, 1) or '1type' as a synonym of type is deprecated; in a future version of numpy, it will be understood as (type, (1,)) / '(1,)type'.
  _np_qint32 = np.dtype([("qint32", np.int32, 1)])
iter: 0, sample_no: 4, actual label: 1, predicted: 1
iter: 1, sample_no: 1, actual label: 1, predicted: 1
iter: 2, sample_no: 27, actual label: 1, predicted: 1
iter: 3, sample_no: 33, actual label: 1, predicted: 1
iter: 4, sample_no: 19, actual label: 1, predicted: 1
iter: 5, sample_no: 0, actual label: 1, predicted: 1
iter: 6, sample_no: 7, actual label: 1, predicted: 1
iter: 7, sample_no: 9, actual label: 1, predicted: 1
iter: 8, sample_no: 6, actual label: 1, predicted: 1
iter: 9, sample_no: 20, actual label: 1, predicted: 1
iter: 10, sample_no: 24, actual label: 1, predicted: 1
iter: 11, sample_no: 6, actual label: 1, predicted: 1
iter: 12, sample_no: 19, actual label: 1, predicted: 1
iter: 13, sample_no: 9, actual label: 1, predicted: 1
iter: 14, sample_no: 0, actual label: 1, predicted: 1
iter: 15, sample_no: 22, actual label: 1, predicted: 1
iter: 16, sample_no: 25, actual label: 1, predicted: 1
iter: 17, sample_no: 19, actual label: 1, predicted: 1
iter: 18, sample_no: 1, actual label: 1, predicted: 1
iter: 19, sample_no: 5, actual label: 1, predicted: 1
iter: 20, sample_no: 14, actual label: 1, predicted: 1
iter: 21, sample_no: 18, actual label: 1, predicted: 1
iter: 22, sample_no: 12, actual label: 1, predicted: 1
iter: 23, sample_no: 26, actual label: 1, predicted: 1
iter: 24, sample_no: 14, actual label: 1, predicted: 1
Traceback (most recent call last):
  File "baseline.py", line 217, in <module>
    seed=42 + i, clf=clf, interesting_path=argv )
  File "baseline.py", line 128, in main
    auc = metrics.roc_auc_score(testset_y, prob)
  File "/Users/author1/anaconda3/lib/python3.6/site-packages/sklearn/metrics/_ranking.py", line 390, in roc_auc_score
    sample_weight=sample_weight)
  File "/Users/author1/anaconda3/lib/python3.6/site-packages/sklearn/metrics/_base.py", line 77, in _average_binary_score
    return binary_metric(y_true, y_score, sample_weight=sample_weight)
  File "/Users/author1/anaconda3/lib/python3.6/site-packages/sklearn/metrics/_ranking.py", line 221, in _binary_roc_auc_score
    raise ValueError("Only one class present in y_true. ROC AUC score "
ValueError: Only one class present in y_true. ROC AUC score is not defined in that case.
