@@@ A - classifier: DummyClassifier(constant=1, random_state=None, strategy='constant')
@@@ B - threshold stop at: 1
@@@ C - Repeat number: 1
@@@ D - common_header:  {'F77', 'category', 'F71-hboutemy@apache.org', 'F3-DefaultBeanConfigurationRequest', 'F101', 'F123', 'F71-ifedorenko@apache.org', 'F68', 'F71-bentmann@apache.org', 'F104', 'F71-kenney@apache.org', 'F15-private', 'F71-jason@tesla.io', 'F3-File', 'F71-krosenvold@apache.org', 'F71-carlos@apache.org', 'F65', 'F3-XmlPullParser', 'F105', 'F3-NA', 'F3-SimpleProblemCollector', 'F116', 'F117', 'F3-ProjectSegment', 'F41', 'F71-stephen.alan.connolly@gmail.com', 'F3-localRepository()', 'F71-brett@apache.org', 'F71-igor@ifedorenko.com', 'F71-aheritier@apache.org', 'F72', 'F115', 'F126', 'F71-brianf@apache.org', 'F71-sisbell@apache.org', 'F71-mkleint@apache.org', 'F15-protected', 'F71-ogusakov@apache.org', 'F71-olamy@apache.org', 'F110', 'F71-jdcasey@apache.org', 'F3-InputStream', 'F15-NA', 'F3-Model', 'F3-int', 'F3-ModelBuildingRequest', 'F15-public', 'F25', 'F3-problems.getModel()', 'F3-null', 'F3-Artifact', 'F22', 'F3-String', 'F71-jvanzyl@apache.org', 'F120'}
    F72   F25          ...           F71-jason@tesla.io F71-jdcasey@apache.org
1  2658  1706          ...                            1                      1
2  2658  1706          ...                            1                      0
3  2658  1706          ...                            1                      0

[3 rows x 54 columns]
;.;
       F72           ...            F71-jdcasey@apache.org
0  0.23101           ...                               1.0
1  0.23101           ...                               0.0
2  0.23101           ...                               0.0

[3 rows x 54 columns]
training_x: (813, 54)
training_y: 813
testset_x: (82, 54)
testset_y: 82
              precision    recall  f1-score   support

           0       0.00      0.00      0.00        71
           1       0.13      1.00      0.24        11

    accuracy                           0.13        82
   macro avg       0.07      0.50      0.12        82
weighted avg       0.02      0.13      0.03        82

accuracy: 0.13414634146341464
0.23655913978494622
@@@ tn: 0, fp: 71, fn: 0, tp: 11
@@@ LIME - Creating explainer
@@@ LIME - Random Sampling of Instances
iter: 0, sample_no: 68, actual label: 0, predicted: 1
iter: 1, sample_no: 64, actual label: 0, predicted: 1
iter: 2, sample_no: 11, actual label: 0, predicted: 1
iter: 3, sample_no: 21, actual label: 0, predicted: 1
iter: 4, sample_no: 9, actual label: 0, predicted: 1
iter: 5, sample_no: 72, actual label: 0, predicted: 1
iter: 6, sample_no: 43, actual label: 1, predicted: 1
iter: 7, sample_no: 80, actual label: 0, predicted: 1
iter: 8, sample_no: 69, actual label: 0, predicted: 1
iter: 9, sample_no: 65, actual label: 0, predicted: 1
iter: 10, sample_no: 51, actual label: 0, predicted: 1
iter: 11, sample_no: 61, actual label: 0, predicted: 1
iter: 12, sample_no: 37, actual label: 1, predicted: 1
iter: 13, sample_no: 49, actual label: 0, predicted: 1
iter: 14, sample_no: 23, actual label: 1, predicted: 1
iter: 15, sample_no: 81, actual label: 0, predicted: 1
iter: 16, sample_no: 54, actual label: 0, predicted: 1
iter: 17, sample_no: 28, actual label: 0, predicted: 1
iter: 18, sample_no: 23, actual label: 1, predicted: 1
iter: 19, sample_no: 1, actual label: 0, predicted: 1
iter: 20, sample_no: 66, actual label: 0, predicted: 1
iter: 21, sample_no: 14, actual label: 0, predicted: 1
iter: 22, sample_no: 31, actual label: 0, predicted: 1
iter: 23, sample_no: 51, actual label: 0, predicted: 1
iter: 24, sample_no: 20, actual label: 0, predicted: 1
number of samples: 82
AUC 0.5
pos_get 11
total recall stop_at 1.0
@@@ C - Repeat number: 2
@@@ D - common_header:  {'F77', 'category', 'F71-hboutemy@apache.org', 'F3-DefaultBeanConfigurationRequest', 'F101', 'F123', 'F71-ifedorenko@apache.org', 'F68', 'F71-bentmann@apache.org', 'F104', 'F71-kenney@apache.org', 'F15-private', 'F71-jason@tesla.io', 'F3-File', 'F71-krosenvold@apache.org', 'F71-carlos@apache.org', 'F65', 'F3-XmlPullParser', 'F105', 'F3-NA', 'F3-SimpleProblemCollector', 'F116', 'F117', 'F3-ProjectSegment', 'F41', 'F71-stephen.alan.connolly@gmail.com', 'F3-localRepository()', 'F71-brett@apache.org', 'F71-igor@ifedorenko.com', 'F71-aheritier@apache.org', 'F72', 'F115', 'F126', 'F71-brianf@apache.org', 'F71-sisbell@apache.org', 'F71-mkleint@apache.org', 'F15-protected', 'F71-ogusakov@apache.org', 'F71-olamy@apache.org', 'F110', 'F71-jdcasey@apache.org', 'F3-InputStream', 'F15-NA', 'F3-Model', 'F3-int', 'F3-ModelBuildingRequest', 'F15-public', 'F25', 'F3-problems.getModel()', 'F3-null', 'F3-Artifact', 'F22', 'F3-String', 'F71-jvanzyl@apache.org', 'F120'}
    F72   F25          ...           F71-jason@tesla.io F71-jdcasey@apache.org
1  2658  1706          ...                            1                      1
2  2658  1706          ...                            1                      0
3  2658  1706          ...                            1                      0

[3 rows x 54 columns]
;.;
       F72           ...            F71-jdcasey@apache.org
0  0.23101           ...                               1.0
1  0.23101           ...                               0.0
2  0.23101           ...                               0.0

[3 rows x 54 columns]
training_x: (813, 54)
training_y: 813
testset_x: (82, 54)
testset_y: 82
              precision    recall  f1-score   support

           0       0.00      0.00      0.00        71
           1       0.13      1.00      0.24        11

    accuracy                           0.13        82
   macro avg       0.07      0.50      0.12        82
weighted avg       0.02      0.13      0.03        82

accuracy: 0.13414634146341464
0.23655913978494622
@@@ tn: 0, fp: 71, fn: 0, tp: 11
@@@ LIME - Creating explainer
@@@ LIME - Random Sampling of Instances
iter: 0, sample_no: 20, actual label: 0, predicted: 1
iter: 1, sample_no: 0, actual label: 0, predicted: 1
iter: 2, sample_no: 81, actual label: 0, predicted: 1
iter: 3, sample_no: 32, actual label: 0, predicted: 1
iter: 4, sample_no: 23, actual label: 1, predicted: 1
iter: 5, sample_no: 77, actual label: 0, predicted: 1
iter: 6, sample_no: 56, actual label: 0, predicted: 1
iter: 7, sample_no: 16, actual label: 0, predicted: 1
iter: 8, sample_no: 38, actual label: 0, predicted: 1
iter: 9, sample_no: 23, actual label: 1, predicted: 1
iter: 10, sample_no: 69, actual label: 0, predicted: 1
iter: 11, sample_no: 33, actual label: 0, predicted: 1
iter: 12, sample_no: 51, actual label: 0, predicted: 1
iter: 13, sample_no: 30, actual label: 0, predicted: 1
iter: 14, sample_no: 76, actual label: 1, predicted: 1
iter: 15, sample_no: 81, actual label: 0, predicted: 1
iter: 16, sample_no: 67, actual label: 0, predicted: 1
iter: 17, sample_no: 67, actual label: 0, predicted: 1
iter: 18, sample_no: 81, actual label: 0, predicted: 1
iter: 19, sample_no: 21, actual label: 0, predicted: 1
iter: 20, sample_no: 20, actual label: 0, predicted: 1
iter: 21, sample_no: 45, actual label: 0, predicted: 1
iter: 22, sample_no: 74, actual label: 1, predicted: 1
iter: 23, sample_no: 40, actual label: 0, predicted: 1
iter: 24, sample_no: 16, actual label: 0, predicted: 1
number of samples: 82
AUC 0.5
pos_get 11
total recall stop_at 1.0
@@@ C - Repeat number: 3
@@@ D - common_header:  {'F77', 'category', 'F71-hboutemy@apache.org', 'F3-DefaultBeanConfigurationRequest', 'F101', 'F123', 'F71-ifedorenko@apache.org', 'F68', 'F71-bentmann@apache.org', 'F104', 'F71-kenney@apache.org', 'F15-private', 'F71-jason@tesla.io', 'F3-File', 'F71-krosenvold@apache.org', 'F71-carlos@apache.org', 'F65', 'F3-XmlPullParser', 'F105', 'F3-NA', 'F3-SimpleProblemCollector', 'F116', 'F117', 'F3-ProjectSegment', 'F41', 'F71-stephen.alan.connolly@gmail.com', 'F3-localRepository()', 'F71-brett@apache.org', 'F71-igor@ifedorenko.com', 'F71-aheritier@apache.org', 'F72', 'F115', 'F126', 'F71-brianf@apache.org', 'F71-sisbell@apache.org', 'F71-mkleint@apache.org', 'F15-protected', 'F71-ogusakov@apache.org', 'F71-olamy@apache.org', 'F110', 'F71-jdcasey@apache.org', 'F3-InputStream', 'F15-NA', 'F3-Model', 'F3-int', 'F3-ModelBuildingRequest', 'F15-public', 'F25', 'F3-problems.getModel()', 'F3-null', 'F3-Artifact', 'F22', 'F3-String', 'F71-jvanzyl@apache.org', 'F120'}
    F72   F25          ...           F71-jason@tesla.io F71-jdcasey@apache.org
1  2658  1706          ...                            1                      1
2  2658  1706          ...                            1                      0
3  2658  1706          ...                            1                      0

[3 rows x 54 columns]
;.;
       F72           ...            F71-jdcasey@apache.org
0  0.23101           ...                               1.0
1  0.23101           ...                               0.0
2  0.23101           ...                               0.0

[3 rows x 54 columns]
training_x: (813, 54)
training_y: 813
testset_x: (82, 54)
testset_y: 82
              precision    recall  f1-score   support

           0       0.00      0.00      0.00        71
           1       0.13      1.00      0.24        11

    accuracy                           0.13        82
   macro avg       0.07      0.50      0.12        82
weighted avg       0.02      0.13      0.03        82

accuracy: 0.13414634146341464
0.23655913978494622
@@@ tn: 0, fp: 71, fn: 0, tp: 11
@@@ LIME - Creating explainer
@@@ LIME - Random Sampling of Instances
iter: 0, sample_no: 75, actual label: 1, predicted: 1
iter: 1, sample_no: 48, actual label: 0, predicted: 1
iter: 2, sample_no: 37, actual label: 1, predicted: 1
iter: 3, sample_no: 38, actual label: 0, predicted: 1
iter: 4, sample_no: 68, actual label: 0, predicted: 1
iter: 5, sample_no: 76, actual label: 1, predicted: 1
iter: 6, sample_no: 11, actual label: 0, predicted: 1
iter: 7, sample_no: 13, actual label: 0, predicted: 1
iter: 8, sample_no: 58, actual label: 0, predicted: 1
iter: 9, sample_no: 61, actual label: 0, predicted: 1
iter: 10, sample_no: 51, actual label: 0, predicted: 1
iter: 11, sample_no: 0, actual label: 0, predicted: 1
iter: 12, sample_no: 69, actual label: 0, predicted: 1
iter: 13, sample_no: 69, actual label: 0, predicted: 1
iter: 14, sample_no: 58, actual label: 0, predicted: 1
iter: 15, sample_no: 74, actual label: 1, predicted: 1
iter: 16, sample_no: 34, actual label: 0, predicted: 1
iter: 17, sample_no: 8, actual label: 0, predicted: 1
iter: 18, sample_no: 17, actual label: 0, predicted: 1
iter: 19, sample_no: 16, actual label: 0, predicted: 1
iter: 20, sample_no: 29, actual label: 0, predicted: 1
iter: 21, sample_no: 4, actual label: 0, predicted: 1
iter: 22, sample_no: 16, actual label: 0, predicted: 1
iter: 23, sample_no: 3, actual label: 0, predicted: 1
iter: 24, sample_no: 46, actual label: 0, predicted: 1
number of samples: 82
AUC 0.5
pos_get 11
total recall stop_at 1.0
@@@ C - Repeat number: 4
@@@ D - common_header:  {'F77', 'category', 'F71-hboutemy@apache.org', 'F3-DefaultBeanConfigurationRequest', 'F101', 'F123', 'F71-ifedorenko@apache.org', 'F68', 'F71-bentmann@apache.org', 'F104', 'F71-kenney@apache.org', 'F15-private', 'F71-jason@tesla.io', 'F3-File', 'F71-krosenvold@apache.org', 'F71-carlos@apache.org', 'F65', 'F3-XmlPullParser', 'F105', 'F3-NA', 'F3-SimpleProblemCollector', 'F116', 'F117', 'F3-ProjectSegment', 'F41', 'F71-stephen.alan.connolly@gmail.com', 'F3-localRepository()', 'F71-brett@apache.org', 'F71-igor@ifedorenko.com', 'F71-aheritier@apache.org', 'F72', 'F115', 'F126', 'F71-brianf@apache.org', 'F71-sisbell@apache.org', 'F71-mkleint@apache.org', 'F15-protected', 'F71-ogusakov@apache.org', 'F71-olamy@apache.org', 'F110', 'F71-jdcasey@apache.org', 'F3-InputStream', 'F15-NA', 'F3-Model', 'F3-int', 'F3-ModelBuildingRequest', 'F15-public', 'F25', 'F3-problems.getModel()', 'F3-null', 'F3-Artifact', 'F22', 'F3-String', 'F71-jvanzyl@apache.org', 'F120'}
    F72   F25          ...           F71-jason@tesla.io F71-jdcasey@apache.org
1  2658  1706          ...                            1                      1
2  2658  1706          ...                            1                      0
3  2658  1706          ...                            1                      0

[3 rows x 54 columns]
;.;
       F72           ...            F71-jdcasey@apache.org
0  0.23101           ...                               1.0
1  0.23101           ...                               0.0
2  0.23101           ...                               0.0

[3 rows x 54 columns]
training_x: (813, 54)
training_y: 813
testset_x: (82, 54)
testset_y: 82
              precision    recall  f1-score   support

           0       0.00      0.00      0.00        71
           1       0.13      1.00      0.24        11

    accuracy                           0.13        82
   macro avg       0.07      0.50      0.12        82
weighted avg       0.02      0.13      0.03        82

accuracy: 0.13414634146341464
0.23655913978494622
@@@ tn: 0, fp: 71, fn: 0, tp: 11
@@@ LIME - Creating explainer
@@@ LIME - Random Sampling of Instances
iter: 0, sample_no: 61, actual label: 0, predicted: 1
iter: 1, sample_no: 4, actual label: 0, predicted: 1
iter: 2, sample_no: 56, actual label: 0, predicted: 1
iter: 3, sample_no: 43, actual label: 1, predicted: 1
iter: 4, sample_no: 50, actual label: 0, predicted: 1
iter: 5, sample_no: 52, actual label: 0, predicted: 1
iter: 6, sample_no: 68, actual label: 0, predicted: 1
iter: 7, sample_no: 71, actual label: 0, predicted: 1
iter: 8, sample_no: 62, actual label: 0, predicted: 1
iter: 9, sample_no: 36, actual label: 1, predicted: 1
iter: 10, sample_no: 17, actual label: 0, predicted: 1
iter: 11, sample_no: 30, actual label: 0, predicted: 1
iter: 12, sample_no: 63, actual label: 0, predicted: 1
iter: 13, sample_no: 6, actual label: 0, predicted: 1
iter: 14, sample_no: 26, actual label: 0, predicted: 1
iter: 15, sample_no: 69, actual label: 0, predicted: 1
iter: 16, sample_no: 66, actual label: 0, predicted: 1
iter: 17, sample_no: 19, actual label: 0, predicted: 1
iter: 18, sample_no: 51, actual label: 0, predicted: 1
iter: 19, sample_no: 50, actual label: 0, predicted: 1
iter: 20, sample_no: 38, actual label: 0, predicted: 1
iter: 21, sample_no: 24, actual label: 1, predicted: 1
iter: 22, sample_no: 54, actual label: 0, predicted: 1
iter: 23, sample_no: 9, actual label: 0, predicted: 1
iter: 24, sample_no: 29, actual label: 0, predicted: 1
number of samples: 82
AUC 0.5
pos_get 11
total recall stop_at 1.0
@@@ C - Repeat number: 5
@@@ D - common_header:  {'F77', 'category', 'F71-hboutemy@apache.org', 'F3-DefaultBeanConfigurationRequest', 'F101', 'F123', 'F71-ifedorenko@apache.org', 'F68', 'F71-bentmann@apache.org', 'F104', 'F71-kenney@apache.org', 'F15-private', 'F71-jason@tesla.io', 'F3-File', 'F71-krosenvold@apache.org', 'F71-carlos@apache.org', 'F65', 'F3-XmlPullParser', 'F105', 'F3-NA', 'F3-SimpleProblemCollector', 'F116', 'F117', 'F3-ProjectSegment', 'F41', 'F71-stephen.alan.connolly@gmail.com', 'F3-localRepository()', 'F71-brett@apache.org', 'F71-igor@ifedorenko.com', 'F71-aheritier@apache.org', 'F72', 'F115', 'F126', 'F71-brianf@apache.org', 'F71-sisbell@apache.org', 'F71-mkleint@apache.org', 'F15-protected', 'F71-ogusakov@apache.org', 'F71-olamy@apache.org', 'F110', 'F71-jdcasey@apache.org', 'F3-InputStream', 'F15-NA', 'F3-Model', 'F3-int', 'F3-ModelBuildingRequest', 'F15-public', 'F25', 'F3-problems.getModel()', 'F3-null', 'F3-Artifact', 'F22', 'F3-String', 'F71-jvanzyl@apache.org', 'F120'}
    F72   F25          ...           F71-jason@tesla.io F71-jdcasey@apache.org
1  2658  1706          ...                            1                      1
2  2658  1706          ...                            1                      0
3  2658  1706          ...                            1                      0

[3 rows x 54 columns]
;.;
       F72           ...            F71-jdcasey@apache.org
0  0.23101           ...                               1.0
1  0.23101           ...                               0.0
2  0.23101           ...                               0.0

[3 rows x 54 columns]
training_x: (813, 54)
training_y: 813
testset_x: (82, 54)
testset_y: 82
              precision    recall  f1-score   support

           0       0.00      0.00      0.00        71
           1       0.13      1.00      0.24        11

    accuracy                           0.13        82
   macro avg       0.07      0.50      0.12        82
weighted avg       0.02      0.13      0.03        82

accuracy: 0.13414634146341464
0.23655913978494622
@@@ tn: 0, fp: 71, fn: 0, tp: 11
@@@ LIME - Creating explainer
@@@ LIME - Random Sampling of Instances
iter: 0, sample_no: 7, actual label: 0, predicted: 1
iter: 1, sample_no: 50, actual label: 0, predicted: 1
iter: 2, sample_no: 20, actual label: 0, predicted: 1
iter: 3, sample_no: 30, actual label: 0, predicted: 1
iter: 4, sample_no: 9, actual label: 0, predicted: 1
iter: 5, sample_no: 35, actual label: 0, predicted: 1
iter: 6, sample_no: 15, actual label: 0, predicted: 1
iter: 7, sample_no: 10, actual label: 0, predicted: 1
iter: 8, sample_no: 10, actual label: 0, predicted: 1
iter: 9, sample_no: 49, actual label: 0, predicted: 1
iter: 10, sample_no: 9, actual label: 0, predicted: 1
iter: 11, sample_no: 32, actual label: 0, predicted: 1
iter: 12, sample_no: 71, actual label: 0, predicted: 1
iter: 13, sample_no: 33, actual label: 0, predicted: 1
iter: 14, sample_no: 51, actual label: 0, predicted: 1
iter: 15, sample_no: 61, actual label: 0, predicted: 1
iter: 16, sample_no: 38, actual label: 0, predicted: 1
iter: 17, sample_no: 49, actual label: 0, predicted: 1
iter: 18, sample_no: 14, actual label: 0, predicted: 1
iter: 19, sample_no: 34, actual label: 0, predicted: 1
iter: 20, sample_no: 45, actual label: 0, predicted: 1
iter: 21, sample_no: 67, actual label: 0, predicted: 1
iter: 22, sample_no: 41, actual label: 0, predicted: 1
iter: 23, sample_no: 15, actual label: 0, predicted: 1
iter: 24, sample_no: 48, actual label: 0, predicted: 1
number of samples: 82
AUC 0.5
pos_get 11
total recall stop_at 1.0
@@@ C - Repeat number: 6
@@@ D - common_header:  {'F77', 'category', 'F71-hboutemy@apache.org', 'F3-DefaultBeanConfigurationRequest', 'F101', 'F123', 'F71-ifedorenko@apache.org', 'F68', 'F71-bentmann@apache.org', 'F104', 'F71-kenney@apache.org', 'F15-private', 'F71-jason@tesla.io', 'F3-File', 'F71-krosenvold@apache.org', 'F71-carlos@apache.org', 'F65', 'F3-XmlPullParser', 'F105', 'F3-NA', 'F3-SimpleProblemCollector', 'F116', 'F117', 'F3-ProjectSegment', 'F41', 'F71-stephen.alan.connolly@gmail.com', 'F3-localRepository()', 'F71-brett@apache.org', 'F71-igor@ifedorenko.com', 'F71-aheritier@apache.org', 'F72', 'F115', 'F126', 'F71-brianf@apache.org', 'F71-sisbell@apache.org', 'F71-mkleint@apache.org', 'F15-protected', 'F71-ogusakov@apache.org', 'F71-olamy@apache.org', 'F110', 'F71-jdcasey@apache.org', 'F3-InputStream', 'F15-NA', 'F3-Model', 'F3-int', 'F3-ModelBuildingRequest', 'F15-public', 'F25', 'F3-problems.getModel()', 'F3-null', 'F3-Artifact', 'F22', 'F3-String', 'F71-jvanzyl@apache.org', 'F120'}
    F72   F25          ...           F71-jason@tesla.io F71-jdcasey@apache.org
1  2658  1706          ...                            1                      1
2  2658  1706          ...                            1                      0
3  2658  1706          ...                            1                      0

[3 rows x 54 columns]
;.;
       F72           ...            F71-jdcasey@apache.org
0  0.23101           ...                               1.0
1  0.23101           ...                               0.0
2  0.23101           ...                               0.0

[3 rows x 54 columns]
training_x: (813, 54)
training_y: 813
testset_x: (82, 54)
testset_y: 82
              precision    recall  f1-score   support

           0       0.00      0.00      0.00        71
           1       0.13      1.00      0.24        11

    accuracy                           0.13        82
   macro avg       0.07      0.50      0.12        82
weighted avg       0.02      0.13      0.03        82

accuracy: 0.13414634146341464
0.23655913978494622
@@@ tn: 0, fp: 71, fn: 0, tp: 11
@@@ LIME - Creating explainer
@@@ LIME - Random Sampling of Instances
iter: 0, sample_no: 0, actual label: 0, predicted: 1
iter: 1, sample_no: 15, actual label: 0, predicted: 1
iter: 2, sample_no: 43, actual label: 1, predicted: 1
iter: 3, sample_no: 57, actual label: 0, predicted: 1
iter: 4, sample_no: 57, actual label: 0, predicted: 1
iter: 5, sample_no: 28, actual label: 0, predicted: 1
iter: 6, sample_no: 42, actual label: 0, predicted: 1
iter: 7, sample_no: 47, actual label: 0, predicted: 1
iter: 8, sample_no: 4, actual label: 0, predicted: 1
iter: 9, sample_no: 38, actual label: 0, predicted: 1
iter: 10, sample_no: 49, actual label: 0, predicted: 1
iter: 11, sample_no: 28, actual label: 0, predicted: 1
iter: 12, sample_no: 72, actual label: 0, predicted: 1
iter: 13, sample_no: 80, actual label: 0, predicted: 1
iter: 14, sample_no: 25, actual label: 0, predicted: 1
iter: 15, sample_no: 7, actual label: 0, predicted: 1
iter: 16, sample_no: 59, actual label: 0, predicted: 1
iter: 17, sample_no: 64, actual label: 0, predicted: 1
iter: 18, sample_no: 69, actual label: 0, predicted: 1
iter: 19, sample_no: 26, actual label: 0, predicted: 1
iter: 20, sample_no: 42, actual label: 0, predicted: 1
iter: 21, sample_no: 39, actual label: 0, predicted: 1
iter: 22, sample_no: 13, actual label: 0, predicted: 1
iter: 23, sample_no: 38, actual label: 0, predicted: 1
iter: 24, sample_no: 81, actual label: 0, predicted: 1
number of samples: 82
AUC 0.5
pos_get 11
total recall stop_at 1.0
@@@ C - Repeat number: 7
@@@ D - common_header:  {'F77', 'category', 'F71-hboutemy@apache.org', 'F3-DefaultBeanConfigurationRequest', 'F101', 'F123', 'F71-ifedorenko@apache.org', 'F68', 'F71-bentmann@apache.org', 'F104', 'F71-kenney@apache.org', 'F15-private', 'F71-jason@tesla.io', 'F3-File', 'F71-krosenvold@apache.org', 'F71-carlos@apache.org', 'F65', 'F3-XmlPullParser', 'F105', 'F3-NA', 'F3-SimpleProblemCollector', 'F116', 'F117', 'F3-ProjectSegment', 'F41', 'F71-stephen.alan.connolly@gmail.com', 'F3-localRepository()', 'F71-brett@apache.org', 'F71-igor@ifedorenko.com', 'F71-aheritier@apache.org', 'F72', 'F115', 'F126', 'F71-brianf@apache.org', 'F71-sisbell@apache.org', 'F71-mkleint@apache.org', 'F15-protected', 'F71-ogusakov@apache.org', 'F71-olamy@apache.org', 'F110', 'F71-jdcasey@apache.org', 'F3-InputStream', 'F15-NA', 'F3-Model', 'F3-int', 'F3-ModelBuildingRequest', 'F15-public', 'F25', 'F3-problems.getModel()', 'F3-null', 'F3-Artifact', 'F22', 'F3-String', 'F71-jvanzyl@apache.org', 'F120'}
    F72   F25          ...           F71-jason@tesla.io F71-jdcasey@apache.org
1  2658  1706          ...                            1                      1
2  2658  1706          ...                            1                      0
3  2658  1706          ...                            1                      0

[3 rows x 54 columns]
;.;
       F72           ...            F71-jdcasey@apache.org
0  0.23101           ...                               1.0
1  0.23101           ...                               0.0
2  0.23101           ...                               0.0

[3 rows x 54 columns]
training_x: (813, 54)
training_y: 813
testset_x: (82, 54)
testset_y: 82
              precision    recall  f1-score   support

           0       0.00      0.00      0.00        71
           1       0.13      1.00      0.24        11

    accuracy                           0.13        82
   macro avg       0.07      0.50      0.12        82
weighted avg       0.02      0.13      0.03        82

accuracy: 0.13414634146341464
0.23655913978494622
@@@ tn: 0, fp: 71, fn: 0, tp: 11
@@@ LIME - Creating explainer
@@@ LIME - Random Sampling of Instances
iter: 0, sample_no: 42, actual label: 0, predicted: 1
iter: 1, sample_no: 0, actual label: 0, predicted: 1
iter: 2, sample_no: 46, actual label: 0, predicted: 1
iter: 3, sample_no: 14, actual label: 0, predicted: 1
iter: 4, sample_no: 74, actual label: 1, predicted: 1
iter: 5, sample_no: 39, actual label: 0, predicted: 1
iter: 6, sample_no: 39, actual label: 0, predicted: 1
iter: 7, sample_no: 17, actual label: 0, predicted: 1
iter: 8, sample_no: 44, actual label: 0, predicted: 1
iter: 9, sample_no: 25, actual label: 0, predicted: 1
iter: 10, sample_no: 11, actual label: 0, predicted: 1
iter: 11, sample_no: 2, actual label: 0, predicted: 1
iter: 12, sample_no: 62, actual label: 0, predicted: 1
iter: 13, sample_no: 58, actual label: 0, predicted: 1
iter: 14, sample_no: 8, actual label: 0, predicted: 1
iter: 15, sample_no: 9, actual label: 0, predicted: 1
iter: 16, sample_no: 25, actual label: 0, predicted: 1
iter: 17, sample_no: 54, actual label: 0, predicted: 1
iter: 18, sample_no: 62, actual label: 0, predicted: 1
iter: 19, sample_no: 70, actual label: 1, predicted: 1
iter: 20, sample_no: 15, actual label: 0, predicted: 1
iter: 21, sample_no: 17, actual label: 0, predicted: 1
iter: 22, sample_no: 5, actual label: 0, predicted: 1
iter: 23, sample_no: 27, actual label: 0, predicted: 1
iter: 24, sample_no: 53, actual label: 0, predicted: 1
number of samples: 82
AUC 0.5
pos_get 11
total recall stop_at 1.0
@@@ C - Repeat number: 8
@@@ D - common_header:  {'F77', 'category', 'F71-hboutemy@apache.org', 'F3-DefaultBeanConfigurationRequest', 'F101', 'F123', 'F71-ifedorenko@apache.org', 'F68', 'F71-bentmann@apache.org', 'F104', 'F71-kenney@apache.org', 'F15-private', 'F71-jason@tesla.io', 'F3-File', 'F71-krosenvold@apache.org', 'F71-carlos@apache.org', 'F65', 'F3-XmlPullParser', 'F105', 'F3-NA', 'F3-SimpleProblemCollector', 'F116', 'F117', 'F3-ProjectSegment', 'F41', 'F71-stephen.alan.connolly@gmail.com', 'F3-localRepository()', 'F71-brett@apache.org', 'F71-igor@ifedorenko.com', 'F71-aheritier@apache.org', 'F72', 'F115', 'F126', 'F71-brianf@apache.org', 'F71-sisbell@apache.org', 'F71-mkleint@apache.org', 'F15-protected', 'F71-ogusakov@apache.org', 'F71-olamy@apache.org', 'F110', 'F71-jdcasey@apache.org', 'F3-InputStream', 'F15-NA', 'F3-Model', 'F3-int', 'F3-ModelBuildingRequest', 'F15-public', 'F25', 'F3-problems.getModel()', 'F3-null', 'F3-Artifact', 'F22', 'F3-String', 'F71-jvanzyl@apache.org', 'F120'}
    F72   F25          ...           F71-jason@tesla.io F71-jdcasey@apache.org
1  2658  1706          ...                            1                      1
2  2658  1706          ...                            1                      0
3  2658  1706          ...                            1                      0

[3 rows x 54 columns]
;.;
       F72           ...            F71-jdcasey@apache.org
0  0.23101           ...                               1.0
1  0.23101           ...                               0.0
2  0.23101           ...                               0.0

[3 rows x 54 columns]
training_x: (813, 54)
training_y: 813
testset_x: (82, 54)
testset_y: 82
              precision    recall  f1-score   support

           0       0.00      0.00      0.00        71
           1       0.13      1.00      0.24        11

    accuracy                           0.13        82
   macro avg       0.07      0.50      0.12        82
weighted avg       0.02      0.13      0.03        82

accuracy: 0.13414634146341464
0.23655913978494622
@@@ tn: 0, fp: 71, fn: 0, tp: 11
@@@ LIME - Creating explainer
@@@ LIME - Random Sampling of Instances
iter: 0, sample_no: 48, actual label: 0, predicted: 1
iter: 1, sample_no: 64, actual label: 0, predicted: 1
iter: 2, sample_no: 7, actual label: 0, predicted: 1
iter: 3, sample_no: 5, actual label: 0, predicted: 1
iter: 4, sample_no: 67, actual label: 0, predicted: 1
iter: 5, sample_no: 29, actual label: 0, predicted: 1
iter: 6, sample_no: 22, actual label: 1, predicted: 1
iter: 7, sample_no: 6, actual label: 0, predicted: 1
iter: 8, sample_no: 37, actual label: 1, predicted: 1
iter: 9, sample_no: 45, actual label: 0, predicted: 1
iter: 10, sample_no: 58, actual label: 0, predicted: 1
iter: 11, sample_no: 78, actual label: 0, predicted: 1
iter: 12, sample_no: 71, actual label: 0, predicted: 1
iter: 13, sample_no: 79, actual label: 0, predicted: 1
iter: 14, sample_no: 56, actual label: 0, predicted: 1
iter: 15, sample_no: 30, actual label: 0, predicted: 1
iter: 16, sample_no: 77, actual label: 0, predicted: 1
iter: 17, sample_no: 32, actual label: 0, predicted: 1
iter: 18, sample_no: 20, actual label: 0, predicted: 1
iter: 19, sample_no: 11, actual label: 0, predicted: 1
iter: 20, sample_no: 4, actual label: 0, predicted: 1
iter: 21, sample_no: 58, actual label: 0, predicted: 1
iter: 22, sample_no: 24, actual label: 1, predicted: 1
iter: 23, sample_no: 16, actual label: 0, predicted: 1
iter: 24, sample_no: 3, actual label: 0, predicted: 1
number of samples: 82
AUC 0.5
pos_get 11
total recall stop_at 1.0
@@@ C - Repeat number: 9
@@@ D - common_header:  {'F77', 'category', 'F71-hboutemy@apache.org', 'F3-DefaultBeanConfigurationRequest', 'F101', 'F123', 'F71-ifedorenko@apache.org', 'F68', 'F71-bentmann@apache.org', 'F104', 'F71-kenney@apache.org', 'F15-private', 'F71-jason@tesla.io', 'F3-File', 'F71-krosenvold@apache.org', 'F71-carlos@apache.org', 'F65', 'F3-XmlPullParser', 'F105', 'F3-NA', 'F3-SimpleProblemCollector', 'F116', 'F117', 'F3-ProjectSegment', 'F41', 'F71-stephen.alan.connolly@gmail.com', 'F3-localRepository()', 'F71-brett@apache.org', 'F71-igor@ifedorenko.com', 'F71-aheritier@apache.org', 'F72', 'F115', 'F126', 'F71-brianf@apache.org', 'F71-sisbell@apache.org', 'F71-mkleint@apache.org', 'F15-protected', 'F71-ogusakov@apache.org', 'F71-olamy@apache.org', 'F110', 'F71-jdcasey@apache.org', 'F3-InputStream', 'F15-NA', 'F3-Model', 'F3-int', 'F3-ModelBuildingRequest', 'F15-public', 'F25', 'F3-problems.getModel()', 'F3-null', 'F3-Artifact', 'F22', 'F3-String', 'F71-jvanzyl@apache.org', 'F120'}
    F72   F25          ...           F71-jason@tesla.io F71-jdcasey@apache.org
1  2658  1706          ...                            1                      1
2  2658  1706          ...                            1                      0
3  2658  1706          ...                            1                      0

[3 rows x 54 columns]
;.;
       F72           ...            F71-jdcasey@apache.org
0  0.23101           ...                               1.0
1  0.23101           ...                               0.0
2  0.23101           ...                               0.0

[3 rows x 54 columns]
training_x: (813, 54)
training_y: 813
testset_x: (82, 54)
testset_y: 82
              precision    recall  f1-score   support

           0       0.00      0.00      0.00        71
           1       0.13      1.00      0.24        11

    accuracy                           0.13        82
   macro avg       0.07      0.50      0.12        82
weighted avg       0.02      0.13      0.03        82

accuracy: 0.13414634146341464
0.23655913978494622
@@@ tn: 0, fp: 71, fn: 0, tp: 11
@@@ LIME - Creating explainer
@@@ LIME - Random Sampling of Instances
iter: 0, sample_no: 57, actual label: 0, predicted: 1
iter: 1, sample_no: 6, actual label: 0, predicted: 1
iter: 2, sample_no: 72, actual label: 0, predicted: 1
iter: 3, sample_no: 25, actual label: 0, predicted: 1
iter: 4, sample_no: 61, actual label: 0, predicted: 1
iter: 5, sample_no: 52, actual label: 0, predicted: 1
iter: 6, sample_no: 28, actual label: 0, predicted: 1
iter: 7, sample_no: 72, actual label: 0, predicted: 1
iter: 8, sample_no: 78, actual label: 0, predicted: 1
iter: 9, sample_no: 72, actual label: 0, predicted: 1
iter: 10, sample_no: 23, actual label: 1, predicted: 1
iter: 11, sample_no: 9, actual label: 0, predicted: 1
iter: 12, sample_no: 35, actual label: 0, predicted: 1
iter: 13, sample_no: 6, actual label: 0, predicted: 1
iter: 14, sample_no: 12, actual label: 0, predicted: 1
iter: 15, sample_no: 6, actual label: 0, predicted: 1
iter: 16, sample_no: 47, actual label: 0, predicted: 1
iter: 17, sample_no: 21, actual label: 0, predicted: 1
iter: 18, sample_no: 5, actual label: 0, predicted: 1
iter: 19, sample_no: 47, actual label: 0, predicted: 1
iter: 20, sample_no: 63, actual label: 0, predicted: 1
iter: 21, sample_no: 28, actual label: 0, predicted: 1
iter: 22, sample_no: 38, actual label: 0, predicted: 1
iter: 23, sample_no: 35, actual label: 0, predicted: 1
iter: 24, sample_no: 24, actual label: 1, predicted: 1
number of samples: 82
AUC 0.5
pos_get 11
total recall stop_at 1.0
@@@ C - Repeat number: 10
@@@ D - common_header:  {'F77', 'category', 'F71-hboutemy@apache.org', 'F3-DefaultBeanConfigurationRequest', 'F101', 'F123', 'F71-ifedorenko@apache.org', 'F68', 'F71-bentmann@apache.org', 'F104', 'F71-kenney@apache.org', 'F15-private', 'F71-jason@tesla.io', 'F3-File', 'F71-krosenvold@apache.org', 'F71-carlos@apache.org', 'F65', 'F3-XmlPullParser', 'F105', 'F3-NA', 'F3-SimpleProblemCollector', 'F116', 'F117', 'F3-ProjectSegment', 'F41', 'F71-stephen.alan.connolly@gmail.com', 'F3-localRepository()', 'F71-brett@apache.org', 'F71-igor@ifedorenko.com', 'F71-aheritier@apache.org', 'F72', 'F115', 'F126', 'F71-brianf@apache.org', 'F71-sisbell@apache.org', 'F71-mkleint@apache.org', 'F15-protected', 'F71-ogusakov@apache.org', 'F71-olamy@apache.org', 'F110', 'F71-jdcasey@apache.org', 'F3-InputStream', 'F15-NA', 'F3-Model', 'F3-int', 'F3-ModelBuildingRequest', 'F15-public', 'F25', 'F3-problems.getModel()', 'F3-null', 'F3-Artifact', 'F22', 'F3-String', 'F71-jvanzyl@apache.org', 'F120'}
    F72   F25          ...           F71-jason@tesla.io F71-jdcasey@apache.org
1  2658  1706          ...                            1                      1
2  2658  1706          ...                            1                      0
3  2658  1706          ...                            1                      0

[3 rows x 54 columns]
;.;
       F72           ...            F71-jdcasey@apache.org
0  0.23101           ...                               1.0
1  0.23101           ...                               0.0
2  0.23101           ...                               0.0

[3 rows x 54 columns]
training_x: (813, 54)
training_y: 813
testset_x: (82, 54)
testset_y: 82
              precision    recall  f1-score   support

           0       0.00      0.00      0.00        71
           1       0.13      1.00      0.24        11

    accuracy                           0.13        82
   macro avg       0.07      0.50      0.12        82
weighted avg       0.02      0.13      0.03        82

accuracy: 0.13414634146341464
0.23655913978494622
@@@ tn: 0, fp: 71, fn: 0, tp: 11
@@@ LIME - Creating explainer
@@@ LIME - Random Sampling of Instances
/Users/author1/anaconda3/lib/python3.6/site-packages/tensorflow/python/framework/dtypes.py:463: FutureWarning: Passing (type, 1) or '1type' as a synonym of type is deprecated; in a future version of numpy, it will be understood as (type, (1,)) / '(1,)type'.
  _np_qint8 = np.dtype([("qint8", np.int8, 1)])
/Users/author1/anaconda3/lib/python3.6/site-packages/tensorflow/python/framework/dtypes.py:464: FutureWarning: Passing (type, 1) or '1type' as a synonym of type is deprecated; in a future version of numpy, it will be understood as (type, (1,)) / '(1,)type'.
  _np_quint8 = np.dtype([("quint8", np.uint8, 1)])
/Users/author1/anaconda3/lib/python3.6/site-packages/tensorflow/python/framework/dtypes.py:465: FutureWarning: Passing (type, 1) or '1type' as a synonym of type is deprecated; in a future version of numpy, it will be understood as (type, (1,)) / '(1,)type'.
  _np_qint16 = np.dtype([("qint16", np.int16, 1)])
/Users/author1/anaconda3/lib/python3.6/site-packages/tensorflow/python/framework/dtypes.py:466: FutureWarning: Passing (type, 1) or '1type' as a synonym of type is deprecated; in a future version of numpy, it will be understood as (type, (1,)) / '(1,)type'.
  _np_quint16 = np.dtype([("quint16", np.uint16, 1)])
/Users/author1/anaconda3/lib/python3.6/site-packages/tensorflow/python/framework/dtypes.py:467: FutureWarning: Passing (type, 1) or '1type' as a synonym of type is deprecated; in a future version of numpy, it will be understood as (type, (1,)) / '(1,)type'.
  _np_qint32 = np.dtype([("qint32", np.int32, 1)])
Precision and F-score are ill-defined and being set to 0.0 in labels with no predicted samples. Use `zero_division` parameter to control this behavior.
Precision and F-score are ill-defined and being set to 0.0 in labels with no predicted samples. Use `zero_division` parameter to control this behavior.
Precision and F-score are ill-defined and being set to 0.0 in labels with no predicted samples. Use `zero_division` parameter to control this behavior.
Precision and F-score are ill-defined and being set to 0.0 in labels with no predicted samples. Use `zero_division` parameter to control this behavior.
Precision and F-score are ill-defined and being set to 0.0 in labels with no predicted samples. Use `zero_division` parameter to control this behavior.
Precision and F-score are ill-defined and being set to 0.0 in labels with no predicted samples. Use `zero_division` parameter to control this behavior.
Precision and F-score are ill-defined and being set to 0.0 in labels with no predicted samples. Use `zero_division` parameter to control this behavior.
Precision and F-score are ill-defined and being set to 0.0 in labels with no predicted samples. Use `zero_division` parameter to control this behavior.
Precision and F-score are ill-defined and being set to 0.0 in labels with no predicted samples. Use `zero_division` parameter to control this behavior.
Precision and F-score are ill-defined and being set to 0.0 in labels with no predicted samples. Use `zero_division` parameter to control this behavior.
iter: 0, sample_no: 28, actual label: 0, predicted: 1
iter: 1, sample_no: 51, actual label: 0, predicted: 1
iter: 2, sample_no: 37, actual label: 1, predicted: 1
iter: 3, sample_no: 24, actual label: 1, predicted: 1
iter: 4, sample_no: 38, actual label: 0, predicted: 1
iter: 5, sample_no: 44, actual label: 0, predicted: 1
iter: 6, sample_no: 1, actual label: 0, predicted: 1
iter: 7, sample_no: 32, actual label: 0, predicted: 1
iter: 8, sample_no: 51, actual label: 0, predicted: 1
iter: 9, sample_no: 13, actual label: 0, predicted: 1
iter: 10, sample_no: 45, actual label: 0, predicted: 1
iter: 11, sample_no: 35, actual label: 0, predicted: 1
iter: 12, sample_no: 70, actual label: 1, predicted: 1
iter: 13, sample_no: 59, actual label: 0, predicted: 1
iter: 14, sample_no: 75, actual label: 1, predicted: 1
iter: 15, sample_no: 48, actual label: 0, predicted: 1
iter: 16, sample_no: 15, actual label: 0, predicted: 1
iter: 17, sample_no: 75, actual label: 1, predicted: 1
iter: 18, sample_no: 76, actual label: 1, predicted: 1
iter: 19, sample_no: 6, actual label: 0, predicted: 1
iter: 20, sample_no: 33, actual label: 0, predicted: 1
iter: 21, sample_no: 27, actual label: 0, predicted: 1
iter: 22, sample_no: 77, actual label: 0, predicted: 1
iter: 23, sample_no: 53, actual label: 0, predicted: 1
iter: 24, sample_no: 76, actual label: 1, predicted: 1
number of samples: 82
AUC 0.5
pos_get 11
total recall stop_at 1.0
----------threshold stop at----------: 1
AUC [0.5, 0.5, 0.5, 0.5, 0.5, 0.5, 0.5, 0.5, 0.5, 0.5]
AUC_median 0.5
AUC_iqr 0.0
cost [0.8658536585365854, 0.8658536585365854, 0.8658536585365854, 0.8658536585365854, 0.8658536585365854, 0.8658536585365854, 0.8658536585365854, 0.8658536585365854, 0.8658536585365854, 0.8658536585365854]
COST_med 0.8658536585365854
COST_iqr 0.0
f1_pos_list [0.23655913978494622, 0.23655913978494622, 0.23655913978494622, 0.23655913978494622, 0.23655913978494622, 0.23655913978494622, 0.23655913978494622, 0.23655913978494622, 0.23655913978494622, 0.23655913978494622]
f1_pos_med 0.23655913978494622
