@@@ A - classifier: DummyClassifier(constant=1, random_state=None, strategy='constant')
@@@ B - threshold stop at: 1
@@@ C - Repeat number: 1
@@@ D - common_header:  {'F77', 'F120', 'F105', 'F3-Configuration', 'F3-Path', 'F71-omalley@apache.org', 'F126', 'F71-ddas@apache.org', 'F72', 'F65', 'F117', 'F116', 'F71-eli@apache.org', 'F15-protected', 'F15-public', 'F71-mahadev@apache.org', 'F71-suresh@apache.org', 'F15-private', 'F3-NA', 'F71-tomwhite@apache.org', 'F3-long', 'F71-boryas@apache.org', 'F71-szetszwo@apache.org', 'F41', 'F71-cdouglas@apache.org', 'F71-acmurthy@apache.org', 'F68', 'F71-yhemanth@apache.org', 'F71-jghoman@apache.org', 'F101', 'F115', 'F71-sradia@apache.org', 'F3-byte[]', 'F123', 'F71-hairong@apache.org', 'F22', 'category', 'F3-String', 'F3-int', 'F15-NA', 'F110', 'F104', 'F25'}
     F72          ...          F71-boryas@apache.org
1  23830          ...                              0
2  23830          ...                              0
3  24036          ...                              0

[3 rows x 42 columns]
;.;
        F72          ...            F71-boryas@apache.org
0  0.466837          ...                              0.0
1  0.466837          ...                              0.0
2  0.992347          ...                              0.0

[3 rows x 42 columns]
training_x: (204, 42)
training_y: 204
testset_x: (2736, 42)
testset_y: 2736
              precision    recall  f1-score   support

           0       0.00      0.00      0.00      2096
           1       0.23      1.00      0.38       640

    accuracy                           0.23      2736
   macro avg       0.12      0.50      0.19      2736
weighted avg       0.05      0.23      0.09      2736

accuracy: 0.23391812865497075
0.3791469194312796
@@@ tn: 0, fp: 2096, fn: 0, tp: 640
@@@ LIME - Creating explainer
@@@ LIME - Random Sampling of Instances
/Users/author1/anaconda3/lib/python3.6/site-packages/tensorflow/python/framework/dtypes.py:463: FutureWarning: Passing (type, 1) or '1type' as a synonym of type is deprecated; in a future version of numpy, it will be understood as (type, (1,)) / '(1,)type'.
  _np_qint8 = np.dtype([("qint8", np.int8, 1)])
/Users/author1/anaconda3/lib/python3.6/site-packages/tensorflow/python/framework/dtypes.py:464: FutureWarning: Passing (type, 1) or '1type' as a synonym of type is deprecated; in a future version of numpy, it will be understood as (type, (1,)) / '(1,)type'.
  _np_quint8 = np.dtype([("quint8", np.uint8, 1)])
/Users/author1/anaconda3/lib/python3.6/site-packages/tensorflow/python/framework/dtypes.py:465: FutureWarning: Passing (type, 1) or '1type' as a synonym of type is deprecated; in a future version of numpy, it will be understood as (type, (1,)) / '(1,)type'.
  _np_qint16 = np.dtype([("qint16", np.int16, 1)])
/Users/author1/anaconda3/lib/python3.6/site-packages/tensorflow/python/framework/dtypes.py:466: FutureWarning: Passing (type, 1) or '1type' as a synonym of type is deprecated; in a future version of numpy, it will be understood as (type, (1,)) / '(1,)type'.
  _np_quint16 = np.dtype([("quint16", np.uint16, 1)])
/Users/author1/anaconda3/lib/python3.6/site-packages/tensorflow/python/framework/dtypes.py:467: FutureWarning: Passing (type, 1) or '1type' as a synonym of type is deprecated; in a future version of numpy, it will be understood as (type, (1,)) / '(1,)type'.
  _np_qint32 = np.dtype([("qint32", np.int32, 1)])
Columns (0,3,4,5,6,7,8,9,10,11,12,13,14,15,16,17,18,19,20,21,22,23,24,25,26,27,28,29,30,31,32,33,34,35,36,37,38,39,40,41,42,43,44,45,46,47,48,49,50,51,52,53,54,55,56,57,58,59,60,61,62,63,64,65,66,67,68,69,70,71,72,73,74,75,76,77,78,79,80,81,82,83,84,85,86,87,88,89,90,91,92,93,94,95,96,97,98,99,100,101,102,103,104,105,106,107,108,109,110,111,112,113,114,115,116,117,118,119,120,121,122,123,124,125,126,127,128,129,130,131,132,133,134,135,136,137,138,139,140,141,142,143,144,145,146,147,148,149,150,151,152,153,154,155,156,157,158,159,160,161,162,163,164,165,166,167,168,169,170,171,172,173,174,175,176,177,178,179,180,181,182,183,184,185,186,187,188,189,190,191,192,193,194,195,196,197,198,199,200,201,202,203,204,205,206,207,208,209,210,211,212,213,214,215,216,217,218,219,220,221,222,223,224,225,226,227,228,229,230,231,232,233,234,235,236,237,238,239,240,241,242,243,244,245,246,247,248,249,250,251,252,253,254,255,256,257,258,259,260,261,262,263,264,265,266,267,268,269,270,271,272,273,274,275,276,277,278,279,280,281,282,284,286,287,288,289,290,291,292,293,294,295,296,297,298,299,300,301,302,303,304,305,306,307,308,309,310,311,312,313,314,315,316,317,318,319,320,321,322,323,324,325,326,327,328,329,330,331,332,333,334,335,336,337,338,339,340,341,342,343,344,345,346,347,348,349,350,351,352,353,354,355) have mixed types. Specify dtype option on import or set low_memory=False.
Precision and F-score are ill-defined and being set to 0.0 in labels with no predicted samples. Use `zero_division` parameter to control this behavior.
iter: 0, sample_no: 1860, actual label: 0, predicted: 1
Traceback (most recent call last):
  File "baseline.py", line 217, in <module>
    seed=42 + i, clf=clf, interesting_path=argv )
  File "baseline.py", line 87, in main
    exp = explainer.explain_instance(testset_x.iloc[sample_no], clf.predict_proba, num_features=10)
  File "/Users/author1/anaconda3/lib/python3.6/site-packages/lime/lime_tabular.py", line 459, in explain_instance
    feature_selection=self.feature_selection)
  File "/Users/author1/anaconda3/lib/python3.6/site-packages/lime/lime_base.py", line 182, in explain_instance_with_data
    labels_column = neighborhood_labels[:, label]
IndexError: index 1 is out of bounds for axis 1 with size 1
