@@@ A - classifier: DummyClassifier(constant=1, random_state=None, strategy='constant')
@@@ B - threshold stop at: 1
@@@ C - Repeat number: 1
@@@ D - common_header:  {'F22', 'F71-dan@cloudera.com', 'F65', 'F3-StackTraceElement[]', 'F3-NA', 'F71-jdcryans@apache.org', 'F71-aserbin@cloudera.com', 'F3-ClientTestUtil.getBasicSchema()', 'F71-tony@phdata.io', 'F116', 'F115', 'F68', 'F3-String', 'F71-granthenke@gmail.com', 'F71-wdberkeley@gmail.com', 'category', 'F104', 'F41', 'F117', 'F72', 'F3-boolean', 'F3-CreateTableOptions', 'F71-hao.hao@cloudera.com', 'F71-adar@cloudera.com', 'F71-wdberkeley@apache.org', 'F126', 'F105', 'F71-fwang@cloudera.com', 'F25', 'F77', 'F71-mpercy@apache.org', 'F120', 'F3-double', 'F3-int', 'F110', 'F3-byte[]', 'F101', 'F123', 'F15-NA', 'F71-granthenke@apache.org', 'F71-todd@apache.org', 'F3-null', 'F71-danburkert@apache.org', 'F3-Schema', 'F15-public', 'F71-awong@cloudera.com', 'F15-private'}
    F72          ...           F71-fwang@cloudera.com
1  3833          ...                                0
2  3833          ...                                0
3  3833          ...                                0

[3 rows x 46 columns]
;.;
       F72           ...            F71-fwang@cloudera.com
0  0.72876           ...                               0.0
1  0.72876           ...                               0.0
2  0.72876           ...                               0.0

[3 rows x 46 columns]
training_x: (938, 46)
training_y: 938
testset_x: (197, 46)
testset_y: 197
              precision    recall  f1-score   support

           0       0.00      0.00      0.00       172
           1       0.13      1.00      0.23        25

    accuracy                           0.13       197
   macro avg       0.06      0.50      0.11       197
weighted avg       0.02      0.13      0.03       197

accuracy: 0.12690355329949238
0.2252252252252252
@@@ tn: 0, fp: 172, fn: 0, tp: 25
@@@ LIME - Creating explainer
@@@ LIME - Random Sampling of Instances
iter: 0, sample_no: 68, actual label: 0, predicted: 1
iter: 1, sample_no: 94, actual label: 1, predicted: 1
iter: 2, sample_no: 13, actual label: 0, predicted: 1
iter: 3, sample_no: 86, actual label: 0, predicted: 1
iter: 4, sample_no: 12, actual label: 1, predicted: 1
iter: 5, sample_no: 63, actual label: 0, predicted: 1
iter: 6, sample_no: 159, actual label: 0, predicted: 1
iter: 7, sample_no: 171, actual label: 0, predicted: 1
iter: 8, sample_no: 173, actual label: 0, predicted: 1
iter: 9, sample_no: 148, actual label: 0, predicted: 1
iter: 10, sample_no: 148, actual label: 0, predicted: 1
iter: 11, sample_no: 150, actual label: 0, predicted: 1
iter: 12, sample_no: 36, actual label: 0, predicted: 1
iter: 13, sample_no: 32, actual label: 0, predicted: 1
iter: 14, sample_no: 37, actual label: 0, predicted: 1
iter: 15, sample_no: 193, actual label: 0, predicted: 1
iter: 16, sample_no: 48, actual label: 0, predicted: 1
iter: 17, sample_no: 4, actual label: 0, predicted: 1
iter: 18, sample_no: 61, actual label: 0, predicted: 1
iter: 19, sample_no: 72, actual label: 1, predicted: 1
iter: 20, sample_no: 127, actual label: 0, predicted: 1
iter: 21, sample_no: 44, actual label: 0, predicted: 1
iter: 22, sample_no: 186, actual label: 0, predicted: 1
iter: 23, sample_no: 175, actual label: 0, predicted: 1
iter: 24, sample_no: 34, actual label: 0, predicted: 1
number of samples: 197
AUC 0.5
pos_get 25
total recall stop_at 1
@@@ C - Repeat number: 2
@@@ D - common_header:  {'F22', 'F71-dan@cloudera.com', 'F65', 'F3-StackTraceElement[]', 'F3-NA', 'F71-jdcryans@apache.org', 'F71-aserbin@cloudera.com', 'F3-ClientTestUtil.getBasicSchema()', 'F71-tony@phdata.io', 'F116', 'F115', 'F68', 'F3-String', 'F71-granthenke@gmail.com', 'F71-wdberkeley@gmail.com', 'category', 'F104', 'F41', 'F117', 'F72', 'F3-boolean', 'F3-CreateTableOptions', 'F71-hao.hao@cloudera.com', 'F71-adar@cloudera.com', 'F71-wdberkeley@apache.org', 'F126', 'F105', 'F71-fwang@cloudera.com', 'F25', 'F77', 'F71-mpercy@apache.org', 'F120', 'F3-double', 'F3-int', 'F110', 'F3-byte[]', 'F101', 'F123', 'F15-NA', 'F71-granthenke@apache.org', 'F71-todd@apache.org', 'F3-null', 'F71-danburkert@apache.org', 'F3-Schema', 'F15-public', 'F71-awong@cloudera.com', 'F15-private'}
    F72          ...           F71-fwang@cloudera.com
1  3833          ...                                0
2  3833          ...                                0
3  3833          ...                                0

[3 rows x 46 columns]
;.;
       F72           ...            F71-fwang@cloudera.com
0  0.72876           ...                               0.0
1  0.72876           ...                               0.0
2  0.72876           ...                               0.0

[3 rows x 46 columns]
training_x: (938, 46)
training_y: 938
testset_x: (197, 46)
testset_y: 197
              precision    recall  f1-score   support

           0       0.00      0.00      0.00       172
           1       0.13      1.00      0.23        25

    accuracy                           0.13       197
   macro avg       0.06      0.50      0.11       197
weighted avg       0.02      0.13      0.03       197

accuracy: 0.12690355329949238
0.2252252252252252
@@@ tn: 0, fp: 172, fn: 0, tp: 25
@@@ LIME - Creating explainer
@@@ LIME - Random Sampling of Instances
iter: 0, sample_no: 20, actual label: 0, predicted: 1
iter: 1, sample_no: 14, actual label: 0, predicted: 1
iter: 2, sample_no: 108, actual label: 0, predicted: 1
iter: 3, sample_no: 128, actual label: 1, predicted: 1
iter: 4, sample_no: 60, actual label: 0, predicted: 1
iter: 5, sample_no: 110, actual label: 0, predicted: 1
iter: 6, sample_no: 90, actual label: 0, predicted: 1
iter: 7, sample_no: 188, actual label: 0, predicted: 1
iter: 8, sample_no: 21, actual label: 0, predicted: 1
iter: 9, sample_no: 167, actual label: 0, predicted: 1
iter: 10, sample_no: 77, actual label: 0, predicted: 1
iter: 11, sample_no: 94, actual label: 1, predicted: 1
iter: 12, sample_no: 92, actual label: 0, predicted: 1
iter: 13, sample_no: 44, actual label: 0, predicted: 1
iter: 14, sample_no: 101, actual label: 1, predicted: 1
iter: 15, sample_no: 111, actual label: 0, predicted: 1
iter: 16, sample_no: 172, actual label: 0, predicted: 1
iter: 17, sample_no: 117, actual label: 1, predicted: 1
iter: 18, sample_no: 95, actual label: 0, predicted: 1
iter: 19, sample_no: 141, actual label: 0, predicted: 1
iter: 20, sample_no: 177, actual label: 0, predicted: 1
iter: 21, sample_no: 168, actual label: 0, predicted: 1
iter: 22, sample_no: 26, actual label: 0, predicted: 1
iter: 23, sample_no: 68, actual label: 0, predicted: 1
iter: 24, sample_no: 84, actual label: 1, predicted: 1
number of samples: 197
AUC 0.5
pos_get 25
total recall stop_at 1
@@@ C - Repeat number: 3
@@@ D - common_header:  {'F22', 'F71-dan@cloudera.com', 'F65', 'F3-StackTraceElement[]', 'F3-NA', 'F71-jdcryans@apache.org', 'F71-aserbin@cloudera.com', 'F3-ClientTestUtil.getBasicSchema()', 'F71-tony@phdata.io', 'F116', 'F115', 'F68', 'F3-String', 'F71-granthenke@gmail.com', 'F71-wdberkeley@gmail.com', 'category', 'F104', 'F41', 'F117', 'F72', 'F3-boolean', 'F3-CreateTableOptions', 'F71-hao.hao@cloudera.com', 'F71-adar@cloudera.com', 'F71-wdberkeley@apache.org', 'F126', 'F105', 'F71-fwang@cloudera.com', 'F25', 'F77', 'F71-mpercy@apache.org', 'F120', 'F3-double', 'F3-int', 'F110', 'F3-byte[]', 'F101', 'F123', 'F15-NA', 'F71-granthenke@apache.org', 'F71-todd@apache.org', 'F3-null', 'F71-danburkert@apache.org', 'F3-Schema', 'F15-public', 'F71-awong@cloudera.com', 'F15-private'}
    F72          ...           F71-fwang@cloudera.com
1  3833          ...                                0
2  3833          ...                                0
3  3833          ...                                0

[3 rows x 46 columns]
;.;
       F72           ...            F71-fwang@cloudera.com
0  0.72876           ...                               0.0
1  0.72876           ...                               0.0
2  0.72876           ...                               0.0

[3 rows x 46 columns]
training_x: (938, 46)
training_y: 938
testset_x: (197, 46)
testset_y: 197
              precision    recall  f1-score   support

           0       0.00      0.00      0.00       172
           1       0.13      1.00      0.23        25

    accuracy                           0.13       197
   macro avg       0.06      0.50      0.11       197
weighted avg       0.02      0.13      0.03       197

accuracy: 0.12690355329949238
0.2252252252252252
@@@ tn: 0, fp: 172, fn: 0, tp: 25
@@@ LIME - Creating explainer
@@@ LIME - Random Sampling of Instances
iter: 0, sample_no: 158, actual label: 0, predicted: 1
iter: 1, sample_no: 2, actual label: 0, predicted: 1
iter: 2, sample_no: 46, actual label: 0, predicted: 1
iter: 3, sample_no: 113, actual label: 1, predicted: 1
iter: 4, sample_no: 18, actual label: 0, predicted: 1
iter: 5, sample_no: 63, actual label: 0, predicted: 1
iter: 6, sample_no: 75, actual label: 0, predicted: 1
iter: 7, sample_no: 4, actual label: 0, predicted: 1
iter: 8, sample_no: 176, actual label: 0, predicted: 1
iter: 9, sample_no: 136, actual label: 0, predicted: 1
iter: 10, sample_no: 120, actual label: 0, predicted: 1
iter: 11, sample_no: 123, actual label: 0, predicted: 1
iter: 12, sample_no: 15, actual label: 0, predicted: 1
iter: 13, sample_no: 31, actual label: 0, predicted: 1
iter: 14, sample_no: 79, actual label: 0, predicted: 1
iter: 15, sample_no: 104, actual label: 0, predicted: 1
iter: 16, sample_no: 0, actual label: 0, predicted: 1
iter: 17, sample_no: 185, actual label: 0, predicted: 1
iter: 18, sample_no: 17, actual label: 0, predicted: 1
iter: 19, sample_no: 178, actual label: 0, predicted: 1
iter: 20, sample_no: 150, actual label: 0, predicted: 1
iter: 21, sample_no: 187, actual label: 0, predicted: 1
iter: 22, sample_no: 92, actual label: 0, predicted: 1
iter: 23, sample_no: 18, actual label: 0, predicted: 1
iter: 24, sample_no: 170, actual label: 0, predicted: 1
number of samples: 197
AUC 0.5
pos_get 25
total recall stop_at 1
@@@ C - Repeat number: 4
@@@ D - common_header:  {'F22', 'F71-dan@cloudera.com', 'F65', 'F3-StackTraceElement[]', 'F3-NA', 'F71-jdcryans@apache.org', 'F71-aserbin@cloudera.com', 'F3-ClientTestUtil.getBasicSchema()', 'F71-tony@phdata.io', 'F116', 'F115', 'F68', 'F3-String', 'F71-granthenke@gmail.com', 'F71-wdberkeley@gmail.com', 'category', 'F104', 'F41', 'F117', 'F72', 'F3-boolean', 'F3-CreateTableOptions', 'F71-hao.hao@cloudera.com', 'F71-adar@cloudera.com', 'F71-wdberkeley@apache.org', 'F126', 'F105', 'F71-fwang@cloudera.com', 'F25', 'F77', 'F71-mpercy@apache.org', 'F120', 'F3-double', 'F3-int', 'F110', 'F3-byte[]', 'F101', 'F123', 'F15-NA', 'F71-granthenke@apache.org', 'F71-todd@apache.org', 'F3-null', 'F71-danburkert@apache.org', 'F3-Schema', 'F15-public', 'F71-awong@cloudera.com', 'F15-private'}
    F72          ...           F71-fwang@cloudera.com
1  3833          ...                                0
2  3833          ...                                0
3  3833          ...                                0

[3 rows x 46 columns]
;.;
       F72           ...            F71-fwang@cloudera.com
0  0.72876           ...                               0.0
1  0.72876           ...                               0.0
2  0.72876           ...                               0.0

[3 rows x 46 columns]
training_x: (938, 46)
training_y: 938
testset_x: (197, 46)
testset_y: 197
              precision    recall  f1-score   support

           0       0.00      0.00      0.00       172
           1       0.13      1.00      0.23        25

    accuracy                           0.13       197
   macro avg       0.06      0.50      0.11       197
weighted avg       0.02      0.13      0.03       197

accuracy: 0.12690355329949238
0.2252252252252252
@@@ tn: 0, fp: 172, fn: 0, tp: 25
@@@ LIME - Creating explainer
@@@ LIME - Random Sampling of Instances
iter: 0, sample_no: 189, actual label: 1, predicted: 1
iter: 1, sample_no: 171, actual label: 0, predicted: 1
iter: 2, sample_no: 149, actual label: 0, predicted: 1
iter: 3, sample_no: 49, actual label: 0, predicted: 1
iter: 4, sample_no: 177, actual label: 0, predicted: 1
iter: 5, sample_no: 150, actual label: 0, predicted: 1
iter: 6, sample_no: 59, actual label: 0, predicted: 1
iter: 7, sample_no: 168, actual label: 0, predicted: 1
iter: 8, sample_no: 129, actual label: 1, predicted: 1
iter: 9, sample_no: 102, actual label: 1, predicted: 1
iter: 10, sample_no: 73, actual label: 1, predicted: 1
iter: 11, sample_no: 177, actual label: 0, predicted: 1
iter: 12, sample_no: 177, actual label: 0, predicted: 1
iter: 13, sample_no: 108, actual label: 0, predicted: 1
iter: 14, sample_no: 82, actual label: 0, predicted: 1
iter: 15, sample_no: 65, actual label: 0, predicted: 1
iter: 16, sample_no: 116, actual label: 1, predicted: 1
iter: 17, sample_no: 114, actual label: 1, predicted: 1
iter: 18, sample_no: 108, actual label: 0, predicted: 1
iter: 19, sample_no: 38, actual label: 0, predicted: 1
iter: 20, sample_no: 61, actual label: 0, predicted: 1
iter: 21, sample_no: 38, actual label: 0, predicted: 1
iter: 22, sample_no: 114, actual label: 1, predicted: 1
iter: 23, sample_no: 15, actual label: 0, predicted: 1
iter: 24, sample_no: 42, actual label: 0, predicted: 1
number of samples: 197
AUC 0.5
pos_get 25
total recall stop_at 1
@@@ C - Repeat number: 5
@@@ D - common_header:  {'F22', 'F71-dan@cloudera.com', 'F65', 'F3-StackTraceElement[]', 'F3-NA', 'F71-jdcryans@apache.org', 'F71-aserbin@cloudera.com', 'F3-ClientTestUtil.getBasicSchema()', 'F71-tony@phdata.io', 'F116', 'F115', 'F68', 'F3-String', 'F71-granthenke@gmail.com', 'F71-wdberkeley@gmail.com', 'category', 'F104', 'F41', 'F117', 'F72', 'F3-boolean', 'F3-CreateTableOptions', 'F71-hao.hao@cloudera.com', 'F71-adar@cloudera.com', 'F71-wdberkeley@apache.org', 'F126', 'F105', 'F71-fwang@cloudera.com', 'F25', 'F77', 'F71-mpercy@apache.org', 'F120', 'F3-double', 'F3-int', 'F110', 'F3-byte[]', 'F101', 'F123', 'F15-NA', 'F71-granthenke@apache.org', 'F71-todd@apache.org', 'F3-null', 'F71-danburkert@apache.org', 'F3-Schema', 'F15-public', 'F71-awong@cloudera.com', 'F15-private'}
    F72          ...           F71-fwang@cloudera.com
1  3833          ...                                0
2  3833          ...                                0
3  3833          ...                                0

[3 rows x 46 columns]
;.;
       F72           ...            F71-fwang@cloudera.com
0  0.72876           ...                               0.0
1  0.72876           ...                               0.0
2  0.72876           ...                               0.0

[3 rows x 46 columns]
training_x: (938, 46)
training_y: 938
testset_x: (197, 46)
testset_y: 197
              precision    recall  f1-score   support

           0       0.00      0.00      0.00       172
           1       0.13      1.00      0.23        25

    accuracy                           0.13       197
   macro avg       0.06      0.50      0.11       197
weighted avg       0.02      0.13      0.03       197

accuracy: 0.12690355329949238
0.2252252252252252
@@@ tn: 0, fp: 172, fn: 0, tp: 25
@@@ LIME - Creating explainer
@@@ LIME - Random Sampling of Instances
iter: 0, sample_no: 135, actual label: 0, predicted: 1
iter: 1, sample_no: 99, actual label: 0, predicted: 1
iter: 2, sample_no: 32, actual label: 0, predicted: 1
iter: 3, sample_no: 142, actual label: 0, predicted: 1
iter: 4, sample_no: 78, actual label: 0, predicted: 1
iter: 5, sample_no: 187, actual label: 0, predicted: 1
iter: 6, sample_no: 6, actual label: 0, predicted: 1
iter: 7, sample_no: 120, actual label: 0, predicted: 1
iter: 8, sample_no: 174, actual label: 0, predicted: 1
iter: 9, sample_no: 132, actual label: 0, predicted: 1
iter: 10, sample_no: 167, actual label: 0, predicted: 1
iter: 11, sample_no: 74, actual label: 0, predicted: 1
iter: 12, sample_no: 54, actual label: 0, predicted: 1
iter: 13, sample_no: 143, actual label: 0, predicted: 1
iter: 14, sample_no: 82, actual label: 0, predicted: 1
iter: 15, sample_no: 42, actual label: 0, predicted: 1
iter: 16, sample_no: 30, actual label: 0, predicted: 1
iter: 17, sample_no: 63, actual label: 0, predicted: 1
iter: 18, sample_no: 86, actual label: 0, predicted: 1
iter: 19, sample_no: 17, actual label: 0, predicted: 1
iter: 20, sample_no: 160, actual label: 0, predicted: 1
iter: 21, sample_no: 184, actual label: 0, predicted: 1
iter: 22, sample_no: 170, actual label: 0, predicted: 1
iter: 23, sample_no: 109, actual label: 0, predicted: 1
iter: 24, sample_no: 157, actual label: 0, predicted: 1
number of samples: 197
AUC 0.5
pos_get 25
total recall stop_at 1
@@@ C - Repeat number: 6
@@@ D - common_header:  {'F22', 'F71-dan@cloudera.com', 'F65', 'F3-StackTraceElement[]', 'F3-NA', 'F71-jdcryans@apache.org', 'F71-aserbin@cloudera.com', 'F3-ClientTestUtil.getBasicSchema()', 'F71-tony@phdata.io', 'F116', 'F115', 'F68', 'F3-String', 'F71-granthenke@gmail.com', 'F71-wdberkeley@gmail.com', 'category', 'F104', 'F41', 'F117', 'F72', 'F3-boolean', 'F3-CreateTableOptions', 'F71-hao.hao@cloudera.com', 'F71-adar@cloudera.com', 'F71-wdberkeley@apache.org', 'F126', 'F105', 'F71-fwang@cloudera.com', 'F25', 'F77', 'F71-mpercy@apache.org', 'F120', 'F3-double', 'F3-int', 'F110', 'F3-byte[]', 'F101', 'F123', 'F15-NA', 'F71-granthenke@apache.org', 'F71-todd@apache.org', 'F3-null', 'F71-danburkert@apache.org', 'F3-Schema', 'F15-public', 'F71-awong@cloudera.com', 'F15-private'}
    F72          ...           F71-fwang@cloudera.com
1  3833          ...                                0
2  3833          ...                                0
3  3833          ...                                0

[3 rows x 46 columns]
;.;
       F72           ...            F71-fwang@cloudera.com
0  0.72876           ...                               0.0
1  0.72876           ...                               0.0
2  0.72876           ...                               0.0

[3 rows x 46 columns]
training_x: (938, 46)
training_y: 938
testset_x: (197, 46)
testset_y: 197
              precision    recall  f1-score   support

           0       0.00      0.00      0.00       172
           1       0.13      1.00      0.23        25

    accuracy                           0.13       197
   macro avg       0.06      0.50      0.11       197
weighted avg       0.02      0.13      0.03       197

accuracy: 0.12690355329949238
0.2252252252252252
@@@ tn: 0, fp: 172, fn: 0, tp: 25
@@@ LIME - Creating explainer
@@@ LIME - Random Sampling of Instances
iter: 0, sample_no: 0, actual label: 0, predicted: 1
iter: 1, sample_no: 47, actual label: 0, predicted: 1
iter: 2, sample_no: 42, actual label: 0, predicted: 1
iter: 3, sample_no: 65, actual label: 0, predicted: 1
iter: 4, sample_no: 79, actual label: 0, predicted: 1
iter: 5, sample_no: 174, actual label: 0, predicted: 1
iter: 6, sample_no: 63, actual label: 0, predicted: 1
iter: 7, sample_no: 16, actual label: 0, predicted: 1
iter: 8, sample_no: 121, actual label: 1, predicted: 1
iter: 9, sample_no: 131, actual label: 0, predicted: 1
iter: 10, sample_no: 39, actual label: 0, predicted: 1
iter: 11, sample_no: 141, actual label: 0, predicted: 1
iter: 12, sample_no: 18, actual label: 0, predicted: 1
iter: 13, sample_no: 92, actual label: 0, predicted: 1
iter: 14, sample_no: 12, actual label: 1, predicted: 1
iter: 15, sample_no: 90, actual label: 0, predicted: 1
iter: 16, sample_no: 129, actual label: 1, predicted: 1
iter: 17, sample_no: 186, actual label: 0, predicted: 1
iter: 18, sample_no: 14, actual label: 0, predicted: 1
iter: 19, sample_no: 128, actual label: 1, predicted: 1
iter: 20, sample_no: 87, actual label: 1, predicted: 1
iter: 21, sample_no: 196, actual label: 0, predicted: 1
iter: 22, sample_no: 165, actual label: 0, predicted: 1
iter: 23, sample_no: 37, actual label: 0, predicted: 1
iter: 24, sample_no: 38, actual label: 0, predicted: 1
number of samples: 197
AUC 0.5
pos_get 25
total recall stop_at 1
@@@ C - Repeat number: 7
@@@ D - common_header:  {'F22', 'F71-dan@cloudera.com', 'F65', 'F3-StackTraceElement[]', 'F3-NA', 'F71-jdcryans@apache.org', 'F71-aserbin@cloudera.com', 'F3-ClientTestUtil.getBasicSchema()', 'F71-tony@phdata.io', 'F116', 'F115', 'F68', 'F3-String', 'F71-granthenke@gmail.com', 'F71-wdberkeley@gmail.com', 'category', 'F104', 'F41', 'F117', 'F72', 'F3-boolean', 'F3-CreateTableOptions', 'F71-hao.hao@cloudera.com', 'F71-adar@cloudera.com', 'F71-wdberkeley@apache.org', 'F126', 'F105', 'F71-fwang@cloudera.com', 'F25', 'F77', 'F71-mpercy@apache.org', 'F120', 'F3-double', 'F3-int', 'F110', 'F3-byte[]', 'F101', 'F123', 'F15-NA', 'F71-granthenke@apache.org', 'F71-todd@apache.org', 'F3-null', 'F71-danburkert@apache.org', 'F3-Schema', 'F15-public', 'F71-awong@cloudera.com', 'F15-private'}
    F72          ...           F71-fwang@cloudera.com
1  3833          ...                                0
2  3833          ...                                0
3  3833          ...                                0

[3 rows x 46 columns]
;.;
       F72           ...            F71-fwang@cloudera.com
0  0.72876           ...                               0.0
1  0.72876           ...                               0.0
2  0.72876           ...                               0.0

[3 rows x 46 columns]
training_x: (938, 46)
training_y: 938
testset_x: (197, 46)
testset_y: 197
              precision    recall  f1-score   support

           0       0.00      0.00      0.00       172
           1       0.13      1.00      0.23        25

    accuracy                           0.13       197
   macro avg       0.06      0.50      0.11       197
weighted avg       0.02      0.13      0.03       197

accuracy: 0.12690355329949238
0.2252252252252252
@@@ tn: 0, fp: 172, fn: 0, tp: 25
@@@ LIME - Creating explainer
@@@ LIME - Random Sampling of Instances
iter: 0, sample_no: 170, actual label: 0, predicted: 1
iter: 1, sample_no: 104, actual label: 0, predicted: 1
iter: 2, sample_no: 42, actual label: 0, predicted: 1
iter: 3, sample_no: 192, actual label: 0, predicted: 1
iter: 4, sample_no: 70, actual label: 0, predicted: 1
iter: 5, sample_no: 7, actual label: 0, predicted: 1
iter: 6, sample_no: 1, actual label: 0, predicted: 1
iter: 7, sample_no: 58, actual label: 0, predicted: 1
iter: 8, sample_no: 101, actual label: 1, predicted: 1
iter: 9, sample_no: 186, actual label: 0, predicted: 1
iter: 10, sample_no: 19, actual label: 0, predicted: 1
iter: 11, sample_no: 43, actual label: 0, predicted: 1
iter: 12, sample_no: 176, actual label: 0, predicted: 1
iter: 13, sample_no: 142, actual label: 0, predicted: 1
iter: 14, sample_no: 178, actual label: 0, predicted: 1
iter: 15, sample_no: 36, actual label: 0, predicted: 1
iter: 16, sample_no: 130, actual label: 0, predicted: 1
iter: 17, sample_no: 42, actual label: 0, predicted: 1
iter: 18, sample_no: 31, actual label: 0, predicted: 1
iter: 19, sample_no: 60, actual label: 0, predicted: 1
iter: 20, sample_no: 173, actual label: 0, predicted: 1
iter: 21, sample_no: 72, actual label: 1, predicted: 1
iter: 22, sample_no: 68, actual label: 0, predicted: 1
iter: 23, sample_no: 191, actual label: 0, predicted: 1
iter: 24, sample_no: 41, actual label: 0, predicted: 1
number of samples: 197
AUC 0.5
pos_get 25
total recall stop_at 1
@@@ C - Repeat number: 8
@@@ D - common_header:  {'F22', 'F71-dan@cloudera.com', 'F65', 'F3-StackTraceElement[]', 'F3-NA', 'F71-jdcryans@apache.org', 'F71-aserbin@cloudera.com', 'F3-ClientTestUtil.getBasicSchema()', 'F71-tony@phdata.io', 'F116', 'F115', 'F68', 'F3-String', 'F71-granthenke@gmail.com', 'F71-wdberkeley@gmail.com', 'category', 'F104', 'F41', 'F117', 'F72', 'F3-boolean', 'F3-CreateTableOptions', 'F71-hao.hao@cloudera.com', 'F71-adar@cloudera.com', 'F71-wdberkeley@apache.org', 'F126', 'F105', 'F71-fwang@cloudera.com', 'F25', 'F77', 'F71-mpercy@apache.org', 'F120', 'F3-double', 'F3-int', 'F110', 'F3-byte[]', 'F101', 'F123', 'F15-NA', 'F71-granthenke@apache.org', 'F71-todd@apache.org', 'F3-null', 'F71-danburkert@apache.org', 'F3-Schema', 'F15-public', 'F71-awong@cloudera.com', 'F15-private'}
    F72          ...           F71-fwang@cloudera.com
1  3833          ...                                0
2  3833          ...                                0
3  3833          ...                                0

[3 rows x 46 columns]
;.;
       F72           ...            F71-fwang@cloudera.com
0  0.72876           ...                               0.0
1  0.72876           ...                               0.0
2  0.72876           ...                               0.0

[3 rows x 46 columns]
training_x: (938, 46)
training_y: 938
testset_x: (197, 46)
testset_y: 197
              precision    recall  f1-score   support

           0       0.00      0.00      0.00       172
           1       0.13      1.00      0.23        25

    accuracy                           0.13       197
   macro avg       0.06      0.50      0.11       197
weighted avg       0.02      0.13      0.03       197

accuracy: 0.12690355329949238
0.2252252252252252
@@@ tn: 0, fp: 172, fn: 0, tp: 25
@@@ LIME - Creating explainer
@@@ LIME - Random Sampling of Instances
iter: 0, sample_no: 176, actual label: 0, predicted: 1
iter: 1, sample_no: 32, actual label: 0, predicted: 1
iter: 2, sample_no: 30, actual label: 0, predicted: 1
iter: 3, sample_no: 84, actual label: 1, predicted: 1
iter: 4, sample_no: 171, actual label: 0, predicted: 1
iter: 5, sample_no: 179, actual label: 0, predicted: 1
iter: 6, sample_no: 191, actual label: 0, predicted: 1
iter: 7, sample_no: 64, actual label: 0, predicted: 1
iter: 8, sample_no: 15, actual label: 0, predicted: 1
iter: 9, sample_no: 193, actual label: 0, predicted: 1
iter: 10, sample_no: 76, actual label: 0, predicted: 1
iter: 11, sample_no: 169, actual label: 0, predicted: 1
iter: 12, sample_no: 170, actual label: 0, predicted: 1
iter: 13, sample_no: 185, actual label: 0, predicted: 1
iter: 14, sample_no: 47, actual label: 0, predicted: 1
iter: 15, sample_no: 47, actual label: 0, predicted: 1
iter: 16, sample_no: 45, actual label: 0, predicted: 1
iter: 17, sample_no: 120, actual label: 0, predicted: 1
iter: 18, sample_no: 69, actual label: 0, predicted: 1
iter: 19, sample_no: 15, actual label: 0, predicted: 1
iter: 20, sample_no: 70, actual label: 0, predicted: 1
iter: 21, sample_no: 75, actual label: 0, predicted: 1
iter: 22, sample_no: 5, actual label: 0, predicted: 1
iter: 23, sample_no: 64, actual label: 0, predicted: 1
iter: 24, sample_no: 163, actual label: 0, predicted: 1
number of samples: 197
AUC 0.5
pos_get 25
total recall stop_at 1
@@@ C - Repeat number: 9
@@@ D - common_header:  {'F22', 'F71-dan@cloudera.com', 'F65', 'F3-StackTraceElement[]', 'F3-NA', 'F71-jdcryans@apache.org', 'F71-aserbin@cloudera.com', 'F3-ClientTestUtil.getBasicSchema()', 'F71-tony@phdata.io', 'F116', 'F115', 'F68', 'F3-String', 'F71-granthenke@gmail.com', 'F71-wdberkeley@gmail.com', 'category', 'F104', 'F41', 'F117', 'F72', 'F3-boolean', 'F3-CreateTableOptions', 'F71-hao.hao@cloudera.com', 'F71-adar@cloudera.com', 'F71-wdberkeley@apache.org', 'F126', 'F105', 'F71-fwang@cloudera.com', 'F25', 'F77', 'F71-mpercy@apache.org', 'F120', 'F3-double', 'F3-int', 'F110', 'F3-byte[]', 'F101', 'F123', 'F15-NA', 'F71-granthenke@apache.org', 'F71-todd@apache.org', 'F3-null', 'F71-danburkert@apache.org', 'F3-Schema', 'F15-public', 'F71-awong@cloudera.com', 'F15-private'}
    F72          ...           F71-fwang@cloudera.com
1  3833          ...                                0
2  3833          ...                                0
3  3833          ...                                0

[3 rows x 46 columns]
;.;
       F72           ...            F71-fwang@cloudera.com
0  0.72876           ...                               0.0
1  0.72876           ...                               0.0
2  0.72876           ...                               0.0

[3 rows x 46 columns]
training_x: (938, 46)
training_y: 938
testset_x: (197, 46)
testset_y: 197
              precision    recall  f1-score   support

           0       0.00      0.00      0.00       172
           1       0.13      1.00      0.23        25

    accuracy                           0.13       197
   macro avg       0.06      0.50      0.11       197
weighted avg       0.02      0.13      0.03       197

accuracy: 0.12690355329949238
0.2252252252252252
@@@ tn: 0, fp: 172, fn: 0, tp: 25
@@@ LIME - Creating explainer
@@@ LIME - Random Sampling of Instances
iter: 0, sample_no: 57, actual label: 0, predicted: 1
iter: 1, sample_no: 166, actual label: 0, predicted: 1
iter: 2, sample_no: 124, actual label: 0, predicted: 1
iter: 3, sample_no: 3, actual label: 0, predicted: 1
iter: 4, sample_no: 73, actual label: 1, predicted: 1
iter: 5, sample_no: 99, actual label: 0, predicted: 1
iter: 6, sample_no: 53, actual label: 0, predicted: 1
iter: 7, sample_no: 194, actual label: 0, predicted: 1
iter: 8, sample_no: 18, actual label: 0, predicted: 1
iter: 9, sample_no: 69, actual label: 0, predicted: 1
iter: 10, sample_no: 175, actual label: 0, predicted: 1
iter: 11, sample_no: 167, actual label: 0, predicted: 1
iter: 12, sample_no: 36, actual label: 0, predicted: 1
iter: 13, sample_no: 50, actual label: 0, predicted: 1
iter: 14, sample_no: 172, actual label: 0, predicted: 1
iter: 15, sample_no: 33, actual label: 0, predicted: 1
iter: 16, sample_no: 62, actual label: 0, predicted: 1
iter: 17, sample_no: 23, actual label: 0, predicted: 1
iter: 18, sample_no: 124, actual label: 0, predicted: 1
iter: 19, sample_no: 144, actual label: 0, predicted: 1
iter: 20, sample_no: 68, actual label: 0, predicted: 1
iter: 21, sample_no: 102, actual label: 1, predicted: 1
iter: 22, sample_no: 154, actual label: 0, predicted: 1
iter: 23, sample_no: 68, actual label: 0, predicted: 1
iter: 24, sample_no: 141, actual label: 0, predicted: 1
number of samples: 197
AUC 0.5
pos_get 25
total recall stop_at 1
@@@ C - Repeat number: 10
@@@ D - common_header:  {'F22', 'F71-dan@cloudera.com', 'F65', 'F3-StackTraceElement[]', 'F3-NA', 'F71-jdcryans@apache.org', 'F71-aserbin@cloudera.com', 'F3-ClientTestUtil.getBasicSchema()', 'F71-tony@phdata.io', 'F116', 'F115', 'F68', 'F3-String', 'F71-granthenke@gmail.com', 'F71-wdberkeley@gmail.com', 'category', 'F104', 'F41', 'F117', 'F72', 'F3-boolean', 'F3-CreateTableOptions', 'F71-hao.hao@cloudera.com', 'F71-adar@cloudera.com', 'F71-wdberkeley@apache.org', 'F126', 'F105', 'F71-fwang@cloudera.com', 'F25', 'F77', 'F71-mpercy@apache.org', 'F120', 'F3-double', 'F3-int', 'F110', 'F3-byte[]', 'F101', 'F123', 'F15-NA', 'F71-granthenke@apache.org', 'F71-todd@apache.org', 'F3-null', 'F71-danburkert@apache.org', 'F3-Schema', 'F15-public', 'F71-awong@cloudera.com', 'F15-private'}
    F72          ...           F71-fwang@cloudera.com
1  3833          ...                                0
2  3833          ...                                0
3  3833          ...                                0

[3 rows x 46 columns]
;.;
       F72           ...            F71-fwang@cloudera.com
0  0.72876           ...                               0.0
1  0.72876           ...                               0.0
2  0.72876           ...                               0.0

[3 rows x 46 columns]
training_x: (938, 46)
training_y: 938
testset_x: (197, 46)
testset_y: 197
              precision    recall  f1-score   support

           0       0.00      0.00      0.00       172
           1       0.13      1.00      0.23        25

    accuracy                           0.13       197
   macro avg       0.06      0.50      0.11       197
weighted avg       0.02      0.13      0.03       197

accuracy: 0.12690355329949238
0.2252252252252252
@@@ tn: 0, fp: 172, fn: 0, tp: 25
@@@ LIME - Creating explainer
@@@ LIME - Random Sampling of Instances
/Users/author1/anaconda3/lib/python3.6/site-packages/tensorflow/python/framework/dtypes.py:463: FutureWarning: Passing (type, 1) or '1type' as a synonym of type is deprecated; in a future version of numpy, it will be understood as (type, (1,)) / '(1,)type'.
  _np_qint8 = np.dtype([("qint8", np.int8, 1)])
/Users/author1/anaconda3/lib/python3.6/site-packages/tensorflow/python/framework/dtypes.py:464: FutureWarning: Passing (type, 1) or '1type' as a synonym of type is deprecated; in a future version of numpy, it will be understood as (type, (1,)) / '(1,)type'.
  _np_quint8 = np.dtype([("quint8", np.uint8, 1)])
/Users/author1/anaconda3/lib/python3.6/site-packages/tensorflow/python/framework/dtypes.py:465: FutureWarning: Passing (type, 1) or '1type' as a synonym of type is deprecated; in a future version of numpy, it will be understood as (type, (1,)) / '(1,)type'.
  _np_qint16 = np.dtype([("qint16", np.int16, 1)])
/Users/author1/anaconda3/lib/python3.6/site-packages/tensorflow/python/framework/dtypes.py:466: FutureWarning: Passing (type, 1) or '1type' as a synonym of type is deprecated; in a future version of numpy, it will be understood as (type, (1,)) / '(1,)type'.
  _np_quint16 = np.dtype([("quint16", np.uint16, 1)])
/Users/author1/anaconda3/lib/python3.6/site-packages/tensorflow/python/framework/dtypes.py:467: FutureWarning: Passing (type, 1) or '1type' as a synonym of type is deprecated; in a future version of numpy, it will be understood as (type, (1,)) / '(1,)type'.
  _np_qint32 = np.dtype([("qint32", np.int32, 1)])
Precision and F-score are ill-defined and being set to 0.0 in labels with no predicted samples. Use `zero_division` parameter to control this behavior.
Precision and F-score are ill-defined and being set to 0.0 in labels with no predicted samples. Use `zero_division` parameter to control this behavior.
Precision and F-score are ill-defined and being set to 0.0 in labels with no predicted samples. Use `zero_division` parameter to control this behavior.
Precision and F-score are ill-defined and being set to 0.0 in labels with no predicted samples. Use `zero_division` parameter to control this behavior.
Precision and F-score are ill-defined and being set to 0.0 in labels with no predicted samples. Use `zero_division` parameter to control this behavior.
Precision and F-score are ill-defined and being set to 0.0 in labels with no predicted samples. Use `zero_division` parameter to control this behavior.
Precision and F-score are ill-defined and being set to 0.0 in labels with no predicted samples. Use `zero_division` parameter to control this behavior.
Precision and F-score are ill-defined and being set to 0.0 in labels with no predicted samples. Use `zero_division` parameter to control this behavior.
Precision and F-score are ill-defined and being set to 0.0 in labels with no predicted samples. Use `zero_division` parameter to control this behavior.
Precision and F-score are ill-defined and being set to 0.0 in labels with no predicted samples. Use `zero_division` parameter to control this behavior.
iter: 0, sample_no: 156, actual label: 0, predicted: 1
iter: 1, sample_no: 1, actual label: 0, predicted: 1
iter: 2, sample_no: 100, actual label: 1, predicted: 1
iter: 3, sample_no: 63, actual label: 0, predicted: 1
iter: 4, sample_no: 93, actual label: 1, predicted: 1
iter: 5, sample_no: 142, actual label: 0, predicted: 1
iter: 6, sample_no: 112, actual label: 1, predicted: 1
iter: 7, sample_no: 112, actual label: 1, predicted: 1
iter: 8, sample_no: 120, actual label: 0, predicted: 1
iter: 9, sample_no: 120, actual label: 0, predicted: 1
iter: 10, sample_no: 87, actual label: 1, predicted: 1
iter: 11, sample_no: 194, actual label: 0, predicted: 1
iter: 12, sample_no: 64, actual label: 0, predicted: 1
iter: 13, sample_no: 131, actual label: 0, predicted: 1
iter: 14, sample_no: 176, actual label: 0, predicted: 1
iter: 15, sample_no: 190, actual label: 0, predicted: 1
iter: 16, sample_no: 177, actual label: 0, predicted: 1
iter: 17, sample_no: 133, actual label: 0, predicted: 1
iter: 18, sample_no: 161, actual label: 0, predicted: 1
iter: 19, sample_no: 3, actual label: 0, predicted: 1
iter: 20, sample_no: 78, actual label: 0, predicted: 1
iter: 21, sample_no: 97, actual label: 0, predicted: 1
iter: 22, sample_no: 81, actual label: 0, predicted: 1
iter: 23, sample_no: 76, actual label: 0, predicted: 1
iter: 24, sample_no: 101, actual label: 1, predicted: 1
number of samples: 197
AUC 0.5
pos_get 25
total recall stop_at 1
----------threshold stop at----------: 1
AUC [0.5, 0.5, 0.5, 0.5, 0.5, 0.5, 0.5, 0.5, 0.5, 0.5]
AUC_median 0.5
AUC_iqr 0.0
cost [1, 1, 1, 1, 1, 1, 1, 1, 1, 1]
COST_med 1.0
COST_iqr 0.0
f1_pos_list [0.2252252252252252, 0.2252252252252252, 0.2252252252252252, 0.2252252252252252, 0.2252252252252252, 0.2252252252252252, 0.2252252252252252, 0.2252252252252252, 0.2252252252252252, 0.2252252252252252]
f1_pos_med 0.2252252252252252
