@@@ A - classifier: DummyClassifier(constant=1, random_state=None, strategy='constant')
@@@ B - threshold stop at: 1
@@@ C - Repeat number: 1
@@@ D - common_header:  {'F71-ryan@apache.org', 'F41', 'F3-Bits', 'F3-char[]', 'F15-NA', 'F3-getBoost()', 'F15-private', 'F123', 'F3-String', 'F120', 'F71-shaie@apache.org', 'F71-mikemccand@apache.org', 'F71-sarowe@apache.org', 'F3-char', 'F77', 'F3-FileInputStream', 'F104', 'F3-CharSequence', 'F71-chrism@apache.org', 'F22', 'F71-ehatcher@apache.org', 'F3-Class', 'F15-protected', 'F126', 'F3-long', 'F3-byte[]', 'F3-CharStream', 'F71-yonik@apache.org', 'F3-boolean', 'F115', 'F65', 'F101', 'F71-markrmiller@apache.org', 'F110', 'F3-OutputStream', 'F3-Among[]', 'F71-uschindler@apache.org', 'F3-int[]', 'F3-int', 'F71-hossman@apache.org', 'F71-gsingers@apache.org', 'F71-noble@apache.org', 'F72', 'F25', 'F117', 'F71-rmuir@apache.org', 'F71-buschmi@apache.org', 'F71-simonw@apache.org', 'F3-NA', 'F15-public', 'F68', 'F71-erick@apache.org', 'F71-shalin@apache.org', 'F116', 'category', 'F105'}
     F72            ...            F71-uschindler@apache.org
1  22821            ...                                    1
2  22821            ...                                    1
3  10803            ...                                    1

[3 rows x 55 columns]
;.;
   F72            ...              F71-uschindler@apache.org
0  1.0            ...                                    1.0
1  1.0            ...                                    1.0
2  0.0            ...                                    1.0

[3 rows x 55 columns]
training_x: (12, 55)
training_y: 12
testset_x: (18, 55)
testset_y: 18
              precision    recall  f1-score   support

           0       0.00      0.00      0.00        11
           1       0.39      1.00      0.56         7

    accuracy                           0.39        18
   macro avg       0.19      0.50      0.28        18
weighted avg       0.15      0.39      0.22        18

accuracy: 0.3888888888888889
0.56
@@@ tn: 0, fp: 11, fn: 0, tp: 7
@@@ LIME - Creating explainer
@@@ LIME - Random Sampling of Instances
iter: 0, sample_no: 4, actual label: 0, predicted: 1
iter: 1, sample_no: 0, actual label: 0, predicted: 1
iter: 2, sample_no: 8, actual label: 0, predicted: 1
iter: 3, sample_no: 8, actual label: 0, predicted: 1
iter: 4, sample_no: 6, actual label: 0, predicted: 1
iter: 5, sample_no: 4, actual label: 0, predicted: 1
iter: 6, sample_no: 10, actual label: 1, predicted: 1
iter: 7, sample_no: 0, actual label: 0, predicted: 1
iter: 8, sample_no: 1, actual label: 1, predicted: 1
iter: 9, sample_no: 5, actual label: 1, predicted: 1
iter: 10, sample_no: 17, actual label: 0, predicted: 1
iter: 11, sample_no: 5, actual label: 1, predicted: 1
iter: 12, sample_no: 17, actual label: 0, predicted: 1
iter: 13, sample_no: 3, actual label: 0, predicted: 1
iter: 14, sample_no: 3, actual label: 0, predicted: 1
iter: 15, sample_no: 9, actual label: 0, predicted: 1
iter: 16, sample_no: 9, actual label: 0, predicted: 1
iter: 17, sample_no: 17, actual label: 0, predicted: 1
iter: 18, sample_no: 3, actual label: 0, predicted: 1
iter: 19, sample_no: 0, actual label: 0, predicted: 1
iter: 20, sample_no: 5, actual label: 1, predicted: 1
iter: 21, sample_no: 15, actual label: 1, predicted: 1
iter: 22, sample_no: 11, actual label: 0, predicted: 1
iter: 23, sample_no: 1, actual label: 1, predicted: 1
iter: 24, sample_no: 5, actual label: 1, predicted: 1
number of samples: 18
AUC 0.5
pos_get 7
total recall stop_at 1
@@@ C - Repeat number: 2
@@@ D - common_header:  {'F71-ryan@apache.org', 'F41', 'F3-Bits', 'F3-char[]', 'F15-NA', 'F3-getBoost()', 'F15-private', 'F123', 'F3-String', 'F120', 'F71-shaie@apache.org', 'F71-mikemccand@apache.org', 'F71-sarowe@apache.org', 'F3-char', 'F77', 'F3-FileInputStream', 'F104', 'F3-CharSequence', 'F71-chrism@apache.org', 'F22', 'F71-ehatcher@apache.org', 'F3-Class', 'F15-protected', 'F126', 'F3-long', 'F3-byte[]', 'F3-CharStream', 'F71-yonik@apache.org', 'F3-boolean', 'F115', 'F65', 'F101', 'F71-markrmiller@apache.org', 'F110', 'F3-OutputStream', 'F3-Among[]', 'F71-uschindler@apache.org', 'F3-int[]', 'F3-int', 'F71-hossman@apache.org', 'F71-gsingers@apache.org', 'F71-noble@apache.org', 'F72', 'F25', 'F117', 'F71-rmuir@apache.org', 'F71-buschmi@apache.org', 'F71-simonw@apache.org', 'F3-NA', 'F15-public', 'F68', 'F71-erick@apache.org', 'F71-shalin@apache.org', 'F116', 'category', 'F105'}
     F72            ...            F71-uschindler@apache.org
1  22821            ...                                    1
2  22821            ...                                    1
3  10803            ...                                    1

[3 rows x 55 columns]
;.;
   F72            ...              F71-uschindler@apache.org
0  1.0            ...                                    1.0
1  1.0            ...                                    1.0
2  0.0            ...                                    1.0

[3 rows x 55 columns]
training_x: (12, 55)
training_y: 12
testset_x: (18, 55)
testset_y: 18
              precision    recall  f1-score   support

           0       0.00      0.00      0.00        11
           1       0.39      1.00      0.56         7

    accuracy                           0.39        18
   macro avg       0.19      0.50      0.28        18
weighted avg       0.15      0.39      0.22        18

accuracy: 0.3888888888888889
0.56
@@@ tn: 0, fp: 11, fn: 0, tp: 7
@@@ LIME - Creating explainer
@@@ LIME - Random Sampling of Instances
iter: 0, sample_no: 3, actual label: 0, predicted: 1
iter: 1, sample_no: 5, actual label: 1, predicted: 1
iter: 2, sample_no: 17, actual label: 0, predicted: 1
iter: 3, sample_no: 3, actual label: 0, predicted: 1
iter: 4, sample_no: 14, actual label: 1, predicted: 1
iter: 5, sample_no: 8, actual label: 0, predicted: 1
iter: 6, sample_no: 5, actual label: 1, predicted: 1
iter: 7, sample_no: 2, actual label: 1, predicted: 1
iter: 8, sample_no: 16, actual label: 0, predicted: 1
iter: 9, sample_no: 2, actual label: 1, predicted: 1
iter: 10, sample_no: 7, actual label: 1, predicted: 1
iter: 11, sample_no: 7, actual label: 1, predicted: 1
iter: 12, sample_no: 1, actual label: 1, predicted: 1
iter: 13, sample_no: 9, actual label: 0, predicted: 1
iter: 14, sample_no: 2, actual label: 1, predicted: 1
iter: 15, sample_no: 14, actual label: 1, predicted: 1
iter: 16, sample_no: 0, actual label: 0, predicted: 1
iter: 17, sample_no: 7, actual label: 1, predicted: 1
iter: 18, sample_no: 9, actual label: 0, predicted: 1
iter: 19, sample_no: 8, actual label: 0, predicted: 1
iter: 20, sample_no: 2, actual label: 1, predicted: 1
iter: 21, sample_no: 10, actual label: 1, predicted: 1
iter: 22, sample_no: 15, actual label: 1, predicted: 1
iter: 23, sample_no: 12, actual label: 0, predicted: 1
iter: 24, sample_no: 16, actual label: 0, predicted: 1
number of samples: 18
AUC 0.5
pos_get 7
total recall stop_at 1
@@@ C - Repeat number: 3
@@@ D - common_header:  {'F71-ryan@apache.org', 'F41', 'F3-Bits', 'F3-char[]', 'F15-NA', 'F3-getBoost()', 'F15-private', 'F123', 'F3-String', 'F120', 'F71-shaie@apache.org', 'F71-mikemccand@apache.org', 'F71-sarowe@apache.org', 'F3-char', 'F77', 'F3-FileInputStream', 'F104', 'F3-CharSequence', 'F71-chrism@apache.org', 'F22', 'F71-ehatcher@apache.org', 'F3-Class', 'F15-protected', 'F126', 'F3-long', 'F3-byte[]', 'F3-CharStream', 'F71-yonik@apache.org', 'F3-boolean', 'F115', 'F65', 'F101', 'F71-markrmiller@apache.org', 'F110', 'F3-OutputStream', 'F3-Among[]', 'F71-uschindler@apache.org', 'F3-int[]', 'F3-int', 'F71-hossman@apache.org', 'F71-gsingers@apache.org', 'F71-noble@apache.org', 'F72', 'F25', 'F117', 'F71-rmuir@apache.org', 'F71-buschmi@apache.org', 'F71-simonw@apache.org', 'F3-NA', 'F15-public', 'F68', 'F71-erick@apache.org', 'F71-shalin@apache.org', 'F116', 'category', 'F105'}
     F72            ...            F71-uschindler@apache.org
1  22821            ...                                    1
2  22821            ...                                    1
3  10803            ...                                    1

[3 rows x 55 columns]
;.;
   F72            ...              F71-uschindler@apache.org
0  1.0            ...                                    1.0
1  1.0            ...                                    1.0
2  0.0            ...                                    1.0

[3 rows x 55 columns]
training_x: (12, 55)
training_y: 12
testset_x: (18, 55)
testset_y: 18
              precision    recall  f1-score   support

           0       0.00      0.00      0.00        11
           1       0.39      1.00      0.56         7

    accuracy                           0.39        18
   macro avg       0.19      0.50      0.28        18
weighted avg       0.15      0.39      0.22        18

accuracy: 0.3888888888888889
0.56
@@@ tn: 0, fp: 11, fn: 0, tp: 7
@@@ LIME - Creating explainer
@@@ LIME - Random Sampling of Instances
iter: 0, sample_no: 11, actual label: 0, predicted: 1
iter: 1, sample_no: 3, actual label: 0, predicted: 1
iter: 2, sample_no: 8, actual label: 0, predicted: 1
iter: 3, sample_no: 17, actual label: 0, predicted: 1
iter: 4, sample_no: 10, actual label: 1, predicted: 1
iter: 5, sample_no: 16, actual label: 0, predicted: 1
iter: 6, sample_no: 6, actual label: 0, predicted: 1
iter: 7, sample_no: 7, actual label: 1, predicted: 1
iter: 8, sample_no: 6, actual label: 0, predicted: 1
iter: 9, sample_no: 14, actual label: 1, predicted: 1
iter: 10, sample_no: 15, actual label: 1, predicted: 1
iter: 11, sample_no: 8, actual label: 0, predicted: 1
iter: 12, sample_no: 6, actual label: 0, predicted: 1
iter: 13, sample_no: 12, actual label: 0, predicted: 1
iter: 14, sample_no: 7, actual label: 1, predicted: 1
iter: 15, sample_no: 9, actual label: 0, predicted: 1
iter: 16, sample_no: 17, actual label: 0, predicted: 1
iter: 17, sample_no: 0, actual label: 0, predicted: 1
iter: 18, sample_no: 2, actual label: 1, predicted: 1
iter: 19, sample_no: 15, actual label: 1, predicted: 1
iter: 20, sample_no: 15, actual label: 1, predicted: 1
iter: 21, sample_no: 15, actual label: 1, predicted: 1
iter: 22, sample_no: 2, actual label: 1, predicted: 1
iter: 23, sample_no: 0, actual label: 0, predicted: 1
iter: 24, sample_no: 8, actual label: 0, predicted: 1
number of samples: 18
AUC 0.5
pos_get 7
total recall stop_at 1
@@@ C - Repeat number: 4
@@@ D - common_header:  {'F71-ryan@apache.org', 'F41', 'F3-Bits', 'F3-char[]', 'F15-NA', 'F3-getBoost()', 'F15-private', 'F123', 'F3-String', 'F120', 'F71-shaie@apache.org', 'F71-mikemccand@apache.org', 'F71-sarowe@apache.org', 'F3-char', 'F77', 'F3-FileInputStream', 'F104', 'F3-CharSequence', 'F71-chrism@apache.org', 'F22', 'F71-ehatcher@apache.org', 'F3-Class', 'F15-protected', 'F126', 'F3-long', 'F3-byte[]', 'F3-CharStream', 'F71-yonik@apache.org', 'F3-boolean', 'F115', 'F65', 'F101', 'F71-markrmiller@apache.org', 'F110', 'F3-OutputStream', 'F3-Among[]', 'F71-uschindler@apache.org', 'F3-int[]', 'F3-int', 'F71-hossman@apache.org', 'F71-gsingers@apache.org', 'F71-noble@apache.org', 'F72', 'F25', 'F117', 'F71-rmuir@apache.org', 'F71-buschmi@apache.org', 'F71-simonw@apache.org', 'F3-NA', 'F15-public', 'F68', 'F71-erick@apache.org', 'F71-shalin@apache.org', 'F116', 'category', 'F105'}
     F72            ...            F71-uschindler@apache.org
1  22821            ...                                    1
2  22821            ...                                    1
3  10803            ...                                    1

[3 rows x 55 columns]
;.;
   F72            ...              F71-uschindler@apache.org
0  1.0            ...                                    1.0
1  1.0            ...                                    1.0
2  0.0            ...                                    1.0

[3 rows x 55 columns]
training_x: (12, 55)
training_y: 12
testset_x: (18, 55)
testset_y: 18
              precision    recall  f1-score   support

           0       0.00      0.00      0.00        11
           1       0.39      1.00      0.56         7

    accuracy                           0.39        18
   macro avg       0.19      0.50      0.28        18
weighted avg       0.15      0.39      0.22        18

accuracy: 0.3888888888888889
0.56
@@@ tn: 0, fp: 11, fn: 0, tp: 7
@@@ LIME - Creating explainer
@@@ LIME - Random Sampling of Instances
iter: 0, sample_no: 5, actual label: 1, predicted: 1
iter: 1, sample_no: 9, actual label: 0, predicted: 1
iter: 2, sample_no: 1, actual label: 1, predicted: 1
iter: 3, sample_no: 15, actual label: 1, predicted: 1
iter: 4, sample_no: 0, actual label: 0, predicted: 1
iter: 5, sample_no: 14, actual label: 1, predicted: 1
iter: 6, sample_no: 2, actual label: 1, predicted: 1
iter: 7, sample_no: 12, actual label: 0, predicted: 1
iter: 8, sample_no: 0, actual label: 0, predicted: 1
iter: 9, sample_no: 17, actual label: 0, predicted: 1
iter: 10, sample_no: 12, actual label: 0, predicted: 1
iter: 11, sample_no: 11, actual label: 0, predicted: 1
iter: 12, sample_no: 4, actual label: 0, predicted: 1
iter: 13, sample_no: 16, actual label: 0, predicted: 1
iter: 14, sample_no: 5, actual label: 1, predicted: 1
iter: 15, sample_no: 16, actual label: 0, predicted: 1
iter: 16, sample_no: 15, actual label: 1, predicted: 1
iter: 17, sample_no: 14, actual label: 1, predicted: 1
iter: 18, sample_no: 4, actual label: 0, predicted: 1
iter: 19, sample_no: 4, actual label: 0, predicted: 1
iter: 20, sample_no: 15, actual label: 1, predicted: 1
iter: 21, sample_no: 9, actual label: 0, predicted: 1
iter: 22, sample_no: 17, actual label: 0, predicted: 1
iter: 23, sample_no: 16, actual label: 0, predicted: 1
iter: 24, sample_no: 4, actual label: 0, predicted: 1
number of samples: 18
AUC 0.5
pos_get 7
total recall stop_at 1
@@@ C - Repeat number: 5
@@@ D - common_header:  {'F71-ryan@apache.org', 'F41', 'F3-Bits', 'F3-char[]', 'F15-NA', 'F3-getBoost()', 'F15-private', 'F123', 'F3-String', 'F120', 'F71-shaie@apache.org', 'F71-mikemccand@apache.org', 'F71-sarowe@apache.org', 'F3-char', 'F77', 'F3-FileInputStream', 'F104', 'F3-CharSequence', 'F71-chrism@apache.org', 'F22', 'F71-ehatcher@apache.org', 'F3-Class', 'F15-protected', 'F126', 'F3-long', 'F3-byte[]', 'F3-CharStream', 'F71-yonik@apache.org', 'F3-boolean', 'F115', 'F65', 'F101', 'F71-markrmiller@apache.org', 'F110', 'F3-OutputStream', 'F3-Among[]', 'F71-uschindler@apache.org', 'F3-int[]', 'F3-int', 'F71-hossman@apache.org', 'F71-gsingers@apache.org', 'F71-noble@apache.org', 'F72', 'F25', 'F117', 'F71-rmuir@apache.org', 'F71-buschmi@apache.org', 'F71-simonw@apache.org', 'F3-NA', 'F15-public', 'F68', 'F71-erick@apache.org', 'F71-shalin@apache.org', 'F116', 'category', 'F105'}
     F72            ...            F71-uschindler@apache.org
1  22821            ...                                    1
2  22821            ...                                    1
3  10803            ...                                    1

[3 rows x 55 columns]
;.;
   F72            ...              F71-uschindler@apache.org
0  1.0            ...                                    1.0
1  1.0            ...                                    1.0
2  0.0            ...                                    1.0

[3 rows x 55 columns]
training_x: (12, 55)
training_y: 12
testset_x: (18, 55)
testset_y: 18
              precision    recall  f1-score   support

           0       0.00      0.00      0.00        11
           1       0.39      1.00      0.56         7

    accuracy                           0.39        18
   macro avg       0.19      0.50      0.28        18
weighted avg       0.15      0.39      0.22        18

accuracy: 0.3888888888888889
0.56
@@@ tn: 0, fp: 11, fn: 0, tp: 7
@@@ LIME - Creating explainer
@@@ LIME - Random Sampling of Instances
iter: 0, sample_no: 7, actual label: 1, predicted: 1
iter: 1, sample_no: 12, actual label: 0, predicted: 1
iter: 2, sample_no: 0, actual label: 0, predicted: 1
iter: 3, sample_no: 7, actual label: 1, predicted: 1
iter: 4, sample_no: 13, actual label: 0, predicted: 1
iter: 5, sample_no: 6, actual label: 0, predicted: 1
iter: 6, sample_no: 17, actual label: 0, predicted: 1
iter: 7, sample_no: 5, actual label: 1, predicted: 1
iter: 8, sample_no: 5, actual label: 1, predicted: 1
iter: 9, sample_no: 3, actual label: 0, predicted: 1
iter: 10, sample_no: 1, actual label: 1, predicted: 1
iter: 11, sample_no: 8, actual label: 0, predicted: 1
iter: 12, sample_no: 14, actual label: 1, predicted: 1
iter: 13, sample_no: 6, actual label: 0, predicted: 1
iter: 14, sample_no: 1, actual label: 1, predicted: 1
iter: 15, sample_no: 2, actual label: 1, predicted: 1
iter: 16, sample_no: 4, actual label: 0, predicted: 1
iter: 17, sample_no: 14, actual label: 1, predicted: 1
iter: 18, sample_no: 13, actual label: 0, predicted: 1
iter: 19, sample_no: 9, actual label: 0, predicted: 1
iter: 20, sample_no: 14, actual label: 1, predicted: 1
iter: 21, sample_no: 13, actual label: 0, predicted: 1
iter: 22, sample_no: 17, actual label: 0, predicted: 1
iter: 23, sample_no: 4, actual label: 0, predicted: 1
iter: 24, sample_no: 3, actual label: 0, predicted: 1
number of samples: 18
AUC 0.5
pos_get 7
total recall stop_at 1
@@@ C - Repeat number: 6
@@@ D - common_header:  {'F71-ryan@apache.org', 'F41', 'F3-Bits', 'F3-char[]', 'F15-NA', 'F3-getBoost()', 'F15-private', 'F123', 'F3-String', 'F120', 'F71-shaie@apache.org', 'F71-mikemccand@apache.org', 'F71-sarowe@apache.org', 'F3-char', 'F77', 'F3-FileInputStream', 'F104', 'F3-CharSequence', 'F71-chrism@apache.org', 'F22', 'F71-ehatcher@apache.org', 'F3-Class', 'F15-protected', 'F126', 'F3-long', 'F3-byte[]', 'F3-CharStream', 'F71-yonik@apache.org', 'F3-boolean', 'F115', 'F65', 'F101', 'F71-markrmiller@apache.org', 'F110', 'F3-OutputStream', 'F3-Among[]', 'F71-uschindler@apache.org', 'F3-int[]', 'F3-int', 'F71-hossman@apache.org', 'F71-gsingers@apache.org', 'F71-noble@apache.org', 'F72', 'F25', 'F117', 'F71-rmuir@apache.org', 'F71-buschmi@apache.org', 'F71-simonw@apache.org', 'F3-NA', 'F15-public', 'F68', 'F71-erick@apache.org', 'F71-shalin@apache.org', 'F116', 'category', 'F105'}
     F72            ...            F71-uschindler@apache.org
1  22821            ...                                    1
2  22821            ...                                    1
3  10803            ...                                    1

[3 rows x 55 columns]
;.;
   F72            ...              F71-uschindler@apache.org
0  1.0            ...                                    1.0
1  1.0            ...                                    1.0
2  0.0            ...                                    1.0

[3 rows x 55 columns]
training_x: (12, 55)
training_y: 12
testset_x: (18, 55)
testset_y: 18
              precision    recall  f1-score   support

           0       0.00      0.00      0.00        11
           1       0.39      1.00      0.56         7

    accuracy                           0.39        18
   macro avg       0.19      0.50      0.28        18
weighted avg       0.15      0.39      0.22        18

accuracy: 0.3888888888888889
0.56
@@@ tn: 0, fp: 11, fn: 0, tp: 7
@@@ LIME - Creating explainer
@@@ LIME - Random Sampling of Instances
iter: 0, sample_no: 0, actual label: 0, predicted: 1
iter: 1, sample_no: 9, actual label: 0, predicted: 1
iter: 2, sample_no: 3, actual label: 0, predicted: 1
iter: 3, sample_no: 0, actual label: 0, predicted: 1
iter: 4, sample_no: 13, actual label: 0, predicted: 1
iter: 5, sample_no: 7, actual label: 1, predicted: 1
iter: 6, sample_no: 5, actual label: 1, predicted: 1
iter: 7, sample_no: 9, actual label: 0, predicted: 1
iter: 8, sample_no: 8, actual label: 0, predicted: 1
iter: 9, sample_no: 8, actual label: 0, predicted: 1
iter: 10, sample_no: 13, actual label: 0, predicted: 1
iter: 11, sample_no: 7, actual label: 1, predicted: 1
iter: 12, sample_no: 4, actual label: 0, predicted: 1
iter: 13, sample_no: 9, actual label: 0, predicted: 1
iter: 14, sample_no: 14, actual label: 1, predicted: 1
iter: 15, sample_no: 4, actual label: 0, predicted: 1
iter: 16, sample_no: 7, actual label: 1, predicted: 1
iter: 17, sample_no: 4, actual label: 0, predicted: 1
iter: 18, sample_no: 8, actual label: 0, predicted: 1
iter: 19, sample_no: 11, actual label: 0, predicted: 1
iter: 20, sample_no: 16, actual label: 0, predicted: 1
iter: 21, sample_no: 6, actual label: 0, predicted: 1
iter: 22, sample_no: 0, actual label: 0, predicted: 1
iter: 23, sample_no: 16, actual label: 0, predicted: 1
iter: 24, sample_no: 6, actual label: 0, predicted: 1
number of samples: 18
AUC 0.5
pos_get 7
total recall stop_at 1
@@@ C - Repeat number: 7
@@@ D - common_header:  {'F71-ryan@apache.org', 'F41', 'F3-Bits', 'F3-char[]', 'F15-NA', 'F3-getBoost()', 'F15-private', 'F123', 'F3-String', 'F120', 'F71-shaie@apache.org', 'F71-mikemccand@apache.org', 'F71-sarowe@apache.org', 'F3-char', 'F77', 'F3-FileInputStream', 'F104', 'F3-CharSequence', 'F71-chrism@apache.org', 'F22', 'F71-ehatcher@apache.org', 'F3-Class', 'F15-protected', 'F126', 'F3-long', 'F3-byte[]', 'F3-CharStream', 'F71-yonik@apache.org', 'F3-boolean', 'F115', 'F65', 'F101', 'F71-markrmiller@apache.org', 'F110', 'F3-OutputStream', 'F3-Among[]', 'F71-uschindler@apache.org', 'F3-int[]', 'F3-int', 'F71-hossman@apache.org', 'F71-gsingers@apache.org', 'F71-noble@apache.org', 'F72', 'F25', 'F117', 'F71-rmuir@apache.org', 'F71-buschmi@apache.org', 'F71-simonw@apache.org', 'F3-NA', 'F15-public', 'F68', 'F71-erick@apache.org', 'F71-shalin@apache.org', 'F116', 'category', 'F105'}
     F72            ...            F71-uschindler@apache.org
1  22821            ...                                    1
2  22821            ...                                    1
3  10803            ...                                    1

[3 rows x 55 columns]
;.;
   F72            ...              F71-uschindler@apache.org
0  1.0            ...                                    1.0
1  1.0            ...                                    1.0
2  0.0            ...                                    1.0

[3 rows x 55 columns]
training_x: (12, 55)
training_y: 12
testset_x: (18, 55)
testset_y: 18
              precision    recall  f1-score   support

           0       0.00      0.00      0.00        11
           1       0.39      1.00      0.56         7

    accuracy                           0.39        18
   macro avg       0.19      0.50      0.28        18
weighted avg       0.15      0.39      0.22        18

accuracy: 0.3888888888888889
0.56
@@@ tn: 0, fp: 11, fn: 0, tp: 7
@@@ LIME - Creating explainer
@@@ LIME - Random Sampling of Instances
iter: 0, sample_no: 10, actual label: 1, predicted: 1
iter: 1, sample_no: 3, actual label: 0, predicted: 1
iter: 2, sample_no: 6, actual label: 0, predicted: 1
iter: 3, sample_no: 14, actual label: 1, predicted: 1
iter: 4, sample_no: 5, actual label: 1, predicted: 1
iter: 5, sample_no: 1, actual label: 1, predicted: 1
iter: 6, sample_no: 8, actual label: 0, predicted: 1
iter: 7, sample_no: 3, actual label: 0, predicted: 1
iter: 8, sample_no: 6, actual label: 0, predicted: 1
iter: 9, sample_no: 8, actual label: 0, predicted: 1
iter: 10, sample_no: 3, actual label: 0, predicted: 1
iter: 11, sample_no: 9, actual label: 0, predicted: 1
iter: 12, sample_no: 14, actual label: 1, predicted: 1
iter: 13, sample_no: 1, actual label: 1, predicted: 1
iter: 14, sample_no: 1, actual label: 1, predicted: 1
iter: 15, sample_no: 13, actual label: 0, predicted: 1
iter: 16, sample_no: 1, actual label: 1, predicted: 1
iter: 17, sample_no: 2, actual label: 1, predicted: 1
iter: 18, sample_no: 7, actual label: 1, predicted: 1
iter: 19, sample_no: 12, actual label: 0, predicted: 1
iter: 20, sample_no: 3, actual label: 0, predicted: 1
iter: 21, sample_no: 5, actual label: 1, predicted: 1
iter: 22, sample_no: 13, actual label: 0, predicted: 1
iter: 23, sample_no: 11, actual label: 0, predicted: 1
iter: 24, sample_no: 4, actual label: 0, predicted: 1
number of samples: 18
AUC 0.5
pos_get 7
total recall stop_at 1
@@@ C - Repeat number: 8
@@@ D - common_header:  {'F71-ryan@apache.org', 'F41', 'F3-Bits', 'F3-char[]', 'F15-NA', 'F3-getBoost()', 'F15-private', 'F123', 'F3-String', 'F120', 'F71-shaie@apache.org', 'F71-mikemccand@apache.org', 'F71-sarowe@apache.org', 'F3-char', 'F77', 'F3-FileInputStream', 'F104', 'F3-CharSequence', 'F71-chrism@apache.org', 'F22', 'F71-ehatcher@apache.org', 'F3-Class', 'F15-protected', 'F126', 'F3-long', 'F3-byte[]', 'F3-CharStream', 'F71-yonik@apache.org', 'F3-boolean', 'F115', 'F65', 'F101', 'F71-markrmiller@apache.org', 'F110', 'F3-OutputStream', 'F3-Among[]', 'F71-uschindler@apache.org', 'F3-int[]', 'F3-int', 'F71-hossman@apache.org', 'F71-gsingers@apache.org', 'F71-noble@apache.org', 'F72', 'F25', 'F117', 'F71-rmuir@apache.org', 'F71-buschmi@apache.org', 'F71-simonw@apache.org', 'F3-NA', 'F15-public', 'F68', 'F71-erick@apache.org', 'F71-shalin@apache.org', 'F116', 'category', 'F105'}
     F72            ...            F71-uschindler@apache.org
1  22821            ...                                    1
2  22821            ...                                    1
3  10803            ...                                    1

[3 rows x 55 columns]
;.;
   F72            ...              F71-uschindler@apache.org
0  1.0            ...                                    1.0
1  1.0            ...                                    1.0
2  0.0            ...                                    1.0

[3 rows x 55 columns]
training_x: (12, 55)
training_y: 12
testset_x: (18, 55)
testset_y: 18
              precision    recall  f1-score   support

           0       0.00      0.00      0.00        11
           1       0.39      1.00      0.56         7

    accuracy                           0.39        18
   macro avg       0.19      0.50      0.28        18
weighted avg       0.15      0.39      0.22        18

accuracy: 0.3888888888888889
0.56
@@@ tn: 0, fp: 11, fn: 0, tp: 7
@@@ LIME - Creating explainer
@@@ LIME - Random Sampling of Instances
iter: 0, sample_no: 16, actual label: 0, predicted: 1
iter: 1, sample_no: 9, actual label: 0, predicted: 1
iter: 2, sample_no: 3, actual label: 0, predicted: 1
iter: 3, sample_no: 11, actual label: 0, predicted: 1
iter: 4, sample_no: 2, actual label: 1, predicted: 1
iter: 5, sample_no: 4, actual label: 0, predicted: 1
iter: 6, sample_no: 16, actual label: 0, predicted: 1
iter: 7, sample_no: 11, actual label: 0, predicted: 1
iter: 8, sample_no: 6, actual label: 0, predicted: 1
iter: 9, sample_no: 17, actual label: 0, predicted: 1
iter: 10, sample_no: 1, actual label: 1, predicted: 1
iter: 11, sample_no: 0, actual label: 0, predicted: 1
iter: 12, sample_no: 17, actual label: 0, predicted: 1
iter: 13, sample_no: 6, actual label: 0, predicted: 1
iter: 14, sample_no: 11, actual label: 0, predicted: 1
iter: 15, sample_no: 2, actual label: 1, predicted: 1
iter: 16, sample_no: 0, actual label: 0, predicted: 1
iter: 17, sample_no: 12, actual label: 0, predicted: 1
iter: 18, sample_no: 3, actual label: 0, predicted: 1
iter: 19, sample_no: 6, actual label: 0, predicted: 1
iter: 20, sample_no: 1, actual label: 1, predicted: 1
iter: 21, sample_no: 14, actual label: 1, predicted: 1
iter: 22, sample_no: 12, actual label: 0, predicted: 1
iter: 23, sample_no: 1, actual label: 1, predicted: 1
iter: 24, sample_no: 12, actual label: 0, predicted: 1
number of samples: 18
AUC 0.5
pos_get 7
total recall stop_at 1
@@@ C - Repeat number: 9
@@@ D - common_header:  {'F71-ryan@apache.org', 'F41', 'F3-Bits', 'F3-char[]', 'F15-NA', 'F3-getBoost()', 'F15-private', 'F123', 'F3-String', 'F120', 'F71-shaie@apache.org', 'F71-mikemccand@apache.org', 'F71-sarowe@apache.org', 'F3-char', 'F77', 'F3-FileInputStream', 'F104', 'F3-CharSequence', 'F71-chrism@apache.org', 'F22', 'F71-ehatcher@apache.org', 'F3-Class', 'F15-protected', 'F126', 'F3-long', 'F3-byte[]', 'F3-CharStream', 'F71-yonik@apache.org', 'F3-boolean', 'F115', 'F65', 'F101', 'F71-markrmiller@apache.org', 'F110', 'F3-OutputStream', 'F3-Among[]', 'F71-uschindler@apache.org', 'F3-int[]', 'F3-int', 'F71-hossman@apache.org', 'F71-gsingers@apache.org', 'F71-noble@apache.org', 'F72', 'F25', 'F117', 'F71-rmuir@apache.org', 'F71-buschmi@apache.org', 'F71-simonw@apache.org', 'F3-NA', 'F15-public', 'F68', 'F71-erick@apache.org', 'F71-shalin@apache.org', 'F116', 'category', 'F105'}
     F72            ...            F71-uschindler@apache.org
1  22821            ...                                    1
2  22821            ...                                    1
3  10803            ...                                    1

[3 rows x 55 columns]
;.;
   F72            ...              F71-uschindler@apache.org
0  1.0            ...                                    1.0
1  1.0            ...                                    1.0
2  0.0            ...                                    1.0

[3 rows x 55 columns]
training_x: (12, 55)
training_y: 12
testset_x: (18, 55)
testset_y: 18
              precision    recall  f1-score   support

           0       0.00      0.00      0.00        11
           1       0.39      1.00      0.56         7

    accuracy                           0.39        18
   macro avg       0.19      0.50      0.28        18
weighted avg       0.15      0.39      0.22        18

accuracy: 0.3888888888888889
0.56
@@@ tn: 0, fp: 11, fn: 0, tp: 7
@@@ LIME - Creating explainer
@@@ LIME - Random Sampling of Instances
iter: 0, sample_no: 5, actual label: 1, predicted: 1
iter: 1, sample_no: 3, actual label: 0, predicted: 1
iter: 2, sample_no: 15, actual label: 1, predicted: 1
iter: 3, sample_no: 10, actual label: 1, predicted: 1
iter: 4, sample_no: 4, actual label: 0, predicted: 1
iter: 5, sample_no: 12, actual label: 0, predicted: 1
iter: 6, sample_no: 14, actual label: 1, predicted: 1
iter: 7, sample_no: 7, actual label: 1, predicted: 1
iter: 8, sample_no: 15, actual label: 1, predicted: 1
iter: 9, sample_no: 10, actual label: 1, predicted: 1
iter: 10, sample_no: 13, actual label: 0, predicted: 1
iter: 11, sample_no: 6, actual label: 0, predicted: 1
iter: 12, sample_no: 9, actual label: 0, predicted: 1
iter: 13, sample_no: 0, actual label: 0, predicted: 1
iter: 14, sample_no: 11, actual label: 0, predicted: 1
iter: 15, sample_no: 3, actual label: 0, predicted: 1
iter: 16, sample_no: 2, actual label: 1, predicted: 1
iter: 17, sample_no: 3, actual label: 0, predicted: 1
iter: 18, sample_no: 11, actual label: 0, predicted: 1
iter: 19, sample_no: 4, actual label: 0, predicted: 1
iter: 20, sample_no: 9, actual label: 0, predicted: 1
iter: 21, sample_no: 15, actual label: 1, predicted: 1
iter: 22, sample_no: 2, actual label: 1, predicted: 1
iter: 23, sample_no: 6, actual label: 0, predicted: 1
iter: 24, sample_no: 2, actual label: 1, predicted: 1
number of samples: 18
AUC 0.5
pos_get 7
total recall stop_at 1
@@@ C - Repeat number: 10
@@@ D - common_header:  {'F71-ryan@apache.org', 'F41', 'F3-Bits', 'F3-char[]', 'F15-NA', 'F3-getBoost()', 'F15-private', 'F123', 'F3-String', 'F120', 'F71-shaie@apache.org', 'F71-mikemccand@apache.org', 'F71-sarowe@apache.org', 'F3-char', 'F77', 'F3-FileInputStream', 'F104', 'F3-CharSequence', 'F71-chrism@apache.org', 'F22', 'F71-ehatcher@apache.org', 'F3-Class', 'F15-protected', 'F126', 'F3-long', 'F3-byte[]', 'F3-CharStream', 'F71-yonik@apache.org', 'F3-boolean', 'F115', 'F65', 'F101', 'F71-markrmiller@apache.org', 'F110', 'F3-OutputStream', 'F3-Among[]', 'F71-uschindler@apache.org', 'F3-int[]', 'F3-int', 'F71-hossman@apache.org', 'F71-gsingers@apache.org', 'F71-noble@apache.org', 'F72', 'F25', 'F117', 'F71-rmuir@apache.org', 'F71-buschmi@apache.org', 'F71-simonw@apache.org', 'F3-NA', 'F15-public', 'F68', 'F71-erick@apache.org', 'F71-shalin@apache.org', 'F116', 'category', 'F105'}
     F72            ...            F71-uschindler@apache.org
1  22821            ...                                    1
2  22821            ...                                    1
3  10803            ...                                    1

[3 rows x 55 columns]
;.;
   F72            ...              F71-uschindler@apache.org
0  1.0            ...                                    1.0
1  1.0            ...                                    1.0
2  0.0            ...                                    1.0

[3 rows x 55 columns]
training_x: (12, 55)
training_y: 12
testset_x: (18, 55)
testset_y: 18
              precision    recall  f1-score   support

           0       0.00      0.00      0.00        11
           1       0.39      1.00      0.56         7

    accuracy                           0.39        18
   macro avg       0.19      0.50      0.28        18
weighted avg       0.15      0.39      0.22        18

accuracy: 0.3888888888888889
0.56
@@@ tn: 0, fp: 11, fn: 0, tp: 7
@@@ LIME - Creating explainer
@@@ LIME - Random Sampling of Instances
/Users/author1/anaconda3/lib/python3.6/site-packages/tensorflow/python/framework/dtypes.py:463: FutureWarning: Passing (type, 1) or '1type' as a synonym of type is deprecated; in a future version of numpy, it will be understood as (type, (1,)) / '(1,)type'.
  _np_qint8 = np.dtype([("qint8", np.int8, 1)])
/Users/author1/anaconda3/lib/python3.6/site-packages/tensorflow/python/framework/dtypes.py:464: FutureWarning: Passing (type, 1) or '1type' as a synonym of type is deprecated; in a future version of numpy, it will be understood as (type, (1,)) / '(1,)type'.
  _np_quint8 = np.dtype([("quint8", np.uint8, 1)])
/Users/author1/anaconda3/lib/python3.6/site-packages/tensorflow/python/framework/dtypes.py:465: FutureWarning: Passing (type, 1) or '1type' as a synonym of type is deprecated; in a future version of numpy, it will be understood as (type, (1,)) / '(1,)type'.
  _np_qint16 = np.dtype([("qint16", np.int16, 1)])
/Users/author1/anaconda3/lib/python3.6/site-packages/tensorflow/python/framework/dtypes.py:466: FutureWarning: Passing (type, 1) or '1type' as a synonym of type is deprecated; in a future version of numpy, it will be understood as (type, (1,)) / '(1,)type'.
  _np_quint16 = np.dtype([("quint16", np.uint16, 1)])
/Users/author1/anaconda3/lib/python3.6/site-packages/tensorflow/python/framework/dtypes.py:467: FutureWarning: Passing (type, 1) or '1type' as a synonym of type is deprecated; in a future version of numpy, it will be understood as (type, (1,)) / '(1,)type'.
  _np_qint32 = np.dtype([("qint32", np.int32, 1)])
Precision and F-score are ill-defined and being set to 0.0 in labels with no predicted samples. Use `zero_division` parameter to control this behavior.
Precision and F-score are ill-defined and being set to 0.0 in labels with no predicted samples. Use `zero_division` parameter to control this behavior.
Precision and F-score are ill-defined and being set to 0.0 in labels with no predicted samples. Use `zero_division` parameter to control this behavior.
Precision and F-score are ill-defined and being set to 0.0 in labels with no predicted samples. Use `zero_division` parameter to control this behavior.
Precision and F-score are ill-defined and being set to 0.0 in labels with no predicted samples. Use `zero_division` parameter to control this behavior.
Precision and F-score are ill-defined and being set to 0.0 in labels with no predicted samples. Use `zero_division` parameter to control this behavior.
Precision and F-score are ill-defined and being set to 0.0 in labels with no predicted samples. Use `zero_division` parameter to control this behavior.
Precision and F-score are ill-defined and being set to 0.0 in labels with no predicted samples. Use `zero_division` parameter to control this behavior.
Precision and F-score are ill-defined and being set to 0.0 in labels with no predicted samples. Use `zero_division` parameter to control this behavior.
Precision and F-score are ill-defined and being set to 0.0 in labels with no predicted samples. Use `zero_division` parameter to control this behavior.
iter: 0, sample_no: 11, actual label: 0, predicted: 1
iter: 1, sample_no: 3, actual label: 0, predicted: 1
iter: 2, sample_no: 5, actual label: 1, predicted: 1
iter: 3, sample_no: 2, actual label: 1, predicted: 1
iter: 4, sample_no: 14, actual label: 1, predicted: 1
iter: 5, sample_no: 12, actual label: 0, predicted: 1
iter: 6, sample_no: 2, actual label: 1, predicted: 1
iter: 7, sample_no: 14, actual label: 1, predicted: 1
iter: 8, sample_no: 5, actual label: 1, predicted: 1
iter: 9, sample_no: 4, actual label: 0, predicted: 1
iter: 10, sample_no: 3, actual label: 0, predicted: 1
iter: 11, sample_no: 15, actual label: 1, predicted: 1
iter: 12, sample_no: 15, actual label: 1, predicted: 1
iter: 13, sample_no: 12, actual label: 0, predicted: 1
iter: 14, sample_no: 7, actual label: 1, predicted: 1
iter: 15, sample_no: 9, actual label: 0, predicted: 1
iter: 16, sample_no: 15, actual label: 1, predicted: 1
iter: 17, sample_no: 12, actual label: 0, predicted: 1
iter: 18, sample_no: 1, actual label: 1, predicted: 1
iter: 19, sample_no: 16, actual label: 0, predicted: 1
iter: 20, sample_no: 17, actual label: 0, predicted: 1
iter: 21, sample_no: 13, actual label: 0, predicted: 1
iter: 22, sample_no: 9, actual label: 0, predicted: 1
iter: 23, sample_no: 2, actual label: 1, predicted: 1
iter: 24, sample_no: 8, actual label: 0, predicted: 1
number of samples: 18
AUC 0.5
pos_get 7
total recall stop_at 1
----------threshold stop at----------: 1
AUC [0.5, 0.5, 0.5, 0.5, 0.5, 0.5, 0.5, 0.5, 0.5, 0.5]
AUC_median 0.5
AUC_iqr 0.0
cost [1, 1, 1, 1, 1, 1, 1, 1, 1, 1]
COST_med 1.0
COST_iqr 0.0
f1_pos_list [0.56, 0.56, 0.56, 0.56, 0.56, 0.56, 0.56, 0.56, 0.56, 0.56]
f1_pos_med 0.56
