@@@ A - classifier: DummyClassifier(constant=1, random_state=None, strategy='constant')
@@@ B - threshold stop at: 1
@@@ C - Repeat number: 1
@@@ D - common_header:  {'F101', 'F120', 'F71-timw@apache.org', 'F71-billbarker@apache.org', 'F3-Class<?>[]', 'F15-NA', 'F41', 'F3-int', 'F110', 'F71-funkman@apache.org', 'F15-private', 'F71-pero@apache.org', 'F68', 'F3-null', 'F15-public', 'F3-FileInputStream', 'F123', 'F3-long', 'F104', 'F126', 'F71-rjung@apache.org', 'F3-ObjectName', 'F115', 'F3-boolean', 'F3-Object[]', 'F3-InputStream', 'F105', 'F3-byte[]', 'F71-jfclere@apache.org', 'F3-String[]', 'F71-markt@apache.org', 'F77', 'F71-slaurent@apache.org', 'F71-jhook@apache.org', 'F3-String', 'F22', 'F3-Session', 'F25', 'F71-costin@apache.org', 'F3-Object', 'F3-ELContext', 'F71-kkolinko@apache.org', 'F71-fhanik@apache.org', 'F71-schultz@apache.org', 'F71-remm@apache.org', 'F71-mturk@apache.org', 'F3-NA', 'F116', 'F15-protected', 'F71-idarwin@apache.org', 'F71-kfujino@apache.org', 'F117', 'F72', 'F65', 'F3-Integer', 'category'}
     F72           ...           F71-slaurent@apache.org
1  17993           ...                                 0
2  13323           ...                                 0
3  17709           ...                                 0

[3 rows x 55 columns]
;.;
        F72           ...             F71-slaurent@apache.org
0  0.980886           ...                                 0.0
1  0.000000           ...                                 0.0
2  0.921235           ...                                 0.0

[3 rows x 55 columns]
training_x: (13, 55)
training_y: 13
testset_x: (171, 55)
testset_y: 171
              precision    recall  f1-score   support

           0       0.00      0.00      0.00       103
           1       0.40      1.00      0.57        68

    accuracy                           0.40       171
   macro avg       0.20      0.50      0.28       171
weighted avg       0.16      0.40      0.23       171

accuracy: 0.39766081871345027
0.5690376569037656
@@@ tn: 0, fp: 103, fn: 0, tp: 68
@@@ LIME - Creating explainer
@@@ LIME - Random Sampling of Instances
iter: 0, sample_no: 68, actual label: 1, predicted: 1
iter: 1, sample_no: 156, actual label: 1, predicted: 1
iter: 2, sample_no: 6, actual label: 1, predicted: 1
iter: 3, sample_no: 131, actual label: 0, predicted: 1
iter: 4, sample_no: 166, actual label: 0, predicted: 1
iter: 5, sample_no: 170, actual label: 0, predicted: 1
iter: 6, sample_no: 77, actual label: 0, predicted: 1
iter: 7, sample_no: 146, actual label: 1, predicted: 1
iter: 8, sample_no: 117, actual label: 0, predicted: 1
iter: 9, sample_no: 127, actual label: 0, predicted: 1
iter: 10, sample_no: 14, actual label: 0, predicted: 1
iter: 11, sample_no: 63, actual label: 0, predicted: 1
iter: 12, sample_no: 165, actual label: 1, predicted: 1
iter: 13, sample_no: 110, actual label: 1, predicted: 1
iter: 14, sample_no: 161, actual label: 0, predicted: 1
iter: 15, sample_no: 153, actual label: 1, predicted: 1
iter: 16, sample_no: 100, actual label: 1, predicted: 1
iter: 17, sample_no: 106, actual label: 0, predicted: 1
iter: 18, sample_no: 160, actual label: 1, predicted: 1
iter: 19, sample_no: 140, actual label: 1, predicted: 1
iter: 20, sample_no: 85, actual label: 1, predicted: 1
iter: 21, sample_no: 20, actual label: 1, predicted: 1
iter: 22, sample_no: 123, actual label: 1, predicted: 1
iter: 23, sample_no: 101, actual label: 0, predicted: 1
iter: 24, sample_no: 133, actual label: 0, predicted: 1
number of samples: 171
AUC 0.5
pos_get 68
total recall stop_at 1.0
@@@ C - Repeat number: 2
@@@ D - common_header:  {'F101', 'F120', 'F71-timw@apache.org', 'F71-billbarker@apache.org', 'F3-Class<?>[]', 'F15-NA', 'F41', 'F3-int', 'F110', 'F71-funkman@apache.org', 'F15-private', 'F71-pero@apache.org', 'F68', 'F3-null', 'F15-public', 'F3-FileInputStream', 'F123', 'F3-long', 'F104', 'F126', 'F71-rjung@apache.org', 'F3-ObjectName', 'F115', 'F3-boolean', 'F3-Object[]', 'F3-InputStream', 'F105', 'F3-byte[]', 'F71-jfclere@apache.org', 'F3-String[]', 'F71-markt@apache.org', 'F77', 'F71-slaurent@apache.org', 'F71-jhook@apache.org', 'F3-String', 'F22', 'F3-Session', 'F25', 'F71-costin@apache.org', 'F3-Object', 'F3-ELContext', 'F71-kkolinko@apache.org', 'F71-fhanik@apache.org', 'F71-schultz@apache.org', 'F71-remm@apache.org', 'F71-mturk@apache.org', 'F3-NA', 'F116', 'F15-protected', 'F71-idarwin@apache.org', 'F71-kfujino@apache.org', 'F117', 'F72', 'F65', 'F3-Integer', 'category'}
     F72           ...           F71-slaurent@apache.org
1  17993           ...                                 0
2  13323           ...                                 0
3  17709           ...                                 0

[3 rows x 55 columns]
;.;
        F72           ...             F71-slaurent@apache.org
0  0.980886           ...                                 0.0
1  0.000000           ...                                 0.0
2  0.921235           ...                                 0.0

[3 rows x 55 columns]
training_x: (13, 55)
training_y: 13
testset_x: (171, 55)
testset_y: 171
              precision    recall  f1-score   support

           0       0.00      0.00      0.00       103
           1       0.40      1.00      0.57        68

    accuracy                           0.40       171
   macro avg       0.20      0.50      0.28       171
weighted avg       0.16      0.40      0.23       171

accuracy: 0.39766081871345027
0.5690376569037656
@@@ tn: 0, fp: 103, fn: 0, tp: 68
@@@ LIME - Creating explainer
@@@ LIME - Random Sampling of Instances
iter: 0, sample_no: 20, actual label: 1, predicted: 1
iter: 1, sample_no: 65, actual label: 1, predicted: 1
iter: 2, sample_no: 99, actual label: 0, predicted: 1
iter: 3, sample_no: 50, actual label: 1, predicted: 1
iter: 4, sample_no: 23, actual label: 1, predicted: 1
iter: 5, sample_no: 155, actual label: 1, predicted: 1
iter: 6, sample_no: 39, actual label: 1, predicted: 1
iter: 7, sample_no: 8, actual label: 0, predicted: 1
iter: 8, sample_no: 74, actual label: 0, predicted: 1
iter: 9, sample_no: 102, actual label: 0, predicted: 1
iter: 10, sample_no: 131, actual label: 0, predicted: 1
iter: 11, sample_no: 165, actual label: 1, predicted: 1
iter: 12, sample_no: 111, actual label: 0, predicted: 1
iter: 13, sample_no: 157, actual label: 0, predicted: 1
iter: 14, sample_no: 14, actual label: 0, predicted: 1
iter: 15, sample_no: 133, actual label: 0, predicted: 1
iter: 16, sample_no: 158, actual label: 0, predicted: 1
iter: 17, sample_no: 21, actual label: 0, predicted: 1
iter: 18, sample_no: 129, actual label: 0, predicted: 1
iter: 19, sample_no: 124, actual label: 0, predicted: 1
iter: 20, sample_no: 162, actual label: 0, predicted: 1
iter: 21, sample_no: 6, actual label: 1, predicted: 1
iter: 22, sample_no: 44, actual label: 0, predicted: 1
iter: 23, sample_no: 67, actual label: 1, predicted: 1
iter: 24, sample_no: 6, actual label: 1, predicted: 1
number of samples: 171
AUC 0.5
pos_get 68
total recall stop_at 1.0
@@@ C - Repeat number: 3
@@@ D - common_header:  {'F101', 'F120', 'F71-timw@apache.org', 'F71-billbarker@apache.org', 'F3-Class<?>[]', 'F15-NA', 'F41', 'F3-int', 'F110', 'F71-funkman@apache.org', 'F15-private', 'F71-pero@apache.org', 'F68', 'F3-null', 'F15-public', 'F3-FileInputStream', 'F123', 'F3-long', 'F104', 'F126', 'F71-rjung@apache.org', 'F3-ObjectName', 'F115', 'F3-boolean', 'F3-Object[]', 'F3-InputStream', 'F105', 'F3-byte[]', 'F71-jfclere@apache.org', 'F3-String[]', 'F71-markt@apache.org', 'F77', 'F71-slaurent@apache.org', 'F71-jhook@apache.org', 'F3-String', 'F22', 'F3-Session', 'F25', 'F71-costin@apache.org', 'F3-Object', 'F3-ELContext', 'F71-kkolinko@apache.org', 'F71-fhanik@apache.org', 'F71-schultz@apache.org', 'F71-remm@apache.org', 'F71-mturk@apache.org', 'F3-NA', 'F116', 'F15-protected', 'F71-idarwin@apache.org', 'F71-kfujino@apache.org', 'F117', 'F72', 'F65', 'F3-Integer', 'category'}
     F72           ...           F71-slaurent@apache.org
1  17993           ...                                 0
2  13323           ...                                 0
3  17709           ...                                 0

[3 rows x 55 columns]
;.;
        F72           ...             F71-slaurent@apache.org
0  0.980886           ...                                 0.0
1  0.000000           ...                                 0.0
2  0.921235           ...                                 0.0

[3 rows x 55 columns]
training_x: (13, 55)
training_y: 13
testset_x: (171, 55)
testset_y: 171
              precision    recall  f1-score   support

           0       0.00      0.00      0.00       103
           1       0.40      1.00      0.57        68

    accuracy                           0.40       171
   macro avg       0.20      0.50      0.28       171
weighted avg       0.16      0.40      0.23       171

accuracy: 0.39766081871345027
0.5690376569037656
@@@ tn: 0, fp: 103, fn: 0, tp: 68
@@@ LIME - Creating explainer
@@@ LIME - Random Sampling of Instances
iter: 0, sample_no: 158, actual label: 0, predicted: 1
iter: 1, sample_no: 96, actual label: 0, predicted: 1
iter: 2, sample_no: 100, actual label: 1, predicted: 1
iter: 3, sample_no: 95, actual label: 1, predicted: 1
iter: 4, sample_no: 24, actual label: 0, predicted: 1
iter: 5, sample_no: 15, actual label: 1, predicted: 1
iter: 6, sample_no: 2, actual label: 0, predicted: 1
iter: 7, sample_no: 77, actual label: 0, predicted: 1
iter: 8, sample_no: 75, actual label: 0, predicted: 1
iter: 9, sample_no: 124, actual label: 0, predicted: 1
iter: 10, sample_no: 137, actual label: 0, predicted: 1
iter: 11, sample_no: 153, actual label: 1, predicted: 1
iter: 12, sample_no: 44, actual label: 0, predicted: 1
iter: 13, sample_no: 120, actual label: 1, predicted: 1
iter: 14, sample_no: 113, actual label: 1, predicted: 1
iter: 15, sample_no: 54, actual label: 0, predicted: 1
iter: 16, sample_no: 65, actual label: 1, predicted: 1
iter: 17, sample_no: 170, actual label: 0, predicted: 1
iter: 18, sample_no: 25, actual label: 1, predicted: 1
iter: 19, sample_no: 45, actual label: 1, predicted: 1
iter: 20, sample_no: 66, actual label: 1, predicted: 1
iter: 21, sample_no: 66, actual label: 1, predicted: 1
iter: 22, sample_no: 59, actual label: 0, predicted: 1
iter: 23, sample_no: 127, actual label: 0, predicted: 1
iter: 24, sample_no: 90, actual label: 1, predicted: 1
number of samples: 171
AUC 0.5
pos_get 68
total recall stop_at 1.0
@@@ C - Repeat number: 4
@@@ D - common_header:  {'F101', 'F120', 'F71-timw@apache.org', 'F71-billbarker@apache.org', 'F3-Class<?>[]', 'F15-NA', 'F41', 'F3-int', 'F110', 'F71-funkman@apache.org', 'F15-private', 'F71-pero@apache.org', 'F68', 'F3-null', 'F15-public', 'F3-FileInputStream', 'F123', 'F3-long', 'F104', 'F126', 'F71-rjung@apache.org', 'F3-ObjectName', 'F115', 'F3-boolean', 'F3-Object[]', 'F3-InputStream', 'F105', 'F3-byte[]', 'F71-jfclere@apache.org', 'F3-String[]', 'F71-markt@apache.org', 'F77', 'F71-slaurent@apache.org', 'F71-jhook@apache.org', 'F3-String', 'F22', 'F3-Session', 'F25', 'F71-costin@apache.org', 'F3-Object', 'F3-ELContext', 'F71-kkolinko@apache.org', 'F71-fhanik@apache.org', 'F71-schultz@apache.org', 'F71-remm@apache.org', 'F71-mturk@apache.org', 'F3-NA', 'F116', 'F15-protected', 'F71-idarwin@apache.org', 'F71-kfujino@apache.org', 'F117', 'F72', 'F65', 'F3-Integer', 'category'}
     F72           ...           F71-slaurent@apache.org
1  17993           ...                                 0
2  13323           ...                                 0
3  17709           ...                                 0

[3 rows x 55 columns]
;.;
        F72           ...             F71-slaurent@apache.org
0  0.980886           ...                                 0.0
1  0.000000           ...                                 0.0
2  0.921235           ...                                 0.0

[3 rows x 55 columns]
training_x: (13, 55)
training_y: 13
testset_x: (171, 55)
testset_y: 171
              precision    recall  f1-score   support

           0       0.00      0.00      0.00       103
           1       0.40      1.00      0.57        68

    accuracy                           0.40       171
   macro avg       0.20      0.50      0.28       171
weighted avg       0.16      0.40      0.23       171

accuracy: 0.39766081871345027
0.5690376569037656
@@@ tn: 0, fp: 103, fn: 0, tp: 68
@@@ LIME - Creating explainer
@@@ LIME - Random Sampling of Instances
iter: 0, sample_no: 69, actual label: 1, predicted: 1
iter: 1, sample_no: 72, actual label: 1, predicted: 1
iter: 2, sample_no: 41, actual label: 0, predicted: 1
iter: 3, sample_no: 152, actual label: 0, predicted: 1
iter: 4, sample_no: 149, actual label: 1, predicted: 1
iter: 5, sample_no: 104, actual label: 1, predicted: 1
iter: 6, sample_no: 151, actual label: 0, predicted: 1
iter: 7, sample_no: 163, actual label: 1, predicted: 1
iter: 8, sample_no: 17, actual label: 0, predicted: 1
iter: 9, sample_no: 61, actual label: 1, predicted: 1
iter: 10, sample_no: 154, actual label: 0, predicted: 1
iter: 11, sample_no: 84, actual label: 0, predicted: 1
iter: 12, sample_no: 158, actual label: 0, predicted: 1
iter: 13, sample_no: 101, actual label: 0, predicted: 1
iter: 14, sample_no: 121, actual label: 0, predicted: 1
iter: 15, sample_no: 0, actual label: 1, predicted: 1
iter: 16, sample_no: 151, actual label: 0, predicted: 1
iter: 17, sample_no: 87, actual label: 1, predicted: 1
iter: 18, sample_no: 53, actual label: 0, predicted: 1
iter: 19, sample_no: 53, actual label: 0, predicted: 1
iter: 20, sample_no: 9, actual label: 1, predicted: 1
iter: 21, sample_no: 45, actual label: 1, predicted: 1
iter: 22, sample_no: 90, actual label: 1, predicted: 1
iter: 23, sample_no: 95, actual label: 1, predicted: 1
iter: 24, sample_no: 29, actual label: 0, predicted: 1
number of samples: 171
AUC 0.5
pos_get 68
total recall stop_at 1.0
@@@ C - Repeat number: 5
@@@ D - common_header:  {'F101', 'F120', 'F71-timw@apache.org', 'F71-billbarker@apache.org', 'F3-Class<?>[]', 'F15-NA', 'F41', 'F3-int', 'F110', 'F71-funkman@apache.org', 'F15-private', 'F71-pero@apache.org', 'F68', 'F3-null', 'F15-public', 'F3-FileInputStream', 'F123', 'F3-long', 'F104', 'F126', 'F71-rjung@apache.org', 'F3-ObjectName', 'F115', 'F3-boolean', 'F3-Object[]', 'F3-InputStream', 'F105', 'F3-byte[]', 'F71-jfclere@apache.org', 'F3-String[]', 'F71-markt@apache.org', 'F77', 'F71-slaurent@apache.org', 'F71-jhook@apache.org', 'F3-String', 'F22', 'F3-Session', 'F25', 'F71-costin@apache.org', 'F3-Object', 'F3-ELContext', 'F71-kkolinko@apache.org', 'F71-fhanik@apache.org', 'F71-schultz@apache.org', 'F71-remm@apache.org', 'F71-mturk@apache.org', 'F3-NA', 'F116', 'F15-protected', 'F71-idarwin@apache.org', 'F71-kfujino@apache.org', 'F117', 'F72', 'F65', 'F3-Integer', 'category'}
     F72           ...           F71-slaurent@apache.org
1  17993           ...                                 0
2  13323           ...                                 0
3  17709           ...                                 0

[3 rows x 55 columns]
;.;
        F72           ...             F71-slaurent@apache.org
0  0.980886           ...                                 0.0
1  0.000000           ...                                 0.0
2  0.921235           ...                                 0.0

[3 rows x 55 columns]
training_x: (13, 55)
training_y: 13
testset_x: (171, 55)
testset_y: 171
              precision    recall  f1-score   support

           0       0.00      0.00      0.00       103
           1       0.40      1.00      0.57        68

    accuracy                           0.40       171
   macro avg       0.20      0.50      0.28       171
weighted avg       0.16      0.40      0.23       171

accuracy: 0.39766081871345027
0.5690376569037656
@@@ tn: 0, fp: 103, fn: 0, tp: 68
@@@ LIME - Creating explainer
@@@ LIME - Random Sampling of Instances
iter: 0, sample_no: 135, actual label: 1, predicted: 1
iter: 1, sample_no: 61, actual label: 1, predicted: 1
iter: 2, sample_no: 67, actual label: 1, predicted: 1
iter: 3, sample_no: 86, actual label: 0, predicted: 1
iter: 4, sample_no: 84, actual label: 0, predicted: 1
iter: 5, sample_no: 29, actual label: 0, predicted: 1
iter: 6, sample_no: 126, actual label: 0, predicted: 1
iter: 7, sample_no: 143, actual label: 0, predicted: 1
iter: 8, sample_no: 12, actual label: 1, predicted: 1
iter: 9, sample_no: 118, actual label: 1, predicted: 1
iter: 10, sample_no: 153, actual label: 1, predicted: 1
iter: 11, sample_no: 3, actual label: 0, predicted: 1
iter: 12, sample_no: 137, actual label: 0, predicted: 1
iter: 13, sample_no: 135, actual label: 1, predicted: 1
iter: 14, sample_no: 70, actual label: 1, predicted: 1
iter: 15, sample_no: 32, actual label: 1, predicted: 1
iter: 16, sample_no: 120, actual label: 1, predicted: 1
iter: 17, sample_no: 142, actual label: 0, predicted: 1
iter: 18, sample_no: 142, actual label: 0, predicted: 1
iter: 19, sample_no: 35, actual label: 0, predicted: 1
iter: 20, sample_no: 107, actual label: 0, predicted: 1
iter: 21, sample_no: 46, actual label: 0, predicted: 1
iter: 22, sample_no: 24, actual label: 0, predicted: 1
iter: 23, sample_no: 59, actual label: 0, predicted: 1
iter: 24, sample_no: 24, actual label: 0, predicted: 1
number of samples: 171
AUC 0.5
pos_get 68
total recall stop_at 1.0
@@@ C - Repeat number: 6
@@@ D - common_header:  {'F101', 'F120', 'F71-timw@apache.org', 'F71-billbarker@apache.org', 'F3-Class<?>[]', 'F15-NA', 'F41', 'F3-int', 'F110', 'F71-funkman@apache.org', 'F15-private', 'F71-pero@apache.org', 'F68', 'F3-null', 'F15-public', 'F3-FileInputStream', 'F123', 'F3-long', 'F104', 'F126', 'F71-rjung@apache.org', 'F3-ObjectName', 'F115', 'F3-boolean', 'F3-Object[]', 'F3-InputStream', 'F105', 'F3-byte[]', 'F71-jfclere@apache.org', 'F3-String[]', 'F71-markt@apache.org', 'F77', 'F71-slaurent@apache.org', 'F71-jhook@apache.org', 'F3-String', 'F22', 'F3-Session', 'F25', 'F71-costin@apache.org', 'F3-Object', 'F3-ELContext', 'F71-kkolinko@apache.org', 'F71-fhanik@apache.org', 'F71-schultz@apache.org', 'F71-remm@apache.org', 'F71-mturk@apache.org', 'F3-NA', 'F116', 'F15-protected', 'F71-idarwin@apache.org', 'F71-kfujino@apache.org', 'F117', 'F72', 'F65', 'F3-Integer', 'category'}
     F72           ...           F71-slaurent@apache.org
1  17993           ...                                 0
2  13323           ...                                 0
3  17709           ...                                 0

[3 rows x 55 columns]
;.;
        F72           ...             F71-slaurent@apache.org
0  0.980886           ...                                 0.0
1  0.000000           ...                                 0.0
2  0.921235           ...                                 0.0

[3 rows x 55 columns]
training_x: (13, 55)
training_y: 13
testset_x: (171, 55)
testset_y: 171
              precision    recall  f1-score   support

           0       0.00      0.00      0.00       103
           1       0.40      1.00      0.57        68

    accuracy                           0.40       171
   macro avg       0.20      0.50      0.28       171
weighted avg       0.16      0.40      0.23       171

accuracy: 0.39766081871345027
0.5690376569037656
@@@ tn: 0, fp: 103, fn: 0, tp: 68
@@@ LIME - Creating explainer
@@@ LIME - Random Sampling of Instances
iter: 0, sample_no: 0, actual label: 1, predicted: 1
iter: 1, sample_no: 148, actual label: 1, predicted: 1
iter: 2, sample_no: 66, actual label: 1, predicted: 1
iter: 3, sample_no: 121, actual label: 0, predicted: 1
iter: 4, sample_no: 112, actual label: 0, predicted: 1
iter: 5, sample_no: 103, actual label: 1, predicted: 1
iter: 6, sample_no: 25, actual label: 1, predicted: 1
iter: 7, sample_no: 118, actual label: 1, predicted: 1
iter: 8, sample_no: 32, actual label: 1, predicted: 1
iter: 9, sample_no: 165, actual label: 1, predicted: 1
iter: 10, sample_no: 39, actual label: 1, predicted: 1
iter: 11, sample_no: 24, actual label: 0, predicted: 1
iter: 12, sample_no: 52, actual label: 1, predicted: 1
iter: 13, sample_no: 15, actual label: 1, predicted: 1
iter: 14, sample_no: 107, actual label: 0, predicted: 1
iter: 15, sample_no: 125, actual label: 1, predicted: 1
iter: 16, sample_no: 5, actual label: 1, predicted: 1
iter: 17, sample_no: 87, actual label: 1, predicted: 1
iter: 18, sample_no: 48, actual label: 1, predicted: 1
iter: 19, sample_no: 60, actual label: 1, predicted: 1
iter: 20, sample_no: 111, actual label: 0, predicted: 1
iter: 21, sample_no: 140, actual label: 1, predicted: 1
iter: 22, sample_no: 49, actual label: 1, predicted: 1
iter: 23, sample_no: 111, actual label: 0, predicted: 1
iter: 24, sample_no: 39, actual label: 1, predicted: 1
number of samples: 171
AUC 0.5
pos_get 68
total recall stop_at 1.0
@@@ C - Repeat number: 7
@@@ D - common_header:  {'F101', 'F120', 'F71-timw@apache.org', 'F71-billbarker@apache.org', 'F3-Class<?>[]', 'F15-NA', 'F41', 'F3-int', 'F110', 'F71-funkman@apache.org', 'F15-private', 'F71-pero@apache.org', 'F68', 'F3-null', 'F15-public', 'F3-FileInputStream', 'F123', 'F3-long', 'F104', 'F126', 'F71-rjung@apache.org', 'F3-ObjectName', 'F115', 'F3-boolean', 'F3-Object[]', 'F3-InputStream', 'F105', 'F3-byte[]', 'F71-jfclere@apache.org', 'F3-String[]', 'F71-markt@apache.org', 'F77', 'F71-slaurent@apache.org', 'F71-jhook@apache.org', 'F3-String', 'F22', 'F3-Session', 'F25', 'F71-costin@apache.org', 'F3-Object', 'F3-ELContext', 'F71-kkolinko@apache.org', 'F71-fhanik@apache.org', 'F71-schultz@apache.org', 'F71-remm@apache.org', 'F71-mturk@apache.org', 'F3-NA', 'F116', 'F15-protected', 'F71-idarwin@apache.org', 'F71-kfujino@apache.org', 'F117', 'F72', 'F65', 'F3-Integer', 'category'}
     F72           ...           F71-slaurent@apache.org
1  17993           ...                                 0
2  13323           ...                                 0
3  17709           ...                                 0

[3 rows x 55 columns]
;.;
        F72           ...             F71-slaurent@apache.org
0  0.980886           ...                                 0.0
1  0.000000           ...                                 0.0
2  0.921235           ...                                 0.0

[3 rows x 55 columns]
training_x: (13, 55)
training_y: 13
testset_x: (171, 55)
testset_y: 171
              precision    recall  f1-score   support

           0       0.00      0.00      0.00       103
           1       0.40      1.00      0.57        68

    accuracy                           0.40       171
   macro avg       0.20      0.50      0.28       171
weighted avg       0.16      0.40      0.23       171

accuracy: 0.39766081871345027
0.5690376569037656
@@@ tn: 0, fp: 103, fn: 0, tp: 68
@@@ LIME - Creating explainer
@@@ LIME - Random Sampling of Instances
iter: 0, sample_no: 170, actual label: 0, predicted: 1
iter: 1, sample_no: 93, actual label: 1, predicted: 1
iter: 2, sample_no: 46, actual label: 0, predicted: 1
iter: 3, sample_no: 19, actual label: 0, predicted: 1
iter: 4, sample_no: 161, actual label: 0, predicted: 1
iter: 5, sample_no: 13, actual label: 0, predicted: 1
iter: 6, sample_no: 82, actual label: 0, predicted: 1
iter: 7, sample_no: 110, actual label: 1, predicted: 1
iter: 8, sample_no: 160, actual label: 1, predicted: 1
iter: 9, sample_no: 29, actual label: 0, predicted: 1
iter: 10, sample_no: 83, actual label: 0, predicted: 1
iter: 11, sample_no: 69, actual label: 1, predicted: 1
iter: 12, sample_no: 96, actual label: 0, predicted: 1
iter: 13, sample_no: 160, actual label: 1, predicted: 1
iter: 14, sample_no: 135, actual label: 1, predicted: 1
iter: 15, sample_no: 112, actual label: 0, predicted: 1
iter: 16, sample_no: 10, actual label: 0, predicted: 1
iter: 17, sample_no: 87, actual label: 1, predicted: 1
iter: 18, sample_no: 165, actual label: 1, predicted: 1
iter: 19, sample_no: 65, actual label: 1, predicted: 1
iter: 20, sample_no: 134, actual label: 0, predicted: 1
iter: 21, sample_no: 4, actual label: 0, predicted: 1
iter: 22, sample_no: 81, actual label: 0, predicted: 1
iter: 23, sample_no: 120, actual label: 1, predicted: 1
iter: 24, sample_no: 137, actual label: 0, predicted: 1
number of samples: 171
AUC 0.5
pos_get 68
total recall stop_at 1.0
@@@ C - Repeat number: 8
@@@ D - common_header:  {'F101', 'F120', 'F71-timw@apache.org', 'F71-billbarker@apache.org', 'F3-Class<?>[]', 'F15-NA', 'F41', 'F3-int', 'F110', 'F71-funkman@apache.org', 'F15-private', 'F71-pero@apache.org', 'F68', 'F3-null', 'F15-public', 'F3-FileInputStream', 'F123', 'F3-long', 'F104', 'F126', 'F71-rjung@apache.org', 'F3-ObjectName', 'F115', 'F3-boolean', 'F3-Object[]', 'F3-InputStream', 'F105', 'F3-byte[]', 'F71-jfclere@apache.org', 'F3-String[]', 'F71-markt@apache.org', 'F77', 'F71-slaurent@apache.org', 'F71-jhook@apache.org', 'F3-String', 'F22', 'F3-Session', 'F25', 'F71-costin@apache.org', 'F3-Object', 'F3-ELContext', 'F71-kkolinko@apache.org', 'F71-fhanik@apache.org', 'F71-schultz@apache.org', 'F71-remm@apache.org', 'F71-mturk@apache.org', 'F3-NA', 'F116', 'F15-protected', 'F71-idarwin@apache.org', 'F71-kfujino@apache.org', 'F117', 'F72', 'F65', 'F3-Integer', 'category'}
     F72           ...           F71-slaurent@apache.org
1  17993           ...                                 0
2  13323           ...                                 0
3  17709           ...                                 0

[3 rows x 55 columns]
;.;
        F72           ...             F71-slaurent@apache.org
0  0.980886           ...                                 0.0
1  0.000000           ...                                 0.0
2  0.921235           ...                                 0.0

[3 rows x 55 columns]
training_x: (13, 55)
training_y: 13
testset_x: (171, 55)
testset_y: 171
              precision    recall  f1-score   support

           0       0.00      0.00      0.00       103
           1       0.40      1.00      0.57        68

    accuracy                           0.40       171
   macro avg       0.20      0.50      0.28       171
weighted avg       0.16      0.40      0.23       171

accuracy: 0.39766081871345027
0.5690376569037656
@@@ tn: 0, fp: 103, fn: 0, tp: 68
@@@ LIME - Creating explainer
@@@ LIME - Random Sampling of Instances
iter: 0, sample_no: 139, actual label: 0, predicted: 1
iter: 1, sample_no: 86, actual label: 0, predicted: 1
iter: 2, sample_no: 111, actual label: 0, predicted: 1
iter: 3, sample_no: 158, actual label: 0, predicted: 1
iter: 4, sample_no: 78, actual label: 0, predicted: 1
iter: 5, sample_no: 4, actual label: 0, predicted: 1
iter: 6, sample_no: 122, actual label: 0, predicted: 1
iter: 7, sample_no: 86, actual label: 0, predicted: 1
iter: 8, sample_no: 111, actual label: 0, predicted: 1
iter: 9, sample_no: 158, actual label: 0, predicted: 1
iter: 10, sample_no: 158, actual label: 0, predicted: 1
iter: 11, sample_no: 21, actual label: 0, predicted: 1
iter: 12, sample_no: 153, actual label: 1, predicted: 1
iter: 13, sample_no: 29, actual label: 0, predicted: 1
iter: 14, sample_no: 78, actual label: 0, predicted: 1
iter: 15, sample_no: 143, actual label: 0, predicted: 1
iter: 16, sample_no: 113, actual label: 1, predicted: 1
iter: 17, sample_no: 10, actual label: 0, predicted: 1
iter: 18, sample_no: 102, actual label: 0, predicted: 1
iter: 19, sample_no: 81, actual label: 0, predicted: 1
iter: 20, sample_no: 36, actual label: 1, predicted: 1
iter: 21, sample_no: 62, actual label: 0, predicted: 1
iter: 22, sample_no: 133, actual label: 0, predicted: 1
iter: 23, sample_no: 156, actual label: 1, predicted: 1
iter: 24, sample_no: 104, actual label: 1, predicted: 1
number of samples: 171
AUC 0.5
pos_get 68
total recall stop_at 1.0
@@@ C - Repeat number: 9
@@@ D - common_header:  {'F101', 'F120', 'F71-timw@apache.org', 'F71-billbarker@apache.org', 'F3-Class<?>[]', 'F15-NA', 'F41', 'F3-int', 'F110', 'F71-funkman@apache.org', 'F15-private', 'F71-pero@apache.org', 'F68', 'F3-null', 'F15-public', 'F3-FileInputStream', 'F123', 'F3-long', 'F104', 'F126', 'F71-rjung@apache.org', 'F3-ObjectName', 'F115', 'F3-boolean', 'F3-Object[]', 'F3-InputStream', 'F105', 'F3-byte[]', 'F71-jfclere@apache.org', 'F3-String[]', 'F71-markt@apache.org', 'F77', 'F71-slaurent@apache.org', 'F71-jhook@apache.org', 'F3-String', 'F22', 'F3-Session', 'F25', 'F71-costin@apache.org', 'F3-Object', 'F3-ELContext', 'F71-kkolinko@apache.org', 'F71-fhanik@apache.org', 'F71-schultz@apache.org', 'F71-remm@apache.org', 'F71-mturk@apache.org', 'F3-NA', 'F116', 'F15-protected', 'F71-idarwin@apache.org', 'F71-kfujino@apache.org', 'F117', 'F72', 'F65', 'F3-Integer', 'category'}
     F72           ...           F71-slaurent@apache.org
1  17993           ...                                 0
2  13323           ...                                 0
3  17709           ...                                 0

[3 rows x 55 columns]
;.;
        F72           ...             F71-slaurent@apache.org
0  0.980886           ...                                 0.0
1  0.000000           ...                                 0.0
2  0.921235           ...                                 0.0

[3 rows x 55 columns]
training_x: (13, 55)
training_y: 13
testset_x: (171, 55)
testset_y: 171
              precision    recall  f1-score   support

           0       0.00      0.00      0.00       103
           1       0.40      1.00      0.57        68

    accuracy                           0.40       171
   macro avg       0.20      0.50      0.28       171
weighted avg       0.16      0.40      0.23       171

accuracy: 0.39766081871345027
0.5690376569037656
@@@ tn: 0, fp: 103, fn: 0, tp: 68
@@@ LIME - Creating explainer
@@@ LIME - Random Sampling of Instances
iter: 0, sample_no: 57, actual label: 0, predicted: 1
iter: 1, sample_no: 105, actual label: 1, predicted: 1
iter: 2, sample_no: 14, actual label: 0, predicted: 1
iter: 3, sample_no: 68, actual label: 1, predicted: 1
iter: 4, sample_no: 21, actual label: 0, predicted: 1
iter: 5, sample_no: 101, actual label: 0, predicted: 1
iter: 6, sample_no: 113, actual label: 1, predicted: 1
iter: 7, sample_no: 49, actual label: 1, predicted: 1
iter: 8, sample_no: 168, actual label: 0, predicted: 1
iter: 9, sample_no: 111, actual label: 0, predicted: 1
iter: 10, sample_no: 51, actual label: 1, predicted: 1
iter: 11, sample_no: 112, actual label: 0, predicted: 1
iter: 12, sample_no: 94, actual label: 0, predicted: 1
iter: 13, sample_no: 114, actual label: 0, predicted: 1
iter: 14, sample_no: 75, actual label: 0, predicted: 1
iter: 15, sample_no: 136, actual label: 0, predicted: 1
iter: 16, sample_no: 128, actual label: 1, predicted: 1
iter: 17, sample_no: 160, actual label: 1, predicted: 1
iter: 18, sample_no: 145, actual label: 0, predicted: 1
iter: 19, sample_no: 119, actual label: 0, predicted: 1
iter: 20, sample_no: 105, actual label: 1, predicted: 1
iter: 21, sample_no: 22, actual label: 0, predicted: 1
iter: 22, sample_no: 155, actual label: 1, predicted: 1
iter: 23, sample_no: 137, actual label: 0, predicted: 1
iter: 24, sample_no: 10, actual label: 0, predicted: 1
number of samples: 171
AUC 0.5
pos_get 68
total recall stop_at 1.0
@@@ C - Repeat number: 10
@@@ D - common_header:  {'F101', 'F120', 'F71-timw@apache.org', 'F71-billbarker@apache.org', 'F3-Class<?>[]', 'F15-NA', 'F41', 'F3-int', 'F110', 'F71-funkman@apache.org', 'F15-private', 'F71-pero@apache.org', 'F68', 'F3-null', 'F15-public', 'F3-FileInputStream', 'F123', 'F3-long', 'F104', 'F126', 'F71-rjung@apache.org', 'F3-ObjectName', 'F115', 'F3-boolean', 'F3-Object[]', 'F3-InputStream', 'F105', 'F3-byte[]', 'F71-jfclere@apache.org', 'F3-String[]', 'F71-markt@apache.org', 'F77', 'F71-slaurent@apache.org', 'F71-jhook@apache.org', 'F3-String', 'F22', 'F3-Session', 'F25', 'F71-costin@apache.org', 'F3-Object', 'F3-ELContext', 'F71-kkolinko@apache.org', 'F71-fhanik@apache.org', 'F71-schultz@apache.org', 'F71-remm@apache.org', 'F71-mturk@apache.org', 'F3-NA', 'F116', 'F15-protected', 'F71-idarwin@apache.org', 'F71-kfujino@apache.org', 'F117', 'F72', 'F65', 'F3-Integer', 'category'}
     F72           ...           F71-slaurent@apache.org
1  17993           ...                                 0
2  13323           ...                                 0
3  17709           ...                                 0

[3 rows x 55 columns]
;.;
        F72           ...             F71-slaurent@apache.org
0  0.980886           ...                                 0.0
1  0.000000           ...                                 0.0
2  0.921235           ...                                 0.0

[3 rows x 55 columns]
training_x: (13, 55)
training_y: 13
testset_x: (171, 55)
testset_y: 171
              precision    recall  f1-score   support

           0       0.00      0.00      0.00       103
           1       0.40      1.00      0.57        68

    accuracy                           0.40       171
   macro avg       0.20      0.50      0.28       171
weighted avg       0.16      0.40      0.23       171

accuracy: 0.39766081871345027
0.5690376569037656
@@@ tn: 0, fp: 103, fn: 0, tp: 68
@@@ LIME - Creating explainer
@@@ LIME - Random Sampling of Instances
/Users/author1/anaconda3/lib/python3.6/site-packages/tensorflow/python/framework/dtypes.py:463: FutureWarning: Passing (type, 1) or '1type' as a synonym of type is deprecated; in a future version of numpy, it will be understood as (type, (1,)) / '(1,)type'.
  _np_qint8 = np.dtype([("qint8", np.int8, 1)])
/Users/author1/anaconda3/lib/python3.6/site-packages/tensorflow/python/framework/dtypes.py:464: FutureWarning: Passing (type, 1) or '1type' as a synonym of type is deprecated; in a future version of numpy, it will be understood as (type, (1,)) / '(1,)type'.
  _np_quint8 = np.dtype([("quint8", np.uint8, 1)])
/Users/author1/anaconda3/lib/python3.6/site-packages/tensorflow/python/framework/dtypes.py:465: FutureWarning: Passing (type, 1) or '1type' as a synonym of type is deprecated; in a future version of numpy, it will be understood as (type, (1,)) / '(1,)type'.
  _np_qint16 = np.dtype([("qint16", np.int16, 1)])
/Users/author1/anaconda3/lib/python3.6/site-packages/tensorflow/python/framework/dtypes.py:466: FutureWarning: Passing (type, 1) or '1type' as a synonym of type is deprecated; in a future version of numpy, it will be understood as (type, (1,)) / '(1,)type'.
  _np_quint16 = np.dtype([("quint16", np.uint16, 1)])
/Users/author1/anaconda3/lib/python3.6/site-packages/tensorflow/python/framework/dtypes.py:467: FutureWarning: Passing (type, 1) or '1type' as a synonym of type is deprecated; in a future version of numpy, it will be understood as (type, (1,)) / '(1,)type'.
  _np_qint32 = np.dtype([("qint32", np.int32, 1)])
Precision and F-score are ill-defined and being set to 0.0 in labels with no predicted samples. Use `zero_division` parameter to control this behavior.
Precision and F-score are ill-defined and being set to 0.0 in labels with no predicted samples. Use `zero_division` parameter to control this behavior.
Precision and F-score are ill-defined and being set to 0.0 in labels with no predicted samples. Use `zero_division` parameter to control this behavior.
Precision and F-score are ill-defined and being set to 0.0 in labels with no predicted samples. Use `zero_division` parameter to control this behavior.
Precision and F-score are ill-defined and being set to 0.0 in labels with no predicted samples. Use `zero_division` parameter to control this behavior.
Precision and F-score are ill-defined and being set to 0.0 in labels with no predicted samples. Use `zero_division` parameter to control this behavior.
Precision and F-score are ill-defined and being set to 0.0 in labels with no predicted samples. Use `zero_division` parameter to control this behavior.
Precision and F-score are ill-defined and being set to 0.0 in labels with no predicted samples. Use `zero_division` parameter to control this behavior.
Precision and F-score are ill-defined and being set to 0.0 in labels with no predicted samples. Use `zero_division` parameter to control this behavior.
Precision and F-score are ill-defined and being set to 0.0 in labels with no predicted samples. Use `zero_division` parameter to control this behavior.
iter: 0, sample_no: 156, actual label: 1, predicted: 1
iter: 1, sample_no: 32, actual label: 1, predicted: 1
iter: 2, sample_no: 58, actual label: 0, predicted: 1
iter: 3, sample_no: 148, actual label: 1, predicted: 1
iter: 4, sample_no: 58, actual label: 0, predicted: 1
iter: 5, sample_no: 30, actual label: 1, predicted: 1
iter: 6, sample_no: 70, actual label: 1, predicted: 1
iter: 7, sample_no: 87, actual label: 1, predicted: 1
iter: 8, sample_no: 7, actual label: 0, predicted: 1
iter: 9, sample_no: 97, actual label: 0, predicted: 1
iter: 10, sample_no: 79, actual label: 0, predicted: 1
iter: 11, sample_no: 36, actual label: 1, predicted: 1
iter: 12, sample_no: 59, actual label: 0, predicted: 1
iter: 13, sample_no: 158, actual label: 0, predicted: 1
iter: 14, sample_no: 33, actual label: 0, predicted: 1
iter: 15, sample_no: 48, actual label: 1, predicted: 1
iter: 16, sample_no: 57, actual label: 0, predicted: 1
iter: 17, sample_no: 124, actual label: 0, predicted: 1
iter: 18, sample_no: 170, actual label: 0, predicted: 1
iter: 19, sample_no: 74, actual label: 0, predicted: 1
iter: 20, sample_no: 36, actual label: 1, predicted: 1
iter: 21, sample_no: 53, actual label: 0, predicted: 1
iter: 22, sample_no: 83, actual label: 0, predicted: 1
iter: 23, sample_no: 54, actual label: 0, predicted: 1
iter: 24, sample_no: 37, actual label: 0, predicted: 1
number of samples: 171
AUC 0.5
pos_get 68
total recall stop_at 1.0
----------threshold stop at----------: 1
AUC [0.5, 0.5, 0.5, 0.5, 0.5, 0.5, 0.5, 0.5, 0.5, 0.5]
AUC_median 0.5
AUC_iqr 0.0
cost [1.0, 1.0, 1.0, 1.0, 1.0, 1.0, 1.0, 1.0, 1.0, 1.0]
COST_med 1.0
COST_iqr 0.0
f1_pos_list [0.5690376569037656, 0.5690376569037656, 0.5690376569037656, 0.5690376569037656, 0.5690376569037656, 0.5690376569037656, 0.5690376569037656, 0.5690376569037656, 0.5690376569037656, 0.5690376569037656]
f1_pos_med 0.5690376569037656
