@@@ A - classifier: DummyClassifier(constant=1, random_state=None, strategy='constant')
@@@ B - threshold stop at: 1
@@@ C - Repeat number: 1
@@@ D - common_header:  {'F71-sewen@apache.org', 'F3-byte', 'F68', 'F105', 'F71-chesnay@apache.org', 'F115', 'F71-fhueske@apache.org', 'F3-NA', 'F3-Tuple2', 'F3-T', 'F71-vasilikikalavri@gmail.com', 'F71-uce@apache.org', 'F41', 'F71-trohrmann@apache.org', 'F120', 'F104', 'F101', 'F3-double', 'F3-String', 'F71-rmetzger@apache.org', 'F15-protected', 'F15-private', 'F117', 'F71-aljoscha.krettek@gmail.com', 'F71-code@greghogan.com', 'category', 'F71-mxm@apache.org', 'F71-vasia@apache.org', 'F15-public', 'F3-boolean', 'F3-BooleanValue', 'F22', 'F71-twalthr@apache.org', 'F110', 'F65', 'F126', 'F15-NA', 'F3-Values', 'F3-int', 'F72', 'F116', 'F3-Double', 'F71-lungu.andra@gmail.com', 'F77', 'F123', 'F25', 'F3-Class'}
     F72           ...            F71-trohrmann@apache.org
1  19805           ...                                   1
2  19805           ...                                   1
3  19805           ...                                   1

[3 rows x 46 columns]
;.;
        F72            ...             F71-trohrmann@apache.org
0  0.851521            ...                                  1.0
1  0.851521            ...                                  1.0
2  0.851521            ...                                  1.0

[3 rows x 46 columns]
training_x: (2815, 46)
training_y: 2815
testset_x: (1301, 46)
testset_y: 1301
              precision    recall  f1-score   support

           0       0.00      0.00      0.00       780
           1       0.40      1.00      0.57       521

    accuracy                           0.40      1301
   macro avg       0.20      0.50      0.29      1301
weighted avg       0.16      0.40      0.23      1301

accuracy: 0.4004611837048424
0.5718990120746432
@@@ tn: 0, fp: 780, fn: 0, tp: 521
@@@ LIME - Creating explainer
@@@ LIME - Random Sampling of Instances
iter: 0, sample_no: 255, actual label: 0, predicted: 1
iter: 1, sample_no: 597, actual label: 0, predicted: 1
iter: 2, sample_no: 785, actual label: 1, predicted: 1
iter: 3, sample_no: 711, actual label: 1, predicted: 1
iter: 4, sample_no: 538, actual label: 0, predicted: 1
iter: 5, sample_no: 662, actual label: 0, predicted: 1
iter: 6, sample_no: 784, actual label: 1, predicted: 1
iter: 7, sample_no: 1074, actual label: 1, predicted: 1
iter: 8, sample_no: 1135, actual label: 1, predicted: 1
iter: 9, sample_no: 881, actual label: 1, predicted: 1
iter: 10, sample_no: 489, actual label: 0, predicted: 1
iter: 11, sample_no: 412, actual label: 0, predicted: 1
iter: 12, sample_no: 491, actual label: 0, predicted: 1
iter: 13, sample_no: 1083, actual label: 1, predicted: 1
iter: 14, sample_no: 1045, actual label: 0, predicted: 1
iter: 15, sample_no: 1112, actual label: 0, predicted: 1
iter: 16, sample_no: 140, actual label: 1, predicted: 1
iter: 17, sample_no: 486, actual label: 0, predicted: 1
iter: 18, sample_no: 159, actual label: 1, predicted: 1
iter: 19, sample_no: 865, actual label: 1, predicted: 1
iter: 20, sample_no: 110, actual label: 0, predicted: 1
iter: 21, sample_no: 254, actual label: 0, predicted: 1
iter: 22, sample_no: 335, actual label: 0, predicted: 1
iter: 23, sample_no: 663, actual label: 0, predicted: 1
iter: 24, sample_no: 1246, actual label: 1, predicted: 1
number of samples: 1301
AUC 0.5
pos_get 521
total recall stop_at 1.0
@@@ C - Repeat number: 2
@@@ D - common_header:  {'F71-sewen@apache.org', 'F3-byte', 'F68', 'F105', 'F71-chesnay@apache.org', 'F115', 'F71-fhueske@apache.org', 'F3-NA', 'F3-Tuple2', 'F3-T', 'F71-vasilikikalavri@gmail.com', 'F71-uce@apache.org', 'F41', 'F71-trohrmann@apache.org', 'F120', 'F104', 'F101', 'F3-double', 'F3-String', 'F71-rmetzger@apache.org', 'F15-protected', 'F15-private', 'F117', 'F71-aljoscha.krettek@gmail.com', 'F71-code@greghogan.com', 'category', 'F71-mxm@apache.org', 'F71-vasia@apache.org', 'F15-public', 'F3-boolean', 'F3-BooleanValue', 'F22', 'F71-twalthr@apache.org', 'F110', 'F65', 'F126', 'F15-NA', 'F3-Values', 'F3-int', 'F72', 'F116', 'F3-Double', 'F71-lungu.andra@gmail.com', 'F77', 'F123', 'F25', 'F3-Class'}
     F72           ...            F71-trohrmann@apache.org
1  19805           ...                                   1
2  19805           ...                                   1
3  19805           ...                                   1

[3 rows x 46 columns]
;.;
        F72            ...             F71-trohrmann@apache.org
0  0.851521            ...                                  1.0
1  0.851521            ...                                  1.0
2  0.851521            ...                                  1.0

[3 rows x 46 columns]
training_x: (2815, 46)
training_y: 2815
testset_x: (1301, 46)
testset_y: 1301
              precision    recall  f1-score   support

           0       0.00      0.00      0.00       780
           1       0.40      1.00      0.57       521

    accuracy                           0.40      1301
   macro avg       0.20      0.50      0.29      1301
weighted avg       0.16      0.40      0.23      1301

accuracy: 0.4004611837048424
0.5718990120746432
@@@ tn: 0, fp: 780, fn: 0, tp: 521
@@@ LIME - Creating explainer
@@@ LIME - Random Sampling of Instances
iter: 0, sample_no: 753, actual label: 1, predicted: 1
iter: 1, sample_no: 132, actual label: 0, predicted: 1
iter: 2, sample_no: 952, actual label: 1, predicted: 1
iter: 3, sample_no: 392, actual label: 0, predicted: 1
iter: 4, sample_no: 855, actual label: 1, predicted: 1
iter: 5, sample_no: 677, actual label: 0, predicted: 1
iter: 6, sample_no: 675, actual label: 0, predicted: 1
iter: 7, sample_no: 1059, actual label: 1, predicted: 1
iter: 8, sample_no: 929, actual label: 1, predicted: 1
iter: 9, sample_no: 913, actual label: 1, predicted: 1
iter: 10, sample_no: 955, actual label: 1, predicted: 1
iter: 11, sample_no: 769, actual label: 1, predicted: 1
iter: 12, sample_no: 745, actual label: 1, predicted: 1
iter: 13, sample_no: 164, actual label: 1, predicted: 1
iter: 14, sample_no: 294, actual label: 0, predicted: 1
iter: 15, sample_no: 973, actual label: 0, predicted: 1
iter: 16, sample_no: 187, actual label: 1, predicted: 1
iter: 17, sample_no: 967, actual label: 1, predicted: 1
iter: 18, sample_no: 741, actual label: 1, predicted: 1
iter: 19, sample_no: 707, actual label: 1, predicted: 1
iter: 20, sample_no: 489, actual label: 0, predicted: 1
iter: 21, sample_no: 1096, actual label: 0, predicted: 1
iter: 22, sample_no: 197, actual label: 1, predicted: 1
iter: 23, sample_no: 451, actual label: 0, predicted: 1
iter: 24, sample_no: 941, actual label: 1, predicted: 1
number of samples: 1301
AUC 0.5
pos_get 521
total recall stop_at 1.0
@@@ C - Repeat number: 3
@@@ D - common_header:  {'F71-sewen@apache.org', 'F3-byte', 'F68', 'F105', 'F71-chesnay@apache.org', 'F115', 'F71-fhueske@apache.org', 'F3-NA', 'F3-Tuple2', 'F3-T', 'F71-vasilikikalavri@gmail.com', 'F71-uce@apache.org', 'F41', 'F71-trohrmann@apache.org', 'F120', 'F104', 'F101', 'F3-double', 'F3-String', 'F71-rmetzger@apache.org', 'F15-protected', 'F15-private', 'F117', 'F71-aljoscha.krettek@gmail.com', 'F71-code@greghogan.com', 'category', 'F71-mxm@apache.org', 'F71-vasia@apache.org', 'F15-public', 'F3-boolean', 'F3-BooleanValue', 'F22', 'F71-twalthr@apache.org', 'F110', 'F65', 'F126', 'F15-NA', 'F3-Values', 'F3-int', 'F72', 'F116', 'F3-Double', 'F71-lungu.andra@gmail.com', 'F77', 'F123', 'F25', 'F3-Class'}
     F72           ...            F71-trohrmann@apache.org
1  19805           ...                                   1
2  19805           ...                                   1
3  19805           ...                                   1

[3 rows x 46 columns]
;.;
        F72            ...             F71-trohrmann@apache.org
0  0.851521            ...                                  1.0
1  0.851521            ...                                  1.0
2  0.851521            ...                                  1.0

[3 rows x 46 columns]
training_x: (2815, 46)
training_y: 2815
testset_x: (1301, 46)
testset_y: 1301
              precision    recall  f1-score   support

           0       0.00      0.00      0.00       780
           1       0.40      1.00      0.57       521

    accuracy                           0.40      1301
   macro avg       0.20      0.50      0.29      1301
weighted avg       0.16      0.40      0.23      1301

accuracy: 0.4004611837048424
0.5718990120746432
@@@ tn: 0, fp: 780, fn: 0, tp: 521
@@@ LIME - Creating explainer
@@@ LIME - Random Sampling of Instances
iter: 0, sample_no: 971, actual label: 1, predicted: 1
iter: 1, sample_no: 835, actual label: 1, predicted: 1
iter: 2, sample_no: 585, actual label: 0, predicted: 1
iter: 3, sample_no: 675, actual label: 0, predicted: 1
iter: 4, sample_no: 331, actual label: 0, predicted: 1
iter: 5, sample_no: 843, actual label: 1, predicted: 1
iter: 6, sample_no: 218, actual label: 1, predicted: 1
iter: 7, sample_no: 468, actual label: 0, predicted: 1
iter: 8, sample_no: 1126, actual label: 1, predicted: 1
iter: 9, sample_no: 627, actual label: 0, predicted: 1
iter: 10, sample_no: 977, actual label: 0, predicted: 1
iter: 11, sample_no: 108, actual label: 0, predicted: 1
iter: 12, sample_no: 1063, actual label: 0, predicted: 1
iter: 13, sample_no: 1099, actual label: 1, predicted: 1
iter: 14, sample_no: 666, actual label: 0, predicted: 1
iter: 15, sample_no: 454, actual label: 0, predicted: 1
iter: 16, sample_no: 670, actual label: 0, predicted: 1
iter: 17, sample_no: 931, actual label: 1, predicted: 1
iter: 18, sample_no: 1051, actual label: 1, predicted: 1
iter: 19, sample_no: 519, actual label: 0, predicted: 1
iter: 20, sample_no: 209, actual label: 0, predicted: 1
iter: 21, sample_no: 320, actual label: 0, predicted: 1
iter: 22, sample_no: 84, actual label: 0, predicted: 1
iter: 23, sample_no: 1031, actual label: 0, predicted: 1
iter: 24, sample_no: 1180, actual label: 0, predicted: 1
number of samples: 1301
AUC 0.5
pos_get 521
total recall stop_at 1.0
@@@ C - Repeat number: 4
@@@ D - common_header:  {'F71-sewen@apache.org', 'F3-byte', 'F68', 'F105', 'F71-chesnay@apache.org', 'F115', 'F71-fhueske@apache.org', 'F3-NA', 'F3-Tuple2', 'F3-T', 'F71-vasilikikalavri@gmail.com', 'F71-uce@apache.org', 'F41', 'F71-trohrmann@apache.org', 'F120', 'F104', 'F101', 'F3-double', 'F3-String', 'F71-rmetzger@apache.org', 'F15-protected', 'F15-private', 'F117', 'F71-aljoscha.krettek@gmail.com', 'F71-code@greghogan.com', 'category', 'F71-mxm@apache.org', 'F71-vasia@apache.org', 'F15-public', 'F3-boolean', 'F3-BooleanValue', 'F22', 'F71-twalthr@apache.org', 'F110', 'F65', 'F126', 'F15-NA', 'F3-Values', 'F3-int', 'F72', 'F116', 'F3-Double', 'F71-lungu.andra@gmail.com', 'F77', 'F123', 'F25', 'F3-Class'}
     F72           ...            F71-trohrmann@apache.org
1  19805           ...                                   1
2  19805           ...                                   1
3  19805           ...                                   1

[3 rows x 46 columns]
;.;
        F72            ...             F71-trohrmann@apache.org
0  0.851521            ...                                  1.0
1  0.851521            ...                                  1.0
2  0.851521            ...                                  1.0

[3 rows x 46 columns]
training_x: (2815, 46)
training_y: 2815
testset_x: (1301, 46)
testset_y: 1301
              precision    recall  f1-score   support

           0       0.00      0.00      0.00       780
           1       0.40      1.00      0.57       521

    accuracy                           0.40      1301
   macro avg       0.20      0.50      0.29      1301
weighted avg       0.16      0.40      0.23      1301

accuracy: 0.4004611837048424
0.5718990120746432
@@@ tn: 0, fp: 780, fn: 0, tp: 521
@@@ LIME - Creating explainer
@@@ LIME - Random Sampling of Instances
iter: 0, sample_no: 1213, actual label: 0, predicted: 1
iter: 1, sample_no: 247, actual label: 0, predicted: 1
iter: 2, sample_no: 1027, actual label: 1, predicted: 1
iter: 3, sample_no: 264, actual label: 0, predicted: 1
iter: 4, sample_no: 658, actual label: 0, predicted: 1
iter: 5, sample_no: 563, actual label: 0, predicted: 1
iter: 6, sample_no: 1074, actual label: 1, predicted: 1
iter: 7, sample_no: 543, actual label: 0, predicted: 1
iter: 8, sample_no: 919, actual label: 1, predicted: 1
iter: 9, sample_no: 8, actual label: 1, predicted: 1
iter: 10, sample_no: 461, actual label: 1, predicted: 1
iter: 11, sample_no: 1191, actual label: 0, predicted: 1
iter: 12, sample_no: 858, actual label: 1, predicted: 1
iter: 13, sample_no: 1293, actual label: 1, predicted: 1
iter: 14, sample_no: 95, actual label: 0, predicted: 1
iter: 15, sample_no: 1217, actual label: 0, predicted: 1
iter: 16, sample_no: 801, actual label: 1, predicted: 1
iter: 17, sample_no: 756, actual label: 1, predicted: 1
iter: 18, sample_no: 469, actual label: 0, predicted: 1
iter: 19, sample_no: 87, actual label: 0, predicted: 1
iter: 20, sample_no: 335, actual label: 0, predicted: 1
iter: 21, sample_no: 1133, actual label: 1, predicted: 1
iter: 22, sample_no: 213, actual label: 1, predicted: 1
iter: 23, sample_no: 1012, actual label: 1, predicted: 1
iter: 24, sample_no: 956, actual label: 1, predicted: 1
number of samples: 1301
AUC 0.5
pos_get 521
total recall stop_at 1.0
@@@ C - Repeat number: 5
/Users/author1/anaconda3/lib/python3.6/site-packages/tensorflow/python/framework/dtypes.py:463: FutureWarning: Passing (type, 1) or '1type' as a synonym of type is deprecated; in a future version of numpy, it will be understood as (type, (1,)) / '(1,)type'.
  _np_qint8 = np.dtype([("qint8", np.int8, 1)])
/Users/author1/anaconda3/lib/python3.6/site-packages/tensorflow/python/framework/dtypes.py:464: FutureWarning: Passing (type, 1) or '1type' as a synonym of type is deprecated; in a future version of numpy, it will be understood as (type, (1,)) / '(1,)type'.
  _np_quint8 = np.dtype([("quint8", np.uint8, 1)])
/Users/author1/anaconda3/lib/python3.6/site-packages/tensorflow/python/framework/dtypes.py:465: FutureWarning: Passing (type, 1) or '1type' as a synonym of type is deprecated; in a future version of numpy, it will be understood as (type, (1,)) / '(1,)type'.
  _np_qint16 = np.dtype([("qint16", np.int16, 1)])
/Users/author1/anaconda3/lib/python3.6/site-packages/tensorflow/python/framework/dtypes.py:466: FutureWarning: Passing (type, 1) or '1type' as a synonym of type is deprecated; in a future version of numpy, it will be understood as (type, (1,)) / '(1,)type'.
  _np_quint16 = np.dtype([("quint16", np.uint16, 1)])
/Users/author1/anaconda3/lib/python3.6/site-packages/tensorflow/python/framework/dtypes.py:467: FutureWarning: Passing (type, 1) or '1type' as a synonym of type is deprecated; in a future version of numpy, it will be understood as (type, (1,)) / '(1,)type'.
  _np_qint32 = np.dtype([("qint32", np.int32, 1)])
Columns (0,3,4,5,6,7,8,9,10,11,12,13,14,15,16,17,18,19,20,21,22,23,24,25,26,27,28,29,30,31,32,33,34,35,36,37,38,39,40,41,42,43,44,45,46,47,48,49,50,51,52,53,54,55,56,57,58,59,60,61,62,63,64,65,66,67,68,69,70,71,72,73,74,75,76,77,78,79,80,81,82,83,84,85,86,87,88,89,90,91,92,93,94,95,96,97,98,99,100,101,102,103,104,105,106,107,108,109,110,111,112,113,114,115,116,117,118,119,120,121,122,123,124,125,126,127,128,129,130,131,132,133,134,135,136,137,138,139,140,141,142,143,144,145,146,147,148,149,150,151,152,153,154,155,156,157,158,159,160,161,162,163,164,165,166,167,168,169,170,171,172,173,174,175,176,177,178,179,180,181,182,183,184,185,186,187,188,189,190,191,192,193,194,195,196,197,198,199,200,201,202,203,204,205,206,207,208,209,210,211,212,213,214,215,216,217,218,219,220,221,222,223,224,225,226,227,228,229,230,231,232,233,234,235,236,237,238,239,240,241,242,243,244,245,246,247,248,249,250,251,252,253,254,255,256,257,258,259,260,261,262,263,264,265,266,267,268,269,271,273,274,275,276,277,278,279,280,281,282,283,284,285,286,287,288,289,290,291,292,293,294,295,296,297,298,299,300,301,302,303,304,305,306,307,308,309,310,311,312,313,314,315,316,317,318,319,320,321,322,323,324,325,326,327,328,329,330,331,332,333,334,335,336,337,338,339,340,341,342) have mixed types. Specify dtype option on import or set low_memory=False.
Precision and F-score are ill-defined and being set to 0.0 in labels with no predicted samples. Use `zero_division` parameter to control this behavior.
Columns (0,3,4,5,6,7,8,9,10,11,12,13,14,15,16,17,18,19,20,21,22,23,24,25,26,27,28,29,30,31,32,33,34,35,36,37,38,39,40,41,42,43,44,45,46,47,48,49,50,51,52,53,54,55,56,57,58,59,60,61,62,63,64,65,66,67,68,69,70,71,72,73,74,75,76,77,78,79,80,81,82,83,84,85,86,87,88,89,90,91,92,93,94,95,96,97,98,99,100,101,102,103,104,105,106,107,108,109,110,111,112,113,114,115,116,117,118,119,120,121,122,123,124,125,126,127,128,129,130,131,132,133,134,135,136,137,138,139,140,141,142,143,144,145,146,147,148,149,150,151,152,153,154,155,156,157,158,159,160,161,162,163,164,165,166,167,168,169,170,171,172,173,174,175,176,177,178,179,180,181,182,183,184,185,186,187,188,189,190,191,192,193,194,195,196,197,198,199,200,201,202,203,204,205,206,207,208,209,210,211,212,213,214,215,216,217,218,219,220,221,222,223,224,225,226,227,228,229,230,231,232,233,234,235,236,237,238,239,240,241,242,243,244,245,246,247,248,249,250,251,252,253,254,255,256,257,258,259,260,261,262,263,264,265,266,267,268,269,271,273,274,275,276,277,278,279,280,281,282,283,284,285,286,287,288,289,290,291,292,293,294,295,296,297,298,299,300,301,302,303,304,305,306,307,308,309,310,311,312,313,314,315,316,317,318,319,320,321,322,323,324,325,326,327,328,329,330,331,332,333,334,335,336,337,338,339,340,341,342) have mixed types. Specify dtype option on import or set low_memory=False.
Precision and F-score are ill-defined and being set to 0.0 in labels with no predicted samples. Use `zero_division` parameter to control this behavior.
Columns (0,3,4,5,6,7,8,9,10,11,12,13,14,15,16,17,18,19,20,21,22,23,24,25,26,27,28,29,30,31,32,33,34,35,36,37,38,39,40,41,42,43,44,45,46,47,48,49,50,51,52,53,54,55,56,57,58,59,60,61,62,63,64,65,66,67,68,69,70,71,72,73,74,75,76,77,78,79,80,81,82,83,84,85,86,87,88,89,90,91,92,93,94,95,96,97,98,99,100,101,102,103,104,105,106,107,108,109,110,111,112,113,114,115,116,117,118,119,120,121,122,123,124,125,126,127,128,129,130,131,132,133,134,135,136,137,138,139,140,141,142,143,144,145,146,147,148,149,150,151,152,153,154,155,156,157,158,159,160,161,162,163,164,165,166,167,168,169,170,171,172,173,174,175,176,177,178,179,180,181,182,183,184,185,186,187,188,189,190,191,192,193,194,195,196,197,198,199,200,201,202,203,204,205,206,207,208,209,210,211,212,213,214,215,216,217,218,219,220,221,222,223,224,225,226,227,228,229,230,231,232,233,234,235,236,237,238,239,240,241,242,243,244,245,246,247,248,249,250,251,252,253,254,255,256,257,258,259,260,261,262,263,264,265,266,267,268,269,271,273,274,275,276,277,278,279,280,281,282,283,284,285,286,287,288,289,290,291,292,293,294,295,296,297,298,299,300,301,302,303,304,305,306,307,308,309,310,311,312,313,314,315,316,317,318,319,320,321,322,323,324,325,326,327,328,329,330,331,332,333,334,335,336,337,338,339,340,341,342) have mixed types. Specify dtype option on import or set low_memory=False.
Precision and F-score are ill-defined and being set to 0.0 in labels with no predicted samples. Use `zero_division` parameter to control this behavior.
Columns (0,3,4,5,6,7,8,9,10,11,12,13,14,15,16,17,18,19,20,21,22,23,24,25,26,27,28,29,30,31,32,33,34,35,36,37,38,39,40,41,42,43,44,45,46,47,48,49,50,51,52,53,54,55,56,57,58,59,60,61,62,63,64,65,66,67,68,69,70,71,72,73,74,75,76,77,78,79,80,81,82,83,84,85,86,87,88,89,90,91,92,93,94,95,96,97,98,99,100,101,102,103,104,105,106,107,108,109,110,111,112,113,114,115,116,117,118,119,120,121,122,123,124,125,126,127,128,129,130,131,132,133,134,135,136,137,138,139,140,141,142,143,144,145,146,147,148,149,150,151,152,153,154,155,156,157,158,159,160,161,162,163,164,165,166,167,168,169,170,171,172,173,174,175,176,177,178,179,180,181,182,183,184,185,186,187,188,189,190,191,192,193,194,195,196,197,198,199,200,201,202,203,204,205,206,207,208,209,210,211,212,213,214,215,216,217,218,219,220,221,222,223,224,225,226,227,228,229,230,231,232,233,234,235,236,237,238,239,240,241,242,243,244,245,246,247,248,249,250,251,252,253,254,255,256,257,258,259,260,261,262,263,264,265,266,267,268,269,271,273,274,275,276,277,278,279,280,281,282,283,284,285,286,287,288,289,290,291,292,293,294,295,296,297,298,299,300,301,302,303,304,305,306,307,308,309,310,311,312,313,314,315,316,317,318,319,320,321,322,323,324,325,326,327,328,329,330,331,332,333,334,335,336,337,338,339,340,341,342) have mixed types. Specify dtype option on import or set low_memory=False.
Precision and F-score are ill-defined and being set to 0.0 in labels with no predicted samples. Use `zero_division` parameter to control this behavior.
Columns (0,3,4,5,6,7,8,9,10,11,12,13,14,15,16,17,18,19,20,21,22,23,24,25,26,27,28,29,30,31,32,33,34,35,36,37,38,39,40,41,42,43,44,45,46,47,48,49,50,51,52,53,54,55,56,57,58,59,60,61,62,63,64,65,66,67,68,69,70,71,72,73,74,75,76,77,78,79,80,81,82,83,84,85,86,87,88,89,90,91,92,93,94,95,96,97,98,99,100,101,102,103,104,105,106,107,108,109,110,111,112,113,114,115,116,117,118,119,120,121,122,123,124,125,126,127,128,129,130,131,132,133,134,135,136,137,138,139,140,141,142,143,144,145,146,147,148,149,150,151,152,153,154,155,156,157,158,159,160,161,162,163,164,165,166,167,168,169,170,171,172,173,174,175,176,177,178,179,180,181,182,183,184,185,186,187,188,189,190,191,192,193,194,195,196,197,198,199,200,201,202,203,204,205,206,207,208,209,210,211,212,213,214,215,216,217,218,219,220,221,222,223,224,225,226,227,228,229,230,231,232,233,234,235,236,237,238,239,240,241,242,243,244,245,246,247,248,249,250,251,252,253,254,255,256,257,258,259,260,261,262,263,264,265,266,267,268,269,271,273,274,275,276,277,278,279,280,281,282,283,284,285,286,287,288,289,290,291,292,293,294,295,296,297,298,299,300,301,302,303,304,305,306,307,308,309,310,311,312,313,314,315,316,317,318,319,320,321,322,323,324,325,326,327,328,329,330,331,332,333,334,335,336,337,338,339,340,341,342) have mixed types. Specify dtype option on import or set low_memory=False.
@@@ D - common_header:  {'F71-sewen@apache.org', 'F3-byte', 'F68', 'F105', 'F71-chesnay@apache.org', 'F115', 'F71-fhueske@apache.org', 'F3-NA', 'F3-Tuple2', 'F3-T', 'F71-vasilikikalavri@gmail.com', 'F71-uce@apache.org', 'F41', 'F71-trohrmann@apache.org', 'F120', 'F104', 'F101', 'F3-double', 'F3-String', 'F71-rmetzger@apache.org', 'F15-protected', 'F15-private', 'F117', 'F71-aljoscha.krettek@gmail.com', 'F71-code@greghogan.com', 'category', 'F71-mxm@apache.org', 'F71-vasia@apache.org', 'F15-public', 'F3-boolean', 'F3-BooleanValue', 'F22', 'F71-twalthr@apache.org', 'F110', 'F65', 'F126', 'F15-NA', 'F3-Values', 'F3-int', 'F72', 'F116', 'F3-Double', 'F71-lungu.andra@gmail.com', 'F77', 'F123', 'F25', 'F3-Class'}
     F72           ...            F71-trohrmann@apache.org
1  19805           ...                                   1
2  19805           ...                                   1
3  19805           ...                                   1

[3 rows x 46 columns]
;.;
        F72            ...             F71-trohrmann@apache.org
0  0.851521            ...                                  1.0
1  0.851521            ...                                  1.0
2  0.851521            ...                                  1.0

[3 rows x 46 columns]
training_x: (2815, 46)
training_y: 2815
testset_x: (1301, 46)
testset_y: 1301
              precision    recall  f1-score   support

           0       0.00      0.00      0.00       780
           1       0.40      1.00      0.57       521

    accuracy                           0.40      1301
   macro avg       0.20      0.50      0.29      1301
weighted avg       0.16      0.40      0.23      1301

accuracy: 0.4004611837048424
0.5718990120746432
@@@ tn: 0, fp: 780, fn: 0, tp: 521
@@@ LIME - Creating explainer
@@@ LIME - Random Sampling of Instances
iter: 0, sample_no: 1159, actual label: 0, predicted: 1
iter: 1, sample_no: 733, actual label: 1, predicted: 1
iter: 2, sample_no: 202, actual label: 0, predicted: 1
iter: 3, sample_no: 109, actual label: 0, predicted: 1
iter: 4, sample_no: 268, actual label: 0, predicted: 1
iter: 5, sample_no: 365, actual label: 0, predicted: 1
iter: 6, sample_no: 793, actual label: 1, predicted: 1
iter: 7, sample_no: 1194, actual label: 0, predicted: 1
iter: 8, sample_no: 941, actual label: 1, predicted: 1
iter: 9, sample_no: 113, actual label: 0, predicted: 1
iter: 10, sample_no: 1238, actual label: 1, predicted: 1
iter: 11, sample_no: 167, actual label: 1, predicted: 1
iter: 12, sample_no: 1211, actual label: 0, predicted: 1
iter: 13, sample_no: 1198, actual label: 0, predicted: 1
iter: 14, sample_no: 613, actual label: 1, predicted: 1
iter: 15, sample_no: 186, actual label: 1, predicted: 1
iter: 16, sample_no: 614, actual label: 0, predicted: 1
iter: 17, sample_no: 654, actual label: 0, predicted: 1
iter: 18, sample_no: 356, actual label: 0, predicted: 1
iter: 19, sample_no: 765, actual label: 1, predicted: 1
iter: 20, sample_no: 738, actual label: 1, predicted: 1
iter: 21, sample_no: 251, actual label: 0, predicted: 1
iter: 22, sample_no: 365, actual label: 0, predicted: 1
iter: 23, sample_no: 337, actual label: 0, predicted: 1
iter: 24, sample_no: 925, actual label: 1, predicted: 1
number of samples: 1301
AUC 0.5
pos_get 521
total recall stop_at 1.0
@@@ C - Repeat number: 6
@@@ D - common_header:  {'F71-sewen@apache.org', 'F3-byte', 'F68', 'F105', 'F71-chesnay@apache.org', 'F115', 'F71-fhueske@apache.org', 'F3-NA', 'F3-Tuple2', 'F3-T', 'F71-vasilikikalavri@gmail.com', 'F71-uce@apache.org', 'F41', 'F71-trohrmann@apache.org', 'F120', 'F104', 'F101', 'F3-double', 'F3-String', 'F71-rmetzger@apache.org', 'F15-protected', 'F15-private', 'F117', 'F71-aljoscha.krettek@gmail.com', 'F71-code@greghogan.com', 'category', 'F71-mxm@apache.org', 'F71-vasia@apache.org', 'F15-public', 'F3-boolean', 'F3-BooleanValue', 'F22', 'F71-twalthr@apache.org', 'F110', 'F65', 'F126', 'F15-NA', 'F3-Values', 'F3-int', 'F72', 'F116', 'F3-Double', 'F71-lungu.andra@gmail.com', 'F77', 'F123', 'F25', 'F3-Class'}
     F72           ...            F71-trohrmann@apache.org
1  19805           ...                                   1
2  19805           ...                                   1
3  19805           ...                                   1

[3 rows x 46 columns]
;.;
        F72            ...             F71-trohrmann@apache.org
0  0.851521            ...                                  1.0
1  0.851521            ...                                  1.0
2  0.851521            ...                                  1.0

[3 rows x 46 columns]
training_x: (2815, 46)
training_y: 2815
testset_x: (1301, 46)
testset_y: 1301
              precision    recall  f1-score   support

           0       0.00      0.00      0.00       780
           1       0.40      1.00      0.57       521

    accuracy                           0.40      1301
   macro avg       0.20      0.50      0.29      1301
weighted avg       0.16      0.40      0.23      1301

accuracy: 0.4004611837048424
0.5718990120746432
@@@ tn: 0, fp: 780, fn: 0, tp: 521
@@@ LIME - Creating explainer
@@@ LIME - Random Sampling of Instances
iter: 0, sample_no: 563, actual label: 0, predicted: 1
iter: 1, sample_no: 68, actual label: 0, predicted: 1
iter: 2, sample_no: 89, actual label: 0, predicted: 1
iter: 3, sample_no: 485, actual label: 0, predicted: 1
iter: 4, sample_no: 283, actual label: 0, predicted: 1
iter: 5, sample_no: 1064, actual label: 0, predicted: 1
iter: 6, sample_no: 81, actual label: 0, predicted: 1
iter: 7, sample_no: 66, actual label: 0, predicted: 1
iter: 8, sample_no: 485, actual label: 0, predicted: 1
iter: 9, sample_no: 1048, actual label: 0, predicted: 1
iter: 10, sample_no: 152, actual label: 0, predicted: 1
iter: 11, sample_no: 972, actual label: 1, predicted: 1
iter: 12, sample_no: 556, actual label: 0, predicted: 1
iter: 13, sample_no: 64, actual label: 0, predicted: 1
iter: 14, sample_no: 953, actual label: 1, predicted: 1
iter: 15, sample_no: 454, actual label: 0, predicted: 1
iter: 16, sample_no: 235, actual label: 0, predicted: 1
iter: 17, sample_no: 299, actual label: 0, predicted: 1
iter: 18, sample_no: 553, actual label: 1, predicted: 1
iter: 19, sample_no: 453, actual label: 0, predicted: 1
iter: 20, sample_no: 104, actual label: 0, predicted: 1
iter: 21, sample_no: 633, actual label: 0, predicted: 1
iter: 22, sample_no: 329, actual label: 1, predicted: 1
iter: 23, sample_no: 175, actual label: 1, predicted: 1
iter: 24, sample_no: 100, actual label: 0, predicted: 1
number of samples: 1301
AUC 0.5
pos_get 521
total recall stop_at 1.0
@@@ C - Repeat number: 7
@@@ D - common_header:  {'F71-sewen@apache.org', 'F3-byte', 'F68', 'F105', 'F71-chesnay@apache.org', 'F115', 'F71-fhueske@apache.org', 'F3-NA', 'F3-Tuple2', 'F3-T', 'F71-vasilikikalavri@gmail.com', 'F71-uce@apache.org', 'F41', 'F71-trohrmann@apache.org', 'F120', 'F104', 'F101', 'F3-double', 'F3-String', 'F71-rmetzger@apache.org', 'F15-protected', 'F15-private', 'F117', 'F71-aljoscha.krettek@gmail.com', 'F71-code@greghogan.com', 'category', 'F71-mxm@apache.org', 'F71-vasia@apache.org', 'F15-public', 'F3-boolean', 'F3-BooleanValue', 'F22', 'F71-twalthr@apache.org', 'F110', 'F65', 'F126', 'F15-NA', 'F3-Values', 'F3-int', 'F72', 'F116', 'F3-Double', 'F71-lungu.andra@gmail.com', 'F77', 'F123', 'F25', 'F3-Class'}
     F72           ...            F71-trohrmann@apache.org
1  19805           ...                                   1
2  19805           ...                                   1
3  19805           ...                                   1

[3 rows x 46 columns]
;.;
        F72            ...             F71-trohrmann@apache.org
0  0.851521            ...                                  1.0
1  0.851521            ...                                  1.0
2  0.851521            ...                                  1.0

[3 rows x 46 columns]
training_x: (2815, 46)
training_y: 2815
testset_x: (1301, 46)
testset_y: 1301
              precision    recall  f1-score   support

           0       0.00      0.00      0.00       780
           1       0.40      1.00      0.57       521

    accuracy                           0.40      1301
   macro avg       0.20      0.50      0.29      1301
weighted avg       0.16      0.40      0.23      1301

accuracy: 0.4004611837048424
0.5718990120746432
@@@ tn: 0, fp: 780, fn: 0, tp: 521
@@@ LIME - Creating explainer
@@@ LIME - Random Sampling of Instances
iter: 0, sample_no: 426, actual label: 0, predicted: 1
iter: 1, sample_no: 321, actual label: 0, predicted: 1
iter: 2, sample_no: 927, actual label: 1, predicted: 1
iter: 3, sample_no: 344, actual label: 0, predicted: 1
iter: 4, sample_no: 668, actual label: 0, predicted: 1
iter: 5, sample_no: 818, actual label: 1, predicted: 1
iter: 6, sample_no: 1142, actual label: 1, predicted: 1
iter: 7, sample_no: 596, actual label: 0, predicted: 1
iter: 8, sample_no: 560, actual label: 0, predicted: 1
iter: 9, sample_no: 931, actual label: 1, predicted: 1
iter: 10, sample_no: 609, actual label: 1, predicted: 1
iter: 11, sample_no: 624, actual label: 0, predicted: 1
iter: 12, sample_no: 578, actual label: 1, predicted: 1
iter: 13, sample_no: 38, actual label: 1, predicted: 1
iter: 14, sample_no: 864, actual label: 1, predicted: 1
iter: 15, sample_no: 735, actual label: 1, predicted: 1
iter: 16, sample_no: 701, actual label: 1, predicted: 1
iter: 17, sample_no: 945, actual label: 1, predicted: 1
iter: 18, sample_no: 316, actual label: 0, predicted: 1
iter: 19, sample_no: 530, actual label: 0, predicted: 1
iter: 20, sample_no: 315, actual label: 0, predicted: 1
iter: 21, sample_no: 1015, actual label: 0, predicted: 1
iter: 22, sample_no: 58, actual label: 0, predicted: 1
iter: 23, sample_no: 478, actual label: 0, predicted: 1
iter: 24, sample_no: 849, actual label: 1, predicted: 1
number of samples: 1301
AUC 0.5
pos_get 521
total recall stop_at 1.0
@@@ C - Repeat number: 8
@@@ D - common_header:  {'F71-sewen@apache.org', 'F3-byte', 'F68', 'F105', 'F71-chesnay@apache.org', 'F115', 'F71-fhueske@apache.org', 'F3-NA', 'F3-Tuple2', 'F3-T', 'F71-vasilikikalavri@gmail.com', 'F71-uce@apache.org', 'F41', 'F71-trohrmann@apache.org', 'F120', 'F104', 'F101', 'F3-double', 'F3-String', 'F71-rmetzger@apache.org', 'F15-protected', 'F15-private', 'F117', 'F71-aljoscha.krettek@gmail.com', 'F71-code@greghogan.com', 'category', 'F71-mxm@apache.org', 'F71-vasia@apache.org', 'F15-public', 'F3-boolean', 'F3-BooleanValue', 'F22', 'F71-twalthr@apache.org', 'F110', 'F65', 'F126', 'F15-NA', 'F3-Values', 'F3-int', 'F72', 'F116', 'F3-Double', 'F71-lungu.andra@gmail.com', 'F77', 'F123', 'F25', 'F3-Class'}
     F72           ...            F71-trohrmann@apache.org
1  19805           ...                                   1
2  19805           ...                                   1
3  19805           ...                                   1

[3 rows x 46 columns]
;.;
        F72            ...             F71-trohrmann@apache.org
0  0.851521            ...                                  1.0
1  0.851521            ...                                  1.0
2  0.851521            ...                                  1.0

[3 rows x 46 columns]
training_x: (2815, 46)
training_y: 2815
testset_x: (1301, 46)
testset_y: 1301
              precision    recall  f1-score   support

           0       0.00      0.00      0.00       780
           1       0.40      1.00      0.57       521

    accuracy                           0.40      1301
   macro avg       0.20      0.50      0.29      1301
weighted avg       0.16      0.40      0.23      1301

accuracy: 0.4004611837048424
0.5718990120746432
@@@ tn: 0, fp: 780, fn: 0, tp: 521
@@@ LIME - Creating explainer
@@@ LIME - Random Sampling of Instances
iter: 0, sample_no: 109, actual label: 0, predicted: 1
iter: 1, sample_no: 537, actual label: 0, predicted: 1
iter: 2, sample_no: 718, actual label: 1, predicted: 1
iter: 3, sample_no: 373, actual label: 0, predicted: 1
iter: 4, sample_no: 587, actual label: 0, predicted: 1
iter: 5, sample_no: 1222, actual label: 1, predicted: 1
iter: 6, sample_no: 1163, actual label: 0, predicted: 1
iter: 7, sample_no: 1251, actual label: 1, predicted: 1
iter: 8, sample_no: 1099, actual label: 1, predicted: 1
iter: 9, sample_no: 370, actual label: 0, predicted: 1
iter: 10, sample_no: 178, actual label: 1, predicted: 1
iter: 11, sample_no: 799, actual label: 1, predicted: 1
iter: 12, sample_no: 1218, actual label: 0, predicted: 1
iter: 13, sample_no: 1083, actual label: 1, predicted: 1
iter: 14, sample_no: 995, actual label: 1, predicted: 1
iter: 15, sample_no: 948, actual label: 1, predicted: 1
iter: 16, sample_no: 39, actual label: 0, predicted: 1
iter: 17, sample_no: 185, actual label: 1, predicted: 1
iter: 18, sample_no: 1105, actual label: 0, predicted: 1
iter: 19, sample_no: 990, actual label: 0, predicted: 1
iter: 20, sample_no: 442, actual label: 0, predicted: 1
iter: 21, sample_no: 655, actual label: 0, predicted: 1
iter: 22, sample_no: 539, actual label: 0, predicted: 1
iter: 23, sample_no: 593, actual label: 0, predicted: 1
iter: 24, sample_no: 439, actual label: 0, predicted: 1
number of samples: 1301
AUC 0.5
pos_get 521
total recall stop_at 1.0
@@@ C - Repeat number: 9
@@@ D - common_header:  {'F71-sewen@apache.org', 'F3-byte', 'F68', 'F105', 'F71-chesnay@apache.org', 'F115', 'F71-fhueske@apache.org', 'F3-NA', 'F3-Tuple2', 'F3-T', 'F71-vasilikikalavri@gmail.com', 'F71-uce@apache.org', 'F41', 'F71-trohrmann@apache.org', 'F120', 'F104', 'F101', 'F3-double', 'F3-String', 'F71-rmetzger@apache.org', 'F15-protected', 'F15-private', 'F117', 'F71-aljoscha.krettek@gmail.com', 'F71-code@greghogan.com', 'category', 'F71-mxm@apache.org', 'F71-vasia@apache.org', 'F15-public', 'F3-boolean', 'F3-BooleanValue', 'F22', 'F71-twalthr@apache.org', 'F110', 'F65', 'F126', 'F15-NA', 'F3-Values', 'F3-int', 'F72', 'F116', 'F3-Double', 'F71-lungu.andra@gmail.com', 'F77', 'F123', 'F25', 'F3-Class'}
     F72           ...            F71-trohrmann@apache.org
1  19805           ...                                   1
2  19805           ...                                   1
3  19805           ...                                   1

[3 rows x 46 columns]
;.;
        F72            ...             F71-trohrmann@apache.org
0  0.851521            ...                                  1.0
1  0.851521            ...                                  1.0
2  0.851521            ...                                  1.0

[3 rows x 46 columns]
training_x: (2815, 46)
training_y: 2815
testset_x: (1301, 46)
testset_y: 1301
              precision    recall  f1-score   support

           0       0.00      0.00      0.00       780
           1       0.40      1.00      0.57       521

    accuracy                           0.40      1301
   macro avg       0.20      0.50      0.29      1301
weighted avg       0.16      0.40      0.23      1301

accuracy: 0.4004611837048424
0.5718990120746432
@@@ tn: 0, fp: 780, fn: 0, tp: 521
@@@ LIME - Creating explainer
@@@ LIME - Random Sampling of Instances
iter: 0, sample_no: 1022, actual label: 1, predicted: 1
iter: 1, sample_no: 534, actual label: 0, predicted: 1
iter: 2, sample_no: 594, actual label: 0, predicted: 1
iter: 3, sample_no: 1061, actual label: 0, predicted: 1
iter: 4, sample_no: 996, actual label: 0, predicted: 1
iter: 5, sample_no: 792, actual label: 1, predicted: 1
iter: 6, sample_no: 693, actual label: 0, predicted: 1
iter: 7, sample_no: 379, actual label: 0, predicted: 1
iter: 8, sample_no: 1096, actual label: 0, predicted: 1
iter: 9, sample_no: 234, actual label: 0, predicted: 1
iter: 10, sample_no: 477, actual label: 0, predicted: 1
iter: 11, sample_no: 1096, actual label: 0, predicted: 1
iter: 12, sample_no: 506, actual label: 0, predicted: 1
iter: 13, sample_no: 893, actual label: 1, predicted: 1
iter: 14, sample_no: 305, actual label: 1, predicted: 1
iter: 15, sample_no: 703, actual label: 1, predicted: 1
iter: 16, sample_no: 544, actual label: 0, predicted: 1
iter: 17, sample_no: 430, actual label: 0, predicted: 1
iter: 18, sample_no: 654, actual label: 0, predicted: 1
iter: 19, sample_no: 249, actual label: 0, predicted: 1
iter: 20, sample_no: 789, actual label: 1, predicted: 1
iter: 21, sample_no: 1112, actual label: 0, predicted: 1
iter: 22, sample_no: 702, actual label: 1, predicted: 1
iter: 23, sample_no: 980, actual label: 1, predicted: 1
iter: 24, sample_no: 176, actual label: 1, predicted: 1
number of samples: 1301
AUC 0.5
pos_get 521
total recall stop_at 1.0
@@@ C - Repeat number: 10
@@@ D - common_header:  {'F71-sewen@apache.org', 'F3-byte', 'F68', 'F105', 'F71-chesnay@apache.org', 'F115', 'F71-fhueske@apache.org', 'F3-NA', 'F3-Tuple2', 'F3-T', 'F71-vasilikikalavri@gmail.com', 'F71-uce@apache.org', 'F41', 'F71-trohrmann@apache.org', 'F120', 'F104', 'F101', 'F3-double', 'F3-String', 'F71-rmetzger@apache.org', 'F15-protected', 'F15-private', 'F117', 'F71-aljoscha.krettek@gmail.com', 'F71-code@greghogan.com', 'category', 'F71-mxm@apache.org', 'F71-vasia@apache.org', 'F15-public', 'F3-boolean', 'F3-BooleanValue', 'F22', 'F71-twalthr@apache.org', 'F110', 'F65', 'F126', 'F15-NA', 'F3-Values', 'F3-int', 'F72', 'F116', 'F3-Double', 'F71-lungu.andra@gmail.com', 'F77', 'F123', 'F25', 'F3-Class'}
     F72           ...            F71-trohrmann@apache.org
1  19805           ...                                   1
2  19805           ...                                   1
3  19805           ...                                   1

[3 rows x 46 columns]
;.;
        F72            ...             F71-trohrmann@apache.org
0  0.851521            ...                                  1.0
1  0.851521            ...                                  1.0
2  0.851521            ...                                  1.0

[3 rows x 46 columns]
training_x: (2815, 46)
training_y: 2815
testset_x: (1301, 46)
testset_y: 1301
              precision    recall  f1-score   support

           0       0.00      0.00      0.00       780
           1       0.40      1.00      0.57       521

    accuracy                           0.40      1301
   macro avg       0.20      0.50      0.29      1301
weighted avg       0.16      0.40      0.23      1301

accuracy: 0.4004611837048424
0.5718990120746432
@@@ tn: 0, fp: 780, fn: 0, tp: 521
@@@ LIME - Creating explainer
@@@ LIME - Random Sampling of Instances
Precision and F-score are ill-defined and being set to 0.0 in labels with no predicted samples. Use `zero_division` parameter to control this behavior.
Columns (0,3,4,5,6,7,8,9,10,11,12,13,14,15,16,17,18,19,20,21,22,23,24,25,26,27,28,29,30,31,32,33,34,35,36,37,38,39,40,41,42,43,44,45,46,47,48,49,50,51,52,53,54,55,56,57,58,59,60,61,62,63,64,65,66,67,68,69,70,71,72,73,74,75,76,77,78,79,80,81,82,83,84,85,86,87,88,89,90,91,92,93,94,95,96,97,98,99,100,101,102,103,104,105,106,107,108,109,110,111,112,113,114,115,116,117,118,119,120,121,122,123,124,125,126,127,128,129,130,131,132,133,134,135,136,137,138,139,140,141,142,143,144,145,146,147,148,149,150,151,152,153,154,155,156,157,158,159,160,161,162,163,164,165,166,167,168,169,170,171,172,173,174,175,176,177,178,179,180,181,182,183,184,185,186,187,188,189,190,191,192,193,194,195,196,197,198,199,200,201,202,203,204,205,206,207,208,209,210,211,212,213,214,215,216,217,218,219,220,221,222,223,224,225,226,227,228,229,230,231,232,233,234,235,236,237,238,239,240,241,242,243,244,245,246,247,248,249,250,251,252,253,254,255,256,257,258,259,260,261,262,263,264,265,266,267,268,269,271,273,274,275,276,277,278,279,280,281,282,283,284,285,286,287,288,289,290,291,292,293,294,295,296,297,298,299,300,301,302,303,304,305,306,307,308,309,310,311,312,313,314,315,316,317,318,319,320,321,322,323,324,325,326,327,328,329,330,331,332,333,334,335,336,337,338,339,340,341,342) have mixed types. Specify dtype option on import or set low_memory=False.
Precision and F-score are ill-defined and being set to 0.0 in labels with no predicted samples. Use `zero_division` parameter to control this behavior.
Columns (0,3,4,5,6,7,8,9,10,11,12,13,14,15,16,17,18,19,20,21,22,23,24,25,26,27,28,29,30,31,32,33,34,35,36,37,38,39,40,41,42,43,44,45,46,47,48,49,50,51,52,53,54,55,56,57,58,59,60,61,62,63,64,65,66,67,68,69,70,71,72,73,74,75,76,77,78,79,80,81,82,83,84,85,86,87,88,89,90,91,92,93,94,95,96,97,98,99,100,101,102,103,104,105,106,107,108,109,110,111,112,113,114,115,116,117,118,119,120,121,122,123,124,125,126,127,128,129,130,131,132,133,134,135,136,137,138,139,140,141,142,143,144,145,146,147,148,149,150,151,152,153,154,155,156,157,158,159,160,161,162,163,164,165,166,167,168,169,170,171,172,173,174,175,176,177,178,179,180,181,182,183,184,185,186,187,188,189,190,191,192,193,194,195,196,197,198,199,200,201,202,203,204,205,206,207,208,209,210,211,212,213,214,215,216,217,218,219,220,221,222,223,224,225,226,227,228,229,230,231,232,233,234,235,236,237,238,239,240,241,242,243,244,245,246,247,248,249,250,251,252,253,254,255,256,257,258,259,260,261,262,263,264,265,266,267,268,269,271,273,274,275,276,277,278,279,280,281,282,283,284,285,286,287,288,289,290,291,292,293,294,295,296,297,298,299,300,301,302,303,304,305,306,307,308,309,310,311,312,313,314,315,316,317,318,319,320,321,322,323,324,325,326,327,328,329,330,331,332,333,334,335,336,337,338,339,340,341,342) have mixed types. Specify dtype option on import or set low_memory=False.
Precision and F-score are ill-defined and being set to 0.0 in labels with no predicted samples. Use `zero_division` parameter to control this behavior.
Columns (0,3,4,5,6,7,8,9,10,11,12,13,14,15,16,17,18,19,20,21,22,23,24,25,26,27,28,29,30,31,32,33,34,35,36,37,38,39,40,41,42,43,44,45,46,47,48,49,50,51,52,53,54,55,56,57,58,59,60,61,62,63,64,65,66,67,68,69,70,71,72,73,74,75,76,77,78,79,80,81,82,83,84,85,86,87,88,89,90,91,92,93,94,95,96,97,98,99,100,101,102,103,104,105,106,107,108,109,110,111,112,113,114,115,116,117,118,119,120,121,122,123,124,125,126,127,128,129,130,131,132,133,134,135,136,137,138,139,140,141,142,143,144,145,146,147,148,149,150,151,152,153,154,155,156,157,158,159,160,161,162,163,164,165,166,167,168,169,170,171,172,173,174,175,176,177,178,179,180,181,182,183,184,185,186,187,188,189,190,191,192,193,194,195,196,197,198,199,200,201,202,203,204,205,206,207,208,209,210,211,212,213,214,215,216,217,218,219,220,221,222,223,224,225,226,227,228,229,230,231,232,233,234,235,236,237,238,239,240,241,242,243,244,245,246,247,248,249,250,251,252,253,254,255,256,257,258,259,260,261,262,263,264,265,266,267,268,269,271,273,274,275,276,277,278,279,280,281,282,283,284,285,286,287,288,289,290,291,292,293,294,295,296,297,298,299,300,301,302,303,304,305,306,307,308,309,310,311,312,313,314,315,316,317,318,319,320,321,322,323,324,325,326,327,328,329,330,331,332,333,334,335,336,337,338,339,340,341,342) have mixed types. Specify dtype option on import or set low_memory=False.
Precision and F-score are ill-defined and being set to 0.0 in labels with no predicted samples. Use `zero_division` parameter to control this behavior.
Columns (0,3,4,5,6,7,8,9,10,11,12,13,14,15,16,17,18,19,20,21,22,23,24,25,26,27,28,29,30,31,32,33,34,35,36,37,38,39,40,41,42,43,44,45,46,47,48,49,50,51,52,53,54,55,56,57,58,59,60,61,62,63,64,65,66,67,68,69,70,71,72,73,74,75,76,77,78,79,80,81,82,83,84,85,86,87,88,89,90,91,92,93,94,95,96,97,98,99,100,101,102,103,104,105,106,107,108,109,110,111,112,113,114,115,116,117,118,119,120,121,122,123,124,125,126,127,128,129,130,131,132,133,134,135,136,137,138,139,140,141,142,143,144,145,146,147,148,149,150,151,152,153,154,155,156,157,158,159,160,161,162,163,164,165,166,167,168,169,170,171,172,173,174,175,176,177,178,179,180,181,182,183,184,185,186,187,188,189,190,191,192,193,194,195,196,197,198,199,200,201,202,203,204,205,206,207,208,209,210,211,212,213,214,215,216,217,218,219,220,221,222,223,224,225,226,227,228,229,230,231,232,233,234,235,236,237,238,239,240,241,242,243,244,245,246,247,248,249,250,251,252,253,254,255,256,257,258,259,260,261,262,263,264,265,266,267,268,269,271,273,274,275,276,277,278,279,280,281,282,283,284,285,286,287,288,289,290,291,292,293,294,295,296,297,298,299,300,301,302,303,304,305,306,307,308,309,310,311,312,313,314,315,316,317,318,319,320,321,322,323,324,325,326,327,328,329,330,331,332,333,334,335,336,337,338,339,340,341,342) have mixed types. Specify dtype option on import or set low_memory=False.
Precision and F-score are ill-defined and being set to 0.0 in labels with no predicted samples. Use `zero_division` parameter to control this behavior.
Columns (0,3,4,5,6,7,8,9,10,11,12,13,14,15,16,17,18,19,20,21,22,23,24,25,26,27,28,29,30,31,32,33,34,35,36,37,38,39,40,41,42,43,44,45,46,47,48,49,50,51,52,53,54,55,56,57,58,59,60,61,62,63,64,65,66,67,68,69,70,71,72,73,74,75,76,77,78,79,80,81,82,83,84,85,86,87,88,89,90,91,92,93,94,95,96,97,98,99,100,101,102,103,104,105,106,107,108,109,110,111,112,113,114,115,116,117,118,119,120,121,122,123,124,125,126,127,128,129,130,131,132,133,134,135,136,137,138,139,140,141,142,143,144,145,146,147,148,149,150,151,152,153,154,155,156,157,158,159,160,161,162,163,164,165,166,167,168,169,170,171,172,173,174,175,176,177,178,179,180,181,182,183,184,185,186,187,188,189,190,191,192,193,194,195,196,197,198,199,200,201,202,203,204,205,206,207,208,209,210,211,212,213,214,215,216,217,218,219,220,221,222,223,224,225,226,227,228,229,230,231,232,233,234,235,236,237,238,239,240,241,242,243,244,245,246,247,248,249,250,251,252,253,254,255,256,257,258,259,260,261,262,263,264,265,266,267,268,269,271,273,274,275,276,277,278,279,280,281,282,283,284,285,286,287,288,289,290,291,292,293,294,295,296,297,298,299,300,301,302,303,304,305,306,307,308,309,310,311,312,313,314,315,316,317,318,319,320,321,322,323,324,325,326,327,328,329,330,331,332,333,334,335,336,337,338,339,340,341,342) have mixed types. Specify dtype option on import or set low_memory=False.
Precision and F-score are ill-defined and being set to 0.0 in labels with no predicted samples. Use `zero_division` parameter to control this behavior.
iter: 0, sample_no: 1013, actual label: 0, predicted: 1
iter: 1, sample_no: 617, actual label: 0, predicted: 1
iter: 2, sample_no: 265, actual label: 0, predicted: 1
iter: 3, sample_no: 967, actual label: 1, predicted: 1
iter: 4, sample_no: 646, actual label: 0, predicted: 1
iter: 5, sample_no: 728, actual label: 1, predicted: 1
iter: 6, sample_no: 156, actual label: 1, predicted: 1
iter: 7, sample_no: 912, actual label: 1, predicted: 1
iter: 8, sample_no: 1263, actual label: 0, predicted: 1
iter: 9, sample_no: 1251, actual label: 1, predicted: 1
iter: 10, sample_no: 211, actual label: 0, predicted: 1
iter: 11, sample_no: 947, actual label: 1, predicted: 1
iter: 12, sample_no: 247, actual label: 0, predicted: 1
iter: 13, sample_no: 342, actual label: 0, predicted: 1
iter: 14, sample_no: 903, actual label: 1, predicted: 1
iter: 15, sample_no: 945, actual label: 1, predicted: 1
iter: 16, sample_no: 560, actual label: 0, predicted: 1
iter: 17, sample_no: 887, actual label: 1, predicted: 1
iter: 18, sample_no: 1278, actual label: 1, predicted: 1
iter: 19, sample_no: 746, actual label: 1, predicted: 1
iter: 20, sample_no: 857, actual label: 1, predicted: 1
iter: 21, sample_no: 853, actual label: 1, predicted: 1
iter: 22, sample_no: 648, actual label: 0, predicted: 1
iter: 23, sample_no: 643, actual label: 0, predicted: 1
iter: 24, sample_no: 968, actual label: 1, predicted: 1
number of samples: 1301
AUC 0.5
pos_get 521
total recall stop_at 1.0
----------threshold stop at----------: 1
AUC [0.5, 0.5, 0.5, 0.5, 0.5, 0.5, 0.5, 0.5, 0.5, 0.5]
AUC_median 0.5
AUC_iqr 0.0
cost [1.0, 1.0, 1.0, 1.0, 1.0, 1.0, 1.0, 1.0, 1.0, 1.0]
COST_med 1.0
COST_iqr 0.0
f1_pos_list [0.5718990120746432, 0.5718990120746432, 0.5718990120746432, 0.5718990120746432, 0.5718990120746432, 0.5718990120746432, 0.5718990120746432, 0.5718990120746432, 0.5718990120746432, 0.5718990120746432]
f1_pos_med 0.5718990120746432
