@@@ A - classifier: DummyClassifier(constant=1, random_state=None, strategy='constant')
@@@ B - threshold stop at: 1
@@@ C - Repeat number: 1
@@@ D - common_header:  {'F71-bentmann@apache.org', 'F68', 'category', 'F65', 'F71-hboutemy@apache.org', 'F15-NA', 'F71-brianf@apache.org', 'F120', 'F123', 'F3-XmlPullParser', 'F110', 'F72', 'F104', 'F115', 'F41', 'F71-krosenvold@apache.org', 'F3-NA', 'F3-ProjectSegment', 'F15-public', 'F71-ogusakov@apache.org', 'F71-jvanzyl@apache.org', 'F77', 'F71-sisbell@apache.org', 'F3-File', 'F71-brett@apache.org', 'F3-null', 'F71-ifedorenko@apache.org', 'F126', 'F71-kenney@apache.org', 'F25', 'F3-request.getLocalRepository()', 'F116', 'F71-olamy@apache.org', 'F3-int', 'F3-InputStream', 'F3-Artifact', 'F3-String', 'F105', 'F22', 'F3-ArrayList<Artifact>', 'F117', 'F71-carlos@apache.org', 'F71-mkleint@apache.org', 'F71-jdcasey@apache.org', 'F101', 'F15-private'}
    F72          ...           F71-jdcasey@apache.org
1  9794          ...                                1
2  9794          ...                                0
3  9794          ...                                0

[3 rows x 45 columns]
;.;
        F72           ...            F71-jdcasey@apache.org
0  0.999438           ...                               1.0
1  0.999438           ...                               0.0
2  0.999438           ...                               0.0

[3 rows x 45 columns]
training_x: (665, 45)
training_y: 665
testset_x: (149, 45)
testset_y: 149
              precision    recall  f1-score   support

           0       0.00      0.00      0.00       125
           1       0.16      1.00      0.28        24

    accuracy                           0.16       149
   macro avg       0.08      0.50      0.14       149
weighted avg       0.03      0.16      0.04       149

accuracy: 0.1610738255033557
0.2774566473988439
@@@ tn: 0, fp: 125, fn: 0, tp: 24
@@@ LIME - Creating explainer
@@@ LIME - Random Sampling of Instances
iter: 0, sample_no: 68, actual label: 0, predicted: 1
iter: 1, sample_no: 69, actual label: 0, predicted: 1
iter: 2, sample_no: 43, actual label: 0, predicted: 1
iter: 3, sample_no: 0, actual label: 0, predicted: 1
iter: 4, sample_no: 94, actual label: 1, predicted: 1
iter: 5, sample_no: 22, actual label: 0, predicted: 1
iter: 6, sample_no: 123, actual label: 0, predicted: 1
iter: 7, sample_no: 131, actual label: 0, predicted: 1
iter: 8, sample_no: 135, actual label: 0, predicted: 1
iter: 9, sample_no: 102, actual label: 0, predicted: 1
iter: 10, sample_no: 55, actual label: 0, predicted: 1
iter: 11, sample_no: 57, actual label: 0, predicted: 1
iter: 12, sample_no: 148, actual label: 0, predicted: 1
iter: 13, sample_no: 4, actual label: 0, predicted: 1
iter: 14, sample_no: 9, actual label: 0, predicted: 1
iter: 15, sample_no: 131, actual label: 0, predicted: 1
iter: 16, sample_no: 0, actual label: 0, predicted: 1
iter: 17, sample_no: 94, actual label: 1, predicted: 1
iter: 18, sample_no: 67, actual label: 0, predicted: 1
iter: 19, sample_no: 85, actual label: 1, predicted: 1
iter: 20, sample_no: 77, actual label: 0, predicted: 1
iter: 21, sample_no: 34, actual label: 1, predicted: 1
iter: 22, sample_no: 113, actual label: 0, predicted: 1
iter: 23, sample_no: 94, actual label: 1, predicted: 1
iter: 24, sample_no: 52, actual label: 0, predicted: 1
number of samples: 149
AUC 0.5
pos_get 24
total recall stop_at 1
@@@ C - Repeat number: 2
@@@ D - common_header:  {'F71-bentmann@apache.org', 'F68', 'category', 'F65', 'F71-hboutemy@apache.org', 'F15-NA', 'F71-brianf@apache.org', 'F120', 'F123', 'F3-XmlPullParser', 'F110', 'F72', 'F104', 'F115', 'F41', 'F71-krosenvold@apache.org', 'F3-NA', 'F3-ProjectSegment', 'F15-public', 'F71-ogusakov@apache.org', 'F71-jvanzyl@apache.org', 'F77', 'F71-sisbell@apache.org', 'F3-File', 'F71-brett@apache.org', 'F3-null', 'F71-ifedorenko@apache.org', 'F126', 'F71-kenney@apache.org', 'F25', 'F3-request.getLocalRepository()', 'F116', 'F71-olamy@apache.org', 'F3-int', 'F3-InputStream', 'F3-Artifact', 'F3-String', 'F105', 'F22', 'F3-ArrayList<Artifact>', 'F117', 'F71-carlos@apache.org', 'F71-mkleint@apache.org', 'F71-jdcasey@apache.org', 'F101', 'F15-private'}
    F72          ...           F71-jdcasey@apache.org
1  9794          ...                                1
2  9794          ...                                0
3  9794          ...                                0

[3 rows x 45 columns]
;.;
        F72           ...            F71-jdcasey@apache.org
0  0.999438           ...                               1.0
1  0.999438           ...                               0.0
2  0.999438           ...                               0.0

[3 rows x 45 columns]
training_x: (665, 45)
training_y: 665
testset_x: (149, 45)
testset_y: 149
              precision    recall  f1-score   support

           0       0.00      0.00      0.00       125
           1       0.16      1.00      0.28        24

    accuracy                           0.16       149
   macro avg       0.08      0.50      0.14       149
weighted avg       0.03      0.16      0.04       149

accuracy: 0.1610738255033557
0.2774566473988439
@@@ tn: 0, fp: 125, fn: 0, tp: 24
@@@ LIME - Creating explainer
@@@ LIME - Random Sampling of Instances
iter: 0, sample_no: 20, actual label: 0, predicted: 1
iter: 1, sample_no: 58, actual label: 0, predicted: 1
iter: 2, sample_no: 52, actual label: 0, predicted: 1
iter: 3, sample_no: 137, actual label: 0, predicted: 1
iter: 4, sample_no: 19, actual label: 1, predicted: 1
iter: 5, sample_no: 125, actual label: 0, predicted: 1
iter: 6, sample_no: 43, actual label: 0, predicted: 1
iter: 7, sample_no: 30, actual label: 1, predicted: 1
iter: 8, sample_no: 58, actual label: 0, predicted: 1
iter: 9, sample_no: 45, actual label: 0, predicted: 1
iter: 10, sample_no: 138, actual label: 0, predicted: 1
iter: 11, sample_no: 18, actual label: 0, predicted: 1
iter: 12, sample_no: 58, actual label: 0, predicted: 1
iter: 13, sample_no: 16, actual label: 0, predicted: 1
iter: 14, sample_no: 148, actual label: 0, predicted: 1
iter: 15, sample_no: 116, actual label: 0, predicted: 1
iter: 16, sample_no: 133, actual label: 0, predicted: 1
iter: 17, sample_no: 81, actual label: 0, predicted: 1
iter: 18, sample_no: 7, actual label: 0, predicted: 1
iter: 19, sample_no: 63, actual label: 0, predicted: 1
iter: 20, sample_no: 108, actual label: 1, predicted: 1
iter: 21, sample_no: 63, actual label: 0, predicted: 1
iter: 22, sample_no: 0, actual label: 0, predicted: 1
iter: 23, sample_no: 59, actual label: 0, predicted: 1
iter: 24, sample_no: 118, actual label: 0, predicted: 1
number of samples: 149
AUC 0.5
pos_get 24
total recall stop_at 1
@@@ C - Repeat number: 3
@@@ D - common_header:  {'F71-bentmann@apache.org', 'F68', 'category', 'F65', 'F71-hboutemy@apache.org', 'F15-NA', 'F71-brianf@apache.org', 'F120', 'F123', 'F3-XmlPullParser', 'F110', 'F72', 'F104', 'F115', 'F41', 'F71-krosenvold@apache.org', 'F3-NA', 'F3-ProjectSegment', 'F15-public', 'F71-ogusakov@apache.org', 'F71-jvanzyl@apache.org', 'F77', 'F71-sisbell@apache.org', 'F3-File', 'F71-brett@apache.org', 'F3-null', 'F71-ifedorenko@apache.org', 'F126', 'F71-kenney@apache.org', 'F25', 'F3-request.getLocalRepository()', 'F116', 'F71-olamy@apache.org', 'F3-int', 'F3-InputStream', 'F3-Artifact', 'F3-String', 'F105', 'F22', 'F3-ArrayList<Artifact>', 'F117', 'F71-carlos@apache.org', 'F71-mkleint@apache.org', 'F71-jdcasey@apache.org', 'F101', 'F15-private'}
    F72          ...           F71-jdcasey@apache.org
1  9794          ...                                1
2  9794          ...                                0
3  9794          ...                                0

[3 rows x 45 columns]
;.;
        F72           ...            F71-jdcasey@apache.org
0  0.999438           ...                               1.0
1  0.999438           ...                               0.0
2  0.999438           ...                               0.0

[3 rows x 45 columns]
training_x: (665, 45)
training_y: 665
testset_x: (149, 45)
testset_y: 149
              precision    recall  f1-score   support

           0       0.00      0.00      0.00       125
           1       0.16      1.00      0.28        24

    accuracy                           0.16       149
   macro avg       0.08      0.50      0.14       149
weighted avg       0.03      0.16      0.04       149

accuracy: 0.1610738255033557
0.2774566473988439
@@@ tn: 0, fp: 125, fn: 0, tp: 24
@@@ LIME - Creating explainer
@@@ LIME - Random Sampling of Instances
iter: 0, sample_no: 131, actual label: 0, predicted: 1
iter: 1, sample_no: 44, actual label: 0, predicted: 1
iter: 2, sample_no: 31, actual label: 1, predicted: 1
iter: 3, sample_no: 112, actual label: 0, predicted: 1
iter: 4, sample_no: 121, actual label: 0, predicted: 1
iter: 5, sample_no: 96, actual label: 0, predicted: 1
iter: 6, sample_no: 99, actual label: 0, predicted: 1
iter: 7, sample_no: 115, actual label: 0, predicted: 1
iter: 8, sample_no: 23, actual label: 0, predicted: 1
iter: 9, sample_no: 26, actual label: 1, predicted: 1
iter: 10, sample_no: 136, actual label: 0, predicted: 1
iter: 11, sample_no: 6, actual label: 0, predicted: 1
iter: 12, sample_no: 2, actual label: 0, predicted: 1
iter: 13, sample_no: 74, actual label: 0, predicted: 1
iter: 14, sample_no: 44, actual label: 0, predicted: 1
iter: 15, sample_no: 76, actual label: 0, predicted: 1
iter: 16, sample_no: 120, actual label: 0, predicted: 1
iter: 17, sample_no: 119, actual label: 0, predicted: 1
iter: 18, sample_no: 44, actual label: 0, predicted: 1
iter: 19, sample_no: 99, actual label: 0, predicted: 1
iter: 20, sample_no: 69, actual label: 0, predicted: 1
iter: 21, sample_no: 22, actual label: 0, predicted: 1
iter: 22, sample_no: 21, actual label: 0, predicted: 1
iter: 23, sample_no: 21, actual label: 0, predicted: 1
iter: 24, sample_no: 67, actual label: 0, predicted: 1
number of samples: 149
AUC 0.5
pos_get 24
total recall stop_at 1
@@@ C - Repeat number: 4
@@@ D - common_header:  {'F71-bentmann@apache.org', 'F68', 'category', 'F65', 'F71-hboutemy@apache.org', 'F15-NA', 'F71-brianf@apache.org', 'F120', 'F123', 'F3-XmlPullParser', 'F110', 'F72', 'F104', 'F115', 'F41', 'F71-krosenvold@apache.org', 'F3-NA', 'F3-ProjectSegment', 'F15-public', 'F71-ogusakov@apache.org', 'F71-jvanzyl@apache.org', 'F77', 'F71-sisbell@apache.org', 'F3-File', 'F71-brett@apache.org', 'F3-null', 'F71-ifedorenko@apache.org', 'F126', 'F71-kenney@apache.org', 'F25', 'F3-request.getLocalRepository()', 'F116', 'F71-olamy@apache.org', 'F3-int', 'F3-InputStream', 'F3-Artifact', 'F3-String', 'F105', 'F22', 'F3-ArrayList<Artifact>', 'F117', 'F71-carlos@apache.org', 'F71-mkleint@apache.org', 'F71-jdcasey@apache.org', 'F101', 'F15-private'}
    F72          ...           F71-jdcasey@apache.org
1  9794          ...                                1
2  9794          ...                                0
3  9794          ...                                0

[3 rows x 45 columns]
;.;
        F72           ...            F71-jdcasey@apache.org
0  0.999438           ...                               1.0
1  0.999438           ...                               0.0
2  0.999438           ...                               0.0

[3 rows x 45 columns]
training_x: (665, 45)
training_y: 665
testset_x: (149, 45)
testset_y: 149
              precision    recall  f1-score   support

           0       0.00      0.00      0.00       125
           1       0.16      1.00      0.28        24

    accuracy                           0.16       149
   macro avg       0.08      0.50      0.14       149
weighted avg       0.03      0.16      0.04       149

accuracy: 0.1610738255033557
0.2774566473988439
@@@ tn: 0, fp: 125, fn: 0, tp: 24
@@@ LIME - Creating explainer
@@@ LIME - Random Sampling of Instances
iter: 0, sample_no: 69, actual label: 0, predicted: 1
iter: 1, sample_no: 34, actual label: 1, predicted: 1
iter: 2, sample_no: 84, actual label: 1, predicted: 1
iter: 3, sample_no: 17, actual label: 0, predicted: 1
iter: 4, sample_no: 109, actual label: 1, predicted: 1
iter: 5, sample_no: 131, actual label: 0, predicted: 1
iter: 6, sample_no: 71, actual label: 0, predicted: 1
iter: 7, sample_no: 132, actual label: 0, predicted: 1
iter: 8, sample_no: 139, actual label: 0, predicted: 1
iter: 9, sample_no: 63, actual label: 0, predicted: 1
iter: 10, sample_no: 40, actual label: 0, predicted: 1
iter: 11, sample_no: 20, actual label: 0, predicted: 1
iter: 12, sample_no: 83, actual label: 0, predicted: 1
iter: 13, sample_no: 116, actual label: 0, predicted: 1
iter: 14, sample_no: 115, actual label: 0, predicted: 1
iter: 15, sample_no: 33, actual label: 1, predicted: 1
iter: 16, sample_no: 46, actual label: 0, predicted: 1
iter: 17, sample_no: 84, actual label: 1, predicted: 1
iter: 18, sample_no: 125, actual label: 0, predicted: 1
iter: 19, sample_no: 133, actual label: 0, predicted: 1
iter: 20, sample_no: 107, actual label: 0, predicted: 1
iter: 21, sample_no: 15, actual label: 0, predicted: 1
iter: 22, sample_no: 113, actual label: 0, predicted: 1
iter: 23, sample_no: 91, actual label: 0, predicted: 1
iter: 24, sample_no: 102, actual label: 0, predicted: 1
number of samples: 149
AUC 0.5
pos_get 24
total recall stop_at 1
@@@ C - Repeat number: 5
@@@ D - common_header:  {'F71-bentmann@apache.org', 'F68', 'category', 'F65', 'F71-hboutemy@apache.org', 'F15-NA', 'F71-brianf@apache.org', 'F120', 'F123', 'F3-XmlPullParser', 'F110', 'F72', 'F104', 'F115', 'F41', 'F71-krosenvold@apache.org', 'F3-NA', 'F3-ProjectSegment', 'F15-public', 'F71-ogusakov@apache.org', 'F71-jvanzyl@apache.org', 'F77', 'F71-sisbell@apache.org', 'F3-File', 'F71-brett@apache.org', 'F3-null', 'F71-ifedorenko@apache.org', 'F126', 'F71-kenney@apache.org', 'F25', 'F3-request.getLocalRepository()', 'F116', 'F71-olamy@apache.org', 'F3-int', 'F3-InputStream', 'F3-Artifact', 'F3-String', 'F105', 'F22', 'F3-ArrayList<Artifact>', 'F117', 'F71-carlos@apache.org', 'F71-mkleint@apache.org', 'F71-jdcasey@apache.org', 'F101', 'F15-private'}
    F72          ...           F71-jdcasey@apache.org
1  9794          ...                                1
2  9794          ...                                0
3  9794          ...                                0

[3 rows x 45 columns]
;.;
        F72           ...            F71-jdcasey@apache.org
0  0.999438           ...                               1.0
1  0.999438           ...                               0.0
2  0.999438           ...                               0.0

[3 rows x 45 columns]
training_x: (665, 45)
training_y: 665
testset_x: (149, 45)
testset_y: 149
              precision    recall  f1-score   support

           0       0.00      0.00      0.00       125
           1       0.16      1.00      0.28        24

    accuracy                           0.16       149
   macro avg       0.08      0.50      0.14       149
weighted avg       0.03      0.16      0.04       149

accuracy: 0.1610738255033557
0.2774566473988439
@@@ tn: 0, fp: 125, fn: 0, tp: 24
@@@ LIME - Creating explainer
@@@ LIME - Random Sampling of Instances
iter: 0, sample_no: 135, actual label: 0, predicted: 1
iter: 1, sample_no: 122, actual label: 0, predicted: 1
iter: 2, sample_no: 63, actual label: 0, predicted: 1
iter: 3, sample_no: 58, actual label: 0, predicted: 1
iter: 4, sample_no: 103, actual label: 0, predicted: 1
iter: 5, sample_no: 132, actual label: 0, predicted: 1
iter: 6, sample_no: 9, actual label: 0, predicted: 1
iter: 7, sample_no: 27, actual label: 1, predicted: 1
iter: 8, sample_no: 29, actual label: 1, predicted: 1
iter: 9, sample_no: 72, actual label: 0, predicted: 1
iter: 10, sample_no: 84, actual label: 1, predicted: 1
iter: 11, sample_no: 90, actual label: 0, predicted: 1
iter: 12, sample_no: 59, actual label: 0, predicted: 1
iter: 13, sample_no: 118, actual label: 0, predicted: 1
iter: 14, sample_no: 19, actual label: 1, predicted: 1
iter: 15, sample_no: 83, actual label: 0, predicted: 1
iter: 16, sample_no: 11, actual label: 0, predicted: 1
iter: 17, sample_no: 91, actual label: 0, predicted: 1
iter: 18, sample_no: 140, actual label: 0, predicted: 1
iter: 19, sample_no: 23, actual label: 0, predicted: 1
iter: 20, sample_no: 147, actual label: 0, predicted: 1
iter: 21, sample_no: 40, actual label: 0, predicted: 1
iter: 22, sample_no: 81, actual label: 0, predicted: 1
iter: 23, sample_no: 143, actual label: 0, predicted: 1
iter: 24, sample_no: 101, actual label: 0, predicted: 1
number of samples: 149
AUC 0.5
pos_get 24
total recall stop_at 1
@@@ C - Repeat number: 6
@@@ D - common_header:  {'F71-bentmann@apache.org', 'F68', 'category', 'F65', 'F71-hboutemy@apache.org', 'F15-NA', 'F71-brianf@apache.org', 'F120', 'F123', 'F3-XmlPullParser', 'F110', 'F72', 'F104', 'F115', 'F41', 'F71-krosenvold@apache.org', 'F3-NA', 'F3-ProjectSegment', 'F15-public', 'F71-ogusakov@apache.org', 'F71-jvanzyl@apache.org', 'F77', 'F71-sisbell@apache.org', 'F3-File', 'F71-brett@apache.org', 'F3-null', 'F71-ifedorenko@apache.org', 'F126', 'F71-kenney@apache.org', 'F25', 'F3-request.getLocalRepository()', 'F116', 'F71-olamy@apache.org', 'F3-int', 'F3-InputStream', 'F3-Artifact', 'F3-String', 'F105', 'F22', 'F3-ArrayList<Artifact>', 'F117', 'F71-carlos@apache.org', 'F71-mkleint@apache.org', 'F71-jdcasey@apache.org', 'F101', 'F15-private'}
    F72          ...           F71-jdcasey@apache.org
1  9794          ...                                1
2  9794          ...                                0
3  9794          ...                                0

[3 rows x 45 columns]
;.;
        F72           ...            F71-jdcasey@apache.org
0  0.999438           ...                               1.0
1  0.999438           ...                               0.0
2  0.999438           ...                               0.0

[3 rows x 45 columns]
training_x: (665, 45)
training_y: 665
testset_x: (149, 45)
testset_y: 149
              precision    recall  f1-score   support

           0       0.00      0.00      0.00       125
           1       0.16      1.00      0.28        24

    accuracy                           0.16       149
   macro avg       0.08      0.50      0.14       149
weighted avg       0.03      0.16      0.04       149

accuracy: 0.1610738255033557
0.2774566473988439
@@@ tn: 0, fp: 125, fn: 0, tp: 24
@@@ LIME - Creating explainer
@@@ LIME - Random Sampling of Instances
iter: 0, sample_no: 0, actual label: 0, predicted: 1
iter: 1, sample_no: 124, actual label: 0, predicted: 1
iter: 2, sample_no: 120, actual label: 0, predicted: 1
iter: 3, sample_no: 95, actual label: 0, predicted: 1
iter: 4, sample_no: 30, actual label: 1, predicted: 1
iter: 5, sample_no: 32, actual label: 1, predicted: 1
iter: 6, sample_no: 54, actual label: 0, predicted: 1
iter: 7, sample_no: 122, actual label: 0, predicted: 1
iter: 8, sample_no: 26, actual label: 1, predicted: 1
iter: 9, sample_no: 113, actual label: 0, predicted: 1
iter: 10, sample_no: 114, actual label: 0, predicted: 1
iter: 11, sample_no: 15, actual label: 0, predicted: 1
iter: 12, sample_no: 16, actual label: 0, predicted: 1
iter: 13, sample_no: 63, actual label: 0, predicted: 1
iter: 14, sample_no: 89, actual label: 0, predicted: 1
iter: 15, sample_no: 12, actual label: 0, predicted: 1
iter: 16, sample_no: 26, actual label: 1, predicted: 1
iter: 17, sample_no: 66, actual label: 0, predicted: 1
iter: 18, sample_no: 23, actual label: 0, predicted: 1
iter: 19, sample_no: 28, actual label: 1, predicted: 1
iter: 20, sample_no: 139, actual label: 0, predicted: 1
iter: 21, sample_no: 113, actual label: 0, predicted: 1
iter: 22, sample_no: 21, actual label: 0, predicted: 1
iter: 23, sample_no: 16, actual label: 0, predicted: 1
iter: 24, sample_no: 117, actual label: 0, predicted: 1
number of samples: 149
AUC 0.5
pos_get 24
total recall stop_at 1
@@@ C - Repeat number: 7
@@@ D - common_header:  {'F71-bentmann@apache.org', 'F68', 'category', 'F65', 'F71-hboutemy@apache.org', 'F15-NA', 'F71-brianf@apache.org', 'F120', 'F123', 'F3-XmlPullParser', 'F110', 'F72', 'F104', 'F115', 'F41', 'F71-krosenvold@apache.org', 'F3-NA', 'F3-ProjectSegment', 'F15-public', 'F71-ogusakov@apache.org', 'F71-jvanzyl@apache.org', 'F77', 'F71-sisbell@apache.org', 'F3-File', 'F71-brett@apache.org', 'F3-null', 'F71-ifedorenko@apache.org', 'F126', 'F71-kenney@apache.org', 'F25', 'F3-request.getLocalRepository()', 'F116', 'F71-olamy@apache.org', 'F3-int', 'F3-InputStream', 'F3-Artifact', 'F3-String', 'F105', 'F22', 'F3-ArrayList<Artifact>', 'F117', 'F71-carlos@apache.org', 'F71-mkleint@apache.org', 'F71-jdcasey@apache.org', 'F101', 'F15-private'}
    F72          ...           F71-jdcasey@apache.org
1  9794          ...                                1
2  9794          ...                                0
3  9794          ...                                0

[3 rows x 45 columns]
;.;
        F72           ...            F71-jdcasey@apache.org
0  0.999438           ...                               1.0
1  0.999438           ...                               0.0
2  0.999438           ...                               0.0

[3 rows x 45 columns]
training_x: (665, 45)
training_y: 665
testset_x: (149, 45)
testset_y: 149
              precision    recall  f1-score   support

           0       0.00      0.00      0.00       125
           1       0.16      1.00      0.28        24

    accuracy                           0.16       149
   macro avg       0.08      0.50      0.14       149
weighted avg       0.03      0.16      0.04       149

accuracy: 0.1610738255033557
0.2774566473988439
@@@ tn: 0, fp: 125, fn: 0, tp: 24
@@@ LIME - Creating explainer
@@@ LIME - Random Sampling of Instances
iter: 0, sample_no: 114, actual label: 0, predicted: 1
iter: 1, sample_no: 79, actual label: 0, predicted: 1
iter: 2, sample_no: 2, actual label: 0, predicted: 1
iter: 3, sample_no: 13, actual label: 0, predicted: 1
iter: 4, sample_no: 1, actual label: 0, predicted: 1
iter: 5, sample_no: 130, actual label: 0, predicted: 1
iter: 6, sample_no: 117, actual label: 0, predicted: 1
iter: 7, sample_no: 8, actual label: 0, predicted: 1
iter: 8, sample_no: 86, actual label: 0, predicted: 1
iter: 9, sample_no: 139, actual label: 0, predicted: 1
iter: 10, sample_no: 94, actual label: 1, predicted: 1
iter: 11, sample_no: 109, actual label: 1, predicted: 1
iter: 12, sample_no: 131, actual label: 0, predicted: 1
iter: 13, sample_no: 108, actual label: 1, predicted: 1
iter: 14, sample_no: 142, actual label: 0, predicted: 1
iter: 15, sample_no: 100, actual label: 0, predicted: 1
iter: 16, sample_no: 99, actual label: 0, predicted: 1
iter: 17, sample_no: 48, actual label: 0, predicted: 1
iter: 18, sample_no: 89, actual label: 0, predicted: 1
iter: 19, sample_no: 37, actual label: 0, predicted: 1
iter: 20, sample_no: 67, actual label: 0, predicted: 1
iter: 21, sample_no: 132, actual label: 0, predicted: 1
iter: 22, sample_no: 59, actual label: 0, predicted: 1
iter: 23, sample_no: 38, actual label: 0, predicted: 1
iter: 24, sample_no: 49, actual label: 0, predicted: 1
number of samples: 149
AUC 0.5
pos_get 24
total recall stop_at 1
@@@ C - Repeat number: 8
@@@ D - common_header:  {'F71-bentmann@apache.org', 'F68', 'category', 'F65', 'F71-hboutemy@apache.org', 'F15-NA', 'F71-brianf@apache.org', 'F120', 'F123', 'F3-XmlPullParser', 'F110', 'F72', 'F104', 'F115', 'F41', 'F71-krosenvold@apache.org', 'F3-NA', 'F3-ProjectSegment', 'F15-public', 'F71-ogusakov@apache.org', 'F71-jvanzyl@apache.org', 'F77', 'F71-sisbell@apache.org', 'F3-File', 'F71-brett@apache.org', 'F3-null', 'F71-ifedorenko@apache.org', 'F126', 'F71-kenney@apache.org', 'F25', 'F3-request.getLocalRepository()', 'F116', 'F71-olamy@apache.org', 'F3-int', 'F3-InputStream', 'F3-Artifact', 'F3-String', 'F105', 'F22', 'F3-ArrayList<Artifact>', 'F117', 'F71-carlos@apache.org', 'F71-mkleint@apache.org', 'F71-jdcasey@apache.org', 'F101', 'F15-private'}
    F72          ...           F71-jdcasey@apache.org
1  9794          ...                                1
2  9794          ...                                0
3  9794          ...                                0

[3 rows x 45 columns]
;.;
        F72           ...            F71-jdcasey@apache.org
0  0.999438           ...                               1.0
1  0.999438           ...                               0.0
2  0.999438           ...                               0.0

[3 rows x 45 columns]
training_x: (665, 45)
training_y: 665
testset_x: (149, 45)
testset_y: 149
              precision    recall  f1-score   support

           0       0.00      0.00      0.00       125
           1       0.16      1.00      0.28        24

    accuracy                           0.16       149
   macro avg       0.08      0.50      0.14       149
weighted avg       0.03      0.16      0.04       149

accuracy: 0.1610738255033557
0.2774566473988439
@@@ tn: 0, fp: 125, fn: 0, tp: 24
@@@ LIME - Creating explainer
@@@ LIME - Random Sampling of Instances
iter: 0, sample_no: 139, actual label: 0, predicted: 1
iter: 1, sample_no: 146, actual label: 1, predicted: 1
iter: 2, sample_no: 107, actual label: 0, predicted: 1
iter: 3, sample_no: 134, actual label: 0, predicted: 1
iter: 4, sample_no: 82, actual label: 0, predicted: 1
iter: 5, sample_no: 145, actual label: 1, predicted: 1
iter: 6, sample_no: 77, actual label: 0, predicted: 1
iter: 7, sample_no: 31, actual label: 1, predicted: 1
iter: 8, sample_no: 60, actual label: 0, predicted: 1
iter: 9, sample_no: 37, actual label: 0, predicted: 1
iter: 10, sample_no: 103, actual label: 0, predicted: 1
iter: 11, sample_no: 106, actual label: 0, predicted: 1
iter: 12, sample_no: 111, actual label: 1, predicted: 1
iter: 13, sample_no: 85, actual label: 1, predicted: 1
iter: 14, sample_no: 134, actual label: 0, predicted: 1
iter: 15, sample_no: 22, actual label: 0, predicted: 1
iter: 16, sample_no: 109, actual label: 1, predicted: 1
iter: 17, sample_no: 145, actual label: 1, predicted: 1
iter: 18, sample_no: 2, actual label: 0, predicted: 1
iter: 19, sample_no: 67, actual label: 0, predicted: 1
iter: 20, sample_no: 64, actual label: 0, predicted: 1
iter: 21, sample_no: 138, actual label: 0, predicted: 1
iter: 22, sample_no: 78, actual label: 0, predicted: 1
iter: 23, sample_no: 59, actual label: 0, predicted: 1
iter: 24, sample_no: 138, actual label: 0, predicted: 1
number of samples: 149
AUC 0.5
pos_get 24
total recall stop_at 1
@@@ C - Repeat number: 9
@@@ D - common_header:  {'F71-bentmann@apache.org', 'F68', 'category', 'F65', 'F71-hboutemy@apache.org', 'F15-NA', 'F71-brianf@apache.org', 'F120', 'F123', 'F3-XmlPullParser', 'F110', 'F72', 'F104', 'F115', 'F41', 'F71-krosenvold@apache.org', 'F3-NA', 'F3-ProjectSegment', 'F15-public', 'F71-ogusakov@apache.org', 'F71-jvanzyl@apache.org', 'F77', 'F71-sisbell@apache.org', 'F3-File', 'F71-brett@apache.org', 'F3-null', 'F71-ifedorenko@apache.org', 'F126', 'F71-kenney@apache.org', 'F25', 'F3-request.getLocalRepository()', 'F116', 'F71-olamy@apache.org', 'F3-int', 'F3-InputStream', 'F3-Artifact', 'F3-String', 'F105', 'F22', 'F3-ArrayList<Artifact>', 'F117', 'F71-carlos@apache.org', 'F71-mkleint@apache.org', 'F71-jdcasey@apache.org', 'F101', 'F15-private'}
    F72          ...           F71-jdcasey@apache.org
1  9794          ...                                1
2  9794          ...                                0
3  9794          ...                                0

[3 rows x 45 columns]
;.;
        F72           ...            F71-jdcasey@apache.org
0  0.999438           ...                               1.0
1  0.999438           ...                               0.0
2  0.999438           ...                               0.0

[3 rows x 45 columns]
training_x: (665, 45)
training_y: 665
testset_x: (149, 45)
testset_y: 149
              precision    recall  f1-score   support

           0       0.00      0.00      0.00       125
           1       0.16      1.00      0.28        24

    accuracy                           0.16       149
   macro avg       0.08      0.50      0.14       149
weighted avg       0.03      0.16      0.04       149

accuracy: 0.1610738255033557
0.2774566473988439
@@@ tn: 0, fp: 125, fn: 0, tp: 24
@@@ LIME - Creating explainer
@@@ LIME - Random Sampling of Instances
iter: 0, sample_no: 57, actual label: 0, predicted: 1
iter: 1, sample_no: 26, actual label: 1, predicted: 1
iter: 2, sample_no: 33, actual label: 1, predicted: 1
iter: 3, sample_no: 13, actual label: 0, predicted: 1
iter: 4, sample_no: 28, actual label: 1, predicted: 1
iter: 5, sample_no: 78, actual label: 0, predicted: 1
iter: 6, sample_no: 88, actual label: 0, predicted: 1
iter: 7, sample_no: 110, actual label: 1, predicted: 1
iter: 8, sample_no: 38, actual label: 0, predicted: 1
iter: 9, sample_no: 5, actual label: 0, predicted: 1
iter: 10, sample_no: 24, actual label: 1, predicted: 1
iter: 11, sample_no: 124, actual label: 0, predicted: 1
iter: 12, sample_no: 54, actual label: 0, predicted: 1
iter: 13, sample_no: 19, actual label: 1, predicted: 1
iter: 14, sample_no: 138, actual label: 0, predicted: 1
iter: 15, sample_no: 71, actual label: 0, predicted: 1
iter: 16, sample_no: 38, actual label: 0, predicted: 1
iter: 17, sample_no: 94, actual label: 1, predicted: 1
iter: 18, sample_no: 43, actual label: 0, predicted: 1
iter: 19, sample_no: 51, actual label: 0, predicted: 1
iter: 20, sample_no: 71, actual label: 0, predicted: 1
iter: 21, sample_no: 146, actual label: 1, predicted: 1
iter: 22, sample_no: 51, actual label: 0, predicted: 1
iter: 23, sample_no: 73, actual label: 0, predicted: 1
iter: 24, sample_no: 28, actual label: 1, predicted: 1
number of samples: 149
AUC 0.5
pos_get 24
total recall stop_at 1
@@@ C - Repeat number: 10
@@@ D - common_header:  {'F71-bentmann@apache.org', 'F68', 'category', 'F65', 'F71-hboutemy@apache.org', 'F15-NA', 'F71-brianf@apache.org', 'F120', 'F123', 'F3-XmlPullParser', 'F110', 'F72', 'F104', 'F115', 'F41', 'F71-krosenvold@apache.org', 'F3-NA', 'F3-ProjectSegment', 'F15-public', 'F71-ogusakov@apache.org', 'F71-jvanzyl@apache.org', 'F77', 'F71-sisbell@apache.org', 'F3-File', 'F71-brett@apache.org', 'F3-null', 'F71-ifedorenko@apache.org', 'F126', 'F71-kenney@apache.org', 'F25', 'F3-request.getLocalRepository()', 'F116', 'F71-olamy@apache.org', 'F3-int', 'F3-InputStream', 'F3-Artifact', 'F3-String', 'F105', 'F22', 'F3-ArrayList<Artifact>', 'F117', 'F71-carlos@apache.org', 'F71-mkleint@apache.org', 'F71-jdcasey@apache.org', 'F101', 'F15-private'}
    F72          ...           F71-jdcasey@apache.org
1  9794          ...                                1
2  9794          ...                                0
3  9794          ...                                0

[3 rows x 45 columns]
;.;
        F72           ...            F71-jdcasey@apache.org
0  0.999438           ...                               1.0
1  0.999438           ...                               0.0
2  0.999438           ...                               0.0

[3 rows x 45 columns]
training_x: (665, 45)
training_y: 665
testset_x: (149, 45)
testset_y: 149
              precision    recall  f1-score   support

           0       0.00      0.00      0.00       125
           1       0.16      1.00      0.28        24

    accuracy                           0.16       149
   macro avg       0.08      0.50      0.14       149
weighted avg       0.03      0.16      0.04       149

accuracy: 0.1610738255033557
0.2774566473988439
@@@ tn: 0, fp: 125, fn: 0, tp: 24
@@@ LIME - Creating explainer
@@@ LIME - Random Sampling of Instances
/Users/author1/anaconda3/lib/python3.6/site-packages/tensorflow/python/framework/dtypes.py:463: FutureWarning: Passing (type, 1) or '1type' as a synonym of type is deprecated; in a future version of numpy, it will be understood as (type, (1,)) / '(1,)type'.
  _np_qint8 = np.dtype([("qint8", np.int8, 1)])
/Users/author1/anaconda3/lib/python3.6/site-packages/tensorflow/python/framework/dtypes.py:464: FutureWarning: Passing (type, 1) or '1type' as a synonym of type is deprecated; in a future version of numpy, it will be understood as (type, (1,)) / '(1,)type'.
  _np_quint8 = np.dtype([("quint8", np.uint8, 1)])
/Users/author1/anaconda3/lib/python3.6/site-packages/tensorflow/python/framework/dtypes.py:465: FutureWarning: Passing (type, 1) or '1type' as a synonym of type is deprecated; in a future version of numpy, it will be understood as (type, (1,)) / '(1,)type'.
  _np_qint16 = np.dtype([("qint16", np.int16, 1)])
/Users/author1/anaconda3/lib/python3.6/site-packages/tensorflow/python/framework/dtypes.py:466: FutureWarning: Passing (type, 1) or '1type' as a synonym of type is deprecated; in a future version of numpy, it will be understood as (type, (1,)) / '(1,)type'.
  _np_quint16 = np.dtype([("quint16", np.uint16, 1)])
/Users/author1/anaconda3/lib/python3.6/site-packages/tensorflow/python/framework/dtypes.py:467: FutureWarning: Passing (type, 1) or '1type' as a synonym of type is deprecated; in a future version of numpy, it will be understood as (type, (1,)) / '(1,)type'.
  _np_qint32 = np.dtype([("qint32", np.int32, 1)])
Precision and F-score are ill-defined and being set to 0.0 in labels with no predicted samples. Use `zero_division` parameter to control this behavior.
Precision and F-score are ill-defined and being set to 0.0 in labels with no predicted samples. Use `zero_division` parameter to control this behavior.
Precision and F-score are ill-defined and being set to 0.0 in labels with no predicted samples. Use `zero_division` parameter to control this behavior.
Precision and F-score are ill-defined and being set to 0.0 in labels with no predicted samples. Use `zero_division` parameter to control this behavior.
Precision and F-score are ill-defined and being set to 0.0 in labels with no predicted samples. Use `zero_division` parameter to control this behavior.
Precision and F-score are ill-defined and being set to 0.0 in labels with no predicted samples. Use `zero_division` parameter to control this behavior.
Precision and F-score are ill-defined and being set to 0.0 in labels with no predicted samples. Use `zero_division` parameter to control this behavior.
Precision and F-score are ill-defined and being set to 0.0 in labels with no predicted samples. Use `zero_division` parameter to control this behavior.
Precision and F-score are ill-defined and being set to 0.0 in labels with no predicted samples. Use `zero_division` parameter to control this behavior.
Precision and F-score are ill-defined and being set to 0.0 in labels with no predicted samples. Use `zero_division` parameter to control this behavior.
iter: 0, sample_no: 11, actual label: 0, predicted: 1
iter: 1, sample_no: 121, actual label: 0, predicted: 1
iter: 2, sample_no: 120, actual label: 0, predicted: 1
iter: 3, sample_no: 148, actual label: 0, predicted: 1
iter: 4, sample_no: 134, actual label: 0, predicted: 1
iter: 5, sample_no: 47, actual label: 0, predicted: 1
iter: 6, sample_no: 81, actual label: 0, predicted: 1
iter: 7, sample_no: 110, actual label: 1, predicted: 1
iter: 8, sample_no: 35, actual label: 1, predicted: 1
iter: 9, sample_no: 3, actual label: 0, predicted: 1
iter: 10, sample_no: 10, actual label: 1, predicted: 1
iter: 11, sample_no: 108, actual label: 1, predicted: 1
iter: 12, sample_no: 12, actual label: 0, predicted: 1
iter: 13, sample_no: 72, actual label: 0, predicted: 1
iter: 14, sample_no: 127, actual label: 0, predicted: 1
iter: 15, sample_no: 95, actual label: 0, predicted: 1
iter: 16, sample_no: 115, actual label: 0, predicted: 1
iter: 17, sample_no: 125, actual label: 0, predicted: 1
iter: 18, sample_no: 75, actual label: 0, predicted: 1
iter: 19, sample_no: 18, actual label: 0, predicted: 1
iter: 20, sample_no: 90, actual label: 0, predicted: 1
iter: 21, sample_no: 14, actual label: 0, predicted: 1
iter: 22, sample_no: 66, actual label: 0, predicted: 1
iter: 23, sample_no: 127, actual label: 0, predicted: 1
iter: 24, sample_no: 47, actual label: 0, predicted: 1
number of samples: 149
AUC 0.5
pos_get 24
total recall stop_at 1
----------threshold stop at----------: 1
AUC [0.5, 0.5, 0.5, 0.5, 0.5, 0.5, 0.5, 0.5, 0.5, 0.5]
AUC_median 0.5
AUC_iqr 0.0
cost [1, 1, 1, 1, 1, 1, 1, 1, 1, 1]
COST_med 1.0
COST_iqr 0.0
f1_pos_list [0.2774566473988439, 0.2774566473988439, 0.2774566473988439, 0.2774566473988439, 0.2774566473988439, 0.2774566473988439, 0.2774566473988439, 0.2774566473988439, 0.2774566473988439, 0.2774566473988439]
f1_pos_med 0.2774566473988439
