@@@ A - classifier: DummyClassifier(constant=1, random_state=None, strategy='constant')
@@@ B - threshold stop at: 1
@@@ C - Repeat number: 1
@@@ D - common_header:  {'F3-EncryptionOptions', 'F3-input', 'F115', 'F71-aleksey@apache.org', 'F105', 'F104', 'F3-String', 'F71-jbellis@apache.org', 'F116', 'F120', 'F71-slebresne@apache.org', 'F3-long', 'F3-boolean', 'F71-povel.y@gmail.com', 'F71-goffinet@apache.org', 'F3-RandomStringGenerator', 'F126', 'F3-NA', 'F71-xedin@apache.org', 'F15-protected', 'F117', 'F71-johan@apache.org', 'F41', 'F101', 'F15-NA', 'F22', 'F3-BitSet', 'F3-byte[]', 'F71-dbrosius@apache.org', 'F71-brandonwilliams@apache.org', 'F77', 'F71-eevans@apache.org', 'F3-InetAddress', 'F71-eevans@sym-link.com', 'F123', 'F71-sylvain@datastax.com', 'F25', 'F71-vijay2win@gmail.com', 'F71-yukim@apache.org', 'F71-jakers@gmail.com', 'category', 'F110', 'F3-ByteBuffer', 'F65', 'F71-jake@apache.org', 'F15-private', 'F15-public', 'F68', 'F71-gdusbabek@apache.org', 'F72', 'F3-int'}
     F72           ...           F71-goffinet@apache.org
1  10836           ...                                 0
2  10836           ...                                 0
3  10918           ...                                 0

[3 rows x 50 columns]
;.;
        F72           ...             F71-goffinet@apache.org
0  0.575970           ...                                 0.0
1  0.575970           ...                                 0.0
2  0.587713           ...                                 0.0

[3 rows x 50 columns]
training_x: (1347, 50)
training_y: 1347
testset_x: (551, 50)
testset_y: 551
              precision    recall  f1-score   support

           0       0.00      0.00      0.00       323
           1       0.41      1.00      0.59       228

    accuracy                           0.41       551
   macro avg       0.21      0.50      0.29       551
weighted avg       0.17      0.41      0.24       551

accuracy: 0.41379310344827586
0.5853658536585366
@@@ tn: 0, fp: 323, fn: 0, tp: 228
@@@ LIME - Creating explainer
@@@ LIME - Random Sampling of Instances
iter: 0, sample_no: 320, actual label: 0, predicted: 1
iter: 1, sample_no: 118, actual label: 1, predicted: 1
iter: 2, sample_no: 446, actual label: 0, predicted: 1
iter: 3, sample_no: 317, actual label: 1, predicted: 1
iter: 4, sample_no: 221, actual label: 0, predicted: 1
iter: 5, sample_no: 31, actual label: 0, predicted: 1
iter: 6, sample_no: 308, actual label: 0, predicted: 1
iter: 7, sample_no: 411, actual label: 0, predicted: 1
iter: 8, sample_no: 49, actual label: 1, predicted: 1
iter: 9, sample_no: 506, actual label: 1, predicted: 1
iter: 10, sample_no: 305, actual label: 0, predicted: 1
iter: 11, sample_no: 514, actual label: 1, predicted: 1
iter: 12, sample_no: 414, actual label: 0, predicted: 1
iter: 13, sample_no: 387, actual label: 0, predicted: 1
iter: 14, sample_no: 313, actual label: 0, predicted: 1
iter: 15, sample_no: 477, actual label: 0, predicted: 1
iter: 16, sample_no: 370, actual label: 0, predicted: 1
iter: 17, sample_no: 468, actual label: 0, predicted: 1
iter: 18, sample_no: 403, actual label: 0, predicted: 1
iter: 19, sample_no: 142, actual label: 1, predicted: 1
iter: 20, sample_no: 359, actual label: 0, predicted: 1
iter: 21, sample_no: 161, actual label: 1, predicted: 1
iter: 22, sample_no: 291, actual label: 0, predicted: 1
iter: 23, sample_no: 27, actual label: 1, predicted: 1
iter: 24, sample_no: 493, actual label: 0, predicted: 1
number of samples: 551
AUC 0.5
pos_get 228
total recall stop_at 1.0
@@@ C - Repeat number: 2
@@@ D - common_header:  {'F3-EncryptionOptions', 'F3-input', 'F115', 'F71-aleksey@apache.org', 'F105', 'F104', 'F3-String', 'F71-jbellis@apache.org', 'F116', 'F120', 'F71-slebresne@apache.org', 'F3-long', 'F3-boolean', 'F71-povel.y@gmail.com', 'F71-goffinet@apache.org', 'F3-RandomStringGenerator', 'F126', 'F3-NA', 'F71-xedin@apache.org', 'F15-protected', 'F117', 'F71-johan@apache.org', 'F41', 'F101', 'F15-NA', 'F22', 'F3-BitSet', 'F3-byte[]', 'F71-dbrosius@apache.org', 'F71-brandonwilliams@apache.org', 'F77', 'F71-eevans@apache.org', 'F3-InetAddress', 'F71-eevans@sym-link.com', 'F123', 'F71-sylvain@datastax.com', 'F25', 'F71-vijay2win@gmail.com', 'F71-yukim@apache.org', 'F71-jakers@gmail.com', 'category', 'F110', 'F3-ByteBuffer', 'F65', 'F71-jake@apache.org', 'F15-private', 'F15-public', 'F68', 'F71-gdusbabek@apache.org', 'F72', 'F3-int'}
     F72           ...           F71-goffinet@apache.org
1  10836           ...                                 0
2  10836           ...                                 0
3  10918           ...                                 0

[3 rows x 50 columns]
;.;
        F72           ...             F71-goffinet@apache.org
0  0.575970           ...                                 0.0
1  0.575970           ...                                 0.0
2  0.587713           ...                                 0.0

[3 rows x 50 columns]
training_x: (1347, 50)
training_y: 1347
testset_x: (551, 50)
testset_y: 551
              precision    recall  f1-score   support

           0       0.00      0.00      0.00       323
           1       0.41      1.00      0.59       228

    accuracy                           0.41       551
   macro avg       0.21      0.50      0.29       551
weighted avg       0.17      0.41      0.24       551

accuracy: 0.41379310344827586
0.5853658536585366
@@@ tn: 0, fp: 323, fn: 0, tp: 228
@@@ LIME - Creating explainer
@@@ LIME - Random Sampling of Instances
iter: 0, sample_no: 419, actual label: 0, predicted: 1
iter: 1, sample_no: 509, actual label: 1, predicted: 1
iter: 2, sample_no: 372, actual label: 0, predicted: 1
iter: 3, sample_no: 94, actual label: 0, predicted: 1
iter: 4, sample_no: 520, actual label: 0, predicted: 1
iter: 5, sample_no: 46, actual label: 1, predicted: 1
iter: 6, sample_no: 33, actual label: 1, predicted: 1
iter: 7, sample_no: 36, actual label: 1, predicted: 1
iter: 8, sample_no: 401, actual label: 0, predicted: 1
iter: 9, sample_no: 345, actual label: 0, predicted: 1
iter: 10, sample_no: 137, actual label: 0, predicted: 1
iter: 11, sample_no: 496, actual label: 0, predicted: 1
iter: 12, sample_no: 284, actual label: 0, predicted: 1
iter: 13, sample_no: 157, actual label: 0, predicted: 1
iter: 14, sample_no: 77, actual label: 1, predicted: 1
iter: 15, sample_no: 41, actual label: 1, predicted: 1
iter: 16, sample_no: 407, actual label: 0, predicted: 1
iter: 17, sample_no: 149, actual label: 1, predicted: 1
iter: 18, sample_no: 458, actual label: 0, predicted: 1
iter: 19, sample_no: 412, actual label: 0, predicted: 1
iter: 20, sample_no: 310, actual label: 0, predicted: 1
iter: 21, sample_no: 88, actual label: 1, predicted: 1
iter: 22, sample_no: 329, actual label: 0, predicted: 1
iter: 23, sample_no: 393, actual label: 0, predicted: 1
iter: 24, sample_no: 282, actual label: 0, predicted: 1
number of samples: 551
AUC 0.5
pos_get 228
total recall stop_at 1.0
@@@ C - Repeat number: 3
@@@ D - common_header:  {'F3-EncryptionOptions', 'F3-input', 'F115', 'F71-aleksey@apache.org', 'F105', 'F104', 'F3-String', 'F71-jbellis@apache.org', 'F116', 'F120', 'F71-slebresne@apache.org', 'F3-long', 'F3-boolean', 'F71-povel.y@gmail.com', 'F71-goffinet@apache.org', 'F3-RandomStringGenerator', 'F126', 'F3-NA', 'F71-xedin@apache.org', 'F15-protected', 'F117', 'F71-johan@apache.org', 'F41', 'F101', 'F15-NA', 'F22', 'F3-BitSet', 'F3-byte[]', 'F71-dbrosius@apache.org', 'F71-brandonwilliams@apache.org', 'F77', 'F71-eevans@apache.org', 'F3-InetAddress', 'F71-eevans@sym-link.com', 'F123', 'F71-sylvain@datastax.com', 'F25', 'F71-vijay2win@gmail.com', 'F71-yukim@apache.org', 'F71-jakers@gmail.com', 'category', 'F110', 'F3-ByteBuffer', 'F65', 'F71-jake@apache.org', 'F15-private', 'F15-public', 'F68', 'F71-gdusbabek@apache.org', 'F72', 'F3-int'}
     F72           ...           F71-goffinet@apache.org
1  10836           ...                                 0
2  10836           ...                                 0
3  10918           ...                                 0

[3 rows x 50 columns]
;.;
        F72           ...             F71-goffinet@apache.org
0  0.575970           ...                                 0.0
1  0.575970           ...                                 0.0
2  0.587713           ...                                 0.0

[3 rows x 50 columns]
training_x: (1347, 50)
training_y: 1347
testset_x: (551, 50)
testset_y: 551
              precision    recall  f1-score   support

           0       0.00      0.00      0.00       323
           1       0.41      1.00      0.59       228

    accuracy                           0.41       551
   macro avg       0.21      0.50      0.29       551
weighted avg       0.17      0.41      0.24       551

accuracy: 0.41379310344827586
0.5853658536585366
@@@ tn: 0, fp: 323, fn: 0, tp: 228
@@@ LIME - Creating explainer
@@@ LIME - Random Sampling of Instances
iter: 0, sample_no: 414, actual label: 0, predicted: 1
iter: 1, sample_no: 441, actual label: 0, predicted: 1
iter: 2, sample_no: 312, actual label: 0, predicted: 1
iter: 3, sample_no: 530, actual label: 1, predicted: 1
iter: 4, sample_no: 527, actual label: 0, predicted: 1
iter: 5, sample_no: 230, actual label: 1, predicted: 1
iter: 6, sample_no: 206, actual label: 1, predicted: 1
iter: 7, sample_no: 15, actual label: 1, predicted: 1
iter: 8, sample_no: 97, actual label: 0, predicted: 1
iter: 9, sample_no: 418, actual label: 0, predicted: 1
iter: 10, sample_no: 486, actual label: 0, predicted: 1
iter: 11, sample_no: 218, actual label: 0, predicted: 1
iter: 12, sample_no: 409, actual label: 0, predicted: 1
iter: 13, sample_no: 497, actual label: 0, predicted: 1
iter: 14, sample_no: 52, actual label: 1, predicted: 1
iter: 15, sample_no: 296, actual label: 0, predicted: 1
iter: 16, sample_no: 156, actual label: 0, predicted: 1
iter: 17, sample_no: 217, actual label: 0, predicted: 1
iter: 18, sample_no: 30, actual label: 1, predicted: 1
iter: 19, sample_no: 200, actual label: 1, predicted: 1
iter: 20, sample_no: 29, actual label: 1, predicted: 1
iter: 21, sample_no: 266, actual label: 0, predicted: 1
iter: 22, sample_no: 302, actual label: 1, predicted: 1
iter: 23, sample_no: 23, actual label: 1, predicted: 1
iter: 24, sample_no: 291, actual label: 0, predicted: 1
number of samples: 551
AUC 0.5
pos_get 228
total recall stop_at 1.0
@@@ C - Repeat number: 4
@@@ D - common_header:  {'F3-EncryptionOptions', 'F3-input', 'F115', 'F71-aleksey@apache.org', 'F105', 'F104', 'F3-String', 'F71-jbellis@apache.org', 'F116', 'F120', 'F71-slebresne@apache.org', 'F3-long', 'F3-boolean', 'F71-povel.y@gmail.com', 'F71-goffinet@apache.org', 'F3-RandomStringGenerator', 'F126', 'F3-NA', 'F71-xedin@apache.org', 'F15-protected', 'F117', 'F71-johan@apache.org', 'F41', 'F101', 'F15-NA', 'F22', 'F3-BitSet', 'F3-byte[]', 'F71-dbrosius@apache.org', 'F71-brandonwilliams@apache.org', 'F77', 'F71-eevans@apache.org', 'F3-InetAddress', 'F71-eevans@sym-link.com', 'F123', 'F71-sylvain@datastax.com', 'F25', 'F71-vijay2win@gmail.com', 'F71-yukim@apache.org', 'F71-jakers@gmail.com', 'category', 'F110', 'F3-ByteBuffer', 'F65', 'F71-jake@apache.org', 'F15-private', 'F15-public', 'F68', 'F71-gdusbabek@apache.org', 'F72', 'F3-int'}
     F72           ...           F71-goffinet@apache.org
1  10836           ...                                 0
2  10836           ...                                 0
3  10918           ...                                 0

[3 rows x 50 columns]
;.;
        F72           ...             F71-goffinet@apache.org
0  0.575970           ...                                 0.0
1  0.575970           ...                                 0.0
2  0.587713           ...                                 0.0

[3 rows x 50 columns]
training_x: (1347, 50)
training_y: 1347
testset_x: (551, 50)
testset_y: 551
              precision    recall  f1-score   support

           0       0.00      0.00      0.00       323
           1       0.41      1.00      0.59       228

    accuracy                           0.41       551
   macro avg       0.21      0.50      0.29       551
weighted avg       0.17      0.41      0.24       551

accuracy: 0.41379310344827586
0.5853658536585366
@@@ tn: 0, fp: 323, fn: 0, tp: 228
@@@ LIME - Creating explainer
@@@ LIME - Random Sampling of Instances
iter: 0, sample_no: 189, actual label: 0, predicted: 1
iter: 1, sample_no: 192, actual label: 1, predicted: 1
iter: 2, sample_no: 149, actual label: 1, predicted: 1
iter: 3, sample_no: 147, actual label: 1, predicted: 1
iter: 4, sample_no: 351, actual label: 0, predicted: 1
iter: 5, sample_no: 170, actual label: 1, predicted: 1
iter: 6, sample_no: 378, actual label: 0, predicted: 1
iter: 7, sample_no: 269, actual label: 1, predicted: 1
iter: 8, sample_no: 463, actual label: 0, predicted: 1
iter: 9, sample_no: 328, actual label: 0, predicted: 1
iter: 10, sample_no: 328, actual label: 0, predicted: 1
iter: 11, sample_no: 546, actual label: 0, predicted: 1
iter: 12, sample_no: 22, actual label: 0, predicted: 1
iter: 13, sample_no: 182, actual label: 1, predicted: 1
iter: 14, sample_no: 389, actual label: 0, predicted: 1
iter: 15, sample_no: 190, actual label: 0, predicted: 1
iter: 16, sample_no: 29, actual label: 1, predicted: 1
iter: 17, sample_no: 31, actual label: 0, predicted: 1
iter: 18, sample_no: 61, actual label: 1, predicted: 1
iter: 19, sample_no: 170, actual label: 1, predicted: 1
iter: 20, sample_no: 54, actual label: 0, predicted: 1
iter: 21, sample_no: 472, actual label: 1, predicted: 1
iter: 22, sample_no: 146, actual label: 1, predicted: 1
iter: 23, sample_no: 14, actual label: 1, predicted: 1
iter: 24, sample_no: 357, actual label: 0, predicted: 1
number of samples: 551
AUC 0.5
pos_get 228
total recall stop_at 1.0
@@@ C - Repeat number: 5
@@@ D - common_header:  {'F3-EncryptionOptions', 'F3-input', 'F115', 'F71-aleksey@apache.org', 'F105', 'F104', 'F3-String', 'F71-jbellis@apache.org', 'F116', 'F120', 'F71-slebresne@apache.org', 'F3-long', 'F3-boolean', 'F71-povel.y@gmail.com', 'F71-goffinet@apache.org', 'F3-RandomStringGenerator', 'F126', 'F3-NA', 'F71-xedin@apache.org', 'F15-protected', 'F117', 'F71-johan@apache.org', 'F41', 'F101', 'F15-NA', 'F22', 'F3-BitSet', 'F3-byte[]', 'F71-dbrosius@apache.org', 'F71-brandonwilliams@apache.org', 'F77', 'F71-eevans@apache.org', 'F3-InetAddress', 'F71-eevans@sym-link.com', 'F123', 'F71-sylvain@datastax.com', 'F25', 'F71-vijay2win@gmail.com', 'F71-yukim@apache.org', 'F71-jakers@gmail.com', 'category', 'F110', 'F3-ByteBuffer', 'F65', 'F71-jake@apache.org', 'F15-private', 'F15-public', 'F68', 'F71-gdusbabek@apache.org', 'F72', 'F3-int'}
     F72           ...           F71-goffinet@apache.org
1  10836           ...                                 0
2  10836           ...                                 0
3  10918           ...                                 0

[3 rows x 50 columns]
;.;
        F72           ...             F71-goffinet@apache.org
0  0.575970           ...                                 0.0
1  0.575970           ...                                 0.0
2  0.587713           ...                                 0.0

[3 rows x 50 columns]
training_x: (1347, 50)
training_y: 1347
testset_x: (551, 50)
testset_y: 551
              precision    recall  f1-score   support

           0       0.00      0.00      0.00       323
           1       0.41      1.00      0.59       228

    accuracy                           0.41       551
   macro avg       0.21      0.50      0.29       551
weighted avg       0.17      0.41      0.24       551

accuracy: 0.41379310344827586
0.5853658536585366
@@@ tn: 0, fp: 323, fn: 0, tp: 228
@@@ LIME - Creating explainer
@@@ LIME - Random Sampling of Instances
iter: 0, sample_no: 135, actual label: 0, predicted: 1
iter: 1, sample_no: 543, actual label: 0, predicted: 1
iter: 2, sample_no: 184, actual label: 1, predicted: 1
iter: 3, sample_no: 98, actual label: 0, predicted: 1
iter: 4, sample_no: 524, actual label: 0, predicted: 1
iter: 5, sample_no: 358, actual label: 0, predicted: 1
iter: 6, sample_no: 160, actual label: 1, predicted: 1
iter: 7, sample_no: 233, actual label: 1, predicted: 1
iter: 8, sample_no: 213, actual label: 1, predicted: 1
iter: 9, sample_no: 204, actual label: 1, predicted: 1
iter: 10, sample_no: 354, actual label: 0, predicted: 1
iter: 11, sample_no: 279, actual label: 0, predicted: 1
iter: 12, sample_no: 349, actual label: 0, predicted: 1
iter: 13, sample_no: 238, actual label: 1, predicted: 1
iter: 14, sample_no: 349, actual label: 0, predicted: 1
iter: 15, sample_no: 112, actual label: 1, predicted: 1
iter: 16, sample_no: 413, actual label: 0, predicted: 1
iter: 17, sample_no: 474, actual label: 0, predicted: 1
iter: 18, sample_no: 162, actual label: 1, predicted: 1
iter: 19, sample_no: 320, actual label: 0, predicted: 1
iter: 20, sample_no: 437, actual label: 0, predicted: 1
iter: 21, sample_no: 256, actual label: 0, predicted: 1
iter: 22, sample_no: 53, actual label: 1, predicted: 1
iter: 23, sample_no: 119, actual label: 0, predicted: 1
iter: 24, sample_no: 382, actual label: 0, predicted: 1
number of samples: 551
AUC 0.5
pos_get 228
total recall stop_at 1.0
@@@ C - Repeat number: 6
@@@ D - common_header:  {'F3-EncryptionOptions', 'F3-input', 'F115', 'F71-aleksey@apache.org', 'F105', 'F104', 'F3-String', 'F71-jbellis@apache.org', 'F116', 'F120', 'F71-slebresne@apache.org', 'F3-long', 'F3-boolean', 'F71-povel.y@gmail.com', 'F71-goffinet@apache.org', 'F3-RandomStringGenerator', 'F126', 'F3-NA', 'F71-xedin@apache.org', 'F15-protected', 'F117', 'F71-johan@apache.org', 'F41', 'F101', 'F15-NA', 'F22', 'F3-BitSet', 'F3-byte[]', 'F71-dbrosius@apache.org', 'F71-brandonwilliams@apache.org', 'F77', 'F71-eevans@apache.org', 'F3-InetAddress', 'F71-eevans@sym-link.com', 'F123', 'F71-sylvain@datastax.com', 'F25', 'F71-vijay2win@gmail.com', 'F71-yukim@apache.org', 'F71-jakers@gmail.com', 'category', 'F110', 'F3-ByteBuffer', 'F65', 'F71-jake@apache.org', 'F15-private', 'F15-public', 'F68', 'F71-gdusbabek@apache.org', 'F72', 'F3-int'}
     F72           ...           F71-goffinet@apache.org
1  10836           ...                                 0
2  10836           ...                                 0
3  10918           ...                                 0

[3 rows x 50 columns]
;.;
        F72           ...             F71-goffinet@apache.org
0  0.575970           ...                                 0.0
1  0.575970           ...                                 0.0
2  0.587713           ...                                 0.0

[3 rows x 50 columns]
training_x: (1347, 50)
training_y: 1347
testset_x: (551, 50)
testset_y: 551
              precision    recall  f1-score   support

           0       0.00      0.00      0.00       323
           1       0.41      1.00      0.59       228

    accuracy                           0.41       551
   macro avg       0.21      0.50      0.29       551
weighted avg       0.17      0.41      0.24       551

accuracy: 0.41379310344827586
0.5853658536585366
@@@ tn: 0, fp: 323, fn: 0, tp: 228
@@@ LIME - Creating explainer
@@@ LIME - Random Sampling of Instances
iter: 0, sample_no: 512, actual label: 1, predicted: 1
iter: 1, sample_no: 45, actual label: 1, predicted: 1
iter: 2, sample_no: 264, actual label: 0, predicted: 1
iter: 3, sample_no: 528, actual label: 0, predicted: 1
iter: 4, sample_no: 5, actual label: 1, predicted: 1
iter: 5, sample_no: 128, actual label: 1, predicted: 1
iter: 6, sample_no: 169, actual label: 0, predicted: 1
iter: 7, sample_no: 222, actual label: 0, predicted: 1
iter: 8, sample_no: 336, actual label: 0, predicted: 1
iter: 9, sample_no: 388, actual label: 0, predicted: 1
iter: 10, sample_no: 330, actual label: 0, predicted: 1
iter: 11, sample_no: 74, actual label: 0, predicted: 1
iter: 12, sample_no: 507, actual label: 1, predicted: 1
iter: 13, sample_no: 327, actual label: 0, predicted: 1
iter: 14, sample_no: 545, actual label: 0, predicted: 1
iter: 15, sample_no: 155, actual label: 1, predicted: 1
iter: 16, sample_no: 403, actual label: 0, predicted: 1
iter: 17, sample_no: 113, actual label: 1, predicted: 1
iter: 18, sample_no: 203, actual label: 1, predicted: 1
iter: 19, sample_no: 444, actual label: 0, predicted: 1
iter: 20, sample_no: 191, actual label: 0, predicted: 1
iter: 21, sample_no: 95, actual label: 0, predicted: 1
iter: 22, sample_no: 95, actual label: 0, predicted: 1
iter: 23, sample_no: 173, actual label: 1, predicted: 1
iter: 24, sample_no: 340, actual label: 0, predicted: 1
number of samples: 551
AUC 0.5
pos_get 228
total recall stop_at 1.0
@@@ C - Repeat number: 7
@@@ D - common_header:  {'F3-EncryptionOptions', 'F3-input', 'F115', 'F71-aleksey@apache.org', 'F105', 'F104', 'F3-String', 'F71-jbellis@apache.org', 'F116', 'F120', 'F71-slebresne@apache.org', 'F3-long', 'F3-boolean', 'F71-povel.y@gmail.com', 'F71-goffinet@apache.org', 'F3-RandomStringGenerator', 'F126', 'F3-NA', 'F71-xedin@apache.org', 'F15-protected', 'F117', 'F71-johan@apache.org', 'F41', 'F101', 'F15-NA', 'F22', 'F3-BitSet', 'F3-byte[]', 'F71-dbrosius@apache.org', 'F71-brandonwilliams@apache.org', 'F77', 'F71-eevans@apache.org', 'F3-InetAddress', 'F71-eevans@sym-link.com', 'F123', 'F71-sylvain@datastax.com', 'F25', 'F71-vijay2win@gmail.com', 'F71-yukim@apache.org', 'F71-jakers@gmail.com', 'category', 'F110', 'F3-ByteBuffer', 'F65', 'F71-jake@apache.org', 'F15-private', 'F15-public', 'F68', 'F71-gdusbabek@apache.org', 'F72', 'F3-int'}
     F72           ...           F71-goffinet@apache.org
1  10836           ...                                 0
2  10836           ...                                 0
3  10918           ...                                 0

[3 rows x 50 columns]
;.;
        F72           ...             F71-goffinet@apache.org
0  0.575970           ...                                 0.0
1  0.575970           ...                                 0.0
2  0.587713           ...                                 0.0

[3 rows x 50 columns]
training_x: (1347, 50)
training_y: 1347
testset_x: (551, 50)
testset_y: 551
              precision    recall  f1-score   support

           0       0.00      0.00      0.00       323
           1       0.41      1.00      0.59       228

    accuracy                           0.41       551
   macro avg       0.21      0.50      0.29       551
weighted avg       0.17      0.41      0.24       551

accuracy: 0.41379310344827586
0.5853658536585366
@@@ tn: 0, fp: 323, fn: 0, tp: 228
@@@ LIME - Creating explainer
@@@ LIME - Random Sampling of Instances
iter: 0, sample_no: 426, actual label: 0, predicted: 1
iter: 1, sample_no: 130, actual label: 1, predicted: 1
iter: 2, sample_no: 496, actual label: 0, predicted: 1
iter: 3, sample_no: 372, actual label: 0, predicted: 1
iter: 4, sample_no: 174, actual label: 1, predicted: 1
iter: 5, sample_no: 52, actual label: 1, predicted: 1
iter: 6, sample_no: 283, actual label: 0, predicted: 1
iter: 7, sample_no: 527, actual label: 0, predicted: 1
iter: 8, sample_no: 154, actual label: 0, predicted: 1
iter: 9, sample_no: 487, actual label: 1, predicted: 1
iter: 10, sample_no: 206, actual label: 1, predicted: 1
iter: 11, sample_no: 314, actual label: 0, predicted: 1
iter: 12, sample_no: 64, actual label: 1, predicted: 1
iter: 13, sample_no: 122, actual label: 1, predicted: 1
iter: 14, sample_no: 347, actual label: 0, predicted: 1
iter: 15, sample_no: 313, actual label: 0, predicted: 1
iter: 16, sample_no: 452, actual label: 1, predicted: 1
iter: 17, sample_no: 83, actual label: 1, predicted: 1
iter: 18, sample_no: 356, actual label: 0, predicted: 1
iter: 19, sample_no: 443, actual label: 0, predicted: 1
iter: 20, sample_no: 398, actual label: 0, predicted: 1
iter: 21, sample_no: 18, actual label: 1, predicted: 1
iter: 22, sample_no: 326, actual label: 0, predicted: 1
iter: 23, sample_no: 85, actual label: 1, predicted: 1
iter: 24, sample_no: 511, actual label: 1, predicted: 1
number of samples: 551
AUC 0.5
pos_get 228
total recall stop_at 1.0
@@@ C - Repeat number: 8
@@@ D - common_header:  {'F3-EncryptionOptions', 'F3-input', 'F115', 'F71-aleksey@apache.org', 'F105', 'F104', 'F3-String', 'F71-jbellis@apache.org', 'F116', 'F120', 'F71-slebresne@apache.org', 'F3-long', 'F3-boolean', 'F71-povel.y@gmail.com', 'F71-goffinet@apache.org', 'F3-RandomStringGenerator', 'F126', 'F3-NA', 'F71-xedin@apache.org', 'F15-protected', 'F117', 'F71-johan@apache.org', 'F41', 'F101', 'F15-NA', 'F22', 'F3-BitSet', 'F3-byte[]', 'F71-dbrosius@apache.org', 'F71-brandonwilliams@apache.org', 'F77', 'F71-eevans@apache.org', 'F3-InetAddress', 'F71-eevans@sym-link.com', 'F123', 'F71-sylvain@datastax.com', 'F25', 'F71-vijay2win@gmail.com', 'F71-yukim@apache.org', 'F71-jakers@gmail.com', 'category', 'F110', 'F3-ByteBuffer', 'F65', 'F71-jake@apache.org', 'F15-private', 'F15-public', 'F68', 'F71-gdusbabek@apache.org', 'F72', 'F3-int'}
     F72           ...           F71-goffinet@apache.org
1  10836           ...                                 0
2  10836           ...                                 0
3  10918           ...                                 0

[3 rows x 50 columns]
;.;
        F72           ...             F71-goffinet@apache.org
0  0.575970           ...                                 0.0
1  0.575970           ...                                 0.0
2  0.587713           ...                                 0.0

[3 rows x 50 columns]
training_x: (1347, 50)
training_y: 1347
testset_x: (551, 50)
testset_y: 551
              precision    recall  f1-score   support

           0       0.00      0.00      0.00       323
           1       0.41      1.00      0.59       228

    accuracy                           0.41       551
   macro avg       0.21      0.50      0.29       551
weighted avg       0.17      0.41      0.24       551

accuracy: 0.41379310344827586
0.5853658536585366
@@@ tn: 0, fp: 323, fn: 0, tp: 228
@@@ LIME - Creating explainer
@@@ LIME - Random Sampling of Instances
iter: 0, sample_no: 480, actual label: 0, predicted: 1
iter: 1, sample_no: 270, actual label: 0, predicted: 1
iter: 2, sample_no: 394, actual label: 0, predicted: 1
iter: 3, sample_no: 170, actual label: 1, predicted: 1
iter: 4, sample_no: 156, actual label: 0, predicted: 1
iter: 5, sample_no: 319, actual label: 1, predicted: 1
iter: 6, sample_no: 525, actual label: 0, predicted: 1
iter: 7, sample_no: 330, actual label: 0, predicted: 1
iter: 8, sample_no: 409, actual label: 0, predicted: 1
iter: 9, sample_no: 521, actual label: 0, predicted: 1
iter: 10, sample_no: 125, actual label: 1, predicted: 1
iter: 11, sample_no: 204, actual label: 1, predicted: 1
iter: 12, sample_no: 485, actual label: 0, predicted: 1
iter: 13, sample_no: 224, actual label: 0, predicted: 1
iter: 14, sample_no: 468, actual label: 0, predicted: 1
iter: 15, sample_no: 67, actual label: 1, predicted: 1
iter: 16, sample_no: 5, actual label: 1, predicted: 1
iter: 17, sample_no: 23, actual label: 1, predicted: 1
iter: 18, sample_no: 236, actual label: 0, predicted: 1
iter: 19, sample_no: 277, actual label: 0, predicted: 1
iter: 20, sample_no: 418, actual label: 0, predicted: 1
iter: 21, sample_no: 78, actual label: 1, predicted: 1
iter: 22, sample_no: 110, actual label: 1, predicted: 1
iter: 23, sample_no: 343, actual label: 0, predicted: 1
iter: 24, sample_no: 322, actual label: 0, predicted: 1
number of samples: 551
AUC 0.5
pos_get 228
total recall stop_at 1.0
@@@ C - Repeat number: 9
@@@ D - common_header:  {'F3-EncryptionOptions', 'F3-input', 'F115', 'F71-aleksey@apache.org', 'F105', 'F104', 'F3-String', 'F71-jbellis@apache.org', 'F116', 'F120', 'F71-slebresne@apache.org', 'F3-long', 'F3-boolean', 'F71-povel.y@gmail.com', 'F71-goffinet@apache.org', 'F3-RandomStringGenerator', 'F126', 'F3-NA', 'F71-xedin@apache.org', 'F15-protected', 'F117', 'F71-johan@apache.org', 'F41', 'F101', 'F15-NA', 'F22', 'F3-BitSet', 'F3-byte[]', 'F71-dbrosius@apache.org', 'F71-brandonwilliams@apache.org', 'F77', 'F71-eevans@apache.org', 'F3-InetAddress', 'F71-eevans@sym-link.com', 'F123', 'F71-sylvain@datastax.com', 'F25', 'F71-vijay2win@gmail.com', 'F71-yukim@apache.org', 'F71-jakers@gmail.com', 'category', 'F110', 'F3-ByteBuffer', 'F65', 'F71-jake@apache.org', 'F15-private', 'F15-public', 'F68', 'F71-gdusbabek@apache.org', 'F72', 'F3-int'}
     F72           ...           F71-goffinet@apache.org
1  10836           ...                                 0
2  10836           ...                                 0
3  10918           ...                                 0

[3 rows x 50 columns]
;.;
        F72           ...             F71-goffinet@apache.org
0  0.575970           ...                                 0.0
1  0.575970           ...                                 0.0
2  0.587713           ...                                 0.0

[3 rows x 50 columns]
training_x: (1347, 50)
training_y: 1347
testset_x: (551, 50)
testset_y: 551
              precision    recall  f1-score   support

           0       0.00      0.00      0.00       323
           1       0.41      1.00      0.59       228

    accuracy                           0.41       551
   macro avg       0.21      0.50      0.29       551
weighted avg       0.17      0.41      0.24       551

accuracy: 0.41379310344827586
0.5853658536585366
@@@ tn: 0, fp: 323, fn: 0, tp: 228
@@@ LIME - Creating explainer
@@@ LIME - Random Sampling of Instances
iter: 0, sample_no: 57, actual label: 0, predicted: 1
iter: 1, sample_no: 549, actual label: 1, predicted: 1
iter: 2, sample_no: 0, actual label: 0, predicted: 1
iter: 3, sample_no: 84, actual label: 1, predicted: 1
iter: 4, sample_no: 523, actual label: 0, predicted: 1
iter: 5, sample_no: 99, actual label: 0, predicted: 1
iter: 6, sample_no: 534, actual label: 0, predicted: 1
iter: 7, sample_no: 460, actual label: 0, predicted: 1
iter: 8, sample_no: 425, actual label: 0, predicted: 1
iter: 9, sample_no: 31, actual label: 0, predicted: 1
iter: 10, sample_no: 427, actual label: 0, predicted: 1
iter: 11, sample_no: 488, actual label: 0, predicted: 1
iter: 12, sample_no: 503, actual label: 1, predicted: 1
iter: 13, sample_no: 383, actual label: 0, predicted: 1
iter: 14, sample_no: 160, actual label: 1, predicted: 1
iter: 15, sample_no: 324, actual label: 1, predicted: 1
iter: 16, sample_no: 480, actual label: 0, predicted: 1
iter: 17, sample_no: 282, actual label: 0, predicted: 1
iter: 18, sample_no: 157, actual label: 0, predicted: 1
iter: 19, sample_no: 506, actual label: 1, predicted: 1
iter: 20, sample_no: 382, actual label: 0, predicted: 1
iter: 21, sample_no: 379, actual label: 0, predicted: 1
iter: 22, sample_no: 458, actual label: 0, predicted: 1
iter: 23, sample_no: 402, actual label: 0, predicted: 1
iter: 24, sample_no: 268, actual label: 0, predicted: 1
number of samples: 551
AUC 0.5
pos_get 228
total recall stop_at 1.0
@@@ C - Repeat number: 10
@@@ D - common_header:  {'F3-EncryptionOptions', 'F3-input', 'F115', 'F71-aleksey@apache.org', 'F105', 'F104', 'F3-String', 'F71-jbellis@apache.org', 'F116', 'F120', 'F71-slebresne@apache.org', 'F3-long', 'F3-boolean', 'F71-povel.y@gmail.com', 'F71-goffinet@apache.org', 'F3-RandomStringGenerator', 'F126', 'F3-NA', 'F71-xedin@apache.org', 'F15-protected', 'F117', 'F71-johan@apache.org', 'F41', 'F101', 'F15-NA', 'F22', 'F3-BitSet', 'F3-byte[]', 'F71-dbrosius@apache.org', 'F71-brandonwilliams@apache.org', 'F77', 'F71-eevans@apache.org', 'F3-InetAddress', 'F71-eevans@sym-link.com', 'F123', 'F71-sylvain@datastax.com', 'F25', 'F71-vijay2win@gmail.com', 'F71-yukim@apache.org', 'F71-jakers@gmail.com', 'category', 'F110', 'F3-ByteBuffer', 'F65', 'F71-jake@apache.org', 'F15-private', 'F15-public', 'F68', 'F71-gdusbabek@apache.org', 'F72', 'F3-int'}
     F72           ...           F71-goffinet@apache.org
1  10836           ...                                 0
2  10836           ...                                 0
3  10918           ...                                 0

[3 rows x 50 columns]
;.;
        F72           ...             F71-goffinet@apache.org
0  0.575970           ...                                 0.0
1  0.575970           ...                                 0.0
2  0.587713           ...                                 0.0

[3 rows x 50 columns]
training_x: (1347, 50)
training_y: 1347
testset_x: (551, 50)
testset_y: 551
              precision    recall  f1-score   support

           0       0.00      0.00      0.00       323
           1       0.41      1.00      0.59       228

    accuracy                           0.41       551
   macro avg       0.21      0.50      0.29       551
weighted avg       0.17      0.41      0.24       551

accuracy: 0.41379310344827586
0.5853658536585366
@@@ tn: 0, fp: 323, fn: 0, tp: 228
@@@ LIME - Creating explainer
@@@ LIME - Random Sampling of Instances
/Users/author1/anaconda3/lib/python3.6/site-packages/tensorflow/python/framework/dtypes.py:463: FutureWarning: Passing (type, 1) or '1type' as a synonym of type is deprecated; in a future version of numpy, it will be understood as (type, (1,)) / '(1,)type'.
  _np_qint8 = np.dtype([("qint8", np.int8, 1)])
/Users/author1/anaconda3/lib/python3.6/site-packages/tensorflow/python/framework/dtypes.py:464: FutureWarning: Passing (type, 1) or '1type' as a synonym of type is deprecated; in a future version of numpy, it will be understood as (type, (1,)) / '(1,)type'.
  _np_quint8 = np.dtype([("quint8", np.uint8, 1)])
/Users/author1/anaconda3/lib/python3.6/site-packages/tensorflow/python/framework/dtypes.py:465: FutureWarning: Passing (type, 1) or '1type' as a synonym of type is deprecated; in a future version of numpy, it will be understood as (type, (1,)) / '(1,)type'.
  _np_qint16 = np.dtype([("qint16", np.int16, 1)])
/Users/author1/anaconda3/lib/python3.6/site-packages/tensorflow/python/framework/dtypes.py:466: FutureWarning: Passing (type, 1) or '1type' as a synonym of type is deprecated; in a future version of numpy, it will be understood as (type, (1,)) / '(1,)type'.
  _np_quint16 = np.dtype([("quint16", np.uint16, 1)])
/Users/author1/anaconda3/lib/python3.6/site-packages/tensorflow/python/framework/dtypes.py:467: FutureWarning: Passing (type, 1) or '1type' as a synonym of type is deprecated; in a future version of numpy, it will be understood as (type, (1,)) / '(1,)type'.
  _np_qint32 = np.dtype([("qint32", np.int32, 1)])
Precision and F-score are ill-defined and being set to 0.0 in labels with no predicted samples. Use `zero_division` parameter to control this behavior.
Precision and F-score are ill-defined and being set to 0.0 in labels with no predicted samples. Use `zero_division` parameter to control this behavior.
Precision and F-score are ill-defined and being set to 0.0 in labels with no predicted samples. Use `zero_division` parameter to control this behavior.
Precision and F-score are ill-defined and being set to 0.0 in labels with no predicted samples. Use `zero_division` parameter to control this behavior.
Precision and F-score are ill-defined and being set to 0.0 in labels with no predicted samples. Use `zero_division` parameter to control this behavior.
Precision and F-score are ill-defined and being set to 0.0 in labels with no predicted samples. Use `zero_division` parameter to control this behavior.
Precision and F-score are ill-defined and being set to 0.0 in labels with no predicted samples. Use `zero_division` parameter to control this behavior.
Precision and F-score are ill-defined and being set to 0.0 in labels with no predicted samples. Use `zero_division` parameter to control this behavior.
Precision and F-score are ill-defined and being set to 0.0 in labels with no predicted samples. Use `zero_division` parameter to control this behavior.
Precision and F-score are ill-defined and being set to 0.0 in labels with no predicted samples. Use `zero_division` parameter to control this behavior.
iter: 0, sample_no: 525, actual label: 0, predicted: 1
iter: 1, sample_no: 51, actual label: 1, predicted: 1
iter: 2, sample_no: 430, actual label: 0, predicted: 1
iter: 3, sample_no: 170, actual label: 1, predicted: 1
iter: 4, sample_no: 498, actual label: 1, predicted: 1
iter: 5, sample_no: 113, actual label: 1, predicted: 1
iter: 6, sample_no: 420, actual label: 0, predicted: 1
iter: 7, sample_no: 464, actual label: 0, predicted: 1
iter: 8, sample_no: 534, actual label: 0, predicted: 1
iter: 9, sample_no: 458, actual label: 0, predicted: 1
iter: 10, sample_no: 481, actual label: 1, predicted: 1
iter: 11, sample_no: 108, actual label: 0, predicted: 1
iter: 12, sample_no: 110, actual label: 1, predicted: 1
iter: 13, sample_no: 83, actual label: 1, predicted: 1
iter: 14, sample_no: 225, actual label: 1, predicted: 1
iter: 15, sample_no: 195, actual label: 1, predicted: 1
iter: 16, sample_no: 465, actual label: 0, predicted: 1
iter: 17, sample_no: 543, actual label: 0, predicted: 1
iter: 18, sample_no: 298, actual label: 0, predicted: 1
iter: 19, sample_no: 393, actual label: 0, predicted: 1
iter: 20, sample_no: 484, actual label: 0, predicted: 1
iter: 21, sample_no: 363, actual label: 0, predicted: 1
iter: 22, sample_no: 275, actual label: 0, predicted: 1
iter: 23, sample_no: 337, actual label: 0, predicted: 1
iter: 24, sample_no: 413, actual label: 0, predicted: 1
number of samples: 551
AUC 0.5
pos_get 228
total recall stop_at 1.0
----------threshold stop at----------: 1
AUC [0.5, 0.5, 0.5, 0.5, 0.5, 0.5, 0.5, 0.5, 0.5, 0.5]
AUC_median 0.5
AUC_iqr 0.0
cost [0.8729582577132486, 0.8729582577132486, 0.8729582577132486, 0.8729582577132486, 0.8729582577132486, 0.8729582577132486, 0.8729582577132486, 0.8729582577132486, 0.8729582577132486, 0.8729582577132486]
COST_med 0.8729582577132486
COST_iqr 0.0
f1_pos_list [0.5853658536585366, 0.5853658536585366, 0.5853658536585366, 0.5853658536585366, 0.5853658536585366, 0.5853658536585366, 0.5853658536585366, 0.5853658536585366, 0.5853658536585366, 0.5853658536585366]
f1_pos_med 0.5853658536585366
