@@@ A - classifier: DummyClassifier(constant=1, random_state=None, strategy='constant')
@@@ B - threshold stop at: 1
@@@ C - Repeat number: 1
@@@ D - common_header:  {'F71-sarowe@apache.org', 'F71-rmuir@apache.org', 'F120', 'F77', 'F71-markrmiller@apache.org', 'F68', 'F71-hossman@apache.org', 'F71-romseygeek@apache.org', 'F115', 'F71-mikemccand@apache.org', 'F71-erick@apache.org', 'F15-NA', 'F41', 'F71-jpountz@apache.org', 'F71-noble@apache.org', 'F3-Class', 'F116', 'F3-CharStream', 'F72', 'F15-public', 'F65', 'F25', 'F110', 'F71-shalin@apache.org', 'F3-int', 'F3-FileInputStream', 'F3-long[]', 'F22', 'F71-anshum@apache.org', 'F71-yonik@apache.org', 'F3-char', 'F3-Path', 'F117', 'F3-ValueSource', 'F3-NA', 'F71-chrism@apache.org', 'F71-uschindler@apache.org', 'F71-simonw@apache.org', 'F3-long', 'F101', 'F71-rjernst@apache.org', 'F3-int[]', 'F3-boolean', 'F3-CharSequence', 'F3-char[]', 'F71-ryan@apache.org', 'F3-String', 'category', 'F104', 'F105', 'F15-private', 'F15-protected', 'F126', 'F3-Among[]', 'F123', 'F71-shaie@apache.org'}
     F72            ...            F71-uschindler@apache.org
1   4679            ...                                    1
2   4679            ...                                    1
3  19865            ...                                    1

[3 rows x 55 columns]
;.;
        F72            ...              F71-uschindler@apache.org
0  0.035424            ...                                    1.0
1  0.035424            ...                                    1.0
2  0.747947            ...                                    1.0

[3 rows x 55 columns]
training_x: (3259, 55)
training_y: 3259
testset_x: (393, 55)
testset_y: 393
              precision    recall  f1-score   support

           0       0.00      0.00      0.00       251
           1       0.36      1.00      0.53       142

    accuracy                           0.36       393
   macro avg       0.18      0.50      0.27       393
weighted avg       0.13      0.36      0.19       393

accuracy: 0.361323155216285
0.5308411214953271
@@@ tn: 0, fp: 251, fn: 0, tp: 142
@@@ LIME - Creating explainer
@@@ LIME - Random Sampling of Instances
iter: 0, sample_no: 324, actual label: 0, predicted: 1
iter: 1, sample_no: 263, actual label: 0, predicted: 1
iter: 2, sample_no: 347, actual label: 1, predicted: 1
iter: 3, sample_no: 84, actual label: 0, predicted: 1
iter: 4, sample_no: 132, actual label: 1, predicted: 1
iter: 5, sample_no: 376, actual label: 0, predicted: 1
iter: 6, sample_no: 114, actual label: 0, predicted: 1
iter: 7, sample_no: 301, actual label: 0, predicted: 1
iter: 8, sample_no: 271, actual label: 1, predicted: 1
iter: 9, sample_no: 30, actual label: 0, predicted: 1
iter: 10, sample_no: 355, actual label: 0, predicted: 1
iter: 11, sample_no: 339, actual label: 1, predicted: 1
iter: 12, sample_no: 7, actual label: 1, predicted: 1
iter: 13, sample_no: 20, actual label: 0, predicted: 1
iter: 14, sample_no: 60, actual label: 0, predicted: 1
iter: 15, sample_no: 171, actual label: 0, predicted: 1
iter: 16, sample_no: 303, actual label: 0, predicted: 1
iter: 17, sample_no: 374, actual label: 1, predicted: 1
iter: 18, sample_no: 340, actual label: 0, predicted: 1
iter: 19, sample_no: 295, actual label: 0, predicted: 1
iter: 20, sample_no: 44, actual label: 0, predicted: 1
iter: 21, sample_no: 350, actual label: 0, predicted: 1
iter: 22, sample_no: 41, actual label: 0, predicted: 1
iter: 23, sample_no: 280, actual label: 0, predicted: 1
iter: 24, sample_no: 304, actual label: 0, predicted: 1
number of samples: 393
AUC 0.5
pos_get 142
total recall stop_at 1.0
@@@ C - Repeat number: 2
@@@ D - common_header:  {'F71-sarowe@apache.org', 'F71-rmuir@apache.org', 'F120', 'F77', 'F71-markrmiller@apache.org', 'F68', 'F71-hossman@apache.org', 'F71-romseygeek@apache.org', 'F115', 'F71-mikemccand@apache.org', 'F71-erick@apache.org', 'F15-NA', 'F41', 'F71-jpountz@apache.org', 'F71-noble@apache.org', 'F3-Class', 'F116', 'F3-CharStream', 'F72', 'F15-public', 'F65', 'F25', 'F110', 'F71-shalin@apache.org', 'F3-int', 'F3-FileInputStream', 'F3-long[]', 'F22', 'F71-anshum@apache.org', 'F71-yonik@apache.org', 'F3-char', 'F3-Path', 'F117', 'F3-ValueSource', 'F3-NA', 'F71-chrism@apache.org', 'F71-uschindler@apache.org', 'F71-simonw@apache.org', 'F3-long', 'F101', 'F71-rjernst@apache.org', 'F3-int[]', 'F3-boolean', 'F3-CharSequence', 'F3-char[]', 'F71-ryan@apache.org', 'F3-String', 'category', 'F104', 'F105', 'F15-private', 'F15-protected', 'F126', 'F3-Among[]', 'F123', 'F71-shaie@apache.org'}
     F72            ...            F71-uschindler@apache.org
1   4679            ...                                    1
2   4679            ...                                    1
3  19865            ...                                    1

[3 rows x 55 columns]
;.;
        F72            ...              F71-uschindler@apache.org
0  0.035424            ...                                    1.0
1  0.035424            ...                                    1.0
2  0.747947            ...                                    1.0

[3 rows x 55 columns]
training_x: (3259, 55)
training_y: 3259
testset_x: (393, 55)
testset_y: 393
              precision    recall  f1-score   support

           0       0.00      0.00      0.00       251
           1       0.36      1.00      0.53       142

    accuracy                           0.36       393
   macro avg       0.18      0.50      0.27       393
weighted avg       0.13      0.36      0.19       393

accuracy: 0.361323155216285
0.5308411214953271
@@@ tn: 0, fp: 251, fn: 0, tp: 142
@@@ LIME - Creating explainer
@@@ LIME - Random Sampling of Instances
iter: 0, sample_no: 276, actual label: 1, predicted: 1
iter: 1, sample_no: 100, actual label: 1, predicted: 1
iter: 2, sample_no: 94, actual label: 1, predicted: 1
iter: 3, sample_no: 209, actual label: 0, predicted: 1
iter: 4, sample_no: 56, actual label: 0, predicted: 1
iter: 5, sample_no: 137, actual label: 1, predicted: 1
iter: 6, sample_no: 153, actual label: 1, predicted: 1
iter: 7, sample_no: 267, actual label: 0, predicted: 1
iter: 8, sample_no: 293, actual label: 1, predicted: 1
iter: 9, sample_no: 22, actual label: 1, predicted: 1
iter: 10, sample_no: 301, actual label: 0, predicted: 1
iter: 11, sample_no: 25, actual label: 1, predicted: 1
iter: 12, sample_no: 358, actual label: 1, predicted: 1
iter: 13, sample_no: 354, actual label: 1, predicted: 1
iter: 14, sample_no: 329, actual label: 1, predicted: 1
iter: 15, sample_no: 288, actual label: 0, predicted: 1
iter: 16, sample_no: 214, actual label: 0, predicted: 1
iter: 17, sample_no: 333, actual label: 1, predicted: 1
iter: 18, sample_no: 355, actual label: 0, predicted: 1
iter: 19, sample_no: 11, actual label: 1, predicted: 1
iter: 20, sample_no: 303, actual label: 0, predicted: 1
iter: 21, sample_no: 335, actual label: 0, predicted: 1
iter: 22, sample_no: 132, actual label: 1, predicted: 1
iter: 23, sample_no: 321, actual label: 0, predicted: 1
iter: 24, sample_no: 89, actual label: 1, predicted: 1
number of samples: 393
AUC 0.5
pos_get 142
total recall stop_at 1.0
@@@ C - Repeat number: 3
@@@ D - common_header:  {'F71-sarowe@apache.org', 'F71-rmuir@apache.org', 'F120', 'F77', 'F71-markrmiller@apache.org', 'F68', 'F71-hossman@apache.org', 'F71-romseygeek@apache.org', 'F115', 'F71-mikemccand@apache.org', 'F71-erick@apache.org', 'F15-NA', 'F41', 'F71-jpountz@apache.org', 'F71-noble@apache.org', 'F3-Class', 'F116', 'F3-CharStream', 'F72', 'F15-public', 'F65', 'F25', 'F110', 'F71-shalin@apache.org', 'F3-int', 'F3-FileInputStream', 'F3-long[]', 'F22', 'F71-anshum@apache.org', 'F71-yonik@apache.org', 'F3-char', 'F3-Path', 'F117', 'F3-ValueSource', 'F3-NA', 'F71-chrism@apache.org', 'F71-uschindler@apache.org', 'F71-simonw@apache.org', 'F3-long', 'F101', 'F71-rjernst@apache.org', 'F3-int[]', 'F3-boolean', 'F3-CharSequence', 'F3-char[]', 'F71-ryan@apache.org', 'F3-String', 'category', 'F104', 'F105', 'F15-private', 'F15-protected', 'F126', 'F3-Among[]', 'F123', 'F71-shaie@apache.org'}
     F72            ...            F71-uschindler@apache.org
1   4679            ...                                    1
2   4679            ...                                    1
3  19865            ...                                    1

[3 rows x 55 columns]
;.;
        F72            ...              F71-uschindler@apache.org
0  0.035424            ...                                    1.0
1  0.035424            ...                                    1.0
2  0.747947            ...                                    1.0

[3 rows x 55 columns]
training_x: (3259, 55)
training_y: 3259
testset_x: (393, 55)
testset_y: 393
              precision    recall  f1-score   support

           0       0.00      0.00      0.00       251
           1       0.36      1.00      0.53       142

    accuracy                           0.36       393
   macro avg       0.18      0.50      0.27       393
weighted avg       0.13      0.36      0.19       393

accuracy: 0.361323155216285
0.5308411214953271
@@@ tn: 0, fp: 251, fn: 0, tp: 142
@@@ LIME - Creating explainer
@@@ LIME - Random Sampling of Instances
iter: 0, sample_no: 131, actual label: 1, predicted: 1
iter: 1, sample_no: 100, actual label: 1, predicted: 1
iter: 2, sample_no: 181, actual label: 0, predicted: 1
iter: 3, sample_no: 8, actual label: 1, predicted: 1
iter: 4, sample_no: 12, actual label: 1, predicted: 1
iter: 5, sample_no: 203, actual label: 0, predicted: 1
iter: 6, sample_no: 32, actual label: 1, predicted: 1
iter: 7, sample_no: 86, actual label: 1, predicted: 1
iter: 8, sample_no: 17, actual label: 0, predicted: 1
iter: 9, sample_no: 193, actual label: 0, predicted: 1
iter: 10, sample_no: 155, actual label: 1, predicted: 1
iter: 11, sample_no: 167, actual label: 1, predicted: 1
iter: 12, sample_no: 274, actual label: 1, predicted: 1
iter: 13, sample_no: 230, actual label: 0, predicted: 1
iter: 14, sample_no: 305, actual label: 0, predicted: 1
iter: 15, sample_no: 360, actual label: 0, predicted: 1
iter: 16, sample_no: 62, actual label: 0, predicted: 1
iter: 17, sample_no: 192, actual label: 0, predicted: 1
iter: 18, sample_no: 224, actual label: 0, predicted: 1
iter: 19, sample_no: 51, actual label: 0, predicted: 1
iter: 20, sample_no: 135, actual label: 1, predicted: 1
iter: 21, sample_no: 308, actual label: 0, predicted: 1
iter: 22, sample_no: 370, actual label: 1, predicted: 1
iter: 23, sample_no: 142, actual label: 1, predicted: 1
iter: 24, sample_no: 352, actual label: 1, predicted: 1
number of samples: 393
AUC 0.5
pos_get 142
total recall stop_at 1.0
@@@ C - Repeat number: 4
@@@ D - common_header:  {'F71-sarowe@apache.org', 'F71-rmuir@apache.org', 'F120', 'F77', 'F71-markrmiller@apache.org', 'F68', 'F71-hossman@apache.org', 'F71-romseygeek@apache.org', 'F115', 'F71-mikemccand@apache.org', 'F71-erick@apache.org', 'F15-NA', 'F41', 'F71-jpountz@apache.org', 'F71-noble@apache.org', 'F3-Class', 'F116', 'F3-CharStream', 'F72', 'F15-public', 'F65', 'F25', 'F110', 'F71-shalin@apache.org', 'F3-int', 'F3-FileInputStream', 'F3-long[]', 'F22', 'F71-anshum@apache.org', 'F71-yonik@apache.org', 'F3-char', 'F3-Path', 'F117', 'F3-ValueSource', 'F3-NA', 'F71-chrism@apache.org', 'F71-uschindler@apache.org', 'F71-simonw@apache.org', 'F3-long', 'F101', 'F71-rjernst@apache.org', 'F3-int[]', 'F3-boolean', 'F3-CharSequence', 'F3-char[]', 'F71-ryan@apache.org', 'F3-String', 'category', 'F104', 'F105', 'F15-private', 'F15-protected', 'F126', 'F3-Among[]', 'F123', 'F71-shaie@apache.org'}
     F72            ...            F71-uschindler@apache.org
1   4679            ...                                    1
2   4679            ...                                    1
3  19865            ...                                    1

[3 rows x 55 columns]
;.;
        F72            ...              F71-uschindler@apache.org
0  0.035424            ...                                    1.0
1  0.035424            ...                                    1.0
2  0.747947            ...                                    1.0

[3 rows x 55 columns]
training_x: (3259, 55)
training_y: 3259
testset_x: (393, 55)
testset_y: 393
              precision    recall  f1-score   support

           0       0.00      0.00      0.00       251
           1       0.36      1.00      0.53       142

    accuracy                           0.36       393
   macro avg       0.18      0.50      0.27       393
weighted avg       0.13      0.36      0.19       393

accuracy: 0.361323155216285
0.5308411214953271
@@@ tn: 0, fp: 251, fn: 0, tp: 142
@@@ LIME - Creating explainer
@@@ LIME - Random Sampling of Instances
iter: 0, sample_no: 189, actual label: 0, predicted: 1
iter: 1, sample_no: 198, actual label: 0, predicted: 1
iter: 2, sample_no: 351, actual label: 1, predicted: 1
iter: 3, sample_no: 59, actual label: 0, predicted: 1
iter: 4, sample_no: 263, actual label: 0, predicted: 1
iter: 5, sample_no: 243, actual label: 0, predicted: 1
iter: 6, sample_no: 223, actual label: 0, predicted: 1
iter: 7, sample_no: 210, actual label: 1, predicted: 1
iter: 8, sample_no: 97, actual label: 0, predicted: 1
iter: 9, sample_no: 248, actual label: 0, predicted: 1
iter: 10, sample_no: 192, actual label: 0, predicted: 1
iter: 11, sample_no: 227, actual label: 0, predicted: 1
iter: 12, sample_no: 147, actual label: 1, predicted: 1
iter: 13, sample_no: 215, actual label: 0, predicted: 1
iter: 14, sample_no: 242, actual label: 0, predicted: 1
iter: 15, sample_no: 71, actual label: 1, predicted: 1
iter: 16, sample_no: 326, actual label: 1, predicted: 1
iter: 17, sample_no: 33, actual label: 1, predicted: 1
iter: 18, sample_no: 344, actual label: 1, predicted: 1
iter: 19, sample_no: 305, actual label: 0, predicted: 1
iter: 20, sample_no: 302, actual label: 1, predicted: 1
iter: 21, sample_no: 200, actual label: 0, predicted: 1
iter: 22, sample_no: 100, actual label: 1, predicted: 1
iter: 23, sample_no: 103, actual label: 0, predicted: 1
iter: 24, sample_no: 62, actual label: 0, predicted: 1
number of samples: 393
AUC 0.5
pos_get 142
total recall stop_at 1.0
@@@ C - Repeat number: 5
/Users/author1/anaconda3/lib/python3.6/site-packages/tensorflow/python/framework/dtypes.py:463: FutureWarning: Passing (type, 1) or '1type' as a synonym of type is deprecated; in a future version of numpy, it will be understood as (type, (1,)) / '(1,)type'.
  _np_qint8 = np.dtype([("qint8", np.int8, 1)])
/Users/author1/anaconda3/lib/python3.6/site-packages/tensorflow/python/framework/dtypes.py:464: FutureWarning: Passing (type, 1) or '1type' as a synonym of type is deprecated; in a future version of numpy, it will be understood as (type, (1,)) / '(1,)type'.
  _np_quint8 = np.dtype([("quint8", np.uint8, 1)])
/Users/author1/anaconda3/lib/python3.6/site-packages/tensorflow/python/framework/dtypes.py:465: FutureWarning: Passing (type, 1) or '1type' as a synonym of type is deprecated; in a future version of numpy, it will be understood as (type, (1,)) / '(1,)type'.
  _np_qint16 = np.dtype([("qint16", np.int16, 1)])
/Users/author1/anaconda3/lib/python3.6/site-packages/tensorflow/python/framework/dtypes.py:466: FutureWarning: Passing (type, 1) or '1type' as a synonym of type is deprecated; in a future version of numpy, it will be understood as (type, (1,)) / '(1,)type'.
  _np_quint16 = np.dtype([("quint16", np.uint16, 1)])
/Users/author1/anaconda3/lib/python3.6/site-packages/tensorflow/python/framework/dtypes.py:467: FutureWarning: Passing (type, 1) or '1type' as a synonym of type is deprecated; in a future version of numpy, it will be understood as (type, (1,)) / '(1,)type'.
  _np_qint32 = np.dtype([("qint32", np.int32, 1)])
Columns (0,3,4,5,6,7,8,9,10,11,12,13,14,15,16,17,18,19,20,21,22,23,24,25,26,27,28,29,30,31,32,33,34,35,36,37,38,39,40,41,42,43,44,45,46,47,48,49,50,51,52,53,54,55,56,57,58,59,60,61,62,63,64,65,66,67,68,69,70,71,72,73,74,75,76,77,78,79,80,81,82,83,84,85,86,87,88,89,90,91,92,93,94,95,96,97,98,99,100,101,102,103,104,105,106,107,108,109,110,111,112,113,114,115,116,117,118,119,120,121,122,123,124,125,126,127,128,129,130,131,132,133,134,135,136,137,138,139,140,141,142,143,144,145,146,147,148,149,150,151,152,153,154,155,156,157,158,159,160,161,162,163,164,165,166,167,168,169,170,171,172,173,174,175,176,177,178,179,180,181,182,183,184,185,186,187,188,189,190,191,192,193,194,195,196,197,198,199,200,201,202,203,204,205,206,207,208,209,210,211,212,213,214,215,216,217,218,219,220,221,222,223,224,225,226,227,228,229,230,231,232,233,234,235,236,237,238,239,240,241,242,243,244,245,246,247,248,249,250,251,252,253,254,255,256,257,258,259,260,261,262,263,264,265,266,267,268,269,270,271,272,273,274,275,276,277,278,279,280,282,284,285,286,287,288,289,290,291,292,293,294,295,296,297,298,299,300,301,302,303,304,305,306,307,308,309,310,311,312,313,314,315,316,317,318,319,320,321,322,323,324,325,326,327,328,329,330,331,332,333,334,335,336,337,338,339,340,341,342,343,344,345,346,347,348,349,350,351,352,353) have mixed types. Specify dtype option on import or set low_memory=False.
Precision and F-score are ill-defined and being set to 0.0 in labels with no predicted samples. Use `zero_division` parameter to control this behavior.
Columns (0,3,4,5,6,7,8,9,10,11,12,13,14,15,16,17,18,19,20,21,22,23,24,25,26,27,28,29,30,31,32,33,34,35,36,37,38,39,40,41,42,43,44,45,46,47,48,49,50,51,52,53,54,55,56,57,58,59,60,61,62,63,64,65,66,67,68,69,70,71,72,73,74,75,76,77,78,79,80,81,82,83,84,85,86,87,88,89,90,91,92,93,94,95,96,97,98,99,100,101,102,103,104,105,106,107,108,109,110,111,112,113,114,115,116,117,118,119,120,121,122,123,124,125,126,127,128,129,130,131,132,133,134,135,136,137,138,139,140,141,142,143,144,145,146,147,148,149,150,151,152,153,154,155,156,157,158,159,160,161,162,163,164,165,166,167,168,169,170,171,172,173,174,175,176,177,178,179,180,181,182,183,184,185,186,187,188,189,190,191,192,193,194,195,196,197,198,199,200,201,202,203,204,205,206,207,208,209,210,211,212,213,214,215,216,217,218,219,220,221,222,223,224,225,226,227,228,229,230,231,232,233,234,235,236,237,238,239,240,241,242,243,244,245,246,247,248,249,250,251,252,253,254,255,256,257,258,259,260,261,262,263,264,265,266,267,268,269,270,271,272,273,274,275,276,277,278,279,280,282,284,285,286,287,288,289,290,291,292,293,294,295,296,297,298,299,300,301,302,303,304,305,306,307,308,309,310,311,312,313,314,315,316,317,318,319,320,321,322,323,324,325,326,327,328,329,330,331,332,333,334,335,336,337,338,339,340,341,342,343,344,345,346,347,348,349,350,351,352,353) have mixed types. Specify dtype option on import or set low_memory=False.
Precision and F-score are ill-defined and being set to 0.0 in labels with no predicted samples. Use `zero_division` parameter to control this behavior.
Columns (0,3,4,5,6,7,8,9,10,11,12,13,14,15,16,17,18,19,20,21,22,23,24,25,26,27,28,29,30,31,32,33,34,35,36,37,38,39,40,41,42,43,44,45,46,47,48,49,50,51,52,53,54,55,56,57,58,59,60,61,62,63,64,65,66,67,68,69,70,71,72,73,74,75,76,77,78,79,80,81,82,83,84,85,86,87,88,89,90,91,92,93,94,95,96,97,98,99,100,101,102,103,104,105,106,107,108,109,110,111,112,113,114,115,116,117,118,119,120,121,122,123,124,125,126,127,128,129,130,131,132,133,134,135,136,137,138,139,140,141,142,143,144,145,146,147,148,149,150,151,152,153,154,155,156,157,158,159,160,161,162,163,164,165,166,167,168,169,170,171,172,173,174,175,176,177,178,179,180,181,182,183,184,185,186,187,188,189,190,191,192,193,194,195,196,197,198,199,200,201,202,203,204,205,206,207,208,209,210,211,212,213,214,215,216,217,218,219,220,221,222,223,224,225,226,227,228,229,230,231,232,233,234,235,236,237,238,239,240,241,242,243,244,245,246,247,248,249,250,251,252,253,254,255,256,257,258,259,260,261,262,263,264,265,266,267,268,269,270,271,272,273,274,275,276,277,278,279,280,282,284,285,286,287,288,289,290,291,292,293,294,295,296,297,298,299,300,301,302,303,304,305,306,307,308,309,310,311,312,313,314,315,316,317,318,319,320,321,322,323,324,325,326,327,328,329,330,331,332,333,334,335,336,337,338,339,340,341,342,343,344,345,346,347,348,349,350,351,352,353) have mixed types. Specify dtype option on import or set low_memory=False.
Precision and F-score are ill-defined and being set to 0.0 in labels with no predicted samples. Use `zero_division` parameter to control this behavior.
Columns (0,3,4,5,6,7,8,9,10,11,12,13,14,15,16,17,18,19,20,21,22,23,24,25,26,27,28,29,30,31,32,33,34,35,36,37,38,39,40,41,42,43,44,45,46,47,48,49,50,51,52,53,54,55,56,57,58,59,60,61,62,63,64,65,66,67,68,69,70,71,72,73,74,75,76,77,78,79,80,81,82,83,84,85,86,87,88,89,90,91,92,93,94,95,96,97,98,99,100,101,102,103,104,105,106,107,108,109,110,111,112,113,114,115,116,117,118,119,120,121,122,123,124,125,126,127,128,129,130,131,132,133,134,135,136,137,138,139,140,141,142,143,144,145,146,147,148,149,150,151,152,153,154,155,156,157,158,159,160,161,162,163,164,165,166,167,168,169,170,171,172,173,174,175,176,177,178,179,180,181,182,183,184,185,186,187,188,189,190,191,192,193,194,195,196,197,198,199,200,201,202,203,204,205,206,207,208,209,210,211,212,213,214,215,216,217,218,219,220,221,222,223,224,225,226,227,228,229,230,231,232,233,234,235,236,237,238,239,240,241,242,243,244,245,246,247,248,249,250,251,252,253,254,255,256,257,258,259,260,261,262,263,264,265,266,267,268,269,270,271,272,273,274,275,276,277,278,279,280,282,284,285,286,287,288,289,290,291,292,293,294,295,296,297,298,299,300,301,302,303,304,305,306,307,308,309,310,311,312,313,314,315,316,317,318,319,320,321,322,323,324,325,326,327,328,329,330,331,332,333,334,335,336,337,338,339,340,341,342,343,344,345,346,347,348,349,350,351,352,353) have mixed types. Specify dtype option on import or set low_memory=False.
Precision and F-score are ill-defined and being set to 0.0 in labels with no predicted samples. Use `zero_division` parameter to control this behavior.
Columns (0,3,4,5,6,7,8,9,10,11,12,13,14,15,16,17,18,19,20,21,22,23,24,25,26,27,28,29,30,31,32,33,34,35,36,37,38,39,40,41,42,43,44,45,46,47,48,49,50,51,52,53,54,55,56,57,58,59,60,61,62,63,64,65,66,67,68,69,70,71,72,73,74,75,76,77,78,79,80,81,82,83,84,85,86,87,88,89,90,91,92,93,94,95,96,97,98,99,100,101,102,103,104,105,106,107,108,109,110,111,112,113,114,115,116,117,118,119,120,121,122,123,124,125,126,127,128,129,130,131,132,133,134,135,136,137,138,139,140,141,142,143,144,145,146,147,148,149,150,151,152,153,154,155,156,157,158,159,160,161,162,163,164,165,166,167,168,169,170,171,172,173,174,175,176,177,178,179,180,181,182,183,184,185,186,187,188,189,190,191,192,193,194,195,196,197,198,199,200,201,202,203,204,205,206,207,208,209,210,211,212,213,214,215,216,217,218,219,220,221,222,223,224,225,226,227,228,229,230,231,232,233,234,235,236,237,238,239,240,241,242,243,244,245,246,247,248,249,250,251,252,253,254,255,256,257,258,259,260,261,262,263,264,265,266,267,268,269,270,271,272,273,274,275,276,277,278,279,280,282,284,285,286,287,288,289,290,291,292,293,294,295,296,297,298,299,300,301,302,303,304,305,306,307,308,309,310,311,312,313,314,315,316,317,318,319,320,321,322,323,324,325,326,327,328,329,330,331,332,333,334,335,336,337,338,339,340,341,342,343,344,345,346,347,348,349,350,351,352,353) have mixed types. Specify dtype option on import or set low_memory=False.
@@@ D - common_header:  {'F71-sarowe@apache.org', 'F71-rmuir@apache.org', 'F120', 'F77', 'F71-markrmiller@apache.org', 'F68', 'F71-hossman@apache.org', 'F71-romseygeek@apache.org', 'F115', 'F71-mikemccand@apache.org', 'F71-erick@apache.org', 'F15-NA', 'F41', 'F71-jpountz@apache.org', 'F71-noble@apache.org', 'F3-Class', 'F116', 'F3-CharStream', 'F72', 'F15-public', 'F65', 'F25', 'F110', 'F71-shalin@apache.org', 'F3-int', 'F3-FileInputStream', 'F3-long[]', 'F22', 'F71-anshum@apache.org', 'F71-yonik@apache.org', 'F3-char', 'F3-Path', 'F117', 'F3-ValueSource', 'F3-NA', 'F71-chrism@apache.org', 'F71-uschindler@apache.org', 'F71-simonw@apache.org', 'F3-long', 'F101', 'F71-rjernst@apache.org', 'F3-int[]', 'F3-boolean', 'F3-CharSequence', 'F3-char[]', 'F71-ryan@apache.org', 'F3-String', 'category', 'F104', 'F105', 'F15-private', 'F15-protected', 'F126', 'F3-Among[]', 'F123', 'F71-shaie@apache.org'}
     F72            ...            F71-uschindler@apache.org
1   4679            ...                                    1
2   4679            ...                                    1
3  19865            ...                                    1

[3 rows x 55 columns]
;.;
        F72            ...              F71-uschindler@apache.org
0  0.035424            ...                                    1.0
1  0.035424            ...                                    1.0
2  0.747947            ...                                    1.0

[3 rows x 55 columns]
training_x: (3259, 55)
training_y: 3259
testset_x: (393, 55)
testset_y: 393
              precision    recall  f1-score   support

           0       0.00      0.00      0.00       251
           1       0.36      1.00      0.53       142

    accuracy                           0.36       393
   macro avg       0.18      0.50      0.27       393
weighted avg       0.13      0.36      0.19       393

accuracy: 0.361323155216285
0.5308411214953271
@@@ tn: 0, fp: 251, fn: 0, tp: 142
@@@ LIME - Creating explainer
@@@ LIME - Random Sampling of Instances
iter: 0, sample_no: 135, actual label: 1, predicted: 1
iter: 1, sample_no: 233, actual label: 0, predicted: 1
iter: 2, sample_no: 108, actual label: 0, predicted: 1
iter: 3, sample_no: 72, actual label: 0, predicted: 1
iter: 4, sample_no: 84, actual label: 0, predicted: 1
iter: 5, sample_no: 213, actual label: 0, predicted: 1
iter: 6, sample_no: 113, actual label: 0, predicted: 1
iter: 7, sample_no: 273, actual label: 1, predicted: 1
iter: 8, sample_no: 6, actual label: 1, predicted: 1
iter: 9, sample_no: 57, actual label: 0, predicted: 1
iter: 10, sample_no: 84, actual label: 0, predicted: 1
iter: 11, sample_no: 35, actual label: 1, predicted: 1
iter: 12, sample_no: 116, actual label: 0, predicted: 1
iter: 13, sample_no: 6, actual label: 1, predicted: 1
iter: 14, sample_no: 176, actual label: 0, predicted: 1
iter: 15, sample_no: 20, actual label: 0, predicted: 1
iter: 16, sample_no: 44, actual label: 0, predicted: 1
iter: 17, sample_no: 29, actual label: 0, predicted: 1
iter: 18, sample_no: 169, actual label: 0, predicted: 1
iter: 19, sample_no: 14, actual label: 0, predicted: 1
iter: 20, sample_no: 288, actual label: 0, predicted: 1
iter: 21, sample_no: 42, actual label: 0, predicted: 1
iter: 22, sample_no: 390, actual label: 0, predicted: 1
iter: 23, sample_no: 356, actual label: 0, predicted: 1
iter: 24, sample_no: 9, actual label: 1, predicted: 1
number of samples: 393
AUC 0.5
pos_get 142
total recall stop_at 1.0
@@@ C - Repeat number: 6
@@@ D - common_header:  {'F71-sarowe@apache.org', 'F71-rmuir@apache.org', 'F120', 'F77', 'F71-markrmiller@apache.org', 'F68', 'F71-hossman@apache.org', 'F71-romseygeek@apache.org', 'F115', 'F71-mikemccand@apache.org', 'F71-erick@apache.org', 'F15-NA', 'F41', 'F71-jpountz@apache.org', 'F71-noble@apache.org', 'F3-Class', 'F116', 'F3-CharStream', 'F72', 'F15-public', 'F65', 'F25', 'F110', 'F71-shalin@apache.org', 'F3-int', 'F3-FileInputStream', 'F3-long[]', 'F22', 'F71-anshum@apache.org', 'F71-yonik@apache.org', 'F3-char', 'F3-Path', 'F117', 'F3-ValueSource', 'F3-NA', 'F71-chrism@apache.org', 'F71-uschindler@apache.org', 'F71-simonw@apache.org', 'F3-long', 'F101', 'F71-rjernst@apache.org', 'F3-int[]', 'F3-boolean', 'F3-CharSequence', 'F3-char[]', 'F71-ryan@apache.org', 'F3-String', 'category', 'F104', 'F105', 'F15-private', 'F15-protected', 'F126', 'F3-Among[]', 'F123', 'F71-shaie@apache.org'}
     F72            ...            F71-uschindler@apache.org
1   4679            ...                                    1
2   4679            ...                                    1
3  19865            ...                                    1

[3 rows x 55 columns]
;.;
        F72            ...              F71-uschindler@apache.org
0  0.035424            ...                                    1.0
1  0.035424            ...                                    1.0
2  0.747947            ...                                    1.0

[3 rows x 55 columns]
training_x: (3259, 55)
training_y: 3259
testset_x: (393, 55)
testset_y: 393
              precision    recall  f1-score   support

           0       0.00      0.00      0.00       251
           1       0.36      1.00      0.53       142

    accuracy                           0.36       393
   macro avg       0.18      0.50      0.27       393
weighted avg       0.13      0.36      0.19       393

accuracy: 0.361323155216285
0.5308411214953271
@@@ tn: 0, fp: 251, fn: 0, tp: 142
@@@ LIME - Creating explainer
@@@ LIME - Random Sampling of Instances
iter: 0, sample_no: 0, actual label: 0, predicted: 1
iter: 1, sample_no: 153, actual label: 1, predicted: 1
iter: 2, sample_no: 94, actual label: 1, predicted: 1
iter: 3, sample_no: 267, actual label: 0, predicted: 1
iter: 4, sample_no: 376, actual label: 0, predicted: 1
iter: 5, sample_no: 55, actual label: 0, predicted: 1
iter: 6, sample_no: 207, actual label: 0, predicted: 1
iter: 7, sample_no: 384, actual label: 1, predicted: 1
iter: 8, sample_no: 182, actual label: 0, predicted: 1
iter: 9, sample_no: 343, actual label: 0, predicted: 1
iter: 10, sample_no: 235, actual label: 0, predicted: 1
iter: 11, sample_no: 282, actual label: 1, predicted: 1
iter: 12, sample_no: 261, actual label: 0, predicted: 1
iter: 13, sample_no: 268, actual label: 0, predicted: 1
iter: 14, sample_no: 57, actual label: 0, predicted: 1
iter: 15, sample_no: 269, actual label: 0, predicted: 1
iter: 16, sample_no: 224, actual label: 0, predicted: 1
iter: 17, sample_no: 348, actual label: 0, predicted: 1
iter: 18, sample_no: 244, actual label: 0, predicted: 1
iter: 19, sample_no: 46, actual label: 0, predicted: 1
iter: 20, sample_no: 316, actual label: 1, predicted: 1
iter: 21, sample_no: 307, actual label: 0, predicted: 1
iter: 22, sample_no: 271, actual label: 1, predicted: 1
iter: 23, sample_no: 295, actual label: 0, predicted: 1
iter: 24, sample_no: 96, actual label: 0, predicted: 1
number of samples: 393
AUC 0.5
pos_get 142
total recall stop_at 1.0
@@@ C - Repeat number: 7
@@@ D - common_header:  {'F71-sarowe@apache.org', 'F71-rmuir@apache.org', 'F120', 'F77', 'F71-markrmiller@apache.org', 'F68', 'F71-hossman@apache.org', 'F71-romseygeek@apache.org', 'F115', 'F71-mikemccand@apache.org', 'F71-erick@apache.org', 'F15-NA', 'F41', 'F71-jpountz@apache.org', 'F71-noble@apache.org', 'F3-Class', 'F116', 'F3-CharStream', 'F72', 'F15-public', 'F65', 'F25', 'F110', 'F71-shalin@apache.org', 'F3-int', 'F3-FileInputStream', 'F3-long[]', 'F22', 'F71-anshum@apache.org', 'F71-yonik@apache.org', 'F3-char', 'F3-Path', 'F117', 'F3-ValueSource', 'F3-NA', 'F71-chrism@apache.org', 'F71-uschindler@apache.org', 'F71-simonw@apache.org', 'F3-long', 'F101', 'F71-rjernst@apache.org', 'F3-int[]', 'F3-boolean', 'F3-CharSequence', 'F3-char[]', 'F71-ryan@apache.org', 'F3-String', 'category', 'F104', 'F105', 'F15-private', 'F15-protected', 'F126', 'F3-Among[]', 'F123', 'F71-shaie@apache.org'}
     F72            ...            F71-uschindler@apache.org
1   4679            ...                                    1
2   4679            ...                                    1
3  19865            ...                                    1

[3 rows x 55 columns]
;.;
        F72            ...              F71-uschindler@apache.org
0  0.035424            ...                                    1.0
1  0.035424            ...                                    1.0
2  0.747947            ...                                    1.0

[3 rows x 55 columns]
training_x: (3259, 55)
training_y: 3259
testset_x: (393, 55)
testset_y: 393
              precision    recall  f1-score   support

           0       0.00      0.00      0.00       251
           1       0.36      1.00      0.53       142

    accuracy                           0.36       393
   macro avg       0.18      0.50      0.27       393
weighted avg       0.13      0.36      0.19       393

accuracy: 0.361323155216285
0.5308411214953271
@@@ tn: 0, fp: 251, fn: 0, tp: 142
@@@ LIME - Creating explainer
@@@ LIME - Random Sampling of Instances
iter: 0, sample_no: 173, actual label: 1, predicted: 1
iter: 1, sample_no: 362, actual label: 0, predicted: 1
iter: 2, sample_no: 236, actual label: 0, predicted: 1
iter: 3, sample_no: 371, actual label: 1, predicted: 1
iter: 4, sample_no: 178, actual label: 1, predicted: 1
iter: 5, sample_no: 259, actual label: 0, predicted: 1
iter: 6, sample_no: 20, actual label: 0, predicted: 1
iter: 7, sample_no: 65, actual label: 0, predicted: 1
iter: 8, sample_no: 114, actual label: 0, predicted: 1
iter: 9, sample_no: 67, actual label: 0, predicted: 1
iter: 10, sample_no: 213, actual label: 0, predicted: 1
iter: 11, sample_no: 371, actual label: 1, predicted: 1
iter: 12, sample_no: 368, actual label: 0, predicted: 1
iter: 13, sample_no: 342, actual label: 1, predicted: 1
iter: 14, sample_no: 59, actual label: 0, predicted: 1
iter: 15, sample_no: 202, actual label: 0, predicted: 1
iter: 16, sample_no: 234, actual label: 0, predicted: 1
iter: 17, sample_no: 342, actual label: 1, predicted: 1
iter: 18, sample_no: 211, actual label: 1, predicted: 1
iter: 19, sample_no: 101, actual label: 0, predicted: 1
iter: 20, sample_no: 45, actual label: 0, predicted: 1
iter: 21, sample_no: 114, actual label: 0, predicted: 1
iter: 22, sample_no: 214, actual label: 0, predicted: 1
iter: 23, sample_no: 287, actual label: 0, predicted: 1
iter: 24, sample_no: 169, actual label: 0, predicted: 1
number of samples: 393
AUC 0.5
pos_get 142
total recall stop_at 1.0
@@@ C - Repeat number: 8
@@@ D - common_header:  {'F71-sarowe@apache.org', 'F71-rmuir@apache.org', 'F120', 'F77', 'F71-markrmiller@apache.org', 'F68', 'F71-hossman@apache.org', 'F71-romseygeek@apache.org', 'F115', 'F71-mikemccand@apache.org', 'F71-erick@apache.org', 'F15-NA', 'F41', 'F71-jpountz@apache.org', 'F71-noble@apache.org', 'F3-Class', 'F116', 'F3-CharStream', 'F72', 'F15-public', 'F65', 'F25', 'F110', 'F71-shalin@apache.org', 'F3-int', 'F3-FileInputStream', 'F3-long[]', 'F22', 'F71-anshum@apache.org', 'F71-yonik@apache.org', 'F3-char', 'F3-Path', 'F117', 'F3-ValueSource', 'F3-NA', 'F71-chrism@apache.org', 'F71-uschindler@apache.org', 'F71-simonw@apache.org', 'F3-long', 'F101', 'F71-rjernst@apache.org', 'F3-int[]', 'F3-boolean', 'F3-CharSequence', 'F3-char[]', 'F71-ryan@apache.org', 'F3-String', 'category', 'F104', 'F105', 'F15-private', 'F15-protected', 'F126', 'F3-Among[]', 'F123', 'F71-shaie@apache.org'}
     F72            ...            F71-uschindler@apache.org
1   4679            ...                                    1
2   4679            ...                                    1
3  19865            ...                                    1

[3 rows x 55 columns]
;.;
        F72            ...              F71-uschindler@apache.org
0  0.035424            ...                                    1.0
1  0.035424            ...                                    1.0
2  0.747947            ...                                    1.0

[3 rows x 55 columns]
training_x: (3259, 55)
training_y: 3259
testset_x: (393, 55)
testset_y: 393
              precision    recall  f1-score   support

           0       0.00      0.00      0.00       251
           1       0.36      1.00      0.53       142

    accuracy                           0.36       393
   macro avg       0.18      0.50      0.27       393
weighted avg       0.13      0.36      0.19       393

accuracy: 0.361323155216285
0.5308411214953271
@@@ tn: 0, fp: 251, fn: 0, tp: 142
@@@ LIME - Creating explainer
@@@ LIME - Random Sampling of Instances
iter: 0, sample_no: 176, actual label: 0, predicted: 1
iter: 1, sample_no: 190, actual label: 0, predicted: 1
iter: 2, sample_no: 30, actual label: 0, predicted: 1
iter: 3, sample_no: 263, actual label: 0, predicted: 1
iter: 4, sample_no: 97, actual label: 0, predicted: 1
iter: 5, sample_no: 159, actual label: 1, predicted: 1
iter: 6, sample_no: 273, actual label: 1, predicted: 1
iter: 7, sample_no: 39, actual label: 0, predicted: 1
iter: 8, sample_no: 356, actual label: 0, predicted: 1
iter: 9, sample_no: 57, actual label: 0, predicted: 1
iter: 10, sample_no: 300, actual label: 0, predicted: 1
iter: 11, sample_no: 212, actual label: 0, predicted: 1
iter: 12, sample_no: 268, actual label: 0, predicted: 1
iter: 13, sample_no: 332, actual label: 1, predicted: 1
iter: 14, sample_no: 152, actual label: 1, predicted: 1
iter: 15, sample_no: 222, actual label: 0, predicted: 1
iter: 16, sample_no: 64, actual label: 0, predicted: 1
iter: 17, sample_no: 55, actual label: 0, predicted: 1
iter: 18, sample_no: 200, actual label: 0, predicted: 1
iter: 19, sample_no: 269, actual label: 0, predicted: 1
iter: 20, sample_no: 322, actual label: 0, predicted: 1
iter: 21, sample_no: 342, actual label: 1, predicted: 1
iter: 22, sample_no: 159, actual label: 1, predicted: 1
iter: 23, sample_no: 142, actual label: 1, predicted: 1
iter: 24, sample_no: 384, actual label: 1, predicted: 1
number of samples: 393
AUC 0.5
pos_get 142
total recall stop_at 1.0
@@@ C - Repeat number: 9
@@@ D - common_header:  {'F71-sarowe@apache.org', 'F71-rmuir@apache.org', 'F120', 'F77', 'F71-markrmiller@apache.org', 'F68', 'F71-hossman@apache.org', 'F71-romseygeek@apache.org', 'F115', 'F71-mikemccand@apache.org', 'F71-erick@apache.org', 'F15-NA', 'F41', 'F71-jpountz@apache.org', 'F71-noble@apache.org', 'F3-Class', 'F116', 'F3-CharStream', 'F72', 'F15-public', 'F65', 'F25', 'F110', 'F71-shalin@apache.org', 'F3-int', 'F3-FileInputStream', 'F3-long[]', 'F22', 'F71-anshum@apache.org', 'F71-yonik@apache.org', 'F3-char', 'F3-Path', 'F117', 'F3-ValueSource', 'F3-NA', 'F71-chrism@apache.org', 'F71-uschindler@apache.org', 'F71-simonw@apache.org', 'F3-long', 'F101', 'F71-rjernst@apache.org', 'F3-int[]', 'F3-boolean', 'F3-CharSequence', 'F3-char[]', 'F71-ryan@apache.org', 'F3-String', 'category', 'F104', 'F105', 'F15-private', 'F15-protected', 'F126', 'F3-Among[]', 'F123', 'F71-shaie@apache.org'}
     F72            ...            F71-uschindler@apache.org
1   4679            ...                                    1
2   4679            ...                                    1
3  19865            ...                                    1

[3 rows x 55 columns]
;.;
        F72            ...              F71-uschindler@apache.org
0  0.035424            ...                                    1.0
1  0.035424            ...                                    1.0
2  0.747947            ...                                    1.0

[3 rows x 55 columns]
training_x: (3259, 55)
training_y: 3259
testset_x: (393, 55)
testset_y: 393
              precision    recall  f1-score   support

           0       0.00      0.00      0.00       251
           1       0.36      1.00      0.53       142

    accuracy                           0.36       393
   macro avg       0.18      0.50      0.27       393
weighted avg       0.13      0.36      0.19       393

accuracy: 0.361323155216285
0.5308411214953271
@@@ tn: 0, fp: 251, fn: 0, tp: 142
@@@ LIME - Creating explainer
@@@ LIME - Random Sampling of Instances
iter: 0, sample_no: 57, actual label: 0, predicted: 1
iter: 1, sample_no: 267, actual label: 0, predicted: 1
iter: 2, sample_no: 175, actual label: 0, predicted: 1
iter: 3, sample_no: 120, actual label: 1, predicted: 1
iter: 4, sample_no: 233, actual label: 0, predicted: 1
iter: 5, sample_no: 237, actual label: 0, predicted: 1
iter: 6, sample_no: 358, actual label: 1, predicted: 1
iter: 7, sample_no: 0, actual label: 0, predicted: 1
iter: 8, sample_no: 235, actual label: 0, predicted: 1
iter: 9, sample_no: 151, actual label: 1, predicted: 1
iter: 10, sample_no: 181, actual label: 0, predicted: 1
iter: 11, sample_no: 115, actual label: 0, predicted: 1
iter: 12, sample_no: 85, actual label: 0, predicted: 1
iter: 13, sample_no: 98, actual label: 1, predicted: 1
iter: 14, sample_no: 13, actual label: 0, predicted: 1
iter: 15, sample_no: 204, actual label: 0, predicted: 1
iter: 16, sample_no: 120, actual label: 1, predicted: 1
iter: 17, sample_no: 142, actual label: 1, predicted: 1
iter: 18, sample_no: 108, actual label: 0, predicted: 1
iter: 19, sample_no: 182, actual label: 0, predicted: 1
iter: 20, sample_no: 296, actual label: 0, predicted: 1
iter: 21, sample_no: 381, actual label: 0, predicted: 1
iter: 22, sample_no: 351, actual label: 1, predicted: 1
iter: 23, sample_no: 152, actual label: 1, predicted: 1
iter: 24, sample_no: 62, actual label: 0, predicted: 1
number of samples: 393
AUC 0.5
pos_get 142
total recall stop_at 1.0
@@@ C - Repeat number: 10
@@@ D - common_header:  {'F71-sarowe@apache.org', 'F71-rmuir@apache.org', 'F120', 'F77', 'F71-markrmiller@apache.org', 'F68', 'F71-hossman@apache.org', 'F71-romseygeek@apache.org', 'F115', 'F71-mikemccand@apache.org', 'F71-erick@apache.org', 'F15-NA', 'F41', 'F71-jpountz@apache.org', 'F71-noble@apache.org', 'F3-Class', 'F116', 'F3-CharStream', 'F72', 'F15-public', 'F65', 'F25', 'F110', 'F71-shalin@apache.org', 'F3-int', 'F3-FileInputStream', 'F3-long[]', 'F22', 'F71-anshum@apache.org', 'F71-yonik@apache.org', 'F3-char', 'F3-Path', 'F117', 'F3-ValueSource', 'F3-NA', 'F71-chrism@apache.org', 'F71-uschindler@apache.org', 'F71-simonw@apache.org', 'F3-long', 'F101', 'F71-rjernst@apache.org', 'F3-int[]', 'F3-boolean', 'F3-CharSequence', 'F3-char[]', 'F71-ryan@apache.org', 'F3-String', 'category', 'F104', 'F105', 'F15-private', 'F15-protected', 'F126', 'F3-Among[]', 'F123', 'F71-shaie@apache.org'}
     F72            ...            F71-uschindler@apache.org
1   4679            ...                                    1
2   4679            ...                                    1
3  19865            ...                                    1

[3 rows x 55 columns]
;.;
        F72            ...              F71-uschindler@apache.org
0  0.035424            ...                                    1.0
1  0.035424            ...                                    1.0
2  0.747947            ...                                    1.0

[3 rows x 55 columns]
training_x: (3259, 55)
training_y: 3259
testset_x: (393, 55)
testset_y: 393
              precision    recall  f1-score   support

           0       0.00      0.00      0.00       251
           1       0.36      1.00      0.53       142

    accuracy                           0.36       393
   macro avg       0.18      0.50      0.27       393
weighted avg       0.13      0.36      0.19       393

accuracy: 0.361323155216285
0.5308411214953271
@@@ tn: 0, fp: 251, fn: 0, tp: 142
@@@ LIME - Creating explainer
@@@ LIME - Random Sampling of Instances
Precision and F-score are ill-defined and being set to 0.0 in labels with no predicted samples. Use `zero_division` parameter to control this behavior.
Columns (0,3,4,5,6,7,8,9,10,11,12,13,14,15,16,17,18,19,20,21,22,23,24,25,26,27,28,29,30,31,32,33,34,35,36,37,38,39,40,41,42,43,44,45,46,47,48,49,50,51,52,53,54,55,56,57,58,59,60,61,62,63,64,65,66,67,68,69,70,71,72,73,74,75,76,77,78,79,80,81,82,83,84,85,86,87,88,89,90,91,92,93,94,95,96,97,98,99,100,101,102,103,104,105,106,107,108,109,110,111,112,113,114,115,116,117,118,119,120,121,122,123,124,125,126,127,128,129,130,131,132,133,134,135,136,137,138,139,140,141,142,143,144,145,146,147,148,149,150,151,152,153,154,155,156,157,158,159,160,161,162,163,164,165,166,167,168,169,170,171,172,173,174,175,176,177,178,179,180,181,182,183,184,185,186,187,188,189,190,191,192,193,194,195,196,197,198,199,200,201,202,203,204,205,206,207,208,209,210,211,212,213,214,215,216,217,218,219,220,221,222,223,224,225,226,227,228,229,230,231,232,233,234,235,236,237,238,239,240,241,242,243,244,245,246,247,248,249,250,251,252,253,254,255,256,257,258,259,260,261,262,263,264,265,266,267,268,269,270,271,272,273,274,275,276,277,278,279,280,282,284,285,286,287,288,289,290,291,292,293,294,295,296,297,298,299,300,301,302,303,304,305,306,307,308,309,310,311,312,313,314,315,316,317,318,319,320,321,322,323,324,325,326,327,328,329,330,331,332,333,334,335,336,337,338,339,340,341,342,343,344,345,346,347,348,349,350,351,352,353) have mixed types. Specify dtype option on import or set low_memory=False.
Precision and F-score are ill-defined and being set to 0.0 in labels with no predicted samples. Use `zero_division` parameter to control this behavior.
Columns (0,3,4,5,6,7,8,9,10,11,12,13,14,15,16,17,18,19,20,21,22,23,24,25,26,27,28,29,30,31,32,33,34,35,36,37,38,39,40,41,42,43,44,45,46,47,48,49,50,51,52,53,54,55,56,57,58,59,60,61,62,63,64,65,66,67,68,69,70,71,72,73,74,75,76,77,78,79,80,81,82,83,84,85,86,87,88,89,90,91,92,93,94,95,96,97,98,99,100,101,102,103,104,105,106,107,108,109,110,111,112,113,114,115,116,117,118,119,120,121,122,123,124,125,126,127,128,129,130,131,132,133,134,135,136,137,138,139,140,141,142,143,144,145,146,147,148,149,150,151,152,153,154,155,156,157,158,159,160,161,162,163,164,165,166,167,168,169,170,171,172,173,174,175,176,177,178,179,180,181,182,183,184,185,186,187,188,189,190,191,192,193,194,195,196,197,198,199,200,201,202,203,204,205,206,207,208,209,210,211,212,213,214,215,216,217,218,219,220,221,222,223,224,225,226,227,228,229,230,231,232,233,234,235,236,237,238,239,240,241,242,243,244,245,246,247,248,249,250,251,252,253,254,255,256,257,258,259,260,261,262,263,264,265,266,267,268,269,270,271,272,273,274,275,276,277,278,279,280,282,284,285,286,287,288,289,290,291,292,293,294,295,296,297,298,299,300,301,302,303,304,305,306,307,308,309,310,311,312,313,314,315,316,317,318,319,320,321,322,323,324,325,326,327,328,329,330,331,332,333,334,335,336,337,338,339,340,341,342,343,344,345,346,347,348,349,350,351,352,353) have mixed types. Specify dtype option on import or set low_memory=False.
Precision and F-score are ill-defined and being set to 0.0 in labels with no predicted samples. Use `zero_division` parameter to control this behavior.
Columns (0,3,4,5,6,7,8,9,10,11,12,13,14,15,16,17,18,19,20,21,22,23,24,25,26,27,28,29,30,31,32,33,34,35,36,37,38,39,40,41,42,43,44,45,46,47,48,49,50,51,52,53,54,55,56,57,58,59,60,61,62,63,64,65,66,67,68,69,70,71,72,73,74,75,76,77,78,79,80,81,82,83,84,85,86,87,88,89,90,91,92,93,94,95,96,97,98,99,100,101,102,103,104,105,106,107,108,109,110,111,112,113,114,115,116,117,118,119,120,121,122,123,124,125,126,127,128,129,130,131,132,133,134,135,136,137,138,139,140,141,142,143,144,145,146,147,148,149,150,151,152,153,154,155,156,157,158,159,160,161,162,163,164,165,166,167,168,169,170,171,172,173,174,175,176,177,178,179,180,181,182,183,184,185,186,187,188,189,190,191,192,193,194,195,196,197,198,199,200,201,202,203,204,205,206,207,208,209,210,211,212,213,214,215,216,217,218,219,220,221,222,223,224,225,226,227,228,229,230,231,232,233,234,235,236,237,238,239,240,241,242,243,244,245,246,247,248,249,250,251,252,253,254,255,256,257,258,259,260,261,262,263,264,265,266,267,268,269,270,271,272,273,274,275,276,277,278,279,280,282,284,285,286,287,288,289,290,291,292,293,294,295,296,297,298,299,300,301,302,303,304,305,306,307,308,309,310,311,312,313,314,315,316,317,318,319,320,321,322,323,324,325,326,327,328,329,330,331,332,333,334,335,336,337,338,339,340,341,342,343,344,345,346,347,348,349,350,351,352,353) have mixed types. Specify dtype option on import or set low_memory=False.
Precision and F-score are ill-defined and being set to 0.0 in labels with no predicted samples. Use `zero_division` parameter to control this behavior.
Columns (0,3,4,5,6,7,8,9,10,11,12,13,14,15,16,17,18,19,20,21,22,23,24,25,26,27,28,29,30,31,32,33,34,35,36,37,38,39,40,41,42,43,44,45,46,47,48,49,50,51,52,53,54,55,56,57,58,59,60,61,62,63,64,65,66,67,68,69,70,71,72,73,74,75,76,77,78,79,80,81,82,83,84,85,86,87,88,89,90,91,92,93,94,95,96,97,98,99,100,101,102,103,104,105,106,107,108,109,110,111,112,113,114,115,116,117,118,119,120,121,122,123,124,125,126,127,128,129,130,131,132,133,134,135,136,137,138,139,140,141,142,143,144,145,146,147,148,149,150,151,152,153,154,155,156,157,158,159,160,161,162,163,164,165,166,167,168,169,170,171,172,173,174,175,176,177,178,179,180,181,182,183,184,185,186,187,188,189,190,191,192,193,194,195,196,197,198,199,200,201,202,203,204,205,206,207,208,209,210,211,212,213,214,215,216,217,218,219,220,221,222,223,224,225,226,227,228,229,230,231,232,233,234,235,236,237,238,239,240,241,242,243,244,245,246,247,248,249,250,251,252,253,254,255,256,257,258,259,260,261,262,263,264,265,266,267,268,269,270,271,272,273,274,275,276,277,278,279,280,282,284,285,286,287,288,289,290,291,292,293,294,295,296,297,298,299,300,301,302,303,304,305,306,307,308,309,310,311,312,313,314,315,316,317,318,319,320,321,322,323,324,325,326,327,328,329,330,331,332,333,334,335,336,337,338,339,340,341,342,343,344,345,346,347,348,349,350,351,352,353) have mixed types. Specify dtype option on import or set low_memory=False.
Precision and F-score are ill-defined and being set to 0.0 in labels with no predicted samples. Use `zero_division` parameter to control this behavior.
Columns (0,3,4,5,6,7,8,9,10,11,12,13,14,15,16,17,18,19,20,21,22,23,24,25,26,27,28,29,30,31,32,33,34,35,36,37,38,39,40,41,42,43,44,45,46,47,48,49,50,51,52,53,54,55,56,57,58,59,60,61,62,63,64,65,66,67,68,69,70,71,72,73,74,75,76,77,78,79,80,81,82,83,84,85,86,87,88,89,90,91,92,93,94,95,96,97,98,99,100,101,102,103,104,105,106,107,108,109,110,111,112,113,114,115,116,117,118,119,120,121,122,123,124,125,126,127,128,129,130,131,132,133,134,135,136,137,138,139,140,141,142,143,144,145,146,147,148,149,150,151,152,153,154,155,156,157,158,159,160,161,162,163,164,165,166,167,168,169,170,171,172,173,174,175,176,177,178,179,180,181,182,183,184,185,186,187,188,189,190,191,192,193,194,195,196,197,198,199,200,201,202,203,204,205,206,207,208,209,210,211,212,213,214,215,216,217,218,219,220,221,222,223,224,225,226,227,228,229,230,231,232,233,234,235,236,237,238,239,240,241,242,243,244,245,246,247,248,249,250,251,252,253,254,255,256,257,258,259,260,261,262,263,264,265,266,267,268,269,270,271,272,273,274,275,276,277,278,279,280,282,284,285,286,287,288,289,290,291,292,293,294,295,296,297,298,299,300,301,302,303,304,305,306,307,308,309,310,311,312,313,314,315,316,317,318,319,320,321,322,323,324,325,326,327,328,329,330,331,332,333,334,335,336,337,338,339,340,341,342,343,344,345,346,347,348,349,350,351,352,353) have mixed types. Specify dtype option on import or set low_memory=False.
Precision and F-score are ill-defined and being set to 0.0 in labels with no predicted samples. Use `zero_division` parameter to control this behavior.
iter: 0, sample_no: 156, actual label: 1, predicted: 1
iter: 1, sample_no: 194, actual label: 0, predicted: 1
iter: 2, sample_no: 21, actual label: 0, predicted: 1
iter: 3, sample_no: 220, actual label: 0, predicted: 1
iter: 4, sample_no: 179, actual label: 1, predicted: 1
iter: 5, sample_no: 22, actual label: 1, predicted: 1
iter: 6, sample_no: 305, actual label: 0, predicted: 1
iter: 7, sample_no: 261, actual label: 0, predicted: 1
iter: 8, sample_no: 164, actual label: 1, predicted: 1
iter: 9, sample_no: 391, actual label: 0, predicted: 1
iter: 10, sample_no: 169, actual label: 0, predicted: 1
iter: 11, sample_no: 98, actual label: 1, predicted: 1
iter: 12, sample_no: 67, actual label: 0, predicted: 1
iter: 13, sample_no: 27, actual label: 0, predicted: 1
iter: 14, sample_no: 154, actual label: 1, predicted: 1
iter: 15, sample_no: 137, actual label: 1, predicted: 1
iter: 16, sample_no: 147, actual label: 1, predicted: 1
iter: 17, sample_no: 186, actual label: 0, predicted: 1
iter: 18, sample_no: 348, actual label: 0, predicted: 1
iter: 19, sample_no: 374, actual label: 1, predicted: 1
iter: 20, sample_no: 22, actual label: 1, predicted: 1
iter: 21, sample_no: 294, actual label: 1, predicted: 1
iter: 22, sample_no: 167, actual label: 1, predicted: 1
iter: 23, sample_no: 298, actual label: 1, predicted: 1
iter: 24, sample_no: 154, actual label: 1, predicted: 1
number of samples: 393
AUC 0.5
pos_get 142
total recall stop_at 1.0
----------threshold stop at----------: 1
AUC [0.5, 0.5, 0.5, 0.5, 0.5, 0.5, 0.5, 0.5, 0.5, 0.5]
AUC_median 0.5
AUC_iqr 0.0
cost [0.9694656488549618, 0.9694656488549618, 0.9694656488549618, 0.9694656488549618, 0.9694656488549618, 0.9694656488549618, 0.9694656488549618, 0.9694656488549618, 0.9694656488549618, 0.9694656488549618]
COST_med 0.9694656488549618
COST_iqr 0.0
f1_pos_list [0.5308411214953271, 0.5308411214953271, 0.5308411214953271, 0.5308411214953271, 0.5308411214953271, 0.5308411214953271, 0.5308411214953271, 0.5308411214953271, 0.5308411214953271, 0.5308411214953271]
f1_pos_med 0.5308411214953271
