@@@ A - classifier: DummyClassifier(constant=1, random_state=None, strategy='constant')
@@@ B - threshold stop at: 1
@@@ C - Repeat number: 1
@@@ D - common_header:  {'F3-Date', 'F71-pmouawad@apache.org', 'F3-InterleaveControl.IGNORE_SUB_CONTROLLERS', 'F120', 'F101', 'F3-NA', 'F3-long', 'F3-int', 'category', 'F15-private', 'F15-public', 'F71-sebb@apache.org', 'F71-alf@apache.org', 'F71-mkostrze@apache.org', 'F126', 'F117', 'F3-JMeterTreeNode', 'F3-boolean', 'F71-jeremy_a@apache.org', 'F41', 'F3-StringProperty', 'F104', 'F3-TestElementProperty', 'F71-woolfel@apache.org', 'F110', 'F72', 'F71-oros@apache.org', 'F71-jsalvata@apache.org', 'F71-thads@apache.org', 'F123', 'F15-protected', 'F3-((ThroughputController)el).getMaxThroughput()', 'F71-dims@apache.org', 'F68', 'F22', 'F3-String', 'F3-CollectionProperty', 'F116', 'F115', 'F71-seade@apache.org', 'F71-mblankestijn@apache.org', 'F3-GenericController', 'F3-byte[]', 'F105', 'F3-String[]', 'F71-milamber@apache.org', 'F3-TextMessage', 'F15-NA', 'F71-mstover1@apache.org', 'F71-dev-null@apache.org', 'F25', 'F3-JMeterFileFilter', 'F65', 'F77'}
     F72           ...           F71-mstover1@apache.org
1  13325           ...                                 0
2  13325           ...                                 1
3   7508           ...                                 0

[3 rows x 53 columns]
;.;
        F72           ...             F71-mstover1@apache.org
0  1.000000           ...                                 0.0
1  1.000000           ...                                 1.0
2  0.257373           ...                                 0.0

[3 rows x 53 columns]
training_x: (5, 53)
training_y: 5
testset_x: (13, 53)
testset_y: 13
              precision    recall  f1-score   support

           0       0.00      0.00      0.00         7
           1       0.46      1.00      0.63         6

    accuracy                           0.46        13
   macro avg       0.23      0.50      0.32        13
weighted avg       0.21      0.46      0.29        13

accuracy: 0.46153846153846156
0.631578947368421
@@@ tn: 0, fp: 7, fn: 0, tp: 6
@@@ LIME - Creating explainer
@@@ LIME - Random Sampling of Instances
iter: 0, sample_no: 4, actual label: 0, predicted: 1
iter: 1, sample_no: 7, actual label: 0, predicted: 1
iter: 2, sample_no: 1, actual label: 1, predicted: 1
iter: 3, sample_no: 12, actual label: 0, predicted: 1
iter: 4, sample_no: 9, actual label: 0, predicted: 1
iter: 5, sample_no: 3, actual label: 1, predicted: 1
iter: 6, sample_no: 3, actual label: 1, predicted: 1
iter: 7, sample_no: 12, actual label: 0, predicted: 1
iter: 8, sample_no: 8, actual label: 1, predicted: 1
iter: 9, sample_no: 3, actual label: 1, predicted: 1
iter: 10, sample_no: 4, actual label: 0, predicted: 1
iter: 11, sample_no: 1, actual label: 1, predicted: 1
iter: 12, sample_no: 2, actual label: 0, predicted: 1
iter: 13, sample_no: 9, actual label: 0, predicted: 1
iter: 14, sample_no: 8, actual label: 1, predicted: 1
iter: 15, sample_no: 0, actual label: 1, predicted: 1
iter: 16, sample_no: 0, actual label: 1, predicted: 1
iter: 17, sample_no: 5, actual label: 0, predicted: 1
iter: 18, sample_no: 8, actual label: 1, predicted: 1
iter: 19, sample_no: 0, actual label: 1, predicted: 1
iter: 20, sample_no: 1, actual label: 1, predicted: 1
iter: 21, sample_no: 2, actual label: 0, predicted: 1
iter: 22, sample_no: 12, actual label: 0, predicted: 1
iter: 23, sample_no: 0, actual label: 1, predicted: 1
iter: 24, sample_no: 11, actual label: 0, predicted: 1
number of samples: 13
AUC 0.5
pos_get 6
total recall stop_at 1
@@@ C - Repeat number: 2
@@@ D - common_header:  {'F3-Date', 'F71-pmouawad@apache.org', 'F3-InterleaveControl.IGNORE_SUB_CONTROLLERS', 'F120', 'F101', 'F3-NA', 'F3-long', 'F3-int', 'category', 'F15-private', 'F15-public', 'F71-sebb@apache.org', 'F71-alf@apache.org', 'F71-mkostrze@apache.org', 'F126', 'F117', 'F3-JMeterTreeNode', 'F3-boolean', 'F71-jeremy_a@apache.org', 'F41', 'F3-StringProperty', 'F104', 'F3-TestElementProperty', 'F71-woolfel@apache.org', 'F110', 'F72', 'F71-oros@apache.org', 'F71-jsalvata@apache.org', 'F71-thads@apache.org', 'F123', 'F15-protected', 'F3-((ThroughputController)el).getMaxThroughput()', 'F71-dims@apache.org', 'F68', 'F22', 'F3-String', 'F3-CollectionProperty', 'F116', 'F115', 'F71-seade@apache.org', 'F71-mblankestijn@apache.org', 'F3-GenericController', 'F3-byte[]', 'F105', 'F3-String[]', 'F71-milamber@apache.org', 'F3-TextMessage', 'F15-NA', 'F71-mstover1@apache.org', 'F71-dev-null@apache.org', 'F25', 'F3-JMeterFileFilter', 'F65', 'F77'}
     F72           ...           F71-mstover1@apache.org
1  13325           ...                                 0
2  13325           ...                                 1
3   7508           ...                                 0

[3 rows x 53 columns]
;.;
        F72           ...             F71-mstover1@apache.org
0  1.000000           ...                                 0.0
1  1.000000           ...                                 1.0
2  0.257373           ...                                 0.0

[3 rows x 53 columns]
training_x: (5, 53)
training_y: 5
testset_x: (13, 53)
testset_y: 13
              precision    recall  f1-score   support

           0       0.00      0.00      0.00         7
           1       0.46      1.00      0.63         6

    accuracy                           0.46        13
   macro avg       0.23      0.50      0.32        13
weighted avg       0.21      0.46      0.29        13

accuracy: 0.46153846153846156
0.631578947368421
@@@ tn: 0, fp: 7, fn: 0, tp: 6
@@@ LIME - Creating explainer
@@@ LIME - Random Sampling of Instances
iter: 0, sample_no: 4, actual label: 0, predicted: 1
iter: 1, sample_no: 0, actual label: 1, predicted: 1
iter: 2, sample_no: 2, actual label: 0, predicted: 1
iter: 3, sample_no: 8, actual label: 1, predicted: 1
iter: 4, sample_no: 4, actual label: 0, predicted: 1
iter: 5, sample_no: 0, actual label: 1, predicted: 1
iter: 6, sample_no: 8, actual label: 1, predicted: 1
iter: 7, sample_no: 8, actual label: 1, predicted: 1
iter: 8, sample_no: 1, actual label: 1, predicted: 1
iter: 9, sample_no: 5, actual label: 0, predicted: 1
iter: 10, sample_no: 6, actual label: 1, predicted: 1
iter: 11, sample_no: 1, actual label: 1, predicted: 1
iter: 12, sample_no: 7, actual label: 0, predicted: 1
iter: 13, sample_no: 1, actual label: 1, predicted: 1
iter: 14, sample_no: 5, actual label: 0, predicted: 1
iter: 15, sample_no: 8, actual label: 1, predicted: 1
iter: 16, sample_no: 5, actual label: 0, predicted: 1
iter: 17, sample_no: 11, actual label: 0, predicted: 1
iter: 18, sample_no: 8, actual label: 1, predicted: 1
iter: 19, sample_no: 2, actual label: 0, predicted: 1
iter: 20, sample_no: 7, actual label: 0, predicted: 1
iter: 21, sample_no: 0, actual label: 1, predicted: 1
iter: 22, sample_no: 0, actual label: 1, predicted: 1
iter: 23, sample_no: 11, actual label: 0, predicted: 1
iter: 24, sample_no: 7, actual label: 0, predicted: 1
number of samples: 13
AUC 0.5
pos_get 6
total recall stop_at 1
@@@ C - Repeat number: 3
@@@ D - common_header:  {'F3-Date', 'F71-pmouawad@apache.org', 'F3-InterleaveControl.IGNORE_SUB_CONTROLLERS', 'F120', 'F101', 'F3-NA', 'F3-long', 'F3-int', 'category', 'F15-private', 'F15-public', 'F71-sebb@apache.org', 'F71-alf@apache.org', 'F71-mkostrze@apache.org', 'F126', 'F117', 'F3-JMeterTreeNode', 'F3-boolean', 'F71-jeremy_a@apache.org', 'F41', 'F3-StringProperty', 'F104', 'F3-TestElementProperty', 'F71-woolfel@apache.org', 'F110', 'F72', 'F71-oros@apache.org', 'F71-jsalvata@apache.org', 'F71-thads@apache.org', 'F123', 'F15-protected', 'F3-((ThroughputController)el).getMaxThroughput()', 'F71-dims@apache.org', 'F68', 'F22', 'F3-String', 'F3-CollectionProperty', 'F116', 'F115', 'F71-seade@apache.org', 'F71-mblankestijn@apache.org', 'F3-GenericController', 'F3-byte[]', 'F105', 'F3-String[]', 'F71-milamber@apache.org', 'F3-TextMessage', 'F15-NA', 'F71-mstover1@apache.org', 'F71-dev-null@apache.org', 'F25', 'F3-JMeterFileFilter', 'F65', 'F77'}
     F72           ...           F71-mstover1@apache.org
1  13325           ...                                 0
2  13325           ...                                 1
3   7508           ...                                 0

[3 rows x 53 columns]
;.;
        F72           ...             F71-mstover1@apache.org
0  1.000000           ...                                 0.0
1  1.000000           ...                                 1.0
2  0.257373           ...                                 0.0

[3 rows x 53 columns]
training_x: (5, 53)
training_y: 5
testset_x: (13, 53)
testset_y: 13
              precision    recall  f1-score   support

           0       0.00      0.00      0.00         7
           1       0.46      1.00      0.63         6

    accuracy                           0.46        13
   macro avg       0.23      0.50      0.32        13
weighted avg       0.21      0.46      0.29        13

accuracy: 0.46153846153846156
0.631578947368421
@@@ tn: 0, fp: 7, fn: 0, tp: 6
@@@ LIME - Creating explainer
@@@ LIME - Random Sampling of Instances
iter: 0, sample_no: 11, actual label: 0, predicted: 1
iter: 1, sample_no: 1, actual label: 1, predicted: 1
iter: 2, sample_no: 12, actual label: 0, predicted: 1
iter: 3, sample_no: 7, actual label: 0, predicted: 1
iter: 4, sample_no: 0, actual label: 1, predicted: 1
iter: 5, sample_no: 2, actual label: 0, predicted: 1
iter: 6, sample_no: 5, actual label: 0, predicted: 1
iter: 7, sample_no: 9, actual label: 0, predicted: 1
iter: 8, sample_no: 12, actual label: 0, predicted: 1
iter: 9, sample_no: 5, actual label: 0, predicted: 1
iter: 10, sample_no: 1, actual label: 1, predicted: 1
iter: 11, sample_no: 7, actual label: 0, predicted: 1
iter: 12, sample_no: 11, actual label: 0, predicted: 1
iter: 13, sample_no: 3, actual label: 1, predicted: 1
iter: 14, sample_no: 3, actual label: 1, predicted: 1
iter: 15, sample_no: 11, actual label: 0, predicted: 1
iter: 16, sample_no: 4, actual label: 0, predicted: 1
iter: 17, sample_no: 0, actual label: 1, predicted: 1
iter: 18, sample_no: 4, actual label: 0, predicted: 1
iter: 19, sample_no: 0, actual label: 1, predicted: 1
iter: 20, sample_no: 8, actual label: 1, predicted: 1
iter: 21, sample_no: 10, actual label: 1, predicted: 1
iter: 22, sample_no: 4, actual label: 0, predicted: 1
iter: 23, sample_no: 11, actual label: 0, predicted: 1
iter: 24, sample_no: 5, actual label: 0, predicted: 1
number of samples: 13
AUC 0.5
pos_get 6
total recall stop_at 1
@@@ C - Repeat number: 4
@@@ D - common_header:  {'F3-Date', 'F71-pmouawad@apache.org', 'F3-InterleaveControl.IGNORE_SUB_CONTROLLERS', 'F120', 'F101', 'F3-NA', 'F3-long', 'F3-int', 'category', 'F15-private', 'F15-public', 'F71-sebb@apache.org', 'F71-alf@apache.org', 'F71-mkostrze@apache.org', 'F126', 'F117', 'F3-JMeterTreeNode', 'F3-boolean', 'F71-jeremy_a@apache.org', 'F41', 'F3-StringProperty', 'F104', 'F3-TestElementProperty', 'F71-woolfel@apache.org', 'F110', 'F72', 'F71-oros@apache.org', 'F71-jsalvata@apache.org', 'F71-thads@apache.org', 'F123', 'F15-protected', 'F3-((ThroughputController)el).getMaxThroughput()', 'F71-dims@apache.org', 'F68', 'F22', 'F3-String', 'F3-CollectionProperty', 'F116', 'F115', 'F71-seade@apache.org', 'F71-mblankestijn@apache.org', 'F3-GenericController', 'F3-byte[]', 'F105', 'F3-String[]', 'F71-milamber@apache.org', 'F3-TextMessage', 'F15-NA', 'F71-mstover1@apache.org', 'F71-dev-null@apache.org', 'F25', 'F3-JMeterFileFilter', 'F65', 'F77'}
     F72           ...           F71-mstover1@apache.org
1  13325           ...                                 0
2  13325           ...                                 1
3   7508           ...                                 0

[3 rows x 53 columns]
;.;
        F72           ...             F71-mstover1@apache.org
0  1.000000           ...                                 0.0
1  1.000000           ...                                 1.0
2  0.257373           ...                                 0.0

[3 rows x 53 columns]
training_x: (5, 53)
training_y: 5
testset_x: (13, 53)
testset_y: 13
              precision    recall  f1-score   support

           0       0.00      0.00      0.00         7
           1       0.46      1.00      0.63         6

    accuracy                           0.46        13
   macro avg       0.23      0.50      0.32        13
weighted avg       0.21      0.46      0.29        13

accuracy: 0.46153846153846156
0.631578947368421
@@@ tn: 0, fp: 7, fn: 0, tp: 6
@@@ LIME - Creating explainer
@@@ LIME - Random Sampling of Instances
iter: 0, sample_no: 5, actual label: 0, predicted: 1
iter: 1, sample_no: 11, actual label: 0, predicted: 1
iter: 2, sample_no: 7, actual label: 0, predicted: 1
iter: 3, sample_no: 0, actual label: 1, predicted: 1
iter: 4, sample_no: 7, actual label: 0, predicted: 1
iter: 5, sample_no: 0, actual label: 1, predicted: 1
iter: 6, sample_no: 1, actual label: 1, predicted: 1
iter: 7, sample_no: 4, actual label: 0, predicted: 1
iter: 8, sample_no: 8, actual label: 1, predicted: 1
iter: 9, sample_no: 1, actual label: 1, predicted: 1
iter: 10, sample_no: 0, actual label: 1, predicted: 1
iter: 11, sample_no: 10, actual label: 1, predicted: 1
iter: 12, sample_no: 5, actual label: 0, predicted: 1
iter: 13, sample_no: 7, actual label: 0, predicted: 1
iter: 14, sample_no: 0, actual label: 1, predicted: 1
iter: 15, sample_no: 7, actual label: 0, predicted: 1
iter: 16, sample_no: 7, actual label: 0, predicted: 1
iter: 17, sample_no: 6, actual label: 1, predicted: 1
iter: 18, sample_no: 2, actual label: 0, predicted: 1
iter: 19, sample_no: 4, actual label: 0, predicted: 1
iter: 20, sample_no: 3, actual label: 1, predicted: 1
iter: 21, sample_no: 5, actual label: 0, predicted: 1
iter: 22, sample_no: 11, actual label: 0, predicted: 1
iter: 23, sample_no: 0, actual label: 1, predicted: 1
iter: 24, sample_no: 2, actual label: 0, predicted: 1
number of samples: 13
AUC 0.5
pos_get 6
total recall stop_at 1
@@@ C - Repeat number: 5
@@@ D - common_header:  {'F3-Date', 'F71-pmouawad@apache.org', 'F3-InterleaveControl.IGNORE_SUB_CONTROLLERS', 'F120', 'F101', 'F3-NA', 'F3-long', 'F3-int', 'category', 'F15-private', 'F15-public', 'F71-sebb@apache.org', 'F71-alf@apache.org', 'F71-mkostrze@apache.org', 'F126', 'F117', 'F3-JMeterTreeNode', 'F3-boolean', 'F71-jeremy_a@apache.org', 'F41', 'F3-StringProperty', 'F104', 'F3-TestElementProperty', 'F71-woolfel@apache.org', 'F110', 'F72', 'F71-oros@apache.org', 'F71-jsalvata@apache.org', 'F71-thads@apache.org', 'F123', 'F15-protected', 'F3-((ThroughputController)el).getMaxThroughput()', 'F71-dims@apache.org', 'F68', 'F22', 'F3-String', 'F3-CollectionProperty', 'F116', 'F115', 'F71-seade@apache.org', 'F71-mblankestijn@apache.org', 'F3-GenericController', 'F3-byte[]', 'F105', 'F3-String[]', 'F71-milamber@apache.org', 'F3-TextMessage', 'F15-NA', 'F71-mstover1@apache.org', 'F71-dev-null@apache.org', 'F25', 'F3-JMeterFileFilter', 'F65', 'F77'}
     F72           ...           F71-mstover1@apache.org
1  13325           ...                                 0
2  13325           ...                                 1
3   7508           ...                                 0

[3 rows x 53 columns]
;.;
        F72           ...             F71-mstover1@apache.org
0  1.000000           ...                                 0.0
1  1.000000           ...                                 1.0
2  0.257373           ...                                 0.0

[3 rows x 53 columns]
training_x: (5, 53)
training_y: 5
testset_x: (13, 53)
testset_y: 13
              precision    recall  f1-score   support

           0       0.00      0.00      0.00         7
           1       0.46      1.00      0.63         6

    accuracy                           0.46        13
   macro avg       0.23      0.50      0.32        13
weighted avg       0.21      0.46      0.29        13

accuracy: 0.46153846153846156
0.631578947368421
@@@ tn: 0, fp: 7, fn: 0, tp: 6
@@@ LIME - Creating explainer
@@@ LIME - Random Sampling of Instances
iter: 0, sample_no: 7, actual label: 0, predicted: 1
iter: 1, sample_no: 0, actual label: 1, predicted: 1
iter: 2, sample_no: 4, actual label: 0, predicted: 1
iter: 3, sample_no: 1, actual label: 1, predicted: 1
iter: 4, sample_no: 12, actual label: 0, predicted: 1
iter: 5, sample_no: 2, actual label: 0, predicted: 1
iter: 6, sample_no: 6, actual label: 1, predicted: 1
iter: 7, sample_no: 4, actual label: 0, predicted: 1
iter: 8, sample_no: 4, actual label: 0, predicted: 1
iter: 9, sample_no: 4, actual label: 0, predicted: 1
iter: 10, sample_no: 10, actual label: 1, predicted: 1
iter: 11, sample_no: 0, actual label: 1, predicted: 1
iter: 12, sample_no: 4, actual label: 0, predicted: 1
iter: 13, sample_no: 5, actual label: 0, predicted: 1
iter: 14, sample_no: 6, actual label: 1, predicted: 1
iter: 15, sample_no: 11, actual label: 0, predicted: 1
iter: 16, sample_no: 11, actual label: 0, predicted: 1
iter: 17, sample_no: 7, actual label: 0, predicted: 1
iter: 18, sample_no: 3, actual label: 1, predicted: 1
iter: 19, sample_no: 9, actual label: 0, predicted: 1
iter: 20, sample_no: 8, actual label: 1, predicted: 1
iter: 21, sample_no: 6, actual label: 1, predicted: 1
iter: 22, sample_no: 3, actual label: 1, predicted: 1
iter: 23, sample_no: 0, actual label: 1, predicted: 1
iter: 24, sample_no: 11, actual label: 0, predicted: 1
number of samples: 13
AUC 0.5
pos_get 6
total recall stop_at 1
@@@ C - Repeat number: 6
@@@ D - common_header:  {'F3-Date', 'F71-pmouawad@apache.org', 'F3-InterleaveControl.IGNORE_SUB_CONTROLLERS', 'F120', 'F101', 'F3-NA', 'F3-long', 'F3-int', 'category', 'F15-private', 'F15-public', 'F71-sebb@apache.org', 'F71-alf@apache.org', 'F71-mkostrze@apache.org', 'F126', 'F117', 'F3-JMeterTreeNode', 'F3-boolean', 'F71-jeremy_a@apache.org', 'F41', 'F3-StringProperty', 'F104', 'F3-TestElementProperty', 'F71-woolfel@apache.org', 'F110', 'F72', 'F71-oros@apache.org', 'F71-jsalvata@apache.org', 'F71-thads@apache.org', 'F123', 'F15-protected', 'F3-((ThroughputController)el).getMaxThroughput()', 'F71-dims@apache.org', 'F68', 'F22', 'F3-String', 'F3-CollectionProperty', 'F116', 'F115', 'F71-seade@apache.org', 'F71-mblankestijn@apache.org', 'F3-GenericController', 'F3-byte[]', 'F105', 'F3-String[]', 'F71-milamber@apache.org', 'F3-TextMessage', 'F15-NA', 'F71-mstover1@apache.org', 'F71-dev-null@apache.org', 'F25', 'F3-JMeterFileFilter', 'F65', 'F77'}
     F72           ...           F71-mstover1@apache.org
1  13325           ...                                 0
2  13325           ...                                 1
3   7508           ...                                 0

[3 rows x 53 columns]
;.;
        F72           ...             F71-mstover1@apache.org
0  1.000000           ...                                 0.0
1  1.000000           ...                                 1.0
2  0.257373           ...                                 0.0

[3 rows x 53 columns]
training_x: (5, 53)
training_y: 5
testset_x: (13, 53)
testset_y: 13
              precision    recall  f1-score   support

           0       0.00      0.00      0.00         7
           1       0.46      1.00      0.63         6

    accuracy                           0.46        13
   macro avg       0.23      0.50      0.32        13
weighted avg       0.21      0.46      0.29        13

accuracy: 0.46153846153846156
0.631578947368421
@@@ tn: 0, fp: 7, fn: 0, tp: 6
@@@ LIME - Creating explainer
@@@ LIME - Random Sampling of Instances
iter: 0, sample_no: 0, actual label: 1, predicted: 1
iter: 1, sample_no: 9, actual label: 0, predicted: 1
iter: 2, sample_no: 11, actual label: 0, predicted: 1
iter: 3, sample_no: 1, actual label: 1, predicted: 1
iter: 4, sample_no: 9, actual label: 0, predicted: 1
iter: 5, sample_no: 4, actual label: 0, predicted: 1
iter: 6, sample_no: 0, actual label: 1, predicted: 1
iter: 7, sample_no: 11, actual label: 0, predicted: 1
iter: 8, sample_no: 6, actual label: 1, predicted: 1
iter: 9, sample_no: 0, actual label: 1, predicted: 1
iter: 10, sample_no: 1, actual label: 1, predicted: 1
iter: 11, sample_no: 0, actual label: 1, predicted: 1
iter: 12, sample_no: 10, actual label: 1, predicted: 1
iter: 13, sample_no: 9, actual label: 0, predicted: 1
iter: 14, sample_no: 0, actual label: 1, predicted: 1
iter: 15, sample_no: 12, actual label: 0, predicted: 1
iter: 16, sample_no: 12, actual label: 0, predicted: 1
iter: 17, sample_no: 8, actual label: 1, predicted: 1
iter: 18, sample_no: 12, actual label: 0, predicted: 1
iter: 19, sample_no: 10, actual label: 1, predicted: 1
iter: 20, sample_no: 0, actual label: 1, predicted: 1
iter: 21, sample_no: 11, actual label: 0, predicted: 1
iter: 22, sample_no: 11, actual label: 0, predicted: 1
iter: 23, sample_no: 4, actual label: 0, predicted: 1
iter: 24, sample_no: 0, actual label: 1, predicted: 1
number of samples: 13
AUC 0.5
pos_get 6
total recall stop_at 1
@@@ C - Repeat number: 7
@@@ D - common_header:  {'F3-Date', 'F71-pmouawad@apache.org', 'F3-InterleaveControl.IGNORE_SUB_CONTROLLERS', 'F120', 'F101', 'F3-NA', 'F3-long', 'F3-int', 'category', 'F15-private', 'F15-public', 'F71-sebb@apache.org', 'F71-alf@apache.org', 'F71-mkostrze@apache.org', 'F126', 'F117', 'F3-JMeterTreeNode', 'F3-boolean', 'F71-jeremy_a@apache.org', 'F41', 'F3-StringProperty', 'F104', 'F3-TestElementProperty', 'F71-woolfel@apache.org', 'F110', 'F72', 'F71-oros@apache.org', 'F71-jsalvata@apache.org', 'F71-thads@apache.org', 'F123', 'F15-protected', 'F3-((ThroughputController)el).getMaxThroughput()', 'F71-dims@apache.org', 'F68', 'F22', 'F3-String', 'F3-CollectionProperty', 'F116', 'F115', 'F71-seade@apache.org', 'F71-mblankestijn@apache.org', 'F3-GenericController', 'F3-byte[]', 'F105', 'F3-String[]', 'F71-milamber@apache.org', 'F3-TextMessage', 'F15-NA', 'F71-mstover1@apache.org', 'F71-dev-null@apache.org', 'F25', 'F3-JMeterFileFilter', 'F65', 'F77'}
     F72           ...           F71-mstover1@apache.org
1  13325           ...                                 0
2  13325           ...                                 1
3   7508           ...                                 0

[3 rows x 53 columns]
;.;
        F72           ...             F71-mstover1@apache.org
0  1.000000           ...                                 0.0
1  1.000000           ...                                 1.0
2  0.257373           ...                                 0.0

[3 rows x 53 columns]
training_x: (5, 53)
training_y: 5
testset_x: (13, 53)
testset_y: 13
              precision    recall  f1-score   support

           0       0.00      0.00      0.00         7
           1       0.46      1.00      0.63         6

    accuracy                           0.46        13
   macro avg       0.23      0.50      0.32        13
weighted avg       0.21      0.46      0.29        13

accuracy: 0.46153846153846156
0.631578947368421
@@@ tn: 0, fp: 7, fn: 0, tp: 6
@@@ LIME - Creating explainer
@@@ LIME - Random Sampling of Instances
iter: 0, sample_no: 10, actual label: 1, predicted: 1
iter: 1, sample_no: 4, actual label: 0, predicted: 1
iter: 2, sample_no: 3, actual label: 1, predicted: 1
iter: 3, sample_no: 4, actual label: 0, predicted: 1
iter: 4, sample_no: 4, actual label: 0, predicted: 1
iter: 5, sample_no: 4, actual label: 0, predicted: 1
iter: 6, sample_no: 3, actual label: 1, predicted: 1
iter: 7, sample_no: 12, actual label: 0, predicted: 1
iter: 8, sample_no: 1, actual label: 1, predicted: 1
iter: 9, sample_no: 4, actual label: 0, predicted: 1
iter: 10, sample_no: 8, actual label: 1, predicted: 1
iter: 11, sample_no: 10, actual label: 1, predicted: 1
iter: 12, sample_no: 0, actual label: 1, predicted: 1
iter: 13, sample_no: 3, actual label: 1, predicted: 1
iter: 14, sample_no: 11, actual label: 0, predicted: 1
iter: 15, sample_no: 0, actual label: 1, predicted: 1
iter: 16, sample_no: 11, actual label: 0, predicted: 1
iter: 17, sample_no: 3, actual label: 1, predicted: 1
iter: 18, sample_no: 2, actual label: 0, predicted: 1
iter: 19, sample_no: 6, actual label: 1, predicted: 1
iter: 20, sample_no: 1, actual label: 1, predicted: 1
iter: 21, sample_no: 2, actual label: 0, predicted: 1
iter: 22, sample_no: 3, actual label: 1, predicted: 1
iter: 23, sample_no: 0, actual label: 1, predicted: 1
iter: 24, sample_no: 1, actual label: 1, predicted: 1
number of samples: 13
AUC 0.5
pos_get 6
total recall stop_at 1
@@@ C - Repeat number: 8
@@@ D - common_header:  {'F3-Date', 'F71-pmouawad@apache.org', 'F3-InterleaveControl.IGNORE_SUB_CONTROLLERS', 'F120', 'F101', 'F3-NA', 'F3-long', 'F3-int', 'category', 'F15-private', 'F15-public', 'F71-sebb@apache.org', 'F71-alf@apache.org', 'F71-mkostrze@apache.org', 'F126', 'F117', 'F3-JMeterTreeNode', 'F3-boolean', 'F71-jeremy_a@apache.org', 'F41', 'F3-StringProperty', 'F104', 'F3-TestElementProperty', 'F71-woolfel@apache.org', 'F110', 'F72', 'F71-oros@apache.org', 'F71-jsalvata@apache.org', 'F71-thads@apache.org', 'F123', 'F15-protected', 'F3-((ThroughputController)el).getMaxThroughput()', 'F71-dims@apache.org', 'F68', 'F22', 'F3-String', 'F3-CollectionProperty', 'F116', 'F115', 'F71-seade@apache.org', 'F71-mblankestijn@apache.org', 'F3-GenericController', 'F3-byte[]', 'F105', 'F3-String[]', 'F71-milamber@apache.org', 'F3-TextMessage', 'F15-NA', 'F71-mstover1@apache.org', 'F71-dev-null@apache.org', 'F25', 'F3-JMeterFileFilter', 'F65', 'F77'}
     F72           ...           F71-mstover1@apache.org
1  13325           ...                                 0
2  13325           ...                                 1
3   7508           ...                                 0

[3 rows x 53 columns]
;.;
        F72           ...             F71-mstover1@apache.org
0  1.000000           ...                                 0.0
1  1.000000           ...                                 1.0
2  0.257373           ...                                 0.0

[3 rows x 53 columns]
training_x: (5, 53)
training_y: 5
testset_x: (13, 53)
testset_y: 13
              precision    recall  f1-score   support

           0       0.00      0.00      0.00         7
           1       0.46      1.00      0.63         6

    accuracy                           0.46        13
   macro avg       0.23      0.50      0.32        13
weighted avg       0.21      0.46      0.29        13

accuracy: 0.46153846153846156
0.631578947368421
@@@ tn: 0, fp: 7, fn: 0, tp: 6
@@@ LIME - Creating explainer
@@@ LIME - Random Sampling of Instances
iter: 0, sample_no: 0, actual label: 1, predicted: 1
iter: 1, sample_no: 12, actual label: 0, predicted: 1
iter: 2, sample_no: 7, actual label: 0, predicted: 1
iter: 3, sample_no: 7, actual label: 0, predicted: 1
iter: 4, sample_no: 5, actual label: 0, predicted: 1
iter: 5, sample_no: 11, actual label: 0, predicted: 1
iter: 6, sample_no: 10, actual label: 1, predicted: 1
iter: 7, sample_no: 7, actual label: 0, predicted: 1
iter: 8, sample_no: 2, actual label: 0, predicted: 1
iter: 9, sample_no: 9, actual label: 0, predicted: 1
iter: 10, sample_no: 8, actual label: 1, predicted: 1
iter: 11, sample_no: 5, actual label: 0, predicted: 1
iter: 12, sample_no: 8, actual label: 1, predicted: 1
iter: 13, sample_no: 3, actual label: 1, predicted: 1
iter: 14, sample_no: 6, actual label: 1, predicted: 1
iter: 15, sample_no: 7, actual label: 0, predicted: 1
iter: 16, sample_no: 6, actual label: 1, predicted: 1
iter: 17, sample_no: 12, actual label: 0, predicted: 1
iter: 18, sample_no: 2, actual label: 0, predicted: 1
iter: 19, sample_no: 5, actual label: 0, predicted: 1
iter: 20, sample_no: 12, actual label: 0, predicted: 1
iter: 21, sample_no: 1, actual label: 1, predicted: 1
iter: 22, sample_no: 3, actual label: 1, predicted: 1
iter: 23, sample_no: 11, actual label: 0, predicted: 1
iter: 24, sample_no: 11, actual label: 0, predicted: 1
number of samples: 13
AUC 0.5
pos_get 6
total recall stop_at 1
@@@ C - Repeat number: 9
@@@ D - common_header:  {'F3-Date', 'F71-pmouawad@apache.org', 'F3-InterleaveControl.IGNORE_SUB_CONTROLLERS', 'F120', 'F101', 'F3-NA', 'F3-long', 'F3-int', 'category', 'F15-private', 'F15-public', 'F71-sebb@apache.org', 'F71-alf@apache.org', 'F71-mkostrze@apache.org', 'F126', 'F117', 'F3-JMeterTreeNode', 'F3-boolean', 'F71-jeremy_a@apache.org', 'F41', 'F3-StringProperty', 'F104', 'F3-TestElementProperty', 'F71-woolfel@apache.org', 'F110', 'F72', 'F71-oros@apache.org', 'F71-jsalvata@apache.org', 'F71-thads@apache.org', 'F123', 'F15-protected', 'F3-((ThroughputController)el).getMaxThroughput()', 'F71-dims@apache.org', 'F68', 'F22', 'F3-String', 'F3-CollectionProperty', 'F116', 'F115', 'F71-seade@apache.org', 'F71-mblankestijn@apache.org', 'F3-GenericController', 'F3-byte[]', 'F105', 'F3-String[]', 'F71-milamber@apache.org', 'F3-TextMessage', 'F15-NA', 'F71-mstover1@apache.org', 'F71-dev-null@apache.org', 'F25', 'F3-JMeterFileFilter', 'F65', 'F77'}
     F72           ...           F71-mstover1@apache.org
1  13325           ...                                 0
2  13325           ...                                 1
3   7508           ...                                 0

[3 rows x 53 columns]
;.;
        F72           ...             F71-mstover1@apache.org
0  1.000000           ...                                 0.0
1  1.000000           ...                                 1.0
2  0.257373           ...                                 0.0

[3 rows x 53 columns]
training_x: (5, 53)
training_y: 5
testset_x: (13, 53)
testset_y: 13
              precision    recall  f1-score   support

           0       0.00      0.00      0.00         7
           1       0.46      1.00      0.63         6

    accuracy                           0.46        13
   macro avg       0.23      0.50      0.32        13
weighted avg       0.21      0.46      0.29        13

accuracy: 0.46153846153846156
0.631578947368421
@@@ tn: 0, fp: 7, fn: 0, tp: 6
@@@ LIME - Creating explainer
@@@ LIME - Random Sampling of Instances
iter: 0, sample_no: 9, actual label: 0, predicted: 1
iter: 1, sample_no: 7, actual label: 0, predicted: 1
iter: 2, sample_no: 9, actual label: 0, predicted: 1
iter: 3, sample_no: 6, actual label: 1, predicted: 1
iter: 4, sample_no: 5, actual label: 0, predicted: 1
iter: 5, sample_no: 12, actual label: 0, predicted: 1
iter: 6, sample_no: 9, actual label: 0, predicted: 1
iter: 7, sample_no: 11, actual label: 0, predicted: 1
iter: 8, sample_no: 6, actual label: 1, predicted: 1
iter: 9, sample_no: 4, actual label: 0, predicted: 1
iter: 10, sample_no: 1, actual label: 1, predicted: 1
iter: 11, sample_no: 3, actual label: 1, predicted: 1
iter: 12, sample_no: 6, actual label: 1, predicted: 1
iter: 13, sample_no: 7, actual label: 0, predicted: 1
iter: 14, sample_no: 3, actual label: 1, predicted: 1
iter: 15, sample_no: 6, actual label: 1, predicted: 1
iter: 16, sample_no: 11, actual label: 0, predicted: 1
iter: 17, sample_no: 9, actual label: 0, predicted: 1
iter: 18, sample_no: 11, actual label: 0, predicted: 1
iter: 19, sample_no: 6, actual label: 1, predicted: 1
iter: 20, sample_no: 8, actual label: 1, predicted: 1
iter: 21, sample_no: 8, actual label: 1, predicted: 1
iter: 22, sample_no: 6, actual label: 1, predicted: 1
iter: 23, sample_no: 11, actual label: 0, predicted: 1
iter: 24, sample_no: 1, actual label: 1, predicted: 1
number of samples: 13
AUC 0.5
pos_get 6
total recall stop_at 1
@@@ C - Repeat number: 10
@@@ D - common_header:  {'F3-Date', 'F71-pmouawad@apache.org', 'F3-InterleaveControl.IGNORE_SUB_CONTROLLERS', 'F120', 'F101', 'F3-NA', 'F3-long', 'F3-int', 'category', 'F15-private', 'F15-public', 'F71-sebb@apache.org', 'F71-alf@apache.org', 'F71-mkostrze@apache.org', 'F126', 'F117', 'F3-JMeterTreeNode', 'F3-boolean', 'F71-jeremy_a@apache.org', 'F41', 'F3-StringProperty', 'F104', 'F3-TestElementProperty', 'F71-woolfel@apache.org', 'F110', 'F72', 'F71-oros@apache.org', 'F71-jsalvata@apache.org', 'F71-thads@apache.org', 'F123', 'F15-protected', 'F3-((ThroughputController)el).getMaxThroughput()', 'F71-dims@apache.org', 'F68', 'F22', 'F3-String', 'F3-CollectionProperty', 'F116', 'F115', 'F71-seade@apache.org', 'F71-mblankestijn@apache.org', 'F3-GenericController', 'F3-byte[]', 'F105', 'F3-String[]', 'F71-milamber@apache.org', 'F3-TextMessage', 'F15-NA', 'F71-mstover1@apache.org', 'F71-dev-null@apache.org', 'F25', 'F3-JMeterFileFilter', 'F65', 'F77'}
     F72           ...           F71-mstover1@apache.org
1  13325           ...                                 0
2  13325           ...                                 1
3   7508           ...                                 0

[3 rows x 53 columns]
;.;
        F72           ...             F71-mstover1@apache.org
0  1.000000           ...                                 0.0
1  1.000000           ...                                 1.0
2  0.257373           ...                                 0.0

[3 rows x 53 columns]
training_x: (5, 53)
training_y: 5
testset_x: (13, 53)
testset_y: 13
              precision    recall  f1-score   support

           0       0.00      0.00      0.00         7
           1       0.46      1.00      0.63         6

    accuracy                           0.46        13
   macro avg       0.23      0.50      0.32        13
weighted avg       0.21      0.46      0.29        13

accuracy: 0.46153846153846156
0.631578947368421
@@@ tn: 0, fp: 7, fn: 0, tp: 6
@@@ LIME - Creating explainer
@@@ LIME - Random Sampling of Instances
/Users/author1/anaconda3/lib/python3.6/site-packages/tensorflow/python/framework/dtypes.py:463: FutureWarning: Passing (type, 1) or '1type' as a synonym of type is deprecated; in a future version of numpy, it will be understood as (type, (1,)) / '(1,)type'.
  _np_qint8 = np.dtype([("qint8", np.int8, 1)])
/Users/author1/anaconda3/lib/python3.6/site-packages/tensorflow/python/framework/dtypes.py:464: FutureWarning: Passing (type, 1) or '1type' as a synonym of type is deprecated; in a future version of numpy, it will be understood as (type, (1,)) / '(1,)type'.
  _np_quint8 = np.dtype([("quint8", np.uint8, 1)])
/Users/author1/anaconda3/lib/python3.6/site-packages/tensorflow/python/framework/dtypes.py:465: FutureWarning: Passing (type, 1) or '1type' as a synonym of type is deprecated; in a future version of numpy, it will be understood as (type, (1,)) / '(1,)type'.
  _np_qint16 = np.dtype([("qint16", np.int16, 1)])
/Users/author1/anaconda3/lib/python3.6/site-packages/tensorflow/python/framework/dtypes.py:466: FutureWarning: Passing (type, 1) or '1type' as a synonym of type is deprecated; in a future version of numpy, it will be understood as (type, (1,)) / '(1,)type'.
  _np_quint16 = np.dtype([("quint16", np.uint16, 1)])
/Users/author1/anaconda3/lib/python3.6/site-packages/tensorflow/python/framework/dtypes.py:467: FutureWarning: Passing (type, 1) or '1type' as a synonym of type is deprecated; in a future version of numpy, it will be understood as (type, (1,)) / '(1,)type'.
  _np_qint32 = np.dtype([("qint32", np.int32, 1)])
Precision and F-score are ill-defined and being set to 0.0 in labels with no predicted samples. Use `zero_division` parameter to control this behavior.
Precision and F-score are ill-defined and being set to 0.0 in labels with no predicted samples. Use `zero_division` parameter to control this behavior.
Precision and F-score are ill-defined and being set to 0.0 in labels with no predicted samples. Use `zero_division` parameter to control this behavior.
Precision and F-score are ill-defined and being set to 0.0 in labels with no predicted samples. Use `zero_division` parameter to control this behavior.
Precision and F-score are ill-defined and being set to 0.0 in labels with no predicted samples. Use `zero_division` parameter to control this behavior.
Precision and F-score are ill-defined and being set to 0.0 in labels with no predicted samples. Use `zero_division` parameter to control this behavior.
Precision and F-score are ill-defined and being set to 0.0 in labels with no predicted samples. Use `zero_division` parameter to control this behavior.
Precision and F-score are ill-defined and being set to 0.0 in labels with no predicted samples. Use `zero_division` parameter to control this behavior.
Precision and F-score are ill-defined and being set to 0.0 in labels with no predicted samples. Use `zero_division` parameter to control this behavior.
Precision and F-score are ill-defined and being set to 0.0 in labels with no predicted samples. Use `zero_division` parameter to control this behavior.
iter: 0, sample_no: 5, actual label: 0, predicted: 1
iter: 1, sample_no: 4, actual label: 0, predicted: 1
iter: 2, sample_no: 5, actual label: 0, predicted: 1
iter: 3, sample_no: 0, actual label: 1, predicted: 1
iter: 4, sample_no: 3, actual label: 1, predicted: 1
iter: 5, sample_no: 3, actual label: 1, predicted: 1
iter: 6, sample_no: 1, actual label: 1, predicted: 1
iter: 7, sample_no: 10, actual label: 1, predicted: 1
iter: 8, sample_no: 10, actual label: 1, predicted: 1
iter: 9, sample_no: 8, actual label: 1, predicted: 1
iter: 10, sample_no: 1, actual label: 1, predicted: 1
iter: 11, sample_no: 9, actual label: 0, predicted: 1
iter: 12, sample_no: 0, actual label: 1, predicted: 1
iter: 13, sample_no: 7, actual label: 0, predicted: 1
iter: 14, sample_no: 10, actual label: 1, predicted: 1
iter: 15, sample_no: 5, actual label: 0, predicted: 1
iter: 16, sample_no: 7, actual label: 0, predicted: 1
iter: 17, sample_no: 3, actual label: 1, predicted: 1
iter: 18, sample_no: 11, actual label: 0, predicted: 1
iter: 19, sample_no: 5, actual label: 0, predicted: 1
iter: 20, sample_no: 0, actual label: 1, predicted: 1
iter: 21, sample_no: 4, actual label: 0, predicted: 1
iter: 22, sample_no: 5, actual label: 0, predicted: 1
iter: 23, sample_no: 9, actual label: 0, predicted: 1
iter: 24, sample_no: 12, actual label: 0, predicted: 1
number of samples: 13
AUC 0.5
pos_get 6
total recall stop_at 1
----------threshold stop at----------: 1
AUC [0.5, 0.5, 0.5, 0.5, 0.5, 0.5, 0.5, 0.5, 0.5, 0.5]
AUC_median 0.5
AUC_iqr 0.0
cost [1, 1, 1, 1, 1, 1, 1, 1, 1, 1]
COST_med 1.0
COST_iqr 0.0
f1_pos_list [0.631578947368421, 0.631578947368421, 0.631578947368421, 0.631578947368421, 0.631578947368421, 0.631578947368421, 0.631578947368421, 0.631578947368421, 0.631578947368421, 0.631578947368421]
f1_pos_med 0.631578947368421
