@@@ A - classifier: KNeighborsClassifier(algorithm='auto', leaf_size=30, metric='minkowski',
                     metric_params=None, n_jobs=None, n_neighbors=10, p=2,
                     weights='uniform')
@@@ B - threshold stop at: 1
@@@ C - Repeat number: 1
@@@ D - common_header:  {'F15-protected', 'F71-jfclere@apache.org', 'F3-Reader', 'F77', 'F71-timw@apache.org', 'F71-rjung@apache.org', 'F3-long', 'F104', 'F3-PooledConnectionAndInfo', 'F3-boolean', 'F15-public', 'F71-markt@apache.org =  markt = Mark Emlyn David Thomas markt@apache.org@apache.org', 'F71-violetagg@apache.org', 'F71-kkolinko@apache.org', 'F68', 'F65', 'F3-byte[]', 'F3-InputStream', 'F3-Class<?>[]', 'F3-key.getSql()', 'F22', 'F71-mturk@apache.org', 'F3-NA', 'F71-jboynes@apache.org', 'F3-Object[]', 'F41', 'F3-String', 'F71-jhook@apache.org', 'F71-slaurent@apache.org', 'F117', 'F71-kfujino@apache.org', 'F3-Object', 'F15-private', 'F71-markt@apache.org', 'F101', 'F3-String[]', 'F71-costin@apache.org', 'F3-int', 'F3-ObjectName', 'F110', 'F71-billbarker@apache.org', 'F71-fschumacher@apache.org', 'F3-MappedHost[]', 'F71-funkman@apache.org', 'F71-fhanik@apache.org', 'F72', 'category', 'F116', 'F120', 'F115', 'F71-pero@apache.org', 'F71-schultz@apache.org', 'F25', 'F15-NA', 'F123', 'F105', 'F3-ELContext', 'F3-Integer', 'F126', 'F71-remm@apache.org', 'F3-Session'}
     F72           ...           F71-slaurent@apache.org
1   3354           ...                                 0
2  17995           ...                                 0
3  17995           ...                                 0

[3 rows x 60 columns]
;.;
   F72           ...             F71-slaurent@apache.org
0  0.0           ...                                 0.0
1  1.0           ...                                 0.0
2  1.0           ...                                 0.0

[3 rows x 60 columns]
training_x: (1435, 60)
training_y: 1435
testset_x: (1441, 60)
testset_y: 1441
              precision    recall  f1-score   support

           0       0.94      0.99      0.96      1115
           1       0.96      0.78      0.86       326

    accuracy                           0.94      1441
   macro avg       0.95      0.88      0.91      1441
weighted avg       0.94      0.94      0.94      1441

accuracy: 0.9424011103400416
0.8595600676818951
@@@ tn: 1104, fp: 11, fn: 72, tp: 254
@@@ LIME - Creating explainer
@@@ LIME - Random Sampling of Instances
iter: 0, sample_no: 1344, actual label: 0, predicted: 0
iter: 1, sample_no: 1190, actual label: 1, predicted: 1
iter: 2, sample_no: 398, actual label: 0, predicted: 0
iter: 3, sample_no: 769, actual label: 0, predicted: 0
iter: 4, sample_no: 1290, actual label: 1, predicted: 1
iter: 5, sample_no: 408, actual label: 1, predicted: 1
iter: 6, sample_no: 791, actual label: 1, predicted: 1
iter: 7, sample_no: 1089, actual label: 0, predicted: 0
iter: 8, sample_no: 306, actual label: 0, predicted: 1
iter: 9, sample_no: 730, actual label: 0, predicted: 0
iter: 10, sample_no: 1239, actual label: 0, predicted: 0
iter: 11, sample_no: 780, actual label: 0, predicted: 0
iter: 12, sample_no: 80, actual label: 0, predicted: 0
iter: 13, sample_no: 1396, actual label: 1, predicted: 1
iter: 14, sample_no: 914, actual label: 0, predicted: 0
iter: 15, sample_no: 1031, actual label: 0, predicted: 0
iter: 16, sample_no: 131, actual label: 0, predicted: 0
iter: 17, sample_no: 859, actual label: 0, predicted: 0
iter: 18, sample_no: 607, actual label: 0, predicted: 0
iter: 19, sample_no: 749, actual label: 0, predicted: 0
iter: 20, sample_no: 500, actual label: 0, predicted: 0
iter: 21, sample_no: 318, actual label: 0, predicted: 0
iter: 22, sample_no: 1405, actual label: 1, predicted: 1
iter: 23, sample_no: 801, actual label: 0, predicted: 0
iter: 24, sample_no: 82, actual label: 0, predicted: 0
number of samples: 1441
AUC 0.9855553110126827
pos_get 326
total recall stop_at 1.0
@@@ C - Repeat number: 2
@@@ D - common_header:  {'F15-protected', 'F71-jfclere@apache.org', 'F3-Reader', 'F77', 'F71-timw@apache.org', 'F71-rjung@apache.org', 'F3-long', 'F104', 'F3-PooledConnectionAndInfo', 'F3-boolean', 'F15-public', 'F71-markt@apache.org =  markt = Mark Emlyn David Thomas markt@apache.org@apache.org', 'F71-violetagg@apache.org', 'F71-kkolinko@apache.org', 'F68', 'F65', 'F3-byte[]', 'F3-InputStream', 'F3-Class<?>[]', 'F3-key.getSql()', 'F22', 'F71-mturk@apache.org', 'F3-NA', 'F71-jboynes@apache.org', 'F3-Object[]', 'F41', 'F3-String', 'F71-jhook@apache.org', 'F71-slaurent@apache.org', 'F117', 'F71-kfujino@apache.org', 'F3-Object', 'F15-private', 'F71-markt@apache.org', 'F101', 'F3-String[]', 'F71-costin@apache.org', 'F3-int', 'F3-ObjectName', 'F110', 'F71-billbarker@apache.org', 'F71-fschumacher@apache.org', 'F3-MappedHost[]', 'F71-funkman@apache.org', 'F71-fhanik@apache.org', 'F72', 'category', 'F116', 'F120', 'F115', 'F71-pero@apache.org', 'F71-schultz@apache.org', 'F25', 'F15-NA', 'F123', 'F105', 'F3-ELContext', 'F3-Integer', 'F126', 'F71-remm@apache.org', 'F3-Session'}
     F72           ...           F71-slaurent@apache.org
1   3354           ...                                 0
2  17995           ...                                 0
3  17995           ...                                 0

[3 rows x 60 columns]
;.;
   F72           ...             F71-slaurent@apache.org
0  0.0           ...                                 0.0
1  1.0           ...                                 0.0
2  1.0           ...                                 0.0

[3 rows x 60 columns]
training_x: (1435, 60)
training_y: 1435
testset_x: (1441, 60)
testset_y: 1441
              precision    recall  f1-score   support

           0       0.94      0.99      0.96      1115
           1       0.96      0.78      0.86       326

    accuracy                           0.94      1441
   macro avg       0.95      0.88      0.91      1441
weighted avg       0.94      0.94      0.94      1441

accuracy: 0.9424011103400416
0.8595600676818951
@@@ tn: 1104, fp: 11, fn: 72, tp: 254
@@@ LIME - Creating explainer
@@@ LIME - Random Sampling of Instances
iter: 0, sample_no: 753, actual label: 0, predicted: 0
iter: 1, sample_no: 1205, actual label: 0, predicted: 0
iter: 2, sample_no: 417, actual label: 0, predicted: 0
iter: 3, sample_no: 16, actual label: 1, predicted: 1
iter: 4, sample_no: 676, actual label: 0, predicted: 0
iter: 5, sample_no: 506, actual label: 0, predicted: 0
iter: 6, sample_no: 1142, actual label: 0, predicted: 0
iter: 7, sample_no: 337, actual label: 1, predicted: 0
iter: 8, sample_no: 592, actual label: 0, predicted: 0
iter: 9, sample_no: 789, actual label: 1, predicted: 1
iter: 10, sample_no: 1165, actual label: 1, predicted: 1
iter: 11, sample_no: 661, actual label: 1, predicted: 1
iter: 12, sample_no: 228, actual label: 1, predicted: 0
iter: 13, sample_no: 101, actual label: 0, predicted: 0
iter: 14, sample_no: 646, actual label: 0, predicted: 0
iter: 15, sample_no: 1186, actual label: 0, predicted: 0
iter: 16, sample_no: 608, actual label: 0, predicted: 0
iter: 17, sample_no: 276, actual label: 0, predicted: 0
iter: 18, sample_no: 237, actual label: 0, predicted: 0
iter: 19, sample_no: 329, actual label: 0, predicted: 0
iter: 20, sample_no: 971, actual label: 0, predicted: 0
iter: 21, sample_no: 911, actual label: 1, predicted: 1
iter: 22, sample_no: 56, actual label: 1, predicted: 1
iter: 23, sample_no: 900, actual label: 0, predicted: 0
iter: 24, sample_no: 1041, actual label: 1, predicted: 1
number of samples: 1441
AUC 0.9855553110126827
pos_get 326
total recall stop_at 1.0
@@@ C - Repeat number: 3
@@@ D - common_header:  {'F15-protected', 'F71-jfclere@apache.org', 'F3-Reader', 'F77', 'F71-timw@apache.org', 'F71-rjung@apache.org', 'F3-long', 'F104', 'F3-PooledConnectionAndInfo', 'F3-boolean', 'F15-public', 'F71-markt@apache.org =  markt = Mark Emlyn David Thomas markt@apache.org@apache.org', 'F71-violetagg@apache.org', 'F71-kkolinko@apache.org', 'F68', 'F65', 'F3-byte[]', 'F3-InputStream', 'F3-Class<?>[]', 'F3-key.getSql()', 'F22', 'F71-mturk@apache.org', 'F3-NA', 'F71-jboynes@apache.org', 'F3-Object[]', 'F41', 'F3-String', 'F71-jhook@apache.org', 'F71-slaurent@apache.org', 'F117', 'F71-kfujino@apache.org', 'F3-Object', 'F15-private', 'F71-markt@apache.org', 'F101', 'F3-String[]', 'F71-costin@apache.org', 'F3-int', 'F3-ObjectName', 'F110', 'F71-billbarker@apache.org', 'F71-fschumacher@apache.org', 'F3-MappedHost[]', 'F71-funkman@apache.org', 'F71-fhanik@apache.org', 'F72', 'category', 'F116', 'F120', 'F115', 'F71-pero@apache.org', 'F71-schultz@apache.org', 'F25', 'F15-NA', 'F123', 'F105', 'F3-ELContext', 'F3-Integer', 'F126', 'F71-remm@apache.org', 'F3-Session'}
     F72           ...           F71-slaurent@apache.org
1   3354           ...                                 0
2  17995           ...                                 0
3  17995           ...                                 0

[3 rows x 60 columns]
;.;
   F72           ...             F71-slaurent@apache.org
0  0.0           ...                                 0.0
1  1.0           ...                                 0.0
2  1.0           ...                                 0.0

[3 rows x 60 columns]
training_x: (1435, 60)
training_y: 1435
testset_x: (1441, 60)
testset_y: 1441
              precision    recall  f1-score   support

           0       0.94      0.99      0.96      1115
           1       0.96      0.78      0.86       326

    accuracy                           0.94      1441
   macro avg       0.95      0.88      0.91      1441
weighted avg       0.94      0.94      0.94      1441

accuracy: 0.9424011103400416
0.8595600676818951
@@@ tn: 1104, fp: 11, fn: 72, tp: 254
@@@ LIME - Creating explainer
@@@ LIME - Random Sampling of Instances
iter: 0, sample_no: 971, actual label: 0, predicted: 0
iter: 1, sample_no: 60, actual label: 0, predicted: 0
iter: 2, sample_no: 278, actual label: 0, predicted: 0
iter: 3, sample_no: 258, actual label: 0, predicted: 0
iter: 4, sample_no: 795, actual label: 0, predicted: 0
iter: 5, sample_no: 420, actual label: 1, predicted: 1
iter: 6, sample_no: 314, actual label: 0, predicted: 0
iter: 7, sample_no: 1430, actual label: 0, predicted: 0
iter: 8, sample_no: 382, actual label: 0, predicted: 0
iter: 9, sample_no: 249, actual label: 1, predicted: 0
iter: 10, sample_no: 431, actual label: 0, predicted: 0
iter: 11, sample_no: 371, actual label: 1, predicted: 1
iter: 12, sample_no: 123, actual label: 0, predicted: 0
iter: 13, sample_no: 451, actual label: 0, predicted: 0
iter: 14, sample_no: 523, actual label: 0, predicted: 0
iter: 15, sample_no: 758, actual label: 0, predicted: 0
iter: 16, sample_no: 485, actual label: 1, predicted: 1
iter: 17, sample_no: 1106, actual label: 0, predicted: 0
iter: 18, sample_no: 196, actual label: 0, predicted: 0
iter: 19, sample_no: 761, actual label: 0, predicted: 0
iter: 20, sample_no: 276, actual label: 0, predicted: 0
iter: 21, sample_no: 970, actual label: 1, predicted: 1
iter: 22, sample_no: 160, actual label: 0, predicted: 0
iter: 23, sample_no: 305, actual label: 1, predicted: 1
iter: 24, sample_no: 595, actual label: 0, predicted: 0
number of samples: 1441
AUC 0.9855553110126827
pos_get 326
total recall stop_at 1.0
@@@ C - Repeat number: 4
@@@ D - common_header:  {'F15-protected', 'F71-jfclere@apache.org', 'F3-Reader', 'F77', 'F71-timw@apache.org', 'F71-rjung@apache.org', 'F3-long', 'F104', 'F3-PooledConnectionAndInfo', 'F3-boolean', 'F15-public', 'F71-markt@apache.org =  markt = Mark Emlyn David Thomas markt@apache.org@apache.org', 'F71-violetagg@apache.org', 'F71-kkolinko@apache.org', 'F68', 'F65', 'F3-byte[]', 'F3-InputStream', 'F3-Class<?>[]', 'F3-key.getSql()', 'F22', 'F71-mturk@apache.org', 'F3-NA', 'F71-jboynes@apache.org', 'F3-Object[]', 'F41', 'F3-String', 'F71-jhook@apache.org', 'F71-slaurent@apache.org', 'F117', 'F71-kfujino@apache.org', 'F3-Object', 'F15-private', 'F71-markt@apache.org', 'F101', 'F3-String[]', 'F71-costin@apache.org', 'F3-int', 'F3-ObjectName', 'F110', 'F71-billbarker@apache.org', 'F71-fschumacher@apache.org', 'F3-MappedHost[]', 'F71-funkman@apache.org', 'F71-fhanik@apache.org', 'F72', 'category', 'F116', 'F120', 'F115', 'F71-pero@apache.org', 'F71-schultz@apache.org', 'F25', 'F15-NA', 'F123', 'F105', 'F3-ELContext', 'F3-Integer', 'F126', 'F71-remm@apache.org', 'F3-Session'}
     F72           ...           F71-slaurent@apache.org
1   3354           ...                                 0
2  17995           ...                                 0
3  17995           ...                                 0

[3 rows x 60 columns]
;.;
   F72           ...             F71-slaurent@apache.org
0  0.0           ...                                 0.0
1  1.0           ...                                 0.0
2  1.0           ...                                 0.0

[3 rows x 60 columns]
training_x: (1435, 60)
training_y: 1435
testset_x: (1441, 60)
testset_y: 1441
              precision    recall  f1-score   support

           0       0.94      0.99      0.96      1115
           1       0.96      0.78      0.86       326

    accuracy                           0.94      1441
   macro avg       0.95      0.88      0.91      1441
weighted avg       0.94      0.94      0.94      1441

accuracy: 0.9424011103400416
0.8595600676818951
@@@ tn: 1104, fp: 11, fn: 72, tp: 254
@@@ LIME - Creating explainer
@@@ LIME - Random Sampling of Instances
iter: 0, sample_no: 1213, actual label: 0, predicted: 0
iter: 1, sample_no: 342, actual label: 0, predicted: 0
iter: 2, sample_no: 434, actual label: 0, predicted: 0
iter: 3, sample_no: 208, actual label: 0, predicted: 0
iter: 4, sample_no: 493, actual label: 0, predicted: 0
iter: 5, sample_no: 407, actual label: 0, predicted: 0
iter: 6, sample_no: 1097, actual label: 1, predicted: 0
iter: 7, sample_no: 447, actual label: 0, predicted: 0
iter: 8, sample_no: 1126, actual label: 0, predicted: 0
iter: 9, sample_no: 239, actual label: 1, predicted: 1
iter: 10, sample_no: 687, actual label: 1, predicted: 0
iter: 11, sample_no: 856, actual label: 0, predicted: 0
iter: 12, sample_no: 812, actual label: 0, predicted: 0
iter: 13, sample_no: 695, actual label: 1, predicted: 1
iter: 14, sample_no: 685, actual label: 0, predicted: 0
iter: 15, sample_no: 893, actual label: 1, predicted: 0
iter: 16, sample_no: 529, actual label: 0, predicted: 0
iter: 17, sample_no: 612, actual label: 0, predicted: 0
iter: 18, sample_no: 326, actual label: 1, predicted: 0
iter: 19, sample_no: 147, actual label: 0, predicted: 0
iter: 20, sample_no: 669, actual label: 0, predicted: 0
iter: 21, sample_no: 884, actual label: 0, predicted: 0
iter: 22, sample_no: 1116, actual label: 1, predicted: 1
iter: 23, sample_no: 309, actual label: 0, predicted: 1
iter: 24, sample_no: 71, actual label: 1, predicted: 1
number of samples: 1441
AUC 0.9855553110126827
pos_get 326
total recall stop_at 1.0
@@@ C - Repeat number: 5
@@@ D - common_header:  {'F15-protected', 'F71-jfclere@apache.org', 'F3-Reader', 'F77', 'F71-timw@apache.org', 'F71-rjung@apache.org', 'F3-long', 'F104', 'F3-PooledConnectionAndInfo', 'F3-boolean', 'F15-public', 'F71-markt@apache.org =  markt = Mark Emlyn David Thomas markt@apache.org@apache.org', 'F71-violetagg@apache.org', 'F71-kkolinko@apache.org', 'F68', 'F65', 'F3-byte[]', 'F3-InputStream', 'F3-Class<?>[]', 'F3-key.getSql()', 'F22', 'F71-mturk@apache.org', 'F3-NA', 'F71-jboynes@apache.org', 'F3-Object[]', 'F41', 'F3-String', 'F71-jhook@apache.org', 'F71-slaurent@apache.org', 'F117', 'F71-kfujino@apache.org', 'F3-Object', 'F15-private', 'F71-markt@apache.org', 'F101', 'F3-String[]', 'F71-costin@apache.org', 'F3-int', 'F3-ObjectName', 'F110', 'F71-billbarker@apache.org', 'F71-fschumacher@apache.org', 'F3-MappedHost[]', 'F71-funkman@apache.org', 'F71-fhanik@apache.org', 'F72', 'category', 'F116', 'F120', 'F115', 'F71-pero@apache.org', 'F71-schultz@apache.org', 'F25', 'F15-NA', 'F123', 'F105', 'F3-ELContext', 'F3-Integer', 'F126', 'F71-remm@apache.org', 'F3-Session'}
     F72           ...           F71-slaurent@apache.org
1   3354           ...                                 0
2  17995           ...                                 0
3  17995           ...                                 0

[3 rows x 60 columns]
;.;
   F72           ...             F71-slaurent@apache.org
0  0.0           ...                                 0.0
1  1.0           ...                                 0.0
2  1.0           ...                                 0.0

[3 rows x 60 columns]
training_x: (1435, 60)
training_y: 1435
testset_x: (1441, 60)
testset_y: 1441
              precision    recall  f1-score   support

           0       0.94      0.99      0.96      1115
           1       0.96      0.78      0.86       326

    accuracy                           0.94      1441
   macro avg       0.95      0.88      0.91      1441
weighted avg       0.94      0.94      0.94      1441

accuracy: 0.9424011103400416
0.8595600676818951
@@@ tn: 1104, fp: 11, fn: 72, tp: 254
@@@ LIME - Creating explainer
@@@ LIME - Random Sampling of Instances
iter: 0, sample_no: 1159, actual label: 0, predicted: 0
iter: 1, sample_no: 745, actual label: 0, predicted: 0
iter: 2, sample_no: 117, actual label: 0, predicted: 0
iter: 3, sample_no: 294, actual label: 0, predicted: 0
iter: 4, sample_no: 1434, actual label: 0, predicted: 0
iter: 5, sample_no: 1252, actual label: 0, predicted: 0
iter: 6, sample_no: 601, actual label: 0, predicted: 0
iter: 7, sample_no: 487, actual label: 1, predicted: 1
iter: 8, sample_no: 1049, actual label: 1, predicted: 1
iter: 9, sample_no: 1292, actual label: 0, predicted: 0
iter: 10, sample_no: 630, actual label: 0, predicted: 0
iter: 11, sample_no: 898, actual label: 1, predicted: 0
iter: 12, sample_no: 138, actual label: 0, predicted: 0
iter: 13, sample_no: 683, actual label: 1, predicted: 1
iter: 14, sample_no: 809, actual label: 1, predicted: 1
iter: 15, sample_no: 226, actual label: 0, predicted: 0
iter: 16, sample_no: 286, actual label: 0, predicted: 0
iter: 17, sample_no: 1256, actual label: 1, predicted: 0
iter: 18, sample_no: 356, actual label: 0, predicted: 0
iter: 19, sample_no: 966, actual label: 1, predicted: 1
iter: 20, sample_no: 631, actual label: 0, predicted: 1
iter: 21, sample_no: 718, actual label: 0, predicted: 0
iter: 22, sample_no: 1311, actual label: 0, predicted: 0
iter: 23, sample_no: 745, actual label: 0, predicted: 0
iter: 24, sample_no: 1331, actual label: 0, predicted: 0
number of samples: 1441
AUC 0.9855553110126827
pos_get 326
total recall stop_at 1.0
@@@ C - Repeat number: 6
@@@ D - common_header:  {'F15-protected', 'F71-jfclere@apache.org', 'F3-Reader', 'F77', 'F71-timw@apache.org', 'F71-rjung@apache.org', 'F3-long', 'F104', 'F3-PooledConnectionAndInfo', 'F3-boolean', 'F15-public', 'F71-markt@apache.org =  markt = Mark Emlyn David Thomas markt@apache.org@apache.org', 'F71-violetagg@apache.org', 'F71-kkolinko@apache.org', 'F68', 'F65', 'F3-byte[]', 'F3-InputStream', 'F3-Class<?>[]', 'F3-key.getSql()', 'F22', 'F71-mturk@apache.org', 'F3-NA', 'F71-jboynes@apache.org', 'F3-Object[]', 'F41', 'F3-String', 'F71-jhook@apache.org', 'F71-slaurent@apache.org', 'F117', 'F71-kfujino@apache.org', 'F3-Object', 'F15-private', 'F71-markt@apache.org', 'F101', 'F3-String[]', 'F71-costin@apache.org', 'F3-int', 'F3-ObjectName', 'F110', 'F71-billbarker@apache.org', 'F71-fschumacher@apache.org', 'F3-MappedHost[]', 'F71-funkman@apache.org', 'F71-fhanik@apache.org', 'F72', 'category', 'F116', 'F120', 'F115', 'F71-pero@apache.org', 'F71-schultz@apache.org', 'F25', 'F15-NA', 'F123', 'F105', 'F3-ELContext', 'F3-Integer', 'F126', 'F71-remm@apache.org', 'F3-Session'}
     F72           ...           F71-slaurent@apache.org
1   3354           ...                                 0
2  17995           ...                                 0
3  17995           ...                                 0

[3 rows x 60 columns]
;.;
   F72           ...             F71-slaurent@apache.org
0  0.0           ...                                 0.0
1  1.0           ...                                 0.0
2  1.0           ...                                 0.0

[3 rows x 60 columns]
training_x: (1435, 60)
training_y: 1435
testset_x: (1441, 60)
testset_y: 1441
              precision    recall  f1-score   support

           0       0.94      0.99      0.96      1115
           1       0.96      0.78      0.86       326

    accuracy                           0.94      1441
   macro avg       0.95      0.88      0.91      1441
weighted avg       0.94      0.94      0.94      1441

accuracy: 0.9424011103400416
0.8595600676818951
@@@ tn: 1104, fp: 11, fn: 72, tp: 254
@@@ LIME - Creating explainer
@@@ LIME - Random Sampling of Instances
iter: 0, sample_no: 563, actual label: 0, predicted: 0
iter: 1, sample_no: 970, actual label: 1, predicted: 1
iter: 2, sample_no: 198, actual label: 0, predicted: 0
iter: 3, sample_no: 376, actual label: 0, predicted: 0
iter: 4, sample_no: 591, actual label: 0, predicted: 0
iter: 5, sample_no: 451, actual label: 0, predicted: 0
iter: 6, sample_no: 1378, actual label: 0, predicted: 0
iter: 7, sample_no: 613, actual label: 0, predicted: 0
iter: 8, sample_no: 692, actual label: 0, predicted: 0
iter: 9, sample_no: 900, actual label: 0, predicted: 0
iter: 10, sample_no: 610, actual label: 0, predicted: 0
iter: 11, sample_no: 1275, actual label: 0, predicted: 0
iter: 12, sample_no: 216, actual label: 0, predicted: 0
iter: 13, sample_no: 150, actual label: 0, predicted: 0
iter: 14, sample_no: 186, actual label: 1, predicted: 1
iter: 15, sample_no: 586, actual label: 0, predicted: 0
iter: 16, sample_no: 88, actual label: 0, predicted: 0
iter: 17, sample_no: 1171, actual label: 1, predicted: 1
iter: 18, sample_no: 1092, actual label: 0, predicted: 0
iter: 19, sample_no: 1334, actual label: 0, predicted: 0
iter: 20, sample_no: 448, actual label: 0, predicted: 0
iter: 21, sample_no: 99, actual label: 0, predicted: 0
iter: 22, sample_no: 933, actual label: 0, predicted: 0
iter: 23, sample_no: 1314, actual label: 0, predicted: 0
iter: 24, sample_no: 520, actual label: 0, predicted: 0
number of samples: 1441
AUC 0.9855553110126827
pos_get 326
total recall stop_at 1.0
@@@ C - Repeat number: 7
@@@ D - common_header:  {'F15-protected', 'F71-jfclere@apache.org', 'F3-Reader', 'F77', 'F71-timw@apache.org', 'F71-rjung@apache.org', 'F3-long', 'F104', 'F3-PooledConnectionAndInfo', 'F3-boolean', 'F15-public', 'F71-markt@apache.org =  markt = Mark Emlyn David Thomas markt@apache.org@apache.org', 'F71-violetagg@apache.org', 'F71-kkolinko@apache.org', 'F68', 'F65', 'F3-byte[]', 'F3-InputStream', 'F3-Class<?>[]', 'F3-key.getSql()', 'F22', 'F71-mturk@apache.org', 'F3-NA', 'F71-jboynes@apache.org', 'F3-Object[]', 'F41', 'F3-String', 'F71-jhook@apache.org', 'F71-slaurent@apache.org', 'F117', 'F71-kfujino@apache.org', 'F3-Object', 'F15-private', 'F71-markt@apache.org', 'F101', 'F3-String[]', 'F71-costin@apache.org', 'F3-int', 'F3-ObjectName', 'F110', 'F71-billbarker@apache.org', 'F71-fschumacher@apache.org', 'F3-MappedHost[]', 'F71-funkman@apache.org', 'F71-fhanik@apache.org', 'F72', 'category', 'F116', 'F120', 'F115', 'F71-pero@apache.org', 'F71-schultz@apache.org', 'F25', 'F15-NA', 'F123', 'F105', 'F3-ELContext', 'F3-Integer', 'F126', 'F71-remm@apache.org', 'F3-Session'}
     F72           ...           F71-slaurent@apache.org
1   3354           ...                                 0
2  17995           ...                                 0
3  17995           ...                                 0

[3 rows x 60 columns]
;.;
   F72           ...             F71-slaurent@apache.org
0  0.0           ...                                 0.0
1  1.0           ...                                 0.0
2  1.0           ...                                 0.0

[3 rows x 60 columns]
training_x: (1435, 60)
training_y: 1435
testset_x: (1441, 60)
testset_y: 1441
              precision    recall  f1-score   support

           0       0.94      0.99      0.96      1115
           1       0.96      0.78      0.86       326

    accuracy                           0.94      1441
   macro avg       0.95      0.88      0.91      1441
weighted avg       0.94      0.94      0.94      1441

accuracy: 0.9424011103400416
0.8595600676818951
@@@ tn: 1104, fp: 11, fn: 72, tp: 254
@@@ LIME - Creating explainer
@@@ LIME - Random Sampling of Instances
iter: 0, sample_no: 426, actual label: 0, predicted: 0
iter: 1, sample_no: 469, actual label: 0, predicted: 0
iter: 2, sample_no: 721, actual label: 0, predicted: 0
iter: 3, sample_no: 217, actual label: 0, predicted: 0
iter: 4, sample_no: 1280, actual label: 0, predicted: 0
iter: 5, sample_no: 528, actual label: 0, predicted: 0
iter: 6, sample_no: 1250, actual label: 0, predicted: 0
iter: 7, sample_no: 1093, actual label: 0, predicted: 0
iter: 8, sample_no: 308, actual label: 0, predicted: 0
iter: 9, sample_no: 705, actual label: 0, predicted: 0
iter: 10, sample_no: 941, actual label: 0, predicted: 0
iter: 11, sample_no: 1354, actual label: 0, predicted: 0
iter: 12, sample_no: 838, actual label: 0, predicted: 0
iter: 13, sample_no: 693, actual label: 0, predicted: 0
iter: 14, sample_no: 790, actual label: 1, predicted: 1
iter: 15, sample_no: 1231, actual label: 0, predicted: 0
iter: 16, sample_no: 453, actual label: 0, predicted: 0
iter: 17, sample_no: 776, actual label: 0, predicted: 0
iter: 18, sample_no: 303, actual label: 1, predicted: 1
iter: 19, sample_no: 709, actual label: 0, predicted: 0
iter: 20, sample_no: 794, actual label: 0, predicted: 0
iter: 21, sample_no: 649, actual label: 0, predicted: 0
iter: 22, sample_no: 360, actual label: 0, predicted: 0
iter: 23, sample_no: 436, actual label: 0, predicted: 0
iter: 24, sample_no: 147, actual label: 0, predicted: 0
number of samples: 1441
AUC 0.9855553110126827
pos_get 326
total recall stop_at 1.0
@@@ C - Repeat number: 8
@@@ D - common_header:  {'F15-protected', 'F71-jfclere@apache.org', 'F3-Reader', 'F77', 'F71-timw@apache.org', 'F71-rjung@apache.org', 'F3-long', 'F104', 'F3-PooledConnectionAndInfo', 'F3-boolean', 'F15-public', 'F71-markt@apache.org =  markt = Mark Emlyn David Thomas markt@apache.org@apache.org', 'F71-violetagg@apache.org', 'F71-kkolinko@apache.org', 'F68', 'F65', 'F3-byte[]', 'F3-InputStream', 'F3-Class<?>[]', 'F3-key.getSql()', 'F22', 'F71-mturk@apache.org', 'F3-NA', 'F71-jboynes@apache.org', 'F3-Object[]', 'F41', 'F3-String', 'F71-jhook@apache.org', 'F71-slaurent@apache.org', 'F117', 'F71-kfujino@apache.org', 'F3-Object', 'F15-private', 'F71-markt@apache.org', 'F101', 'F3-String[]', 'F71-costin@apache.org', 'F3-int', 'F3-ObjectName', 'F110', 'F71-billbarker@apache.org', 'F71-fschumacher@apache.org', 'F3-MappedHost[]', 'F71-funkman@apache.org', 'F71-fhanik@apache.org', 'F72', 'category', 'F116', 'F120', 'F115', 'F71-pero@apache.org', 'F71-schultz@apache.org', 'F25', 'F15-NA', 'F123', 'F105', 'F3-ELContext', 'F3-Integer', 'F126', 'F71-remm@apache.org', 'F3-Session'}
     F72           ...           F71-slaurent@apache.org
1   3354           ...                                 0
2  17995           ...                                 0
3  17995           ...                                 0

[3 rows x 60 columns]
;.;
   F72           ...             F71-slaurent@apache.org
0  0.0           ...                                 0.0
1  1.0           ...                                 0.0
2  1.0           ...                                 0.0

[3 rows x 60 columns]
training_x: (1435, 60)
training_y: 1435
testset_x: (1441, 60)
testset_y: 1441
              precision    recall  f1-score   support

           0       0.94      0.99      0.96      1115
           1       0.96      0.78      0.86       326

    accuracy                           0.94      1441
   macro avg       0.95      0.88      0.91      1441
weighted avg       0.94      0.94      0.94      1441

accuracy: 0.9424011103400416
0.8595600676818951
@@@ tn: 1104, fp: 11, fn: 72, tp: 254
@@@ LIME - Creating explainer
@@@ LIME - Random Sampling of Instances
iter: 0, sample_no: 109, actual label: 1, predicted: 0
iter: 1, sample_no: 590, actual label: 0, predicted: 0
iter: 2, sample_no: 1151, actual label: 0, predicted: 0
iter: 3, sample_no: 1234, actual label: 0, predicted: 0
iter: 4, sample_no: 396, actual label: 0, predicted: 0
iter: 5, sample_no: 100, actual label: 0, predicted: 0
iter: 6, sample_no: 1292, actual label: 0, predicted: 0
iter: 7, sample_no: 1023, actual label: 0, predicted: 0
iter: 8, sample_no: 1083, actual label: 0, predicted: 0
iter: 9, sample_no: 1345, actual label: 0, predicted: 0
iter: 10, sample_no: 190, actual label: 0, predicted: 0
iter: 11, sample_no: 589, actual label: 0, predicted: 0
iter: 12, sample_no: 300, actual label: 0, predicted: 0
iter: 13, sample_no: 202, actual label: 0, predicted: 0
iter: 14, sample_no: 381, actual label: 0, predicted: 0
iter: 15, sample_no: 1079, actual label: 0, predicted: 0
iter: 16, sample_no: 1428, actual label: 0, predicted: 0
iter: 17, sample_no: 689, actual label: 0, predicted: 0
iter: 18, sample_no: 114, actual label: 0, predicted: 0
iter: 19, sample_no: 528, actual label: 0, predicted: 0
iter: 20, sample_no: 1057, actual label: 1, predicted: 1
iter: 21, sample_no: 1082, actual label: 0, predicted: 0
iter: 22, sample_no: 1292, actual label: 0, predicted: 0
iter: 23, sample_no: 860, actual label: 1, predicted: 1
iter: 24, sample_no: 1099, actual label: 0, predicted: 0
number of samples: 1441
AUC 0.9855553110126827
pos_get 326
total recall stop_at 1.0
@@@ C - Repeat number: 9
@@@ D - common_header:  {'F15-protected', 'F71-jfclere@apache.org', 'F3-Reader', 'F77', 'F71-timw@apache.org', 'F71-rjung@apache.org', 'F3-long', 'F104', 'F3-PooledConnectionAndInfo', 'F3-boolean', 'F15-public', 'F71-markt@apache.org =  markt = Mark Emlyn David Thomas markt@apache.org@apache.org', 'F71-violetagg@apache.org', 'F71-kkolinko@apache.org', 'F68', 'F65', 'F3-byte[]', 'F3-InputStream', 'F3-Class<?>[]', 'F3-key.getSql()', 'F22', 'F71-mturk@apache.org', 'F3-NA', 'F71-jboynes@apache.org', 'F3-Object[]', 'F41', 'F3-String', 'F71-jhook@apache.org', 'F71-slaurent@apache.org', 'F117', 'F71-kfujino@apache.org', 'F3-Object', 'F15-private', 'F71-markt@apache.org', 'F101', 'F3-String[]', 'F71-costin@apache.org', 'F3-int', 'F3-ObjectName', 'F110', 'F71-billbarker@apache.org', 'F71-fschumacher@apache.org', 'F3-MappedHost[]', 'F71-funkman@apache.org', 'F71-fhanik@apache.org', 'F72', 'category', 'F116', 'F120', 'F115', 'F71-pero@apache.org', 'F71-schultz@apache.org', 'F25', 'F15-NA', 'F123', 'F105', 'F3-ELContext', 'F3-Integer', 'F126', 'F71-remm@apache.org', 'F3-Session'}
     F72           ...           F71-slaurent@apache.org
1   3354           ...                                 0
2  17995           ...                                 0
3  17995           ...                                 0

[3 rows x 60 columns]
;.;
   F72           ...             F71-slaurent@apache.org
0  0.0           ...                                 0.0
1  1.0           ...                                 0.0
2  1.0           ...                                 0.0

[3 rows x 60 columns]
training_x: (1435, 60)
training_y: 1435
testset_x: (1441, 60)
testset_y: 1441
              precision    recall  f1-score   support

           0       0.94      0.99      0.96      1115
           1       0.96      0.78      0.86       326

    accuracy                           0.94      1441
   macro avg       0.95      0.88      0.91      1441
weighted avg       0.94      0.94      0.94      1441

accuracy: 0.9424011103400416
0.8595600676818951
@@@ tn: 1104, fp: 11, fn: 72, tp: 254
@@@ LIME - Creating explainer
@@@ LIME - Random Sampling of Instances
iter: 0, sample_no: 1022, actual label: 0, predicted: 0
iter: 1, sample_no: 857, actual label: 0, predicted: 0
iter: 2, sample_no: 6, actual label: 0, predicted: 0
iter: 3, sample_no: 353, actual label: 0, predicted: 0
iter: 4, sample_no: 1424, actual label: 0, predicted: 0
iter: 5, sample_no: 636, actual label: 0, predicted: 0
iter: 6, sample_no: 1271, actual label: 0, predicted: 0
iter: 7, sample_no: 870, actual label: 0, predicted: 0
iter: 8, sample_no: 1156, actual label: 0, predicted: 0
iter: 9, sample_no: 176, actual label: 0, predicted: 0
iter: 10, sample_no: 1062, actual label: 1, predicted: 1
iter: 11, sample_no: 979, actual label: 0, predicted: 0
iter: 12, sample_no: 677, actual label: 0, predicted: 0
iter: 13, sample_no: 484, actual label: 1, predicted: 1
iter: 14, sample_no: 791, actual label: 1, predicted: 1
iter: 15, sample_no: 74, actual label: 0, predicted: 0
iter: 16, sample_no: 592, actual label: 0, predicted: 0
iter: 17, sample_no: 1301, actual label: 0, predicted: 0
iter: 18, sample_no: 1069, actual label: 0, predicted: 0
iter: 19, sample_no: 528, actual label: 0, predicted: 0
iter: 20, sample_no: 316, actual label: 0, predicted: 0
iter: 21, sample_no: 1395, actual label: 1, predicted: 1
iter: 22, sample_no: 1052, actual label: 0, predicted: 0
iter: 23, sample_no: 178, actual label: 0, predicted: 0
iter: 24, sample_no: 265, actual label: 0, predicted: 0
number of samples: 1441
AUC 0.9855553110126827
pos_get 326
total recall stop_at 1.0
@@@ C - Repeat number: 10
@@@ D - common_header:  {'F15-protected', 'F71-jfclere@apache.org', 'F3-Reader', 'F77', 'F71-timw@apache.org', 'F71-rjung@apache.org', 'F3-long', 'F104', 'F3-PooledConnectionAndInfo', 'F3-boolean', 'F15-public', 'F71-markt@apache.org =  markt = Mark Emlyn David Thomas markt@apache.org@apache.org', 'F71-violetagg@apache.org', 'F71-kkolinko@apache.org', 'F68', 'F65', 'F3-byte[]', 'F3-InputStream', 'F3-Class<?>[]', 'F3-key.getSql()', 'F22', 'F71-mturk@apache.org', 'F3-NA', 'F71-jboynes@apache.org', 'F3-Object[]', 'F41', 'F3-String', 'F71-jhook@apache.org', 'F71-slaurent@apache.org', 'F117', 'F71-kfujino@apache.org', 'F3-Object', 'F15-private', 'F71-markt@apache.org', 'F101', 'F3-String[]', 'F71-costin@apache.org', 'F3-int', 'F3-ObjectName', 'F110', 'F71-billbarker@apache.org', 'F71-fschumacher@apache.org', 'F3-MappedHost[]', 'F71-funkman@apache.org', 'F71-fhanik@apache.org', 'F72', 'category', 'F116', 'F120', 'F115', 'F71-pero@apache.org', 'F71-schultz@apache.org', 'F25', 'F15-NA', 'F123', 'F105', 'F3-ELContext', 'F3-Integer', 'F126', 'F71-remm@apache.org', 'F3-Session'}
     F72           ...           F71-slaurent@apache.org
1   3354           ...                                 0
2  17995           ...                                 0
3  17995           ...                                 0

[3 rows x 60 columns]
;.;
   F72           ...             F71-slaurent@apache.org
0  0.0           ...                                 0.0
1  1.0           ...                                 0.0
2  1.0           ...                                 0.0

[3 rows x 60 columns]
training_x: (1435, 60)
training_y: 1435
testset_x: (1441, 60)
testset_y: 1441
              precision    recall  f1-score   support

           0       0.94      0.99      0.96      1115
           1       0.96      0.78      0.86       326

    accuracy                           0.94      1441
   macro avg       0.95      0.88      0.91      1441
weighted avg       0.94      0.94      0.94      1441

accuracy: 0.9424011103400416
0.8595600676818951
@@@ tn: 1104, fp: 11, fn: 72, tp: 254
@@@ LIME - Creating explainer
@@@ LIME - Random Sampling of Instances
/Users/author1/anaconda3/lib/python3.6/site-packages/tensorflow/python/framework/dtypes.py:463: FutureWarning: Passing (type, 1) or '1type' as a synonym of type is deprecated; in a future version of numpy, it will be understood as (type, (1,)) / '(1,)type'.
  _np_qint8 = np.dtype([("qint8", np.int8, 1)])
/Users/author1/anaconda3/lib/python3.6/site-packages/tensorflow/python/framework/dtypes.py:464: FutureWarning: Passing (type, 1) or '1type' as a synonym of type is deprecated; in a future version of numpy, it will be understood as (type, (1,)) / '(1,)type'.
  _np_quint8 = np.dtype([("quint8", np.uint8, 1)])
/Users/author1/anaconda3/lib/python3.6/site-packages/tensorflow/python/framework/dtypes.py:465: FutureWarning: Passing (type, 1) or '1type' as a synonym of type is deprecated; in a future version of numpy, it will be understood as (type, (1,)) / '(1,)type'.
  _np_qint16 = np.dtype([("qint16", np.int16, 1)])
/Users/author1/anaconda3/lib/python3.6/site-packages/tensorflow/python/framework/dtypes.py:466: FutureWarning: Passing (type, 1) or '1type' as a synonym of type is deprecated; in a future version of numpy, it will be understood as (type, (1,)) / '(1,)type'.
  _np_quint16 = np.dtype([("quint16", np.uint16, 1)])
/Users/author1/anaconda3/lib/python3.6/site-packages/tensorflow/python/framework/dtypes.py:467: FutureWarning: Passing (type, 1) or '1type' as a synonym of type is deprecated; in a future version of numpy, it will be understood as (type, (1,)) / '(1,)type'.
  _np_qint32 = np.dtype([("qint32", np.int32, 1)])
iter: 0, sample_no: 1013, actual label: 1, predicted: 1
iter: 1, sample_no: 1425, actual label: 1, predicted: 1
iter: 2, sample_no: 934, actual label: 0, predicted: 0
iter: 3, sample_no: 87, actual label: 0, predicted: 0
iter: 4, sample_no: 1011, actual label: 0, predicted: 0
iter: 5, sample_no: 231, actual label: 0, predicted: 0
iter: 6, sample_no: 289, actual label: 1, predicted: 1
iter: 7, sample_no: 937, actual label: 0, predicted: 0
iter: 8, sample_no: 1360, actual label: 1, predicted: 0
iter: 9, sample_no: 132, actual label: 0, predicted: 0
iter: 10, sample_no: 786, actual label: 1, predicted: 1
iter: 11, sample_no: 26, actual label: 0, predicted: 0
iter: 12, sample_no: 206, actual label: 0, predicted: 0
iter: 13, sample_no: 926, actual label: 0, predicted: 0
iter: 14, sample_no: 956, actual label: 0, predicted: 0
iter: 15, sample_no: 1106, actual label: 0, predicted: 0
iter: 16, sample_no: 780, actual label: 0, predicted: 0
iter: 17, sample_no: 696, actual label: 1, predicted: 1
iter: 18, sample_no: 873, actual label: 0, predicted: 0
iter: 19, sample_no: 731, actual label: 0, predicted: 0
iter: 20, sample_no: 1343, actual label: 1, predicted: 1
iter: 21, sample_no: 802, actual label: 0, predicted: 0
iter: 22, sample_no: 705, actual label: 0, predicted: 0
iter: 23, sample_no: 1005, actual label: 0, predicted: 0
iter: 24, sample_no: 589, actual label: 0, predicted: 0
number of samples: 1441
AUC 0.9855553110126827
pos_get 326
total recall stop_at 1.0
----------threshold stop at----------: 1
AUC [0.9855553110126827, 0.9855553110126827, 0.9855553110126827, 0.9855553110126827, 0.9855553110126827, 0.9855553110126827, 0.9855553110126827, 0.9855553110126827, 0.9855553110126827, 0.9855553110126827]
AUC_median 0.9855553110126827
AUC_iqr 0.0
cost [0.4170714781401804, 0.4170714781401804, 0.4170714781401804, 0.4170714781401804, 0.4170714781401804, 0.4170714781401804, 0.4170714781401804, 0.4170714781401804, 0.4170714781401804, 0.4170714781401804]
COST_med 0.4170714781401804
COST_iqr 0.0
f1_pos_list [0.8595600676818951, 0.8595600676818951, 0.8595600676818951, 0.8595600676818951, 0.8595600676818951, 0.8595600676818951, 0.8595600676818951, 0.8595600676818951, 0.8595600676818951, 0.8595600676818951]
f1_pos_med 0.8595600676818951
