@@@ A - classifier: KNeighborsClassifier(algorithm='auto', leaf_size=30, metric='minkowski',
                     metric_params=None, n_jobs=None, n_neighbors=10, p=2,
                     weights='uniform')
@@@ B - threshold stop at: 1
@@@ C - Repeat number: 1
@@@ D - common_header:  {'category', 'F15-protected', 'F71-jzhong@JZhongs-MacBook-Pro.local', 'F77', 'F71-ramkrishna.s.vasudevan@intel.com', 'F71-twdsilva@gmail.com', 'F15-public', 'F71-rajeshbabu@apache.org', 'F3-Object', 'F3-PreparedStatement', 'F115', 'F3-PhoenixArray', 'F3-PDataType', 'F71-gabrielr@ngdata.com', 'F126', 'F104', 'F71-jamestaylor@apache.org', 'F123', 'F71-ndimiduk@apache.org', 'F3-SortOrder.DESC', 'F3-Connection', 'F71-mujtaba@apache.org', 'F3-null', 'F3-List<ParseNode>', 'F105', 'F3-Properties', 'F3-input', 'F71-jtaylor@salesforce.com', 'F71-samarth.jain@salesforce.com', 'F71-ramkrishna.s.vasudevan@gmail.com', 'F72', 'F101', 'F3-getUrl()', 'F68', 'F15-private', 'F110', 'F3-String', 'F71-enis@apache.org', 'F71-jeffreyz@apache.org', 'F3-int', 'F71-maryannxue@apache.org', 'F22', 'F41', 'F120', 'F71-tdsilva@salesforce.com', 'F3-TEST_PROPERTIES', 'F117', 'F3-NA', 'F65', 'F25', 'F71-wei.xue@intel.com', 'F71-stoens@apache.org', 'F15-NA', 'F71-elilevine@apache.org', 'F3-boolean', 'F3-SortOrder.ASC', 'F116', 'F3-long', 'F3-byte[]', 'F3-BitSet'}
    F72  F25          ...          F71-mujtaba@apache.org F71-wei.xue@intel.com
1  1702  497          ...                               0                     0
2  1585  416          ...                               0                     0
3  1585  416          ...                               0                     0

[3 rows x 59 columns]
;.;
        F72          ...            F71-wei.xue@intel.com
0  0.745370          ...                              0.0
1  0.637037          ...                              0.0
2  0.637037          ...                              0.0

[3 rows x 59 columns]
training_x: (2235, 59)
training_y: 2235
testset_x: (2389, 59)
testset_y: 2389
              precision    recall  f1-score   support

           0       0.94      0.99      0.97      2046
           1       0.94      0.61      0.74       343

    accuracy                           0.94      2389
   macro avg       0.94      0.80      0.85      2389
weighted avg       0.94      0.94      0.93      2389

accuracy: 0.9384679782335705
0.7398230088495575
@@@ tn: 2033, fp: 13, fn: 134, tp: 209
@@@ LIME - Creating explainer
@@@ LIME - Random Sampling of Instances
iter: 0, sample_no: 1860, actual label: 0, predicted: 0
iter: 1, sample_no: 900, actual label: 0, predicted: 0
iter: 2, sample_no: 418, actual label: 1, predicted: 1
iter: 3, sample_no: 1208, actual label: 0, predicted: 0
iter: 4, sample_no: 354, actual label: 0, predicted: 0
iter: 5, sample_no: 424, actual label: 0, predicted: 0
iter: 6, sample_no: 2375, actual label: 0, predicted: 0
iter: 7, sample_no: 1581, actual label: 0, predicted: 0
iter: 8, sample_no: 703, actual label: 0, predicted: 0
iter: 9, sample_no: 1938, actual label: 0, predicted: 0
iter: 10, sample_no: 559, actual label: 1, predicted: 0
iter: 11, sample_no: 2146, actual label: 0, predicted: 0
iter: 12, sample_no: 2324, actual label: 0, predicted: 0
iter: 13, sample_no: 251, actual label: 0, predicted: 0
iter: 14, sample_no: 1297, actual label: 0, predicted: 0
iter: 15, sample_no: 1076, actual label: 1, predicted: 1
iter: 16, sample_no: 1534, actual label: 0, predicted: 0
iter: 17, sample_no: 1378, actual label: 1, predicted: 0
iter: 18, sample_no: 1372, actual label: 0, predicted: 0
iter: 19, sample_no: 2036, actual label: 0, predicted: 0
iter: 20, sample_no: 1515, actual label: 0, predicted: 0
iter: 21, sample_no: 317, actual label: 1, predicted: 0
iter: 22, sample_no: 1344, actual label: 0, predicted: 0
iter: 23, sample_no: 53, actual label: 0, predicted: 0
iter: 24, sample_no: 2047, actual label: 1, predicted: 1
number of samples: 2389
AUC 0.9726793943383805
pos_get 343
total recall stop_at 1.0
@@@ C - Repeat number: 2
@@@ D - common_header:  {'category', 'F15-protected', 'F71-jzhong@JZhongs-MacBook-Pro.local', 'F77', 'F71-ramkrishna.s.vasudevan@intel.com', 'F71-twdsilva@gmail.com', 'F15-public', 'F71-rajeshbabu@apache.org', 'F3-Object', 'F3-PreparedStatement', 'F115', 'F3-PhoenixArray', 'F3-PDataType', 'F71-gabrielr@ngdata.com', 'F126', 'F104', 'F71-jamestaylor@apache.org', 'F123', 'F71-ndimiduk@apache.org', 'F3-SortOrder.DESC', 'F3-Connection', 'F71-mujtaba@apache.org', 'F3-null', 'F3-List<ParseNode>', 'F105', 'F3-Properties', 'F3-input', 'F71-jtaylor@salesforce.com', 'F71-samarth.jain@salesforce.com', 'F71-ramkrishna.s.vasudevan@gmail.com', 'F72', 'F101', 'F3-getUrl()', 'F68', 'F15-private', 'F110', 'F3-String', 'F71-enis@apache.org', 'F71-jeffreyz@apache.org', 'F3-int', 'F71-maryannxue@apache.org', 'F22', 'F41', 'F120', 'F71-tdsilva@salesforce.com', 'F3-TEST_PROPERTIES', 'F117', 'F3-NA', 'F65', 'F25', 'F71-wei.xue@intel.com', 'F71-stoens@apache.org', 'F15-NA', 'F71-elilevine@apache.org', 'F3-boolean', 'F3-SortOrder.ASC', 'F116', 'F3-long', 'F3-byte[]', 'F3-BitSet'}
    F72  F25          ...          F71-mujtaba@apache.org F71-wei.xue@intel.com
1  1702  497          ...                               0                     0
2  1585  416          ...                               0                     0
3  1585  416          ...                               0                     0

[3 rows x 59 columns]
;.;
        F72          ...            F71-wei.xue@intel.com
0  0.745370          ...                              0.0
1  0.637037          ...                              0.0
2  0.637037          ...                              0.0

[3 rows x 59 columns]
training_x: (2235, 59)
training_y: 2235
testset_x: (2389, 59)
testset_y: 2389
              precision    recall  f1-score   support

           0       0.94      0.99      0.97      2046
           1       0.94      0.61      0.74       343

    accuracy                           0.94      2389
   macro avg       0.94      0.80      0.85      2389
weighted avg       0.94      0.94      0.93      2389

accuracy: 0.9384679782335705
0.7398230088495575
@@@ tn: 2033, fp: 13, fn: 134, tp: 209
@@@ LIME - Creating explainer
@@@ LIME - Random Sampling of Instances
iter: 0, sample_no: 1812, actual label: 0, predicted: 0
iter: 1, sample_no: 1367, actual label: 0, predicted: 0
iter: 2, sample_no: 2216, actual label: 0, predicted: 0
iter: 3, sample_no: 394, actual label: 0, predicted: 0
iter: 4, sample_no: 1689, actual label: 0, predicted: 0
iter: 5, sample_no: 1667, actual label: 0, predicted: 0
iter: 6, sample_no: 1938, actual label: 0, predicted: 0
iter: 7, sample_no: 2305, actual label: 0, predicted: 0
iter: 8, sample_no: 2282, actual label: 0, predicted: 0
iter: 9, sample_no: 2358, actual label: 0, predicted: 0
iter: 10, sample_no: 1862, actual label: 0, predicted: 0
iter: 11, sample_no: 338, actual label: 0, predicted: 0
iter: 12, sample_no: 328, actual label: 1, predicted: 1
iter: 13, sample_no: 1447, actual label: 0, predicted: 0
iter: 14, sample_no: 1489, actual label: 0, predicted: 0
iter: 15, sample_no: 1409, actual label: 0, predicted: 0
iter: 16, sample_no: 743, actual label: 0, predicted: 0
iter: 17, sample_no: 865, actual label: 0, predicted: 0
iter: 18, sample_no: 1945, actual label: 0, predicted: 0
iter: 19, sample_no: 2076, actual label: 0, predicted: 0
iter: 20, sample_no: 410, actual label: 0, predicted: 0
iter: 21, sample_no: 377, actual label: 0, predicted: 0
iter: 22, sample_no: 740, actual label: 0, predicted: 0
iter: 23, sample_no: 902, actual label: 0, predicted: 0
iter: 24, sample_no: 498, actual label: 0, predicted: 0
number of samples: 2389
AUC 0.9726793943383805
pos_get 343
total recall stop_at 1.0
@@@ C - Repeat number: 3
/Users/author1/anaconda3/lib/python3.6/site-packages/tensorflow/python/framework/dtypes.py:463: FutureWarning: Passing (type, 1) or '1type' as a synonym of type is deprecated; in a future version of numpy, it will be understood as (type, (1,)) / '(1,)type'.
  _np_qint8 = np.dtype([("qint8", np.int8, 1)])
/Users/author1/anaconda3/lib/python3.6/site-packages/tensorflow/python/framework/dtypes.py:464: FutureWarning: Passing (type, 1) or '1type' as a synonym of type is deprecated; in a future version of numpy, it will be understood as (type, (1,)) / '(1,)type'.
  _np_quint8 = np.dtype([("quint8", np.uint8, 1)])
/Users/author1/anaconda3/lib/python3.6/site-packages/tensorflow/python/framework/dtypes.py:465: FutureWarning: Passing (type, 1) or '1type' as a synonym of type is deprecated; in a future version of numpy, it will be understood as (type, (1,)) / '(1,)type'.
  _np_qint16 = np.dtype([("qint16", np.int16, 1)])
/Users/author1/anaconda3/lib/python3.6/site-packages/tensorflow/python/framework/dtypes.py:466: FutureWarning: Passing (type, 1) or '1type' as a synonym of type is deprecated; in a future version of numpy, it will be understood as (type, (1,)) / '(1,)type'.
  _np_quint16 = np.dtype([("quint16", np.uint16, 1)])
/Users/author1/anaconda3/lib/python3.6/site-packages/tensorflow/python/framework/dtypes.py:467: FutureWarning: Passing (type, 1) or '1type' as a synonym of type is deprecated; in a future version of numpy, it will be understood as (type, (1,)) / '(1,)type'.
  _np_qint32 = np.dtype([("qint32", np.int32, 1)])
Columns (0,3,4,5,6,7,8,9,10,11,12,13,14,15,16,17,18,19,20,21,22,23,24,25,26,27,28,29,30,31,32,33,34,35,36,37,38,39,40,41,42,43,44,45,46,47,48,49,50,51,52,53,54,55,56,57,58,59,60,61,62,63,64,65,66,67,68,69,70,71,72,73,74,75,76,77,78,79,80,81,82,83,84,85,86,87,88,89,90,91,92,93,94,95,96,97,98,99,100,101,102,103,104,105,106,107,108,109,110,111,112,113,114,115,116,117,118,119,120,121,122,123,124,125,126,127,128,129,130,131,132,133,134,135,136,137,138,139,140,141,142,143,144,145,146,147,148,149,150,151,152,153,154,155,156,157,158,159,160,161,162,163,164,165,166,167,168,169,170,171,172,173,174,175,176,177,178,179,180,181,182,183,184,185,186,187,188,189,190,191,192,193,194,195,196,197,198,199,200,201,202,203,204,205,206,207,208,209,210,211,212,213,214,215,216,217,218,219,220,221,222,223,224,225,226,227,228,229,230,231,232,233,234,235,236,237,238,239,240,241,242,243,244,245,246,247,248,249,250,251,252,253,254,255,256,257,258,259,260,261,262,263,264,265,266,267,268,269,270,271,272,273,275,277,278,279,280,281,282,283,284,285,286,287,288,289,290,291,292,293,294,295,296,297,298,299,300,301,302,303,304,305,306,307,308,309,310,311,312,313,314,315,316,317,318,319,320,321,322,323,324,325,326,327,328,329,330,331,332,333,334,335,336,337,338,339,340,341,342,343,344,345,346) have mixed types. Specify dtype option on import or set low_memory=False.
Columns (0,3,4,5,6,7,8,9,10,11,12,13,14,15,16,17,18,19,20,21,22,23,24,25,26,27,28,29,30,31,32,33,34,35,36,37,38,39,40,41,42,43,44,45,46,47,48,49,50,51,52,53,54,55,56,57,58,59,60,61,62,63,64,65,66,67,68,69,70,71,72,73,74,75,76,77,78,79,80,81,82,83,84,85,86,87,88,89,90,91,92,93,94,95,96,97,98,99,100,101,102,103,104,105,106,107,108,109,110,111,112,113,114,115,116,117,118,119,120,121,122,123,124,125,126,127,128,129,130,131,132,133,134,135,136,137,138,139,140,141,142,143,144,145,146,147,148,149,150,151,152,153,154,155,156,157,158,159,160,161,162,163,164,165,166,167,168,169,170,171,172,173,174,175,176,177,178,179,180,181,182,183,184,185,186,187,188,189,190,191,192,193,194,195,196,197,198,199,200,201,202,203,204,205,206,207,208,209,210,211,212,213,214,215,216,217,218,219,220,221,222,223,224,225,226,227,228,229,230,231,232,233,234,235,236,237,238,239,240,241,242,243,244,245,246,247,248,249,250,251,252,253,254,255,256,257,258,259,260,261,262,263,264,265,266,267,268,269,270,271,272,274,276,277,278,279,280,281,282,283,284,285,286,287,288,289,290,291,292,293,294,295,296,297,298,299,300,301,302,303,304,305,306,307,308,309,310,311,312,313,314,315,316,317,318,319,320,321,322,323,324,325,326,327,328,329,330,331,332,333,334,335,336,337,338,339,340,341,342,343,344,345) have mixed types. Specify dtype option on import or set low_memory=False.
Columns (0,3,4,5,6,7,8,9,10,11,12,13,14,15,16,17,18,19,20,21,22,23,24,25,26,27,28,29,30,31,32,33,34,35,36,37,38,39,40,41,42,43,44,45,46,47,48,49,50,51,52,53,54,55,56,57,58,59,60,61,62,63,64,65,66,67,68,69,70,71,72,73,74,75,76,77,78,79,80,81,82,83,84,85,86,87,88,89,90,91,92,93,94,95,96,97,98,99,100,101,102,103,104,105,106,107,108,109,110,111,112,113,114,115,116,117,118,119,120,121,122,123,124,125,126,127,128,129,130,131,132,133,134,135,136,137,138,139,140,141,142,143,144,145,146,147,148,149,150,151,152,153,154,155,156,157,158,159,160,161,162,163,164,165,166,167,168,169,170,171,172,173,174,175,176,177,178,179,180,181,182,183,184,185,186,187,188,189,190,191,192,193,194,195,196,197,198,199,200,201,202,203,204,205,206,207,208,209,210,211,212,213,214,215,216,217,218,219,220,221,222,223,224,225,226,227,228,229,230,231,232,233,234,235,236,237,238,239,240,241,242,243,244,245,246,247,248,249,250,251,252,253,254,255,256,257,258,259,260,261,262,263,264,265,266,267,268,269,270,271,272,273,275,277,278,279,280,281,282,283,284,285,286,287,288,289,290,291,292,293,294,295,296,297,298,299,300,301,302,303,304,305,306,307,308,309,310,311,312,313,314,315,316,317,318,319,320,321,322,323,324,325,326,327,328,329,330,331,332,333,334,335,336,337,338,339,340,341,342,343,344,345,346) have mixed types. Specify dtype option on import or set low_memory=False.
Columns (0,3,4,5,6,7,8,9,10,11,12,13,14,15,16,17,18,19,20,21,22,23,24,25,26,27,28,29,30,31,32,33,34,35,36,37,38,39,40,41,42,43,44,45,46,47,48,49,50,51,52,53,54,55,56,57,58,59,60,61,62,63,64,65,66,67,68,69,70,71,72,73,74,75,76,77,78,79,80,81,82,83,84,85,86,87,88,89,90,91,92,93,94,95,96,97,98,99,100,101,102,103,104,105,106,107,108,109,110,111,112,113,114,115,116,117,118,119,120,121,122,123,124,125,126,127,128,129,130,131,132,133,134,135,136,137,138,139,140,141,142,143,144,145,146,147,148,149,150,151,152,153,154,155,156,157,158,159,160,161,162,163,164,165,166,167,168,169,170,171,172,173,174,175,176,177,178,179,180,181,182,183,184,185,186,187,188,189,190,191,192,193,194,195,196,197,198,199,200,201,202,203,204,205,206,207,208,209,210,211,212,213,214,215,216,217,218,219,220,221,222,223,224,225,226,227,228,229,230,231,232,233,234,235,236,237,238,239,240,241,242,243,244,245,246,247,248,249,250,251,252,253,254,255,256,257,258,259,260,261,262,263,264,265,266,267,268,269,270,271,272,274,276,277,278,279,280,281,282,283,284,285,286,287,288,289,290,291,292,293,294,295,296,297,298,299,300,301,302,303,304,305,306,307,308,309,310,311,312,313,314,315,316,317,318,319,320,321,322,323,324,325,326,327,328,329,330,331,332,333,334,335,336,337,338,339,340,341,342,343,344,345) have mixed types. Specify dtype option on import or set low_memory=False.
Columns (0,3,4,5,6,7,8,9,10,11,12,13,14,15,16,17,18,19,20,21,22,23,24,25,26,27,28,29,30,31,32,33,34,35,36,37,38,39,40,41,42,43,44,45,46,47,48,49,50,51,52,53,54,55,56,57,58,59,60,61,62,63,64,65,66,67,68,69,70,71,72,73,74,75,76,77,78,79,80,81,82,83,84,85,86,87,88,89,90,91,92,93,94,95,96,97,98,99,100,101,102,103,104,105,106,107,108,109,110,111,112,113,114,115,116,117,118,119,120,121,122,123,124,125,126,127,128,129,130,131,132,133,134,135,136,137,138,139,140,141,142,143,144,145,146,147,148,149,150,151,152,153,154,155,156,157,158,159,160,161,162,163,164,165,166,167,168,169,170,171,172,173,174,175,176,177,178,179,180,181,182,183,184,185,186,187,188,189,190,191,192,193,194,195,196,197,198,199,200,201,202,203,204,205,206,207,208,209,210,211,212,213,214,215,216,217,218,219,220,221,222,223,224,225,226,227,228,229,230,231,232,233,234,235,236,237,238,239,240,241,242,243,244,245,246,247,248,249,250,251,252,253,254,255,256,257,258,259,260,261,262,263,264,265,266,267,268,269,270,271,272,273,275,277,278,279,280,281,282,283,284,285,286,287,288,289,290,291,292,293,294,295,296,297,298,299,300,301,302,303,304,305,306,307,308,309,310,311,312,313,314,315,316,317,318,319,320,321,322,323,324,325,326,327,328,329,330,331,332,333,334,335,336,337,338,339,340,341,342,343,344,345,346) have mixed types. Specify dtype option on import or set low_memory=False.
@@@ D - common_header:  {'category', 'F15-protected', 'F71-jzhong@JZhongs-MacBook-Pro.local', 'F77', 'F71-ramkrishna.s.vasudevan@intel.com', 'F71-twdsilva@gmail.com', 'F15-public', 'F71-rajeshbabu@apache.org', 'F3-Object', 'F3-PreparedStatement', 'F115', 'F3-PhoenixArray', 'F3-PDataType', 'F71-gabrielr@ngdata.com', 'F126', 'F104', 'F71-jamestaylor@apache.org', 'F123', 'F71-ndimiduk@apache.org', 'F3-SortOrder.DESC', 'F3-Connection', 'F71-mujtaba@apache.org', 'F3-null', 'F3-List<ParseNode>', 'F105', 'F3-Properties', 'F3-input', 'F71-jtaylor@salesforce.com', 'F71-samarth.jain@salesforce.com', 'F71-ramkrishna.s.vasudevan@gmail.com', 'F72', 'F101', 'F3-getUrl()', 'F68', 'F15-private', 'F110', 'F3-String', 'F71-enis@apache.org', 'F71-jeffreyz@apache.org', 'F3-int', 'F71-maryannxue@apache.org', 'F22', 'F41', 'F120', 'F71-tdsilva@salesforce.com', 'F3-TEST_PROPERTIES', 'F117', 'F3-NA', 'F65', 'F25', 'F71-wei.xue@intel.com', 'F71-stoens@apache.org', 'F15-NA', 'F71-elilevine@apache.org', 'F3-boolean', 'F3-SortOrder.ASC', 'F116', 'F3-long', 'F3-byte[]', 'F3-BitSet'}
    F72  F25          ...          F71-mujtaba@apache.org F71-wei.xue@intel.com
1  1702  497          ...                               0                     0
2  1585  416          ...                               0                     0
3  1585  416          ...                               0                     0

[3 rows x 59 columns]
;.;
        F72          ...            F71-wei.xue@intel.com
0  0.745370          ...                              0.0
1  0.637037          ...                              0.0
2  0.637037          ...                              0.0

[3 rows x 59 columns]
training_x: (2235, 59)
training_y: 2235
testset_x: (2389, 59)
testset_y: 2389
              precision    recall  f1-score   support

           0       0.94      0.99      0.97      2046
           1       0.94      0.61      0.74       343

    accuracy                           0.94      2389
   macro avg       0.94      0.80      0.85      2389
weighted avg       0.94      0.94      0.93      2389

accuracy: 0.9384679782335705
0.7398230088495575
@@@ tn: 2033, fp: 13, fn: 134, tp: 209
@@@ LIME - Creating explainer
@@@ LIME - Random Sampling of Instances
iter: 0, sample_no: 1667, actual label: 0, predicted: 0
iter: 1, sample_no: 1779, actual label: 0, predicted: 0
iter: 2, sample_no: 2181, actual label: 0, predicted: 0
iter: 3, sample_no: 1171, actual label: 0, predicted: 0
iter: 4, sample_no: 376, actual label: 0, predicted: 0
iter: 5, sample_no: 1515, actual label: 0, predicted: 0
iter: 6, sample_no: 457, actual label: 1, predicted: 1
iter: 7, sample_no: 443, actual label: 0, predicted: 0
iter: 8, sample_no: 2297, actual label: 0, predicted: 0
iter: 9, sample_no: 1346, actual label: 0, predicted: 0
iter: 10, sample_no: 299, actual label: 0, predicted: 0
iter: 11, sample_no: 904, actual label: 0, predicted: 0
iter: 12, sample_no: 2080, actual label: 0, predicted: 0
iter: 13, sample_no: 168, actual label: 0, predicted: 0
iter: 14, sample_no: 421, actual label: 0, predicted: 0
iter: 15, sample_no: 1072, actual label: 0, predicted: 0
iter: 16, sample_no: 2295, actual label: 0, predicted: 0
iter: 17, sample_no: 696, actual label: 1, predicted: 0
iter: 18, sample_no: 1241, actual label: 0, predicted: 0
iter: 19, sample_no: 2250, actual label: 1, predicted: 0
iter: 20, sample_no: 1207, actual label: 0, predicted: 0
iter: 21, sample_no: 420, actual label: 0, predicted: 0
iter: 22, sample_no: 1755, actual label: 0, predicted: 0
iter: 23, sample_no: 1121, actual label: 0, predicted: 0
iter: 24, sample_no: 1636, actual label: 1, predicted: 1
number of samples: 2389
AUC 0.9726793943383805
pos_get 343
total recall stop_at 1.0
@@@ C - Repeat number: 4
@@@ D - common_header:  {'category', 'F15-protected', 'F71-jzhong@JZhongs-MacBook-Pro.local', 'F77', 'F71-ramkrishna.s.vasudevan@intel.com', 'F71-twdsilva@gmail.com', 'F15-public', 'F71-rajeshbabu@apache.org', 'F3-Object', 'F3-PreparedStatement', 'F115', 'F3-PhoenixArray', 'F3-PDataType', 'F71-gabrielr@ngdata.com', 'F126', 'F104', 'F71-jamestaylor@apache.org', 'F123', 'F71-ndimiduk@apache.org', 'F3-SortOrder.DESC', 'F3-Connection', 'F71-mujtaba@apache.org', 'F3-null', 'F3-List<ParseNode>', 'F105', 'F3-Properties', 'F3-input', 'F71-jtaylor@salesforce.com', 'F71-samarth.jain@salesforce.com', 'F71-ramkrishna.s.vasudevan@gmail.com', 'F72', 'F101', 'F3-getUrl()', 'F68', 'F15-private', 'F110', 'F3-String', 'F71-enis@apache.org', 'F71-jeffreyz@apache.org', 'F3-int', 'F71-maryannxue@apache.org', 'F22', 'F41', 'F120', 'F71-tdsilva@salesforce.com', 'F3-TEST_PROPERTIES', 'F117', 'F3-NA', 'F65', 'F25', 'F71-wei.xue@intel.com', 'F71-stoens@apache.org', 'F15-NA', 'F71-elilevine@apache.org', 'F3-boolean', 'F3-SortOrder.ASC', 'F116', 'F3-long', 'F3-byte[]', 'F3-BitSet'}
    F72  F25          ...          F71-mujtaba@apache.org F71-wei.xue@intel.com
1  1702  497          ...                               0                     0
2  1585  416          ...                               0                     0
3  1585  416          ...                               0                     0

[3 rows x 59 columns]
;.;
        F72          ...            F71-wei.xue@intel.com
0  0.745370          ...                              0.0
1  0.637037          ...                              0.0
2  0.637037          ...                              0.0

[3 rows x 59 columns]
training_x: (2235, 59)
training_y: 2235
testset_x: (2389, 59)
testset_y: 2389
              precision    recall  f1-score   support

           0       0.94      0.99      0.97      2046
           1       0.94      0.61      0.74       343

    accuracy                           0.94      2389
   macro avg       0.94      0.80      0.85      2389
weighted avg       0.94      0.94      0.93      2389

accuracy: 0.9384679782335705
0.7398230088495575
@@@ tn: 2033, fp: 13, fn: 134, tp: 209
@@@ LIME - Creating explainer
@@@ LIME - Random Sampling of Instances
iter: 0, sample_no: 1576, actual label: 0, predicted: 0
iter: 1, sample_no: 1981, actual label: 1, predicted: 0
iter: 2, sample_no: 2327, actual label: 0, predicted: 0
iter: 3, sample_no: 2063, actual label: 0, predicted: 0
iter: 4, sample_no: 1288, actual label: 0, predicted: 0
iter: 5, sample_no: 318, actual label: 1, predicted: 1
iter: 6, sample_no: 1832, actual label: 0, predicted: 0
iter: 7, sample_no: 2180, actual label: 0, predicted: 0
iter: 8, sample_no: 88, actual label: 0, predicted: 0
iter: 9, sample_no: 2237, actual label: 0, predicted: 0
iter: 10, sample_no: 2368, actual label: 1, predicted: 0
iter: 11, sample_no: 2246, actual label: 0, predicted: 0
iter: 12, sample_no: 727, actual label: 0, predicted: 0
iter: 13, sample_no: 2363, actual label: 0, predicted: 0
iter: 14, sample_no: 1462, actual label: 1, predicted: 1
iter: 15, sample_no: 1579, actual label: 0, predicted: 0
iter: 16, sample_no: 1873, actual label: 0, predicted: 0
iter: 17, sample_no: 787, actual label: 0, predicted: 0
iter: 18, sample_no: 1835, actual label: 0, predicted: 0
iter: 19, sample_no: 1171, actual label: 0, predicted: 0
iter: 20, sample_no: 2095, actual label: 0, predicted: 0
iter: 21, sample_no: 1772, actual label: 0, predicted: 0
iter: 22, sample_no: 2285, actual label: 0, predicted: 0
iter: 23, sample_no: 1802, actual label: 0, predicted: 0
iter: 24, sample_no: 2053, actual label: 1, predicted: 1
number of samples: 2389
AUC 0.9726793943383805
pos_get 343
total recall stop_at 1.0
@@@ C - Repeat number: 5
@@@ D - common_header:  {'category', 'F15-protected', 'F71-jzhong@JZhongs-MacBook-Pro.local', 'F77', 'F71-ramkrishna.s.vasudevan@intel.com', 'F71-twdsilva@gmail.com', 'F15-public', 'F71-rajeshbabu@apache.org', 'F3-Object', 'F3-PreparedStatement', 'F115', 'F3-PhoenixArray', 'F3-PDataType', 'F71-gabrielr@ngdata.com', 'F126', 'F104', 'F71-jamestaylor@apache.org', 'F123', 'F71-ndimiduk@apache.org', 'F3-SortOrder.DESC', 'F3-Connection', 'F71-mujtaba@apache.org', 'F3-null', 'F3-List<ParseNode>', 'F105', 'F3-Properties', 'F3-input', 'F71-jtaylor@salesforce.com', 'F71-samarth.jain@salesforce.com', 'F71-ramkrishna.s.vasudevan@gmail.com', 'F72', 'F101', 'F3-getUrl()', 'F68', 'F15-private', 'F110', 'F3-String', 'F71-enis@apache.org', 'F71-jeffreyz@apache.org', 'F3-int', 'F71-maryannxue@apache.org', 'F22', 'F41', 'F120', 'F71-tdsilva@salesforce.com', 'F3-TEST_PROPERTIES', 'F117', 'F3-NA', 'F65', 'F25', 'F71-wei.xue@intel.com', 'F71-stoens@apache.org', 'F15-NA', 'F71-elilevine@apache.org', 'F3-boolean', 'F3-SortOrder.ASC', 'F116', 'F3-long', 'F3-byte[]', 'F3-BitSet'}
    F72  F25          ...          F71-mujtaba@apache.org F71-wei.xue@intel.com
1  1702  497          ...                               0                     0
2  1585  416          ...                               0                     0
3  1585  416          ...                               0                     0

[3 rows x 59 columns]
;.;
        F72          ...            F71-wei.xue@intel.com
0  0.745370          ...                              0.0
1  0.637037          ...                              0.0
2  0.637037          ...                              0.0

[3 rows x 59 columns]
training_x: (2235, 59)
training_y: 2235
testset_x: (2389, 59)
testset_y: 2389
              precision    recall  f1-score   support

           0       0.94      0.99      0.97      2046
           1       0.94      0.61      0.74       343

    accuracy                           0.94      2389
   macro avg       0.94      0.80      0.85      2389
weighted avg       0.94      0.94      0.93      2389

accuracy: 0.9384679782335705
0.7398230088495575
@@@ tn: 2033, fp: 13, fn: 134, tp: 209
@@@ LIME - Creating explainer
@@@ LIME - Random Sampling of Instances
iter: 0, sample_no: 1159, actual label: 0, predicted: 0
iter: 1, sample_no: 1374, actual label: 0, predicted: 0
iter: 2, sample_no: 2042, actual label: 0, predicted: 0
iter: 3, sample_no: 24, actual label: 0, predicted: 0
iter: 4, sample_no: 159, actual label: 1, predicted: 0
iter: 5, sample_no: 146, actual label: 0, predicted: 0
iter: 6, sample_no: 231, actual label: 0, predicted: 0
iter: 7, sample_no: 1192, actual label: 1, predicted: 1
iter: 8, sample_no: 1835, actual label: 0, predicted: 0
iter: 9, sample_no: 1288, actual label: 0, predicted: 0
iter: 10, sample_no: 743, actual label: 0, predicted: 0
iter: 11, sample_no: 1087, actual label: 0, predicted: 0
iter: 12, sample_no: 887, actual label: 0, predicted: 0
iter: 13, sample_no: 2211, actual label: 0, predicted: 0
iter: 14, sample_no: 1263, actual label: 0, predicted: 0
iter: 15, sample_no: 123, actual label: 0, predicted: 0
iter: 16, sample_no: 2259, actual label: 0, predicted: 0
iter: 17, sample_no: 1829, actual label: 0, predicted: 0
iter: 18, sample_no: 1497, actual label: 0, predicted: 0
iter: 19, sample_no: 1176, actual label: 0, predicted: 0
iter: 20, sample_no: 1952, actual label: 0, predicted: 0
iter: 21, sample_no: 1993, actual label: 1, predicted: 0
iter: 22, sample_no: 42, actual label: 1, predicted: 1
iter: 23, sample_no: 1323, actual label: 0, predicted: 0
iter: 24, sample_no: 1658, actual label: 0, predicted: 0
number of samples: 2389
AUC 0.9726793943383805
pos_get 343
total recall stop_at 1.0
@@@ C - Repeat number: 6
Columns (0,3,4,5,6,7,8,9,10,11,12,13,14,15,16,17,18,19,20,21,22,23,24,25,26,27,28,29,30,31,32,33,34,35,36,37,38,39,40,41,42,43,44,45,46,47,48,49,50,51,52,53,54,55,56,57,58,59,60,61,62,63,64,65,66,67,68,69,70,71,72,73,74,75,76,77,78,79,80,81,82,83,84,85,86,87,88,89,90,91,92,93,94,95,96,97,98,99,100,101,102,103,104,105,106,107,108,109,110,111,112,113,114,115,116,117,118,119,120,121,122,123,124,125,126,127,128,129,130,131,132,133,134,135,136,137,138,139,140,141,142,143,144,145,146,147,148,149,150,151,152,153,154,155,156,157,158,159,160,161,162,163,164,165,166,167,168,169,170,171,172,173,174,175,176,177,178,179,180,181,182,183,184,185,186,187,188,189,190,191,192,193,194,195,196,197,198,199,200,201,202,203,204,205,206,207,208,209,210,211,212,213,214,215,216,217,218,219,220,221,222,223,224,225,226,227,228,229,230,231,232,233,234,235,236,237,238,239,240,241,242,243,244,245,246,247,248,249,250,251,252,253,254,255,256,257,258,259,260,261,262,263,264,265,266,267,268,269,270,271,272,274,276,277,278,279,280,281,282,283,284,285,286,287,288,289,290,291,292,293,294,295,296,297,298,299,300,301,302,303,304,305,306,307,308,309,310,311,312,313,314,315,316,317,318,319,320,321,322,323,324,325,326,327,328,329,330,331,332,333,334,335,336,337,338,339,340,341,342,343,344,345) have mixed types. Specify dtype option on import or set low_memory=False.
Columns (0,3,4,5,6,7,8,9,10,11,12,13,14,15,16,17,18,19,20,21,22,23,24,25,26,27,28,29,30,31,32,33,34,35,36,37,38,39,40,41,42,43,44,45,46,47,48,49,50,51,52,53,54,55,56,57,58,59,60,61,62,63,64,65,66,67,68,69,70,71,72,73,74,75,76,77,78,79,80,81,82,83,84,85,86,87,88,89,90,91,92,93,94,95,96,97,98,99,100,101,102,103,104,105,106,107,108,109,110,111,112,113,114,115,116,117,118,119,120,121,122,123,124,125,126,127,128,129,130,131,132,133,134,135,136,137,138,139,140,141,142,143,144,145,146,147,148,149,150,151,152,153,154,155,156,157,158,159,160,161,162,163,164,165,166,167,168,169,170,171,172,173,174,175,176,177,178,179,180,181,182,183,184,185,186,187,188,189,190,191,192,193,194,195,196,197,198,199,200,201,202,203,204,205,206,207,208,209,210,211,212,213,214,215,216,217,218,219,220,221,222,223,224,225,226,227,228,229,230,231,232,233,234,235,236,237,238,239,240,241,242,243,244,245,246,247,248,249,250,251,252,253,254,255,256,257,258,259,260,261,262,263,264,265,266,267,268,269,270,271,272,273,275,277,278,279,280,281,282,283,284,285,286,287,288,289,290,291,292,293,294,295,296,297,298,299,300,301,302,303,304,305,306,307,308,309,310,311,312,313,314,315,316,317,318,319,320,321,322,323,324,325,326,327,328,329,330,331,332,333,334,335,336,337,338,339,340,341,342,343,344,345,346) have mixed types. Specify dtype option on import or set low_memory=False.
Columns (0,3,4,5,6,7,8,9,10,11,12,13,14,15,16,17,18,19,20,21,22,23,24,25,26,27,28,29,30,31,32,33,34,35,36,37,38,39,40,41,42,43,44,45,46,47,48,49,50,51,52,53,54,55,56,57,58,59,60,61,62,63,64,65,66,67,68,69,70,71,72,73,74,75,76,77,78,79,80,81,82,83,84,85,86,87,88,89,90,91,92,93,94,95,96,97,98,99,100,101,102,103,104,105,106,107,108,109,110,111,112,113,114,115,116,117,118,119,120,121,122,123,124,125,126,127,128,129,130,131,132,133,134,135,136,137,138,139,140,141,142,143,144,145,146,147,148,149,150,151,152,153,154,155,156,157,158,159,160,161,162,163,164,165,166,167,168,169,170,171,172,173,174,175,176,177,178,179,180,181,182,183,184,185,186,187,188,189,190,191,192,193,194,195,196,197,198,199,200,201,202,203,204,205,206,207,208,209,210,211,212,213,214,215,216,217,218,219,220,221,222,223,224,225,226,227,228,229,230,231,232,233,234,235,236,237,238,239,240,241,242,243,244,245,246,247,248,249,250,251,252,253,254,255,256,257,258,259,260,261,262,263,264,265,266,267,268,269,270,271,272,274,276,277,278,279,280,281,282,283,284,285,286,287,288,289,290,291,292,293,294,295,296,297,298,299,300,301,302,303,304,305,306,307,308,309,310,311,312,313,314,315,316,317,318,319,320,321,322,323,324,325,326,327,328,329,330,331,332,333,334,335,336,337,338,339,340,341,342,343,344,345) have mixed types. Specify dtype option on import or set low_memory=False.
Columns (0,3,4,5,6,7,8,9,10,11,12,13,14,15,16,17,18,19,20,21,22,23,24,25,26,27,28,29,30,31,32,33,34,35,36,37,38,39,40,41,42,43,44,45,46,47,48,49,50,51,52,53,54,55,56,57,58,59,60,61,62,63,64,65,66,67,68,69,70,71,72,73,74,75,76,77,78,79,80,81,82,83,84,85,86,87,88,89,90,91,92,93,94,95,96,97,98,99,100,101,102,103,104,105,106,107,108,109,110,111,112,113,114,115,116,117,118,119,120,121,122,123,124,125,126,127,128,129,130,131,132,133,134,135,136,137,138,139,140,141,142,143,144,145,146,147,148,149,150,151,152,153,154,155,156,157,158,159,160,161,162,163,164,165,166,167,168,169,170,171,172,173,174,175,176,177,178,179,180,181,182,183,184,185,186,187,188,189,190,191,192,193,194,195,196,197,198,199,200,201,202,203,204,205,206,207,208,209,210,211,212,213,214,215,216,217,218,219,220,221,222,223,224,225,226,227,228,229,230,231,232,233,234,235,236,237,238,239,240,241,242,243,244,245,246,247,248,249,250,251,252,253,254,255,256,257,258,259,260,261,262,263,264,265,266,267,268,269,270,271,272,273,275,277,278,279,280,281,282,283,284,285,286,287,288,289,290,291,292,293,294,295,296,297,298,299,300,301,302,303,304,305,306,307,308,309,310,311,312,313,314,315,316,317,318,319,320,321,322,323,324,325,326,327,328,329,330,331,332,333,334,335,336,337,338,339,340,341,342,343,344,345,346) have mixed types. Specify dtype option on import or set low_memory=False.
Columns (0,3,4,5,6,7,8,9,10,11,12,13,14,15,16,17,18,19,20,21,22,23,24,25,26,27,28,29,30,31,32,33,34,35,36,37,38,39,40,41,42,43,44,45,46,47,48,49,50,51,52,53,54,55,56,57,58,59,60,61,62,63,64,65,66,67,68,69,70,71,72,73,74,75,76,77,78,79,80,81,82,83,84,85,86,87,88,89,90,91,92,93,94,95,96,97,98,99,100,101,102,103,104,105,106,107,108,109,110,111,112,113,114,115,116,117,118,119,120,121,122,123,124,125,126,127,128,129,130,131,132,133,134,135,136,137,138,139,140,141,142,143,144,145,146,147,148,149,150,151,152,153,154,155,156,157,158,159,160,161,162,163,164,165,166,167,168,169,170,171,172,173,174,175,176,177,178,179,180,181,182,183,184,185,186,187,188,189,190,191,192,193,194,195,196,197,198,199,200,201,202,203,204,205,206,207,208,209,210,211,212,213,214,215,216,217,218,219,220,221,222,223,224,225,226,227,228,229,230,231,232,233,234,235,236,237,238,239,240,241,242,243,244,245,246,247,248,249,250,251,252,253,254,255,256,257,258,259,260,261,262,263,264,265,266,267,268,269,270,271,272,274,276,277,278,279,280,281,282,283,284,285,286,287,288,289,290,291,292,293,294,295,296,297,298,299,300,301,302,303,304,305,306,307,308,309,310,311,312,313,314,315,316,317,318,319,320,321,322,323,324,325,326,327,328,329,330,331,332,333,334,335,336,337,338,339,340,341,342,343,344,345) have mixed types. Specify dtype option on import or set low_memory=False.
Columns (0,3,4,5,6,7,8,9,10,11,12,13,14,15,16,17,18,19,20,21,22,23,24,25,26,27,28,29,30,31,32,33,34,35,36,37,38,39,40,41,42,43,44,45,46,47,48,49,50,51,52,53,54,55,56,57,58,59,60,61,62,63,64,65,66,67,68,69,70,71,72,73,74,75,76,77,78,79,80,81,82,83,84,85,86,87,88,89,90,91,92,93,94,95,96,97,98,99,100,101,102,103,104,105,106,107,108,109,110,111,112,113,114,115,116,117,118,119,120,121,122,123,124,125,126,127,128,129,130,131,132,133,134,135,136,137,138,139,140,141,142,143,144,145,146,147,148,149,150,151,152,153,154,155,156,157,158,159,160,161,162,163,164,165,166,167,168,169,170,171,172,173,174,175,176,177,178,179,180,181,182,183,184,185,186,187,188,189,190,191,192,193,194,195,196,197,198,199,200,201,202,203,204,205,206,207,208,209,210,211,212,213,214,215,216,217,218,219,220,221,222,223,224,225,226,227,228,229,230,231,232,233,234,235,236,237,238,239,240,241,242,243,244,245,246,247,248,249,250,251,252,253,254,255,256,257,258,259,260,261,262,263,264,265,266,267,268,269,270,271,272,273,275,277,278,279,280,281,282,283,284,285,286,287,288,289,290,291,292,293,294,295,296,297,298,299,300,301,302,303,304,305,306,307,308,309,310,311,312,313,314,315,316,317,318,319,320,321,322,323,324,325,326,327,328,329,330,331,332,333,334,335,336,337,338,339,340,341,342,343,344,345,346) have mixed types. Specify dtype option on import or set low_memory=False.
Columns (0,3,4,5,6,7,8,9,10,11,12,13,14,15,16,17,18,19,20,21,22,23,24,25,26,27,28,29,30,31,32,33,34,35,36,37,38,39,40,41,42,43,44,45,46,47,48,49,50,51,52,53,54,55,56,57,58,59,60,61,62,63,64,65,66,67,68,69,70,71,72,73,74,75,76,77,78,79,80,81,82,83,84,85,86,87,88,89,90,91,92,93,94,95,96,97,98,99,100,101,102,103,104,105,106,107,108,109,110,111,112,113,114,115,116,117,118,119,120,121,122,123,124,125,126,127,128,129,130,131,132,133,134,135,136,137,138,139,140,141,142,143,144,145,146,147,148,149,150,151,152,153,154,155,156,157,158,159,160,161,162,163,164,165,166,167,168,169,170,171,172,173,174,175,176,177,178,179,180,181,182,183,184,185,186,187,188,189,190,191,192,193,194,195,196,197,198,199,200,201,202,203,204,205,206,207,208,209,210,211,212,213,214,215,216,217,218,219,220,221,222,223,224,225,226,227,228,229,230,231,232,233,234,235,236,237,238,239,240,241,242,243,244,245,246,247,248,249,250,251,252,253,254,255,256,257,258,259,260,261,262,263,264,265,266,267,268,269,270,271,272,274,276,277,278,279,280,281,282,283,284,285,286,287,288,289,290,291,292,293,294,295,296,297,298,299,300,301,302,303,304,305,306,307,308,309,310,311,312,313,314,315,316,317,318,319,320,321,322,323,324,325,326,327,328,329,330,331,332,333,334,335,336,337,338,339,340,341,342,343,344,345) have mixed types. Specify dtype option on import or set low_memory=False.
@@@ D - common_header:  {'category', 'F15-protected', 'F71-jzhong@JZhongs-MacBook-Pro.local', 'F77', 'F71-ramkrishna.s.vasudevan@intel.com', 'F71-twdsilva@gmail.com', 'F15-public', 'F71-rajeshbabu@apache.org', 'F3-Object', 'F3-PreparedStatement', 'F115', 'F3-PhoenixArray', 'F3-PDataType', 'F71-gabrielr@ngdata.com', 'F126', 'F104', 'F71-jamestaylor@apache.org', 'F123', 'F71-ndimiduk@apache.org', 'F3-SortOrder.DESC', 'F3-Connection', 'F71-mujtaba@apache.org', 'F3-null', 'F3-List<ParseNode>', 'F105', 'F3-Properties', 'F3-input', 'F71-jtaylor@salesforce.com', 'F71-samarth.jain@salesforce.com', 'F71-ramkrishna.s.vasudevan@gmail.com', 'F72', 'F101', 'F3-getUrl()', 'F68', 'F15-private', 'F110', 'F3-String', 'F71-enis@apache.org', 'F71-jeffreyz@apache.org', 'F3-int', 'F71-maryannxue@apache.org', 'F22', 'F41', 'F120', 'F71-tdsilva@salesforce.com', 'F3-TEST_PROPERTIES', 'F117', 'F3-NA', 'F65', 'F25', 'F71-wei.xue@intel.com', 'F71-stoens@apache.org', 'F15-NA', 'F71-elilevine@apache.org', 'F3-boolean', 'F3-SortOrder.ASC', 'F116', 'F3-long', 'F3-byte[]', 'F3-BitSet'}
    F72  F25          ...          F71-mujtaba@apache.org F71-wei.xue@intel.com
1  1702  497          ...                               0                     0
2  1585  416          ...                               0                     0
3  1585  416          ...                               0                     0

[3 rows x 59 columns]
;.;
        F72          ...            F71-wei.xue@intel.com
0  0.745370          ...                              0.0
1  0.637037          ...                              0.0
2  0.637037          ...                              0.0

[3 rows x 59 columns]
training_x: (2235, 59)
training_y: 2235
testset_x: (2389, 59)
testset_y: 2389
              precision    recall  f1-score   support

           0       0.94      0.99      0.97      2046
           1       0.94      0.61      0.74       343

    accuracy                           0.94      2389
   macro avg       0.94      0.80      0.85      2389
weighted avg       0.94      0.94      0.93      2389

accuracy: 0.9384679782335705
0.7398230088495575
@@@ tn: 2033, fp: 13, fn: 134, tp: 209
@@@ LIME - Creating explainer
@@@ LIME - Random Sampling of Instances
iter: 0, sample_no: 1361, actual label: 1, predicted: 0
iter: 1, sample_no: 1178, actual label: 0, predicted: 0
iter: 2, sample_no: 731, actual label: 0, predicted: 0
iter: 3, sample_no: 1206, actual label: 1, predicted: 1
iter: 4, sample_no: 948, actual label: 0, predicted: 1
iter: 5, sample_no: 1928, actual label: 0, predicted: 0
iter: 6, sample_no: 1394, actual label: 0, predicted: 0
iter: 7, sample_no: 2064, actual label: 1, predicted: 0
iter: 8, sample_no: 1354, actual label: 0, predicted: 0
iter: 9, sample_no: 1027, actual label: 0, predicted: 0
iter: 10, sample_no: 1980, actual label: 1, predicted: 0
iter: 11, sample_no: 6, actual label: 0, predicted: 0
iter: 12, sample_no: 2092, actual label: 0, predicted: 0
iter: 13, sample_no: 658, actual label: 0, predicted: 0
iter: 14, sample_no: 1293, actual label: 0, predicted: 0
iter: 15, sample_no: 1043, actual label: 0, predicted: 0
iter: 16, sample_no: 205, actual label: 0, predicted: 0
iter: 17, sample_no: 1035, actual label: 0, predicted: 0
iter: 18, sample_no: 348, actual label: 1, predicted: 1
iter: 19, sample_no: 1738, actual label: 0, predicted: 0
iter: 20, sample_no: 1009, actual label: 0, predicted: 0
iter: 21, sample_no: 1584, actual label: 0, predicted: 0
iter: 22, sample_no: 1776, actual label: 0, predicted: 0
iter: 23, sample_no: 151, actual label: 0, predicted: 0
iter: 24, sample_no: 1017, actual label: 0, predicted: 0
number of samples: 2389
AUC 0.9726793943383805
pos_get 343
total recall stop_at 1.0
@@@ C - Repeat number: 7
@@@ D - common_header:  {'category', 'F15-protected', 'F71-jzhong@JZhongs-MacBook-Pro.local', 'F77', 'F71-ramkrishna.s.vasudevan@intel.com', 'F71-twdsilva@gmail.com', 'F15-public', 'F71-rajeshbabu@apache.org', 'F3-Object', 'F3-PreparedStatement', 'F115', 'F3-PhoenixArray', 'F3-PDataType', 'F71-gabrielr@ngdata.com', 'F126', 'F104', 'F71-jamestaylor@apache.org', 'F123', 'F71-ndimiduk@apache.org', 'F3-SortOrder.DESC', 'F3-Connection', 'F71-mujtaba@apache.org', 'F3-null', 'F3-List<ParseNode>', 'F105', 'F3-Properties', 'F3-input', 'F71-jtaylor@salesforce.com', 'F71-samarth.jain@salesforce.com', 'F71-ramkrishna.s.vasudevan@gmail.com', 'F72', 'F101', 'F3-getUrl()', 'F68', 'F15-private', 'F110', 'F3-String', 'F71-enis@apache.org', 'F71-jeffreyz@apache.org', 'F3-int', 'F71-maryannxue@apache.org', 'F22', 'F41', 'F120', 'F71-tdsilva@salesforce.com', 'F3-TEST_PROPERTIES', 'F117', 'F3-NA', 'F65', 'F25', 'F71-wei.xue@intel.com', 'F71-stoens@apache.org', 'F15-NA', 'F71-elilevine@apache.org', 'F3-boolean', 'F3-SortOrder.ASC', 'F116', 'F3-long', 'F3-byte[]', 'F3-BitSet'}
    F72  F25          ...          F71-mujtaba@apache.org F71-wei.xue@intel.com
1  1702  497          ...                               0                     0
2  1585  416          ...                               0                     0
3  1585  416          ...                               0                     0

[3 rows x 59 columns]
;.;
        F72          ...            F71-wei.xue@intel.com
0  0.745370          ...                              0.0
1  0.637037          ...                              0.0
2  0.637037          ...                              0.0

[3 rows x 59 columns]
training_x: (2235, 59)
training_y: 2235
testset_x: (2389, 59)
testset_y: 2389
              precision    recall  f1-score   support

           0       0.94      0.99      0.97      2046
           1       0.94      0.61      0.74       343

    accuracy                           0.94      2389
   macro avg       0.94      0.80      0.85      2389
weighted avg       0.94      0.94      0.93      2389

accuracy: 0.9384679782335705
0.7398230088495575
@@@ tn: 2033, fp: 13, fn: 134, tp: 209
@@@ LIME - Creating explainer
@@@ LIME - Random Sampling of Instances
iter: 0, sample_no: 426, actual label: 0, predicted: 0
iter: 1, sample_no: 461, actual label: 0, predicted: 0
iter: 2, sample_no: 1110, actual label: 0, predicted: 0
iter: 3, sample_no: 1973, actual label: 0, predicted: 0
iter: 4, sample_no: 2226, actual label: 0, predicted: 0
iter: 5, sample_no: 898, actual label: 0, predicted: 0
iter: 6, sample_no: 1049, actual label: 0, predicted: 0
iter: 7, sample_no: 1003, actual label: 0, predicted: 0
iter: 8, sample_no: 1185, actual label: 1, predicted: 1
iter: 9, sample_no: 880, actual label: 0, predicted: 0
iter: 10, sample_no: 185, actual label: 0, predicted: 0
iter: 11, sample_no: 1339, actual label: 0, predicted: 0
iter: 12, sample_no: 1436, actual label: 0, predicted: 0
iter: 13, sample_no: 636, actual label: 0, predicted: 0
iter: 14, sample_no: 722, actual label: 0, predicted: 0
iter: 15, sample_no: 1896, actual label: 0, predicted: 0
iter: 16, sample_no: 390, actual label: 0, predicted: 0
iter: 17, sample_no: 2198, actual label: 0, predicted: 0
iter: 18, sample_no: 1229, actual label: 1, predicted: 0
iter: 19, sample_no: 1548, actual label: 0, predicted: 0
iter: 20, sample_no: 2052, actual label: 0, predicted: 0
iter: 21, sample_no: 2261, actual label: 0, predicted: 0
iter: 22, sample_no: 1309, actual label: 0, predicted: 0
iter: 23, sample_no: 1374, actual label: 0, predicted: 0
iter: 24, sample_no: 637, actual label: 0, predicted: 0
number of samples: 2389
AUC 0.9726793943383805
pos_get 343
total recall stop_at 1.0
@@@ C - Repeat number: 8
@@@ D - common_header:  {'category', 'F15-protected', 'F71-jzhong@JZhongs-MacBook-Pro.local', 'F77', 'F71-ramkrishna.s.vasudevan@intel.com', 'F71-twdsilva@gmail.com', 'F15-public', 'F71-rajeshbabu@apache.org', 'F3-Object', 'F3-PreparedStatement', 'F115', 'F3-PhoenixArray', 'F3-PDataType', 'F71-gabrielr@ngdata.com', 'F126', 'F104', 'F71-jamestaylor@apache.org', 'F123', 'F71-ndimiduk@apache.org', 'F3-SortOrder.DESC', 'F3-Connection', 'F71-mujtaba@apache.org', 'F3-null', 'F3-List<ParseNode>', 'F105', 'F3-Properties', 'F3-input', 'F71-jtaylor@salesforce.com', 'F71-samarth.jain@salesforce.com', 'F71-ramkrishna.s.vasudevan@gmail.com', 'F72', 'F101', 'F3-getUrl()', 'F68', 'F15-private', 'F110', 'F3-String', 'F71-enis@apache.org', 'F71-jeffreyz@apache.org', 'F3-int', 'F71-maryannxue@apache.org', 'F22', 'F41', 'F120', 'F71-tdsilva@salesforce.com', 'F3-TEST_PROPERTIES', 'F117', 'F3-NA', 'F65', 'F25', 'F71-wei.xue@intel.com', 'F71-stoens@apache.org', 'F15-NA', 'F71-elilevine@apache.org', 'F3-boolean', 'F3-SortOrder.ASC', 'F116', 'F3-long', 'F3-byte[]', 'F3-BitSet'}
    F72  F25          ...          F71-mujtaba@apache.org F71-wei.xue@intel.com
1  1702  497          ...                               0                     0
2  1585  416          ...                               0                     0
3  1585  416          ...                               0                     0

[3 rows x 59 columns]
;.;
        F72          ...            F71-wei.xue@intel.com
0  0.745370          ...                              0.0
1  0.637037          ...                              0.0
2  0.637037          ...                              0.0

[3 rows x 59 columns]
training_x: (2235, 59)
training_y: 2235
testset_x: (2389, 59)
testset_y: 2389
              precision    recall  f1-score   support

           0       0.94      0.99      0.97      2046
           1       0.94      0.61      0.74       343

    accuracy                           0.94      2389
   macro avg       0.94      0.80      0.85      2389
weighted avg       0.94      0.94      0.93      2389

accuracy: 0.9384679782335705
0.7398230088495575
@@@ tn: 2033, fp: 13, fn: 134, tp: 209
@@@ LIME - Creating explainer
@@@ LIME - Random Sampling of Instances
iter: 0, sample_no: 1712, actual label: 1, predicted: 0
iter: 1, sample_no: 1187, actual label: 0, predicted: 0
iter: 2, sample_no: 1621, actual label: 0, predicted: 0
iter: 3, sample_no: 1365, actual label: 0, predicted: 0
iter: 4, sample_no: 558, actual label: 1, predicted: 0
iter: 5, sample_no: 1876, actual label: 0, predicted: 0
iter: 6, sample_no: 1344, actual label: 0, predicted: 0
iter: 7, sample_no: 2063, actual label: 0, predicted: 0
iter: 8, sample_no: 1668, actual label: 0, predicted: 0
iter: 9, sample_no: 1225, actual label: 1, predicted: 1
iter: 10, sample_no: 1800, actual label: 0, predicted: 0
iter: 11, sample_no: 1175, actual label: 0, predicted: 0
iter: 12, sample_no: 1357, actual label: 0, predicted: 0
iter: 13, sample_no: 2269, actual label: 0, predicted: 0
iter: 14, sample_no: 910, actual label: 0, predicted: 1
iter: 15, sample_no: 2247, actual label: 0, predicted: 0
iter: 16, sample_no: 969, actual label: 0, predicted: 0
iter: 17, sample_no: 1861, actual label: 0, predicted: 0
iter: 18, sample_no: 633, actual label: 0, predicted: 0
iter: 19, sample_no: 39, actual label: 0, predicted: 0
iter: 20, sample_no: 2091, actual label: 0, predicted: 0
iter: 21, sample_no: 140, actual label: 0, predicted: 0
iter: 22, sample_no: 1275, actual label: 0, predicted: 0
iter: 23, sample_no: 1240, actual label: 0, predicted: 0
iter: 24, sample_no: 1226, actual label: 1, predicted: 1
number of samples: 2389
AUC 0.9726793943383805
pos_get 343
total recall stop_at 1.0
@@@ C - Repeat number: 9
@@@ D - common_header:  {'category', 'F15-protected', 'F71-jzhong@JZhongs-MacBook-Pro.local', 'F77', 'F71-ramkrishna.s.vasudevan@intel.com', 'F71-twdsilva@gmail.com', 'F15-public', 'F71-rajeshbabu@apache.org', 'F3-Object', 'F3-PreparedStatement', 'F115', 'F3-PhoenixArray', 'F3-PDataType', 'F71-gabrielr@ngdata.com', 'F126', 'F104', 'F71-jamestaylor@apache.org', 'F123', 'F71-ndimiduk@apache.org', 'F3-SortOrder.DESC', 'F3-Connection', 'F71-mujtaba@apache.org', 'F3-null', 'F3-List<ParseNode>', 'F105', 'F3-Properties', 'F3-input', 'F71-jtaylor@salesforce.com', 'F71-samarth.jain@salesforce.com', 'F71-ramkrishna.s.vasudevan@gmail.com', 'F72', 'F101', 'F3-getUrl()', 'F68', 'F15-private', 'F110', 'F3-String', 'F71-enis@apache.org', 'F71-jeffreyz@apache.org', 'F3-int', 'F71-maryannxue@apache.org', 'F22', 'F41', 'F120', 'F71-tdsilva@salesforce.com', 'F3-TEST_PROPERTIES', 'F117', 'F3-NA', 'F65', 'F25', 'F71-wei.xue@intel.com', 'F71-stoens@apache.org', 'F15-NA', 'F71-elilevine@apache.org', 'F3-boolean', 'F3-SortOrder.ASC', 'F116', 'F3-long', 'F3-byte[]', 'F3-BitSet'}
    F72  F25          ...          F71-mujtaba@apache.org F71-wei.xue@intel.com
1  1702  497          ...                               0                     0
2  1585  416          ...                               0                     0
3  1585  416          ...                               0                     0

[3 rows x 59 columns]
;.;
        F72          ...            F71-wei.xue@intel.com
0  0.745370          ...                              0.0
1  0.637037          ...                              0.0
2  0.637037          ...                              0.0

[3 rows x 59 columns]
training_x: (2235, 59)
training_y: 2235
testset_x: (2389, 59)
testset_y: 2389
              precision    recall  f1-score   support

           0       0.94      0.99      0.97      2046
           1       0.94      0.61      0.74       343

    accuracy                           0.94      2389
   macro avg       0.94      0.80      0.85      2389
weighted avg       0.94      0.94      0.93      2389

accuracy: 0.9384679782335705
0.7398230088495575
@@@ tn: 2033, fp: 13, fn: 134, tp: 209
@@@ LIME - Creating explainer
@@@ LIME - Random Sampling of Instances
iter: 0, sample_no: 2105, actual label: 0, predicted: 0
iter: 1, sample_no: 429, actual label: 0, predicted: 0
iter: 2, sample_no: 1418, actual label: 0, predicted: 0
iter: 3, sample_no: 1396, actual label: 0, predicted: 0
iter: 4, sample_no: 38, actual label: 0, predicted: 0
iter: 5, sample_no: 555, actual label: 1, predicted: 1
iter: 6, sample_no: 861, actual label: 0, predicted: 0
iter: 7, sample_no: 1085, actual label: 0, predicted: 0
iter: 8, sample_no: 1740, actual label: 0, predicted: 0
iter: 9, sample_no: 235, actual label: 0, predicted: 0
iter: 10, sample_no: 146, actual label: 0, predicted: 0
iter: 11, sample_no: 1225, actual label: 1, predicted: 1
iter: 12, sample_no: 985, actual label: 0, predicted: 0
iter: 13, sample_no: 162, actual label: 0, predicted: 0
iter: 14, sample_no: 1483, actual label: 0, predicted: 0
iter: 15, sample_no: 1872, actual label: 0, predicted: 0
iter: 16, sample_no: 1993, actual label: 1, predicted: 0
iter: 17, sample_no: 2285, actual label: 0, predicted: 0
iter: 18, sample_no: 661, actual label: 0, predicted: 0
iter: 19, sample_no: 1199, actual label: 1, predicted: 1
iter: 20, sample_no: 1378, actual label: 1, predicted: 0
iter: 21, sample_no: 1110, actual label: 0, predicted: 0
iter: 22, sample_no: 867, actual label: 0, predicted: 0
iter: 23, sample_no: 1469, actual label: 1, predicted: 0
iter: 24, sample_no: 189, actual label: 1, predicted: 0
number of samples: 2389
AUC 0.9726793943383805
pos_get 343
total recall stop_at 1.0
@@@ C - Repeat number: 10
Columns (0,3,4,5,6,7,8,9,10,11,12,13,14,15,16,17,18,19,20,21,22,23,24,25,26,27,28,29,30,31,32,33,34,35,36,37,38,39,40,41,42,43,44,45,46,47,48,49,50,51,52,53,54,55,56,57,58,59,60,61,62,63,64,65,66,67,68,69,70,71,72,73,74,75,76,77,78,79,80,81,82,83,84,85,86,87,88,89,90,91,92,93,94,95,96,97,98,99,100,101,102,103,104,105,106,107,108,109,110,111,112,113,114,115,116,117,118,119,120,121,122,123,124,125,126,127,128,129,130,131,132,133,134,135,136,137,138,139,140,141,142,143,144,145,146,147,148,149,150,151,152,153,154,155,156,157,158,159,160,161,162,163,164,165,166,167,168,169,170,171,172,173,174,175,176,177,178,179,180,181,182,183,184,185,186,187,188,189,190,191,192,193,194,195,196,197,198,199,200,201,202,203,204,205,206,207,208,209,210,211,212,213,214,215,216,217,218,219,220,221,222,223,224,225,226,227,228,229,230,231,232,233,234,235,236,237,238,239,240,241,242,243,244,245,246,247,248,249,250,251,252,253,254,255,256,257,258,259,260,261,262,263,264,265,266,267,268,269,270,271,272,273,275,277,278,279,280,281,282,283,284,285,286,287,288,289,290,291,292,293,294,295,296,297,298,299,300,301,302,303,304,305,306,307,308,309,310,311,312,313,314,315,316,317,318,319,320,321,322,323,324,325,326,327,328,329,330,331,332,333,334,335,336,337,338,339,340,341,342,343,344,345,346) have mixed types. Specify dtype option on import or set low_memory=False.
Columns (0,3,4,5,6,7,8,9,10,11,12,13,14,15,16,17,18,19,20,21,22,23,24,25,26,27,28,29,30,31,32,33,34,35,36,37,38,39,40,41,42,43,44,45,46,47,48,49,50,51,52,53,54,55,56,57,58,59,60,61,62,63,64,65,66,67,68,69,70,71,72,73,74,75,76,77,78,79,80,81,82,83,84,85,86,87,88,89,90,91,92,93,94,95,96,97,98,99,100,101,102,103,104,105,106,107,108,109,110,111,112,113,114,115,116,117,118,119,120,121,122,123,124,125,126,127,128,129,130,131,132,133,134,135,136,137,138,139,140,141,142,143,144,145,146,147,148,149,150,151,152,153,154,155,156,157,158,159,160,161,162,163,164,165,166,167,168,169,170,171,172,173,174,175,176,177,178,179,180,181,182,183,184,185,186,187,188,189,190,191,192,193,194,195,196,197,198,199,200,201,202,203,204,205,206,207,208,209,210,211,212,213,214,215,216,217,218,219,220,221,222,223,224,225,226,227,228,229,230,231,232,233,234,235,236,237,238,239,240,241,242,243,244,245,246,247,248,249,250,251,252,253,254,255,256,257,258,259,260,261,262,263,264,265,266,267,268,269,270,271,272,274,276,277,278,279,280,281,282,283,284,285,286,287,288,289,290,291,292,293,294,295,296,297,298,299,300,301,302,303,304,305,306,307,308,309,310,311,312,313,314,315,316,317,318,319,320,321,322,323,324,325,326,327,328,329,330,331,332,333,334,335,336,337,338,339,340,341,342,343,344,345) have mixed types. Specify dtype option on import or set low_memory=False.
Columns (0,3,4,5,6,7,8,9,10,11,12,13,14,15,16,17,18,19,20,21,22,23,24,25,26,27,28,29,30,31,32,33,34,35,36,37,38,39,40,41,42,43,44,45,46,47,48,49,50,51,52,53,54,55,56,57,58,59,60,61,62,63,64,65,66,67,68,69,70,71,72,73,74,75,76,77,78,79,80,81,82,83,84,85,86,87,88,89,90,91,92,93,94,95,96,97,98,99,100,101,102,103,104,105,106,107,108,109,110,111,112,113,114,115,116,117,118,119,120,121,122,123,124,125,126,127,128,129,130,131,132,133,134,135,136,137,138,139,140,141,142,143,144,145,146,147,148,149,150,151,152,153,154,155,156,157,158,159,160,161,162,163,164,165,166,167,168,169,170,171,172,173,174,175,176,177,178,179,180,181,182,183,184,185,186,187,188,189,190,191,192,193,194,195,196,197,198,199,200,201,202,203,204,205,206,207,208,209,210,211,212,213,214,215,216,217,218,219,220,221,222,223,224,225,226,227,228,229,230,231,232,233,234,235,236,237,238,239,240,241,242,243,244,245,246,247,248,249,250,251,252,253,254,255,256,257,258,259,260,261,262,263,264,265,266,267,268,269,270,271,272,273,275,277,278,279,280,281,282,283,284,285,286,287,288,289,290,291,292,293,294,295,296,297,298,299,300,301,302,303,304,305,306,307,308,309,310,311,312,313,314,315,316,317,318,319,320,321,322,323,324,325,326,327,328,329,330,331,332,333,334,335,336,337,338,339,340,341,342,343,344,345,346) have mixed types. Specify dtype option on import or set low_memory=False.
Columns (0,3,4,5,6,7,8,9,10,11,12,13,14,15,16,17,18,19,20,21,22,23,24,25,26,27,28,29,30,31,32,33,34,35,36,37,38,39,40,41,42,43,44,45,46,47,48,49,50,51,52,53,54,55,56,57,58,59,60,61,62,63,64,65,66,67,68,69,70,71,72,73,74,75,76,77,78,79,80,81,82,83,84,85,86,87,88,89,90,91,92,93,94,95,96,97,98,99,100,101,102,103,104,105,106,107,108,109,110,111,112,113,114,115,116,117,118,119,120,121,122,123,124,125,126,127,128,129,130,131,132,133,134,135,136,137,138,139,140,141,142,143,144,145,146,147,148,149,150,151,152,153,154,155,156,157,158,159,160,161,162,163,164,165,166,167,168,169,170,171,172,173,174,175,176,177,178,179,180,181,182,183,184,185,186,187,188,189,190,191,192,193,194,195,196,197,198,199,200,201,202,203,204,205,206,207,208,209,210,211,212,213,214,215,216,217,218,219,220,221,222,223,224,225,226,227,228,229,230,231,232,233,234,235,236,237,238,239,240,241,242,243,244,245,246,247,248,249,250,251,252,253,254,255,256,257,258,259,260,261,262,263,264,265,266,267,268,269,270,271,272,274,276,277,278,279,280,281,282,283,284,285,286,287,288,289,290,291,292,293,294,295,296,297,298,299,300,301,302,303,304,305,306,307,308,309,310,311,312,313,314,315,316,317,318,319,320,321,322,323,324,325,326,327,328,329,330,331,332,333,334,335,336,337,338,339,340,341,342,343,344,345) have mixed types. Specify dtype option on import or set low_memory=False.
Columns (0,3,4,5,6,7,8,9,10,11,12,13,14,15,16,17,18,19,20,21,22,23,24,25,26,27,28,29,30,31,32,33,34,35,36,37,38,39,40,41,42,43,44,45,46,47,48,49,50,51,52,53,54,55,56,57,58,59,60,61,62,63,64,65,66,67,68,69,70,71,72,73,74,75,76,77,78,79,80,81,82,83,84,85,86,87,88,89,90,91,92,93,94,95,96,97,98,99,100,101,102,103,104,105,106,107,108,109,110,111,112,113,114,115,116,117,118,119,120,121,122,123,124,125,126,127,128,129,130,131,132,133,134,135,136,137,138,139,140,141,142,143,144,145,146,147,148,149,150,151,152,153,154,155,156,157,158,159,160,161,162,163,164,165,166,167,168,169,170,171,172,173,174,175,176,177,178,179,180,181,182,183,184,185,186,187,188,189,190,191,192,193,194,195,196,197,198,199,200,201,202,203,204,205,206,207,208,209,210,211,212,213,214,215,216,217,218,219,220,221,222,223,224,225,226,227,228,229,230,231,232,233,234,235,236,237,238,239,240,241,242,243,244,245,246,247,248,249,250,251,252,253,254,255,256,257,258,259,260,261,262,263,264,265,266,267,268,269,270,271,272,273,275,277,278,279,280,281,282,283,284,285,286,287,288,289,290,291,292,293,294,295,296,297,298,299,300,301,302,303,304,305,306,307,308,309,310,311,312,313,314,315,316,317,318,319,320,321,322,323,324,325,326,327,328,329,330,331,332,333,334,335,336,337,338,339,340,341,342,343,344,345,346) have mixed types. Specify dtype option on import or set low_memory=False.
Columns (0,3,4,5,6,7,8,9,10,11,12,13,14,15,16,17,18,19,20,21,22,23,24,25,26,27,28,29,30,31,32,33,34,35,36,37,38,39,40,41,42,43,44,45,46,47,48,49,50,51,52,53,54,55,56,57,58,59,60,61,62,63,64,65,66,67,68,69,70,71,72,73,74,75,76,77,78,79,80,81,82,83,84,85,86,87,88,89,90,91,92,93,94,95,96,97,98,99,100,101,102,103,104,105,106,107,108,109,110,111,112,113,114,115,116,117,118,119,120,121,122,123,124,125,126,127,128,129,130,131,132,133,134,135,136,137,138,139,140,141,142,143,144,145,146,147,148,149,150,151,152,153,154,155,156,157,158,159,160,161,162,163,164,165,166,167,168,169,170,171,172,173,174,175,176,177,178,179,180,181,182,183,184,185,186,187,188,189,190,191,192,193,194,195,196,197,198,199,200,201,202,203,204,205,206,207,208,209,210,211,212,213,214,215,216,217,218,219,220,221,222,223,224,225,226,227,228,229,230,231,232,233,234,235,236,237,238,239,240,241,242,243,244,245,246,247,248,249,250,251,252,253,254,255,256,257,258,259,260,261,262,263,264,265,266,267,268,269,270,271,272,274,276,277,278,279,280,281,282,283,284,285,286,287,288,289,290,291,292,293,294,295,296,297,298,299,300,301,302,303,304,305,306,307,308,309,310,311,312,313,314,315,316,317,318,319,320,321,322,323,324,325,326,327,328,329,330,331,332,333,334,335,336,337,338,339,340,341,342,343,344,345) have mixed types. Specify dtype option on import or set low_memory=False.
Columns (0,3,4,5,6,7,8,9,10,11,12,13,14,15,16,17,18,19,20,21,22,23,24,25,26,27,28,29,30,31,32,33,34,35,36,37,38,39,40,41,42,43,44,45,46,47,48,49,50,51,52,53,54,55,56,57,58,59,60,61,62,63,64,65,66,67,68,69,70,71,72,73,74,75,76,77,78,79,80,81,82,83,84,85,86,87,88,89,90,91,92,93,94,95,96,97,98,99,100,101,102,103,104,105,106,107,108,109,110,111,112,113,114,115,116,117,118,119,120,121,122,123,124,125,126,127,128,129,130,131,132,133,134,135,136,137,138,139,140,141,142,143,144,145,146,147,148,149,150,151,152,153,154,155,156,157,158,159,160,161,162,163,164,165,166,167,168,169,170,171,172,173,174,175,176,177,178,179,180,181,182,183,184,185,186,187,188,189,190,191,192,193,194,195,196,197,198,199,200,201,202,203,204,205,206,207,208,209,210,211,212,213,214,215,216,217,218,219,220,221,222,223,224,225,226,227,228,229,230,231,232,233,234,235,236,237,238,239,240,241,242,243,244,245,246,247,248,249,250,251,252,253,254,255,256,257,258,259,260,261,262,263,264,265,266,267,268,269,270,271,272,273,275,277,278,279,280,281,282,283,284,285,286,287,288,289,290,291,292,293,294,295,296,297,298,299,300,301,302,303,304,305,306,307,308,309,310,311,312,313,314,315,316,317,318,319,320,321,322,323,324,325,326,327,328,329,330,331,332,333,334,335,336,337,338,339,340,341,342,343,344,345,346) have mixed types. Specify dtype option on import or set low_memory=False.
@@@ D - common_header:  {'category', 'F15-protected', 'F71-jzhong@JZhongs-MacBook-Pro.local', 'F77', 'F71-ramkrishna.s.vasudevan@intel.com', 'F71-twdsilva@gmail.com', 'F15-public', 'F71-rajeshbabu@apache.org', 'F3-Object', 'F3-PreparedStatement', 'F115', 'F3-PhoenixArray', 'F3-PDataType', 'F71-gabrielr@ngdata.com', 'F126', 'F104', 'F71-jamestaylor@apache.org', 'F123', 'F71-ndimiduk@apache.org', 'F3-SortOrder.DESC', 'F3-Connection', 'F71-mujtaba@apache.org', 'F3-null', 'F3-List<ParseNode>', 'F105', 'F3-Properties', 'F3-input', 'F71-jtaylor@salesforce.com', 'F71-samarth.jain@salesforce.com', 'F71-ramkrishna.s.vasudevan@gmail.com', 'F72', 'F101', 'F3-getUrl()', 'F68', 'F15-private', 'F110', 'F3-String', 'F71-enis@apache.org', 'F71-jeffreyz@apache.org', 'F3-int', 'F71-maryannxue@apache.org', 'F22', 'F41', 'F120', 'F71-tdsilva@salesforce.com', 'F3-TEST_PROPERTIES', 'F117', 'F3-NA', 'F65', 'F25', 'F71-wei.xue@intel.com', 'F71-stoens@apache.org', 'F15-NA', 'F71-elilevine@apache.org', 'F3-boolean', 'F3-SortOrder.ASC', 'F116', 'F3-long', 'F3-byte[]', 'F3-BitSet'}
    F72  F25          ...          F71-mujtaba@apache.org F71-wei.xue@intel.com
1  1702  497          ...                               0                     0
2  1585  416          ...                               0                     0
3  1585  416          ...                               0                     0

[3 rows x 59 columns]
;.;
        F72          ...            F71-wei.xue@intel.com
0  0.745370          ...                              0.0
1  0.637037          ...                              0.0
2  0.637037          ...                              0.0

[3 rows x 59 columns]
training_x: (2235, 59)
training_y: 2235
testset_x: (2389, 59)
testset_y: 2389
              precision    recall  f1-score   support

           0       0.94      0.99      0.97      2046
           1       0.94      0.61      0.74       343

    accuracy                           0.94      2389
   macro avg       0.94      0.80      0.85      2389
weighted avg       0.94      0.94      0.93      2389

accuracy: 0.9384679782335705
0.7398230088495575
@@@ tn: 2033, fp: 13, fn: 134, tp: 209
@@@ LIME - Creating explainer
@@@ LIME - Random Sampling of Instances
Columns (0,3,4,5,6,7,8,9,10,11,12,13,14,15,16,17,18,19,20,21,22,23,24,25,26,27,28,29,30,31,32,33,34,35,36,37,38,39,40,41,42,43,44,45,46,47,48,49,50,51,52,53,54,55,56,57,58,59,60,61,62,63,64,65,66,67,68,69,70,71,72,73,74,75,76,77,78,79,80,81,82,83,84,85,86,87,88,89,90,91,92,93,94,95,96,97,98,99,100,101,102,103,104,105,106,107,108,109,110,111,112,113,114,115,116,117,118,119,120,121,122,123,124,125,126,127,128,129,130,131,132,133,134,135,136,137,138,139,140,141,142,143,144,145,146,147,148,149,150,151,152,153,154,155,156,157,158,159,160,161,162,163,164,165,166,167,168,169,170,171,172,173,174,175,176,177,178,179,180,181,182,183,184,185,186,187,188,189,190,191,192,193,194,195,196,197,198,199,200,201,202,203,204,205,206,207,208,209,210,211,212,213,214,215,216,217,218,219,220,221,222,223,224,225,226,227,228,229,230,231,232,233,234,235,236,237,238,239,240,241,242,243,244,245,246,247,248,249,250,251,252,253,254,255,256,257,258,259,260,261,262,263,264,265,266,267,268,269,270,271,272,274,276,277,278,279,280,281,282,283,284,285,286,287,288,289,290,291,292,293,294,295,296,297,298,299,300,301,302,303,304,305,306,307,308,309,310,311,312,313,314,315,316,317,318,319,320,321,322,323,324,325,326,327,328,329,330,331,332,333,334,335,336,337,338,339,340,341,342,343,344,345) have mixed types. Specify dtype option on import or set low_memory=False.
iter: 0, sample_no: 1692, actual label: 1, predicted: 0
iter: 1, sample_no: 749, actual label: 0, predicted: 0
iter: 2, sample_no: 1868, actual label: 0, predicted: 0
iter: 3, sample_no: 817, actual label: 0, predicted: 0
iter: 4, sample_no: 1197, actual label: 1, predicted: 1
iter: 5, sample_no: 211, actual label: 0, predicted: 0
iter: 6, sample_no: 100, actual label: 0, predicted: 0
iter: 7, sample_no: 852, actual label: 0, predicted: 0
iter: 8, sample_no: 1480, actual label: 0, predicted: 0
iter: 9, sample_no: 1814, actual label: 0, predicted: 0
iter: 10, sample_no: 41, actual label: 0, predicted: 0
iter: 11, sample_no: 1437, actual label: 0, predicted: 0
iter: 12, sample_no: 1269, actual label: 0, predicted: 0
iter: 13, sample_no: 922, actual label: 0, predicted: 0
iter: 14, sample_no: 2047, actual label: 1, predicted: 1
iter: 15, sample_no: 1757, actual label: 0, predicted: 0
iter: 16, sample_no: 382, actual label: 0, predicted: 0
iter: 17, sample_no: 937, actual label: 0, predicted: 0
iter: 18, sample_no: 373, actual label: 0, predicted: 0
iter: 19, sample_no: 1395, actual label: 0, predicted: 0
iter: 20, sample_no: 443, actual label: 0, predicted: 0
iter: 21, sample_no: 2103, actual label: 1, predicted: 1
iter: 22, sample_no: 1902, actual label: 0, predicted: 0
iter: 23, sample_no: 2343, actual label: 0, predicted: 0
iter: 24, sample_no: 1691, actual label: 0, predicted: 0
number of samples: 2389
AUC 0.9726793943383805
pos_get 343
total recall stop_at 1.0
----------threshold stop at----------: 1
AUC [0.9726793943383805, 0.9726793943383805, 0.9726793943383805, 0.9726793943383805, 0.9726793943383805, 0.9726793943383805, 0.9726793943383805, 0.9726793943383805, 0.9726793943383805, 0.9726793943383805]
AUC_median 0.9726793943383805
AUC_iqr 0.0
cost [0.3645876935956467, 0.3645876935956467, 0.3645876935956467, 0.3645876935956467, 0.3645876935956467, 0.3645876935956467, 0.3645876935956467, 0.3645876935956467, 0.3645876935956467, 0.3645876935956467]
COST_med 0.3645876935956467
COST_iqr 0.0
f1_pos_list [0.7398230088495575, 0.7398230088495575, 0.7398230088495575, 0.7398230088495575, 0.7398230088495575, 0.7398230088495575, 0.7398230088495575, 0.7398230088495575, 0.7398230088495575, 0.7398230088495575]
f1_pos_med 0.7398230088495575
