@@@ A - classifier: KNeighborsClassifier(algorithm='auto', leaf_size=30, metric='minkowski',
                     metric_params=None, n_jobs=None, n_neighbors=10, p=2,
                     weights='uniform')
@@@ B - threshold stop at: 1
@@@ C - Repeat number: 1
@@@ D - common_header:  {'F22', 'F3-SSTableReader', 'F3-String[]', 'F3-Class', 'F71-tyler@datastax.com', 'F116', 'F3-String', 'F71-benedict@apache.org', 'F105', 'F71-marcuse@apache.org', 'F71-jake@apache.org', 'F71-gdusbabek@apache.org', 'F3-input', 'F3-long', 'F71-brandonwilliams@apache.org', 'F101', 'F117', 'F3-byte[]', 'F71-yukim@apache.org', 'F15-public', 'F15-protected', 'F72', 'F3-ByteBuffer', 'F15-NA', 'F3-InetAddress', 'F3-int', 'F104', 'F3-PrintStream', 'F77', 'F71-dbrosius@apache.org', 'F123', 'F71-aleksey@apache.org', 'F3-BitSet', 'F3-EncryptionOptions', 'category', 'F3-char', 'F15-private', 'F71-jakers@gmail.com', 'F3-Thread', 'F110', 'F65', 'F3-ListenableFutureTask', 'F115', 'F71-jmckenzie@apache.org', 'F71-vijay2win@gmail.com', 'F71-xedin@apache.org', 'F71-sylvain@datastax.com', 'F3-NA', 'F41', 'F126', 'F25', 'F3-arg0.name().toByteBuffer()', 'F71-dbrosius@mebigfatguy.com', 'F3-DecoratedKey', 'F71-johan@apache.org', 'F71-slebresne@apache.org', 'F68', 'F3-boolean', 'F120', 'F71-eevans@apache.org', 'F71-jbellis@apache.org'}
     F72           ...            F71-slebresne@apache.org
1  10814           ...                                   0
2  10814           ...                                   0
3  10896           ...                                   0

[3 rows x 60 columns]
;.;
        F72            ...             F71-slebresne@apache.org
0  0.743258            ...                                  0.0
1  0.743258            ...                                  0.0
2  0.750369            ...                                  0.0

[3 rows x 60 columns]
training_x: (2584, 60)
training_y: 2584
testset_x: (2601, 60)
testset_y: 2601
              precision    recall  f1-score   support

           0       0.92      0.98      0.95      2245
           1       0.76      0.44      0.56       356

    accuracy                           0.90      2601
   macro avg       0.84      0.71      0.75      2601
weighted avg       0.90      0.90      0.89      2601

accuracy: 0.9046520569011919
0.5602836879432623
@@@ tn: 2195, fp: 50, fn: 198, tp: 158
@@@ LIME - Creating explainer
@@@ LIME - Random Sampling of Instances
iter: 0, sample_no: 1860, actual label: 0, predicted: 0
iter: 1, sample_no: 459, actual label: 0, predicted: 0
iter: 2, sample_no: 403, actual label: 0, predicted: 0
iter: 3, sample_no: 132, actual label: 0, predicted: 0
iter: 4, sample_no: 956, actual label: 0, predicted: 0
iter: 5, sample_no: 466, actual label: 0, predicted: 0
iter: 6, sample_no: 2058, actual label: 0, predicted: 0
iter: 7, sample_no: 1177, actual label: 0, predicted: 0
iter: 8, sample_no: 2218, actual label: 0, predicted: 0
iter: 9, sample_no: 384, actual label: 0, predicted: 0
iter: 10, sample_no: 2041, actual label: 0, predicted: 0
iter: 11, sample_no: 154, actual label: 0, predicted: 0
iter: 12, sample_no: 2108, actual label: 0, predicted: 0
iter: 13, sample_no: 362, actual label: 0, predicted: 0
iter: 14, sample_no: 2236, actual label: 0, predicted: 0
iter: 15, sample_no: 920, actual label: 0, predicted: 0
iter: 16, sample_no: 1709, actual label: 0, predicted: 0
iter: 17, sample_no: 1116, actual label: 0, predicted: 0
iter: 18, sample_no: 1494, actual label: 0, predicted: 0
iter: 19, sample_no: 308, actual label: 0, predicted: 0
iter: 20, sample_no: 1635, actual label: 0, predicted: 0
iter: 21, sample_no: 1006, actual label: 1, predicted: 0
iter: 22, sample_no: 2253, actual label: 1, predicted: 1
iter: 23, sample_no: 198, actual label: 0, predicted: 0
iter: 24, sample_no: 369, actual label: 0, predicted: 0
number of samples: 2601
AUC 0.9355784389780035
pos_get 356
total recall stop_at 1.0
@@@ C - Repeat number: 2
@@@ D - common_header:  {'F22', 'F3-SSTableReader', 'F3-String[]', 'F3-Class', 'F71-tyler@datastax.com', 'F116', 'F3-String', 'F71-benedict@apache.org', 'F105', 'F71-marcuse@apache.org', 'F71-jake@apache.org', 'F71-gdusbabek@apache.org', 'F3-input', 'F3-long', 'F71-brandonwilliams@apache.org', 'F101', 'F117', 'F3-byte[]', 'F71-yukim@apache.org', 'F15-public', 'F15-protected', 'F72', 'F3-ByteBuffer', 'F15-NA', 'F3-InetAddress', 'F3-int', 'F104', 'F3-PrintStream', 'F77', 'F71-dbrosius@apache.org', 'F123', 'F71-aleksey@apache.org', 'F3-BitSet', 'F3-EncryptionOptions', 'category', 'F3-char', 'F15-private', 'F71-jakers@gmail.com', 'F3-Thread', 'F110', 'F65', 'F3-ListenableFutureTask', 'F115', 'F71-jmckenzie@apache.org', 'F71-vijay2win@gmail.com', 'F71-xedin@apache.org', 'F71-sylvain@datastax.com', 'F3-NA', 'F41', 'F126', 'F25', 'F3-arg0.name().toByteBuffer()', 'F71-dbrosius@mebigfatguy.com', 'F3-DecoratedKey', 'F71-johan@apache.org', 'F71-slebresne@apache.org', 'F68', 'F3-boolean', 'F120', 'F71-eevans@apache.org', 'F71-jbellis@apache.org'}
     F72           ...            F71-slebresne@apache.org
1  10814           ...                                   0
2  10814           ...                                   0
3  10896           ...                                   0

[3 rows x 60 columns]
;.;
        F72            ...             F71-slebresne@apache.org
0  0.743258            ...                                  0.0
1  0.743258            ...                                  0.0
2  0.750369            ...                                  0.0

[3 rows x 60 columns]
training_x: (2584, 60)
training_y: 2584
testset_x: (2601, 60)
testset_y: 2601
              precision    recall  f1-score   support

           0       0.92      0.98      0.95      2245
           1       0.76      0.44      0.56       356

    accuracy                           0.90      2601
   macro avg       0.84      0.71      0.75      2601
weighted avg       0.90      0.90      0.89      2601

accuracy: 0.9046520569011919
0.5602836879432623
@@@ tn: 2195, fp: 50, fn: 198, tp: 158
@@@ LIME - Creating explainer
@@@ LIME - Random Sampling of Instances
iter: 0, sample_no: 1812, actual label: 0, predicted: 0
iter: 1, sample_no: 2065, actual label: 0, predicted: 0
iter: 2, sample_no: 2304, actual label: 1, predicted: 1
iter: 3, sample_no: 2130, actual label: 0, predicted: 0
iter: 4, sample_no: 366, actual label: 0, predicted: 0
iter: 5, sample_no: 569, actual label: 0, predicted: 0
iter: 6, sample_no: 519, actual label: 0, predicted: 0
iter: 7, sample_no: 2382, actual label: 0, predicted: 0
iter: 8, sample_no: 734, actual label: 0, predicted: 0
iter: 9, sample_no: 1044, actual label: 0, predicted: 0
iter: 10, sample_no: 1133, actual label: 0, predicted: 0
iter: 11, sample_no: 166, actual label: 0, predicted: 0
iter: 12, sample_no: 1719, actual label: 0, predicted: 0
iter: 13, sample_no: 1443, actual label: 0, predicted: 0
iter: 14, sample_no: 377, actual label: 0, predicted: 0
iter: 15, sample_no: 2314, actual label: 1, predicted: 1
iter: 16, sample_no: 1589, actual label: 0, predicted: 0
iter: 17, sample_no: 800, actual label: 0, predicted: 0
iter: 18, sample_no: 921, actual label: 0, predicted: 0
iter: 19, sample_no: 6, actual label: 0, predicted: 0
iter: 20, sample_no: 8, actual label: 0, predicted: 0
iter: 21, sample_no: 1161, actual label: 1, predicted: 0
iter: 22, sample_no: 2325, actual label: 0, predicted: 0
iter: 23, sample_no: 1601, actual label: 0, predicted: 0
iter: 24, sample_no: 1747, actual label: 0, predicted: 0
number of samples: 2601
AUC 0.9355784389780035
pos_get 356
total recall stop_at 1.0
@@@ C - Repeat number: 3
/Users/author1/anaconda3/lib/python3.6/site-packages/tensorflow/python/framework/dtypes.py:463: FutureWarning: Passing (type, 1) or '1type' as a synonym of type is deprecated; in a future version of numpy, it will be understood as (type, (1,)) / '(1,)type'.
  _np_qint8 = np.dtype([("qint8", np.int8, 1)])
/Users/author1/anaconda3/lib/python3.6/site-packages/tensorflow/python/framework/dtypes.py:464: FutureWarning: Passing (type, 1) or '1type' as a synonym of type is deprecated; in a future version of numpy, it will be understood as (type, (1,)) / '(1,)type'.
  _np_quint8 = np.dtype([("quint8", np.uint8, 1)])
/Users/author1/anaconda3/lib/python3.6/site-packages/tensorflow/python/framework/dtypes.py:465: FutureWarning: Passing (type, 1) or '1type' as a synonym of type is deprecated; in a future version of numpy, it will be understood as (type, (1,)) / '(1,)type'.
  _np_qint16 = np.dtype([("qint16", np.int16, 1)])
/Users/author1/anaconda3/lib/python3.6/site-packages/tensorflow/python/framework/dtypes.py:466: FutureWarning: Passing (type, 1) or '1type' as a synonym of type is deprecated; in a future version of numpy, it will be understood as (type, (1,)) / '(1,)type'.
  _np_quint16 = np.dtype([("quint16", np.uint16, 1)])
/Users/author1/anaconda3/lib/python3.6/site-packages/tensorflow/python/framework/dtypes.py:467: FutureWarning: Passing (type, 1) or '1type' as a synonym of type is deprecated; in a future version of numpy, it will be understood as (type, (1,)) / '(1,)type'.
  _np_qint32 = np.dtype([("qint32", np.int32, 1)])
Columns (0,3,4,5,6,7,8,9,10,11,12,13,14,15,16,17,18,19,20,21,22,23,24,25,26,27,28,29,30,31,32,33,34,35,36,37,38,39,40,41,42,43,44,45,46,47,48,49,50,51,52,53,54,55,56,57,58,59,60,61,62,63,64,65,66,67,68,69,70,71,72,73,74,75,76,77,78,79,80,81,82,83,84,85,86,87,88,89,90,91,92,93,94,95,96,97,98,99,100,101,102,103,104,105,106,107,108,109,110,111,112,113,114,115,116,117,118,119,120,121,122,123,124,125,126,127,128,129,130,131,132,133,134,135,136,137,138,139,140,141,142,143,144,145,146,147,148,149,150,151,152,153,154,155,156,157,158,159,160,161,162,163,164,165,166,167,168,169,170,171,172,173,174,175,176,177,178,179,180,181,182,183,184,185,186,187,188,189,190,191,192,193,194,195,196,197,198,199,200,201,202,203,204,205,206,207,208,209,210,211,212,213,214,215,216,217,218,219,220,221,222,223,224,225,226,227,228,229,230,231,232,233,234,235,236,237,238,239,240,241,242,243,244,245,246,247,248,249,250,251,252,253,254,255,256,257,258,259,260,261,262,263,264,265,266,267,268,269,270,271,272,273,274,275,276,277,279,281,282,283,284,285,286,287,288,289,290,291,292,293,294,295,296,297,298,299,300,301,302,303,304,305,306,307,308,309,310,311,312,313,314,315,316,317,318,319,320,321,322,323,324,325,326,327,328,329,330,331,332,333,334,335,336,337,338,339,340,341,342,343,344,345,346,347,348,349,350) have mixed types. Specify dtype option on import or set low_memory=False.
Columns (0,3,4,5,6,7,8,9,10,11,12,13,14,15,16,17,18,19,20,21,22,23,24,25,26,27,28,29,30,31,32,33,34,35,36,37,38,39,40,41,42,43,44,45,46,47,48,49,50,51,52,53,54,55,56,57,58,59,60,61,62,63,64,65,66,67,68,69,70,71,72,73,74,75,76,77,78,79,80,81,82,83,84,85,86,87,88,89,90,91,92,93,94,95,96,97,98,99,100,101,102,103,104,105,106,107,108,109,110,111,112,113,114,115,116,117,118,119,120,121,122,123,124,125,126,127,128,129,130,131,132,133,134,135,136,137,138,139,140,141,142,143,144,145,146,147,148,149,150,151,152,153,154,155,156,157,158,159,160,161,162,163,164,165,166,167,168,169,170,171,172,173,174,175,176,177,178,179,180,181,182,183,184,185,186,187,188,189,190,191,192,193,194,195,196,197,198,199,200,201,202,203,204,205,206,207,208,209,210,211,212,213,214,215,216,217,218,219,220,221,222,223,224,225,226,227,228,229,230,231,232,233,234,235,236,237,238,239,240,241,242,243,244,245,246,247,248,249,250,251,252,253,254,255,256,257,258,259,260,261,262,263,264,265,266,267,268,269,270,271,272,273,274,275,276,278,280,281,282,283,284,285,286,287,288,289,290,291,292,293,294,295,296,297,298,299,300,301,302,303,304,305,306,307,308,309,310,311,312,313,314,315,316,317,318,319,320,321,322,323,324,325,326,327,328,329,330,331,332,333,334,335,336,337,338,339,340,341,342,343,344,345,346,347,348,349) have mixed types. Specify dtype option on import or set low_memory=False.
Columns (0,3,4,5,6,7,8,9,10,11,12,13,14,15,16,17,18,19,20,21,22,23,24,25,26,27,28,29,30,31,32,33,34,35,36,37,38,39,40,41,42,43,44,45,46,47,48,49,50,51,52,53,54,55,56,57,58,59,60,61,62,63,64,65,66,67,68,69,70,71,72,73,74,75,76,77,78,79,80,81,82,83,84,85,86,87,88,89,90,91,92,93,94,95,96,97,98,99,100,101,102,103,104,105,106,107,108,109,110,111,112,113,114,115,116,117,118,119,120,121,122,123,124,125,126,127,128,129,130,131,132,133,134,135,136,137,138,139,140,141,142,143,144,145,146,147,148,149,150,151,152,153,154,155,156,157,158,159,160,161,162,163,164,165,166,167,168,169,170,171,172,173,174,175,176,177,178,179,180,181,182,183,184,185,186,187,188,189,190,191,192,193,194,195,196,197,198,199,200,201,202,203,204,205,206,207,208,209,210,211,212,213,214,215,216,217,218,219,220,221,222,223,224,225,226,227,228,229,230,231,232,233,234,235,236,237,238,239,240,241,242,243,244,245,246,247,248,249,250,251,252,253,254,255,256,257,258,259,260,261,262,263,264,265,266,267,268,269,270,271,272,273,274,275,276,277,279,281,282,283,284,285,286,287,288,289,290,291,292,293,294,295,296,297,298,299,300,301,302,303,304,305,306,307,308,309,310,311,312,313,314,315,316,317,318,319,320,321,322,323,324,325,326,327,328,329,330,331,332,333,334,335,336,337,338,339,340,341,342,343,344,345,346,347,348,349,350) have mixed types. Specify dtype option on import or set low_memory=False.
Columns (0,3,4,5,6,7,8,9,10,11,12,13,14,15,16,17,18,19,20,21,22,23,24,25,26,27,28,29,30,31,32,33,34,35,36,37,38,39,40,41,42,43,44,45,46,47,48,49,50,51,52,53,54,55,56,57,58,59,60,61,62,63,64,65,66,67,68,69,70,71,72,73,74,75,76,77,78,79,80,81,82,83,84,85,86,87,88,89,90,91,92,93,94,95,96,97,98,99,100,101,102,103,104,105,106,107,108,109,110,111,112,113,114,115,116,117,118,119,120,121,122,123,124,125,126,127,128,129,130,131,132,133,134,135,136,137,138,139,140,141,142,143,144,145,146,147,148,149,150,151,152,153,154,155,156,157,158,159,160,161,162,163,164,165,166,167,168,169,170,171,172,173,174,175,176,177,178,179,180,181,182,183,184,185,186,187,188,189,190,191,192,193,194,195,196,197,198,199,200,201,202,203,204,205,206,207,208,209,210,211,212,213,214,215,216,217,218,219,220,221,222,223,224,225,226,227,228,229,230,231,232,233,234,235,236,237,238,239,240,241,242,243,244,245,246,247,248,249,250,251,252,253,254,255,256,257,258,259,260,261,262,263,264,265,266,267,268,269,270,271,272,273,274,275,276,278,280,281,282,283,284,285,286,287,288,289,290,291,292,293,294,295,296,297,298,299,300,301,302,303,304,305,306,307,308,309,310,311,312,313,314,315,316,317,318,319,320,321,322,323,324,325,326,327,328,329,330,331,332,333,334,335,336,337,338,339,340,341,342,343,344,345,346,347,348,349) have mixed types. Specify dtype option on import or set low_memory=False.
Columns (0,3,4,5,6,7,8,9,10,11,12,13,14,15,16,17,18,19,20,21,22,23,24,25,26,27,28,29,30,31,32,33,34,35,36,37,38,39,40,41,42,43,44,45,46,47,48,49,50,51,52,53,54,55,56,57,58,59,60,61,62,63,64,65,66,67,68,69,70,71,72,73,74,75,76,77,78,79,80,81,82,83,84,85,86,87,88,89,90,91,92,93,94,95,96,97,98,99,100,101,102,103,104,105,106,107,108,109,110,111,112,113,114,115,116,117,118,119,120,121,122,123,124,125,126,127,128,129,130,131,132,133,134,135,136,137,138,139,140,141,142,143,144,145,146,147,148,149,150,151,152,153,154,155,156,157,158,159,160,161,162,163,164,165,166,167,168,169,170,171,172,173,174,175,176,177,178,179,180,181,182,183,184,185,186,187,188,189,190,191,192,193,194,195,196,197,198,199,200,201,202,203,204,205,206,207,208,209,210,211,212,213,214,215,216,217,218,219,220,221,222,223,224,225,226,227,228,229,230,231,232,233,234,235,236,237,238,239,240,241,242,243,244,245,246,247,248,249,250,251,252,253,254,255,256,257,258,259,260,261,262,263,264,265,266,267,268,269,270,271,272,273,274,275,276,277,279,281,282,283,284,285,286,287,288,289,290,291,292,293,294,295,296,297,298,299,300,301,302,303,304,305,306,307,308,309,310,311,312,313,314,315,316,317,318,319,320,321,322,323,324,325,326,327,328,329,330,331,332,333,334,335,336,337,338,339,340,341,342,343,344,345,346,347,348,349,350) have mixed types. Specify dtype option on import or set low_memory=False.
@@@ D - common_header:  {'F22', 'F3-SSTableReader', 'F3-String[]', 'F3-Class', 'F71-tyler@datastax.com', 'F116', 'F3-String', 'F71-benedict@apache.org', 'F105', 'F71-marcuse@apache.org', 'F71-jake@apache.org', 'F71-gdusbabek@apache.org', 'F3-input', 'F3-long', 'F71-brandonwilliams@apache.org', 'F101', 'F117', 'F3-byte[]', 'F71-yukim@apache.org', 'F15-public', 'F15-protected', 'F72', 'F3-ByteBuffer', 'F15-NA', 'F3-InetAddress', 'F3-int', 'F104', 'F3-PrintStream', 'F77', 'F71-dbrosius@apache.org', 'F123', 'F71-aleksey@apache.org', 'F3-BitSet', 'F3-EncryptionOptions', 'category', 'F3-char', 'F15-private', 'F71-jakers@gmail.com', 'F3-Thread', 'F110', 'F65', 'F3-ListenableFutureTask', 'F115', 'F71-jmckenzie@apache.org', 'F71-vijay2win@gmail.com', 'F71-xedin@apache.org', 'F71-sylvain@datastax.com', 'F3-NA', 'F41', 'F126', 'F25', 'F3-arg0.name().toByteBuffer()', 'F71-dbrosius@mebigfatguy.com', 'F3-DecoratedKey', 'F71-johan@apache.org', 'F71-slebresne@apache.org', 'F68', 'F3-boolean', 'F120', 'F71-eevans@apache.org', 'F71-jbellis@apache.org'}
     F72           ...            F71-slebresne@apache.org
1  10814           ...                                   0
2  10814           ...                                   0
3  10896           ...                                   0

[3 rows x 60 columns]
;.;
        F72            ...             F71-slebresne@apache.org
0  0.743258            ...                                  0.0
1  0.743258            ...                                  0.0
2  0.750369            ...                                  0.0

[3 rows x 60 columns]
training_x: (2584, 60)
training_y: 2584
testset_x: (2601, 60)
testset_y: 2601
              precision    recall  f1-score   support

           0       0.92      0.98      0.95      2245
           1       0.76      0.44      0.56       356

    accuracy                           0.90      2601
   macro avg       0.84      0.71      0.75      2601
weighted avg       0.90      0.90      0.89      2601

accuracy: 0.9046520569011919
0.5602836879432623
@@@ tn: 2195, fp: 50, fn: 198, tp: 158
@@@ LIME - Creating explainer
@@@ LIME - Random Sampling of Instances
iter: 0, sample_no: 2462, actual label: 1, predicted: 0
iter: 1, sample_no: 1022, actual label: 0, predicted: 0
iter: 2, sample_no: 1516, actual label: 1, predicted: 0
iter: 3, sample_no: 2116, actual label: 0, predicted: 0
iter: 4, sample_no: 2053, actual label: 0, predicted: 0
iter: 5, sample_no: 962, actual label: 0, predicted: 0
iter: 6, sample_no: 2496, actual label: 0, predicted: 0
iter: 7, sample_no: 1107, actual label: 0, predicted: 0
iter: 8, sample_no: 1539, actual label: 1, predicted: 0
iter: 9, sample_no: 219, actual label: 0, predicted: 0
iter: 10, sample_no: 224, actual label: 0, predicted: 0
iter: 11, sample_no: 191, actual label: 0, predicted: 0
iter: 12, sample_no: 1667, actual label: 0, predicted: 0
iter: 13, sample_no: 1655, actual label: 0, predicted: 0
iter: 14, sample_no: 2409, actual label: 0, predicted: 0
iter: 15, sample_no: 317, actual label: 0, predicted: 0
iter: 16, sample_no: 1629, actual label: 0, predicted: 0
iter: 17, sample_no: 1022, actual label: 0, predicted: 0
iter: 18, sample_no: 1022, actual label: 0, predicted: 0
iter: 19, sample_no: 1798, actual label: 0, predicted: 0
iter: 20, sample_no: 2470, actual label: 0, predicted: 0
iter: 21, sample_no: 421, actual label: 0, predicted: 0
iter: 22, sample_no: 1530, actual label: 0, predicted: 0
iter: 23, sample_no: 127, actual label: 0, predicted: 0
iter: 24, sample_no: 1297, actual label: 0, predicted: 1
number of samples: 2601
AUC 0.9355784389780035
pos_get 356
total recall stop_at 1.0
@@@ C - Repeat number: 4
@@@ D - common_header:  {'F22', 'F3-SSTableReader', 'F3-String[]', 'F3-Class', 'F71-tyler@datastax.com', 'F116', 'F3-String', 'F71-benedict@apache.org', 'F105', 'F71-marcuse@apache.org', 'F71-jake@apache.org', 'F71-gdusbabek@apache.org', 'F3-input', 'F3-long', 'F71-brandonwilliams@apache.org', 'F101', 'F117', 'F3-byte[]', 'F71-yukim@apache.org', 'F15-public', 'F15-protected', 'F72', 'F3-ByteBuffer', 'F15-NA', 'F3-InetAddress', 'F3-int', 'F104', 'F3-PrintStream', 'F77', 'F71-dbrosius@apache.org', 'F123', 'F71-aleksey@apache.org', 'F3-BitSet', 'F3-EncryptionOptions', 'category', 'F3-char', 'F15-private', 'F71-jakers@gmail.com', 'F3-Thread', 'F110', 'F65', 'F3-ListenableFutureTask', 'F115', 'F71-jmckenzie@apache.org', 'F71-vijay2win@gmail.com', 'F71-xedin@apache.org', 'F71-sylvain@datastax.com', 'F3-NA', 'F41', 'F126', 'F25', 'F3-arg0.name().toByteBuffer()', 'F71-dbrosius@mebigfatguy.com', 'F3-DecoratedKey', 'F71-johan@apache.org', 'F71-slebresne@apache.org', 'F68', 'F3-boolean', 'F120', 'F71-eevans@apache.org', 'F71-jbellis@apache.org'}
     F72           ...            F71-slebresne@apache.org
1  10814           ...                                   0
2  10814           ...                                   0
3  10896           ...                                   0

[3 rows x 60 columns]
;.;
        F72            ...             F71-slebresne@apache.org
0  0.743258            ...                                  0.0
1  0.743258            ...                                  0.0
2  0.750369            ...                                  0.0

[3 rows x 60 columns]
training_x: (2584, 60)
training_y: 2584
testset_x: (2601, 60)
testset_y: 2601
              precision    recall  f1-score   support

           0       0.92      0.98      0.95      2245
           1       0.76      0.44      0.56       356

    accuracy                           0.90      2601
   macro avg       0.84      0.71      0.75      2601
weighted avg       0.90      0.90      0.89      2601

accuracy: 0.9046520569011919
0.5602836879432623
@@@ tn: 2195, fp: 50, fn: 198, tp: 158
@@@ LIME - Creating explainer
@@@ LIME - Random Sampling of Instances
iter: 0, sample_no: 1576, actual label: 0, predicted: 0
iter: 1, sample_no: 2348, actual label: 1, predicted: 1
iter: 2, sample_no: 1887, actual label: 1, predicted: 1
iter: 3, sample_no: 2401, actual label: 0, predicted: 0
iter: 4, sample_no: 2189, actual label: 0, predicted: 0
iter: 5, sample_no: 1430, actual label: 0, predicted: 0
iter: 6, sample_no: 1796, actual label: 0, predicted: 0
iter: 7, sample_no: 1455, actual label: 1, predicted: 0
iter: 8, sample_no: 1498, actual label: 0, predicted: 0
iter: 9, sample_no: 728, actual label: 0, predicted: 0
iter: 10, sample_no: 1358, actual label: 0, predicted: 0
iter: 11, sample_no: 2327, actual label: 0, predicted: 0
iter: 12, sample_no: 2437, actual label: 0, predicted: 0
iter: 13, sample_no: 2017, actual label: 0, predicted: 0
iter: 14, sample_no: 1774, actual label: 0, predicted: 0
iter: 15, sample_no: 36, actual label: 0, predicted: 0
iter: 16, sample_no: 138, actual label: 0, predicted: 0
iter: 17, sample_no: 1771, actual label: 0, predicted: 0
iter: 18, sample_no: 2367, actual label: 1, predicted: 1
iter: 19, sample_no: 1705, actual label: 0, predicted: 0
iter: 20, sample_no: 1816, actual label: 0, predicted: 0
iter: 21, sample_no: 1820, actual label: 0, predicted: 0
iter: 22, sample_no: 1495, actual label: 0, predicted: 0
iter: 23, sample_no: 2001, actual label: 0, predicted: 0
iter: 24, sample_no: 1585, actual label: 0, predicted: 0
number of samples: 2601
AUC 0.9355784389780035
pos_get 356
total recall stop_at 1.0
@@@ C - Repeat number: 5
@@@ D - common_header:  {'F22', 'F3-SSTableReader', 'F3-String[]', 'F3-Class', 'F71-tyler@datastax.com', 'F116', 'F3-String', 'F71-benedict@apache.org', 'F105', 'F71-marcuse@apache.org', 'F71-jake@apache.org', 'F71-gdusbabek@apache.org', 'F3-input', 'F3-long', 'F71-brandonwilliams@apache.org', 'F101', 'F117', 'F3-byte[]', 'F71-yukim@apache.org', 'F15-public', 'F15-protected', 'F72', 'F3-ByteBuffer', 'F15-NA', 'F3-InetAddress', 'F3-int', 'F104', 'F3-PrintStream', 'F77', 'F71-dbrosius@apache.org', 'F123', 'F71-aleksey@apache.org', 'F3-BitSet', 'F3-EncryptionOptions', 'category', 'F3-char', 'F15-private', 'F71-jakers@gmail.com', 'F3-Thread', 'F110', 'F65', 'F3-ListenableFutureTask', 'F115', 'F71-jmckenzie@apache.org', 'F71-vijay2win@gmail.com', 'F71-xedin@apache.org', 'F71-sylvain@datastax.com', 'F3-NA', 'F41', 'F126', 'F25', 'F3-arg0.name().toByteBuffer()', 'F71-dbrosius@mebigfatguy.com', 'F3-DecoratedKey', 'F71-johan@apache.org', 'F71-slebresne@apache.org', 'F68', 'F3-boolean', 'F120', 'F71-eevans@apache.org', 'F71-jbellis@apache.org'}
     F72           ...            F71-slebresne@apache.org
1  10814           ...                                   0
2  10814           ...                                   0
3  10896           ...                                   0

[3 rows x 60 columns]
;.;
        F72            ...             F71-slebresne@apache.org
0  0.743258            ...                                  0.0
1  0.743258            ...                                  0.0
2  0.750369            ...                                  0.0

[3 rows x 60 columns]
training_x: (2584, 60)
training_y: 2584
testset_x: (2601, 60)
testset_y: 2601
              precision    recall  f1-score   support

           0       0.92      0.98      0.95      2245
           1       0.76      0.44      0.56       356

    accuracy                           0.90      2601
   macro avg       0.84      0.71      0.75      2601
weighted avg       0.90      0.90      0.89      2601

accuracy: 0.9046520569011919
0.5602836879432623
@@@ tn: 2195, fp: 50, fn: 198, tp: 158
@@@ LIME - Creating explainer
@@@ LIME - Random Sampling of Instances
iter: 0, sample_no: 1159, actual label: 1, predicted: 1
iter: 1, sample_no: 1981, actual label: 0, predicted: 0
iter: 2, sample_no: 1248, actual label: 0, predicted: 0
iter: 3, sample_no: 1635, actual label: 0, predicted: 0
iter: 4, sample_no: 2141, actual label: 0, predicted: 0
iter: 5, sample_no: 2020, actual label: 0, predicted: 0
iter: 6, sample_no: 1030, actual label: 0, predicted: 0
iter: 7, sample_no: 445, actual label: 0, predicted: 0
iter: 8, sample_no: 1128, actual label: 0, predicted: 0
iter: 9, sample_no: 80, actual label: 0, predicted: 0
iter: 10, sample_no: 92, actual label: 0, predicted: 0
iter: 11, sample_no: 1011, actual label: 0, predicted: 0
iter: 12, sample_no: 997, actual label: 0, predicted: 0
iter: 13, sample_no: 1370, actual label: 0, predicted: 0
iter: 14, sample_no: 2408, actual label: 0, predicted: 0
iter: 15, sample_no: 2412, actual label: 0, predicted: 0
iter: 16, sample_no: 2063, actual label: 0, predicted: 0
iter: 17, sample_no: 1318, actual label: 0, predicted: 0
iter: 18, sample_no: 2406, actual label: 0, predicted: 0
iter: 19, sample_no: 1469, actual label: 0, predicted: 0
iter: 20, sample_no: 948, actual label: 0, predicted: 0
iter: 21, sample_no: 777, actual label: 0, predicted: 0
iter: 22, sample_no: 516, actual label: 0, predicted: 0
iter: 23, sample_no: 534, actual label: 0, predicted: 0
iter: 24, sample_no: 1706, actual label: 0, predicted: 0
number of samples: 2601
AUC 0.9355784389780035
pos_get 356
total recall stop_at 1.0
@@@ C - Repeat number: 6
Columns (0,3,4,5,6,7,8,9,10,11,12,13,14,15,16,17,18,19,20,21,22,23,24,25,26,27,28,29,30,31,32,33,34,35,36,37,38,39,40,41,42,43,44,45,46,47,48,49,50,51,52,53,54,55,56,57,58,59,60,61,62,63,64,65,66,67,68,69,70,71,72,73,74,75,76,77,78,79,80,81,82,83,84,85,86,87,88,89,90,91,92,93,94,95,96,97,98,99,100,101,102,103,104,105,106,107,108,109,110,111,112,113,114,115,116,117,118,119,120,121,122,123,124,125,126,127,128,129,130,131,132,133,134,135,136,137,138,139,140,141,142,143,144,145,146,147,148,149,150,151,152,153,154,155,156,157,158,159,160,161,162,163,164,165,166,167,168,169,170,171,172,173,174,175,176,177,178,179,180,181,182,183,184,185,186,187,188,189,190,191,192,193,194,195,196,197,198,199,200,201,202,203,204,205,206,207,208,209,210,211,212,213,214,215,216,217,218,219,220,221,222,223,224,225,226,227,228,229,230,231,232,233,234,235,236,237,238,239,240,241,242,243,244,245,246,247,248,249,250,251,252,253,254,255,256,257,258,259,260,261,262,263,264,265,266,267,268,269,270,271,272,273,274,275,276,278,280,281,282,283,284,285,286,287,288,289,290,291,292,293,294,295,296,297,298,299,300,301,302,303,304,305,306,307,308,309,310,311,312,313,314,315,316,317,318,319,320,321,322,323,324,325,326,327,328,329,330,331,332,333,334,335,336,337,338,339,340,341,342,343,344,345,346,347,348,349) have mixed types. Specify dtype option on import or set low_memory=False.
Columns (0,3,4,5,6,7,8,9,10,11,12,13,14,15,16,17,18,19,20,21,22,23,24,25,26,27,28,29,30,31,32,33,34,35,36,37,38,39,40,41,42,43,44,45,46,47,48,49,50,51,52,53,54,55,56,57,58,59,60,61,62,63,64,65,66,67,68,69,70,71,72,73,74,75,76,77,78,79,80,81,82,83,84,85,86,87,88,89,90,91,92,93,94,95,96,97,98,99,100,101,102,103,104,105,106,107,108,109,110,111,112,113,114,115,116,117,118,119,120,121,122,123,124,125,126,127,128,129,130,131,132,133,134,135,136,137,138,139,140,141,142,143,144,145,146,147,148,149,150,151,152,153,154,155,156,157,158,159,160,161,162,163,164,165,166,167,168,169,170,171,172,173,174,175,176,177,178,179,180,181,182,183,184,185,186,187,188,189,190,191,192,193,194,195,196,197,198,199,200,201,202,203,204,205,206,207,208,209,210,211,212,213,214,215,216,217,218,219,220,221,222,223,224,225,226,227,228,229,230,231,232,233,234,235,236,237,238,239,240,241,242,243,244,245,246,247,248,249,250,251,252,253,254,255,256,257,258,259,260,261,262,263,264,265,266,267,268,269,270,271,272,273,274,275,276,277,279,281,282,283,284,285,286,287,288,289,290,291,292,293,294,295,296,297,298,299,300,301,302,303,304,305,306,307,308,309,310,311,312,313,314,315,316,317,318,319,320,321,322,323,324,325,326,327,328,329,330,331,332,333,334,335,336,337,338,339,340,341,342,343,344,345,346,347,348,349,350) have mixed types. Specify dtype option on import or set low_memory=False.
Columns (0,3,4,5,6,7,8,9,10,11,12,13,14,15,16,17,18,19,20,21,22,23,24,25,26,27,28,29,30,31,32,33,34,35,36,37,38,39,40,41,42,43,44,45,46,47,48,49,50,51,52,53,54,55,56,57,58,59,60,61,62,63,64,65,66,67,68,69,70,71,72,73,74,75,76,77,78,79,80,81,82,83,84,85,86,87,88,89,90,91,92,93,94,95,96,97,98,99,100,101,102,103,104,105,106,107,108,109,110,111,112,113,114,115,116,117,118,119,120,121,122,123,124,125,126,127,128,129,130,131,132,133,134,135,136,137,138,139,140,141,142,143,144,145,146,147,148,149,150,151,152,153,154,155,156,157,158,159,160,161,162,163,164,165,166,167,168,169,170,171,172,173,174,175,176,177,178,179,180,181,182,183,184,185,186,187,188,189,190,191,192,193,194,195,196,197,198,199,200,201,202,203,204,205,206,207,208,209,210,211,212,213,214,215,216,217,218,219,220,221,222,223,224,225,226,227,228,229,230,231,232,233,234,235,236,237,238,239,240,241,242,243,244,245,246,247,248,249,250,251,252,253,254,255,256,257,258,259,260,261,262,263,264,265,266,267,268,269,270,271,272,273,274,275,276,278,280,281,282,283,284,285,286,287,288,289,290,291,292,293,294,295,296,297,298,299,300,301,302,303,304,305,306,307,308,309,310,311,312,313,314,315,316,317,318,319,320,321,322,323,324,325,326,327,328,329,330,331,332,333,334,335,336,337,338,339,340,341,342,343,344,345,346,347,348,349) have mixed types. Specify dtype option on import or set low_memory=False.
Columns (0,3,4,5,6,7,8,9,10,11,12,13,14,15,16,17,18,19,20,21,22,23,24,25,26,27,28,29,30,31,32,33,34,35,36,37,38,39,40,41,42,43,44,45,46,47,48,49,50,51,52,53,54,55,56,57,58,59,60,61,62,63,64,65,66,67,68,69,70,71,72,73,74,75,76,77,78,79,80,81,82,83,84,85,86,87,88,89,90,91,92,93,94,95,96,97,98,99,100,101,102,103,104,105,106,107,108,109,110,111,112,113,114,115,116,117,118,119,120,121,122,123,124,125,126,127,128,129,130,131,132,133,134,135,136,137,138,139,140,141,142,143,144,145,146,147,148,149,150,151,152,153,154,155,156,157,158,159,160,161,162,163,164,165,166,167,168,169,170,171,172,173,174,175,176,177,178,179,180,181,182,183,184,185,186,187,188,189,190,191,192,193,194,195,196,197,198,199,200,201,202,203,204,205,206,207,208,209,210,211,212,213,214,215,216,217,218,219,220,221,222,223,224,225,226,227,228,229,230,231,232,233,234,235,236,237,238,239,240,241,242,243,244,245,246,247,248,249,250,251,252,253,254,255,256,257,258,259,260,261,262,263,264,265,266,267,268,269,270,271,272,273,274,275,276,277,279,281,282,283,284,285,286,287,288,289,290,291,292,293,294,295,296,297,298,299,300,301,302,303,304,305,306,307,308,309,310,311,312,313,314,315,316,317,318,319,320,321,322,323,324,325,326,327,328,329,330,331,332,333,334,335,336,337,338,339,340,341,342,343,344,345,346,347,348,349,350) have mixed types. Specify dtype option on import or set low_memory=False.
Columns (0,3,4,5,6,7,8,9,10,11,12,13,14,15,16,17,18,19,20,21,22,23,24,25,26,27,28,29,30,31,32,33,34,35,36,37,38,39,40,41,42,43,44,45,46,47,48,49,50,51,52,53,54,55,56,57,58,59,60,61,62,63,64,65,66,67,68,69,70,71,72,73,74,75,76,77,78,79,80,81,82,83,84,85,86,87,88,89,90,91,92,93,94,95,96,97,98,99,100,101,102,103,104,105,106,107,108,109,110,111,112,113,114,115,116,117,118,119,120,121,122,123,124,125,126,127,128,129,130,131,132,133,134,135,136,137,138,139,140,141,142,143,144,145,146,147,148,149,150,151,152,153,154,155,156,157,158,159,160,161,162,163,164,165,166,167,168,169,170,171,172,173,174,175,176,177,178,179,180,181,182,183,184,185,186,187,188,189,190,191,192,193,194,195,196,197,198,199,200,201,202,203,204,205,206,207,208,209,210,211,212,213,214,215,216,217,218,219,220,221,222,223,224,225,226,227,228,229,230,231,232,233,234,235,236,237,238,239,240,241,242,243,244,245,246,247,248,249,250,251,252,253,254,255,256,257,258,259,260,261,262,263,264,265,266,267,268,269,270,271,272,273,274,275,276,278,280,281,282,283,284,285,286,287,288,289,290,291,292,293,294,295,296,297,298,299,300,301,302,303,304,305,306,307,308,309,310,311,312,313,314,315,316,317,318,319,320,321,322,323,324,325,326,327,328,329,330,331,332,333,334,335,336,337,338,339,340,341,342,343,344,345,346,347,348,349) have mixed types. Specify dtype option on import or set low_memory=False.
Columns (0,3,4,5,6,7,8,9,10,11,12,13,14,15,16,17,18,19,20,21,22,23,24,25,26,27,28,29,30,31,32,33,34,35,36,37,38,39,40,41,42,43,44,45,46,47,48,49,50,51,52,53,54,55,56,57,58,59,60,61,62,63,64,65,66,67,68,69,70,71,72,73,74,75,76,77,78,79,80,81,82,83,84,85,86,87,88,89,90,91,92,93,94,95,96,97,98,99,100,101,102,103,104,105,106,107,108,109,110,111,112,113,114,115,116,117,118,119,120,121,122,123,124,125,126,127,128,129,130,131,132,133,134,135,136,137,138,139,140,141,142,143,144,145,146,147,148,149,150,151,152,153,154,155,156,157,158,159,160,161,162,163,164,165,166,167,168,169,170,171,172,173,174,175,176,177,178,179,180,181,182,183,184,185,186,187,188,189,190,191,192,193,194,195,196,197,198,199,200,201,202,203,204,205,206,207,208,209,210,211,212,213,214,215,216,217,218,219,220,221,222,223,224,225,226,227,228,229,230,231,232,233,234,235,236,237,238,239,240,241,242,243,244,245,246,247,248,249,250,251,252,253,254,255,256,257,258,259,260,261,262,263,264,265,266,267,268,269,270,271,272,273,274,275,276,277,279,281,282,283,284,285,286,287,288,289,290,291,292,293,294,295,296,297,298,299,300,301,302,303,304,305,306,307,308,309,310,311,312,313,314,315,316,317,318,319,320,321,322,323,324,325,326,327,328,329,330,331,332,333,334,335,336,337,338,339,340,341,342,343,344,345,346,347,348,349,350) have mixed types. Specify dtype option on import or set low_memory=False.
Columns (0,3,4,5,6,7,8,9,10,11,12,13,14,15,16,17,18,19,20,21,22,23,24,25,26,27,28,29,30,31,32,33,34,35,36,37,38,39,40,41,42,43,44,45,46,47,48,49,50,51,52,53,54,55,56,57,58,59,60,61,62,63,64,65,66,67,68,69,70,71,72,73,74,75,76,77,78,79,80,81,82,83,84,85,86,87,88,89,90,91,92,93,94,95,96,97,98,99,100,101,102,103,104,105,106,107,108,109,110,111,112,113,114,115,116,117,118,119,120,121,122,123,124,125,126,127,128,129,130,131,132,133,134,135,136,137,138,139,140,141,142,143,144,145,146,147,148,149,150,151,152,153,154,155,156,157,158,159,160,161,162,163,164,165,166,167,168,169,170,171,172,173,174,175,176,177,178,179,180,181,182,183,184,185,186,187,188,189,190,191,192,193,194,195,196,197,198,199,200,201,202,203,204,205,206,207,208,209,210,211,212,213,214,215,216,217,218,219,220,221,222,223,224,225,226,227,228,229,230,231,232,233,234,235,236,237,238,239,240,241,242,243,244,245,246,247,248,249,250,251,252,253,254,255,256,257,258,259,260,261,262,263,264,265,266,267,268,269,270,271,272,273,274,275,276,278,280,281,282,283,284,285,286,287,288,289,290,291,292,293,294,295,296,297,298,299,300,301,302,303,304,305,306,307,308,309,310,311,312,313,314,315,316,317,318,319,320,321,322,323,324,325,326,327,328,329,330,331,332,333,334,335,336,337,338,339,340,341,342,343,344,345,346,347,348,349) have mixed types. Specify dtype option on import or set low_memory=False.
@@@ D - common_header:  {'F22', 'F3-SSTableReader', 'F3-String[]', 'F3-Class', 'F71-tyler@datastax.com', 'F116', 'F3-String', 'F71-benedict@apache.org', 'F105', 'F71-marcuse@apache.org', 'F71-jake@apache.org', 'F71-gdusbabek@apache.org', 'F3-input', 'F3-long', 'F71-brandonwilliams@apache.org', 'F101', 'F117', 'F3-byte[]', 'F71-yukim@apache.org', 'F15-public', 'F15-protected', 'F72', 'F3-ByteBuffer', 'F15-NA', 'F3-InetAddress', 'F3-int', 'F104', 'F3-PrintStream', 'F77', 'F71-dbrosius@apache.org', 'F123', 'F71-aleksey@apache.org', 'F3-BitSet', 'F3-EncryptionOptions', 'category', 'F3-char', 'F15-private', 'F71-jakers@gmail.com', 'F3-Thread', 'F110', 'F65', 'F3-ListenableFutureTask', 'F115', 'F71-jmckenzie@apache.org', 'F71-vijay2win@gmail.com', 'F71-xedin@apache.org', 'F71-sylvain@datastax.com', 'F3-NA', 'F41', 'F126', 'F25', 'F3-arg0.name().toByteBuffer()', 'F71-dbrosius@mebigfatguy.com', 'F3-DecoratedKey', 'F71-johan@apache.org', 'F71-slebresne@apache.org', 'F68', 'F3-boolean', 'F120', 'F71-eevans@apache.org', 'F71-jbellis@apache.org'}
     F72           ...            F71-slebresne@apache.org
1  10814           ...                                   0
2  10814           ...                                   0
3  10896           ...                                   0

[3 rows x 60 columns]
;.;
        F72            ...             F71-slebresne@apache.org
0  0.743258            ...                                  0.0
1  0.743258            ...                                  0.0
2  0.750369            ...                                  0.0

[3 rows x 60 columns]
training_x: (2584, 60)
training_y: 2584
testset_x: (2601, 60)
testset_y: 2601
              precision    recall  f1-score   support

           0       0.92      0.98      0.95      2245
           1       0.76      0.44      0.56       356

    accuracy                           0.90      2601
   macro avg       0.84      0.71      0.75      2601
weighted avg       0.90      0.90      0.89      2601

accuracy: 0.9046520569011919
0.5602836879432623
@@@ tn: 2195, fp: 50, fn: 198, tp: 158
@@@ LIME - Creating explainer
@@@ LIME - Random Sampling of Instances
iter: 0, sample_no: 1361, actual label: 0, predicted: 0
iter: 1, sample_no: 1180, actual label: 0, predicted: 0
iter: 2, sample_no: 842, actual label: 0, predicted: 0
iter: 3, sample_no: 1206, actual label: 0, predicted: 1
iter: 4, sample_no: 581, actual label: 0, predicted: 0
iter: 5, sample_no: 1744, actual label: 0, predicted: 0
iter: 6, sample_no: 593, actual label: 0, predicted: 0
iter: 7, sample_no: 1751, actual label: 0, predicted: 0
iter: 8, sample_no: 475, actual label: 0, predicted: 0
iter: 9, sample_no: 740, actual label: 1, predicted: 0
iter: 10, sample_no: 339, actual label: 0, predicted: 0
iter: 11, sample_no: 2179, actual label: 0, predicted: 0
iter: 12, sample_no: 1552, actual label: 0, predicted: 0
iter: 13, sample_no: 1550, actual label: 0, predicted: 0
iter: 14, sample_no: 716, actual label: 0, predicted: 0
iter: 15, sample_no: 2383, actual label: 1, predicted: 0
iter: 16, sample_no: 1547, actual label: 0, predicted: 0
iter: 17, sample_no: 99, actual label: 0, predicted: 0
iter: 18, sample_no: 2108, actual label: 0, predicted: 0
iter: 19, sample_no: 417, actual label: 0, predicted: 0
iter: 20, sample_no: 887, actual label: 1, predicted: 1
iter: 21, sample_no: 1394, actual label: 1, predicted: 0
iter: 22, sample_no: 1105, actual label: 0, predicted: 0
iter: 23, sample_no: 68, actual label: 0, predicted: 0
iter: 24, sample_no: 1632, actual label: 1, predicted: 0
number of samples: 2601
AUC 0.9355784389780035
pos_get 356
total recall stop_at 1.0
@@@ C - Repeat number: 7
@@@ D - common_header:  {'F22', 'F3-SSTableReader', 'F3-String[]', 'F3-Class', 'F71-tyler@datastax.com', 'F116', 'F3-String', 'F71-benedict@apache.org', 'F105', 'F71-marcuse@apache.org', 'F71-jake@apache.org', 'F71-gdusbabek@apache.org', 'F3-input', 'F3-long', 'F71-brandonwilliams@apache.org', 'F101', 'F117', 'F3-byte[]', 'F71-yukim@apache.org', 'F15-public', 'F15-protected', 'F72', 'F3-ByteBuffer', 'F15-NA', 'F3-InetAddress', 'F3-int', 'F104', 'F3-PrintStream', 'F77', 'F71-dbrosius@apache.org', 'F123', 'F71-aleksey@apache.org', 'F3-BitSet', 'F3-EncryptionOptions', 'category', 'F3-char', 'F15-private', 'F71-jakers@gmail.com', 'F3-Thread', 'F110', 'F65', 'F3-ListenableFutureTask', 'F115', 'F71-jmckenzie@apache.org', 'F71-vijay2win@gmail.com', 'F71-xedin@apache.org', 'F71-sylvain@datastax.com', 'F3-NA', 'F41', 'F126', 'F25', 'F3-arg0.name().toByteBuffer()', 'F71-dbrosius@mebigfatguy.com', 'F3-DecoratedKey', 'F71-johan@apache.org', 'F71-slebresne@apache.org', 'F68', 'F3-boolean', 'F120', 'F71-eevans@apache.org', 'F71-jbellis@apache.org'}
     F72           ...            F71-slebresne@apache.org
1  10814           ...                                   0
2  10814           ...                                   0
3  10896           ...                                   0

[3 rows x 60 columns]
;.;
        F72            ...             F71-slebresne@apache.org
0  0.743258            ...                                  0.0
1  0.743258            ...                                  0.0
2  0.750369            ...                                  0.0

[3 rows x 60 columns]
training_x: (2584, 60)
training_y: 2584
testset_x: (2601, 60)
testset_y: 2601
              precision    recall  f1-score   support

           0       0.92      0.98      0.95      2245
           1       0.76      0.44      0.56       356

    accuracy                           0.90      2601
   macro avg       0.84      0.71      0.75      2601
weighted avg       0.90      0.90      0.89      2601

accuracy: 0.9046520569011919
0.5602836879432623
@@@ tn: 2195, fp: 50, fn: 198, tp: 158
@@@ LIME - Creating explainer
@@@ LIME - Random Sampling of Instances
iter: 0, sample_no: 426, actual label: 0, predicted: 0
iter: 1, sample_no: 2491, actual label: 0, predicted: 0
iter: 2, sample_no: 1644, actual label: 1, predicted: 0
iter: 3, sample_no: 772, actual label: 0, predicted: 0
iter: 4, sample_no: 2489, actual label: 0, predicted: 0
iter: 5, sample_no: 311, actual label: 0, predicted: 0
iter: 6, sample_no: 1395, actual label: 0, predicted: 0
iter: 7, sample_no: 881, actual label: 0, predicted: 0
iter: 8, sample_no: 499, actual label: 0, predicted: 0
iter: 9, sample_no: 1943, actual label: 0, predicted: 0
iter: 10, sample_no: 109, actual label: 0, predicted: 0
iter: 11, sample_no: 93, actual label: 0, predicted: 0
iter: 12, sample_no: 1216, actual label: 0, predicted: 0
iter: 13, sample_no: 1969, actual label: 0, predicted: 0
iter: 14, sample_no: 1235, actual label: 0, predicted: 0
iter: 15, sample_no: 16, actual label: 0, predicted: 0
iter: 16, sample_no: 605, actual label: 0, predicted: 0
iter: 17, sample_no: 885, actual label: 0, predicted: 0
iter: 18, sample_no: 870, actual label: 0, predicted: 0
iter: 19, sample_no: 731, actual label: 0, predicted: 0
iter: 20, sample_no: 990, actual label: 1, predicted: 0
iter: 21, sample_no: 606, actual label: 0, predicted: 0
iter: 22, sample_no: 348, actual label: 0, predicted: 0
iter: 23, sample_no: 1931, actual label: 0, predicted: 0
iter: 24, sample_no: 221, actual label: 0, predicted: 0
number of samples: 2601
AUC 0.9355784389780035
pos_get 356
total recall stop_at 1.0
@@@ C - Repeat number: 8
@@@ D - common_header:  {'F22', 'F3-SSTableReader', 'F3-String[]', 'F3-Class', 'F71-tyler@datastax.com', 'F116', 'F3-String', 'F71-benedict@apache.org', 'F105', 'F71-marcuse@apache.org', 'F71-jake@apache.org', 'F71-gdusbabek@apache.org', 'F3-input', 'F3-long', 'F71-brandonwilliams@apache.org', 'F101', 'F117', 'F3-byte[]', 'F71-yukim@apache.org', 'F15-public', 'F15-protected', 'F72', 'F3-ByteBuffer', 'F15-NA', 'F3-InetAddress', 'F3-int', 'F104', 'F3-PrintStream', 'F77', 'F71-dbrosius@apache.org', 'F123', 'F71-aleksey@apache.org', 'F3-BitSet', 'F3-EncryptionOptions', 'category', 'F3-char', 'F15-private', 'F71-jakers@gmail.com', 'F3-Thread', 'F110', 'F65', 'F3-ListenableFutureTask', 'F115', 'F71-jmckenzie@apache.org', 'F71-vijay2win@gmail.com', 'F71-xedin@apache.org', 'F71-sylvain@datastax.com', 'F3-NA', 'F41', 'F126', 'F25', 'F3-arg0.name().toByteBuffer()', 'F71-dbrosius@mebigfatguy.com', 'F3-DecoratedKey', 'F71-johan@apache.org', 'F71-slebresne@apache.org', 'F68', 'F3-boolean', 'F120', 'F71-eevans@apache.org', 'F71-jbellis@apache.org'}
     F72           ...            F71-slebresne@apache.org
1  10814           ...                                   0
2  10814           ...                                   0
3  10896           ...                                   0

[3 rows x 60 columns]
;.;
        F72            ...             F71-slebresne@apache.org
0  0.743258            ...                                  0.0
1  0.743258            ...                                  0.0
2  0.750369            ...                                  0.0

[3 rows x 60 columns]
training_x: (2584, 60)
training_y: 2584
testset_x: (2601, 60)
testset_y: 2601
              precision    recall  f1-score   support

           0       0.92      0.98      0.95      2245
           1       0.76      0.44      0.56       356

    accuracy                           0.90      2601
   macro avg       0.84      0.71      0.75      2601
weighted avg       0.90      0.90      0.89      2601

accuracy: 0.9046520569011919
0.5602836879432623
@@@ tn: 2195, fp: 50, fn: 198, tp: 158
@@@ LIME - Creating explainer
@@@ LIME - Random Sampling of Instances
iter: 0, sample_no: 1712, actual label: 0, predicted: 0
iter: 1, sample_no: 1199, actual label: 0, predicted: 0
iter: 2, sample_no: 2143, actual label: 0, predicted: 0
iter: 3, sample_no: 451, actual label: 0, predicted: 0
iter: 4, sample_no: 1406, actual label: 0, predicted: 0
iter: 5, sample_no: 553, actual label: 0, predicted: 0
iter: 6, sample_no: 2414, actual label: 0, predicted: 0
iter: 7, sample_no: 2592, actual label: 0, predicted: 0
iter: 8, sample_no: 1447, actual label: 0, predicted: 0
iter: 9, sample_no: 2435, actual label: 0, predicted: 0
iter: 10, sample_no: 527, actual label: 0, predicted: 0
iter: 11, sample_no: 903, actual label: 1, predicted: 1
iter: 12, sample_no: 2341, actual label: 1, predicted: 1
iter: 13, sample_no: 68, actual label: 0, predicted: 0
iter: 14, sample_no: 2545, actual label: 0, predicted: 0
iter: 15, sample_no: 2374, actual label: 0, predicted: 1
iter: 16, sample_no: 1823, actual label: 0, predicted: 0
iter: 17, sample_no: 543, actual label: 0, predicted: 0
iter: 18, sample_no: 1874, actual label: 0, predicted: 0
iter: 19, sample_no: 1188, actual label: 0, predicted: 0
iter: 20, sample_no: 1266, actual label: 0, predicted: 0
iter: 21, sample_no: 1613, actual label: 0, predicted: 0
iter: 22, sample_no: 416, actual label: 0, predicted: 0
iter: 23, sample_no: 2417, actual label: 0, predicted: 0
iter: 24, sample_no: 630, actual label: 0, predicted: 0
number of samples: 2601
AUC 0.9355784389780035
pos_get 356
total recall stop_at 1.0
@@@ C - Repeat number: 9
@@@ D - common_header:  {'F22', 'F3-SSTableReader', 'F3-String[]', 'F3-Class', 'F71-tyler@datastax.com', 'F116', 'F3-String', 'F71-benedict@apache.org', 'F105', 'F71-marcuse@apache.org', 'F71-jake@apache.org', 'F71-gdusbabek@apache.org', 'F3-input', 'F3-long', 'F71-brandonwilliams@apache.org', 'F101', 'F117', 'F3-byte[]', 'F71-yukim@apache.org', 'F15-public', 'F15-protected', 'F72', 'F3-ByteBuffer', 'F15-NA', 'F3-InetAddress', 'F3-int', 'F104', 'F3-PrintStream', 'F77', 'F71-dbrosius@apache.org', 'F123', 'F71-aleksey@apache.org', 'F3-BitSet', 'F3-EncryptionOptions', 'category', 'F3-char', 'F15-private', 'F71-jakers@gmail.com', 'F3-Thread', 'F110', 'F65', 'F3-ListenableFutureTask', 'F115', 'F71-jmckenzie@apache.org', 'F71-vijay2win@gmail.com', 'F71-xedin@apache.org', 'F71-sylvain@datastax.com', 'F3-NA', 'F41', 'F126', 'F25', 'F3-arg0.name().toByteBuffer()', 'F71-dbrosius@mebigfatguy.com', 'F3-DecoratedKey', 'F71-johan@apache.org', 'F71-slebresne@apache.org', 'F68', 'F3-boolean', 'F120', 'F71-eevans@apache.org', 'F71-jbellis@apache.org'}
     F72           ...            F71-slebresne@apache.org
1  10814           ...                                   0
2  10814           ...                                   0
3  10896           ...                                   0

[3 rows x 60 columns]
;.;
        F72            ...             F71-slebresne@apache.org
0  0.743258            ...                                  0.0
1  0.743258            ...                                  0.0
2  0.750369            ...                                  0.0

[3 rows x 60 columns]
training_x: (2584, 60)
training_y: 2584
testset_x: (2601, 60)
testset_y: 2601
              precision    recall  f1-score   support

           0       0.92      0.98      0.95      2245
           1       0.76      0.44      0.56       356

    accuracy                           0.90      2601
   macro avg       0.84      0.71      0.75      2601
weighted avg       0.90      0.90      0.89      2601

accuracy: 0.9046520569011919
0.5602836879432623
@@@ tn: 2195, fp: 50, fn: 198, tp: 158
@@@ LIME - Creating explainer
@@@ LIME - Random Sampling of Instances
iter: 0, sample_no: 2105, actual label: 0, predicted: 0
iter: 1, sample_no: 1775, actual label: 0, predicted: 0
iter: 2, sample_no: 206, actual label: 0, predicted: 0
iter: 3, sample_no: 2283, actual label: 1, predicted: 1
iter: 4, sample_no: 2276, actual label: 1, predicted: 1
iter: 5, sample_no: 1503, actual label: 1, predicted: 1
iter: 6, sample_no: 1072, actual label: 0, predicted: 0
iter: 7, sample_no: 1535, actual label: 1, predicted: 0
iter: 8, sample_no: 555, actual label: 0, predicted: 0
iter: 9, sample_no: 1367, actual label: 0, predicted: 0
iter: 10, sample_no: 755, actual label: 0, predicted: 0
iter: 11, sample_no: 1142, actual label: 0, predicted: 0
iter: 12, sample_no: 174, actual label: 0, predicted: 0
iter: 13, sample_no: 2110, actual label: 0, predicted: 0
iter: 14, sample_no: 1293, actual label: 0, predicted: 1
iter: 15, sample_no: 1548, actual label: 0, predicted: 0
iter: 16, sample_no: 1448, actual label: 0, predicted: 0
iter: 17, sample_no: 2195, actual label: 0, predicted: 0
iter: 18, sample_no: 2303, actual label: 1, predicted: 1
iter: 19, sample_no: 1036, actual label: 0, predicted: 0
iter: 20, sample_no: 2593, actual label: 0, predicted: 0
iter: 21, sample_no: 500, actual label: 0, predicted: 0
iter: 22, sample_no: 2035, actual label: 0, predicted: 0
iter: 23, sample_no: 2013, actual label: 0, predicted: 0
iter: 24, sample_no: 648, actual label: 0, predicted: 0
number of samples: 2601
AUC 0.9355784389780035
pos_get 356
total recall stop_at 1.0
@@@ C - Repeat number: 10
Columns (0,3,4,5,6,7,8,9,10,11,12,13,14,15,16,17,18,19,20,21,22,23,24,25,26,27,28,29,30,31,32,33,34,35,36,37,38,39,40,41,42,43,44,45,46,47,48,49,50,51,52,53,54,55,56,57,58,59,60,61,62,63,64,65,66,67,68,69,70,71,72,73,74,75,76,77,78,79,80,81,82,83,84,85,86,87,88,89,90,91,92,93,94,95,96,97,98,99,100,101,102,103,104,105,106,107,108,109,110,111,112,113,114,115,116,117,118,119,120,121,122,123,124,125,126,127,128,129,130,131,132,133,134,135,136,137,138,139,140,141,142,143,144,145,146,147,148,149,150,151,152,153,154,155,156,157,158,159,160,161,162,163,164,165,166,167,168,169,170,171,172,173,174,175,176,177,178,179,180,181,182,183,184,185,186,187,188,189,190,191,192,193,194,195,196,197,198,199,200,201,202,203,204,205,206,207,208,209,210,211,212,213,214,215,216,217,218,219,220,221,222,223,224,225,226,227,228,229,230,231,232,233,234,235,236,237,238,239,240,241,242,243,244,245,246,247,248,249,250,251,252,253,254,255,256,257,258,259,260,261,262,263,264,265,266,267,268,269,270,271,272,273,274,275,276,277,279,281,282,283,284,285,286,287,288,289,290,291,292,293,294,295,296,297,298,299,300,301,302,303,304,305,306,307,308,309,310,311,312,313,314,315,316,317,318,319,320,321,322,323,324,325,326,327,328,329,330,331,332,333,334,335,336,337,338,339,340,341,342,343,344,345,346,347,348,349,350) have mixed types. Specify dtype option on import or set low_memory=False.
Columns (0,3,4,5,6,7,8,9,10,11,12,13,14,15,16,17,18,19,20,21,22,23,24,25,26,27,28,29,30,31,32,33,34,35,36,37,38,39,40,41,42,43,44,45,46,47,48,49,50,51,52,53,54,55,56,57,58,59,60,61,62,63,64,65,66,67,68,69,70,71,72,73,74,75,76,77,78,79,80,81,82,83,84,85,86,87,88,89,90,91,92,93,94,95,96,97,98,99,100,101,102,103,104,105,106,107,108,109,110,111,112,113,114,115,116,117,118,119,120,121,122,123,124,125,126,127,128,129,130,131,132,133,134,135,136,137,138,139,140,141,142,143,144,145,146,147,148,149,150,151,152,153,154,155,156,157,158,159,160,161,162,163,164,165,166,167,168,169,170,171,172,173,174,175,176,177,178,179,180,181,182,183,184,185,186,187,188,189,190,191,192,193,194,195,196,197,198,199,200,201,202,203,204,205,206,207,208,209,210,211,212,213,214,215,216,217,218,219,220,221,222,223,224,225,226,227,228,229,230,231,232,233,234,235,236,237,238,239,240,241,242,243,244,245,246,247,248,249,250,251,252,253,254,255,256,257,258,259,260,261,262,263,264,265,266,267,268,269,270,271,272,273,274,275,276,278,280,281,282,283,284,285,286,287,288,289,290,291,292,293,294,295,296,297,298,299,300,301,302,303,304,305,306,307,308,309,310,311,312,313,314,315,316,317,318,319,320,321,322,323,324,325,326,327,328,329,330,331,332,333,334,335,336,337,338,339,340,341,342,343,344,345,346,347,348,349) have mixed types. Specify dtype option on import or set low_memory=False.
Columns (0,3,4,5,6,7,8,9,10,11,12,13,14,15,16,17,18,19,20,21,22,23,24,25,26,27,28,29,30,31,32,33,34,35,36,37,38,39,40,41,42,43,44,45,46,47,48,49,50,51,52,53,54,55,56,57,58,59,60,61,62,63,64,65,66,67,68,69,70,71,72,73,74,75,76,77,78,79,80,81,82,83,84,85,86,87,88,89,90,91,92,93,94,95,96,97,98,99,100,101,102,103,104,105,106,107,108,109,110,111,112,113,114,115,116,117,118,119,120,121,122,123,124,125,126,127,128,129,130,131,132,133,134,135,136,137,138,139,140,141,142,143,144,145,146,147,148,149,150,151,152,153,154,155,156,157,158,159,160,161,162,163,164,165,166,167,168,169,170,171,172,173,174,175,176,177,178,179,180,181,182,183,184,185,186,187,188,189,190,191,192,193,194,195,196,197,198,199,200,201,202,203,204,205,206,207,208,209,210,211,212,213,214,215,216,217,218,219,220,221,222,223,224,225,226,227,228,229,230,231,232,233,234,235,236,237,238,239,240,241,242,243,244,245,246,247,248,249,250,251,252,253,254,255,256,257,258,259,260,261,262,263,264,265,266,267,268,269,270,271,272,273,274,275,276,277,279,281,282,283,284,285,286,287,288,289,290,291,292,293,294,295,296,297,298,299,300,301,302,303,304,305,306,307,308,309,310,311,312,313,314,315,316,317,318,319,320,321,322,323,324,325,326,327,328,329,330,331,332,333,334,335,336,337,338,339,340,341,342,343,344,345,346,347,348,349,350) have mixed types. Specify dtype option on import or set low_memory=False.
Columns (0,3,4,5,6,7,8,9,10,11,12,13,14,15,16,17,18,19,20,21,22,23,24,25,26,27,28,29,30,31,32,33,34,35,36,37,38,39,40,41,42,43,44,45,46,47,48,49,50,51,52,53,54,55,56,57,58,59,60,61,62,63,64,65,66,67,68,69,70,71,72,73,74,75,76,77,78,79,80,81,82,83,84,85,86,87,88,89,90,91,92,93,94,95,96,97,98,99,100,101,102,103,104,105,106,107,108,109,110,111,112,113,114,115,116,117,118,119,120,121,122,123,124,125,126,127,128,129,130,131,132,133,134,135,136,137,138,139,140,141,142,143,144,145,146,147,148,149,150,151,152,153,154,155,156,157,158,159,160,161,162,163,164,165,166,167,168,169,170,171,172,173,174,175,176,177,178,179,180,181,182,183,184,185,186,187,188,189,190,191,192,193,194,195,196,197,198,199,200,201,202,203,204,205,206,207,208,209,210,211,212,213,214,215,216,217,218,219,220,221,222,223,224,225,226,227,228,229,230,231,232,233,234,235,236,237,238,239,240,241,242,243,244,245,246,247,248,249,250,251,252,253,254,255,256,257,258,259,260,261,262,263,264,265,266,267,268,269,270,271,272,273,274,275,276,278,280,281,282,283,284,285,286,287,288,289,290,291,292,293,294,295,296,297,298,299,300,301,302,303,304,305,306,307,308,309,310,311,312,313,314,315,316,317,318,319,320,321,322,323,324,325,326,327,328,329,330,331,332,333,334,335,336,337,338,339,340,341,342,343,344,345,346,347,348,349) have mixed types. Specify dtype option on import or set low_memory=False.
Columns (0,3,4,5,6,7,8,9,10,11,12,13,14,15,16,17,18,19,20,21,22,23,24,25,26,27,28,29,30,31,32,33,34,35,36,37,38,39,40,41,42,43,44,45,46,47,48,49,50,51,52,53,54,55,56,57,58,59,60,61,62,63,64,65,66,67,68,69,70,71,72,73,74,75,76,77,78,79,80,81,82,83,84,85,86,87,88,89,90,91,92,93,94,95,96,97,98,99,100,101,102,103,104,105,106,107,108,109,110,111,112,113,114,115,116,117,118,119,120,121,122,123,124,125,126,127,128,129,130,131,132,133,134,135,136,137,138,139,140,141,142,143,144,145,146,147,148,149,150,151,152,153,154,155,156,157,158,159,160,161,162,163,164,165,166,167,168,169,170,171,172,173,174,175,176,177,178,179,180,181,182,183,184,185,186,187,188,189,190,191,192,193,194,195,196,197,198,199,200,201,202,203,204,205,206,207,208,209,210,211,212,213,214,215,216,217,218,219,220,221,222,223,224,225,226,227,228,229,230,231,232,233,234,235,236,237,238,239,240,241,242,243,244,245,246,247,248,249,250,251,252,253,254,255,256,257,258,259,260,261,262,263,264,265,266,267,268,269,270,271,272,273,274,275,276,277,279,281,282,283,284,285,286,287,288,289,290,291,292,293,294,295,296,297,298,299,300,301,302,303,304,305,306,307,308,309,310,311,312,313,314,315,316,317,318,319,320,321,322,323,324,325,326,327,328,329,330,331,332,333,334,335,336,337,338,339,340,341,342,343,344,345,346,347,348,349,350) have mixed types. Specify dtype option on import or set low_memory=False.
Columns (0,3,4,5,6,7,8,9,10,11,12,13,14,15,16,17,18,19,20,21,22,23,24,25,26,27,28,29,30,31,32,33,34,35,36,37,38,39,40,41,42,43,44,45,46,47,48,49,50,51,52,53,54,55,56,57,58,59,60,61,62,63,64,65,66,67,68,69,70,71,72,73,74,75,76,77,78,79,80,81,82,83,84,85,86,87,88,89,90,91,92,93,94,95,96,97,98,99,100,101,102,103,104,105,106,107,108,109,110,111,112,113,114,115,116,117,118,119,120,121,122,123,124,125,126,127,128,129,130,131,132,133,134,135,136,137,138,139,140,141,142,143,144,145,146,147,148,149,150,151,152,153,154,155,156,157,158,159,160,161,162,163,164,165,166,167,168,169,170,171,172,173,174,175,176,177,178,179,180,181,182,183,184,185,186,187,188,189,190,191,192,193,194,195,196,197,198,199,200,201,202,203,204,205,206,207,208,209,210,211,212,213,214,215,216,217,218,219,220,221,222,223,224,225,226,227,228,229,230,231,232,233,234,235,236,237,238,239,240,241,242,243,244,245,246,247,248,249,250,251,252,253,254,255,256,257,258,259,260,261,262,263,264,265,266,267,268,269,270,271,272,273,274,275,276,278,280,281,282,283,284,285,286,287,288,289,290,291,292,293,294,295,296,297,298,299,300,301,302,303,304,305,306,307,308,309,310,311,312,313,314,315,316,317,318,319,320,321,322,323,324,325,326,327,328,329,330,331,332,333,334,335,336,337,338,339,340,341,342,343,344,345,346,347,348,349) have mixed types. Specify dtype option on import or set low_memory=False.
Columns (0,3,4,5,6,7,8,9,10,11,12,13,14,15,16,17,18,19,20,21,22,23,24,25,26,27,28,29,30,31,32,33,34,35,36,37,38,39,40,41,42,43,44,45,46,47,48,49,50,51,52,53,54,55,56,57,58,59,60,61,62,63,64,65,66,67,68,69,70,71,72,73,74,75,76,77,78,79,80,81,82,83,84,85,86,87,88,89,90,91,92,93,94,95,96,97,98,99,100,101,102,103,104,105,106,107,108,109,110,111,112,113,114,115,116,117,118,119,120,121,122,123,124,125,126,127,128,129,130,131,132,133,134,135,136,137,138,139,140,141,142,143,144,145,146,147,148,149,150,151,152,153,154,155,156,157,158,159,160,161,162,163,164,165,166,167,168,169,170,171,172,173,174,175,176,177,178,179,180,181,182,183,184,185,186,187,188,189,190,191,192,193,194,195,196,197,198,199,200,201,202,203,204,205,206,207,208,209,210,211,212,213,214,215,216,217,218,219,220,221,222,223,224,225,226,227,228,229,230,231,232,233,234,235,236,237,238,239,240,241,242,243,244,245,246,247,248,249,250,251,252,253,254,255,256,257,258,259,260,261,262,263,264,265,266,267,268,269,270,271,272,273,274,275,276,277,279,281,282,283,284,285,286,287,288,289,290,291,292,293,294,295,296,297,298,299,300,301,302,303,304,305,306,307,308,309,310,311,312,313,314,315,316,317,318,319,320,321,322,323,324,325,326,327,328,329,330,331,332,333,334,335,336,337,338,339,340,341,342,343,344,345,346,347,348,349,350) have mixed types. Specify dtype option on import or set low_memory=False.
@@@ D - common_header:  {'F22', 'F3-SSTableReader', 'F3-String[]', 'F3-Class', 'F71-tyler@datastax.com', 'F116', 'F3-String', 'F71-benedict@apache.org', 'F105', 'F71-marcuse@apache.org', 'F71-jake@apache.org', 'F71-gdusbabek@apache.org', 'F3-input', 'F3-long', 'F71-brandonwilliams@apache.org', 'F101', 'F117', 'F3-byte[]', 'F71-yukim@apache.org', 'F15-public', 'F15-protected', 'F72', 'F3-ByteBuffer', 'F15-NA', 'F3-InetAddress', 'F3-int', 'F104', 'F3-PrintStream', 'F77', 'F71-dbrosius@apache.org', 'F123', 'F71-aleksey@apache.org', 'F3-BitSet', 'F3-EncryptionOptions', 'category', 'F3-char', 'F15-private', 'F71-jakers@gmail.com', 'F3-Thread', 'F110', 'F65', 'F3-ListenableFutureTask', 'F115', 'F71-jmckenzie@apache.org', 'F71-vijay2win@gmail.com', 'F71-xedin@apache.org', 'F71-sylvain@datastax.com', 'F3-NA', 'F41', 'F126', 'F25', 'F3-arg0.name().toByteBuffer()', 'F71-dbrosius@mebigfatguy.com', 'F3-DecoratedKey', 'F71-johan@apache.org', 'F71-slebresne@apache.org', 'F68', 'F3-boolean', 'F120', 'F71-eevans@apache.org', 'F71-jbellis@apache.org'}
     F72           ...            F71-slebresne@apache.org
1  10814           ...                                   0
2  10814           ...                                   0
3  10896           ...                                   0

[3 rows x 60 columns]
;.;
        F72            ...             F71-slebresne@apache.org
0  0.743258            ...                                  0.0
1  0.743258            ...                                  0.0
2  0.750369            ...                                  0.0

[3 rows x 60 columns]
training_x: (2584, 60)
training_y: 2584
testset_x: (2601, 60)
testset_y: 2601
              precision    recall  f1-score   support

           0       0.92      0.98      0.95      2245
           1       0.76      0.44      0.56       356

    accuracy                           0.90      2601
   macro avg       0.84      0.71      0.75      2601
weighted avg       0.90      0.90      0.89      2601

accuracy: 0.9046520569011919
0.5602836879432623
@@@ tn: 2195, fp: 50, fn: 198, tp: 158
@@@ LIME - Creating explainer
@@@ LIME - Random Sampling of Instances
Columns (0,3,4,5,6,7,8,9,10,11,12,13,14,15,16,17,18,19,20,21,22,23,24,25,26,27,28,29,30,31,32,33,34,35,36,37,38,39,40,41,42,43,44,45,46,47,48,49,50,51,52,53,54,55,56,57,58,59,60,61,62,63,64,65,66,67,68,69,70,71,72,73,74,75,76,77,78,79,80,81,82,83,84,85,86,87,88,89,90,91,92,93,94,95,96,97,98,99,100,101,102,103,104,105,106,107,108,109,110,111,112,113,114,115,116,117,118,119,120,121,122,123,124,125,126,127,128,129,130,131,132,133,134,135,136,137,138,139,140,141,142,143,144,145,146,147,148,149,150,151,152,153,154,155,156,157,158,159,160,161,162,163,164,165,166,167,168,169,170,171,172,173,174,175,176,177,178,179,180,181,182,183,184,185,186,187,188,189,190,191,192,193,194,195,196,197,198,199,200,201,202,203,204,205,206,207,208,209,210,211,212,213,214,215,216,217,218,219,220,221,222,223,224,225,226,227,228,229,230,231,232,233,234,235,236,237,238,239,240,241,242,243,244,245,246,247,248,249,250,251,252,253,254,255,256,257,258,259,260,261,262,263,264,265,266,267,268,269,270,271,272,273,274,275,276,278,280,281,282,283,284,285,286,287,288,289,290,291,292,293,294,295,296,297,298,299,300,301,302,303,304,305,306,307,308,309,310,311,312,313,314,315,316,317,318,319,320,321,322,323,324,325,326,327,328,329,330,331,332,333,334,335,336,337,338,339,340,341,342,343,344,345,346,347,348,349) have mixed types. Specify dtype option on import or set low_memory=False.
iter: 0, sample_no: 1692, actual label: 0, predicted: 0
iter: 1, sample_no: 1528, actual label: 0, predicted: 0
iter: 2, sample_no: 668, actual label: 0, predicted: 0
iter: 3, sample_no: 72, actual label: 0, predicted: 0
iter: 4, sample_no: 2360, actual label: 1, predicted: 1
iter: 5, sample_no: 72, actual label: 0, predicted: 0
iter: 6, sample_no: 334, actual label: 0, predicted: 0
iter: 7, sample_no: 1006, actual label: 1, predicted: 0
iter: 8, sample_no: 1550, actual label: 0, predicted: 0
iter: 9, sample_no: 1671, actual label: 0, predicted: 0
iter: 10, sample_no: 1119, actual label: 0, predicted: 0
iter: 11, sample_no: 914, actual label: 1, predicted: 0
iter: 12, sample_no: 1616, actual label: 1, predicted: 0
iter: 13, sample_no: 566, actual label: 0, predicted: 0
iter: 14, sample_no: 1535, actual label: 1, predicted: 0
iter: 15, sample_no: 1693, actual label: 0, predicted: 0
iter: 16, sample_no: 1193, actual label: 0, predicted: 0
iter: 17, sample_no: 2031, actual label: 0, predicted: 0
iter: 18, sample_no: 1072, actual label: 0, predicted: 0
iter: 19, sample_no: 1197, actual label: 0, predicted: 0
iter: 20, sample_no: 1459, actual label: 0, predicted: 0
iter: 21, sample_no: 1924, actual label: 0, predicted: 0
iter: 22, sample_no: 238, actual label: 0, predicted: 0
iter: 23, sample_no: 613, actual label: 0, predicted: 0
iter: 24, sample_no: 997, actual label: 0, predicted: 0
number of samples: 2601
AUC 0.9355784389780035
pos_get 356
total recall stop_at 1.0
----------threshold stop at----------: 1
AUC [0.9355784389780035, 0.9355784389780035, 0.9355784389780035, 0.9355784389780035, 0.9355784389780035, 0.9355784389780035, 0.9355784389780035, 0.9355784389780035, 0.9355784389780035, 0.9355784389780035]
AUC_median 0.9355784389780035
AUC_iqr 0.0
cost [1.0, 1.0, 1.0, 1.0, 1.0, 1.0, 1.0, 1.0, 1.0, 1.0]
COST_med 1.0
COST_iqr 0.0
f1_pos_list [0.5602836879432623, 0.5602836879432623, 0.5602836879432623, 0.5602836879432623, 0.5602836879432623, 0.5602836879432623, 0.5602836879432623, 0.5602836879432623, 0.5602836879432623, 0.5602836879432623]
f1_pos_med 0.5602836879432623
