@@@ A - classifier: KNeighborsClassifier(algorithm='auto', leaf_size=30, metric='minkowski',
                     metric_params=None, n_jobs=None, n_neighbors=3, p=2,
                     weights='uniform')
@@@ B - threshold stop at: 1
@@@ C - Repeat number: 1
@@@ D - common_header:  {'F3-boolean', 'F15-public', 'F71-chrism@apache.org', 'F3-int[]', 'F3-char[]', 'F105', 'F77', 'F41', 'F71-hossman@apache.org', 'F123', 'F15-private', 'F3-NA', 'F3-Path', 'F115', 'F71-markrmiller@apache.org', 'F71-rjernst@apache.org', 'F71-anshum@apache.org', 'F3-FileInputStream', 'F71-romseygeek@apache.org', 'F3-long', 'F126', 'F71-rmuir@apache.org', 'F117', 'F3-CharSequence', 'F101', 'F120', 'F71-shalin@apache.org', 'F72', 'F116', 'F104', 'F71-uschindler@apache.org', 'F15-protected', 'F71-jpountz@apache.org', 'F71-noble@apache.org', 'F3-CharStream', 'F22', 'F110', 'F71-erick@apache.org', 'category', 'F71-shaie@apache.org', 'F3-char', 'F3-Class', 'F68', 'F25', 'F3-Among[]', 'F71-mikemccand@apache.org', 'F3-ValueSource', 'F65', 'F3-String', 'F71-sarowe@apache.org', 'F71-simonw@apache.org', 'F71-yonik@apache.org', 'F71-ryan@apache.org', 'F3-int', 'F15-NA', 'F3-long[]'}
     F72            ...            F71-uschindler@apache.org
1   4679            ...                                    1
2   4679            ...                                    1
3  19865            ...                                    1

[3 rows x 55 columns]
;.;
        F72            ...              F71-uschindler@apache.org
0  0.035424            ...                                    1.0
1  0.035424            ...                                    1.0
2  0.747947            ...                                    1.0

[3 rows x 55 columns]
training_x: (3259, 55)
training_y: 3259
testset_x: (3425, 55)
testset_y: 3425
              precision    recall  f1-score   support

           0       0.93      0.96      0.94      2257
           1       0.91      0.87      0.89      1168

    accuracy                           0.93      3425
   macro avg       0.92      0.91      0.92      3425
weighted avg       0.93      0.93      0.93      3425

accuracy: 0.9258394160583941
0.8887915936952714
@@@ tn: 2156, fp: 101, fn: 153, tp: 1015
@@@ LIME - Creating explainer
@@@ LIME - Random Sampling of Instances
iter: 0, sample_no: 1860, actual label: 1, predicted: 1
iter: 1, sample_no: 3335, actual label: 1, predicted: 1
iter: 2, sample_no: 408, actual label: 1, predicted: 1
iter: 3, sample_no: 2016, actual label: 0, predicted: 0
iter: 4, sample_no: 2809, actual label: 0, predicted: 0
iter: 5, sample_no: 1947, actual label: 0, predicted: 0
iter: 6, sample_no: 1079, actual label: 0, predicted: 0
iter: 7, sample_no: 1202, actual label: 0, predicted: 0
iter: 8, sample_no: 2052, actual label: 0, predicted: 0
iter: 9, sample_no: 1516, actual label: 0, predicted: 0
iter: 10, sample_no: 2100, actual label: 0, predicted: 0
iter: 11, sample_no: 1317, actual label: 0, predicted: 0
iter: 12, sample_no: 1121, actual label: 1, predicted: 1
iter: 13, sample_no: 2156, actual label: 0, predicted: 0
iter: 14, sample_no: 1323, actual label: 0, predicted: 0
iter: 15, sample_no: 1169, actual label: 0, predicted: 0
iter: 16, sample_no: 2335, actual label: 0, predicted: 0
iter: 17, sample_no: 2606, actual label: 1, predicted: 1
iter: 18, sample_no: 2849, actual label: 0, predicted: 0
iter: 19, sample_no: 2417, actual label: 0, predicted: 0
iter: 20, sample_no: 495, actual label: 1, predicted: 0
iter: 21, sample_no: 804, actual label: 0, predicted: 0
iter: 22, sample_no: 1869, actual label: 0, predicted: 0
iter: 23, sample_no: 2657, actual label: 1, predicted: 1
iter: 24, sample_no: 3108, actual label: 0, predicted: 0
number of samples: 3425
AUC 0.9733143765818367
pos_get 1168
total recall stop_at 1.0
@@@ C - Repeat number: 2
@@@ D - common_header:  {'F3-boolean', 'F15-public', 'F71-chrism@apache.org', 'F3-int[]', 'F3-char[]', 'F105', 'F77', 'F41', 'F71-hossman@apache.org', 'F123', 'F15-private', 'F3-NA', 'F3-Path', 'F115', 'F71-markrmiller@apache.org', 'F71-rjernst@apache.org', 'F71-anshum@apache.org', 'F3-FileInputStream', 'F71-romseygeek@apache.org', 'F3-long', 'F126', 'F71-rmuir@apache.org', 'F117', 'F3-CharSequence', 'F101', 'F120', 'F71-shalin@apache.org', 'F72', 'F116', 'F104', 'F71-uschindler@apache.org', 'F15-protected', 'F71-jpountz@apache.org', 'F71-noble@apache.org', 'F3-CharStream', 'F22', 'F110', 'F71-erick@apache.org', 'category', 'F71-shaie@apache.org', 'F3-char', 'F3-Class', 'F68', 'F25', 'F3-Among[]', 'F71-mikemccand@apache.org', 'F3-ValueSource', 'F65', 'F3-String', 'F71-sarowe@apache.org', 'F71-simonw@apache.org', 'F71-yonik@apache.org', 'F71-ryan@apache.org', 'F3-int', 'F15-NA', 'F3-long[]'}
     F72            ...            F71-uschindler@apache.org
1   4679            ...                                    1
2   4679            ...                                    1
3  19865            ...                                    1

[3 rows x 55 columns]
;.;
        F72            ...              F71-uschindler@apache.org
0  0.035424            ...                                    1.0
1  0.035424            ...                                    1.0
2  0.747947            ...                                    1.0

[3 rows x 55 columns]
training_x: (3259, 55)
training_y: 3259
testset_x: (3425, 55)
testset_y: 3425
              precision    recall  f1-score   support

           0       0.93      0.96      0.94      2257
           1       0.91      0.87      0.89      1168

    accuracy                           0.93      3425
   macro avg       0.92      0.91      0.92      3425
weighted avg       0.93      0.93      0.93      3425

accuracy: 0.9258394160583941
0.8887915936952714
@@@ tn: 2156, fp: 101, fn: 153, tp: 1015
@@@ LIME - Creating explainer
@@@ LIME - Random Sampling of Instances
iter: 0, sample_no: 1812, actual label: 0, predicted: 1
iter: 1, sample_no: 2148, actual label: 0, predicted: 0
iter: 2, sample_no: 2142, actual label: 0, predicted: 0
iter: 3, sample_no: 721, actual label: 1, predicted: 1
iter: 4, sample_no: 2343, actual label: 0, predicted: 0
iter: 5, sample_no: 1101, actual label: 0, predicted: 0
iter: 6, sample_no: 2615, actual label: 0, predicted: 0
iter: 7, sample_no: 64, actual label: 0, predicted: 0
iter: 8, sample_no: 549, actual label: 0, predicted: 0
iter: 9, sample_no: 1261, actual label: 0, predicted: 0
iter: 10, sample_no: 3391, actual label: 1, predicted: 1
iter: 11, sample_no: 2182, actual label: 0, predicted: 1
iter: 12, sample_no: 914, actual label: 0, predicted: 0
iter: 13, sample_no: 1502, actual label: 0, predicted: 0
iter: 14, sample_no: 2532, actual label: 0, predicted: 0
iter: 15, sample_no: 915, actual label: 0, predicted: 0
iter: 16, sample_no: 2854, actual label: 0, predicted: 0
iter: 17, sample_no: 3270, actual label: 1, predicted: 1
iter: 18, sample_no: 2696, actual label: 1, predicted: 1
iter: 19, sample_no: 2681, actual label: 1, predicted: 0
iter: 20, sample_no: 708, actual label: 0, predicted: 0
iter: 21, sample_no: 2773, actual label: 0, predicted: 0
iter: 22, sample_no: 1626, actual label: 0, predicted: 0
iter: 23, sample_no: 516, actual label: 0, predicted: 0
iter: 24, sample_no: 1182, actual label: 1, predicted: 1
number of samples: 3425
AUC 0.9733143765818367
pos_get 1168
total recall stop_at 1.0
@@@ C - Repeat number: 3
/Users/author1/anaconda3/lib/python3.6/site-packages/tensorflow/python/framework/dtypes.py:463: FutureWarning: Passing (type, 1) or '1type' as a synonym of type is deprecated; in a future version of numpy, it will be understood as (type, (1,)) / '(1,)type'.
  _np_qint8 = np.dtype([("qint8", np.int8, 1)])
/Users/author1/anaconda3/lib/python3.6/site-packages/tensorflow/python/framework/dtypes.py:464: FutureWarning: Passing (type, 1) or '1type' as a synonym of type is deprecated; in a future version of numpy, it will be understood as (type, (1,)) / '(1,)type'.
  _np_quint8 = np.dtype([("quint8", np.uint8, 1)])
/Users/author1/anaconda3/lib/python3.6/site-packages/tensorflow/python/framework/dtypes.py:465: FutureWarning: Passing (type, 1) or '1type' as a synonym of type is deprecated; in a future version of numpy, it will be understood as (type, (1,)) / '(1,)type'.
  _np_qint16 = np.dtype([("qint16", np.int16, 1)])
/Users/author1/anaconda3/lib/python3.6/site-packages/tensorflow/python/framework/dtypes.py:466: FutureWarning: Passing (type, 1) or '1type' as a synonym of type is deprecated; in a future version of numpy, it will be understood as (type, (1,)) / '(1,)type'.
  _np_quint16 = np.dtype([("quint16", np.uint16, 1)])
/Users/author1/anaconda3/lib/python3.6/site-packages/tensorflow/python/framework/dtypes.py:467: FutureWarning: Passing (type, 1) or '1type' as a synonym of type is deprecated; in a future version of numpy, it will be understood as (type, (1,)) / '(1,)type'.
  _np_qint32 = np.dtype([("qint32", np.int32, 1)])
Columns (0,3,4,5,6,7,8,9,10,11,12,13,14,15,16,17,18,19,20,21,22,23,24,25,26,27,28,29,30,31,32,33,34,35,36,37,38,39,40,41,42,43,44,45,46,47,48,49,50,51,52,53,54,55,56,57,58,59,60,61,62,63,64,65,66,67,68,69,70,71,72,73,74,75,76,77,78,79,80,81,82,83,84,85,86,87,88,89,90,91,92,93,94,95,96,97,98,99,100,101,102,103,104,105,106,107,108,109,110,111,112,113,114,115,116,117,118,119,120,121,122,123,124,125,126,127,128,129,130,131,132,133,134,135,136,137,138,139,140,141,142,143,144,145,146,147,148,149,150,151,152,153,154,155,156,157,158,159,160,161,162,163,164,165,166,167,168,169,170,171,172,173,174,175,176,177,178,179,180,181,182,183,184,185,186,187,188,189,190,191,192,193,194,195,196,197,198,199,200,201,202,203,204,205,206,207,208,209,210,211,212,213,214,215,216,217,218,219,220,221,222,223,224,225,226,227,228,229,230,231,232,233,234,235,236,237,238,239,240,241,242,243,244,245,246,247,248,249,250,251,252,253,254,255,256,257,258,259,260,261,262,263,264,265,266,267,268,269,270,271,272,273,274,275,276,277,278,279,280,282,284,285,286,287,288,289,290,291,292,293,294,295,296,297,298,299,300,301,302,303,304,305,306,307,308,309,310,311,312,313,314,315,316,317,318,319,320,321,322,323,324,325,326,327,328,329,330,331,332,333,334,335,336,337,338,339,340,341,342,343,344,345,346,347,348,349,350,351,352,353) have mixed types. Specify dtype option on import or set low_memory=False.
Columns (0,3,4,5,6,7,8,9,10,11,12,13,14,15,16,17,18,19,20,21,22,23,24,25,26,27,28,29,30,31,32,33,34,35,36,37,38,39,40,41,42,43,44,45,46,47,48,49,50,51,52,53,54,55,56,57,58,59,60,61,62,63,64,65,66,67,68,69,70,71,72,73,74,75,76,77,78,79,80,81,82,83,84,85,86,87,88,89,90,91,92,93,94,95,96,97,98,99,100,101,102,103,104,105,106,107,108,109,110,111,112,113,114,115,116,117,118,119,120,121,122,123,124,125,126,127,128,129,130,131,132,133,134,135,136,137,138,139,140,141,142,143,144,145,146,147,148,149,150,151,152,153,154,155,156,157,158,159,160,161,162,163,164,165,166,167,168,169,170,171,172,173,174,175,176,177,178,179,180,181,182,183,184,185,186,187,188,189,190,191,192,193,194,195,196,197,198,199,200,201,202,203,204,205,206,207,208,209,210,211,212,213,214,215,216,217,218,219,220,221,222,223,224,225,226,227,228,229,230,231,232,233,234,235,236,237,238,239,240,241,242,243,244,245,246,247,248,249,250,251,252,253,254,255,256,257,258,259,260,261,262,263,264,265,266,267,268,269,270,271,272,273,274,275,276,277,278,279,280,281,283,285,286,287,288,289,290,291,292,293,294,295,296,297,298,299,300,301,302,303,304,305,306,307,308,309,310,311,312,313,314,315,316,317,318,319,320,321,322,323,324,325,326,327,328,329,330,331,332,333,334,335,336,337,338,339,340,341,342,343,344,345,346,347,348,349,350,351,352,353,354) have mixed types. Specify dtype option on import or set low_memory=False.
Columns (0,3,4,5,6,7,8,9,10,11,12,13,14,15,16,17,18,19,20,21,22,23,24,25,26,27,28,29,30,31,32,33,34,35,36,37,38,39,40,41,42,43,44,45,46,47,48,49,50,51,52,53,54,55,56,57,58,59,60,61,62,63,64,65,66,67,68,69,70,71,72,73,74,75,76,77,78,79,80,81,82,83,84,85,86,87,88,89,90,91,92,93,94,95,96,97,98,99,100,101,102,103,104,105,106,107,108,109,110,111,112,113,114,115,116,117,118,119,120,121,122,123,124,125,126,127,128,129,130,131,132,133,134,135,136,137,138,139,140,141,142,143,144,145,146,147,148,149,150,151,152,153,154,155,156,157,158,159,160,161,162,163,164,165,166,167,168,169,170,171,172,173,174,175,176,177,178,179,180,181,182,183,184,185,186,187,188,189,190,191,192,193,194,195,196,197,198,199,200,201,202,203,204,205,206,207,208,209,210,211,212,213,214,215,216,217,218,219,220,221,222,223,224,225,226,227,228,229,230,231,232,233,234,235,236,237,238,239,240,241,242,243,244,245,246,247,248,249,250,251,252,253,254,255,256,257,258,259,260,261,262,263,264,265,266,267,268,269,270,271,272,273,274,275,276,277,278,279,280,282,284,285,286,287,288,289,290,291,292,293,294,295,296,297,298,299,300,301,302,303,304,305,306,307,308,309,310,311,312,313,314,315,316,317,318,319,320,321,322,323,324,325,326,327,328,329,330,331,332,333,334,335,336,337,338,339,340,341,342,343,344,345,346,347,348,349,350,351,352,353) have mixed types. Specify dtype option on import or set low_memory=False.
Columns (0,3,4,5,6,7,8,9,10,11,12,13,14,15,16,17,18,19,20,21,22,23,24,25,26,27,28,29,30,31,32,33,34,35,36,37,38,39,40,41,42,43,44,45,46,47,48,49,50,51,52,53,54,55,56,57,58,59,60,61,62,63,64,65,66,67,68,69,70,71,72,73,74,75,76,77,78,79,80,81,82,83,84,85,86,87,88,89,90,91,92,93,94,95,96,97,98,99,100,101,102,103,104,105,106,107,108,109,110,111,112,113,114,115,116,117,118,119,120,121,122,123,124,125,126,127,128,129,130,131,132,133,134,135,136,137,138,139,140,141,142,143,144,145,146,147,148,149,150,151,152,153,154,155,156,157,158,159,160,161,162,163,164,165,166,167,168,169,170,171,172,173,174,175,176,177,178,179,180,181,182,183,184,185,186,187,188,189,190,191,192,193,194,195,196,197,198,199,200,201,202,203,204,205,206,207,208,209,210,211,212,213,214,215,216,217,218,219,220,221,222,223,224,225,226,227,228,229,230,231,232,233,234,235,236,237,238,239,240,241,242,243,244,245,246,247,248,249,250,251,252,253,254,255,256,257,258,259,260,261,262,263,264,265,266,267,268,269,270,271,272,273,274,275,276,277,278,279,280,281,283,285,286,287,288,289,290,291,292,293,294,295,296,297,298,299,300,301,302,303,304,305,306,307,308,309,310,311,312,313,314,315,316,317,318,319,320,321,322,323,324,325,326,327,328,329,330,331,332,333,334,335,336,337,338,339,340,341,342,343,344,345,346,347,348,349,350,351,352,353,354) have mixed types. Specify dtype option on import or set low_memory=False.
Columns (0,3,4,5,6,7,8,9,10,11,12,13,14,15,16,17,18,19,20,21,22,23,24,25,26,27,28,29,30,31,32,33,34,35,36,37,38,39,40,41,42,43,44,45,46,47,48,49,50,51,52,53,54,55,56,57,58,59,60,61,62,63,64,65,66,67,68,69,70,71,72,73,74,75,76,77,78,79,80,81,82,83,84,85,86,87,88,89,90,91,92,93,94,95,96,97,98,99,100,101,102,103,104,105,106,107,108,109,110,111,112,113,114,115,116,117,118,119,120,121,122,123,124,125,126,127,128,129,130,131,132,133,134,135,136,137,138,139,140,141,142,143,144,145,146,147,148,149,150,151,152,153,154,155,156,157,158,159,160,161,162,163,164,165,166,167,168,169,170,171,172,173,174,175,176,177,178,179,180,181,182,183,184,185,186,187,188,189,190,191,192,193,194,195,196,197,198,199,200,201,202,203,204,205,206,207,208,209,210,211,212,213,214,215,216,217,218,219,220,221,222,223,224,225,226,227,228,229,230,231,232,233,234,235,236,237,238,239,240,241,242,243,244,245,246,247,248,249,250,251,252,253,254,255,256,257,258,259,260,261,262,263,264,265,266,267,268,269,270,271,272,273,274,275,276,277,278,279,280,282,284,285,286,287,288,289,290,291,292,293,294,295,296,297,298,299,300,301,302,303,304,305,306,307,308,309,310,311,312,313,314,315,316,317,318,319,320,321,322,323,324,325,326,327,328,329,330,331,332,333,334,335,336,337,338,339,340,341,342,343,344,345,346,347,348,349,350,351,352,353) have mixed types. Specify dtype option on import or set low_memory=False.
@@@ D - common_header:  {'F3-boolean', 'F15-public', 'F71-chrism@apache.org', 'F3-int[]', 'F3-char[]', 'F105', 'F77', 'F41', 'F71-hossman@apache.org', 'F123', 'F15-private', 'F3-NA', 'F3-Path', 'F115', 'F71-markrmiller@apache.org', 'F71-rjernst@apache.org', 'F71-anshum@apache.org', 'F3-FileInputStream', 'F71-romseygeek@apache.org', 'F3-long', 'F126', 'F71-rmuir@apache.org', 'F117', 'F3-CharSequence', 'F101', 'F120', 'F71-shalin@apache.org', 'F72', 'F116', 'F104', 'F71-uschindler@apache.org', 'F15-protected', 'F71-jpountz@apache.org', 'F71-noble@apache.org', 'F3-CharStream', 'F22', 'F110', 'F71-erick@apache.org', 'category', 'F71-shaie@apache.org', 'F3-char', 'F3-Class', 'F68', 'F25', 'F3-Among[]', 'F71-mikemccand@apache.org', 'F3-ValueSource', 'F65', 'F3-String', 'F71-sarowe@apache.org', 'F71-simonw@apache.org', 'F71-yonik@apache.org', 'F71-ryan@apache.org', 'F3-int', 'F15-NA', 'F3-long[]'}
     F72            ...            F71-uschindler@apache.org
1   4679            ...                                    1
2   4679            ...                                    1
3  19865            ...                                    1

[3 rows x 55 columns]
;.;
        F72            ...              F71-uschindler@apache.org
0  0.035424            ...                                    1.0
1  0.035424            ...                                    1.0
2  0.747947            ...                                    1.0

[3 rows x 55 columns]
training_x: (3259, 55)
training_y: 3259
testset_x: (3425, 55)
testset_y: 3425
              precision    recall  f1-score   support

           0       0.93      0.96      0.94      2257
           1       0.91      0.87      0.89      1168

    accuracy                           0.93      3425
   macro avg       0.92      0.91      0.92      3425
weighted avg       0.93      0.93      0.93      3425

accuracy: 0.9258394160583941
0.8887915936952714
@@@ tn: 2156, fp: 101, fn: 153, tp: 1015
@@@ LIME - Creating explainer
@@@ LIME - Random Sampling of Instances
iter: 0, sample_no: 3019, actual label: 1, predicted: 0
iter: 1, sample_no: 2952, actual label: 0, predicted: 0
iter: 2, sample_no: 296, actual label: 1, predicted: 1
iter: 3, sample_no: 2761, actual label: 0, predicted: 0
iter: 4, sample_no: 2738, actual label: 0, predicted: 0
iter: 5, sample_no: 802, actual label: 0, predicted: 0
iter: 6, sample_no: 123, actual label: 1, predicted: 1
iter: 7, sample_no: 173, actual label: 0, predicted: 0
iter: 8, sample_no: 764, actual label: 1, predicted: 1
iter: 9, sample_no: 2596, actual label: 0, predicted: 1
iter: 10, sample_no: 217, actual label: 1, predicted: 1
iter: 11, sample_no: 3247, actual label: 1, predicted: 1
iter: 12, sample_no: 1060, actual label: 0, predicted: 0
iter: 13, sample_no: 1024, actual label: 0, predicted: 0
iter: 14, sample_no: 1819, actual label: 0, predicted: 1
iter: 15, sample_no: 79, actual label: 1, predicted: 1
iter: 16, sample_no: 1434, actual label: 1, predicted: 1
iter: 17, sample_no: 3044, actual label: 0, predicted: 0
iter: 18, sample_no: 1159, actual label: 1, predicted: 0
iter: 19, sample_no: 571, actual label: 0, predicted: 0
iter: 20, sample_no: 2631, actual label: 1, predicted: 1
iter: 21, sample_no: 139, actual label: 0, predicted: 0
iter: 22, sample_no: 249, actual label: 1, predicted: 1
iter: 23, sample_no: 1387, actual label: 0, predicted: 0
iter: 24, sample_no: 740, actual label: 0, predicted: 0
number of samples: 3425
AUC 0.9733143765818367
pos_get 1168
total recall stop_at 1.0
@@@ C - Repeat number: 4
@@@ D - common_header:  {'F3-boolean', 'F15-public', 'F71-chrism@apache.org', 'F3-int[]', 'F3-char[]', 'F105', 'F77', 'F41', 'F71-hossman@apache.org', 'F123', 'F15-private', 'F3-NA', 'F3-Path', 'F115', 'F71-markrmiller@apache.org', 'F71-rjernst@apache.org', 'F71-anshum@apache.org', 'F3-FileInputStream', 'F71-romseygeek@apache.org', 'F3-long', 'F126', 'F71-rmuir@apache.org', 'F117', 'F3-CharSequence', 'F101', 'F120', 'F71-shalin@apache.org', 'F72', 'F116', 'F104', 'F71-uschindler@apache.org', 'F15-protected', 'F71-jpountz@apache.org', 'F71-noble@apache.org', 'F3-CharStream', 'F22', 'F110', 'F71-erick@apache.org', 'category', 'F71-shaie@apache.org', 'F3-char', 'F3-Class', 'F68', 'F25', 'F3-Among[]', 'F71-mikemccand@apache.org', 'F3-ValueSource', 'F65', 'F3-String', 'F71-sarowe@apache.org', 'F71-simonw@apache.org', 'F71-yonik@apache.org', 'F71-ryan@apache.org', 'F3-int', 'F15-NA', 'F3-long[]'}
     F72            ...            F71-uschindler@apache.org
1   4679            ...                                    1
2   4679            ...                                    1
3  19865            ...                                    1

[3 rows x 55 columns]
;.;
        F72            ...              F71-uschindler@apache.org
0  0.035424            ...                                    1.0
1  0.035424            ...                                    1.0
2  0.747947            ...                                    1.0

[3 rows x 55 columns]
training_x: (3259, 55)
training_y: 3259
testset_x: (3425, 55)
testset_y: 3425
              precision    recall  f1-score   support

           0       0.93      0.96      0.94      2257
           1       0.91      0.87      0.89      1168

    accuracy                           0.93      3425
   macro avg       0.92      0.91      0.92      3425
weighted avg       0.93      0.93      0.93      3425

accuracy: 0.9258394160583941
0.8887915936952714
@@@ tn: 2156, fp: 101, fn: 153, tp: 1015
@@@ LIME - Creating explainer
@@@ LIME - Random Sampling of Instances
iter: 0, sample_no: 3261, actual label: 1, predicted: 1
iter: 1, sample_no: 710, actual label: 0, predicted: 0
iter: 2, sample_no: 2399, actual label: 1, predicted: 1
iter: 3, sample_no: 3131, actual label: 0, predicted: 0
iter: 4, sample_no: 775, actual label: 0, predicted: 0
iter: 5, sample_no: 2600, actual label: 0, predicted: 1
iter: 6, sample_no: 196, actual label: 1, predicted: 1
iter: 7, sample_no: 220, actual label: 1, predicted: 1
iter: 8, sample_no: 320, actual label: 0, predicted: 0
iter: 9, sample_no: 2950, actual label: 0, predicted: 0
iter: 10, sample_no: 872, actual label: 0, predicted: 0
iter: 11, sample_no: 2831, actual label: 0, predicted: 0
iter: 12, sample_no: 2715, actual label: 0, predicted: 0
iter: 13, sample_no: 2810, actual label: 0, predicted: 1
iter: 14, sample_no: 2394, actual label: 0, predicted: 0
iter: 15, sample_no: 1121, actual label: 1, predicted: 1
iter: 16, sample_no: 739, actual label: 0, predicted: 0
iter: 17, sample_no: 961, actual label: 0, predicted: 0
iter: 18, sample_no: 643, actual label: 0, predicted: 0
iter: 19, sample_no: 1621, actual label: 1, predicted: 1
iter: 20, sample_no: 566, actual label: 0, predicted: 0
iter: 21, sample_no: 391, actual label: 1, predicted: 1
iter: 22, sample_no: 2639, actual label: 1, predicted: 1
iter: 23, sample_no: 2207, actual label: 0, predicted: 0
iter: 24, sample_no: 3118, actual label: 1, predicted: 1
number of samples: 3425
AUC 0.9733143765818367
pos_get 1168
total recall stop_at 1.0
@@@ C - Repeat number: 5
@@@ D - common_header:  {'F3-boolean', 'F15-public', 'F71-chrism@apache.org', 'F3-int[]', 'F3-char[]', 'F105', 'F77', 'F41', 'F71-hossman@apache.org', 'F123', 'F15-private', 'F3-NA', 'F3-Path', 'F115', 'F71-markrmiller@apache.org', 'F71-rjernst@apache.org', 'F71-anshum@apache.org', 'F3-FileInputStream', 'F71-romseygeek@apache.org', 'F3-long', 'F126', 'F71-rmuir@apache.org', 'F117', 'F3-CharSequence', 'F101', 'F120', 'F71-shalin@apache.org', 'F72', 'F116', 'F104', 'F71-uschindler@apache.org', 'F15-protected', 'F71-jpountz@apache.org', 'F71-noble@apache.org', 'F3-CharStream', 'F22', 'F110', 'F71-erick@apache.org', 'category', 'F71-shaie@apache.org', 'F3-char', 'F3-Class', 'F68', 'F25', 'F3-Among[]', 'F71-mikemccand@apache.org', 'F3-ValueSource', 'F65', 'F3-String', 'F71-sarowe@apache.org', 'F71-simonw@apache.org', 'F71-yonik@apache.org', 'F71-ryan@apache.org', 'F3-int', 'F15-NA', 'F3-long[]'}
     F72            ...            F71-uschindler@apache.org
1   4679            ...                                    1
2   4679            ...                                    1
3  19865            ...                                    1

[3 rows x 55 columns]
;.;
        F72            ...              F71-uschindler@apache.org
0  0.035424            ...                                    1.0
1  0.035424            ...                                    1.0
2  0.747947            ...                                    1.0

[3 rows x 55 columns]
training_x: (3259, 55)
training_y: 3259
testset_x: (3425, 55)
testset_y: 3425
              precision    recall  f1-score   support

           0       0.93      0.96      0.94      2257
           1       0.91      0.87      0.89      1168

    accuracy                           0.93      3425
   macro avg       0.92      0.91      0.92      3425
weighted avg       0.93      0.93      0.93      3425

accuracy: 0.9258394160583941
0.8887915936952714
@@@ tn: 2156, fp: 101, fn: 153, tp: 1015
@@@ LIME - Creating explainer
@@@ LIME - Random Sampling of Instances
iter: 0, sample_no: 1159, actual label: 1, predicted: 0
iter: 1, sample_no: 1257, actual label: 0, predicted: 0
iter: 2, sample_no: 3117, actual label: 0, predicted: 0
iter: 3, sample_no: 351, actual label: 1, predicted: 1
iter: 4, sample_no: 2127, actual label: 0, predicted: 0
iter: 5, sample_no: 826, actual label: 1, predicted: 1
iter: 6, sample_no: 509, actual label: 0, predicted: 0
iter: 7, sample_no: 2766, actual label: 1, predicted: 1
iter: 8, sample_no: 1675, actual label: 0, predicted: 0
iter: 9, sample_no: 418, actual label: 1, predicted: 1
iter: 10, sample_no: 2903, actual label: 1, predicted: 1
iter: 11, sample_no: 1818, actual label: 0, predicted: 0
iter: 12, sample_no: 1710, actual label: 0, predicted: 0
iter: 13, sample_no: 2388, actual label: 0, predicted: 0
iter: 14, sample_no: 2054, actual label: 0, predicted: 0
iter: 15, sample_no: 2774, actual label: 0, predicted: 0
iter: 16, sample_no: 883, actual label: 0, predicted: 0
iter: 17, sample_no: 2264, actual label: 1, predicted: 1
iter: 18, sample_no: 2055, actual label: 0, predicted: 0
iter: 19, sample_no: 814, actual label: 0, predicted: 0
iter: 20, sample_no: 1867, actual label: 0, predicted: 0
iter: 21, sample_no: 2772, actual label: 1, predicted: 0
iter: 22, sample_no: 1193, actual label: 0, predicted: 0
iter: 23, sample_no: 1699, actual label: 0, predicted: 0
iter: 24, sample_no: 1467, actual label: 0, predicted: 0
number of samples: 3425
AUC 0.9733143765818367
pos_get 1168
total recall stop_at 1.0
@@@ C - Repeat number: 6
Columns (0,3,4,5,6,7,8,9,10,11,12,13,14,15,16,17,18,19,20,21,22,23,24,25,26,27,28,29,30,31,32,33,34,35,36,37,38,39,40,41,42,43,44,45,46,47,48,49,50,51,52,53,54,55,56,57,58,59,60,61,62,63,64,65,66,67,68,69,70,71,72,73,74,75,76,77,78,79,80,81,82,83,84,85,86,87,88,89,90,91,92,93,94,95,96,97,98,99,100,101,102,103,104,105,106,107,108,109,110,111,112,113,114,115,116,117,118,119,120,121,122,123,124,125,126,127,128,129,130,131,132,133,134,135,136,137,138,139,140,141,142,143,144,145,146,147,148,149,150,151,152,153,154,155,156,157,158,159,160,161,162,163,164,165,166,167,168,169,170,171,172,173,174,175,176,177,178,179,180,181,182,183,184,185,186,187,188,189,190,191,192,193,194,195,196,197,198,199,200,201,202,203,204,205,206,207,208,209,210,211,212,213,214,215,216,217,218,219,220,221,222,223,224,225,226,227,228,229,230,231,232,233,234,235,236,237,238,239,240,241,242,243,244,245,246,247,248,249,250,251,252,253,254,255,256,257,258,259,260,261,262,263,264,265,266,267,268,269,270,271,272,273,274,275,276,277,278,279,280,281,283,285,286,287,288,289,290,291,292,293,294,295,296,297,298,299,300,301,302,303,304,305,306,307,308,309,310,311,312,313,314,315,316,317,318,319,320,321,322,323,324,325,326,327,328,329,330,331,332,333,334,335,336,337,338,339,340,341,342,343,344,345,346,347,348,349,350,351,352,353,354) have mixed types. Specify dtype option on import or set low_memory=False.
Columns (0,3,4,5,6,7,8,9,10,11,12,13,14,15,16,17,18,19,20,21,22,23,24,25,26,27,28,29,30,31,32,33,34,35,36,37,38,39,40,41,42,43,44,45,46,47,48,49,50,51,52,53,54,55,56,57,58,59,60,61,62,63,64,65,66,67,68,69,70,71,72,73,74,75,76,77,78,79,80,81,82,83,84,85,86,87,88,89,90,91,92,93,94,95,96,97,98,99,100,101,102,103,104,105,106,107,108,109,110,111,112,113,114,115,116,117,118,119,120,121,122,123,124,125,126,127,128,129,130,131,132,133,134,135,136,137,138,139,140,141,142,143,144,145,146,147,148,149,150,151,152,153,154,155,156,157,158,159,160,161,162,163,164,165,166,167,168,169,170,171,172,173,174,175,176,177,178,179,180,181,182,183,184,185,186,187,188,189,190,191,192,193,194,195,196,197,198,199,200,201,202,203,204,205,206,207,208,209,210,211,212,213,214,215,216,217,218,219,220,221,222,223,224,225,226,227,228,229,230,231,232,233,234,235,236,237,238,239,240,241,242,243,244,245,246,247,248,249,250,251,252,253,254,255,256,257,258,259,260,261,262,263,264,265,266,267,268,269,270,271,272,273,274,275,276,277,278,279,280,282,284,285,286,287,288,289,290,291,292,293,294,295,296,297,298,299,300,301,302,303,304,305,306,307,308,309,310,311,312,313,314,315,316,317,318,319,320,321,322,323,324,325,326,327,328,329,330,331,332,333,334,335,336,337,338,339,340,341,342,343,344,345,346,347,348,349,350,351,352,353) have mixed types. Specify dtype option on import or set low_memory=False.
Columns (0,3,4,5,6,7,8,9,10,11,12,13,14,15,16,17,18,19,20,21,22,23,24,25,26,27,28,29,30,31,32,33,34,35,36,37,38,39,40,41,42,43,44,45,46,47,48,49,50,51,52,53,54,55,56,57,58,59,60,61,62,63,64,65,66,67,68,69,70,71,72,73,74,75,76,77,78,79,80,81,82,83,84,85,86,87,88,89,90,91,92,93,94,95,96,97,98,99,100,101,102,103,104,105,106,107,108,109,110,111,112,113,114,115,116,117,118,119,120,121,122,123,124,125,126,127,128,129,130,131,132,133,134,135,136,137,138,139,140,141,142,143,144,145,146,147,148,149,150,151,152,153,154,155,156,157,158,159,160,161,162,163,164,165,166,167,168,169,170,171,172,173,174,175,176,177,178,179,180,181,182,183,184,185,186,187,188,189,190,191,192,193,194,195,196,197,198,199,200,201,202,203,204,205,206,207,208,209,210,211,212,213,214,215,216,217,218,219,220,221,222,223,224,225,226,227,228,229,230,231,232,233,234,235,236,237,238,239,240,241,242,243,244,245,246,247,248,249,250,251,252,253,254,255,256,257,258,259,260,261,262,263,264,265,266,267,268,269,270,271,272,273,274,275,276,277,278,279,280,281,283,285,286,287,288,289,290,291,292,293,294,295,296,297,298,299,300,301,302,303,304,305,306,307,308,309,310,311,312,313,314,315,316,317,318,319,320,321,322,323,324,325,326,327,328,329,330,331,332,333,334,335,336,337,338,339,340,341,342,343,344,345,346,347,348,349,350,351,352,353,354) have mixed types. Specify dtype option on import or set low_memory=False.
Columns (0,3,4,5,6,7,8,9,10,11,12,13,14,15,16,17,18,19,20,21,22,23,24,25,26,27,28,29,30,31,32,33,34,35,36,37,38,39,40,41,42,43,44,45,46,47,48,49,50,51,52,53,54,55,56,57,58,59,60,61,62,63,64,65,66,67,68,69,70,71,72,73,74,75,76,77,78,79,80,81,82,83,84,85,86,87,88,89,90,91,92,93,94,95,96,97,98,99,100,101,102,103,104,105,106,107,108,109,110,111,112,113,114,115,116,117,118,119,120,121,122,123,124,125,126,127,128,129,130,131,132,133,134,135,136,137,138,139,140,141,142,143,144,145,146,147,148,149,150,151,152,153,154,155,156,157,158,159,160,161,162,163,164,165,166,167,168,169,170,171,172,173,174,175,176,177,178,179,180,181,182,183,184,185,186,187,188,189,190,191,192,193,194,195,196,197,198,199,200,201,202,203,204,205,206,207,208,209,210,211,212,213,214,215,216,217,218,219,220,221,222,223,224,225,226,227,228,229,230,231,232,233,234,235,236,237,238,239,240,241,242,243,244,245,246,247,248,249,250,251,252,253,254,255,256,257,258,259,260,261,262,263,264,265,266,267,268,269,270,271,272,273,274,275,276,277,278,279,280,282,284,285,286,287,288,289,290,291,292,293,294,295,296,297,298,299,300,301,302,303,304,305,306,307,308,309,310,311,312,313,314,315,316,317,318,319,320,321,322,323,324,325,326,327,328,329,330,331,332,333,334,335,336,337,338,339,340,341,342,343,344,345,346,347,348,349,350,351,352,353) have mixed types. Specify dtype option on import or set low_memory=False.
Columns (0,3,4,5,6,7,8,9,10,11,12,13,14,15,16,17,18,19,20,21,22,23,24,25,26,27,28,29,30,31,32,33,34,35,36,37,38,39,40,41,42,43,44,45,46,47,48,49,50,51,52,53,54,55,56,57,58,59,60,61,62,63,64,65,66,67,68,69,70,71,72,73,74,75,76,77,78,79,80,81,82,83,84,85,86,87,88,89,90,91,92,93,94,95,96,97,98,99,100,101,102,103,104,105,106,107,108,109,110,111,112,113,114,115,116,117,118,119,120,121,122,123,124,125,126,127,128,129,130,131,132,133,134,135,136,137,138,139,140,141,142,143,144,145,146,147,148,149,150,151,152,153,154,155,156,157,158,159,160,161,162,163,164,165,166,167,168,169,170,171,172,173,174,175,176,177,178,179,180,181,182,183,184,185,186,187,188,189,190,191,192,193,194,195,196,197,198,199,200,201,202,203,204,205,206,207,208,209,210,211,212,213,214,215,216,217,218,219,220,221,222,223,224,225,226,227,228,229,230,231,232,233,234,235,236,237,238,239,240,241,242,243,244,245,246,247,248,249,250,251,252,253,254,255,256,257,258,259,260,261,262,263,264,265,266,267,268,269,270,271,272,273,274,275,276,277,278,279,280,281,283,285,286,287,288,289,290,291,292,293,294,295,296,297,298,299,300,301,302,303,304,305,306,307,308,309,310,311,312,313,314,315,316,317,318,319,320,321,322,323,324,325,326,327,328,329,330,331,332,333,334,335,336,337,338,339,340,341,342,343,344,345,346,347,348,349,350,351,352,353,354) have mixed types. Specify dtype option on import or set low_memory=False.
Columns (0,3,4,5,6,7,8,9,10,11,12,13,14,15,16,17,18,19,20,21,22,23,24,25,26,27,28,29,30,31,32,33,34,35,36,37,38,39,40,41,42,43,44,45,46,47,48,49,50,51,52,53,54,55,56,57,58,59,60,61,62,63,64,65,66,67,68,69,70,71,72,73,74,75,76,77,78,79,80,81,82,83,84,85,86,87,88,89,90,91,92,93,94,95,96,97,98,99,100,101,102,103,104,105,106,107,108,109,110,111,112,113,114,115,116,117,118,119,120,121,122,123,124,125,126,127,128,129,130,131,132,133,134,135,136,137,138,139,140,141,142,143,144,145,146,147,148,149,150,151,152,153,154,155,156,157,158,159,160,161,162,163,164,165,166,167,168,169,170,171,172,173,174,175,176,177,178,179,180,181,182,183,184,185,186,187,188,189,190,191,192,193,194,195,196,197,198,199,200,201,202,203,204,205,206,207,208,209,210,211,212,213,214,215,216,217,218,219,220,221,222,223,224,225,226,227,228,229,230,231,232,233,234,235,236,237,238,239,240,241,242,243,244,245,246,247,248,249,250,251,252,253,254,255,256,257,258,259,260,261,262,263,264,265,266,267,268,269,270,271,272,273,274,275,276,277,278,279,280,282,284,285,286,287,288,289,290,291,292,293,294,295,296,297,298,299,300,301,302,303,304,305,306,307,308,309,310,311,312,313,314,315,316,317,318,319,320,321,322,323,324,325,326,327,328,329,330,331,332,333,334,335,336,337,338,339,340,341,342,343,344,345,346,347,348,349,350,351,352,353) have mixed types. Specify dtype option on import or set low_memory=False.
@@@ D - common_header:  {'F3-boolean', 'F15-public', 'F71-chrism@apache.org', 'F3-int[]', 'F3-char[]', 'F105', 'F77', 'F41', 'F71-hossman@apache.org', 'F123', 'F15-private', 'F3-NA', 'F3-Path', 'F115', 'F71-markrmiller@apache.org', 'F71-rjernst@apache.org', 'F71-anshum@apache.org', 'F3-FileInputStream', 'F71-romseygeek@apache.org', 'F3-long', 'F126', 'F71-rmuir@apache.org', 'F117', 'F3-CharSequence', 'F101', 'F120', 'F71-shalin@apache.org', 'F72', 'F116', 'F104', 'F71-uschindler@apache.org', 'F15-protected', 'F71-jpountz@apache.org', 'F71-noble@apache.org', 'F3-CharStream', 'F22', 'F110', 'F71-erick@apache.org', 'category', 'F71-shaie@apache.org', 'F3-char', 'F3-Class', 'F68', 'F25', 'F3-Among[]', 'F71-mikemccand@apache.org', 'F3-ValueSource', 'F65', 'F3-String', 'F71-sarowe@apache.org', 'F71-simonw@apache.org', 'F71-yonik@apache.org', 'F71-ryan@apache.org', 'F3-int', 'F15-NA', 'F3-long[]'}
     F72            ...            F71-uschindler@apache.org
1   4679            ...                                    1
2   4679            ...                                    1
3  19865            ...                                    1

[3 rows x 55 columns]
;.;
        F72            ...              F71-uschindler@apache.org
0  0.035424            ...                                    1.0
1  0.035424            ...                                    1.0
2  0.747947            ...                                    1.0

[3 rows x 55 columns]
training_x: (3259, 55)
training_y: 3259
testset_x: (3425, 55)
testset_y: 3425
              precision    recall  f1-score   support

           0       0.93      0.96      0.94      2257
           1       0.91      0.87      0.89      1168

    accuracy                           0.93      3425
   macro avg       0.92      0.91      0.92      3425
weighted avg       0.93      0.93      0.93      3425

accuracy: 0.9258394160583941
0.8887915936952714
@@@ tn: 2156, fp: 101, fn: 153, tp: 1015
@@@ LIME - Creating explainer
@@@ LIME - Random Sampling of Instances
iter: 0, sample_no: 2611, actual label: 0, predicted: 0
iter: 1, sample_no: 392, actual label: 1, predicted: 1
iter: 2, sample_no: 1214, actual label: 0, predicted: 0
iter: 3, sample_no: 2836, actual label: 0, predicted: 0
iter: 4, sample_no: 789, actual label: 1, predicted: 1
iter: 5, sample_no: 1448, actual label: 0, predicted: 0
iter: 6, sample_no: 940, actual label: 0, predicted: 0
iter: 7, sample_no: 1971, actual label: 1, predicted: 1
iter: 8, sample_no: 1156, actual label: 0, predicted: 0
iter: 9, sample_no: 2579, actual label: 0, predicted: 0
iter: 10, sample_no: 875, actual label: 0, predicted: 0
iter: 11, sample_no: 2037, actual label: 0, predicted: 0
iter: 12, sample_no: 424, actual label: 1, predicted: 0
iter: 13, sample_no: 700, actual label: 1, predicted: 1
iter: 14, sample_no: 2507, actual label: 0, predicted: 0
iter: 15, sample_no: 1715, actual label: 0, predicted: 0
iter: 16, sample_no: 2083, actual label: 0, predicted: 0
iter: 17, sample_no: 1198, actual label: 0, predicted: 0
iter: 18, sample_no: 1023, actual label: 0, predicted: 0
iter: 19, sample_no: 2139, actual label: 0, predicted: 0
iter: 20, sample_no: 1254, actual label: 1, predicted: 0
iter: 21, sample_no: 573, actual label: 0, predicted: 0
iter: 22, sample_no: 455, actual label: 0, predicted: 0
iter: 23, sample_no: 638, actual label: 0, predicted: 0
iter: 24, sample_no: 1414, actual label: 1, predicted: 1
number of samples: 3425
AUC 0.9733143765818367
pos_get 1168
total recall stop_at 1.0
@@@ C - Repeat number: 7
@@@ D - common_header:  {'F3-boolean', 'F15-public', 'F71-chrism@apache.org', 'F3-int[]', 'F3-char[]', 'F105', 'F77', 'F41', 'F71-hossman@apache.org', 'F123', 'F15-private', 'F3-NA', 'F3-Path', 'F115', 'F71-markrmiller@apache.org', 'F71-rjernst@apache.org', 'F71-anshum@apache.org', 'F3-FileInputStream', 'F71-romseygeek@apache.org', 'F3-long', 'F126', 'F71-rmuir@apache.org', 'F117', 'F3-CharSequence', 'F101', 'F120', 'F71-shalin@apache.org', 'F72', 'F116', 'F104', 'F71-uschindler@apache.org', 'F15-protected', 'F71-jpountz@apache.org', 'F71-noble@apache.org', 'F3-CharStream', 'F22', 'F110', 'F71-erick@apache.org', 'category', 'F71-shaie@apache.org', 'F3-char', 'F3-Class', 'F68', 'F25', 'F3-Among[]', 'F71-mikemccand@apache.org', 'F3-ValueSource', 'F65', 'F3-String', 'F71-sarowe@apache.org', 'F71-simonw@apache.org', 'F71-yonik@apache.org', 'F71-ryan@apache.org', 'F3-int', 'F15-NA', 'F3-long[]'}
     F72            ...            F71-uschindler@apache.org
1   4679            ...                                    1
2   4679            ...                                    1
3  19865            ...                                    1

[3 rows x 55 columns]
;.;
        F72            ...              F71-uschindler@apache.org
0  0.035424            ...                                    1.0
1  0.035424            ...                                    1.0
2  0.747947            ...                                    1.0

[3 rows x 55 columns]
training_x: (3259, 55)
training_y: 3259
testset_x: (3425, 55)
testset_y: 3425
              precision    recall  f1-score   support

           0       0.93      0.96      0.94      2257
           1       0.91      0.87      0.89      1168

    accuracy                           0.93      3425
   macro avg       0.92      0.91      0.92      3425
weighted avg       0.93      0.93      0.93      3425

accuracy: 0.9258394160583941
0.8887915936952714
@@@ tn: 2156, fp: 101, fn: 153, tp: 1015
@@@ LIME - Creating explainer
@@@ LIME - Random Sampling of Instances
iter: 0, sample_no: 426, actual label: 1, predicted: 1
iter: 1, sample_no: 3326, actual label: 1, predicted: 1
iter: 2, sample_no: 1605, actual label: 1, predicted: 1
iter: 3, sample_no: 1657, actual label: 0, predicted: 0
iter: 4, sample_no: 2767, actual label: 0, predicted: 0
iter: 5, sample_no: 968, actual label: 0, predicted: 0
iter: 6, sample_no: 1666, actual label: 0, predicted: 0
iter: 7, sample_no: 1635, actual label: 0, predicted: 0
iter: 8, sample_no: 259, actual label: 0, predicted: 0
iter: 9, sample_no: 2823, actual label: 0, predicted: 0
iter: 10, sample_no: 3204, actual label: 1, predicted: 0
iter: 11, sample_no: 1002, actual label: 0, predicted: 0
iter: 12, sample_no: 1620, actual label: 0, predicted: 0
iter: 13, sample_no: 3037, actual label: 0, predicted: 0
iter: 14, sample_no: 1535, actual label: 0, predicted: 0
iter: 15, sample_no: 1684, actual label: 0, predicted: 0
iter: 16, sample_no: 5, actual label: 0, predicted: 0
iter: 17, sample_no: 2144, actual label: 0, predicted: 1
iter: 18, sample_no: 3144, actual label: 0, predicted: 0
iter: 19, sample_no: 258, actual label: 0, predicted: 0
iter: 20, sample_no: 319, actual label: 0, predicted: 0
iter: 21, sample_no: 2752, actual label: 0, predicted: 0
iter: 22, sample_no: 741, actual label: 0, predicted: 1
iter: 23, sample_no: 2227, actual label: 0, predicted: 0
iter: 24, sample_no: 605, actual label: 1, predicted: 1
number of samples: 3425
AUC 0.9733143765818367
pos_get 1168
total recall stop_at 1.0
@@@ C - Repeat number: 8
@@@ D - common_header:  {'F3-boolean', 'F15-public', 'F71-chrism@apache.org', 'F3-int[]', 'F3-char[]', 'F105', 'F77', 'F41', 'F71-hossman@apache.org', 'F123', 'F15-private', 'F3-NA', 'F3-Path', 'F115', 'F71-markrmiller@apache.org', 'F71-rjernst@apache.org', 'F71-anshum@apache.org', 'F3-FileInputStream', 'F71-romseygeek@apache.org', 'F3-long', 'F126', 'F71-rmuir@apache.org', 'F117', 'F3-CharSequence', 'F101', 'F120', 'F71-shalin@apache.org', 'F72', 'F116', 'F104', 'F71-uschindler@apache.org', 'F15-protected', 'F71-jpountz@apache.org', 'F71-noble@apache.org', 'F3-CharStream', 'F22', 'F110', 'F71-erick@apache.org', 'category', 'F71-shaie@apache.org', 'F3-char', 'F3-Class', 'F68', 'F25', 'F3-Among[]', 'F71-mikemccand@apache.org', 'F3-ValueSource', 'F65', 'F3-String', 'F71-sarowe@apache.org', 'F71-simonw@apache.org', 'F71-yonik@apache.org', 'F71-ryan@apache.org', 'F3-int', 'F15-NA', 'F3-long[]'}
     F72            ...            F71-uschindler@apache.org
1   4679            ...                                    1
2   4679            ...                                    1
3  19865            ...                                    1

[3 rows x 55 columns]
;.;
        F72            ...              F71-uschindler@apache.org
0  0.035424            ...                                    1.0
1  0.035424            ...                                    1.0
2  0.747947            ...                                    1.0

[3 rows x 55 columns]
training_x: (3259, 55)
training_y: 3259
testset_x: (3425, 55)
testset_y: 3425
              precision    recall  f1-score   support

           0       0.93      0.96      0.94      2257
           1       0.91      0.87      0.89      1168

    accuracy                           0.93      3425
   macro avg       0.92      0.91      0.92      3425
weighted avg       0.93      0.93      0.93      3425

accuracy: 0.9258394160583941
0.8887915936952714
@@@ tn: 2156, fp: 101, fn: 153, tp: 1015
@@@ LIME - Creating explainer
@@@ LIME - Random Sampling of Instances
iter: 0, sample_no: 1712, actual label: 0, predicted: 0
iter: 1, sample_no: 1726, actual label: 0, predicted: 0
iter: 2, sample_no: 2543, actual label: 0, predicted: 0
iter: 3, sample_no: 3335, actual label: 1, predicted: 1
iter: 4, sample_no: 3175, actual label: 0, predicted: 0
iter: 5, sample_no: 2500, actual label: 0, predicted: 0
iter: 6, sample_no: 1922, actual label: 0, predicted: 0
iter: 7, sample_no: 2264, actual label: 1, predicted: 1
iter: 8, sample_no: 2601, actual label: 1, predicted: 0
iter: 9, sample_no: 2075, actual label: 0, predicted: 0
iter: 10, sample_no: 468, actual label: 0, predicted: 0
iter: 11, sample_no: 1424, actual label: 1, predicted: 1
iter: 12, sample_no: 147, actual label: 0, predicted: 0
iter: 13, sample_no: 979, actual label: 0, predicted: 0
iter: 14, sample_no: 1523, actual label: 0, predicted: 0
iter: 15, sample_no: 1898, actual label: 0, predicted: 0
iter: 16, sample_no: 2875, actual label: 1, predicted: 1
iter: 17, sample_no: 1722, actual label: 0, predicted: 0
iter: 18, sample_no: 1593, actual label: 1, predicted: 1
iter: 19, sample_no: 743, actual label: 1, predicted: 1
iter: 20, sample_no: 371, actual label: 1, predicted: 1
iter: 21, sample_no: 1708, actual label: 0, predicted: 0
iter: 22, sample_no: 1539, actual label: 0, predicted: 0
iter: 23, sample_no: 2892, actual label: 0, predicted: 0
iter: 24, sample_no: 2252, actual label: 0, predicted: 0
number of samples: 3425
AUC 0.9733143765818367
pos_get 1168
total recall stop_at 1.0
@@@ C - Repeat number: 9
Columns (0,3,4,5,6,7,8,9,10,11,12,13,14,15,16,17,18,19,20,21,22,23,24,25,26,27,28,29,30,31,32,33,34,35,36,37,38,39,40,41,42,43,44,45,46,47,48,49,50,51,52,53,54,55,56,57,58,59,60,61,62,63,64,65,66,67,68,69,70,71,72,73,74,75,76,77,78,79,80,81,82,83,84,85,86,87,88,89,90,91,92,93,94,95,96,97,98,99,100,101,102,103,104,105,106,107,108,109,110,111,112,113,114,115,116,117,118,119,120,121,122,123,124,125,126,127,128,129,130,131,132,133,134,135,136,137,138,139,140,141,142,143,144,145,146,147,148,149,150,151,152,153,154,155,156,157,158,159,160,161,162,163,164,165,166,167,168,169,170,171,172,173,174,175,176,177,178,179,180,181,182,183,184,185,186,187,188,189,190,191,192,193,194,195,196,197,198,199,200,201,202,203,204,205,206,207,208,209,210,211,212,213,214,215,216,217,218,219,220,221,222,223,224,225,226,227,228,229,230,231,232,233,234,235,236,237,238,239,240,241,242,243,244,245,246,247,248,249,250,251,252,253,254,255,256,257,258,259,260,261,262,263,264,265,266,267,268,269,270,271,272,273,274,275,276,277,278,279,280,281,283,285,286,287,288,289,290,291,292,293,294,295,296,297,298,299,300,301,302,303,304,305,306,307,308,309,310,311,312,313,314,315,316,317,318,319,320,321,322,323,324,325,326,327,328,329,330,331,332,333,334,335,336,337,338,339,340,341,342,343,344,345,346,347,348,349,350,351,352,353,354) have mixed types. Specify dtype option on import or set low_memory=False.
Columns (0,3,4,5,6,7,8,9,10,11,12,13,14,15,16,17,18,19,20,21,22,23,24,25,26,27,28,29,30,31,32,33,34,35,36,37,38,39,40,41,42,43,44,45,46,47,48,49,50,51,52,53,54,55,56,57,58,59,60,61,62,63,64,65,66,67,68,69,70,71,72,73,74,75,76,77,78,79,80,81,82,83,84,85,86,87,88,89,90,91,92,93,94,95,96,97,98,99,100,101,102,103,104,105,106,107,108,109,110,111,112,113,114,115,116,117,118,119,120,121,122,123,124,125,126,127,128,129,130,131,132,133,134,135,136,137,138,139,140,141,142,143,144,145,146,147,148,149,150,151,152,153,154,155,156,157,158,159,160,161,162,163,164,165,166,167,168,169,170,171,172,173,174,175,176,177,178,179,180,181,182,183,184,185,186,187,188,189,190,191,192,193,194,195,196,197,198,199,200,201,202,203,204,205,206,207,208,209,210,211,212,213,214,215,216,217,218,219,220,221,222,223,224,225,226,227,228,229,230,231,232,233,234,235,236,237,238,239,240,241,242,243,244,245,246,247,248,249,250,251,252,253,254,255,256,257,258,259,260,261,262,263,264,265,266,267,268,269,270,271,272,273,274,275,276,277,278,279,280,282,284,285,286,287,288,289,290,291,292,293,294,295,296,297,298,299,300,301,302,303,304,305,306,307,308,309,310,311,312,313,314,315,316,317,318,319,320,321,322,323,324,325,326,327,328,329,330,331,332,333,334,335,336,337,338,339,340,341,342,343,344,345,346,347,348,349,350,351,352,353) have mixed types. Specify dtype option on import or set low_memory=False.
Columns (0,3,4,5,6,7,8,9,10,11,12,13,14,15,16,17,18,19,20,21,22,23,24,25,26,27,28,29,30,31,32,33,34,35,36,37,38,39,40,41,42,43,44,45,46,47,48,49,50,51,52,53,54,55,56,57,58,59,60,61,62,63,64,65,66,67,68,69,70,71,72,73,74,75,76,77,78,79,80,81,82,83,84,85,86,87,88,89,90,91,92,93,94,95,96,97,98,99,100,101,102,103,104,105,106,107,108,109,110,111,112,113,114,115,116,117,118,119,120,121,122,123,124,125,126,127,128,129,130,131,132,133,134,135,136,137,138,139,140,141,142,143,144,145,146,147,148,149,150,151,152,153,154,155,156,157,158,159,160,161,162,163,164,165,166,167,168,169,170,171,172,173,174,175,176,177,178,179,180,181,182,183,184,185,186,187,188,189,190,191,192,193,194,195,196,197,198,199,200,201,202,203,204,205,206,207,208,209,210,211,212,213,214,215,216,217,218,219,220,221,222,223,224,225,226,227,228,229,230,231,232,233,234,235,236,237,238,239,240,241,242,243,244,245,246,247,248,249,250,251,252,253,254,255,256,257,258,259,260,261,262,263,264,265,266,267,268,269,270,271,272,273,274,275,276,277,278,279,280,281,283,285,286,287,288,289,290,291,292,293,294,295,296,297,298,299,300,301,302,303,304,305,306,307,308,309,310,311,312,313,314,315,316,317,318,319,320,321,322,323,324,325,326,327,328,329,330,331,332,333,334,335,336,337,338,339,340,341,342,343,344,345,346,347,348,349,350,351,352,353,354) have mixed types. Specify dtype option on import or set low_memory=False.
Columns (0,3,4,5,6,7,8,9,10,11,12,13,14,15,16,17,18,19,20,21,22,23,24,25,26,27,28,29,30,31,32,33,34,35,36,37,38,39,40,41,42,43,44,45,46,47,48,49,50,51,52,53,54,55,56,57,58,59,60,61,62,63,64,65,66,67,68,69,70,71,72,73,74,75,76,77,78,79,80,81,82,83,84,85,86,87,88,89,90,91,92,93,94,95,96,97,98,99,100,101,102,103,104,105,106,107,108,109,110,111,112,113,114,115,116,117,118,119,120,121,122,123,124,125,126,127,128,129,130,131,132,133,134,135,136,137,138,139,140,141,142,143,144,145,146,147,148,149,150,151,152,153,154,155,156,157,158,159,160,161,162,163,164,165,166,167,168,169,170,171,172,173,174,175,176,177,178,179,180,181,182,183,184,185,186,187,188,189,190,191,192,193,194,195,196,197,198,199,200,201,202,203,204,205,206,207,208,209,210,211,212,213,214,215,216,217,218,219,220,221,222,223,224,225,226,227,228,229,230,231,232,233,234,235,236,237,238,239,240,241,242,243,244,245,246,247,248,249,250,251,252,253,254,255,256,257,258,259,260,261,262,263,264,265,266,267,268,269,270,271,272,273,274,275,276,277,278,279,280,282,284,285,286,287,288,289,290,291,292,293,294,295,296,297,298,299,300,301,302,303,304,305,306,307,308,309,310,311,312,313,314,315,316,317,318,319,320,321,322,323,324,325,326,327,328,329,330,331,332,333,334,335,336,337,338,339,340,341,342,343,344,345,346,347,348,349,350,351,352,353) have mixed types. Specify dtype option on import or set low_memory=False.
Columns (0,3,4,5,6,7,8,9,10,11,12,13,14,15,16,17,18,19,20,21,22,23,24,25,26,27,28,29,30,31,32,33,34,35,36,37,38,39,40,41,42,43,44,45,46,47,48,49,50,51,52,53,54,55,56,57,58,59,60,61,62,63,64,65,66,67,68,69,70,71,72,73,74,75,76,77,78,79,80,81,82,83,84,85,86,87,88,89,90,91,92,93,94,95,96,97,98,99,100,101,102,103,104,105,106,107,108,109,110,111,112,113,114,115,116,117,118,119,120,121,122,123,124,125,126,127,128,129,130,131,132,133,134,135,136,137,138,139,140,141,142,143,144,145,146,147,148,149,150,151,152,153,154,155,156,157,158,159,160,161,162,163,164,165,166,167,168,169,170,171,172,173,174,175,176,177,178,179,180,181,182,183,184,185,186,187,188,189,190,191,192,193,194,195,196,197,198,199,200,201,202,203,204,205,206,207,208,209,210,211,212,213,214,215,216,217,218,219,220,221,222,223,224,225,226,227,228,229,230,231,232,233,234,235,236,237,238,239,240,241,242,243,244,245,246,247,248,249,250,251,252,253,254,255,256,257,258,259,260,261,262,263,264,265,266,267,268,269,270,271,272,273,274,275,276,277,278,279,280,281,283,285,286,287,288,289,290,291,292,293,294,295,296,297,298,299,300,301,302,303,304,305,306,307,308,309,310,311,312,313,314,315,316,317,318,319,320,321,322,323,324,325,326,327,328,329,330,331,332,333,334,335,336,337,338,339,340,341,342,343,344,345,346,347,348,349,350,351,352,353,354) have mixed types. Specify dtype option on import or set low_memory=False.
Columns (0,3,4,5,6,7,8,9,10,11,12,13,14,15,16,17,18,19,20,21,22,23,24,25,26,27,28,29,30,31,32,33,34,35,36,37,38,39,40,41,42,43,44,45,46,47,48,49,50,51,52,53,54,55,56,57,58,59,60,61,62,63,64,65,66,67,68,69,70,71,72,73,74,75,76,77,78,79,80,81,82,83,84,85,86,87,88,89,90,91,92,93,94,95,96,97,98,99,100,101,102,103,104,105,106,107,108,109,110,111,112,113,114,115,116,117,118,119,120,121,122,123,124,125,126,127,128,129,130,131,132,133,134,135,136,137,138,139,140,141,142,143,144,145,146,147,148,149,150,151,152,153,154,155,156,157,158,159,160,161,162,163,164,165,166,167,168,169,170,171,172,173,174,175,176,177,178,179,180,181,182,183,184,185,186,187,188,189,190,191,192,193,194,195,196,197,198,199,200,201,202,203,204,205,206,207,208,209,210,211,212,213,214,215,216,217,218,219,220,221,222,223,224,225,226,227,228,229,230,231,232,233,234,235,236,237,238,239,240,241,242,243,244,245,246,247,248,249,250,251,252,253,254,255,256,257,258,259,260,261,262,263,264,265,266,267,268,269,270,271,272,273,274,275,276,277,278,279,280,282,284,285,286,287,288,289,290,291,292,293,294,295,296,297,298,299,300,301,302,303,304,305,306,307,308,309,310,311,312,313,314,315,316,317,318,319,320,321,322,323,324,325,326,327,328,329,330,331,332,333,334,335,336,337,338,339,340,341,342,343,344,345,346,347,348,349,350,351,352,353) have mixed types. Specify dtype option on import or set low_memory=False.
@@@ D - common_header:  {'F3-boolean', 'F15-public', 'F71-chrism@apache.org', 'F3-int[]', 'F3-char[]', 'F105', 'F77', 'F41', 'F71-hossman@apache.org', 'F123', 'F15-private', 'F3-NA', 'F3-Path', 'F115', 'F71-markrmiller@apache.org', 'F71-rjernst@apache.org', 'F71-anshum@apache.org', 'F3-FileInputStream', 'F71-romseygeek@apache.org', 'F3-long', 'F126', 'F71-rmuir@apache.org', 'F117', 'F3-CharSequence', 'F101', 'F120', 'F71-shalin@apache.org', 'F72', 'F116', 'F104', 'F71-uschindler@apache.org', 'F15-protected', 'F71-jpountz@apache.org', 'F71-noble@apache.org', 'F3-CharStream', 'F22', 'F110', 'F71-erick@apache.org', 'category', 'F71-shaie@apache.org', 'F3-char', 'F3-Class', 'F68', 'F25', 'F3-Among[]', 'F71-mikemccand@apache.org', 'F3-ValueSource', 'F65', 'F3-String', 'F71-sarowe@apache.org', 'F71-simonw@apache.org', 'F71-yonik@apache.org', 'F71-ryan@apache.org', 'F3-int', 'F15-NA', 'F3-long[]'}
     F72            ...            F71-uschindler@apache.org
1   4679            ...                                    1
2   4679            ...                                    1
3  19865            ...                                    1

[3 rows x 55 columns]
;.;
        F72            ...              F71-uschindler@apache.org
0  0.035424            ...                                    1.0
1  0.035424            ...                                    1.0
2  0.747947            ...                                    1.0

[3 rows x 55 columns]
training_x: (3259, 55)
training_y: 3259
testset_x: (3425, 55)
testset_y: 3425
              precision    recall  f1-score   support

           0       0.93      0.96      0.94      2257
           1       0.91      0.87      0.89      1168

    accuracy                           0.93      3425
   macro avg       0.92      0.91      0.92      3425
weighted avg       0.93      0.93      0.93      3425

accuracy: 0.9258394160583941
0.8887915936952714
@@@ tn: 2156, fp: 101, fn: 153, tp: 1015
@@@ LIME - Creating explainer
@@@ LIME - Random Sampling of Instances
iter: 0, sample_no: 3070, actual label: 0, predicted: 0
iter: 1, sample_no: 2064, actual label: 0, predicted: 0
iter: 2, sample_no: 2068, actual label: 0, predicted: 0
iter: 3, sample_no: 2725, actual label: 0, predicted: 0
iter: 4, sample_no: 140, actual label: 1, predicted: 1
iter: 5, sample_no: 363, actual label: 0, predicted: 1
iter: 6, sample_no: 391, actual label: 1, predicted: 1
iter: 7, sample_no: 1870, actual label: 0, predicted: 0
iter: 8, sample_no: 651, actual label: 0, predicted: 0
iter: 9, sample_no: 2209, actual label: 1, predicted: 0
iter: 10, sample_no: 1176, actual label: 0, predicted: 0
iter: 11, sample_no: 2163, actual label: 0, predicted: 0
iter: 12, sample_no: 2133, actual label: 0, predicted: 0
iter: 13, sample_no: 1122, actual label: 1, predicted: 0
iter: 14, sample_no: 1955, actual label: 1, predicted: 1
iter: 15, sample_no: 1776, actual label: 0, predicted: 0
iter: 16, sample_no: 1280, actual label: 0, predicted: 1
iter: 17, sample_no: 425, actual label: 1, predicted: 1
iter: 18, sample_no: 1160, actual label: 1, predicted: 0
iter: 19, sample_no: 2503, actual label: 1, predicted: 1
iter: 20, sample_no: 734, actual label: 0, predicted: 0
iter: 21, sample_no: 2473, actual label: 1, predicted: 0
iter: 22, sample_no: 344, actual label: 0, predicted: 0
iter: 23, sample_no: 669, actual label: 0, predicted: 0
iter: 24, sample_no: 1032, actual label: 0, predicted: 0
number of samples: 3425
AUC 0.9733143765818367
pos_get 1168
total recall stop_at 1.0
@@@ C - Repeat number: 10
@@@ D - common_header:  {'F3-boolean', 'F15-public', 'F71-chrism@apache.org', 'F3-int[]', 'F3-char[]', 'F105', 'F77', 'F41', 'F71-hossman@apache.org', 'F123', 'F15-private', 'F3-NA', 'F3-Path', 'F115', 'F71-markrmiller@apache.org', 'F71-rjernst@apache.org', 'F71-anshum@apache.org', 'F3-FileInputStream', 'F71-romseygeek@apache.org', 'F3-long', 'F126', 'F71-rmuir@apache.org', 'F117', 'F3-CharSequence', 'F101', 'F120', 'F71-shalin@apache.org', 'F72', 'F116', 'F104', 'F71-uschindler@apache.org', 'F15-protected', 'F71-jpountz@apache.org', 'F71-noble@apache.org', 'F3-CharStream', 'F22', 'F110', 'F71-erick@apache.org', 'category', 'F71-shaie@apache.org', 'F3-char', 'F3-Class', 'F68', 'F25', 'F3-Among[]', 'F71-mikemccand@apache.org', 'F3-ValueSource', 'F65', 'F3-String', 'F71-sarowe@apache.org', 'F71-simonw@apache.org', 'F71-yonik@apache.org', 'F71-ryan@apache.org', 'F3-int', 'F15-NA', 'F3-long[]'}
     F72            ...            F71-uschindler@apache.org
1   4679            ...                                    1
2   4679            ...                                    1
3  19865            ...                                    1

[3 rows x 55 columns]
;.;
        F72            ...              F71-uschindler@apache.org
0  0.035424            ...                                    1.0
1  0.035424            ...                                    1.0
2  0.747947            ...                                    1.0

[3 rows x 55 columns]
training_x: (3259, 55)
training_y: 3259
testset_x: (3425, 55)
testset_y: 3425
              precision    recall  f1-score   support

           0       0.93      0.96      0.94      2257
           1       0.91      0.87      0.89      1168

    accuracy                           0.93      3425
   macro avg       0.92      0.91      0.92      3425
weighted avg       0.93      0.93      0.93      3425

accuracy: 0.9258394160583941
0.8887915936952714
@@@ tn: 2156, fp: 101, fn: 153, tp: 1015
@@@ LIME - Creating explainer
@@@ LIME - Random Sampling of Instances
Columns (0,3,4,5,6,7,8,9,10,11,12,13,14,15,16,17,18,19,20,21,22,23,24,25,26,27,28,29,30,31,32,33,34,35,36,37,38,39,40,41,42,43,44,45,46,47,48,49,50,51,52,53,54,55,56,57,58,59,60,61,62,63,64,65,66,67,68,69,70,71,72,73,74,75,76,77,78,79,80,81,82,83,84,85,86,87,88,89,90,91,92,93,94,95,96,97,98,99,100,101,102,103,104,105,106,107,108,109,110,111,112,113,114,115,116,117,118,119,120,121,122,123,124,125,126,127,128,129,130,131,132,133,134,135,136,137,138,139,140,141,142,143,144,145,146,147,148,149,150,151,152,153,154,155,156,157,158,159,160,161,162,163,164,165,166,167,168,169,170,171,172,173,174,175,176,177,178,179,180,181,182,183,184,185,186,187,188,189,190,191,192,193,194,195,196,197,198,199,200,201,202,203,204,205,206,207,208,209,210,211,212,213,214,215,216,217,218,219,220,221,222,223,224,225,226,227,228,229,230,231,232,233,234,235,236,237,238,239,240,241,242,243,244,245,246,247,248,249,250,251,252,253,254,255,256,257,258,259,260,261,262,263,264,265,266,267,268,269,270,271,272,273,274,275,276,277,278,279,280,281,283,285,286,287,288,289,290,291,292,293,294,295,296,297,298,299,300,301,302,303,304,305,306,307,308,309,310,311,312,313,314,315,316,317,318,319,320,321,322,323,324,325,326,327,328,329,330,331,332,333,334,335,336,337,338,339,340,341,342,343,344,345,346,347,348,349,350,351,352,353,354) have mixed types. Specify dtype option on import or set low_memory=False.
Columns (0,3,4,5,6,7,8,9,10,11,12,13,14,15,16,17,18,19,20,21,22,23,24,25,26,27,28,29,30,31,32,33,34,35,36,37,38,39,40,41,42,43,44,45,46,47,48,49,50,51,52,53,54,55,56,57,58,59,60,61,62,63,64,65,66,67,68,69,70,71,72,73,74,75,76,77,78,79,80,81,82,83,84,85,86,87,88,89,90,91,92,93,94,95,96,97,98,99,100,101,102,103,104,105,106,107,108,109,110,111,112,113,114,115,116,117,118,119,120,121,122,123,124,125,126,127,128,129,130,131,132,133,134,135,136,137,138,139,140,141,142,143,144,145,146,147,148,149,150,151,152,153,154,155,156,157,158,159,160,161,162,163,164,165,166,167,168,169,170,171,172,173,174,175,176,177,178,179,180,181,182,183,184,185,186,187,188,189,190,191,192,193,194,195,196,197,198,199,200,201,202,203,204,205,206,207,208,209,210,211,212,213,214,215,216,217,218,219,220,221,222,223,224,225,226,227,228,229,230,231,232,233,234,235,236,237,238,239,240,241,242,243,244,245,246,247,248,249,250,251,252,253,254,255,256,257,258,259,260,261,262,263,264,265,266,267,268,269,270,271,272,273,274,275,276,277,278,279,280,282,284,285,286,287,288,289,290,291,292,293,294,295,296,297,298,299,300,301,302,303,304,305,306,307,308,309,310,311,312,313,314,315,316,317,318,319,320,321,322,323,324,325,326,327,328,329,330,331,332,333,334,335,336,337,338,339,340,341,342,343,344,345,346,347,348,349,350,351,352,353) have mixed types. Specify dtype option on import or set low_memory=False.
Columns (0,3,4,5,6,7,8,9,10,11,12,13,14,15,16,17,18,19,20,21,22,23,24,25,26,27,28,29,30,31,32,33,34,35,36,37,38,39,40,41,42,43,44,45,46,47,48,49,50,51,52,53,54,55,56,57,58,59,60,61,62,63,64,65,66,67,68,69,70,71,72,73,74,75,76,77,78,79,80,81,82,83,84,85,86,87,88,89,90,91,92,93,94,95,96,97,98,99,100,101,102,103,104,105,106,107,108,109,110,111,112,113,114,115,116,117,118,119,120,121,122,123,124,125,126,127,128,129,130,131,132,133,134,135,136,137,138,139,140,141,142,143,144,145,146,147,148,149,150,151,152,153,154,155,156,157,158,159,160,161,162,163,164,165,166,167,168,169,170,171,172,173,174,175,176,177,178,179,180,181,182,183,184,185,186,187,188,189,190,191,192,193,194,195,196,197,198,199,200,201,202,203,204,205,206,207,208,209,210,211,212,213,214,215,216,217,218,219,220,221,222,223,224,225,226,227,228,229,230,231,232,233,234,235,236,237,238,239,240,241,242,243,244,245,246,247,248,249,250,251,252,253,254,255,256,257,258,259,260,261,262,263,264,265,266,267,268,269,270,271,272,273,274,275,276,277,278,279,280,281,283,285,286,287,288,289,290,291,292,293,294,295,296,297,298,299,300,301,302,303,304,305,306,307,308,309,310,311,312,313,314,315,316,317,318,319,320,321,322,323,324,325,326,327,328,329,330,331,332,333,334,335,336,337,338,339,340,341,342,343,344,345,346,347,348,349,350,351,352,353,354) have mixed types. Specify dtype option on import or set low_memory=False.
iter: 0, sample_no: 3061, actual label: 0, predicted: 0
iter: 1, sample_no: 1457, actual label: 0, predicted: 0
iter: 2, sample_no: 2491, actual label: 1, predicted: 1
iter: 3, sample_no: 2923, actual label: 0, predicted: 0
iter: 4, sample_no: 1934, actual label: 0, predicted: 0
iter: 5, sample_no: 845, actual label: 0, predicted: 0
iter: 6, sample_no: 114, actual label: 0, predicted: 0
iter: 7, sample_no: 1962, actual label: 1, predicted: 1
iter: 8, sample_no: 2180, actual label: 1, predicted: 1
iter: 9, sample_no: 2265, actual label: 0, predicted: 1
iter: 10, sample_no: 938, actual label: 0, predicted: 0
iter: 11, sample_no: 2323, actual label: 0, predicted: 0
iter: 12, sample_no: 2355, actual label: 0, predicted: 0
iter: 13, sample_no: 1091, actual label: 0, predicted: 0
iter: 14, sample_no: 1937, actual label: 0, predicted: 0
iter: 15, sample_no: 581, actual label: 1, predicted: 1
iter: 16, sample_no: 199, actual label: 1, predicted: 1
iter: 17, sample_no: 1995, actual label: 1, predicted: 1
iter: 18, sample_no: 2240, actual label: 0, predicted: 0
iter: 19, sample_no: 508, actual label: 1, predicted: 0
iter: 20, sample_no: 642, actual label: 0, predicted: 0
iter: 21, sample_no: 637, actual label: 0, predicted: 0
iter: 22, sample_no: 48, actual label: 0, predicted: 0
iter: 23, sample_no: 2680, actual label: 1, predicted: 1
iter: 24, sample_no: 2430, actual label: 1, predicted: 0
number of samples: 3425
AUC 0.9733143765818367
pos_get 1168
total recall stop_at 1.0
----------threshold stop at----------: 1
AUC [0.9733143765818367, 0.9733143765818367, 0.9733143765818367, 0.9733143765818367, 0.9733143765818367, 0.9733143765818367, 0.9733143765818367, 0.9733143765818367, 0.9733143765818367, 0.9733143765818367]
AUC_median 0.9733143765818367
AUC_iqr 0.0
cost [0.9871532846715328, 0.9871532846715328, 0.9871532846715328, 0.9871532846715328, 0.9871532846715328, 0.9871532846715328, 0.9871532846715328, 0.9871532846715328, 0.9871532846715328, 0.9871532846715328]
COST_med 0.9871532846715328
COST_iqr 0.0
f1_pos_list [0.8887915936952714, 0.8887915936952714, 0.8887915936952714, 0.8887915936952714, 0.8887915936952714, 0.8887915936952714, 0.8887915936952714, 0.8887915936952714, 0.8887915936952714, 0.8887915936952714]
f1_pos_med 0.8887915936952714
