@@@ A - classifier: KNeighborsClassifier(algorithm='auto', leaf_size=30, metric='minkowski',
                     metric_params=None, n_jobs=None, n_neighbors=5, p=2,
                     weights='uniform')
@@@ B - threshold stop at: 1
@@@ C - Repeat number: 1
@@@ D - common_header:  {'F71-brett@apache.org', 'F110', 'F71-jason@tesla.io', 'F71-kenney@apache.org', 'F71-igor@ifedorenko.com', 'F3-SimpleProblemCollector', 'F117', 'F3-DefaultBeanConfigurationRequest', 'F105', 'F25', 'F41', 'F71-stephen.alan.connolly@gmail.com', 'F65', 'F22', 'F15-protected', 'F15-public', 'F71-brianf@apache.org', 'F3-File', 'F71-ogusakov@apache.org', 'F71-hboutemy@apache.org', 'F71-mkleint@apache.org', 'F71-jvanzyl@apache.org', 'F3-null', 'F3-ProjectSegment', 'F3-problems.getModel()', 'category', 'F71-ifedorenko@apache.org', 'F15-private', 'F104', 'F3-Artifact', 'F123', 'F71-bentmann@apache.org', 'F115', 'F3-Model', 'F126', 'F68', 'F3-ModelBuildingRequest', 'F120', 'F71-sisbell@apache.org', 'F3-localRepository()', 'F77', 'F71-carlos@apache.org', 'F116', 'F71-aheritier@apache.org', 'F71-olamy@apache.org', 'F3-String', 'F101', 'F71-jdcasey@apache.org', 'F3-int', 'F71-krosenvold@apache.org', 'F3-XmlPullParser', 'F72', 'F3-NA', 'F15-NA', 'F3-InputStream'}
    F72   F25          ...           F71-jason@tesla.io F71-jdcasey@apache.org
1  2658  1706          ...                            1                      1
2  2658  1706          ...                            1                      0
3  2658  1706          ...                            1                      0

[3 rows x 54 columns]
;.;
       F72           ...            F71-jdcasey@apache.org
0  0.23101           ...                               1.0
1  0.23101           ...                               0.0
2  0.23101           ...                               0.0

[3 rows x 54 columns]
training_x: (813, 54)
training_y: 813
testset_x: (818, 54)
testset_y: 818
              precision    recall  f1-score   support

           0       0.99      0.99      0.99       790
           1       0.70      0.82      0.75        28

    accuracy                           0.98       818
   macro avg       0.85      0.90      0.87       818
weighted avg       0.98      0.98      0.98       818

accuracy: 0.9816625916870416
0.7540983606557378
@@@ tn: 780, fp: 10, fn: 5, tp: 23
@@@ LIME - Creating explainer
@@@ LIME - Random Sampling of Instances
iter: 0, sample_no: 320, actual label: 0, predicted: 0
iter: 1, sample_no: 329, actual label: 0, predicted: 0
iter: 2, sample_no: 403, actual label: 0, predicted: 0
iter: 3, sample_no: 399, actual label: 0, predicted: 0
iter: 4, sample_no: 388, actual label: 0, predicted: 0
iter: 5, sample_no: 270, actual label: 0, predicted: 1
iter: 6, sample_no: 113, actual label: 0, predicted: 0
iter: 7, sample_no: 353, actual label: 0, predicted: 0
iter: 8, sample_no: 507, actual label: 0, predicted: 0
iter: 9, sample_no: 273, actual label: 0, predicted: 0
iter: 10, sample_no: 119, actual label: 0, predicted: 0
iter: 11, sample_no: 8, actual label: 1, predicted: 1
iter: 12, sample_no: 543, actual label: 0, predicted: 0
iter: 13, sample_no: 380, actual label: 0, predicted: 0
iter: 14, sample_no: 310, actual label: 0, predicted: 0
iter: 15, sample_no: 543, actual label: 0, predicted: 0
iter: 16, sample_no: 497, actual label: 0, predicted: 0
iter: 17, sample_no: 744, actual label: 0, predicted: 0
iter: 18, sample_no: 365, actual label: 0, predicted: 0
iter: 19, sample_no: 414, actual label: 0, predicted: 0
iter: 20, sample_no: 38, actual label: 0, predicted: 0
iter: 21, sample_no: 131, actual label: 0, predicted: 0
iter: 22, sample_no: 411, actual label: 0, predicted: 0
iter: 23, sample_no: 766, actual label: 1, predicted: 1
iter: 24, sample_no: 784, actual label: 0, predicted: 0
number of samples: 818
AUC 0.9754746835443039
pos_get 28
total recall stop_at 1.0
@@@ C - Repeat number: 2
@@@ D - common_header:  {'F71-brett@apache.org', 'F110', 'F71-jason@tesla.io', 'F71-kenney@apache.org', 'F71-igor@ifedorenko.com', 'F3-SimpleProblemCollector', 'F117', 'F3-DefaultBeanConfigurationRequest', 'F105', 'F25', 'F41', 'F71-stephen.alan.connolly@gmail.com', 'F65', 'F22', 'F15-protected', 'F15-public', 'F71-brianf@apache.org', 'F3-File', 'F71-ogusakov@apache.org', 'F71-hboutemy@apache.org', 'F71-mkleint@apache.org', 'F71-jvanzyl@apache.org', 'F3-null', 'F3-ProjectSegment', 'F3-problems.getModel()', 'category', 'F71-ifedorenko@apache.org', 'F15-private', 'F104', 'F3-Artifact', 'F123', 'F71-bentmann@apache.org', 'F115', 'F3-Model', 'F126', 'F68', 'F3-ModelBuildingRequest', 'F120', 'F71-sisbell@apache.org', 'F3-localRepository()', 'F77', 'F71-carlos@apache.org', 'F116', 'F71-aheritier@apache.org', 'F71-olamy@apache.org', 'F3-String', 'F101', 'F71-jdcasey@apache.org', 'F3-int', 'F71-krosenvold@apache.org', 'F3-XmlPullParser', 'F72', 'F3-NA', 'F15-NA', 'F3-InputStream'}
    F72   F25          ...           F71-jason@tesla.io F71-jdcasey@apache.org
1  2658  1706          ...                            1                      1
2  2658  1706          ...                            1                      0
3  2658  1706          ...                            1                      0

[3 rows x 54 columns]
;.;
       F72           ...            F71-jdcasey@apache.org
0  0.23101           ...                               1.0
1  0.23101           ...                               0.0
2  0.23101           ...                               0.0

[3 rows x 54 columns]
training_x: (813, 54)
training_y: 813
testset_x: (818, 54)
testset_y: 818
              precision    recall  f1-score   support

           0       0.99      0.99      0.99       790
           1       0.70      0.82      0.75        28

    accuracy                           0.98       818
   macro avg       0.85      0.90      0.87       818
weighted avg       0.98      0.98      0.98       818

accuracy: 0.9816625916870416
0.7540983606557378
@@@ tn: 780, fp: 10, fn: 5, tp: 23
@@@ LIME - Creating explainer
@@@ LIME - Random Sampling of Instances
iter: 0, sample_no: 788, actual label: 0, predicted: 0
iter: 1, sample_no: 384, actual label: 0, predicted: 0
iter: 2, sample_no: 120, actual label: 0, predicted: 0
iter: 3, sample_no: 517, actual label: 0, predicted: 0
iter: 4, sample_no: 23, actual label: 0, predicted: 0
iter: 5, sample_no: 7, actual label: 0, predicted: 0
iter: 6, sample_no: 700, actual label: 0, predicted: 0
iter: 7, sample_no: 142, actual label: 0, predicted: 0
iter: 8, sample_no: 738, actual label: 0, predicted: 0
iter: 9, sample_no: 306, actual label: 0, predicted: 0
iter: 10, sample_no: 734, actual label: 0, predicted: 0
iter: 11, sample_no: 62, actual label: 0, predicted: 0
iter: 12, sample_no: 551, actual label: 0, predicted: 0
iter: 13, sample_no: 53, actual label: 0, predicted: 0
iter: 14, sample_no: 289, actual label: 0, predicted: 0
iter: 15, sample_no: 458, actual label: 0, predicted: 0
iter: 16, sample_no: 731, actual label: 0, predicted: 0
iter: 17, sample_no: 166, actual label: 0, predicted: 0
iter: 18, sample_no: 211, actual label: 0, predicted: 0
iter: 19, sample_no: 560, actual label: 0, predicted: 0
iter: 20, sample_no: 106, actual label: 0, predicted: 0
iter: 21, sample_no: 105, actual label: 0, predicted: 0
iter: 22, sample_no: 649, actual label: 0, predicted: 0
iter: 23, sample_no: 747, actual label: 0, predicted: 0
iter: 24, sample_no: 268, actual label: 0, predicted: 0
number of samples: 818
AUC 0.9754746835443039
pos_get 28
total recall stop_at 1.0
@@@ C - Repeat number: 3
@@@ D - common_header:  {'F71-brett@apache.org', 'F110', 'F71-jason@tesla.io', 'F71-kenney@apache.org', 'F71-igor@ifedorenko.com', 'F3-SimpleProblemCollector', 'F117', 'F3-DefaultBeanConfigurationRequest', 'F105', 'F25', 'F41', 'F71-stephen.alan.connolly@gmail.com', 'F65', 'F22', 'F15-protected', 'F15-public', 'F71-brianf@apache.org', 'F3-File', 'F71-ogusakov@apache.org', 'F71-hboutemy@apache.org', 'F71-mkleint@apache.org', 'F71-jvanzyl@apache.org', 'F3-null', 'F3-ProjectSegment', 'F3-problems.getModel()', 'category', 'F71-ifedorenko@apache.org', 'F15-private', 'F104', 'F3-Artifact', 'F123', 'F71-bentmann@apache.org', 'F115', 'F3-Model', 'F126', 'F68', 'F3-ModelBuildingRequest', 'F120', 'F71-sisbell@apache.org', 'F3-localRepository()', 'F77', 'F71-carlos@apache.org', 'F116', 'F71-aheritier@apache.org', 'F71-olamy@apache.org', 'F3-String', 'F101', 'F71-jdcasey@apache.org', 'F3-int', 'F71-krosenvold@apache.org', 'F3-XmlPullParser', 'F72', 'F3-NA', 'F15-NA', 'F3-InputStream'}
    F72   F25          ...           F71-jason@tesla.io F71-jdcasey@apache.org
1  2658  1706          ...                            1                      1
2  2658  1706          ...                            1                      0
3  2658  1706          ...                            1                      0

[3 rows x 54 columns]
;.;
       F72           ...            F71-jdcasey@apache.org
0  0.23101           ...                               1.0
1  0.23101           ...                               0.0
2  0.23101           ...                               0.0

[3 rows x 54 columns]
training_x: (813, 54)
training_y: 813
testset_x: (818, 54)
testset_y: 818
              precision    recall  f1-score   support

           0       0.99      0.99      0.99       790
           1       0.70      0.82      0.75        28

    accuracy                           0.98       818
   macro avg       0.85      0.90      0.87       818
weighted avg       0.98      0.98      0.98       818

accuracy: 0.9816625916870416
0.7540983606557378
@@@ tn: 780, fp: 10, fn: 5, tp: 23
@@@ LIME - Creating explainer
@@@ LIME - Random Sampling of Instances
iter: 0, sample_no: 414, actual label: 0, predicted: 0
iter: 1, sample_no: 415, actual label: 0, predicted: 0
iter: 2, sample_no: 318, actual label: 0, predicted: 0
iter: 3, sample_no: 598, actual label: 0, predicted: 0
iter: 4, sample_no: 197, actual label: 0, predicted: 0
iter: 5, sample_no: 746, actual label: 0, predicted: 0
iter: 6, sample_no: 379, actual label: 0, predicted: 0
iter: 7, sample_no: 235, actual label: 0, predicted: 0
iter: 8, sample_no: 402, actual label: 0, predicted: 0
iter: 9, sample_no: 686, actual label: 0, predicted: 0
iter: 10, sample_no: 242, actual label: 0, predicted: 0
iter: 11, sample_no: 370, actual label: 0, predicted: 0
iter: 12, sample_no: 108, actual label: 1, predicted: 0
iter: 13, sample_no: 727, actual label: 0, predicted: 0
iter: 14, sample_no: 512, actual label: 0, predicted: 0
iter: 15, sample_no: 461, actual label: 0, predicted: 0
iter: 16, sample_no: 373, actual label: 0, predicted: 0
iter: 17, sample_no: 234, actual label: 0, predicted: 0
iter: 18, sample_no: 154, actual label: 0, predicted: 0
iter: 19, sample_no: 735, actual label: 0, predicted: 0
iter: 20, sample_no: 264, actual label: 0, predicted: 0
iter: 21, sample_no: 743, actual label: 0, predicted: 0
iter: 22, sample_no: 584, actual label: 0, predicted: 0
iter: 23, sample_no: 763, actual label: 0, predicted: 0
iter: 24, sample_no: 613, actual label: 0, predicted: 0
number of samples: 818
AUC 0.9754746835443039
pos_get 28
total recall stop_at 1.0
@@@ C - Repeat number: 4
@@@ D - common_header:  {'F71-brett@apache.org', 'F110', 'F71-jason@tesla.io', 'F71-kenney@apache.org', 'F71-igor@ifedorenko.com', 'F3-SimpleProblemCollector', 'F117', 'F3-DefaultBeanConfigurationRequest', 'F105', 'F25', 'F41', 'F71-stephen.alan.connolly@gmail.com', 'F65', 'F22', 'F15-protected', 'F15-public', 'F71-brianf@apache.org', 'F3-File', 'F71-ogusakov@apache.org', 'F71-hboutemy@apache.org', 'F71-mkleint@apache.org', 'F71-jvanzyl@apache.org', 'F3-null', 'F3-ProjectSegment', 'F3-problems.getModel()', 'category', 'F71-ifedorenko@apache.org', 'F15-private', 'F104', 'F3-Artifact', 'F123', 'F71-bentmann@apache.org', 'F115', 'F3-Model', 'F126', 'F68', 'F3-ModelBuildingRequest', 'F120', 'F71-sisbell@apache.org', 'F3-localRepository()', 'F77', 'F71-carlos@apache.org', 'F116', 'F71-aheritier@apache.org', 'F71-olamy@apache.org', 'F3-String', 'F101', 'F71-jdcasey@apache.org', 'F3-int', 'F71-krosenvold@apache.org', 'F3-XmlPullParser', 'F72', 'F3-NA', 'F15-NA', 'F3-InputStream'}
    F72   F25          ...           F71-jason@tesla.io F71-jdcasey@apache.org
1  2658  1706          ...                            1                      1
2  2658  1706          ...                            1                      0
3  2658  1706          ...                            1                      0

[3 rows x 54 columns]
;.;
       F72           ...            F71-jdcasey@apache.org
0  0.23101           ...                               1.0
1  0.23101           ...                               0.0
2  0.23101           ...                               0.0

[3 rows x 54 columns]
training_x: (813, 54)
training_y: 813
testset_x: (818, 54)
testset_y: 818
              precision    recall  f1-score   support

           0       0.99      0.99      0.99       790
           1       0.70      0.82      0.75        28

    accuracy                           0.98       818
   macro avg       0.85      0.90      0.87       818
weighted avg       0.98      0.98      0.98       818

accuracy: 0.9816625916870416
0.7540983606557378
@@@ tn: 780, fp: 10, fn: 5, tp: 23
@@@ LIME - Creating explainer
@@@ LIME - Random Sampling of Instances
iter: 0, sample_no: 189, actual label: 0, predicted: 0
iter: 1, sample_no: 644, actual label: 1, predicted: 1
iter: 2, sample_no: 760, actual label: 0, predicted: 0
iter: 3, sample_no: 702, actual label: 0, predicted: 0
iter: 4, sample_no: 434, actual label: 0, predicted: 0
iter: 5, sample_no: 220, actual label: 0, predicted: 0
iter: 6, sample_no: 283, actual label: 0, predicted: 0
iter: 7, sample_no: 465, actual label: 0, predicted: 0
iter: 8, sample_no: 735, actual label: 0, predicted: 0
iter: 9, sample_no: 16, actual label: 0, predicted: 0
iter: 10, sample_no: 707, actual label: 0, predicted: 0
iter: 11, sample_no: 565, actual label: 0, predicted: 0
iter: 12, sample_no: 425, actual label: 0, predicted: 0
iter: 13, sample_no: 627, actual label: 0, predicted: 0
iter: 14, sample_no: 206, actual label: 0, predicted: 0
iter: 15, sample_no: 92, actual label: 0, predicted: 0
iter: 16, sample_no: 530, actual label: 0, predicted: 0
iter: 17, sample_no: 251, actual label: 0, predicted: 0
iter: 18, sample_no: 459, actual label: 0, predicted: 0
iter: 19, sample_no: 381, actual label: 0, predicted: 0
iter: 20, sample_no: 243, actual label: 0, predicted: 0
iter: 21, sample_no: 287, actual label: 0, predicted: 0
iter: 22, sample_no: 33, actual label: 0, predicted: 0
iter: 23, sample_no: 359, actual label: 0, predicted: 0
iter: 24, sample_no: 305, actual label: 0, predicted: 0
number of samples: 818
AUC 0.9754746835443039
pos_get 28
total recall stop_at 1.0
@@@ C - Repeat number: 5
@@@ D - common_header:  {'F71-brett@apache.org', 'F110', 'F71-jason@tesla.io', 'F71-kenney@apache.org', 'F71-igor@ifedorenko.com', 'F3-SimpleProblemCollector', 'F117', 'F3-DefaultBeanConfigurationRequest', 'F105', 'F25', 'F41', 'F71-stephen.alan.connolly@gmail.com', 'F65', 'F22', 'F15-protected', 'F15-public', 'F71-brianf@apache.org', 'F3-File', 'F71-ogusakov@apache.org', 'F71-hboutemy@apache.org', 'F71-mkleint@apache.org', 'F71-jvanzyl@apache.org', 'F3-null', 'F3-ProjectSegment', 'F3-problems.getModel()', 'category', 'F71-ifedorenko@apache.org', 'F15-private', 'F104', 'F3-Artifact', 'F123', 'F71-bentmann@apache.org', 'F115', 'F3-Model', 'F126', 'F68', 'F3-ModelBuildingRequest', 'F120', 'F71-sisbell@apache.org', 'F3-localRepository()', 'F77', 'F71-carlos@apache.org', 'F116', 'F71-aheritier@apache.org', 'F71-olamy@apache.org', 'F3-String', 'F101', 'F71-jdcasey@apache.org', 'F3-int', 'F71-krosenvold@apache.org', 'F3-XmlPullParser', 'F72', 'F3-NA', 'F15-NA', 'F3-InputStream'}
    F72   F25          ...           F71-jason@tesla.io F71-jdcasey@apache.org
1  2658  1706          ...                            1                      1
2  2658  1706          ...                            1                      0
3  2658  1706          ...                            1                      0

[3 rows x 54 columns]
;.;
       F72           ...            F71-jdcasey@apache.org
0  0.23101           ...                               1.0
1  0.23101           ...                               0.0
2  0.23101           ...                               0.0

[3 rows x 54 columns]
training_x: (813, 54)
training_y: 813
testset_x: (818, 54)
testset_y: 818
              precision    recall  f1-score   support

           0       0.99      0.99      0.99       790
           1       0.70      0.82      0.75        28

    accuracy                           0.98       818
   macro avg       0.85      0.90      0.87       818
weighted avg       0.98      0.98      0.98       818

accuracy: 0.9816625916870416
0.7540983606557378
@@@ tn: 780, fp: 10, fn: 5, tp: 23
@@@ LIME - Creating explainer
@@@ LIME - Random Sampling of Instances
iter: 0, sample_no: 135, actual label: 0, predicted: 0
iter: 1, sample_no: 305, actual label: 0, predicted: 0
iter: 2, sample_no: 223, actual label: 0, predicted: 0
iter: 3, sample_no: 497, actual label: 0, predicted: 0
iter: 4, sample_no: 159, actual label: 0, predicted: 0
iter: 5, sample_no: 288, actual label: 0, predicted: 0
iter: 6, sample_no: 782, actual label: 0, predicted: 0
iter: 7, sample_no: 174, actual label: 0, predicted: 0
iter: 8, sample_no: 815, actual label: 0, predicted: 0
iter: 9, sample_no: 354, actual label: 0, predicted: 0
iter: 10, sample_no: 628, actual label: 0, predicted: 0
iter: 11, sample_no: 666, actual label: 0, predicted: 0
iter: 12, sample_no: 212, actual label: 0, predicted: 0
iter: 13, sample_no: 706, actual label: 0, predicted: 0
iter: 14, sample_no: 196, actual label: 0, predicted: 0
iter: 15, sample_no: 260, actual label: 0, predicted: 0
iter: 16, sample_no: 682, actual label: 0, predicted: 0
iter: 17, sample_no: 513, actual label: 0, predicted: 0
iter: 18, sample_no: 403, actual label: 0, predicted: 0
iter: 19, sample_no: 202, actual label: 0, predicted: 0
iter: 20, sample_no: 94, actual label: 0, predicted: 0
iter: 21, sample_no: 581, actual label: 0, predicted: 0
iter: 22, sample_no: 232, actual label: 0, predicted: 0
iter: 23, sample_no: 195, actual label: 0, predicted: 0
iter: 24, sample_no: 108, actual label: 1, predicted: 0
number of samples: 818
AUC 0.9754746835443039
pos_get 28
total recall stop_at 1.0
@@@ C - Repeat number: 6
@@@ D - common_header:  {'F71-brett@apache.org', 'F110', 'F71-jason@tesla.io', 'F71-kenney@apache.org', 'F71-igor@ifedorenko.com', 'F3-SimpleProblemCollector', 'F117', 'F3-DefaultBeanConfigurationRequest', 'F105', 'F25', 'F41', 'F71-stephen.alan.connolly@gmail.com', 'F65', 'F22', 'F15-protected', 'F15-public', 'F71-brianf@apache.org', 'F3-File', 'F71-ogusakov@apache.org', 'F71-hboutemy@apache.org', 'F71-mkleint@apache.org', 'F71-jvanzyl@apache.org', 'F3-null', 'F3-ProjectSegment', 'F3-problems.getModel()', 'category', 'F71-ifedorenko@apache.org', 'F15-private', 'F104', 'F3-Artifact', 'F123', 'F71-bentmann@apache.org', 'F115', 'F3-Model', 'F126', 'F68', 'F3-ModelBuildingRequest', 'F120', 'F71-sisbell@apache.org', 'F3-localRepository()', 'F77', 'F71-carlos@apache.org', 'F116', 'F71-aheritier@apache.org', 'F71-olamy@apache.org', 'F3-String', 'F101', 'F71-jdcasey@apache.org', 'F3-int', 'F71-krosenvold@apache.org', 'F3-XmlPullParser', 'F72', 'F3-NA', 'F15-NA', 'F3-InputStream'}
    F72   F25          ...           F71-jason@tesla.io F71-jdcasey@apache.org
1  2658  1706          ...                            1                      1
2  2658  1706          ...                            1                      0
3  2658  1706          ...                            1                      0

[3 rows x 54 columns]
;.;
       F72           ...            F71-jdcasey@apache.org
0  0.23101           ...                               1.0
1  0.23101           ...                               0.0
2  0.23101           ...                               0.0

[3 rows x 54 columns]
training_x: (813, 54)
training_y: 813
testset_x: (818, 54)
testset_y: 818
              precision    recall  f1-score   support

           0       0.99      0.99      0.99       790
           1       0.70      0.82      0.75        28

    accuracy                           0.98       818
   macro avg       0.85      0.90      0.87       818
weighted avg       0.98      0.98      0.98       818

accuracy: 0.9816625916870416
0.7540983606557378
@@@ tn: 780, fp: 10, fn: 5, tp: 23
@@@ LIME - Creating explainer
@@@ LIME - Random Sampling of Instances
iter: 0, sample_no: 512, actual label: 0, predicted: 0
iter: 1, sample_no: 655, actual label: 0, predicted: 0
iter: 2, sample_no: 43, actual label: 0, predicted: 0
iter: 3, sample_no: 435, actual label: 0, predicted: 0
iter: 4, sample_no: 185, actual label: 0, predicted: 0
iter: 5, sample_no: 540, actual label: 0, predicted: 0
iter: 6, sample_no: 810, actual label: 0, predicted: 0
iter: 7, sample_no: 559, actual label: 0, predicted: 0
iter: 8, sample_no: 618, actual label: 0, predicted: 0
iter: 9, sample_no: 594, actual label: 0, predicted: 0
iter: 10, sample_no: 688, actual label: 0, predicted: 0
iter: 11, sample_no: 451, actual label: 0, predicted: 0
iter: 12, sample_no: 574, actual label: 0, predicted: 0
iter: 13, sample_no: 269, actual label: 0, predicted: 0
iter: 14, sample_no: 816, actual label: 0, predicted: 0
iter: 15, sample_no: 518, actual label: 0, predicted: 0
iter: 16, sample_no: 87, actual label: 0, predicted: 0
iter: 17, sample_no: 10, actual label: 0, predicted: 0
iter: 18, sample_no: 464, actual label: 0, predicted: 0
iter: 19, sample_no: 711, actual label: 0, predicted: 0
iter: 20, sample_no: 494, actual label: 0, predicted: 0
iter: 21, sample_no: 761, actual label: 0, predicted: 0
iter: 22, sample_no: 783, actual label: 0, predicted: 0
iter: 23, sample_no: 323, actual label: 0, predicted: 0
iter: 24, sample_no: 452, actual label: 0, predicted: 0
number of samples: 818
AUC 0.9754746835443039
pos_get 28
total recall stop_at 1.0
@@@ C - Repeat number: 7
@@@ D - common_header:  {'F71-brett@apache.org', 'F110', 'F71-jason@tesla.io', 'F71-kenney@apache.org', 'F71-igor@ifedorenko.com', 'F3-SimpleProblemCollector', 'F117', 'F3-DefaultBeanConfigurationRequest', 'F105', 'F25', 'F41', 'F71-stephen.alan.connolly@gmail.com', 'F65', 'F22', 'F15-protected', 'F15-public', 'F71-brianf@apache.org', 'F3-File', 'F71-ogusakov@apache.org', 'F71-hboutemy@apache.org', 'F71-mkleint@apache.org', 'F71-jvanzyl@apache.org', 'F3-null', 'F3-ProjectSegment', 'F3-problems.getModel()', 'category', 'F71-ifedorenko@apache.org', 'F15-private', 'F104', 'F3-Artifact', 'F123', 'F71-bentmann@apache.org', 'F115', 'F3-Model', 'F126', 'F68', 'F3-ModelBuildingRequest', 'F120', 'F71-sisbell@apache.org', 'F3-localRepository()', 'F77', 'F71-carlos@apache.org', 'F116', 'F71-aheritier@apache.org', 'F71-olamy@apache.org', 'F3-String', 'F101', 'F71-jdcasey@apache.org', 'F3-int', 'F71-krosenvold@apache.org', 'F3-XmlPullParser', 'F72', 'F3-NA', 'F15-NA', 'F3-InputStream'}
    F72   F25          ...           F71-jason@tesla.io F71-jdcasey@apache.org
1  2658  1706          ...                            1                      1
2  2658  1706          ...                            1                      0
3  2658  1706          ...                            1                      0

[3 rows x 54 columns]
;.;
       F72           ...            F71-jdcasey@apache.org
0  0.23101           ...                               1.0
1  0.23101           ...                               0.0
2  0.23101           ...                               0.0

[3 rows x 54 columns]
training_x: (813, 54)
training_y: 813
testset_x: (818, 54)
testset_y: 818
              precision    recall  f1-score   support

           0       0.99      0.99      0.99       790
           1       0.70      0.82      0.75        28

    accuracy                           0.98       818
   macro avg       0.85      0.90      0.87       818
weighted avg       0.98      0.98      0.98       818

accuracy: 0.9816625916870416
0.7540983606557378
@@@ tn: 780, fp: 10, fn: 5, tp: 23
@@@ LIME - Creating explainer
@@@ LIME - Random Sampling of Instances
iter: 0, sample_no: 426, actual label: 0, predicted: 0
iter: 1, sample_no: 384, actual label: 0, predicted: 0
iter: 2, sample_no: 616, actual label: 0, predicted: 0
iter: 3, sample_no: 135, actual label: 0, predicted: 0
iter: 4, sample_no: 197, actual label: 0, predicted: 0
iter: 5, sample_no: 433, actual label: 0, predicted: 0
iter: 6, sample_no: 779, actual label: 0, predicted: 0
iter: 7, sample_no: 360, actual label: 0, predicted: 0
iter: 8, sample_no: 469, actual label: 0, predicted: 0
iter: 9, sample_no: 751, actual label: 0, predicted: 0
iter: 10, sample_no: 15, actual label: 0, predicted: 0
iter: 11, sample_no: 260, actual label: 0, predicted: 0
iter: 12, sample_no: 787, actual label: 0, predicted: 0
iter: 13, sample_no: 804, actual label: 0, predicted: 0
iter: 14, sample_no: 204, actual label: 0, predicted: 0
iter: 15, sample_no: 7, actual label: 0, predicted: 0
iter: 16, sample_no: 805, actual label: 0, predicted: 0
iter: 17, sample_no: 312, actual label: 0, predicted: 0
iter: 18, sample_no: 647, actual label: 0, predicted: 0
iter: 19, sample_no: 443, actual label: 0, predicted: 0
iter: 20, sample_no: 154, actual label: 0, predicted: 0
iter: 21, sample_no: 319, actual label: 0, predicted: 0
iter: 22, sample_no: 811, actual label: 0, predicted: 0
iter: 23, sample_no: 671, actual label: 0, predicted: 0
iter: 24, sample_no: 360, actual label: 0, predicted: 0
number of samples: 818
AUC 0.9754746835443039
pos_get 28
total recall stop_at 1.0
@@@ C - Repeat number: 8
@@@ D - common_header:  {'F71-brett@apache.org', 'F110', 'F71-jason@tesla.io', 'F71-kenney@apache.org', 'F71-igor@ifedorenko.com', 'F3-SimpleProblemCollector', 'F117', 'F3-DefaultBeanConfigurationRequest', 'F105', 'F25', 'F41', 'F71-stephen.alan.connolly@gmail.com', 'F65', 'F22', 'F15-protected', 'F15-public', 'F71-brianf@apache.org', 'F3-File', 'F71-ogusakov@apache.org', 'F71-hboutemy@apache.org', 'F71-mkleint@apache.org', 'F71-jvanzyl@apache.org', 'F3-null', 'F3-ProjectSegment', 'F3-problems.getModel()', 'category', 'F71-ifedorenko@apache.org', 'F15-private', 'F104', 'F3-Artifact', 'F123', 'F71-bentmann@apache.org', 'F115', 'F3-Model', 'F126', 'F68', 'F3-ModelBuildingRequest', 'F120', 'F71-sisbell@apache.org', 'F3-localRepository()', 'F77', 'F71-carlos@apache.org', 'F116', 'F71-aheritier@apache.org', 'F71-olamy@apache.org', 'F3-String', 'F101', 'F71-jdcasey@apache.org', 'F3-int', 'F71-krosenvold@apache.org', 'F3-XmlPullParser', 'F72', 'F3-NA', 'F15-NA', 'F3-InputStream'}
    F72   F25          ...           F71-jason@tesla.io F71-jdcasey@apache.org
1  2658  1706          ...                            1                      1
2  2658  1706          ...                            1                      0
3  2658  1706          ...                            1                      0

[3 rows x 54 columns]
;.;
       F72           ...            F71-jdcasey@apache.org
0  0.23101           ...                               1.0
1  0.23101           ...                               0.0
2  0.23101           ...                               0.0

[3 rows x 54 columns]
training_x: (813, 54)
training_y: 813
testset_x: (818, 54)
testset_y: 818
              precision    recall  f1-score   support

           0       0.99      0.99      0.99       790
           1       0.70      0.82      0.75        28

    accuracy                           0.98       818
   macro avg       0.85      0.90      0.87       818
weighted avg       0.98      0.98      0.98       818

accuracy: 0.9816625916870416
0.7540983606557378
@@@ tn: 780, fp: 10, fn: 5, tp: 23
@@@ LIME - Creating explainer
@@@ LIME - Random Sampling of Instances
iter: 0, sample_no: 688, actual label: 0, predicted: 0
iter: 1, sample_no: 448, actual label: 0, predicted: 0
iter: 2, sample_no: 647, actual label: 0, predicted: 0
iter: 3, sample_no: 389, actual label: 0, predicted: 0
iter: 4, sample_no: 475, actual label: 0, predicted: 0
iter: 5, sample_no: 1, actual label: 0, predicted: 0
iter: 6, sample_no: 401, actual label: 0, predicted: 0
iter: 7, sample_no: 618, actual label: 0, predicted: 0
iter: 8, sample_no: 421, actual label: 0, predicted: 0
iter: 9, sample_no: 557, actual label: 0, predicted: 0
iter: 10, sample_no: 48, actual label: 0, predicted: 0
iter: 11, sample_no: 618, actual label: 0, predicted: 0
iter: 12, sample_no: 70, actual label: 0, predicted: 0
iter: 13, sample_no: 230, actual label: 0, predicted: 0
iter: 14, sample_no: 231, actual label: 0, predicted: 0
iter: 15, sample_no: 80, actual label: 0, predicted: 0
iter: 16, sample_no: 571, actual label: 0, predicted: 0
iter: 17, sample_no: 473, actual label: 0, predicted: 0
iter: 18, sample_no: 361, actual label: 0, predicted: 0
iter: 19, sample_no: 611, actual label: 0, predicted: 0
iter: 20, sample_no: 186, actual label: 0, predicted: 0
iter: 21, sample_no: 203, actual label: 0, predicted: 0
iter: 22, sample_no: 747, actual label: 0, predicted: 0
iter: 23, sample_no: 283, actual label: 0, predicted: 0
iter: 24, sample_no: 278, actual label: 0, predicted: 0
number of samples: 818
AUC 0.9754746835443039
pos_get 28
total recall stop_at 1.0
@@@ C - Repeat number: 9
@@@ D - common_header:  {'F71-brett@apache.org', 'F110', 'F71-jason@tesla.io', 'F71-kenney@apache.org', 'F71-igor@ifedorenko.com', 'F3-SimpleProblemCollector', 'F117', 'F3-DefaultBeanConfigurationRequest', 'F105', 'F25', 'F41', 'F71-stephen.alan.connolly@gmail.com', 'F65', 'F22', 'F15-protected', 'F15-public', 'F71-brianf@apache.org', 'F3-File', 'F71-ogusakov@apache.org', 'F71-hboutemy@apache.org', 'F71-mkleint@apache.org', 'F71-jvanzyl@apache.org', 'F3-null', 'F3-ProjectSegment', 'F3-problems.getModel()', 'category', 'F71-ifedorenko@apache.org', 'F15-private', 'F104', 'F3-Artifact', 'F123', 'F71-bentmann@apache.org', 'F115', 'F3-Model', 'F126', 'F68', 'F3-ModelBuildingRequest', 'F120', 'F71-sisbell@apache.org', 'F3-localRepository()', 'F77', 'F71-carlos@apache.org', 'F116', 'F71-aheritier@apache.org', 'F71-olamy@apache.org', 'F3-String', 'F101', 'F71-jdcasey@apache.org', 'F3-int', 'F71-krosenvold@apache.org', 'F3-XmlPullParser', 'F72', 'F3-NA', 'F15-NA', 'F3-InputStream'}
    F72   F25          ...           F71-jason@tesla.io F71-jdcasey@apache.org
1  2658  1706          ...                            1                      1
2  2658  1706          ...                            1                      0
3  2658  1706          ...                            1                      0

[3 rows x 54 columns]
;.;
       F72           ...            F71-jdcasey@apache.org
0  0.23101           ...                               1.0
1  0.23101           ...                               0.0
2  0.23101           ...                               0.0

[3 rows x 54 columns]
training_x: (813, 54)
training_y: 813
testset_x: (818, 54)
testset_y: 818
              precision    recall  f1-score   support

           0       0.99      0.99      0.99       790
           1       0.70      0.82      0.75        28

    accuracy                           0.98       818
   macro avg       0.85      0.90      0.87       818
weighted avg       0.98      0.98      0.98       818

accuracy: 0.9816625916870416
0.7540983606557378
@@@ tn: 780, fp: 10, fn: 5, tp: 23
@@@ LIME - Creating explainer
@@@ LIME - Random Sampling of Instances
iter: 0, sample_no: 57, actual label: 0, predicted: 0
iter: 1, sample_no: 6, actual label: 1, predicted: 1
iter: 2, sample_no: 507, actual label: 0, predicted: 0
iter: 3, sample_no: 607, actual label: 0, predicted: 0
iter: 4, sample_no: 549, actual label: 0, predicted: 0
iter: 5, sample_no: 139, actual label: 0, predicted: 0
iter: 6, sample_no: 795, actual label: 0, predicted: 0
iter: 7, sample_no: 269, actual label: 0, predicted: 0
iter: 8, sample_no: 549, actual label: 0, predicted: 0
iter: 9, sample_no: 669, actual label: 0, predicted: 0
iter: 10, sample_no: 554, actual label: 0, predicted: 0
iter: 11, sample_no: 302, actual label: 0, predicted: 0
iter: 12, sample_no: 538, actual label: 0, predicted: 0
iter: 13, sample_no: 340, actual label: 0, predicted: 0
iter: 14, sample_no: 577, actual label: 0, predicted: 0
iter: 15, sample_no: 543, actual label: 0, predicted: 0
iter: 16, sample_no: 613, actual label: 0, predicted: 0
iter: 17, sample_no: 439, actual label: 0, predicted: 0
iter: 18, sample_no: 722, actual label: 0, predicted: 0
iter: 19, sample_no: 292, actual label: 0, predicted: 0
iter: 20, sample_no: 70, actual label: 0, predicted: 0
iter: 21, sample_no: 524, actual label: 0, predicted: 0
iter: 22, sample_no: 659, actual label: 0, predicted: 0
iter: 23, sample_no: 15, actual label: 0, predicted: 0
iter: 24, sample_no: 100, actual label: 0, predicted: 0
number of samples: 818
AUC 0.9754746835443039
pos_get 28
total recall stop_at 1.0
@@@ C - Repeat number: 10
@@@ D - common_header:  {'F71-brett@apache.org', 'F110', 'F71-jason@tesla.io', 'F71-kenney@apache.org', 'F71-igor@ifedorenko.com', 'F3-SimpleProblemCollector', 'F117', 'F3-DefaultBeanConfigurationRequest', 'F105', 'F25', 'F41', 'F71-stephen.alan.connolly@gmail.com', 'F65', 'F22', 'F15-protected', 'F15-public', 'F71-brianf@apache.org', 'F3-File', 'F71-ogusakov@apache.org', 'F71-hboutemy@apache.org', 'F71-mkleint@apache.org', 'F71-jvanzyl@apache.org', 'F3-null', 'F3-ProjectSegment', 'F3-problems.getModel()', 'category', 'F71-ifedorenko@apache.org', 'F15-private', 'F104', 'F3-Artifact', 'F123', 'F71-bentmann@apache.org', 'F115', 'F3-Model', 'F126', 'F68', 'F3-ModelBuildingRequest', 'F120', 'F71-sisbell@apache.org', 'F3-localRepository()', 'F77', 'F71-carlos@apache.org', 'F116', 'F71-aheritier@apache.org', 'F71-olamy@apache.org', 'F3-String', 'F101', 'F71-jdcasey@apache.org', 'F3-int', 'F71-krosenvold@apache.org', 'F3-XmlPullParser', 'F72', 'F3-NA', 'F15-NA', 'F3-InputStream'}
    F72   F25          ...           F71-jason@tesla.io F71-jdcasey@apache.org
1  2658  1706          ...                            1                      1
2  2658  1706          ...                            1                      0
3  2658  1706          ...                            1                      0

[3 rows x 54 columns]
;.;
       F72           ...            F71-jdcasey@apache.org
0  0.23101           ...                               1.0
1  0.23101           ...                               0.0
2  0.23101           ...                               0.0

[3 rows x 54 columns]
training_x: (813, 54)
training_y: 813
testset_x: (818, 54)
testset_y: 818
              precision    recall  f1-score   support

           0       0.99      0.99      0.99       790
           1       0.70      0.82      0.75        28

    accuracy                           0.98       818
   macro avg       0.85      0.90      0.87       818
weighted avg       0.98      0.98      0.98       818

accuracy: 0.9816625916870416
0.7540983606557378
@@@ tn: 780, fp: 10, fn: 5, tp: 23
@@@ LIME - Creating explainer
@@@ LIME - Random Sampling of Instances
/Users/author1/anaconda3/lib/python3.6/site-packages/tensorflow/python/framework/dtypes.py:463: FutureWarning: Passing (type, 1) or '1type' as a synonym of type is deprecated; in a future version of numpy, it will be understood as (type, (1,)) / '(1,)type'.
  _np_qint8 = np.dtype([("qint8", np.int8, 1)])
/Users/author1/anaconda3/lib/python3.6/site-packages/tensorflow/python/framework/dtypes.py:464: FutureWarning: Passing (type, 1) or '1type' as a synonym of type is deprecated; in a future version of numpy, it will be understood as (type, (1,)) / '(1,)type'.
  _np_quint8 = np.dtype([("quint8", np.uint8, 1)])
/Users/author1/anaconda3/lib/python3.6/site-packages/tensorflow/python/framework/dtypes.py:465: FutureWarning: Passing (type, 1) or '1type' as a synonym of type is deprecated; in a future version of numpy, it will be understood as (type, (1,)) / '(1,)type'.
  _np_qint16 = np.dtype([("qint16", np.int16, 1)])
/Users/author1/anaconda3/lib/python3.6/site-packages/tensorflow/python/framework/dtypes.py:466: FutureWarning: Passing (type, 1) or '1type' as a synonym of type is deprecated; in a future version of numpy, it will be understood as (type, (1,)) / '(1,)type'.
  _np_quint16 = np.dtype([("quint16", np.uint16, 1)])
/Users/author1/anaconda3/lib/python3.6/site-packages/tensorflow/python/framework/dtypes.py:467: FutureWarning: Passing (type, 1) or '1type' as a synonym of type is deprecated; in a future version of numpy, it will be understood as (type, (1,)) / '(1,)type'.
  _np_qint32 = np.dtype([("qint32", np.int32, 1)])
iter: 0, sample_no: 668, actual label: 0, predicted: 0
iter: 1, sample_no: 474, actual label: 0, predicted: 0
iter: 2, sample_no: 682, actual label: 0, predicted: 0
iter: 3, sample_no: 560, actual label: 0, predicted: 0
iter: 4, sample_no: 503, actual label: 0, predicted: 0
iter: 5, sample_no: 568, actual label: 0, predicted: 0
iter: 6, sample_no: 536, actual label: 0, predicted: 0
iter: 7, sample_no: 493, actual label: 0, predicted: 0
iter: 8, sample_no: 48, actual label: 0, predicted: 0
iter: 9, sample_no: 517, actual label: 0, predicted: 0
iter: 10, sample_no: 714, actual label: 0, predicted: 0
iter: 11, sample_no: 263, actual label: 0, predicted: 0
iter: 12, sample_no: 232, actual label: 0, predicted: 0
iter: 13, sample_no: 123, actual label: 0, predicted: 0
iter: 14, sample_no: 258, actual label: 0, predicted: 0
iter: 15, sample_no: 481, actual label: 0, predicted: 0
iter: 16, sample_no: 720, actual label: 0, predicted: 0
iter: 17, sample_no: 87, actual label: 0, predicted: 0
iter: 18, sample_no: 609, actual label: 0, predicted: 0
iter: 19, sample_no: 709, actual label: 0, predicted: 0
iter: 20, sample_no: 568, actual label: 0, predicted: 0
iter: 21, sample_no: 144, actual label: 0, predicted: 0
iter: 22, sample_no: 96, actual label: 0, predicted: 0
iter: 23, sample_no: 810, actual label: 0, predicted: 0
iter: 24, sample_no: 178, actual label: 0, predicted: 0
number of samples: 818
AUC 0.9754746835443039
pos_get 28
total recall stop_at 1.0
----------threshold stop at----------: 1
AUC [0.9754746835443039, 0.9754746835443039, 0.9754746835443039, 0.9754746835443039, 0.9754746835443039, 0.9754746835443039, 0.9754746835443039, 0.9754746835443039, 0.9754746835443039, 0.9754746835443039]
AUC_median 0.9754746835443039
AUC_iqr 0.0
cost [0.5757946210268948, 0.5757946210268948, 0.5757946210268948, 0.5757946210268948, 0.5757946210268948, 0.5757946210268948, 0.5757946210268948, 0.5757946210268948, 0.5757946210268948, 0.5757946210268948]
COST_med 0.5757946210268948
COST_iqr 0.0
f1_pos_list [0.7540983606557378, 0.7540983606557378, 0.7540983606557378, 0.7540983606557378, 0.7540983606557378, 0.7540983606557378, 0.7540983606557378, 0.7540983606557378, 0.7540983606557378, 0.7540983606557378]
f1_pos_med 0.7540983606557378
