@@@ A - classifier: KNeighborsClassifier(algorithm='auto', leaf_size=30, metric='minkowski',
                     metric_params=None, n_jobs=None, n_neighbors=5, p=2,
                     weights='uniform')
@@@ B - threshold stop at: 1
@@@ C - Repeat number: 1
@@@ D - common_header:  {'F110', 'F71-kinow@apache.org', 'category', 'F71-ggregory@apache.org', 'F15-protected', 'F126', 'F3-ArrayUtils.isSameLength(nullArray nullArray)', 'F71-bayard@apache.org', 'F3-NA', 'F3-char', 'F123', 'F71-sebb@apache.org', 'F65', 'F68', 'F3-int', 'F3-boolean', 'F120', 'F71-niallp@apache.org', 'F105', 'F22', 'F72', 'F3-null', 'F15-NA', 'F25', 'F104', 'F71-mbenson@apache.org', 'F3-Integer', 'F41', 'F117', 'F115', 'F71-djones@apache.org', 'F77', 'F15-public', 'F3-String', 'F71-britter@apache.org', 'F3-boolean[]', 'F3-Throwable', 'F3-ArrayUtils.toObject(b)', 'F71-mcucchiara@apache.org', 'F71-joehni@apache.org', 'F71-pbenedict@apache.org', 'F3-new EqualsBuilder().append(obj1 obj2).isEquals()', 'F71-oheger@apache.org', 'F71-jcarman@apache.org', 'F3-ArrayUtils.nullToEmpty(original)', 'F3-byte[]', 'F71-brentworden@apache.org', 'F101', 'F71-scolebourne@apache.org', 'F3-!new EqualsBuilder().append(obj1 obj2).isEquals()', 'F116', 'F71-chas@apache.org', 'F3-new ToStringBuilder(base).append(array).toString()'}
    F72   F25         ...         F71-mbenson@apache.org F71-sebb@apache.org
1  2238  1386         ...                              1                   1
2  2238  1386         ...                              1                   1
3  2562  1663         ...                              1                   1

[3 rows x 52 columns]
;.;
        F72         ...           F71-sebb@apache.org
0  0.816014         ...                           1.0
1  0.816014         ...                           1.0
2  1.000000         ...                           1.0

[3 rows x 52 columns]
training_x: (725, 52)
training_y: 725
testset_x: (786, 52)
testset_y: 786
              precision    recall  f1-score   support

           0       0.97      1.00      0.98       744
           1       0.87      0.48      0.62        42

    accuracy                           0.97       786
   macro avg       0.92      0.74      0.80       786
weighted avg       0.97      0.97      0.96       786

accuracy: 0.9681933842239185
0.6153846153846153
@@@ tn: 741, fp: 3, fn: 22, tp: 20
@@@ LIME - Creating explainer
@@@ LIME - Random Sampling of Instances
iter: 0, sample_no: 320, actual label: 0, predicted: 0
iter: 1, sample_no: 418, actual label: 0, predicted: 0
iter: 2, sample_no: 176, actual label: 0, predicted: 0
iter: 3, sample_no: 461, actual label: 0, predicted: 0
iter: 4, sample_no: 11, actual label: 0, predicted: 0
iter: 5, sample_no: 413, actual label: 0, predicted: 0
iter: 6, sample_no: 774, actual label: 0, predicted: 0
iter: 7, sample_no: 67, actual label: 0, predicted: 0
iter: 8, sample_no: 469, actual label: 0, predicted: 0
iter: 9, sample_no: 271, actual label: 0, predicted: 0
iter: 10, sample_no: 519, actual label: 0, predicted: 0
iter: 11, sample_no: 139, actual label: 0, predicted: 0
iter: 12, sample_no: 203, actual label: 0, predicted: 0
iter: 13, sample_no: 586, actual label: 0, predicted: 0
iter: 14, sample_no: 354, actual label: 0, predicted: 0
iter: 15, sample_no: 477, actual label: 0, predicted: 0
iter: 16, sample_no: 158, actual label: 0, predicted: 0
iter: 17, sample_no: 715, actual label: 1, predicted: 0
iter: 18, sample_no: 488, actual label: 0, predicted: 0
iter: 19, sample_no: 605, actual label: 0, predicted: 0
iter: 20, sample_no: 451, actual label: 1, predicted: 1
iter: 21, sample_no: 265, actual label: 0, predicted: 0
iter: 22, sample_no: 144, actual label: 0, predicted: 0
iter: 23, sample_no: 579, actual label: 0, predicted: 0
iter: 24, sample_no: 199, actual label: 0, predicted: 0
number of samples: 786
AUC 0.8818324372759856
pos_get 42
total recall stop_at 1.0
@@@ C - Repeat number: 2
@@@ D - common_header:  {'F110', 'F71-kinow@apache.org', 'category', 'F71-ggregory@apache.org', 'F15-protected', 'F126', 'F3-ArrayUtils.isSameLength(nullArray nullArray)', 'F71-bayard@apache.org', 'F3-NA', 'F3-char', 'F123', 'F71-sebb@apache.org', 'F65', 'F68', 'F3-int', 'F3-boolean', 'F120', 'F71-niallp@apache.org', 'F105', 'F22', 'F72', 'F3-null', 'F15-NA', 'F25', 'F104', 'F71-mbenson@apache.org', 'F3-Integer', 'F41', 'F117', 'F115', 'F71-djones@apache.org', 'F77', 'F15-public', 'F3-String', 'F71-britter@apache.org', 'F3-boolean[]', 'F3-Throwable', 'F3-ArrayUtils.toObject(b)', 'F71-mcucchiara@apache.org', 'F71-joehni@apache.org', 'F71-pbenedict@apache.org', 'F3-new EqualsBuilder().append(obj1 obj2).isEquals()', 'F71-oheger@apache.org', 'F71-jcarman@apache.org', 'F3-ArrayUtils.nullToEmpty(original)', 'F3-byte[]', 'F71-brentworden@apache.org', 'F101', 'F71-scolebourne@apache.org', 'F3-!new EqualsBuilder().append(obj1 obj2).isEquals()', 'F116', 'F71-chas@apache.org', 'F3-new ToStringBuilder(base).append(array).toString()'}
    F72   F25         ...         F71-mbenson@apache.org F71-sebb@apache.org
1  2238  1386         ...                              1                   1
2  2238  1386         ...                              1                   1
3  2562  1663         ...                              1                   1

[3 rows x 52 columns]
;.;
        F72         ...           F71-sebb@apache.org
0  0.816014         ...                           1.0
1  0.816014         ...                           1.0
2  1.000000         ...                           1.0

[3 rows x 52 columns]
training_x: (725, 52)
training_y: 725
testset_x: (786, 52)
testset_y: 786
              precision    recall  f1-score   support

           0       0.97      1.00      0.98       744
           1       0.87      0.48      0.62        42

    accuracy                           0.97       786
   macro avg       0.92      0.74      0.80       786
weighted avg       0.97      0.97      0.96       786

accuracy: 0.9681933842239185
0.6153846153846153
@@@ tn: 741, fp: 3, fn: 22, tp: 20
@@@ LIME - Creating explainer
@@@ LIME - Random Sampling of Instances
iter: 0, sample_no: 419, actual label: 0, predicted: 0
iter: 1, sample_no: 250, actual label: 0, predicted: 0
iter: 2, sample_no: 446, actual label: 0, predicted: 0
iter: 3, sample_no: 766, actual label: 0, predicted: 0
iter: 4, sample_no: 494, actual label: 0, predicted: 0
iter: 5, sample_no: 513, actual label: 0, predicted: 0
iter: 6, sample_no: 426, actual label: 0, predicted: 0
iter: 7, sample_no: 439, actual label: 1, predicted: 0
iter: 8, sample_no: 756, actual label: 0, predicted: 0
iter: 9, sample_no: 471, actual label: 0, predicted: 0
iter: 10, sample_no: 275, actual label: 0, predicted: 0
iter: 11, sample_no: 492, actual label: 0, predicted: 0
iter: 12, sample_no: 403, actual label: 0, predicted: 0
iter: 13, sample_no: 604, actual label: 0, predicted: 0
iter: 14, sample_no: 753, actual label: 0, predicted: 0
iter: 15, sample_no: 291, actual label: 0, predicted: 0
iter: 16, sample_no: 308, actual label: 0, predicted: 0
iter: 17, sample_no: 466, actual label: 0, predicted: 0
iter: 18, sample_no: 541, actual label: 0, predicted: 0
iter: 19, sample_no: 346, actual label: 0, predicted: 0
iter: 20, sample_no: 462, actual label: 0, predicted: 0
iter: 21, sample_no: 183, actual label: 0, predicted: 0
iter: 22, sample_no: 288, actual label: 0, predicted: 0
iter: 23, sample_no: 121, actual label: 0, predicted: 0
iter: 24, sample_no: 307, actual label: 0, predicted: 0
number of samples: 786
AUC 0.8818324372759856
pos_get 42
total recall stop_at 1.0
@@@ C - Repeat number: 3
@@@ D - common_header:  {'F110', 'F71-kinow@apache.org', 'category', 'F71-ggregory@apache.org', 'F15-protected', 'F126', 'F3-ArrayUtils.isSameLength(nullArray nullArray)', 'F71-bayard@apache.org', 'F3-NA', 'F3-char', 'F123', 'F71-sebb@apache.org', 'F65', 'F68', 'F3-int', 'F3-boolean', 'F120', 'F71-niallp@apache.org', 'F105', 'F22', 'F72', 'F3-null', 'F15-NA', 'F25', 'F104', 'F71-mbenson@apache.org', 'F3-Integer', 'F41', 'F117', 'F115', 'F71-djones@apache.org', 'F77', 'F15-public', 'F3-String', 'F71-britter@apache.org', 'F3-boolean[]', 'F3-Throwable', 'F3-ArrayUtils.toObject(b)', 'F71-mcucchiara@apache.org', 'F71-joehni@apache.org', 'F71-pbenedict@apache.org', 'F3-new EqualsBuilder().append(obj1 obj2).isEquals()', 'F71-oheger@apache.org', 'F71-jcarman@apache.org', 'F3-ArrayUtils.nullToEmpty(original)', 'F3-byte[]', 'F71-brentworden@apache.org', 'F101', 'F71-scolebourne@apache.org', 'F3-!new EqualsBuilder().append(obj1 obj2).isEquals()', 'F116', 'F71-chas@apache.org', 'F3-new ToStringBuilder(base).append(array).toString()'}
    F72   F25         ...         F71-mbenson@apache.org F71-sebb@apache.org
1  2238  1386         ...                              1                   1
2  2238  1386         ...                              1                   1
3  2562  1663         ...                              1                   1

[3 rows x 52 columns]
;.;
        F72         ...           F71-sebb@apache.org
0  0.816014         ...                           1.0
1  0.816014         ...                           1.0
2  1.000000         ...                           1.0

[3 rows x 52 columns]
training_x: (725, 52)
training_y: 725
testset_x: (786, 52)
testset_y: 786
              precision    recall  f1-score   support

           0       0.97      1.00      0.98       744
           1       0.87      0.48      0.62        42

    accuracy                           0.97       786
   macro avg       0.92      0.74      0.80       786
weighted avg       0.97      0.97      0.96       786

accuracy: 0.9681933842239185
0.6153846153846153
@@@ tn: 741, fp: 3, fn: 22, tp: 20
@@@ LIME - Creating explainer
@@@ LIME - Random Sampling of Instances
iter: 0, sample_no: 414, actual label: 0, predicted: 0
iter: 1, sample_no: 572, actual label: 0, predicted: 0
iter: 2, sample_no: 319, actual label: 0, predicted: 0
iter: 3, sample_no: 163, actual label: 0, predicted: 0
iter: 4, sample_no: 115, actual label: 0, predicted: 0
iter: 5, sample_no: 262, actual label: 0, predicted: 0
iter: 6, sample_no: 722, actual label: 0, predicted: 0
iter: 7, sample_no: 86, actual label: 0, predicted: 0
iter: 8, sample_no: 403, actual label: 0, predicted: 0
iter: 9, sample_no: 671, actual label: 0, predicted: 0
iter: 10, sample_no: 259, actual label: 0, predicted: 0
iter: 11, sample_no: 198, actual label: 0, predicted: 0
iter: 12, sample_no: 25, actual label: 0, predicted: 0
iter: 13, sample_no: 367, actual label: 0, predicted: 0
iter: 14, sample_no: 347, actual label: 0, predicted: 0
iter: 15, sample_no: 284, actual label: 0, predicted: 0
iter: 16, sample_no: 435, actual label: 1, predicted: 0
iter: 17, sample_no: 58, actual label: 0, predicted: 0
iter: 18, sample_no: 109, actual label: 0, predicted: 0
iter: 19, sample_no: 54, actual label: 0, predicted: 0
iter: 20, sample_no: 543, actual label: 0, predicted: 0
iter: 21, sample_no: 15, actual label: 0, predicted: 0
iter: 22, sample_no: 129, actual label: 0, predicted: 0
iter: 23, sample_no: 561, actual label: 0, predicted: 0
iter: 24, sample_no: 194, actual label: 0, predicted: 0
number of samples: 786
AUC 0.8818324372759856
pos_get 42
total recall stop_at 1.0
@@@ C - Repeat number: 4
@@@ D - common_header:  {'F110', 'F71-kinow@apache.org', 'category', 'F71-ggregory@apache.org', 'F15-protected', 'F126', 'F3-ArrayUtils.isSameLength(nullArray nullArray)', 'F71-bayard@apache.org', 'F3-NA', 'F3-char', 'F123', 'F71-sebb@apache.org', 'F65', 'F68', 'F3-int', 'F3-boolean', 'F120', 'F71-niallp@apache.org', 'F105', 'F22', 'F72', 'F3-null', 'F15-NA', 'F25', 'F104', 'F71-mbenson@apache.org', 'F3-Integer', 'F41', 'F117', 'F115', 'F71-djones@apache.org', 'F77', 'F15-public', 'F3-String', 'F71-britter@apache.org', 'F3-boolean[]', 'F3-Throwable', 'F3-ArrayUtils.toObject(b)', 'F71-mcucchiara@apache.org', 'F71-joehni@apache.org', 'F71-pbenedict@apache.org', 'F3-new EqualsBuilder().append(obj1 obj2).isEquals()', 'F71-oheger@apache.org', 'F71-jcarman@apache.org', 'F3-ArrayUtils.nullToEmpty(original)', 'F3-byte[]', 'F71-brentworden@apache.org', 'F101', 'F71-scolebourne@apache.org', 'F3-!new EqualsBuilder().append(obj1 obj2).isEquals()', 'F116', 'F71-chas@apache.org', 'F3-new ToStringBuilder(base).append(array).toString()'}
    F72   F25         ...         F71-mbenson@apache.org F71-sebb@apache.org
1  2238  1386         ...                              1                   1
2  2238  1386         ...                              1                   1
3  2562  1663         ...                              1                   1

[3 rows x 52 columns]
;.;
        F72         ...           F71-sebb@apache.org
0  0.816014         ...                           1.0
1  0.816014         ...                           1.0
2  1.000000         ...                           1.0

[3 rows x 52 columns]
training_x: (725, 52)
training_y: 725
testset_x: (786, 52)
testset_y: 786
              precision    recall  f1-score   support

           0       0.97      1.00      0.98       744
           1       0.87      0.48      0.62        42

    accuracy                           0.97       786
   macro avg       0.92      0.74      0.80       786
weighted avg       0.97      0.97      0.96       786

accuracy: 0.9681933842239185
0.6153846153846153
@@@ tn: 741, fp: 3, fn: 22, tp: 20
@@@ LIME - Creating explainer
@@@ LIME - Random Sampling of Instances
iter: 0, sample_no: 189, actual label: 0, predicted: 0
iter: 1, sample_no: 459, actual label: 0, predicted: 0
iter: 2, sample_no: 307, actual label: 0, predicted: 0
iter: 3, sample_no: 584, actual label: 0, predicted: 0
iter: 4, sample_no: 446, actual label: 0, predicted: 0
iter: 5, sample_no: 479, actual label: 0, predicted: 0
iter: 6, sample_no: 28, actual label: 0, predicted: 0
iter: 7, sample_no: 756, actual label: 0, predicted: 0
iter: 8, sample_no: 603, actual label: 0, predicted: 0
iter: 9, sample_no: 752, actual label: 0, predicted: 0
iter: 10, sample_no: 472, actual label: 0, predicted: 0
iter: 11, sample_no: 384, actual label: 0, predicted: 0
iter: 12, sample_no: 379, actual label: 0, predicted: 0
iter: 13, sample_no: 276, actual label: 0, predicted: 0
iter: 14, sample_no: 134, actual label: 0, predicted: 0
iter: 15, sample_no: 683, actual label: 0, predicted: 0
iter: 16, sample_no: 180, actual label: 0, predicted: 0
iter: 17, sample_no: 105, actual label: 0, predicted: 0
iter: 18, sample_no: 96, actual label: 0, predicted: 0
iter: 19, sample_no: 669, actual label: 0, predicted: 0
iter: 20, sample_no: 131, actual label: 0, predicted: 0
iter: 21, sample_no: 80, actual label: 0, predicted: 0
iter: 22, sample_no: 375, actual label: 0, predicted: 0
iter: 23, sample_no: 671, actual label: 0, predicted: 0
iter: 24, sample_no: 539, actual label: 0, predicted: 0
number of samples: 786
AUC 0.8818324372759856
pos_get 42
total recall stop_at 1.0
@@@ C - Repeat number: 5
@@@ D - common_header:  {'F110', 'F71-kinow@apache.org', 'category', 'F71-ggregory@apache.org', 'F15-protected', 'F126', 'F3-ArrayUtils.isSameLength(nullArray nullArray)', 'F71-bayard@apache.org', 'F3-NA', 'F3-char', 'F123', 'F71-sebb@apache.org', 'F65', 'F68', 'F3-int', 'F3-boolean', 'F120', 'F71-niallp@apache.org', 'F105', 'F22', 'F72', 'F3-null', 'F15-NA', 'F25', 'F104', 'F71-mbenson@apache.org', 'F3-Integer', 'F41', 'F117', 'F115', 'F71-djones@apache.org', 'F77', 'F15-public', 'F3-String', 'F71-britter@apache.org', 'F3-boolean[]', 'F3-Throwable', 'F3-ArrayUtils.toObject(b)', 'F71-mcucchiara@apache.org', 'F71-joehni@apache.org', 'F71-pbenedict@apache.org', 'F3-new EqualsBuilder().append(obj1 obj2).isEquals()', 'F71-oheger@apache.org', 'F71-jcarman@apache.org', 'F3-ArrayUtils.nullToEmpty(original)', 'F3-byte[]', 'F71-brentworden@apache.org', 'F101', 'F71-scolebourne@apache.org', 'F3-!new EqualsBuilder().append(obj1 obj2).isEquals()', 'F116', 'F71-chas@apache.org', 'F3-new ToStringBuilder(base).append(array).toString()'}
    F72   F25         ...         F71-mbenson@apache.org F71-sebb@apache.org
1  2238  1386         ...                              1                   1
2  2238  1386         ...                              1                   1
3  2562  1663         ...                              1                   1

[3 rows x 52 columns]
;.;
        F72         ...           F71-sebb@apache.org
0  0.816014         ...                           1.0
1  0.816014         ...                           1.0
2  1.000000         ...                           1.0

[3 rows x 52 columns]
training_x: (725, 52)
training_y: 725
testset_x: (786, 52)
testset_y: 786
              precision    recall  f1-score   support

           0       0.97      1.00      0.98       744
           1       0.87      0.48      0.62        42

    accuracy                           0.97       786
   macro avg       0.92      0.74      0.80       786
weighted avg       0.97      0.97      0.96       786

accuracy: 0.9681933842239185
0.6153846153846153
@@@ tn: 741, fp: 3, fn: 22, tp: 20
@@@ LIME - Creating explainer
@@@ LIME - Random Sampling of Instances
iter: 0, sample_no: 135, actual label: 0, predicted: 0
iter: 1, sample_no: 635, actual label: 0, predicted: 0
iter: 2, sample_no: 350, actual label: 0, predicted: 0
iter: 3, sample_no: 273, actual label: 0, predicted: 0
iter: 4, sample_no: 760, actual label: 0, predicted: 0
iter: 5, sample_no: 598, actual label: 0, predicted: 0
iter: 6, sample_no: 215, actual label: 0, predicted: 0
iter: 7, sample_no: 97, actual label: 0, predicted: 0
iter: 8, sample_no: 320, actual label: 0, predicted: 0
iter: 9, sample_no: 65, actual label: 0, predicted: 0
iter: 10, sample_no: 28, actual label: 0, predicted: 0
iter: 11, sample_no: 296, actual label: 0, predicted: 0
iter: 12, sample_no: 319, actual label: 0, predicted: 0
iter: 13, sample_no: 206, actual label: 0, predicted: 0
iter: 14, sample_no: 536, actual label: 0, predicted: 0
iter: 15, sample_no: 712, actual label: 0, predicted: 0
iter: 16, sample_no: 486, actual label: 0, predicted: 0
iter: 17, sample_no: 637, actual label: 0, predicted: 0
iter: 18, sample_no: 145, actual label: 0, predicted: 0
iter: 19, sample_no: 295, actual label: 0, predicted: 0
iter: 20, sample_no: 23, actual label: 0, predicted: 0
iter: 21, sample_no: 386, actual label: 0, predicted: 0
iter: 22, sample_no: 484, actual label: 0, predicted: 0
iter: 23, sample_no: 703, actual label: 0, predicted: 0
iter: 24, sample_no: 506, actual label: 0, predicted: 0
number of samples: 786
AUC 0.8818324372759856
pos_get 42
total recall stop_at 1.0
@@@ C - Repeat number: 6
@@@ D - common_header:  {'F110', 'F71-kinow@apache.org', 'category', 'F71-ggregory@apache.org', 'F15-protected', 'F126', 'F3-ArrayUtils.isSameLength(nullArray nullArray)', 'F71-bayard@apache.org', 'F3-NA', 'F3-char', 'F123', 'F71-sebb@apache.org', 'F65', 'F68', 'F3-int', 'F3-boolean', 'F120', 'F71-niallp@apache.org', 'F105', 'F22', 'F72', 'F3-null', 'F15-NA', 'F25', 'F104', 'F71-mbenson@apache.org', 'F3-Integer', 'F41', 'F117', 'F115', 'F71-djones@apache.org', 'F77', 'F15-public', 'F3-String', 'F71-britter@apache.org', 'F3-boolean[]', 'F3-Throwable', 'F3-ArrayUtils.toObject(b)', 'F71-mcucchiara@apache.org', 'F71-joehni@apache.org', 'F71-pbenedict@apache.org', 'F3-new EqualsBuilder().append(obj1 obj2).isEquals()', 'F71-oheger@apache.org', 'F71-jcarman@apache.org', 'F3-ArrayUtils.nullToEmpty(original)', 'F3-byte[]', 'F71-brentworden@apache.org', 'F101', 'F71-scolebourne@apache.org', 'F3-!new EqualsBuilder().append(obj1 obj2).isEquals()', 'F116', 'F71-chas@apache.org', 'F3-new ToStringBuilder(base).append(array).toString()'}
    F72   F25         ...         F71-mbenson@apache.org F71-sebb@apache.org
1  2238  1386         ...                              1                   1
2  2238  1386         ...                              1                   1
3  2562  1663         ...                              1                   1

[3 rows x 52 columns]
;.;
        F72         ...           F71-sebb@apache.org
0  0.816014         ...                           1.0
1  0.816014         ...                           1.0
2  1.000000         ...                           1.0

[3 rows x 52 columns]
training_x: (725, 52)
training_y: 725
testset_x: (786, 52)
testset_y: 786
              precision    recall  f1-score   support

           0       0.97      1.00      0.98       744
           1       0.87      0.48      0.62        42

    accuracy                           0.97       786
   macro avg       0.92      0.74      0.80       786
weighted avg       0.97      0.97      0.96       786

accuracy: 0.9681933842239185
0.6153846153846153
@@@ tn: 741, fp: 3, fn: 22, tp: 20
@@@ LIME - Creating explainer
@@@ LIME - Random Sampling of Instances
iter: 0, sample_no: 512, actual label: 0, predicted: 0
iter: 1, sample_no: 429, actual label: 0, predicted: 0
iter: 2, sample_no: 460, actual label: 0, predicted: 0
iter: 3, sample_no: 431, actual label: 0, predicted: 0
iter: 4, sample_no: 624, actual label: 0, predicted: 0
iter: 5, sample_no: 718, actual label: 0, predicted: 0
iter: 6, sample_no: 67, actual label: 0, predicted: 0
iter: 7, sample_no: 532, actual label: 0, predicted: 0
iter: 8, sample_no: 224, actual label: 0, predicted: 0
iter: 9, sample_no: 164, actual label: 0, predicted: 0
iter: 10, sample_no: 106, actual label: 0, predicted: 0
iter: 11, sample_no: 742, actual label: 0, predicted: 0
iter: 12, sample_no: 93, actual label: 0, predicted: 0
iter: 13, sample_no: 327, actual label: 0, predicted: 0
iter: 14, sample_no: 655, actual label: 0, predicted: 0
iter: 15, sample_no: 106, actual label: 0, predicted: 0
iter: 16, sample_no: 781, actual label: 0, predicted: 0
iter: 17, sample_no: 401, actual label: 0, predicted: 0
iter: 18, sample_no: 520, actual label: 0, predicted: 0
iter: 19, sample_no: 505, actual label: 0, predicted: 0
iter: 20, sample_no: 59, actual label: 0, predicted: 0
iter: 21, sample_no: 485, actual label: 0, predicted: 0
iter: 22, sample_no: 87, actual label: 0, predicted: 0
iter: 23, sample_no: 129, actual label: 0, predicted: 0
iter: 24, sample_no: 571, actual label: 0, predicted: 0
number of samples: 786
AUC 0.8818324372759856
pos_get 42
total recall stop_at 1.0
@@@ C - Repeat number: 7
@@@ D - common_header:  {'F110', 'F71-kinow@apache.org', 'category', 'F71-ggregory@apache.org', 'F15-protected', 'F126', 'F3-ArrayUtils.isSameLength(nullArray nullArray)', 'F71-bayard@apache.org', 'F3-NA', 'F3-char', 'F123', 'F71-sebb@apache.org', 'F65', 'F68', 'F3-int', 'F3-boolean', 'F120', 'F71-niallp@apache.org', 'F105', 'F22', 'F72', 'F3-null', 'F15-NA', 'F25', 'F104', 'F71-mbenson@apache.org', 'F3-Integer', 'F41', 'F117', 'F115', 'F71-djones@apache.org', 'F77', 'F15-public', 'F3-String', 'F71-britter@apache.org', 'F3-boolean[]', 'F3-Throwable', 'F3-ArrayUtils.toObject(b)', 'F71-mcucchiara@apache.org', 'F71-joehni@apache.org', 'F71-pbenedict@apache.org', 'F3-new EqualsBuilder().append(obj1 obj2).isEquals()', 'F71-oheger@apache.org', 'F71-jcarman@apache.org', 'F3-ArrayUtils.nullToEmpty(original)', 'F3-byte[]', 'F71-brentworden@apache.org', 'F101', 'F71-scolebourne@apache.org', 'F3-!new EqualsBuilder().append(obj1 obj2).isEquals()', 'F116', 'F71-chas@apache.org', 'F3-new ToStringBuilder(base).append(array).toString()'}
    F72   F25         ...         F71-mbenson@apache.org F71-sebb@apache.org
1  2238  1386         ...                              1                   1
2  2238  1386         ...                              1                   1
3  2562  1663         ...                              1                   1

[3 rows x 52 columns]
;.;
        F72         ...           F71-sebb@apache.org
0  0.816014         ...                           1.0
1  0.816014         ...                           1.0
2  1.000000         ...                           1.0

[3 rows x 52 columns]
training_x: (725, 52)
training_y: 725
testset_x: (786, 52)
testset_y: 786
              precision    recall  f1-score   support

           0       0.97      1.00      0.98       744
           1       0.87      0.48      0.62        42

    accuracy                           0.97       786
   macro avg       0.92      0.74      0.80       786
weighted avg       0.97      0.97      0.96       786

accuracy: 0.9681933842239185
0.6153846153846153
@@@ tn: 741, fp: 3, fn: 22, tp: 20
@@@ LIME - Creating explainer
@@@ LIME - Random Sampling of Instances
iter: 0, sample_no: 426, actual label: 0, predicted: 0
iter: 1, sample_no: 55, actual label: 0, predicted: 0
iter: 2, sample_no: 185, actual label: 0, predicted: 0
iter: 3, sample_no: 126, actual label: 0, predicted: 0
iter: 4, sample_no: 31, actual label: 0, predicted: 0
iter: 5, sample_no: 707, actual label: 0, predicted: 0
iter: 6, sample_no: 580, actual label: 0, predicted: 0
iter: 7, sample_no: 333, actual label: 1, predicted: 1
iter: 8, sample_no: 580, actual label: 0, predicted: 0
iter: 9, sample_no: 144, actual label: 0, predicted: 0
iter: 10, sample_no: 454, actual label: 0, predicted: 0
iter: 11, sample_no: 213, actual label: 0, predicted: 0
iter: 12, sample_no: 755, actual label: 0, predicted: 0
iter: 13, sample_no: 242, actual label: 0, predicted: 0
iter: 14, sample_no: 469, actual label: 0, predicted: 0
iter: 15, sample_no: 600, actual label: 0, predicted: 0
iter: 16, sample_no: 344, actual label: 0, predicted: 0
iter: 17, sample_no: 593, actual label: 0, predicted: 0
iter: 18, sample_no: 39, actual label: 0, predicted: 0
iter: 19, sample_no: 169, actual label: 0, predicted: 0
iter: 20, sample_no: 663, actual label: 0, predicted: 0
iter: 21, sample_no: 326, actual label: 0, predicted: 0
iter: 22, sample_no: 582, actual label: 0, predicted: 0
iter: 23, sample_no: 361, actual label: 0, predicted: 0
iter: 24, sample_no: 200, actual label: 0, predicted: 0
number of samples: 786
AUC 0.8818324372759856
pos_get 42
total recall stop_at 1.0
@@@ C - Repeat number: 8
@@@ D - common_header:  {'F110', 'F71-kinow@apache.org', 'category', 'F71-ggregory@apache.org', 'F15-protected', 'F126', 'F3-ArrayUtils.isSameLength(nullArray nullArray)', 'F71-bayard@apache.org', 'F3-NA', 'F3-char', 'F123', 'F71-sebb@apache.org', 'F65', 'F68', 'F3-int', 'F3-boolean', 'F120', 'F71-niallp@apache.org', 'F105', 'F22', 'F72', 'F3-null', 'F15-NA', 'F25', 'F104', 'F71-mbenson@apache.org', 'F3-Integer', 'F41', 'F117', 'F115', 'F71-djones@apache.org', 'F77', 'F15-public', 'F3-String', 'F71-britter@apache.org', 'F3-boolean[]', 'F3-Throwable', 'F3-ArrayUtils.toObject(b)', 'F71-mcucchiara@apache.org', 'F71-joehni@apache.org', 'F71-pbenedict@apache.org', 'F3-new EqualsBuilder().append(obj1 obj2).isEquals()', 'F71-oheger@apache.org', 'F71-jcarman@apache.org', 'F3-ArrayUtils.nullToEmpty(original)', 'F3-byte[]', 'F71-brentworden@apache.org', 'F101', 'F71-scolebourne@apache.org', 'F3-!new EqualsBuilder().append(obj1 obj2).isEquals()', 'F116', 'F71-chas@apache.org', 'F3-new ToStringBuilder(base).append(array).toString()'}
    F72   F25         ...         F71-mbenson@apache.org F71-sebb@apache.org
1  2238  1386         ...                              1                   1
2  2238  1386         ...                              1                   1
3  2562  1663         ...                              1                   1

[3 rows x 52 columns]
;.;
        F72         ...           F71-sebb@apache.org
0  0.816014         ...                           1.0
1  0.816014         ...                           1.0
2  1.000000         ...                           1.0

[3 rows x 52 columns]
training_x: (725, 52)
training_y: 725
testset_x: (786, 52)
testset_y: 786
              precision    recall  f1-score   support

           0       0.97      1.00      0.98       744
           1       0.87      0.48      0.62        42

    accuracy                           0.97       786
   macro avg       0.92      0.74      0.80       786
weighted avg       0.97      0.97      0.96       786

accuracy: 0.9681933842239185
0.6153846153846153
@@@ tn: 741, fp: 3, fn: 22, tp: 20
@@@ LIME - Creating explainer
@@@ LIME - Random Sampling of Instances
iter: 0, sample_no: 688, actual label: 0, predicted: 0
iter: 1, sample_no: 698, actual label: 0, predicted: 0
iter: 2, sample_no: 319, actual label: 0, predicted: 0
iter: 3, sample_no: 728, actual label: 0, predicted: 0
iter: 4, sample_no: 731, actual label: 0, predicted: 0
iter: 5, sample_no: 103, actual label: 0, predicted: 0
iter: 6, sample_no: 560, actual label: 0, predicted: 0
iter: 7, sample_no: 662, actual label: 0, predicted: 0
iter: 8, sample_no: 82, actual label: 0, predicted: 0
iter: 9, sample_no: 591, actual label: 0, predicted: 0
iter: 10, sample_no: 148, actual label: 0, predicted: 0
iter: 11, sample_no: 130, actual label: 0, predicted: 0
iter: 12, sample_no: 44, actual label: 0, predicted: 0
iter: 13, sample_no: 147, actual label: 0, predicted: 0
iter: 14, sample_no: 66, actual label: 0, predicted: 0
iter: 15, sample_no: 569, actual label: 0, predicted: 0
iter: 16, sample_no: 29, actual label: 0, predicted: 0
iter: 17, sample_no: 751, actual label: 0, predicted: 0
iter: 18, sample_no: 784, actual label: 0, predicted: 0
iter: 19, sample_no: 559, actual label: 0, predicted: 0
iter: 20, sample_no: 112, actual label: 0, predicted: 0
iter: 21, sample_no: 34, actual label: 0, predicted: 0
iter: 22, sample_no: 109, actual label: 0, predicted: 0
iter: 23, sample_no: 504, actual label: 0, predicted: 0
iter: 24, sample_no: 324, actual label: 0, predicted: 0
number of samples: 786
AUC 0.8818324372759856
pos_get 42
total recall stop_at 1.0
@@@ C - Repeat number: 9
@@@ D - common_header:  {'F110', 'F71-kinow@apache.org', 'category', 'F71-ggregory@apache.org', 'F15-protected', 'F126', 'F3-ArrayUtils.isSameLength(nullArray nullArray)', 'F71-bayard@apache.org', 'F3-NA', 'F3-char', 'F123', 'F71-sebb@apache.org', 'F65', 'F68', 'F3-int', 'F3-boolean', 'F120', 'F71-niallp@apache.org', 'F105', 'F22', 'F72', 'F3-null', 'F15-NA', 'F25', 'F104', 'F71-mbenson@apache.org', 'F3-Integer', 'F41', 'F117', 'F115', 'F71-djones@apache.org', 'F77', 'F15-public', 'F3-String', 'F71-britter@apache.org', 'F3-boolean[]', 'F3-Throwable', 'F3-ArrayUtils.toObject(b)', 'F71-mcucchiara@apache.org', 'F71-joehni@apache.org', 'F71-pbenedict@apache.org', 'F3-new EqualsBuilder().append(obj1 obj2).isEquals()', 'F71-oheger@apache.org', 'F71-jcarman@apache.org', 'F3-ArrayUtils.nullToEmpty(original)', 'F3-byte[]', 'F71-brentworden@apache.org', 'F101', 'F71-scolebourne@apache.org', 'F3-!new EqualsBuilder().append(obj1 obj2).isEquals()', 'F116', 'F71-chas@apache.org', 'F3-new ToStringBuilder(base).append(array).toString()'}
    F72   F25         ...         F71-mbenson@apache.org F71-sebb@apache.org
1  2238  1386         ...                              1                   1
2  2238  1386         ...                              1                   1
3  2562  1663         ...                              1                   1

[3 rows x 52 columns]
;.;
        F72         ...           F71-sebb@apache.org
0  0.816014         ...                           1.0
1  0.816014         ...                           1.0
2  1.000000         ...                           1.0

[3 rows x 52 columns]
training_x: (725, 52)
training_y: 725
testset_x: (786, 52)
testset_y: 786
              precision    recall  f1-score   support

           0       0.97      1.00      0.98       744
           1       0.87      0.48      0.62        42

    accuracy                           0.97       786
   macro avg       0.92      0.74      0.80       786
weighted avg       0.97      0.97      0.96       786

accuracy: 0.9681933842239185
0.6153846153846153
@@@ tn: 741, fp: 3, fn: 22, tp: 20
@@@ LIME - Creating explainer
@@@ LIME - Random Sampling of Instances
iter: 0, sample_no: 57, actual label: 0, predicted: 0
iter: 1, sample_no: 214, actual label: 0, predicted: 0
iter: 2, sample_no: 518, actual label: 0, predicted: 0
iter: 3, sample_no: 695, actual label: 0, predicted: 0
iter: 4, sample_no: 592, actual label: 0, predicted: 0
iter: 5, sample_no: 662, actual label: 0, predicted: 0
iter: 6, sample_no: 781, actual label: 0, predicted: 0
iter: 7, sample_no: 462, actual label: 0, predicted: 0
iter: 8, sample_no: 324, actual label: 0, predicted: 0
iter: 9, sample_no: 529, actual label: 0, predicted: 0
iter: 10, sample_no: 680, actual label: 0, predicted: 0
iter: 11, sample_no: 616, actual label: 0, predicted: 0
iter: 12, sample_no: 350, actual label: 0, predicted: 0
iter: 13, sample_no: 484, actual label: 0, predicted: 0
iter: 14, sample_no: 202, actual label: 0, predicted: 0
iter: 15, sample_no: 137, actual label: 0, predicted: 0
iter: 16, sample_no: 259, actual label: 0, predicted: 0
iter: 17, sample_no: 673, actual label: 0, predicted: 0
iter: 18, sample_no: 230, actual label: 0, predicted: 0
iter: 19, sample_no: 293, actual label: 0, predicted: 0
iter: 20, sample_no: 347, actual label: 0, predicted: 0
iter: 21, sample_no: 552, actual label: 0, predicted: 0
iter: 22, sample_no: 622, actual label: 0, predicted: 0
iter: 23, sample_no: 128, actual label: 0, predicted: 0
iter: 24, sample_no: 98, actual label: 0, predicted: 0
number of samples: 786
AUC 0.8818324372759856
pos_get 42
total recall stop_at 1.0
@@@ C - Repeat number: 10
@@@ D - common_header:  {'F110', 'F71-kinow@apache.org', 'category', 'F71-ggregory@apache.org', 'F15-protected', 'F126', 'F3-ArrayUtils.isSameLength(nullArray nullArray)', 'F71-bayard@apache.org', 'F3-NA', 'F3-char', 'F123', 'F71-sebb@apache.org', 'F65', 'F68', 'F3-int', 'F3-boolean', 'F120', 'F71-niallp@apache.org', 'F105', 'F22', 'F72', 'F3-null', 'F15-NA', 'F25', 'F104', 'F71-mbenson@apache.org', 'F3-Integer', 'F41', 'F117', 'F115', 'F71-djones@apache.org', 'F77', 'F15-public', 'F3-String', 'F71-britter@apache.org', 'F3-boolean[]', 'F3-Throwable', 'F3-ArrayUtils.toObject(b)', 'F71-mcucchiara@apache.org', 'F71-joehni@apache.org', 'F71-pbenedict@apache.org', 'F3-new EqualsBuilder().append(obj1 obj2).isEquals()', 'F71-oheger@apache.org', 'F71-jcarman@apache.org', 'F3-ArrayUtils.nullToEmpty(original)', 'F3-byte[]', 'F71-brentworden@apache.org', 'F101', 'F71-scolebourne@apache.org', 'F3-!new EqualsBuilder().append(obj1 obj2).isEquals()', 'F116', 'F71-chas@apache.org', 'F3-new ToStringBuilder(base).append(array).toString()'}
    F72   F25         ...         F71-mbenson@apache.org F71-sebb@apache.org
1  2238  1386         ...                              1                   1
2  2238  1386         ...                              1                   1
3  2562  1663         ...                              1                   1

[3 rows x 52 columns]
;.;
        F72         ...           F71-sebb@apache.org
0  0.816014         ...                           1.0
1  0.816014         ...                           1.0
2  1.000000         ...                           1.0

[3 rows x 52 columns]
training_x: (725, 52)
training_y: 725
testset_x: (786, 52)
testset_y: 786
              precision    recall  f1-score   support

           0       0.97      1.00      0.98       744
           1       0.87      0.48      0.62        42

    accuracy                           0.97       786
   macro avg       0.92      0.74      0.80       786
weighted avg       0.97      0.97      0.96       786

accuracy: 0.9681933842239185
0.6153846153846153
@@@ tn: 741, fp: 3, fn: 22, tp: 20
@@@ LIME - Creating explainer
@@@ LIME - Random Sampling of Instances
/Users/author1/anaconda3/lib/python3.6/site-packages/tensorflow/python/framework/dtypes.py:463: FutureWarning: Passing (type, 1) or '1type' as a synonym of type is deprecated; in a future version of numpy, it will be understood as (type, (1,)) / '(1,)type'.
  _np_qint8 = np.dtype([("qint8", np.int8, 1)])
/Users/author1/anaconda3/lib/python3.6/site-packages/tensorflow/python/framework/dtypes.py:464: FutureWarning: Passing (type, 1) or '1type' as a synonym of type is deprecated; in a future version of numpy, it will be understood as (type, (1,)) / '(1,)type'.
  _np_quint8 = np.dtype([("quint8", np.uint8, 1)])
/Users/author1/anaconda3/lib/python3.6/site-packages/tensorflow/python/framework/dtypes.py:465: FutureWarning: Passing (type, 1) or '1type' as a synonym of type is deprecated; in a future version of numpy, it will be understood as (type, (1,)) / '(1,)type'.
  _np_qint16 = np.dtype([("qint16", np.int16, 1)])
/Users/author1/anaconda3/lib/python3.6/site-packages/tensorflow/python/framework/dtypes.py:466: FutureWarning: Passing (type, 1) or '1type' as a synonym of type is deprecated; in a future version of numpy, it will be understood as (type, (1,)) / '(1,)type'.
  _np_quint16 = np.dtype([("quint16", np.uint16, 1)])
/Users/author1/anaconda3/lib/python3.6/site-packages/tensorflow/python/framework/dtypes.py:467: FutureWarning: Passing (type, 1) or '1type' as a synonym of type is deprecated; in a future version of numpy, it will be understood as (type, (1,)) / '(1,)type'.
  _np_qint32 = np.dtype([("qint32", np.int32, 1)])
iter: 0, sample_no: 668, actual label: 0, predicted: 0
iter: 1, sample_no: 484, actual label: 0, predicted: 0
iter: 2, sample_no: 621, actual label: 0, predicted: 0
iter: 3, sample_no: 399, actual label: 0, predicted: 0
iter: 4, sample_no: 386, actual label: 0, predicted: 0
iter: 5, sample_no: 585, actual label: 0, predicted: 0
iter: 6, sample_no: 384, actual label: 0, predicted: 0
iter: 7, sample_no: 66, actual label: 0, predicted: 0
iter: 8, sample_no: 765, actual label: 0, predicted: 0
iter: 9, sample_no: 146, actual label: 0, predicted: 0
iter: 10, sample_no: 691, actual label: 0, predicted: 0
iter: 11, sample_no: 735, actual label: 0, predicted: 0
iter: 12, sample_no: 597, actual label: 0, predicted: 0
iter: 13, sample_no: 125, actual label: 0, predicted: 0
iter: 14, sample_no: 525, actual label: 0, predicted: 0
iter: 15, sample_no: 639, actual label: 0, predicted: 0
iter: 16, sample_no: 706, actual label: 0, predicted: 0
iter: 17, sample_no: 438, actual label: 1, predicted: 0
iter: 18, sample_no: 176, actual label: 0, predicted: 0
iter: 19, sample_no: 190, actual label: 0, predicted: 0
iter: 20, sample_no: 663, actual label: 0, predicted: 0
iter: 21, sample_no: 74, actual label: 1, predicted: 1
iter: 22, sample_no: 445, actual label: 0, predicted: 0
iter: 23, sample_no: 201, actual label: 0, predicted: 0
iter: 24, sample_no: 277, actual label: 0, predicted: 0
number of samples: 786
AUC 0.8818324372759856
pos_get 42
total recall stop_at 1.0
----------threshold stop at----------: 1
AUC [0.8818324372759856, 0.8818324372759856, 0.8818324372759856, 0.8818324372759856, 0.8818324372759856, 0.8818324372759856, 0.8818324372759856, 0.8818324372759856, 0.8818324372759856, 0.8818324372759856]
AUC_median 0.8818324372759856
AUC_iqr 0.0
cost [0.8027989821882952, 0.8027989821882952, 0.8027989821882952, 0.8027989821882952, 0.8027989821882952, 0.8027989821882952, 0.8027989821882952, 0.8027989821882952, 0.8027989821882952, 0.8027989821882952]
COST_med 0.8027989821882952
COST_iqr 0.0
f1_pos_list [0.6153846153846153, 0.6153846153846153, 0.6153846153846153, 0.6153846153846153, 0.6153846153846153, 0.6153846153846153, 0.6153846153846153, 0.6153846153846153, 0.6153846153846153, 0.6153846153846153]
f1_pos_med 0.6153846153846153
