@@@ A - classifier: SVC(C=1.0, break_ties=False, cache_size=200, class_weight='balanced', coef0=0.0,
    decision_function_shape='ovr', degree=3, gamma='scale', kernel='linear',
    max_iter=-1, probability=True, random_state=None, shrinking=True, tol=0.001,
    verbose=False)
@@@ B - threshold stop at: 1
@@@ C - Repeat number: 1
@@@ D - common_header:  {'F117', 'category', 'F110', 'F116', 'F120', 'F115'}
  F116   F117                 F120   F110 F115
1  1.0  0.125  0.11288569900999616  -0.75  1.0
2  1.0    0.1  0.11288569900999616   -0.8  1.0
3  1.0    0.1  0.11288569900999616   -0.8  1.0
;.;
   F116   F117      F120   F110  F115
0   1.0  0.125  0.260186  0.125   1.0
1   1.0  0.100  0.260186  0.100   1.0
2   1.0  0.100  0.260186  0.100   1.0
training_x: (604, 5)
training_y: 604
testset_x: (613, 5)
testset_y: 613
              precision    recall  f1-score   support

           0       0.98      0.93      0.95       468
           1       0.81      0.93      0.87       145

    accuracy                           0.93       613
   macro avg       0.89      0.93      0.91       613
weighted avg       0.94      0.93      0.93       613

accuracy: 0.9314845024469821
0.8653846153846153
@@@ tn: 436, fp: 32, fn: 10, tp: 135
@@@ LIME - Creating explainer
@@@ LIME - Random Sampling of Instances
iter: 0, sample_no: 320, actual label: 1, predicted: 1
iter: 1, sample_no: 570, actual label: 0, predicted: 0
iter: 2, sample_no: 404, actual label: 0, predicted: 0
iter: 3, sample_no: 21, actual label: 0, predicted: 0
iter: 4, sample_no: 320, actual label: 1, predicted: 1
iter: 5, sample_no: 178, actual label: 0, predicted: 0
iter: 6, sample_no: 166, actual label: 0, predicted: 0
iter: 7, sample_no: 221, actual label: 1, predicted: 0
iter: 8, sample_no: 195, actual label: 0, predicted: 0
iter: 9, sample_no: 475, actual label: 1, predicted: 1
iter: 10, sample_no: 10, actual label: 0, predicted: 0
iter: 11, sample_no: 187, actual label: 0, predicted: 1
iter: 12, sample_no: 398, actual label: 0, predicted: 0
iter: 13, sample_no: 365, actual label: 0, predicted: 0
iter: 14, sample_no: 434, actual label: 0, predicted: 0
iter: 15, sample_no: 250, actual label: 0, predicted: 0
iter: 16, sample_no: 454, actual label: 0, predicted: 0
iter: 17, sample_no: 296, actual label: 0, predicted: 0
iter: 18, sample_no: 496, actual label: 0, predicted: 1
iter: 19, sample_no: 164, actual label: 0, predicted: 0
iter: 20, sample_no: 533, actual label: 0, predicted: 0
iter: 21, sample_no: 41, actual label: 0, predicted: 0
iter: 22, sample_no: 344, actual label: 0, predicted: 0
iter: 23, sample_no: 146, actual label: 0, predicted: 1
iter: 24, sample_no: 395, actual label: 1, predicted: 1
number of samples: 613
AUC 0.9769378131447096
pos_get 145
total recall stop_at 1.0
@@@ C - Repeat number: 2
@@@ D - common_header:  {'F117', 'category', 'F110', 'F116', 'F120', 'F115'}
  F116   F117                 F120   F110 F115
1  1.0  0.125  0.11288569900999616  -0.75  1.0
2  1.0    0.1  0.11288569900999616   -0.8  1.0
3  1.0    0.1  0.11288569900999616   -0.8  1.0
;.;
   F116   F117      F120   F110  F115
0   1.0  0.125  0.260186  0.125   1.0
1   1.0  0.100  0.260186  0.100   1.0
2   1.0  0.100  0.260186  0.100   1.0
training_x: (604, 5)
training_y: 604
testset_x: (613, 5)
testset_y: 613
              precision    recall  f1-score   support

           0       0.98      0.93      0.95       468
           1       0.81      0.93      0.87       145

    accuracy                           0.93       613
   macro avg       0.89      0.93      0.91       613
weighted avg       0.94      0.93      0.93       613

accuracy: 0.9314845024469821
0.8653846153846153
@@@ tn: 436, fp: 32, fn: 10, tp: 135
@@@ LIME - Creating explainer
@@@ LIME - Random Sampling of Instances
iter: 0, sample_no: 419, actual label: 0, predicted: 0
iter: 1, sample_no: 477, actual label: 0, predicted: 0
iter: 2, sample_no: 22, actual label: 0, predicted: 0
iter: 3, sample_no: 404, actual label: 0, predicted: 0
iter: 4, sample_no: 56, actual label: 0, predicted: 0
iter: 5, sample_no: 525, actual label: 0, predicted: 0
iter: 6, sample_no: 240, actual label: 0, predicted: 0
iter: 7, sample_no: 433, actual label: 0, predicted: 0
iter: 8, sample_no: 186, actual label: 1, predicted: 1
iter: 9, sample_no: 135, actual label: 0, predicted: 0
iter: 10, sample_no: 135, actual label: 0, predicted: 0
iter: 11, sample_no: 23, actual label: 0, predicted: 0
iter: 12, sample_no: 554, actual label: 1, predicted: 1
iter: 13, sample_no: 401, actual label: 1, predicted: 1
iter: 14, sample_no: 409, actual label: 0, predicted: 0
iter: 15, sample_no: 156, actual label: 1, predicted: 1
iter: 16, sample_no: 609, actual label: 0, predicted: 0
iter: 17, sample_no: 12, actual label: 0, predicted: 0
iter: 18, sample_no: 46, actual label: 0, predicted: 0
iter: 19, sample_no: 518, actual label: 0, predicted: 0
iter: 20, sample_no: 230, actual label: 0, predicted: 0
iter: 21, sample_no: 190, actual label: 0, predicted: 0
iter: 22, sample_no: 496, actual label: 0, predicted: 1
iter: 23, sample_no: 540, actual label: 0, predicted: 0
iter: 24, sample_no: 468, actual label: 0, predicted: 0
number of samples: 613
AUC 0.9769378131447096
pos_get 145
total recall stop_at 1.0
@@@ C - Repeat number: 3
@@@ D - common_header:  {'F117', 'category', 'F110', 'F116', 'F120', 'F115'}
  F116   F117                 F120   F110 F115
1  1.0  0.125  0.11288569900999616  -0.75  1.0
2  1.0    0.1  0.11288569900999616   -0.8  1.0
3  1.0    0.1  0.11288569900999616   -0.8  1.0
;.;
   F116   F117      F120   F110  F115
0   1.0  0.125  0.260186  0.125   1.0
1   1.0  0.100  0.260186  0.100   1.0
2   1.0  0.100  0.260186  0.100   1.0
training_x: (604, 5)
training_y: 604
testset_x: (613, 5)
testset_y: 613
              precision    recall  f1-score   support

           0       0.98      0.93      0.95       468
           1       0.81      0.93      0.87       145

    accuracy                           0.93       613
   macro avg       0.89      0.93      0.91       613
weighted avg       0.94      0.93      0.93       613

accuracy: 0.9314845024469821
0.8653846153846153
@@@ tn: 436, fp: 32, fn: 10, tp: 135
@@@ LIME - Creating explainer
@@@ LIME - Random Sampling of Instances
iter: 0, sample_no: 414, actual label: 0, predicted: 0
iter: 1, sample_no: 375, actual label: 0, predicted: 0
iter: 2, sample_no: 403, actual label: 0, predicted: 0
iter: 3, sample_no: 504, actual label: 0, predicted: 0
iter: 4, sample_no: 295, actual label: 0, predicted: 0
iter: 5, sample_no: 222, actual label: 1, predicted: 0
iter: 6, sample_no: 44, actual label: 0, predicted: 0
iter: 7, sample_no: 489, actual label: 0, predicted: 0
iter: 8, sample_no: 8, actual label: 1, predicted: 1
iter: 9, sample_no: 144, actual label: 0, predicted: 0
iter: 10, sample_no: 379, actual label: 0, predicted: 0
iter: 11, sample_no: 571, actual label: 0, predicted: 0
iter: 12, sample_no: 137, actual label: 0, predicted: 0
iter: 13, sample_no: 205, actual label: 1, predicted: 1
iter: 14, sample_no: 555, actual label: 1, predicted: 1
iter: 15, sample_no: 467, actual label: 0, predicted: 0
iter: 16, sample_no: 139, actual label: 1, predicted: 1
iter: 17, sample_no: 470, actual label: 0, predicted: 0
iter: 18, sample_no: 136, actual label: 0, predicted: 0
iter: 19, sample_no: 264, actual label: 0, predicted: 1
iter: 20, sample_no: 380, actual label: 0, predicted: 0
iter: 21, sample_no: 226, actual label: 1, predicted: 1
iter: 22, sample_no: 556, actual label: 0, predicted: 0
iter: 23, sample_no: 302, actual label: 0, predicted: 0
iter: 24, sample_no: 70, actual label: 0, predicted: 0
number of samples: 613
AUC 0.9769378131447096
pos_get 145
total recall stop_at 1.0
@@@ C - Repeat number: 4
@@@ D - common_header:  {'F117', 'category', 'F110', 'F116', 'F120', 'F115'}
  F116   F117                 F120   F110 F115
1  1.0  0.125  0.11288569900999616  -0.75  1.0
2  1.0    0.1  0.11288569900999616   -0.8  1.0
3  1.0    0.1  0.11288569900999616   -0.8  1.0
;.;
   F116   F117      F120   F110  F115
0   1.0  0.125  0.260186  0.125   1.0
1   1.0  0.100  0.260186  0.100   1.0
2   1.0  0.100  0.260186  0.100   1.0
training_x: (604, 5)
training_y: 604
testset_x: (613, 5)
testset_y: 613
              precision    recall  f1-score   support

           0       0.98      0.93      0.95       468
           1       0.81      0.93      0.87       145

    accuracy                           0.93       613
   macro avg       0.89      0.93      0.91       613
weighted avg       0.94      0.93      0.93       613

accuracy: 0.9314845024469821
0.8653846153846153
@@@ tn: 436, fp: 32, fn: 10, tp: 135
@@@ LIME - Creating explainer
@@@ LIME - Random Sampling of Instances
iter: 0, sample_no: 552, actual label: 1, predicted: 1
iter: 1, sample_no: 571, actual label: 0, predicted: 0
iter: 2, sample_no: 270, actual label: 0, predicted: 0
iter: 3, sample_no: 44, actual label: 0, predicted: 0
iter: 4, sample_no: 137, actual label: 0, predicted: 0
iter: 5, sample_no: 548, actual label: 1, predicted: 1
iter: 6, sample_no: 502, actual label: 0, predicted: 0
iter: 7, sample_no: 378, actual label: 0, predicted: 0
iter: 8, sample_no: 357, actual label: 0, predicted: 0
iter: 9, sample_no: 87, actual label: 1, predicted: 1
iter: 10, sample_no: 544, actual label: 0, predicted: 0
iter: 11, sample_no: 457, actual label: 0, predicted: 0
iter: 12, sample_no: 255, actual label: 1, predicted: 1
iter: 13, sample_no: 35, actual label: 0, predicted: 0
iter: 14, sample_no: 246, actual label: 0, predicted: 0
iter: 15, sample_no: 408, actual label: 0, predicted: 0
iter: 16, sample_no: 494, actual label: 0, predicted: 0
iter: 17, sample_no: 223, actual label: 0, predicted: 0
iter: 18, sample_no: 18, actual label: 0, predicted: 0
iter: 19, sample_no: 180, actual label: 0, predicted: 0
iter: 20, sample_no: 331, actual label: 1, predicted: 1
iter: 21, sample_no: 352, actual label: 0, predicted: 0
iter: 22, sample_no: 563, actual label: 0, predicted: 1
iter: 23, sample_no: 279, actual label: 0, predicted: 0
iter: 24, sample_no: 483, actual label: 0, predicted: 0
number of samples: 613
AUC 0.9769378131447096
pos_get 145
total recall stop_at 1.0
@@@ C - Repeat number: 5
@@@ D - common_header:  {'F117', 'category', 'F110', 'F116', 'F120', 'F115'}
  F116   F117                 F120   F110 F115
1  1.0  0.125  0.11288569900999616  -0.75  1.0
2  1.0    0.1  0.11288569900999616   -0.8  1.0
3  1.0    0.1  0.11288569900999616   -0.8  1.0
;.;
   F116   F117      F120   F110  F115
0   1.0  0.125  0.260186  0.125   1.0
1   1.0  0.100  0.260186  0.100   1.0
2   1.0  0.100  0.260186  0.100   1.0
training_x: (604, 5)
training_y: 604
testset_x: (613, 5)
testset_y: 613
              precision    recall  f1-score   support

           0       0.98      0.93      0.95       468
           1       0.81      0.93      0.87       145

    accuracy                           0.93       613
   macro avg       0.89      0.93      0.91       613
weighted avg       0.94      0.93      0.93       613

accuracy: 0.9314845024469821
0.8653846153846153
@@@ tn: 436, fp: 32, fn: 10, tp: 135
@@@ LIME - Creating explainer
@@@ LIME - Random Sampling of Instances
iter: 0, sample_no: 327, actual label: 0, predicted: 0
iter: 1, sample_no: 456, actual label: 0, predicted: 0
iter: 2, sample_no: 602, actual label: 0, predicted: 0
iter: 3, sample_no: 452, actual label: 0, predicted: 0
iter: 4, sample_no: 27, actual label: 0, predicted: 0
iter: 5, sample_no: 330, actual label: 1, predicted: 1
iter: 6, sample_no: 511, actual label: 1, predicted: 0
iter: 7, sample_no: 130, actual label: 0, predicted: 0
iter: 8, sample_no: 388, actual label: 0, predicted: 0
iter: 9, sample_no: 300, actual label: 0, predicted: 0
iter: 10, sample_no: 257, actual label: 1, predicted: 1
iter: 11, sample_no: 11, actual label: 0, predicted: 0
iter: 12, sample_no: 262, actual label: 0, predicted: 0
iter: 13, sample_no: 117, actual label: 0, predicted: 0
iter: 14, sample_no: 96, actual label: 0, predicted: 0
iter: 15, sample_no: 184, actual label: 0, predicted: 0
iter: 16, sample_no: 164, actual label: 0, predicted: 0
iter: 17, sample_no: 491, actual label: 0, predicted: 0
iter: 18, sample_no: 222, actual label: 1, predicted: 0
iter: 19, sample_no: 212, actual label: 0, predicted: 0
iter: 20, sample_no: 32, actual label: 0, predicted: 0
iter: 21, sample_no: 65, actual label: 1, predicted: 1
iter: 22, sample_no: 315, actual label: 0, predicted: 0
iter: 23, sample_no: 465, actual label: 0, predicted: 0
iter: 24, sample_no: 105, actual label: 0, predicted: 0
number of samples: 613
AUC 0.9769378131447096
pos_get 145
total recall stop_at 1.0
@@@ C - Repeat number: 6
@@@ D - common_header:  {'F117', 'category', 'F110', 'F116', 'F120', 'F115'}
  F116   F117                 F120   F110 F115
1  1.0  0.125  0.11288569900999616  -0.75  1.0
2  1.0    0.1  0.11288569900999616   -0.8  1.0
3  1.0    0.1  0.11288569900999616   -0.8  1.0
;.;
   F116   F117      F120   F110  F115
0   1.0  0.125  0.260186  0.125   1.0
1   1.0  0.100  0.260186  0.100   1.0
2   1.0  0.100  0.260186  0.100   1.0
training_x: (604, 5)
training_y: 604
testset_x: (613, 5)
testset_y: 613
              precision    recall  f1-score   support

           0       0.98      0.93      0.95       468
           1       0.81      0.93      0.87       145

    accuracy                           0.93       613
   macro avg       0.89      0.93      0.91       613
weighted avg       0.94      0.93      0.93       613

accuracy: 0.9314845024469821
0.8653846153846153
@@@ tn: 436, fp: 32, fn: 10, tp: 135
@@@ LIME - Creating explainer
@@@ LIME - Random Sampling of Instances
iter: 0, sample_no: 563, actual label: 0, predicted: 1
iter: 1, sample_no: 95, actual label: 0, predicted: 0
iter: 2, sample_no: 338, actual label: 1, predicted: 1
iter: 3, sample_no: 331, actual label: 1, predicted: 1
iter: 4, sample_no: 503, actual label: 0, predicted: 0
iter: 5, sample_no: 333, actual label: 1, predicted: 1
iter: 6, sample_no: 76, actual label: 1, predicted: 1
iter: 7, sample_no: 450, actual label: 0, predicted: 0
iter: 8, sample_no: 95, actual label: 0, predicted: 0
iter: 9, sample_no: 485, actual label: 0, predicted: 0
iter: 10, sample_no: 326, actual label: 0, predicted: 0
iter: 11, sample_no: 435, actual label: 0, predicted: 0
iter: 12, sample_no: 524, actual label: 0, predicted: 0
iter: 13, sample_no: 364, actual label: 0, predicted: 0
iter: 14, sample_no: 196, actual label: 0, predicted: 0
iter: 15, sample_no: 62, actual label: 0, predicted: 0
iter: 16, sample_no: 45, actual label: 0, predicted: 0
iter: 17, sample_no: 236, actual label: 1, predicted: 1
iter: 18, sample_no: 560, actual label: 0, predicted: 0
iter: 19, sample_no: 599, actual label: 0, predicted: 0
iter: 20, sample_no: 54, actual label: 0, predicted: 0
iter: 21, sample_no: 467, actual label: 0, predicted: 0
iter: 22, sample_no: 77, actual label: 1, predicted: 1
iter: 23, sample_no: 94, actual label: 0, predicted: 0
iter: 24, sample_no: 373, actual label: 0, predicted: 1
number of samples: 613
AUC 0.9769378131447096
pos_get 145
total recall stop_at 1.0
@@@ C - Repeat number: 7
@@@ D - common_header:  {'F117', 'category', 'F110', 'F116', 'F120', 'F115'}
  F116   F117                 F120   F110 F115
1  1.0  0.125  0.11288569900999616  -0.75  1.0
2  1.0    0.1  0.11288569900999616   -0.8  1.0
3  1.0    0.1  0.11288569900999616   -0.8  1.0
;.;
   F116   F117      F120   F110  F115
0   1.0  0.125  0.260186  0.125   1.0
1   1.0  0.100  0.260186  0.100   1.0
2   1.0  0.100  0.260186  0.100   1.0
training_x: (604, 5)
training_y: 604
testset_x: (613, 5)
testset_y: 613
              precision    recall  f1-score   support

           0       0.98      0.93      0.95       468
           1       0.81      0.93      0.87       145

    accuracy                           0.93       613
   macro avg       0.89      0.93      0.91       613
weighted avg       0.94      0.93      0.93       613

accuracy: 0.9314845024469821
0.8653846153846153
@@@ tn: 436, fp: 32, fn: 10, tp: 135
@@@ LIME - Creating explainer
@@@ LIME - Random Sampling of Instances
iter: 0, sample_no: 424, actual label: 1, predicted: 1
iter: 1, sample_no: 228, actual label: 0, predicted: 0
iter: 2, sample_no: 609, actual label: 0, predicted: 0
iter: 3, sample_no: 604, actual label: 1, predicted: 1
iter: 4, sample_no: 547, actual label: 1, predicted: 1
iter: 5, sample_no: 193, actual label: 1, predicted: 1
iter: 6, sample_no: 583, actual label: 0, predicted: 0
iter: 7, sample_no: 274, actual label: 1, predicted: 1
iter: 8, sample_no: 361, actual label: 0, predicted: 0
iter: 9, sample_no: 24, actual label: 0, predicted: 0
iter: 10, sample_no: 42, actual label: 0, predicted: 1
iter: 11, sample_no: 115, actual label: 0, predicted: 0
iter: 12, sample_no: 428, actual label: 0, predicted: 0
iter: 13, sample_no: 305, actual label: 0, predicted: 0
iter: 14, sample_no: 97, actual label: 0, predicted: 0
iter: 15, sample_no: 342, actual label: 0, predicted: 1
iter: 16, sample_no: 99, actual label: 0, predicted: 0
iter: 17, sample_no: 278, actual label: 0, predicted: 0
iter: 18, sample_no: 333, actual label: 1, predicted: 1
iter: 19, sample_no: 407, actual label: 0, predicted: 0
iter: 20, sample_no: 303, actual label: 0, predicted: 0
iter: 21, sample_no: 387, actual label: 0, predicted: 0
iter: 22, sample_no: 85, actual label: 1, predicted: 1
iter: 23, sample_no: 66, actual label: 0, predicted: 0
iter: 24, sample_no: 245, actual label: 0, predicted: 0
number of samples: 613
AUC 0.9769230769230769
pos_get 145
total recall stop_at 1.0
@@@ C - Repeat number: 8
@@@ D - common_header:  {'F117', 'category', 'F110', 'F116', 'F120', 'F115'}
  F116   F117                 F120   F110 F115
1  1.0  0.125  0.11288569900999616  -0.75  1.0
2  1.0    0.1  0.11288569900999616   -0.8  1.0
3  1.0    0.1  0.11288569900999616   -0.8  1.0
;.;
   F116   F117      F120   F110  F115
0   1.0  0.125  0.260186  0.125   1.0
1   1.0  0.100  0.260186  0.100   1.0
2   1.0  0.100  0.260186  0.100   1.0
training_x: (604, 5)
training_y: 604
testset_x: (613, 5)
testset_y: 613
              precision    recall  f1-score   support

           0       0.98      0.93      0.95       468
           1       0.81      0.93      0.87       145

    accuracy                           0.93       613
   macro avg       0.89      0.93      0.91       613
weighted avg       0.94      0.93      0.93       613

accuracy: 0.9314845024469821
0.8653846153846153
@@@ tn: 436, fp: 32, fn: 10, tp: 135
@@@ LIME - Creating explainer
@@@ LIME - Random Sampling of Instances
iter: 0, sample_no: 480, actual label: 0, predicted: 1
iter: 1, sample_no: 458, actual label: 0, predicted: 0
iter: 2, sample_no: 320, actual label: 1, predicted: 1
iter: 3, sample_no: 88, actual label: 1, predicted: 1
iter: 4, sample_no: 298, actual label: 0, predicted: 0
iter: 5, sample_no: 52, actual label: 0, predicted: 0
iter: 6, sample_no: 490, actual label: 0, predicted: 0
iter: 7, sample_no: 464, actual label: 1, predicted: 1
iter: 8, sample_no: 323, actual label: 0, predicted: 0
iter: 9, sample_no: 100, actual label: 0, predicted: 0
iter: 10, sample_no: 89, actual label: 0, predicted: 0
iter: 11, sample_no: 88, actual label: 1, predicted: 1
iter: 12, sample_no: 210, actual label: 0, predicted: 0
iter: 13, sample_no: 442, actual label: 0, predicted: 0
iter: 14, sample_no: 377, actual label: 0, predicted: 0
iter: 15, sample_no: 486, actual label: 0, predicted: 0
iter: 16, sample_no: 152, actual label: 0, predicted: 0
iter: 17, sample_no: 270, actual label: 0, predicted: 0
iter: 18, sample_no: 10, actual label: 0, predicted: 0
iter: 19, sample_no: 68, actual label: 1, predicted: 0
iter: 20, sample_no: 214, actual label: 1, predicted: 1
iter: 21, sample_no: 310, actual label: 0, predicted: 0
iter: 22, sample_no: 512, actual label: 1, predicted: 1
iter: 23, sample_no: 526, actual label: 0, predicted: 0
iter: 24, sample_no: 523, actual label: 0, predicted: 0
number of samples: 613
AUC 0.9769378131447096
pos_get 145
total recall stop_at 1.0
@@@ C - Repeat number: 9
@@@ D - common_header:  {'F117', 'category', 'F110', 'F116', 'F120', 'F115'}
  F116   F117                 F120   F110 F115
1  1.0  0.125  0.11288569900999616  -0.75  1.0
2  1.0    0.1  0.11288569900999616   -0.8  1.0
3  1.0    0.1  0.11288569900999616   -0.8  1.0
;.;
   F116   F117      F120   F110  F115
0   1.0  0.125  0.260186  0.125   1.0
1   1.0  0.100  0.260186  0.100   1.0
2   1.0  0.100  0.260186  0.100   1.0
training_x: (604, 5)
training_y: 604
testset_x: (613, 5)
testset_y: 613
              precision    recall  f1-score   support

           0       0.98      0.93      0.95       468
           1       0.81      0.93      0.87       145

    accuracy                           0.93       613
   macro avg       0.89      0.93      0.91       613
weighted avg       0.94      0.93      0.93       613

accuracy: 0.9314845024469821
0.8653846153846153
@@@ tn: 436, fp: 32, fn: 10, tp: 135
@@@ LIME - Creating explainer
@@@ LIME - Random Sampling of Instances
iter: 0, sample_no: 57, actual label: 0, predicted: 0
iter: 1, sample_no: 526, actual label: 0, predicted: 0
iter: 2, sample_no: 251, actual label: 0, predicted: 0
iter: 3, sample_no: 571, actual label: 0, predicted: 0
iter: 4, sample_no: 148, actual label: 1, predicted: 1
iter: 5, sample_no: 377, actual label: 0, predicted: 0
iter: 6, sample_no: 479, actual label: 0, predicted: 1
iter: 7, sample_no: 552, actual label: 1, predicted: 1
iter: 8, sample_no: 371, actual label: 0, predicted: 0
iter: 9, sample_no: 526, actual label: 0, predicted: 0
iter: 10, sample_no: 84, actual label: 1, predicted: 1
iter: 11, sample_no: 602, actual label: 0, predicted: 0
iter: 12, sample_no: 371, actual label: 0, predicted: 0
iter: 13, sample_no: 325, actual label: 0, predicted: 0
iter: 14, sample_no: 427, actual label: 0, predicted: 0
iter: 15, sample_no: 13, actual label: 0, predicted: 0
iter: 16, sample_no: 440, actual label: 0, predicted: 0
iter: 17, sample_no: 585, actual label: 1, predicted: 1
iter: 18, sample_no: 379, actual label: 0, predicted: 0
iter: 19, sample_no: 239, actual label: 0, predicted: 0
iter: 20, sample_no: 163, actual label: 0, predicted: 0
iter: 21, sample_no: 564, actual label: 0, predicted: 0
iter: 22, sample_no: 289, actual label: 0, predicted: 0
iter: 23, sample_no: 172, actual label: 0, predicted: 0
iter: 24, sample_no: 374, actual label: 0, predicted: 0
number of samples: 613
AUC 0.9769378131447096
pos_get 145
total recall stop_at 1.0
@@@ C - Repeat number: 10
@@@ D - common_header:  {'F117', 'category', 'F110', 'F116', 'F120', 'F115'}
  F116   F117                 F120   F110 F115
1  1.0  0.125  0.11288569900999616  -0.75  1.0
2  1.0    0.1  0.11288569900999616   -0.8  1.0
3  1.0    0.1  0.11288569900999616   -0.8  1.0
;.;
   F116   F117      F120   F110  F115
0   1.0  0.125  0.260186  0.125   1.0
1   1.0  0.100  0.260186  0.100   1.0
2   1.0  0.100  0.260186  0.100   1.0
training_x: (604, 5)
training_y: 604
testset_x: (613, 5)
testset_y: 613
              precision    recall  f1-score   support

           0       0.98      0.93      0.95       468
           1       0.81      0.93      0.87       145

    accuracy                           0.93       613
   macro avg       0.89      0.93      0.91       613
weighted avg       0.94      0.93      0.93       613

accuracy: 0.9314845024469821
0.8653846153846153
@@@ tn: 436, fp: 32, fn: 10, tp: 135
@@@ LIME - Creating explainer
@@@ LIME - Random Sampling of Instances
/Users/author1/anaconda3/lib/python3.6/site-packages/tensorflow/python/framework/dtypes.py:463: FutureWarning: Passing (type, 1) or '1type' as a synonym of type is deprecated; in a future version of numpy, it will be understood as (type, (1,)) / '(1,)type'.
  _np_qint8 = np.dtype([("qint8", np.int8, 1)])
/Users/author1/anaconda3/lib/python3.6/site-packages/tensorflow/python/framework/dtypes.py:464: FutureWarning: Passing (type, 1) or '1type' as a synonym of type is deprecated; in a future version of numpy, it will be understood as (type, (1,)) / '(1,)type'.
  _np_quint8 = np.dtype([("quint8", np.uint8, 1)])
/Users/author1/anaconda3/lib/python3.6/site-packages/tensorflow/python/framework/dtypes.py:465: FutureWarning: Passing (type, 1) or '1type' as a synonym of type is deprecated; in a future version of numpy, it will be understood as (type, (1,)) / '(1,)type'.
  _np_qint16 = np.dtype([("qint16", np.int16, 1)])
/Users/author1/anaconda3/lib/python3.6/site-packages/tensorflow/python/framework/dtypes.py:466: FutureWarning: Passing (type, 1) or '1type' as a synonym of type is deprecated; in a future version of numpy, it will be understood as (type, (1,)) / '(1,)type'.
  _np_quint16 = np.dtype([("quint16", np.uint16, 1)])
/Users/author1/anaconda3/lib/python3.6/site-packages/tensorflow/python/framework/dtypes.py:467: FutureWarning: Passing (type, 1) or '1type' as a synonym of type is deprecated; in a future version of numpy, it will be understood as (type, (1,)) / '(1,)type'.
  _np_qint32 = np.dtype([("qint32", np.int32, 1)])
iter: 0, sample_no: 525, actual label: 0, predicted: 0
iter: 1, sample_no: 320, actual label: 1, predicted: 1
iter: 2, sample_no: 144, actual label: 0, predicted: 0
iter: 3, sample_no: 471, actual label: 0, predicted: 0
iter: 4, sample_no: 500, actual label: 0, predicted: 0
iter: 5, sample_no: 266, actual label: 1, predicted: 1
iter: 6, sample_no: 239, actual label: 0, predicted: 0
iter: 7, sample_no: 584, actual label: 1, predicted: 1
iter: 8, sample_no: 144, actual label: 0, predicted: 0
iter: 9, sample_no: 441, actual label: 0, predicted: 0
iter: 10, sample_no: 479, actual label: 0, predicted: 1
iter: 11, sample_no: 229, actual label: 0, predicted: 0
iter: 12, sample_no: 27, actual label: 0, predicted: 0
iter: 13, sample_no: 367, actual label: 1, predicted: 1
iter: 14, sample_no: 116, actual label: 1, predicted: 1
iter: 15, sample_no: 270, actual label: 0, predicted: 0
iter: 16, sample_no: 229, actual label: 0, predicted: 0
iter: 17, sample_no: 370, actual label: 0, predicted: 1
iter: 18, sample_no: 541, actual label: 0, predicted: 0
iter: 19, sample_no: 318, actual label: 1, predicted: 1
iter: 20, sample_no: 107, actual label: 0, predicted: 0
iter: 21, sample_no: 388, actual label: 0, predicted: 0
iter: 22, sample_no: 501, actual label: 0, predicted: 0
iter: 23, sample_no: 563, actual label: 0, predicted: 1
iter: 24, sample_no: 502, actual label: 0, predicted: 0
number of samples: 613
AUC 0.9769378131447096
pos_get 145
total recall stop_at 1.0
----------threshold stop at----------: 1
AUC [0.9769378131447096, 0.9769378131447096, 0.9769378131447096, 0.9769378131447096, 0.9769378131447096, 0.9769378131447096, 0.9769230769230769, 0.9769378131447096, 0.9769378131447096, 0.9769378131447096]
AUC_median 0.9769378131447096
AUC_iqr 0.0
cost [0.6541598694942904, 0.6541598694942904, 0.6541598694942904, 0.6541598694942904, 0.6541598694942904, 0.6541598694942904, 0.6541598694942904, 0.6541598694942904, 0.6541598694942904, 0.6541598694942904]
COST_med 0.6541598694942904
COST_iqr 0.0
f1_pos_list [0.8653846153846153, 0.8653846153846153, 0.8653846153846153, 0.8653846153846153, 0.8653846153846153, 0.8653846153846153, 0.8653846153846153, 0.8653846153846153, 0.8653846153846153, 0.8653846153846153]
f1_pos_med 0.8653846153846153
