@@@ A - classifier: SVC(C=1.0, break_ties=False, cache_size=200, class_weight='balanced', coef0=0.0,
    decision_function_shape='ovr', degree=3, gamma='scale', kernel='linear',
    max_iter=-1, probability=True, random_state=None, shrinking=True, tol=0.001,
    verbose=False)
@@@ B - threshold stop at: 1
@@@ C - Repeat number: 1
@@@ D - common_header:  {'F116', 'F110', 'F120', 'category', 'F117', 'F115'}
   F116                 F117  ...                  F110  F115
1   0.0  0.21428571428571427  ...   -0.5714285714285714  -1.0
2  -1.0   0.3055555555555556  ...   -0.3611111111111111  -1.0
3   0.0                  0.1  ...                  -0.8  -1.0

[3 rows x 5 columns]
;.;
   F116      F117      F120      F110  F115
0   0.5  0.214286  0.450054  0.214286   0.0
1   0.0  0.305556  0.736152  0.319444   0.0
2   0.5  0.100000  0.450054  0.100000   0.0
training_x: (2584, 5)
training_y: 2584
testset_x: (2601, 5)
testset_y: 2601
              precision    recall  f1-score   support

           0       0.98      0.99      0.99      2245
           1       0.94      0.90      0.92       356

    accuracy                           0.98      2601
   macro avg       0.96      0.95      0.95      2601
weighted avg       0.98      0.98      0.98      2601

accuracy: 0.9788542868127643
0.921090387374462
@@@ tn: 2225, fp: 20, fn: 35, tp: 321
@@@ LIME - Creating explainer
@@@ LIME - Random Sampling of Instances
iter: 0, sample_no: 2303, actual label: 1, predicted: 1
iter: 1, sample_no: 2529, actual label: 1, predicted: 1
iter: 2, sample_no: 891, actual label: 1, predicted: 1
iter: 3, sample_no: 2430, actual label: 0, predicted: 0
iter: 4, sample_no: 595, actual label: 0, predicted: 0
iter: 5, sample_no: 1676, actual label: 0, predicted: 0
iter: 6, sample_no: 2474, actual label: 0, predicted: 0
iter: 7, sample_no: 1021, actual label: 0, predicted: 0
iter: 8, sample_no: 324, actual label: 0, predicted: 0
iter: 9, sample_no: 1686, actual label: 0, predicted: 0
iter: 10, sample_no: 1692, actual label: 0, predicted: 0
iter: 11, sample_no: 2108, actual label: 0, predicted: 0
iter: 12, sample_no: 2154, actual label: 0, predicted: 0
iter: 13, sample_no: 1687, actual label: 0, predicted: 0
iter: 14, sample_no: 323, actual label: 0, predicted: 0
iter: 15, sample_no: 280, actual label: 0, predicted: 0
iter: 16, sample_no: 1024, actual label: 0, predicted: 0
iter: 17, sample_no: 795, actual label: 0, predicted: 0
iter: 18, sample_no: 1793, actual label: 0, predicted: 0
iter: 19, sample_no: 185, actual label: 1, predicted: 1
iter: 20, sample_no: 1100, actual label: 0, predicted: 0
iter: 21, sample_no: 1916, actual label: 0, predicted: 0
iter: 22, sample_no: 860, actual label: 0, predicted: 0
iter: 23, sample_no: 1886, actual label: 1, predicted: 1
iter: 24, sample_no: 1386, actual label: 0, predicted: 0
number of samples: 2601
AUC 0.9965403768674458
pos_get 356
total recall stop_at 1.0
@@@ C - Repeat number: 2
@@@ D - common_header:  {'F116', 'F110', 'F120', 'category', 'F117', 'F115'}
   F116                 F117  ...                  F110  F115
1   0.0  0.21428571428571427  ...   -0.5714285714285714  -1.0
2  -1.0   0.3055555555555556  ...   -0.3611111111111111  -1.0
3   0.0                  0.1  ...                  -0.8  -1.0

[3 rows x 5 columns]
;.;
   F116      F117      F120      F110  F115
0   0.5  0.214286  0.450054  0.214286   0.0
1   0.0  0.305556  0.736152  0.319444   0.0
2   0.5  0.100000  0.450054  0.100000   0.0
training_x: (2584, 5)
training_y: 2584
testset_x: (2601, 5)
testset_y: 2601
              precision    recall  f1-score   support

           0       0.98      0.99      0.99      2245
           1       0.94      0.90      0.92       356

    accuracy                           0.98      2601
   macro avg       0.96      0.95      0.95      2601
weighted avg       0.98      0.98      0.98      2601

accuracy: 0.9788542868127643
0.921090387374462
@@@ tn: 2225, fp: 20, fn: 35, tp: 321
@@@ LIME - Creating explainer
@@@ LIME - Random Sampling of Instances
iter: 0, sample_no: 1197, actual label: 0, predicted: 0
iter: 1, sample_no: 1756, actual label: 0, predicted: 0
iter: 2, sample_no: 1134, actual label: 1, predicted: 0
iter: 3, sample_no: 1680, actual label: 0, predicted: 0
iter: 4, sample_no: 2273, actual label: 1, predicted: 1
iter: 5, sample_no: 1396, actual label: 0, predicted: 0
iter: 6, sample_no: 1757, actual label: 0, predicted: 0
iter: 7, sample_no: 1468, actual label: 1, predicted: 1
iter: 8, sample_no: 1945, actual label: 0, predicted: 0
iter: 9, sample_no: 1091, actual label: 1, predicted: 1
iter: 10, sample_no: 2100, actual label: 0, predicted: 0
iter: 11, sample_no: 2198, actual label: 0, predicted: 0
iter: 12, sample_no: 529, actual label: 0, predicted: 0
iter: 13, sample_no: 825, actual label: 0, predicted: 0
iter: 14, sample_no: 6, actual label: 0, predicted: 0
iter: 15, sample_no: 187, actual label: 1, predicted: 1
iter: 16, sample_no: 1371, actual label: 0, predicted: 0
iter: 17, sample_no: 1684, actual label: 0, predicted: 0
iter: 18, sample_no: 852, actual label: 0, predicted: 0
iter: 19, sample_no: 1233, actual label: 0, predicted: 0
iter: 20, sample_no: 2336, actual label: 1, predicted: 1
iter: 21, sample_no: 1886, actual label: 1, predicted: 1
iter: 22, sample_no: 2136, actual label: 0, predicted: 0
iter: 23, sample_no: 1097, actual label: 1, predicted: 1
iter: 24, sample_no: 925, actual label: 0, predicted: 0
number of samples: 2601
AUC 0.9965403768674458
pos_get 356
total recall stop_at 1.0
@@@ C - Repeat number: 3
/Users/author1/anaconda3/lib/python3.6/site-packages/tensorflow/python/framework/dtypes.py:463: FutureWarning: Passing (type, 1) or '1type' as a synonym of type is deprecated; in a future version of numpy, it will be understood as (type, (1,)) / '(1,)type'.
  _np_qint8 = np.dtype([("qint8", np.int8, 1)])
/Users/author1/anaconda3/lib/python3.6/site-packages/tensorflow/python/framework/dtypes.py:464: FutureWarning: Passing (type, 1) or '1type' as a synonym of type is deprecated; in a future version of numpy, it will be understood as (type, (1,)) / '(1,)type'.
  _np_quint8 = np.dtype([("quint8", np.uint8, 1)])
/Users/author1/anaconda3/lib/python3.6/site-packages/tensorflow/python/framework/dtypes.py:465: FutureWarning: Passing (type, 1) or '1type' as a synonym of type is deprecated; in a future version of numpy, it will be understood as (type, (1,)) / '(1,)type'.
  _np_qint16 = np.dtype([("qint16", np.int16, 1)])
/Users/author1/anaconda3/lib/python3.6/site-packages/tensorflow/python/framework/dtypes.py:466: FutureWarning: Passing (type, 1) or '1type' as a synonym of type is deprecated; in a future version of numpy, it will be understood as (type, (1,)) / '(1,)type'.
  _np_quint16 = np.dtype([("quint16", np.uint16, 1)])
/Users/author1/anaconda3/lib/python3.6/site-packages/tensorflow/python/framework/dtypes.py:467: FutureWarning: Passing (type, 1) or '1type' as a synonym of type is deprecated; in a future version of numpy, it will be understood as (type, (1,)) / '(1,)type'.
  _np_qint32 = np.dtype([("qint32", np.int32, 1)])
Columns (0,3,4,5,6,7,8,9,10,11,12,13,14,15,16,17,18,19,20,21,22,23,24,25,26,27,28,29,30,31,32,33,34,35,36,37,38,39,40,41,42,43,44,45,46,47,48,49,50,51,52,53,54,55,56,57,58,59,60,61,62,63,64,65,66,67,68,69,70,71,72,73,74,75,76,77,78,79,80,81,82,83,84,85,86,87,88,89,90,91,92,93,94,95,96,97,98,99,100,101,102,103,104,105,106,107,108,109,110,111,112,113,114,115,116,117,118,119,120,121,122,123,124,125,126,127,128,129,130,131,132,133,134,135,136,137,138,139,140,141,142,143,144,145,146,147,148,149,150,151,152,153,154,155,156,157,158,159,160,161,162,163,164,165,166,167,168,169,170,171,172,173,174,175,176,177,178,179,180,181,182,183,184,185,186,187,188,189,190,191,192,193,194,195,196,197,198,199,200,201,202,203,204,205,206,207,208,209,210,211,212,213,214,215,216,217,218,219,220,221,222,223,224,225,226,227,228,229,230,231,232,233,234,235,236,237,238,239,240,241,242,243,244,245,246,247,248,249,250,251,252,253,254,255,256,257,258,259,260,261,262,263,264,265,266,267,268,269,270,271,272,273,274,275,276,277,279,281,282,283,284,285,286,287,288,289,290,291,292,293,294,295,296,297,298,299,300,301,302,303,304,305,306,307,308,309,310,311,312,313,314,315,316,317,318,319,320,321,322,323,324,325,326,327,328,329,330,331,332,333,334,335,336,337,338,339,340,341,342,343,344,345,346,347,348,349,350) have mixed types. Specify dtype option on import or set low_memory=False.
Columns (0,3,4,5,6,7,8,9,10,11,12,13,14,15,16,17,18,19,20,21,22,23,24,25,26,27,28,29,30,31,32,33,34,35,36,37,38,39,40,41,42,43,44,45,46,47,48,49,50,51,52,53,54,55,56,57,58,59,60,61,62,63,64,65,66,67,68,69,70,71,72,73,74,75,76,77,78,79,80,81,82,83,84,85,86,87,88,89,90,91,92,93,94,95,96,97,98,99,100,101,102,103,104,105,106,107,108,109,110,111,112,113,114,115,116,117,118,119,120,121,122,123,124,125,126,127,128,129,130,131,132,133,134,135,136,137,138,139,140,141,142,143,144,145,146,147,148,149,150,151,152,153,154,155,156,157,158,159,160,161,162,163,164,165,166,167,168,169,170,171,172,173,174,175,176,177,178,179,180,181,182,183,184,185,186,187,188,189,190,191,192,193,194,195,196,197,198,199,200,201,202,203,204,205,206,207,208,209,210,211,212,213,214,215,216,217,218,219,220,221,222,223,224,225,226,227,228,229,230,231,232,233,234,235,236,237,238,239,240,241,242,243,244,245,246,247,248,249,250,251,252,253,254,255,256,257,258,259,260,261,262,263,264,265,266,267,268,269,270,271,272,273,274,275,276,278,280,281,282,283,284,285,286,287,288,289,290,291,292,293,294,295,296,297,298,299,300,301,302,303,304,305,306,307,308,309,310,311,312,313,314,315,316,317,318,319,320,321,322,323,324,325,326,327,328,329,330,331,332,333,334,335,336,337,338,339,340,341,342,343,344,345,346,347,348,349) have mixed types. Specify dtype option on import or set low_memory=False.
Columns (0,3,4,5,6,7,8,9,10,11,12,13,14,15,16,17,18,19,20,21,22,23,24,25,26,27,28,29,30,31,32,33,34,35,36,37,38,39,40,41,42,43,44,45,46,47,48,49,50,51,52,53,54,55,56,57,58,59,60,61,62,63,64,65,66,67,68,69,70,71,72,73,74,75,76,77,78,79,80,81,82,83,84,85,86,87,88,89,90,91,92,93,94,95,96,97,98,99,100,101,102,103,104,105,106,107,108,109,110,111,112,113,114,115,116,117,118,119,120,121,122,123,124,125,126,127,128,129,130,131,132,133,134,135,136,137,138,139,140,141,142,143,144,145,146,147,148,149,150,151,152,153,154,155,156,157,158,159,160,161,162,163,164,165,166,167,168,169,170,171,172,173,174,175,176,177,178,179,180,181,182,183,184,185,186,187,188,189,190,191,192,193,194,195,196,197,198,199,200,201,202,203,204,205,206,207,208,209,210,211,212,213,214,215,216,217,218,219,220,221,222,223,224,225,226,227,228,229,230,231,232,233,234,235,236,237,238,239,240,241,242,243,244,245,246,247,248,249,250,251,252,253,254,255,256,257,258,259,260,261,262,263,264,265,266,267,268,269,270,271,272,273,274,275,276,277,279,281,282,283,284,285,286,287,288,289,290,291,292,293,294,295,296,297,298,299,300,301,302,303,304,305,306,307,308,309,310,311,312,313,314,315,316,317,318,319,320,321,322,323,324,325,326,327,328,329,330,331,332,333,334,335,336,337,338,339,340,341,342,343,344,345,346,347,348,349,350) have mixed types. Specify dtype option on import or set low_memory=False.
Columns (0,3,4,5,6,7,8,9,10,11,12,13,14,15,16,17,18,19,20,21,22,23,24,25,26,27,28,29,30,31,32,33,34,35,36,37,38,39,40,41,42,43,44,45,46,47,48,49,50,51,52,53,54,55,56,57,58,59,60,61,62,63,64,65,66,67,68,69,70,71,72,73,74,75,76,77,78,79,80,81,82,83,84,85,86,87,88,89,90,91,92,93,94,95,96,97,98,99,100,101,102,103,104,105,106,107,108,109,110,111,112,113,114,115,116,117,118,119,120,121,122,123,124,125,126,127,128,129,130,131,132,133,134,135,136,137,138,139,140,141,142,143,144,145,146,147,148,149,150,151,152,153,154,155,156,157,158,159,160,161,162,163,164,165,166,167,168,169,170,171,172,173,174,175,176,177,178,179,180,181,182,183,184,185,186,187,188,189,190,191,192,193,194,195,196,197,198,199,200,201,202,203,204,205,206,207,208,209,210,211,212,213,214,215,216,217,218,219,220,221,222,223,224,225,226,227,228,229,230,231,232,233,234,235,236,237,238,239,240,241,242,243,244,245,246,247,248,249,250,251,252,253,254,255,256,257,258,259,260,261,262,263,264,265,266,267,268,269,270,271,272,273,274,275,276,278,280,281,282,283,284,285,286,287,288,289,290,291,292,293,294,295,296,297,298,299,300,301,302,303,304,305,306,307,308,309,310,311,312,313,314,315,316,317,318,319,320,321,322,323,324,325,326,327,328,329,330,331,332,333,334,335,336,337,338,339,340,341,342,343,344,345,346,347,348,349) have mixed types. Specify dtype option on import or set low_memory=False.
Columns (0,3,4,5,6,7,8,9,10,11,12,13,14,15,16,17,18,19,20,21,22,23,24,25,26,27,28,29,30,31,32,33,34,35,36,37,38,39,40,41,42,43,44,45,46,47,48,49,50,51,52,53,54,55,56,57,58,59,60,61,62,63,64,65,66,67,68,69,70,71,72,73,74,75,76,77,78,79,80,81,82,83,84,85,86,87,88,89,90,91,92,93,94,95,96,97,98,99,100,101,102,103,104,105,106,107,108,109,110,111,112,113,114,115,116,117,118,119,120,121,122,123,124,125,126,127,128,129,130,131,132,133,134,135,136,137,138,139,140,141,142,143,144,145,146,147,148,149,150,151,152,153,154,155,156,157,158,159,160,161,162,163,164,165,166,167,168,169,170,171,172,173,174,175,176,177,178,179,180,181,182,183,184,185,186,187,188,189,190,191,192,193,194,195,196,197,198,199,200,201,202,203,204,205,206,207,208,209,210,211,212,213,214,215,216,217,218,219,220,221,222,223,224,225,226,227,228,229,230,231,232,233,234,235,236,237,238,239,240,241,242,243,244,245,246,247,248,249,250,251,252,253,254,255,256,257,258,259,260,261,262,263,264,265,266,267,268,269,270,271,272,273,274,275,276,277,279,281,282,283,284,285,286,287,288,289,290,291,292,293,294,295,296,297,298,299,300,301,302,303,304,305,306,307,308,309,310,311,312,313,314,315,316,317,318,319,320,321,322,323,324,325,326,327,328,329,330,331,332,333,334,335,336,337,338,339,340,341,342,343,344,345,346,347,348,349,350) have mixed types. Specify dtype option on import or set low_memory=False.
@@@ D - common_header:  {'F116', 'F110', 'F120', 'category', 'F117', 'F115'}
   F116                 F117  ...                  F110  F115
1   0.0  0.21428571428571427  ...   -0.5714285714285714  -1.0
2  -1.0   0.3055555555555556  ...   -0.3611111111111111  -1.0
3   0.0                  0.1  ...                  -0.8  -1.0

[3 rows x 5 columns]
;.;
   F116      F117      F120      F110  F115
0   0.5  0.214286  0.450054  0.214286   0.0
1   0.0  0.305556  0.736152  0.319444   0.0
2   0.5  0.100000  0.450054  0.100000   0.0
training_x: (2584, 5)
training_y: 2584
testset_x: (2601, 5)
testset_y: 2601
              precision    recall  f1-score   support

           0       0.98      0.99      0.99      2245
           1       0.94      0.90      0.92       356

    accuracy                           0.98      2601
   macro avg       0.96      0.95      0.95      2601
weighted avg       0.98      0.98      0.98      2601

accuracy: 0.9788542868127643
0.921090387374462
@@@ tn: 2225, fp: 20, fn: 35, tp: 321
@@@ LIME - Creating explainer
@@@ LIME - Random Sampling of Instances
iter: 0, sample_no: 2462, actual label: 1, predicted: 1
iter: 1, sample_no: 2269, actual label: 1, predicted: 1
iter: 2, sample_no: 788, actual label: 0, predicted: 0
iter: 3, sample_no: 782, actual label: 0, predicted: 0
iter: 4, sample_no: 1410, actual label: 0, predicted: 0
iter: 5, sample_no: 350, actual label: 0, predicted: 0
iter: 6, sample_no: 652, actual label: 0, predicted: 0
iter: 7, sample_no: 1937, actual label: 0, predicted: 0
iter: 8, sample_no: 74, actual label: 0, predicted: 0
iter: 9, sample_no: 1176, actual label: 0, predicted: 0
iter: 10, sample_no: 140, actual label: 0, predicted: 0
iter: 11, sample_no: 525, actual label: 0, predicted: 0
iter: 12, sample_no: 660, actual label: 0, predicted: 0
iter: 13, sample_no: 827, actual label: 0, predicted: 0
iter: 14, sample_no: 329, actual label: 0, predicted: 0
iter: 15, sample_no: 897, actual label: 0, predicted: 0
iter: 16, sample_no: 1829, actual label: 0, predicted: 0
iter: 17, sample_no: 937, actual label: 0, predicted: 0
iter: 18, sample_no: 747, actual label: 0, predicted: 0
iter: 19, sample_no: 2364, actual label: 1, predicted: 1
iter: 20, sample_no: 579, actual label: 0, predicted: 0
iter: 21, sample_no: 676, actual label: 0, predicted: 0
iter: 22, sample_no: 80, actual label: 0, predicted: 0
iter: 23, sample_no: 1610, actual label: 1, predicted: 0
iter: 24, sample_no: 1563, actual label: 0, predicted: 0
number of samples: 2601
AUC 0.9965385000375367
pos_get 356
total recall stop_at 1.0
@@@ C - Repeat number: 4
@@@ D - common_header:  {'F116', 'F110', 'F120', 'category', 'F117', 'F115'}
   F116                 F117  ...                  F110  F115
1   0.0  0.21428571428571427  ...   -0.5714285714285714  -1.0
2  -1.0   0.3055555555555556  ...   -0.3611111111111111  -1.0
3   0.0                  0.1  ...                  -0.8  -1.0

[3 rows x 5 columns]
;.;
   F116      F117      F120      F110  F115
0   0.5  0.214286  0.450054  0.214286   0.0
1   0.0  0.305556  0.736152  0.319444   0.0
2   0.5  0.100000  0.450054  0.100000   0.0
training_x: (2584, 5)
training_y: 2584
testset_x: (2601, 5)
testset_y: 2601
              precision    recall  f1-score   support

           0       0.98      0.99      0.99      2245
           1       0.94      0.90      0.92       356

    accuracy                           0.98      2601
   macro avg       0.96      0.95      0.95      2601
weighted avg       0.98      0.98      0.98      2601

accuracy: 0.9788542868127643
0.921090387374462
@@@ tn: 2225, fp: 20, fn: 35, tp: 321
@@@ LIME - Creating explainer
@@@ LIME - Random Sampling of Instances
iter: 0, sample_no: 1576, actual label: 0, predicted: 0
iter: 1, sample_no: 7, actual label: 0, predicted: 0
iter: 2, sample_no: 1293, actual label: 0, predicted: 0
iter: 3, sample_no: 2107, actual label: 0, predicted: 0
iter: 4, sample_no: 1741, actual label: 0, predicted: 0
iter: 5, sample_no: 1987, actual label: 0, predicted: 0
iter: 6, sample_no: 349, actual label: 0, predicted: 0
iter: 7, sample_no: 777, actual label: 0, predicted: 0
iter: 8, sample_no: 346, actual label: 0, predicted: 0
iter: 9, sample_no: 2171, actual label: 0, predicted: 0
iter: 10, sample_no: 1719, actual label: 0, predicted: 0
iter: 11, sample_no: 2334, actual label: 1, predicted: 1
iter: 12, sample_no: 2476, actual label: 1, predicted: 0
iter: 13, sample_no: 1156, actual label: 0, predicted: 0
iter: 14, sample_no: 550, actual label: 0, predicted: 0
iter: 15, sample_no: 2394, actual label: 0, predicted: 0
iter: 16, sample_no: 1743, actual label: 0, predicted: 0
iter: 17, sample_no: 1317, actual label: 0, predicted: 0
iter: 18, sample_no: 854, actual label: 0, predicted: 0
iter: 19, sample_no: 467, actual label: 0, predicted: 0
iter: 20, sample_no: 87, actual label: 0, predicted: 0
iter: 21, sample_no: 1488, actual label: 0, predicted: 0
iter: 22, sample_no: 1381, actual label: 0, predicted: 0
iter: 23, sample_no: 1707, actual label: 0, predicted: 0
iter: 24, sample_no: 146, actual label: 0, predicted: 0
number of samples: 2601
AUC 0.9965385000375367
pos_get 356
total recall stop_at 1.0
@@@ C - Repeat number: 5
@@@ D - common_header:  {'F116', 'F110', 'F120', 'category', 'F117', 'F115'}
   F116                 F117  ...                  F110  F115
1   0.0  0.21428571428571427  ...   -0.5714285714285714  -1.0
2  -1.0   0.3055555555555556  ...   -0.3611111111111111  -1.0
3   0.0                  0.1  ...                  -0.8  -1.0

[3 rows x 5 columns]
;.;
   F116      F117      F120      F110  F115
0   0.5  0.214286  0.450054  0.214286   0.0
1   0.0  0.305556  0.736152  0.319444   0.0
2   0.5  0.100000  0.450054  0.100000   0.0
training_x: (2584, 5)
training_y: 2584
testset_x: (2601, 5)
testset_y: 2601
              precision    recall  f1-score   support

           0       0.98      0.99      0.99      2245
           1       0.94      0.90      0.92       356

    accuracy                           0.98      2601
   macro avg       0.96      0.95      0.95      2601
weighted avg       0.98      0.98      0.98      2601

accuracy: 0.9788542868127643
0.921090387374462
@@@ tn: 2225, fp: 20, fn: 35, tp: 321
@@@ LIME - Creating explainer
@@@ LIME - Random Sampling of Instances
iter: 0, sample_no: 1926, actual label: 0, predicted: 0
iter: 1, sample_no: 2373, actual label: 1, predicted: 1
iter: 2, sample_no: 2341, actual label: 1, predicted: 1
iter: 3, sample_no: 2167, actual label: 0, predicted: 0
iter: 4, sample_no: 1576, actual label: 0, predicted: 0
iter: 5, sample_no: 2156, actual label: 0, predicted: 0
iter: 6, sample_no: 404, actual label: 0, predicted: 0
iter: 7, sample_no: 923, actual label: 0, predicted: 0
iter: 8, sample_no: 2119, actual label: 0, predicted: 0
iter: 9, sample_no: 2214, actual label: 0, predicted: 0
iter: 10, sample_no: 821, actual label: 0, predicted: 0
iter: 11, sample_no: 936, actual label: 0, predicted: 0
iter: 12, sample_no: 1692, actual label: 0, predicted: 0
iter: 13, sample_no: 1148, actual label: 0, predicted: 0
iter: 14, sample_no: 522, actual label: 0, predicted: 0
iter: 15, sample_no: 1611, actual label: 0, predicted: 0
iter: 16, sample_no: 1834, actual label: 0, predicted: 0
iter: 17, sample_no: 2098, actual label: 0, predicted: 0
iter: 18, sample_no: 948, actual label: 0, predicted: 0
iter: 19, sample_no: 2501, actual label: 0, predicted: 0
iter: 20, sample_no: 654, actual label: 0, predicted: 0
iter: 21, sample_no: 1465, actual label: 0, predicted: 0
iter: 22, sample_no: 517, actual label: 0, predicted: 0
iter: 23, sample_no: 1152, actual label: 0, predicted: 0
iter: 24, sample_no: 1136, actual label: 1, predicted: 0
number of samples: 2601
AUC 0.9965385000375367
pos_get 356
total recall stop_at 1.0
@@@ C - Repeat number: 6
Columns (0,3,4,5,6,7,8,9,10,11,12,13,14,15,16,17,18,19,20,21,22,23,24,25,26,27,28,29,30,31,32,33,34,35,36,37,38,39,40,41,42,43,44,45,46,47,48,49,50,51,52,53,54,55,56,57,58,59,60,61,62,63,64,65,66,67,68,69,70,71,72,73,74,75,76,77,78,79,80,81,82,83,84,85,86,87,88,89,90,91,92,93,94,95,96,97,98,99,100,101,102,103,104,105,106,107,108,109,110,111,112,113,114,115,116,117,118,119,120,121,122,123,124,125,126,127,128,129,130,131,132,133,134,135,136,137,138,139,140,141,142,143,144,145,146,147,148,149,150,151,152,153,154,155,156,157,158,159,160,161,162,163,164,165,166,167,168,169,170,171,172,173,174,175,176,177,178,179,180,181,182,183,184,185,186,187,188,189,190,191,192,193,194,195,196,197,198,199,200,201,202,203,204,205,206,207,208,209,210,211,212,213,214,215,216,217,218,219,220,221,222,223,224,225,226,227,228,229,230,231,232,233,234,235,236,237,238,239,240,241,242,243,244,245,246,247,248,249,250,251,252,253,254,255,256,257,258,259,260,261,262,263,264,265,266,267,268,269,270,271,272,273,274,275,276,278,280,281,282,283,284,285,286,287,288,289,290,291,292,293,294,295,296,297,298,299,300,301,302,303,304,305,306,307,308,309,310,311,312,313,314,315,316,317,318,319,320,321,322,323,324,325,326,327,328,329,330,331,332,333,334,335,336,337,338,339,340,341,342,343,344,345,346,347,348,349) have mixed types. Specify dtype option on import or set low_memory=False.
Columns (0,3,4,5,6,7,8,9,10,11,12,13,14,15,16,17,18,19,20,21,22,23,24,25,26,27,28,29,30,31,32,33,34,35,36,37,38,39,40,41,42,43,44,45,46,47,48,49,50,51,52,53,54,55,56,57,58,59,60,61,62,63,64,65,66,67,68,69,70,71,72,73,74,75,76,77,78,79,80,81,82,83,84,85,86,87,88,89,90,91,92,93,94,95,96,97,98,99,100,101,102,103,104,105,106,107,108,109,110,111,112,113,114,115,116,117,118,119,120,121,122,123,124,125,126,127,128,129,130,131,132,133,134,135,136,137,138,139,140,141,142,143,144,145,146,147,148,149,150,151,152,153,154,155,156,157,158,159,160,161,162,163,164,165,166,167,168,169,170,171,172,173,174,175,176,177,178,179,180,181,182,183,184,185,186,187,188,189,190,191,192,193,194,195,196,197,198,199,200,201,202,203,204,205,206,207,208,209,210,211,212,213,214,215,216,217,218,219,220,221,222,223,224,225,226,227,228,229,230,231,232,233,234,235,236,237,238,239,240,241,242,243,244,245,246,247,248,249,250,251,252,253,254,255,256,257,258,259,260,261,262,263,264,265,266,267,268,269,270,271,272,273,274,275,276,277,279,281,282,283,284,285,286,287,288,289,290,291,292,293,294,295,296,297,298,299,300,301,302,303,304,305,306,307,308,309,310,311,312,313,314,315,316,317,318,319,320,321,322,323,324,325,326,327,328,329,330,331,332,333,334,335,336,337,338,339,340,341,342,343,344,345,346,347,348,349,350) have mixed types. Specify dtype option on import or set low_memory=False.
Columns (0,3,4,5,6,7,8,9,10,11,12,13,14,15,16,17,18,19,20,21,22,23,24,25,26,27,28,29,30,31,32,33,34,35,36,37,38,39,40,41,42,43,44,45,46,47,48,49,50,51,52,53,54,55,56,57,58,59,60,61,62,63,64,65,66,67,68,69,70,71,72,73,74,75,76,77,78,79,80,81,82,83,84,85,86,87,88,89,90,91,92,93,94,95,96,97,98,99,100,101,102,103,104,105,106,107,108,109,110,111,112,113,114,115,116,117,118,119,120,121,122,123,124,125,126,127,128,129,130,131,132,133,134,135,136,137,138,139,140,141,142,143,144,145,146,147,148,149,150,151,152,153,154,155,156,157,158,159,160,161,162,163,164,165,166,167,168,169,170,171,172,173,174,175,176,177,178,179,180,181,182,183,184,185,186,187,188,189,190,191,192,193,194,195,196,197,198,199,200,201,202,203,204,205,206,207,208,209,210,211,212,213,214,215,216,217,218,219,220,221,222,223,224,225,226,227,228,229,230,231,232,233,234,235,236,237,238,239,240,241,242,243,244,245,246,247,248,249,250,251,252,253,254,255,256,257,258,259,260,261,262,263,264,265,266,267,268,269,270,271,272,273,274,275,276,278,280,281,282,283,284,285,286,287,288,289,290,291,292,293,294,295,296,297,298,299,300,301,302,303,304,305,306,307,308,309,310,311,312,313,314,315,316,317,318,319,320,321,322,323,324,325,326,327,328,329,330,331,332,333,334,335,336,337,338,339,340,341,342,343,344,345,346,347,348,349) have mixed types. Specify dtype option on import or set low_memory=False.
Columns (0,3,4,5,6,7,8,9,10,11,12,13,14,15,16,17,18,19,20,21,22,23,24,25,26,27,28,29,30,31,32,33,34,35,36,37,38,39,40,41,42,43,44,45,46,47,48,49,50,51,52,53,54,55,56,57,58,59,60,61,62,63,64,65,66,67,68,69,70,71,72,73,74,75,76,77,78,79,80,81,82,83,84,85,86,87,88,89,90,91,92,93,94,95,96,97,98,99,100,101,102,103,104,105,106,107,108,109,110,111,112,113,114,115,116,117,118,119,120,121,122,123,124,125,126,127,128,129,130,131,132,133,134,135,136,137,138,139,140,141,142,143,144,145,146,147,148,149,150,151,152,153,154,155,156,157,158,159,160,161,162,163,164,165,166,167,168,169,170,171,172,173,174,175,176,177,178,179,180,181,182,183,184,185,186,187,188,189,190,191,192,193,194,195,196,197,198,199,200,201,202,203,204,205,206,207,208,209,210,211,212,213,214,215,216,217,218,219,220,221,222,223,224,225,226,227,228,229,230,231,232,233,234,235,236,237,238,239,240,241,242,243,244,245,246,247,248,249,250,251,252,253,254,255,256,257,258,259,260,261,262,263,264,265,266,267,268,269,270,271,272,273,274,275,276,277,279,281,282,283,284,285,286,287,288,289,290,291,292,293,294,295,296,297,298,299,300,301,302,303,304,305,306,307,308,309,310,311,312,313,314,315,316,317,318,319,320,321,322,323,324,325,326,327,328,329,330,331,332,333,334,335,336,337,338,339,340,341,342,343,344,345,346,347,348,349,350) have mixed types. Specify dtype option on import or set low_memory=False.
Columns (0,3,4,5,6,7,8,9,10,11,12,13,14,15,16,17,18,19,20,21,22,23,24,25,26,27,28,29,30,31,32,33,34,35,36,37,38,39,40,41,42,43,44,45,46,47,48,49,50,51,52,53,54,55,56,57,58,59,60,61,62,63,64,65,66,67,68,69,70,71,72,73,74,75,76,77,78,79,80,81,82,83,84,85,86,87,88,89,90,91,92,93,94,95,96,97,98,99,100,101,102,103,104,105,106,107,108,109,110,111,112,113,114,115,116,117,118,119,120,121,122,123,124,125,126,127,128,129,130,131,132,133,134,135,136,137,138,139,140,141,142,143,144,145,146,147,148,149,150,151,152,153,154,155,156,157,158,159,160,161,162,163,164,165,166,167,168,169,170,171,172,173,174,175,176,177,178,179,180,181,182,183,184,185,186,187,188,189,190,191,192,193,194,195,196,197,198,199,200,201,202,203,204,205,206,207,208,209,210,211,212,213,214,215,216,217,218,219,220,221,222,223,224,225,226,227,228,229,230,231,232,233,234,235,236,237,238,239,240,241,242,243,244,245,246,247,248,249,250,251,252,253,254,255,256,257,258,259,260,261,262,263,264,265,266,267,268,269,270,271,272,273,274,275,276,278,280,281,282,283,284,285,286,287,288,289,290,291,292,293,294,295,296,297,298,299,300,301,302,303,304,305,306,307,308,309,310,311,312,313,314,315,316,317,318,319,320,321,322,323,324,325,326,327,328,329,330,331,332,333,334,335,336,337,338,339,340,341,342,343,344,345,346,347,348,349) have mixed types. Specify dtype option on import or set low_memory=False.
Columns (0,3,4,5,6,7,8,9,10,11,12,13,14,15,16,17,18,19,20,21,22,23,24,25,26,27,28,29,30,31,32,33,34,35,36,37,38,39,40,41,42,43,44,45,46,47,48,49,50,51,52,53,54,55,56,57,58,59,60,61,62,63,64,65,66,67,68,69,70,71,72,73,74,75,76,77,78,79,80,81,82,83,84,85,86,87,88,89,90,91,92,93,94,95,96,97,98,99,100,101,102,103,104,105,106,107,108,109,110,111,112,113,114,115,116,117,118,119,120,121,122,123,124,125,126,127,128,129,130,131,132,133,134,135,136,137,138,139,140,141,142,143,144,145,146,147,148,149,150,151,152,153,154,155,156,157,158,159,160,161,162,163,164,165,166,167,168,169,170,171,172,173,174,175,176,177,178,179,180,181,182,183,184,185,186,187,188,189,190,191,192,193,194,195,196,197,198,199,200,201,202,203,204,205,206,207,208,209,210,211,212,213,214,215,216,217,218,219,220,221,222,223,224,225,226,227,228,229,230,231,232,233,234,235,236,237,238,239,240,241,242,243,244,245,246,247,248,249,250,251,252,253,254,255,256,257,258,259,260,261,262,263,264,265,266,267,268,269,270,271,272,273,274,275,276,277,279,281,282,283,284,285,286,287,288,289,290,291,292,293,294,295,296,297,298,299,300,301,302,303,304,305,306,307,308,309,310,311,312,313,314,315,316,317,318,319,320,321,322,323,324,325,326,327,328,329,330,331,332,333,334,335,336,337,338,339,340,341,342,343,344,345,346,347,348,349,350) have mixed types. Specify dtype option on import or set low_memory=False.
Columns (0,3,4,5,6,7,8,9,10,11,12,13,14,15,16,17,18,19,20,21,22,23,24,25,26,27,28,29,30,31,32,33,34,35,36,37,38,39,40,41,42,43,44,45,46,47,48,49,50,51,52,53,54,55,56,57,58,59,60,61,62,63,64,65,66,67,68,69,70,71,72,73,74,75,76,77,78,79,80,81,82,83,84,85,86,87,88,89,90,91,92,93,94,95,96,97,98,99,100,101,102,103,104,105,106,107,108,109,110,111,112,113,114,115,116,117,118,119,120,121,122,123,124,125,126,127,128,129,130,131,132,133,134,135,136,137,138,139,140,141,142,143,144,145,146,147,148,149,150,151,152,153,154,155,156,157,158,159,160,161,162,163,164,165,166,167,168,169,170,171,172,173,174,175,176,177,178,179,180,181,182,183,184,185,186,187,188,189,190,191,192,193,194,195,196,197,198,199,200,201,202,203,204,205,206,207,208,209,210,211,212,213,214,215,216,217,218,219,220,221,222,223,224,225,226,227,228,229,230,231,232,233,234,235,236,237,238,239,240,241,242,243,244,245,246,247,248,249,250,251,252,253,254,255,256,257,258,259,260,261,262,263,264,265,266,267,268,269,270,271,272,273,274,275,276,278,280,281,282,283,284,285,286,287,288,289,290,291,292,293,294,295,296,297,298,299,300,301,302,303,304,305,306,307,308,309,310,311,312,313,314,315,316,317,318,319,320,321,322,323,324,325,326,327,328,329,330,331,332,333,334,335,336,337,338,339,340,341,342,343,344,345,346,347,348,349) have mixed types. Specify dtype option on import or set low_memory=False.
@@@ D - common_header:  {'F116', 'F110', 'F120', 'category', 'F117', 'F115'}
   F116                 F117  ...                  F110  F115
1   0.0  0.21428571428571427  ...   -0.5714285714285714  -1.0
2  -1.0   0.3055555555555556  ...   -0.3611111111111111  -1.0
3   0.0                  0.1  ...                  -0.8  -1.0

[3 rows x 5 columns]
;.;
   F116      F117      F120      F110  F115
0   0.5  0.214286  0.450054  0.214286   0.0
1   0.0  0.305556  0.736152  0.319444   0.0
2   0.5  0.100000  0.450054  0.100000   0.0
training_x: (2584, 5)
training_y: 2584
testset_x: (2601, 5)
testset_y: 2601
              precision    recall  f1-score   support

           0       0.98      0.99      0.99      2245
           1       0.94      0.90      0.92       356

    accuracy                           0.98      2601
   macro avg       0.96      0.95      0.95      2601
weighted avg       0.98      0.98      0.98      2601

accuracy: 0.9788542868127643
0.921090387374462
@@@ tn: 2225, fp: 20, fn: 35, tp: 321
@@@ LIME - Creating explainer
@@@ LIME - Random Sampling of Instances
iter: 0, sample_no: 1361, actual label: 0, predicted: 0
iter: 1, sample_no: 682, actual label: 0, predicted: 0
iter: 2, sample_no: 811, actual label: 0, predicted: 0
iter: 3, sample_no: 2479, actual label: 0, predicted: 0
iter: 4, sample_no: 1144, actual label: 1, predicted: 1
iter: 5, sample_no: 676, actual label: 0, predicted: 0
iter: 6, sample_no: 70, actual label: 0, predicted: 0
iter: 7, sample_no: 2298, actual label: 1, predicted: 1
iter: 8, sample_no: 668, actual label: 0, predicted: 0
iter: 9, sample_no: 2124, actual label: 0, predicted: 0
iter: 10, sample_no: 696, actual label: 0, predicted: 0
iter: 11, sample_no: 903, actual label: 1, predicted: 1
iter: 12, sample_no: 1652, actual label: 0, predicted: 0
iter: 13, sample_no: 1595, actual label: 1, predicted: 1
iter: 14, sample_no: 138, actual label: 0, predicted: 0
iter: 15, sample_no: 2094, actual label: 0, predicted: 0
iter: 16, sample_no: 706, actual label: 0, predicted: 0
iter: 17, sample_no: 1142, actual label: 0, predicted: 0
iter: 18, sample_no: 1866, actual label: 0, predicted: 0
iter: 19, sample_no: 1583, actual label: 0, predicted: 0
iter: 20, sample_no: 2339, actual label: 1, predicted: 1
iter: 21, sample_no: 76, actual label: 0, predicted: 0
iter: 22, sample_no: 485, actual label: 0, predicted: 0
iter: 23, sample_no: 2461, actual label: 1, predicted: 1
iter: 24, sample_no: 1747, actual label: 0, predicted: 0
number of samples: 2601
AUC 0.9965385000375367
pos_get 356
total recall stop_at 1.0
@@@ C - Repeat number: 7
@@@ D - common_header:  {'F116', 'F110', 'F120', 'category', 'F117', 'F115'}
   F116                 F117  ...                  F110  F115
1   0.0  0.21428571428571427  ...   -0.5714285714285714  -1.0
2  -1.0   0.3055555555555556  ...   -0.3611111111111111  -1.0
3   0.0                  0.1  ...                  -0.8  -1.0

[3 rows x 5 columns]
;.;
   F116      F117      F120      F110  F115
0   0.5  0.214286  0.450054  0.214286   0.0
1   0.0  0.305556  0.736152  0.319444   0.0
2   0.5  0.100000  0.450054  0.100000   0.0
training_x: (2584, 5)
training_y: 2584
testset_x: (2601, 5)
testset_y: 2601
              precision    recall  f1-score   support

           0       0.98      0.99      0.99      2245
           1       0.94      0.90      0.92       356

    accuracy                           0.98      2601
   macro avg       0.96      0.95      0.95      2601
weighted avg       0.98      0.98      0.98      2601

accuracy: 0.9788542868127643
0.921090387374462
@@@ tn: 2225, fp: 20, fn: 35, tp: 321
@@@ LIME - Creating explainer
@@@ LIME - Random Sampling of Instances
iter: 0, sample_no: 1709, actual label: 0, predicted: 0
iter: 1, sample_no: 73, actual label: 0, predicted: 0
iter: 2, sample_no: 2267, actual label: 1, predicted: 1
iter: 3, sample_no: 716, actual label: 0, predicted: 0
iter: 4, sample_no: 1235, actual label: 0, predicted: 0
iter: 5, sample_no: 419, actual label: 0, predicted: 0
iter: 6, sample_no: 1322, actual label: 0, predicted: 0
iter: 7, sample_no: 1668, actual label: 0, predicted: 0
iter: 8, sample_no: 1695, actual label: 0, predicted: 0
iter: 9, sample_no: 403, actual label: 0, predicted: 0
iter: 10, sample_no: 566, actual label: 0, predicted: 0
iter: 11, sample_no: 169, actual label: 0, predicted: 0
iter: 12, sample_no: 1753, actual label: 0, predicted: 0
iter: 13, sample_no: 832, actual label: 0, predicted: 0
iter: 14, sample_no: 2184, actual label: 0, predicted: 0
iter: 15, sample_no: 64, actual label: 0, predicted: 0
iter: 16, sample_no: 629, actual label: 0, predicted: 0
iter: 17, sample_no: 2080, actual label: 0, predicted: 0
iter: 18, sample_no: 237, actual label: 0, predicted: 0
iter: 19, sample_no: 1062, actual label: 0, predicted: 0
iter: 20, sample_no: 2474, actual label: 0, predicted: 0
iter: 21, sample_no: 736, actual label: 1, predicted: 1
iter: 22, sample_no: 1270, actual label: 0, predicted: 0
iter: 23, sample_no: 1355, actual label: 0, predicted: 0
iter: 24, sample_no: 2506, actual label: 0, predicted: 0
number of samples: 2601
AUC 0.9965385000375367
pos_get 356
total recall stop_at 1.0
@@@ C - Repeat number: 8
@@@ D - common_header:  {'F116', 'F110', 'F120', 'category', 'F117', 'F115'}
   F116                 F117  ...                  F110  F115
1   0.0  0.21428571428571427  ...   -0.5714285714285714  -1.0
2  -1.0   0.3055555555555556  ...   -0.3611111111111111  -1.0
3   0.0                  0.1  ...                  -0.8  -1.0

[3 rows x 5 columns]
;.;
   F116      F117      F120      F110  F115
0   0.5  0.214286  0.450054  0.214286   0.0
1   0.0  0.305556  0.736152  0.319444   0.0
2   0.5  0.100000  0.450054  0.100000   0.0
training_x: (2584, 5)
training_y: 2584
testset_x: (2601, 5)
testset_y: 2601
              precision    recall  f1-score   support

           0       0.98      0.99      0.99      2245
           1       0.94      0.90      0.92       356

    accuracy                           0.98      2601
   macro avg       0.96      0.95      0.95      2601
weighted avg       0.98      0.98      0.98      2601

accuracy: 0.9788542868127643
0.921090387374462
@@@ tn: 2225, fp: 20, fn: 35, tp: 321
@@@ LIME - Creating explainer
@@@ LIME - Random Sampling of Instances
iter: 0, sample_no: 1504, actual label: 1, predicted: 1
iter: 1, sample_no: 1250, actual label: 1, predicted: 0
iter: 2, sample_no: 268, actual label: 0, predicted: 0
iter: 3, sample_no: 2059, actual label: 0, predicted: 0
iter: 4, sample_no: 762, actual label: 0, predicted: 0
iter: 5, sample_no: 2242, actual label: 0, predicted: 0
iter: 6, sample_no: 1762, actual label: 0, predicted: 0
iter: 7, sample_no: 1235, actual label: 0, predicted: 0
iter: 8, sample_no: 2051, actual label: 0, predicted: 0
iter: 9, sample_no: 1758, actual label: 0, predicted: 0
iter: 10, sample_no: 1343, actual label: 0, predicted: 0
iter: 11, sample_no: 2272, actual label: 1, predicted: 1
iter: 12, sample_no: 2145, actual label: 0, predicted: 0
iter: 13, sample_no: 1662, actual label: 0, predicted: 0
iter: 14, sample_no: 2074, actual label: 0, predicted: 0
iter: 15, sample_no: 365, actual label: 0, predicted: 0
iter: 16, sample_no: 1881, actual label: 0, predicted: 0
iter: 17, sample_no: 1002, actual label: 1, predicted: 1
iter: 18, sample_no: 842, actual label: 0, predicted: 0
iter: 19, sample_no: 1574, actual label: 0, predicted: 0
iter: 20, sample_no: 2411, actual label: 0, predicted: 0
iter: 21, sample_no: 1883, actual label: 0, predicted: 0
iter: 22, sample_no: 2120, actual label: 0, predicted: 0
iter: 23, sample_no: 1304, actual label: 0, predicted: 0
iter: 24, sample_no: 103, actual label: 0, predicted: 0
number of samples: 2601
AUC 0.9965385000375367
pos_get 356
total recall stop_at 1.0
@@@ C - Repeat number: 9
@@@ D - common_header:  {'F116', 'F110', 'F120', 'category', 'F117', 'F115'}
   F116                 F117  ...                  F110  F115
1   0.0  0.21428571428571427  ...   -0.5714285714285714  -1.0
2  -1.0   0.3055555555555556  ...   -0.3611111111111111  -1.0
3   0.0                  0.1  ...                  -0.8  -1.0

[3 rows x 5 columns]
;.;
   F116      F117      F120      F110  F115
0   0.5  0.214286  0.450054  0.214286   0.0
1   0.0  0.305556  0.736152  0.319444   0.0
2   0.5  0.100000  0.450054  0.100000   0.0
training_x: (2584, 5)
training_y: 2584
testset_x: (2601, 5)
testset_y: 2601
              precision    recall  f1-score   support

           0       0.98      0.99      0.99      2245
           1       0.94      0.90      0.92       356

    accuracy                           0.98      2601
   macro avg       0.96      0.95      0.95      2601
weighted avg       0.98      0.98      0.98      2601

accuracy: 0.9788542868127643
0.921090387374462
@@@ tn: 2225, fp: 20, fn: 35, tp: 321
@@@ LIME - Creating explainer
@@@ LIME - Random Sampling of Instances
iter: 0, sample_no: 2105, actual label: 0, predicted: 0
iter: 1, sample_no: 1481, actual label: 0, predicted: 0
iter: 2, sample_no: 928, actual label: 0, predicted: 0
iter: 3, sample_no: 1484, actual label: 0, predicted: 0
iter: 4, sample_no: 610, actual label: 0, predicted: 0
iter: 5, sample_no: 834, actual label: 0, predicted: 0
iter: 6, sample_no: 569, actual label: 0, predicted: 0
iter: 7, sample_no: 152, actual label: 0, predicted: 0
iter: 8, sample_no: 1422, actual label: 1, predicted: 1
iter: 9, sample_no: 1645, actual label: 1, predicted: 1
iter: 10, sample_no: 969, actual label: 1, predicted: 1
iter: 11, sample_no: 2053, actual label: 0, predicted: 0
iter: 12, sample_no: 1169, actual label: 0, predicted: 0
iter: 13, sample_no: 389, actual label: 0, predicted: 0
iter: 14, sample_no: 2161, actual label: 0, predicted: 0
iter: 15, sample_no: 2077, actual label: 0, predicted: 0
iter: 16, sample_no: 2490, actual label: 0, predicted: 0
iter: 17, sample_no: 2074, actual label: 0, predicted: 0
iter: 18, sample_no: 1860, actual label: 0, predicted: 0
iter: 19, sample_no: 1696, actual label: 0, predicted: 0
iter: 20, sample_no: 976, actual label: 1, predicted: 1
iter: 21, sample_no: 2161, actual label: 0, predicted: 0
iter: 22, sample_no: 2419, actual label: 0, predicted: 0
iter: 23, sample_no: 1638, actual label: 1, predicted: 1
iter: 24, sample_no: 2306, actual label: 1, predicted: 1
number of samples: 2601
AUC 0.9965385000375367
pos_get 356
total recall stop_at 1.0
@@@ C - Repeat number: 10
Columns (0,3,4,5,6,7,8,9,10,11,12,13,14,15,16,17,18,19,20,21,22,23,24,25,26,27,28,29,30,31,32,33,34,35,36,37,38,39,40,41,42,43,44,45,46,47,48,49,50,51,52,53,54,55,56,57,58,59,60,61,62,63,64,65,66,67,68,69,70,71,72,73,74,75,76,77,78,79,80,81,82,83,84,85,86,87,88,89,90,91,92,93,94,95,96,97,98,99,100,101,102,103,104,105,106,107,108,109,110,111,112,113,114,115,116,117,118,119,120,121,122,123,124,125,126,127,128,129,130,131,132,133,134,135,136,137,138,139,140,141,142,143,144,145,146,147,148,149,150,151,152,153,154,155,156,157,158,159,160,161,162,163,164,165,166,167,168,169,170,171,172,173,174,175,176,177,178,179,180,181,182,183,184,185,186,187,188,189,190,191,192,193,194,195,196,197,198,199,200,201,202,203,204,205,206,207,208,209,210,211,212,213,214,215,216,217,218,219,220,221,222,223,224,225,226,227,228,229,230,231,232,233,234,235,236,237,238,239,240,241,242,243,244,245,246,247,248,249,250,251,252,253,254,255,256,257,258,259,260,261,262,263,264,265,266,267,268,269,270,271,272,273,274,275,276,277,279,281,282,283,284,285,286,287,288,289,290,291,292,293,294,295,296,297,298,299,300,301,302,303,304,305,306,307,308,309,310,311,312,313,314,315,316,317,318,319,320,321,322,323,324,325,326,327,328,329,330,331,332,333,334,335,336,337,338,339,340,341,342,343,344,345,346,347,348,349,350) have mixed types. Specify dtype option on import or set low_memory=False.
Columns (0,3,4,5,6,7,8,9,10,11,12,13,14,15,16,17,18,19,20,21,22,23,24,25,26,27,28,29,30,31,32,33,34,35,36,37,38,39,40,41,42,43,44,45,46,47,48,49,50,51,52,53,54,55,56,57,58,59,60,61,62,63,64,65,66,67,68,69,70,71,72,73,74,75,76,77,78,79,80,81,82,83,84,85,86,87,88,89,90,91,92,93,94,95,96,97,98,99,100,101,102,103,104,105,106,107,108,109,110,111,112,113,114,115,116,117,118,119,120,121,122,123,124,125,126,127,128,129,130,131,132,133,134,135,136,137,138,139,140,141,142,143,144,145,146,147,148,149,150,151,152,153,154,155,156,157,158,159,160,161,162,163,164,165,166,167,168,169,170,171,172,173,174,175,176,177,178,179,180,181,182,183,184,185,186,187,188,189,190,191,192,193,194,195,196,197,198,199,200,201,202,203,204,205,206,207,208,209,210,211,212,213,214,215,216,217,218,219,220,221,222,223,224,225,226,227,228,229,230,231,232,233,234,235,236,237,238,239,240,241,242,243,244,245,246,247,248,249,250,251,252,253,254,255,256,257,258,259,260,261,262,263,264,265,266,267,268,269,270,271,272,273,274,275,276,278,280,281,282,283,284,285,286,287,288,289,290,291,292,293,294,295,296,297,298,299,300,301,302,303,304,305,306,307,308,309,310,311,312,313,314,315,316,317,318,319,320,321,322,323,324,325,326,327,328,329,330,331,332,333,334,335,336,337,338,339,340,341,342,343,344,345,346,347,348,349) have mixed types. Specify dtype option on import or set low_memory=False.
Columns (0,3,4,5,6,7,8,9,10,11,12,13,14,15,16,17,18,19,20,21,22,23,24,25,26,27,28,29,30,31,32,33,34,35,36,37,38,39,40,41,42,43,44,45,46,47,48,49,50,51,52,53,54,55,56,57,58,59,60,61,62,63,64,65,66,67,68,69,70,71,72,73,74,75,76,77,78,79,80,81,82,83,84,85,86,87,88,89,90,91,92,93,94,95,96,97,98,99,100,101,102,103,104,105,106,107,108,109,110,111,112,113,114,115,116,117,118,119,120,121,122,123,124,125,126,127,128,129,130,131,132,133,134,135,136,137,138,139,140,141,142,143,144,145,146,147,148,149,150,151,152,153,154,155,156,157,158,159,160,161,162,163,164,165,166,167,168,169,170,171,172,173,174,175,176,177,178,179,180,181,182,183,184,185,186,187,188,189,190,191,192,193,194,195,196,197,198,199,200,201,202,203,204,205,206,207,208,209,210,211,212,213,214,215,216,217,218,219,220,221,222,223,224,225,226,227,228,229,230,231,232,233,234,235,236,237,238,239,240,241,242,243,244,245,246,247,248,249,250,251,252,253,254,255,256,257,258,259,260,261,262,263,264,265,266,267,268,269,270,271,272,273,274,275,276,277,279,281,282,283,284,285,286,287,288,289,290,291,292,293,294,295,296,297,298,299,300,301,302,303,304,305,306,307,308,309,310,311,312,313,314,315,316,317,318,319,320,321,322,323,324,325,326,327,328,329,330,331,332,333,334,335,336,337,338,339,340,341,342,343,344,345,346,347,348,349,350) have mixed types. Specify dtype option on import or set low_memory=False.
Columns (0,3,4,5,6,7,8,9,10,11,12,13,14,15,16,17,18,19,20,21,22,23,24,25,26,27,28,29,30,31,32,33,34,35,36,37,38,39,40,41,42,43,44,45,46,47,48,49,50,51,52,53,54,55,56,57,58,59,60,61,62,63,64,65,66,67,68,69,70,71,72,73,74,75,76,77,78,79,80,81,82,83,84,85,86,87,88,89,90,91,92,93,94,95,96,97,98,99,100,101,102,103,104,105,106,107,108,109,110,111,112,113,114,115,116,117,118,119,120,121,122,123,124,125,126,127,128,129,130,131,132,133,134,135,136,137,138,139,140,141,142,143,144,145,146,147,148,149,150,151,152,153,154,155,156,157,158,159,160,161,162,163,164,165,166,167,168,169,170,171,172,173,174,175,176,177,178,179,180,181,182,183,184,185,186,187,188,189,190,191,192,193,194,195,196,197,198,199,200,201,202,203,204,205,206,207,208,209,210,211,212,213,214,215,216,217,218,219,220,221,222,223,224,225,226,227,228,229,230,231,232,233,234,235,236,237,238,239,240,241,242,243,244,245,246,247,248,249,250,251,252,253,254,255,256,257,258,259,260,261,262,263,264,265,266,267,268,269,270,271,272,273,274,275,276,278,280,281,282,283,284,285,286,287,288,289,290,291,292,293,294,295,296,297,298,299,300,301,302,303,304,305,306,307,308,309,310,311,312,313,314,315,316,317,318,319,320,321,322,323,324,325,326,327,328,329,330,331,332,333,334,335,336,337,338,339,340,341,342,343,344,345,346,347,348,349) have mixed types. Specify dtype option on import or set low_memory=False.
Columns (0,3,4,5,6,7,8,9,10,11,12,13,14,15,16,17,18,19,20,21,22,23,24,25,26,27,28,29,30,31,32,33,34,35,36,37,38,39,40,41,42,43,44,45,46,47,48,49,50,51,52,53,54,55,56,57,58,59,60,61,62,63,64,65,66,67,68,69,70,71,72,73,74,75,76,77,78,79,80,81,82,83,84,85,86,87,88,89,90,91,92,93,94,95,96,97,98,99,100,101,102,103,104,105,106,107,108,109,110,111,112,113,114,115,116,117,118,119,120,121,122,123,124,125,126,127,128,129,130,131,132,133,134,135,136,137,138,139,140,141,142,143,144,145,146,147,148,149,150,151,152,153,154,155,156,157,158,159,160,161,162,163,164,165,166,167,168,169,170,171,172,173,174,175,176,177,178,179,180,181,182,183,184,185,186,187,188,189,190,191,192,193,194,195,196,197,198,199,200,201,202,203,204,205,206,207,208,209,210,211,212,213,214,215,216,217,218,219,220,221,222,223,224,225,226,227,228,229,230,231,232,233,234,235,236,237,238,239,240,241,242,243,244,245,246,247,248,249,250,251,252,253,254,255,256,257,258,259,260,261,262,263,264,265,266,267,268,269,270,271,272,273,274,275,276,277,279,281,282,283,284,285,286,287,288,289,290,291,292,293,294,295,296,297,298,299,300,301,302,303,304,305,306,307,308,309,310,311,312,313,314,315,316,317,318,319,320,321,322,323,324,325,326,327,328,329,330,331,332,333,334,335,336,337,338,339,340,341,342,343,344,345,346,347,348,349,350) have mixed types. Specify dtype option on import or set low_memory=False.
Columns (0,3,4,5,6,7,8,9,10,11,12,13,14,15,16,17,18,19,20,21,22,23,24,25,26,27,28,29,30,31,32,33,34,35,36,37,38,39,40,41,42,43,44,45,46,47,48,49,50,51,52,53,54,55,56,57,58,59,60,61,62,63,64,65,66,67,68,69,70,71,72,73,74,75,76,77,78,79,80,81,82,83,84,85,86,87,88,89,90,91,92,93,94,95,96,97,98,99,100,101,102,103,104,105,106,107,108,109,110,111,112,113,114,115,116,117,118,119,120,121,122,123,124,125,126,127,128,129,130,131,132,133,134,135,136,137,138,139,140,141,142,143,144,145,146,147,148,149,150,151,152,153,154,155,156,157,158,159,160,161,162,163,164,165,166,167,168,169,170,171,172,173,174,175,176,177,178,179,180,181,182,183,184,185,186,187,188,189,190,191,192,193,194,195,196,197,198,199,200,201,202,203,204,205,206,207,208,209,210,211,212,213,214,215,216,217,218,219,220,221,222,223,224,225,226,227,228,229,230,231,232,233,234,235,236,237,238,239,240,241,242,243,244,245,246,247,248,249,250,251,252,253,254,255,256,257,258,259,260,261,262,263,264,265,266,267,268,269,270,271,272,273,274,275,276,278,280,281,282,283,284,285,286,287,288,289,290,291,292,293,294,295,296,297,298,299,300,301,302,303,304,305,306,307,308,309,310,311,312,313,314,315,316,317,318,319,320,321,322,323,324,325,326,327,328,329,330,331,332,333,334,335,336,337,338,339,340,341,342,343,344,345,346,347,348,349) have mixed types. Specify dtype option on import or set low_memory=False.
Columns (0,3,4,5,6,7,8,9,10,11,12,13,14,15,16,17,18,19,20,21,22,23,24,25,26,27,28,29,30,31,32,33,34,35,36,37,38,39,40,41,42,43,44,45,46,47,48,49,50,51,52,53,54,55,56,57,58,59,60,61,62,63,64,65,66,67,68,69,70,71,72,73,74,75,76,77,78,79,80,81,82,83,84,85,86,87,88,89,90,91,92,93,94,95,96,97,98,99,100,101,102,103,104,105,106,107,108,109,110,111,112,113,114,115,116,117,118,119,120,121,122,123,124,125,126,127,128,129,130,131,132,133,134,135,136,137,138,139,140,141,142,143,144,145,146,147,148,149,150,151,152,153,154,155,156,157,158,159,160,161,162,163,164,165,166,167,168,169,170,171,172,173,174,175,176,177,178,179,180,181,182,183,184,185,186,187,188,189,190,191,192,193,194,195,196,197,198,199,200,201,202,203,204,205,206,207,208,209,210,211,212,213,214,215,216,217,218,219,220,221,222,223,224,225,226,227,228,229,230,231,232,233,234,235,236,237,238,239,240,241,242,243,244,245,246,247,248,249,250,251,252,253,254,255,256,257,258,259,260,261,262,263,264,265,266,267,268,269,270,271,272,273,274,275,276,277,279,281,282,283,284,285,286,287,288,289,290,291,292,293,294,295,296,297,298,299,300,301,302,303,304,305,306,307,308,309,310,311,312,313,314,315,316,317,318,319,320,321,322,323,324,325,326,327,328,329,330,331,332,333,334,335,336,337,338,339,340,341,342,343,344,345,346,347,348,349,350) have mixed types. Specify dtype option on import or set low_memory=False.
@@@ D - common_header:  {'F116', 'F110', 'F120', 'category', 'F117', 'F115'}
   F116                 F117  ...                  F110  F115
1   0.0  0.21428571428571427  ...   -0.5714285714285714  -1.0
2  -1.0   0.3055555555555556  ...   -0.3611111111111111  -1.0
3   0.0                  0.1  ...                  -0.8  -1.0

[3 rows x 5 columns]
;.;
   F116      F117      F120      F110  F115
0   0.5  0.214286  0.450054  0.214286   0.0
1   0.0  0.305556  0.736152  0.319444   0.0
2   0.5  0.100000  0.450054  0.100000   0.0
training_x: (2584, 5)
training_y: 2584
testset_x: (2601, 5)
testset_y: 2601
              precision    recall  f1-score   support

           0       0.98      0.99      0.99      2245
           1       0.94      0.90      0.92       356

    accuracy                           0.98      2601
   macro avg       0.96      0.95      0.95      2601
weighted avg       0.98      0.98      0.98      2601

accuracy: 0.9788542868127643
0.921090387374462
@@@ tn: 2225, fp: 20, fn: 35, tp: 321
@@@ LIME - Creating explainer
@@@ LIME - Random Sampling of Instances
Columns (0,3,4,5,6,7,8,9,10,11,12,13,14,15,16,17,18,19,20,21,22,23,24,25,26,27,28,29,30,31,32,33,34,35,36,37,38,39,40,41,42,43,44,45,46,47,48,49,50,51,52,53,54,55,56,57,58,59,60,61,62,63,64,65,66,67,68,69,70,71,72,73,74,75,76,77,78,79,80,81,82,83,84,85,86,87,88,89,90,91,92,93,94,95,96,97,98,99,100,101,102,103,104,105,106,107,108,109,110,111,112,113,114,115,116,117,118,119,120,121,122,123,124,125,126,127,128,129,130,131,132,133,134,135,136,137,138,139,140,141,142,143,144,145,146,147,148,149,150,151,152,153,154,155,156,157,158,159,160,161,162,163,164,165,166,167,168,169,170,171,172,173,174,175,176,177,178,179,180,181,182,183,184,185,186,187,188,189,190,191,192,193,194,195,196,197,198,199,200,201,202,203,204,205,206,207,208,209,210,211,212,213,214,215,216,217,218,219,220,221,222,223,224,225,226,227,228,229,230,231,232,233,234,235,236,237,238,239,240,241,242,243,244,245,246,247,248,249,250,251,252,253,254,255,256,257,258,259,260,261,262,263,264,265,266,267,268,269,270,271,272,273,274,275,276,278,280,281,282,283,284,285,286,287,288,289,290,291,292,293,294,295,296,297,298,299,300,301,302,303,304,305,306,307,308,309,310,311,312,313,314,315,316,317,318,319,320,321,322,323,324,325,326,327,328,329,330,331,332,333,334,335,336,337,338,339,340,341,342,343,344,345,346,347,348,349) have mixed types. Specify dtype option on import or set low_memory=False.
iter: 0, sample_no: 1692, actual label: 0, predicted: 0
iter: 1, sample_no: 1798, actual label: 0, predicted: 0
iter: 2, sample_no: 1525, actual label: 0, predicted: 0
iter: 3, sample_no: 2459, actual label: 0, predicted: 0
iter: 4, sample_no: 1169, actual label: 0, predicted: 0
iter: 5, sample_no: 832, actual label: 0, predicted: 0
iter: 6, sample_no: 854, actual label: 0, predicted: 0
iter: 7, sample_no: 1955, actual label: 0, predicted: 0
iter: 8, sample_no: 287, actual label: 0, predicted: 0
iter: 9, sample_no: 382, actual label: 0, predicted: 0
iter: 10, sample_no: 277, actual label: 0, predicted: 0
iter: 11, sample_no: 940, actual label: 0, predicted: 0
iter: 12, sample_no: 501, actual label: 0, predicted: 0
iter: 13, sample_no: 152, actual label: 0, predicted: 0
iter: 14, sample_no: 2004, actual label: 0, predicted: 0
iter: 15, sample_no: 1085, actual label: 0, predicted: 0
iter: 16, sample_no: 98, actual label: 0, predicted: 0
iter: 17, sample_no: 1509, actual label: 0, predicted: 0
iter: 18, sample_no: 2556, actual label: 0, predicted: 0
iter: 19, sample_no: 1600, actual label: 0, predicted: 0
iter: 20, sample_no: 908, actual label: 0, predicted: 0
iter: 21, sample_no: 1650, actual label: 0, predicted: 0
iter: 22, sample_no: 2173, actual label: 0, predicted: 0
iter: 23, sample_no: 1215, actual label: 0, predicted: 0
iter: 24, sample_no: 1176, actual label: 0, predicted: 0
number of samples: 2601
AUC 0.9965385000375367
pos_get 356
total recall stop_at 1.0
----------threshold stop at----------: 1
AUC [0.9965403768674458, 0.9965403768674458, 0.9965385000375367, 0.9965385000375367, 0.9965385000375367, 0.9965385000375367, 0.9965385000375367, 0.9965385000375367, 0.9965385000375367, 0.9965385000375367]
AUC_median 0.9965385000375367
AUC_iqr 0.0
cost [0.41945405613225684, 0.4232987312572088, 0.41945405613225684, 0.41945405613225684, 0.41945405613225684, 0.41945405613225684, 0.4232987312572088, 0.41945405613225684, 0.41945405613225684, 0.4232987312572088]
COST_med 0.41945405613225684
COST_iqr 0.002883506343713982
f1_pos_list [0.921090387374462, 0.921090387374462, 0.921090387374462, 0.921090387374462, 0.921090387374462, 0.921090387374462, 0.921090387374462, 0.921090387374462, 0.921090387374462, 0.921090387374462]
f1_pos_med 0.921090387374462
