@@@ A - classifier: SVC(C=1.0, break_ties=False, cache_size=200, class_weight='balanced', coef0=0.0,
    decision_function_shape='ovr', degree=3, gamma='scale', kernel='linear',
    max_iter=-1, probability=True, random_state=None, shrinking=True, tol=0.001,
    verbose=False)
@@@ B - threshold stop at: 1
@@@ C - Repeat number: 1
@@@ D - common_header:  {'F110', 'F120', 'F115', 'F116', 'F117', 'category'}
   F116                F117                F120                 F110  F115
1  -0.5  0.3103448275862069  0.6163151759730154  -0.3793103448275862  -1.0
2  -0.5  0.3103448275862069  0.6163151759730154  -0.3793103448275862  -1.0
3  -0.5  0.3103448275862069  0.6163151759730154  -0.3793103448275862  -1.0
;.;
   F116      F117  F120      F110  F115
0  0.25  0.310345   1.0  0.310345   0.0
1  0.25  0.310345   1.0  0.310345   0.0
2  0.25  0.310345   1.0  0.310345   0.0
training_x: (1435, 5)
training_y: 1435
testset_x: (1441, 5)
testset_y: 1441
              precision    recall  f1-score   support

           0       0.99      0.97      0.98      1115
           1       0.92      0.96      0.94       326

    accuracy                           0.97      1441
   macro avg       0.95      0.97      0.96      1441
weighted avg       0.97      0.97      0.97      1441

accuracy: 0.9715475364330326
0.9387144992526159
@@@ tn: 1086, fp: 29, fn: 12, tp: 314
@@@ LIME - Creating explainer
@@@ LIME - Random Sampling of Instances
iter: 0, sample_no: 1344, actual label: 0, predicted: 0
iter: 1, sample_no: 1387, actual label: 0, predicted: 0
iter: 2, sample_no: 451, actual label: 0, predicted: 0
iter: 3, sample_no: 1267, actual label: 0, predicted: 0
iter: 4, sample_no: 482, actual label: 1, predicted: 1
iter: 5, sample_no: 926, actual label: 0, predicted: 1
iter: 6, sample_no: 904, actual label: 0, predicted: 0
iter: 7, sample_no: 1239, actual label: 0, predicted: 0
iter: 8, sample_no: 1371, actual label: 1, predicted: 1
iter: 9, sample_no: 185, actual label: 0, predicted: 1
iter: 10, sample_no: 1106, actual label: 0, predicted: 0
iter: 11, sample_no: 1202, actual label: 0, predicted: 0
iter: 12, sample_no: 1026, actual label: 1, predicted: 1
iter: 13, sample_no: 286, actual label: 0, predicted: 0
iter: 14, sample_no: 1150, actual label: 0, predicted: 0
iter: 15, sample_no: 303, actual label: 1, predicted: 1
iter: 16, sample_no: 157, actual label: 0, predicted: 0
iter: 17, sample_no: 743, actual label: 0, predicted: 0
iter: 18, sample_no: 408, actual label: 1, predicted: 1
iter: 19, sample_no: 907, actual label: 0, predicted: 0
iter: 20, sample_no: 86, actual label: 0, predicted: 0
iter: 21, sample_no: 730, actual label: 0, predicted: 0
iter: 22, sample_no: 1006, actual label: 1, predicted: 1
iter: 23, sample_no: 1265, actual label: 0, predicted: 0
iter: 24, sample_no: 1361, actual label: 0, predicted: 0
number of samples: 1441
AUC 0.9969710308399131
pos_get 326
total recall stop_at 1.0
@@@ C - Repeat number: 2
@@@ D - common_header:  {'F110', 'F120', 'F115', 'F116', 'F117', 'category'}
   F116                F117                F120                 F110  F115
1  -0.5  0.3103448275862069  0.6163151759730154  -0.3793103448275862  -1.0
2  -0.5  0.3103448275862069  0.6163151759730154  -0.3793103448275862  -1.0
3  -0.5  0.3103448275862069  0.6163151759730154  -0.3793103448275862  -1.0
;.;
   F116      F117  F120      F110  F115
0  0.25  0.310345   1.0  0.310345   0.0
1  0.25  0.310345   1.0  0.310345   0.0
2  0.25  0.310345   1.0  0.310345   0.0
training_x: (1435, 5)
training_y: 1435
testset_x: (1441, 5)
testset_y: 1441
              precision    recall  f1-score   support

           0       0.99      0.97      0.98      1115
           1       0.92      0.96      0.94       326

    accuracy                           0.97      1441
   macro avg       0.95      0.97      0.96      1441
weighted avg       0.97      0.97      0.97      1441

accuracy: 0.9715475364330326
0.9387144992526159
@@@ tn: 1086, fp: 29, fn: 12, tp: 314
@@@ LIME - Creating explainer
@@@ LIME - Random Sampling of Instances
iter: 0, sample_no: 753, actual label: 0, predicted: 0
iter: 1, sample_no: 1139, actual label: 0, predicted: 0
iter: 2, sample_no: 721, actual label: 0, predicted: 0
iter: 3, sample_no: 1223, actual label: 0, predicted: 0
iter: 4, sample_no: 593, actual label: 0, predicted: 0
iter: 5, sample_no: 353, actual label: 0, predicted: 0
iter: 6, sample_no: 921, actual label: 1, predicted: 1
iter: 7, sample_no: 771, actual label: 0, predicted: 0
iter: 8, sample_no: 1116, actual label: 1, predicted: 1
iter: 9, sample_no: 1282, actual label: 0, predicted: 0
iter: 10, sample_no: 572, actual label: 0, predicted: 0
iter: 11, sample_no: 425, actual label: 0, predicted: 0
iter: 12, sample_no: 365, actual label: 0, predicted: 0
iter: 13, sample_no: 1055, actual label: 1, predicted: 1
iter: 14, sample_no: 586, actual label: 0, predicted: 0
iter: 15, sample_no: 800, actual label: 0, predicted: 0
iter: 16, sample_no: 84, actual label: 0, predicted: 0
iter: 17, sample_no: 298, actual label: 1, predicted: 1
iter: 18, sample_no: 704, actual label: 0, predicted: 0
iter: 19, sample_no: 187, actual label: 1, predicted: 1
iter: 20, sample_no: 1052, actual label: 0, predicted: 0
iter: 21, sample_no: 1308, actual label: 1, predicted: 1
iter: 22, sample_no: 257, actual label: 0, predicted: 0
iter: 23, sample_no: 618, actual label: 0, predicted: 0
iter: 24, sample_no: 1251, actual label: 0, predicted: 0
number of samples: 1441
AUC 0.9969710308399131
pos_get 326
total recall stop_at 1.0
@@@ C - Repeat number: 3
@@@ D - common_header:  {'F110', 'F120', 'F115', 'F116', 'F117', 'category'}
   F116                F117                F120                 F110  F115
1  -0.5  0.3103448275862069  0.6163151759730154  -0.3793103448275862  -1.0
2  -0.5  0.3103448275862069  0.6163151759730154  -0.3793103448275862  -1.0
3  -0.5  0.3103448275862069  0.6163151759730154  -0.3793103448275862  -1.0
;.;
   F116      F117  F120      F110  F115
0  0.25  0.310345   1.0  0.310345   0.0
1  0.25  0.310345   1.0  0.310345   0.0
2  0.25  0.310345   1.0  0.310345   0.0
training_x: (1435, 5)
training_y: 1435
testset_x: (1441, 5)
testset_y: 1441
              precision    recall  f1-score   support

           0       0.99      0.97      0.98      1115
           1       0.92      0.96      0.94       326

    accuracy                           0.97      1441
   macro avg       0.95      0.97      0.96      1441
weighted avg       0.97      0.97      0.97      1441

accuracy: 0.9715475364330326
0.9387144992526159
@@@ tn: 1086, fp: 29, fn: 12, tp: 314
@@@ LIME - Creating explainer
@@@ LIME - Random Sampling of Instances
iter: 0, sample_no: 414, actual label: 1, predicted: 1
iter: 1, sample_no: 571, actual label: 0, predicted: 0
iter: 2, sample_no: 620, actual label: 0, predicted: 0
iter: 3, sample_no: 801, actual label: 0, predicted: 0
iter: 4, sample_no: 402, actual label: 1, predicted: 1
iter: 5, sample_no: 550, actual label: 1, predicted: 1
iter: 6, sample_no: 60, actual label: 0, predicted: 0
iter: 7, sample_no: 650, actual label: 1, predicted: 1
iter: 8, sample_no: 67, actual label: 0, predicted: 0
iter: 9, sample_no: 1388, actual label: 1, predicted: 1
iter: 10, sample_no: 76, actual label: 0, predicted: 0
iter: 11, sample_no: 1128, actual label: 0, predicted: 0
iter: 12, sample_no: 664, actual label: 1, predicted: 1
iter: 13, sample_no: 1329, actual label: 0, predicted: 0
iter: 14, sample_no: 873, actual label: 0, predicted: 0
iter: 15, sample_no: 48, actual label: 0, predicted: 0
iter: 16, sample_no: 171, actual label: 0, predicted: 0
iter: 17, sample_no: 689, actual label: 0, predicted: 0
iter: 18, sample_no: 49, actual label: 1, predicted: 1
iter: 19, sample_no: 768, actual label: 0, predicted: 0
iter: 20, sample_no: 882, actual label: 0, predicted: 0
iter: 21, sample_no: 154, actual label: 1, predicted: 1
iter: 22, sample_no: 1213, actual label: 0, predicted: 0
iter: 23, sample_no: 1050, actual label: 0, predicted: 0
iter: 24, sample_no: 601, actual label: 0, predicted: 0
number of samples: 1441
AUC 0.9969627775179509
pos_get 326
total recall stop_at 1.0
@@@ C - Repeat number: 4
@@@ D - common_header:  {'F110', 'F120', 'F115', 'F116', 'F117', 'category'}
   F116                F117                F120                 F110  F115
1  -0.5  0.3103448275862069  0.6163151759730154  -0.3793103448275862  -1.0
2  -0.5  0.3103448275862069  0.6163151759730154  -0.3793103448275862  -1.0
3  -0.5  0.3103448275862069  0.6163151759730154  -0.3793103448275862  -1.0
;.;
   F116      F117  F120      F110  F115
0  0.25  0.310345   1.0  0.310345   0.0
1  0.25  0.310345   1.0  0.310345   0.0
2  0.25  0.310345   1.0  0.310345   0.0
training_x: (1435, 5)
training_y: 1435
testset_x: (1441, 5)
testset_y: 1441
              precision    recall  f1-score   support

           0       0.99      0.97      0.98      1115
           1       0.92      0.96      0.94       326

    accuracy                           0.97      1441
   macro avg       0.95      0.97      0.96      1441
weighted avg       0.97      0.97      0.97      1441

accuracy: 0.9715475364330326
0.9387144992526159
@@@ tn: 1086, fp: 29, fn: 12, tp: 314
@@@ LIME - Creating explainer
@@@ LIME - Random Sampling of Instances
iter: 0, sample_no: 837, actual label: 0, predicted: 0
iter: 1, sample_no: 493, actual label: 0, predicted: 0
iter: 2, sample_no: 1207, actual label: 0, predicted: 0
iter: 3, sample_no: 1091, actual label: 0, predicted: 0
iter: 4, sample_no: 840, actual label: 0, predicted: 0
iter: 5, sample_no: 503, actual label: 0, predicted: 0
iter: 6, sample_no: 636, actual label: 0, predicted: 0
iter: 7, sample_no: 609, actual label: 0, predicted: 0
iter: 8, sample_no: 1214, actual label: 0, predicted: 0
iter: 9, sample_no: 850, actual label: 0, predicted: 0
iter: 10, sample_no: 200, actual label: 0, predicted: 0
iter: 11, sample_no: 1141, actual label: 0, predicted: 0
iter: 12, sample_no: 620, actual label: 0, predicted: 0
iter: 13, sample_no: 1013, actual label: 1, predicted: 1
iter: 14, sample_no: 753, actual label: 0, predicted: 0
iter: 15, sample_no: 768, actual label: 0, predicted: 0
iter: 16, sample_no: 841, actual label: 1, predicted: 1
iter: 17, sample_no: 499, actual label: 0, predicted: 0
iter: 18, sample_no: 1262, actual label: 0, predicted: 0
iter: 19, sample_no: 1069, actual label: 0, predicted: 0
iter: 20, sample_no: 330, actual label: 1, predicted: 1
iter: 21, sample_no: 757, actual label: 0, predicted: 0
iter: 22, sample_no: 593, actual label: 0, predicted: 0
iter: 23, sample_no: 1339, actual label: 0, predicted: 0
iter: 24, sample_no: 222, actual label: 0, predicted: 0
number of samples: 1441
AUC 0.9969710308399131
pos_get 326
total recall stop_at 1.0
@@@ C - Repeat number: 5
@@@ D - common_header:  {'F110', 'F120', 'F115', 'F116', 'F117', 'category'}
   F116                F117                F120                 F110  F115
1  -0.5  0.3103448275862069  0.6163151759730154  -0.3793103448275862  -1.0
2  -0.5  0.3103448275862069  0.6163151759730154  -0.3793103448275862  -1.0
3  -0.5  0.3103448275862069  0.6163151759730154  -0.3793103448275862  -1.0
;.;
   F116      F117  F120      F110  F115
0  0.25  0.310345   1.0  0.310345   0.0
1  0.25  0.310345   1.0  0.310345   0.0
2  0.25  0.310345   1.0  0.310345   0.0
training_x: (1435, 5)
training_y: 1435
testset_x: (1441, 5)
testset_y: 1441
              precision    recall  f1-score   support

           0       0.99      0.97      0.98      1115
           1       0.92      0.96      0.94       326

    accuracy                           0.97      1441
   macro avg       0.95      0.97      0.96      1441
weighted avg       0.97      0.97      0.97      1441

accuracy: 0.9715475364330326
0.9387144992526159
@@@ tn: 1086, fp: 29, fn: 12, tp: 314
@@@ LIME - Creating explainer
@@@ LIME - Random Sampling of Instances
iter: 0, sample_no: 327, actual label: 0, predicted: 0
iter: 1, sample_no: 1156, actual label: 0, predicted: 0
iter: 2, sample_no: 1096, actual label: 0, predicted: 0
iter: 3, sample_no: 1419, actual label: 0, predicted: 0
iter: 4, sample_no: 1359, actual label: 1, predicted: 1
iter: 5, sample_no: 543, actual label: 0, predicted: 0
iter: 6, sample_no: 407, actual label: 0, predicted: 0
iter: 7, sample_no: 793, actual label: 0, predicted: 1
iter: 8, sample_no: 1401, actual label: 1, predicted: 1
iter: 9, sample_no: 1295, actual label: 0, predicted: 0
iter: 10, sample_no: 384, actual label: 1, predicted: 1
iter: 11, sample_no: 1027, actual label: 0, predicted: 0
iter: 12, sample_no: 610, actual label: 0, predicted: 0
iter: 13, sample_no: 1375, actual label: 0, predicted: 0
iter: 14, sample_no: 694, actual label: 1, predicted: 1
iter: 15, sample_no: 1313, actual label: 0, predicted: 0
iter: 16, sample_no: 789, actual label: 1, predicted: 1
iter: 17, sample_no: 1241, actual label: 0, predicted: 0
iter: 18, sample_no: 1033, actual label: 0, predicted: 0
iter: 19, sample_no: 1201, actual label: 0, predicted: 0
iter: 20, sample_no: 232, actual label: 1, predicted: 1
iter: 21, sample_no: 993, actual label: 0, predicted: 0
iter: 22, sample_no: 777, actual label: 0, predicted: 1
iter: 23, sample_no: 814, actual label: 1, predicted: 1
iter: 24, sample_no: 1012, actual label: 0, predicted: 0
number of samples: 1441
AUC 0.9969710308399131
pos_get 326
total recall stop_at 1.0
@@@ C - Repeat number: 6
@@@ D - common_header:  {'F110', 'F120', 'F115', 'F116', 'F117', 'category'}
   F116                F117                F120                 F110  F115
1  -0.5  0.3103448275862069  0.6163151759730154  -0.3793103448275862  -1.0
2  -0.5  0.3103448275862069  0.6163151759730154  -0.3793103448275862  -1.0
3  -0.5  0.3103448275862069  0.6163151759730154  -0.3793103448275862  -1.0
;.;
   F116      F117  F120      F110  F115
0  0.25  0.310345   1.0  0.310345   0.0
1  0.25  0.310345   1.0  0.310345   0.0
2  0.25  0.310345   1.0  0.310345   0.0
training_x: (1435, 5)
training_y: 1435
testset_x: (1441, 5)
testset_y: 1441
              precision    recall  f1-score   support

           0       0.99      0.97      0.98      1115
           1       0.92      0.96      0.94       326

    accuracy                           0.97      1441
   macro avg       0.95      0.97      0.96      1441
weighted avg       0.97      0.97      0.97      1441

accuracy: 0.9715475364330326
0.9387144992526159
@@@ tn: 1086, fp: 29, fn: 12, tp: 314
@@@ LIME - Creating explainer
@@@ LIME - Random Sampling of Instances
iter: 0, sample_no: 563, actual label: 0, predicted: 0
iter: 1, sample_no: 1423, actual label: 1, predicted: 1
iter: 2, sample_no: 457, actual label: 0, predicted: 0
iter: 3, sample_no: 783, actual label: 0, predicted: 0
iter: 4, sample_no: 726, actual label: 0, predicted: 0
iter: 5, sample_no: 1066, actual label: 0, predicted: 0
iter: 6, sample_no: 1391, actual label: 1, predicted: 1
iter: 7, sample_no: 317, actual label: 0, predicted: 0
iter: 8, sample_no: 737, actual label: 0, predicted: 0
iter: 9, sample_no: 1269, actual label: 0, predicted: 0
iter: 10, sample_no: 139, actual label: 0, predicted: 0
iter: 11, sample_no: 1014, actual label: 1, predicted: 1
iter: 12, sample_no: 1169, actual label: 1, predicted: 1
iter: 13, sample_no: 1003, actual label: 0, predicted: 0
iter: 14, sample_no: 1083, actual label: 0, predicted: 0
iter: 15, sample_no: 1221, actual label: 0, predicted: 0
iter: 16, sample_no: 914, actual label: 0, predicted: 0
iter: 17, sample_no: 45, actual label: 0, predicted: 0
iter: 18, sample_no: 955, actual label: 0, predicted: 0
iter: 19, sample_no: 1323, actual label: 0, predicted: 0
iter: 20, sample_no: 479, actual label: 0, predicted: 0
iter: 21, sample_no: 830, actual label: 0, predicted: 0
iter: 22, sample_no: 1039, actual label: 0, predicted: 1
iter: 23, sample_no: 516, actual label: 0, predicted: 0
iter: 24, sample_no: 1054, actual label: 0, predicted: 0
number of samples: 1441
AUC 0.9969710308399131
pos_get 326
total recall stop_at 1.0
@@@ C - Repeat number: 7
@@@ D - common_header:  {'F110', 'F120', 'F115', 'F116', 'F117', 'category'}
   F116                F117                F120                 F110  F115
1  -0.5  0.3103448275862069  0.6163151759730154  -0.3793103448275862  -1.0
2  -0.5  0.3103448275862069  0.6163151759730154  -0.3793103448275862  -1.0
3  -0.5  0.3103448275862069  0.6163151759730154  -0.3793103448275862  -1.0
;.;
   F116      F117  F120      F110  F115
0  0.25  0.310345   1.0  0.310345   0.0
1  0.25  0.310345   1.0  0.310345   0.0
2  0.25  0.310345   1.0  0.310345   0.0
training_x: (1435, 5)
training_y: 1435
testset_x: (1441, 5)
testset_y: 1441
              precision    recall  f1-score   support

           0       0.99      0.97      0.98      1115
           1       0.92      0.96      0.94       326

    accuracy                           0.97      1441
   macro avg       0.95      0.97      0.96      1441
weighted avg       0.97      0.97      0.97      1441

accuracy: 0.9715475364330326
0.9387144992526159
@@@ tn: 1086, fp: 29, fn: 12, tp: 314
@@@ LIME - Creating explainer
@@@ LIME - Random Sampling of Instances
iter: 0, sample_no: 424, actual label: 0, predicted: 0
iter: 1, sample_no: 517, actual label: 0, predicted: 0
iter: 2, sample_no: 1149, actual label: 0, predicted: 0
iter: 3, sample_no: 124, actual label: 0, predicted: 0
iter: 4, sample_no: 1257, actual label: 0, predicted: 0
iter: 5, sample_no: 417, actual label: 0, predicted: 0
iter: 6, sample_no: 43, actual label: 1, predicted: 1
iter: 7, sample_no: 1281, actual label: 0, predicted: 0
iter: 8, sample_no: 196, actual label: 0, predicted: 0
iter: 9, sample_no: 792, actual label: 1, predicted: 1
iter: 10, sample_no: 820, actual label: 0, predicted: 0
iter: 11, sample_no: 904, actual label: 0, predicted: 0
iter: 12, sample_no: 1141, actual label: 0, predicted: 0
iter: 13, sample_no: 672, actual label: 1, predicted: 1
iter: 14, sample_no: 458, actual label: 0, predicted: 0
iter: 15, sample_no: 346, actual label: 0, predicted: 0
iter: 16, sample_no: 909, actual label: 0, predicted: 0
iter: 17, sample_no: 1431, actual label: 0, predicted: 0
iter: 18, sample_no: 695, actual label: 1, predicted: 1
iter: 19, sample_no: 1081, actual label: 0, predicted: 0
iter: 20, sample_no: 51, actual label: 0, predicted: 0
iter: 21, sample_no: 633, actual label: 1, predicted: 1
iter: 22, sample_no: 252, actual label: 0, predicted: 0
iter: 23, sample_no: 985, actual label: 1, predicted: 1
iter: 24, sample_no: 291, actual label: 0, predicted: 0
number of samples: 1441
AUC 0.9969710308399131
pos_get 326
total recall stop_at 1.0
@@@ C - Repeat number: 8
@@@ D - common_header:  {'F110', 'F120', 'F115', 'F116', 'F117', 'category'}
   F116                F117                F120                 F110  F115
1  -0.5  0.3103448275862069  0.6163151759730154  -0.3793103448275862  -1.0
2  -0.5  0.3103448275862069  0.6163151759730154  -0.3793103448275862  -1.0
3  -0.5  0.3103448275862069  0.6163151759730154  -0.3793103448275862  -1.0
;.;
   F116      F117  F120      F110  F115
0  0.25  0.310345   1.0  0.310345   0.0
1  0.25  0.310345   1.0  0.310345   0.0
2  0.25  0.310345   1.0  0.310345   0.0
training_x: (1435, 5)
training_y: 1435
testset_x: (1441, 5)
testset_y: 1441
              precision    recall  f1-score   support

           0       0.99      0.97      0.98      1115
           1       0.92      0.96      0.94       326

    accuracy                           0.97      1441
   macro avg       0.95      0.97      0.96      1441
weighted avg       0.97      0.97      0.97      1441

accuracy: 0.9715475364330326
0.9387144992526159
@@@ tn: 1086, fp: 29, fn: 12, tp: 314
@@@ LIME - Creating explainer
@@@ LIME - Random Sampling of Instances
iter: 0, sample_no: 109, actual label: 1, predicted: 1
iter: 1, sample_no: 110, actual label: 0, predicted: 0
iter: 2, sample_no: 543, actual label: 0, predicted: 0
iter: 3, sample_no: 832, actual label: 0, predicted: 0
iter: 4, sample_no: 245, actual label: 1, predicted: 1
iter: 5, sample_no: 227, actual label: 1, predicted: 1
iter: 6, sample_no: 1219, actual label: 0, predicted: 0
iter: 7, sample_no: 1031, actual label: 0, predicted: 0
iter: 8, sample_no: 802, actual label: 0, predicted: 0
iter: 9, sample_no: 32, actual label: 0, predicted: 0
iter: 10, sample_no: 1067, actual label: 0, predicted: 0
iter: 11, sample_no: 184, actual label: 1, predicted: 1
iter: 12, sample_no: 960, actual label: 0, predicted: 0
iter: 13, sample_no: 512, actual label: 1, predicted: 1
iter: 14, sample_no: 682, actual label: 0, predicted: 0
iter: 15, sample_no: 1190, actual label: 1, predicted: 1
iter: 16, sample_no: 158, actual label: 0, predicted: 0
iter: 17, sample_no: 1379, actual label: 0, predicted: 0
iter: 18, sample_no: 609, actual label: 0, predicted: 0
iter: 19, sample_no: 211, actual label: 0, predicted: 0
iter: 20, sample_no: 467, actual label: 0, predicted: 0
iter: 21, sample_no: 787, actual label: 1, predicted: 1
iter: 22, sample_no: 484, actual label: 1, predicted: 1
iter: 23, sample_no: 1311, actual label: 0, predicted: 0
iter: 24, sample_no: 984, actual label: 1, predicted: 1
number of samples: 1441
AUC 0.9969710308399131
pos_get 326
total recall stop_at 1.0
@@@ C - Repeat number: 9
@@@ D - common_header:  {'F110', 'F120', 'F115', 'F116', 'F117', 'category'}
   F116                F117                F120                 F110  F115
1  -0.5  0.3103448275862069  0.6163151759730154  -0.3793103448275862  -1.0
2  -0.5  0.3103448275862069  0.6163151759730154  -0.3793103448275862  -1.0
3  -0.5  0.3103448275862069  0.6163151759730154  -0.3793103448275862  -1.0
;.;
   F116      F117  F120      F110  F115
0  0.25  0.310345   1.0  0.310345   0.0
1  0.25  0.310345   1.0  0.310345   0.0
2  0.25  0.310345   1.0  0.310345   0.0
training_x: (1435, 5)
training_y: 1435
testset_x: (1441, 5)
testset_y: 1441
              precision    recall  f1-score   support

           0       0.99      0.97      0.98      1115
           1       0.92      0.96      0.94       326

    accuracy                           0.97      1441
   macro avg       0.95      0.97      0.96      1441
weighted avg       0.97      0.97      0.97      1441

accuracy: 0.9715475364330326
0.9387144992526159
@@@ tn: 1086, fp: 29, fn: 12, tp: 314
@@@ LIME - Creating explainer
@@@ LIME - Random Sampling of Instances
iter: 0, sample_no: 57, actual label: 1, predicted: 1
iter: 1, sample_no: 1211, actual label: 0, predicted: 0
iter: 2, sample_no: 1089, actual label: 0, predicted: 0
iter: 3, sample_no: 1420, actual label: 0, predicted: 0
iter: 4, sample_no: 1202, actual label: 0, predicted: 0
iter: 5, sample_no: 370, actual label: 0, predicted: 0
iter: 6, sample_no: 429, actual label: 0, predicted: 0
iter: 7, sample_no: 1173, actual label: 1, predicted: 1
iter: 8, sample_no: 422, actual label: 0, predicted: 0
iter: 9, sample_no: 185, actual label: 0, predicted: 1
iter: 10, sample_no: 927, actual label: 0, predicted: 0
iter: 11, sample_no: 165, actual label: 0, predicted: 0
iter: 12, sample_no: 1077, actual label: 0, predicted: 0
iter: 13, sample_no: 718, actual label: 0, predicted: 0
iter: 14, sample_no: 253, actual label: 0, predicted: 0
iter: 15, sample_no: 706, actual label: 0, predicted: 0
iter: 16, sample_no: 506, actual label: 0, predicted: 0
iter: 17, sample_no: 571, actual label: 0, predicted: 0
iter: 18, sample_no: 667, actual label: 1, predicted: 1
iter: 19, sample_no: 540, actual label: 0, predicted: 0
iter: 20, sample_no: 1281, actual label: 0, predicted: 0
iter: 21, sample_no: 1337, actual label: 0, predicted: 0
iter: 22, sample_no: 1080, actual label: 0, predicted: 0
iter: 23, sample_no: 835, actual label: 0, predicted: 0
iter: 24, sample_no: 1058, actual label: 1, predicted: 1
number of samples: 1441
AUC 0.9969710308399131
pos_get 326
total recall stop_at 1.0
@@@ C - Repeat number: 10
@@@ D - common_header:  {'F110', 'F120', 'F115', 'F116', 'F117', 'category'}
   F116                F117                F120                 F110  F115
1  -0.5  0.3103448275862069  0.6163151759730154  -0.3793103448275862  -1.0
2  -0.5  0.3103448275862069  0.6163151759730154  -0.3793103448275862  -1.0
3  -0.5  0.3103448275862069  0.6163151759730154  -0.3793103448275862  -1.0
;.;
   F116      F117  F120      F110  F115
0  0.25  0.310345   1.0  0.310345   0.0
1  0.25  0.310345   1.0  0.310345   0.0
2  0.25  0.310345   1.0  0.310345   0.0
training_x: (1435, 5)
training_y: 1435
testset_x: (1441, 5)
testset_y: 1441
              precision    recall  f1-score   support

           0       0.99      0.97      0.98      1115
           1       0.92      0.96      0.94       326

    accuracy                           0.97      1441
   macro avg       0.95      0.97      0.96      1441
weighted avg       0.97      0.97      0.97      1441

accuracy: 0.9715475364330326
0.9387144992526159
@@@ tn: 1086, fp: 29, fn: 12, tp: 314
@@@ LIME - Creating explainer
@@@ LIME - Random Sampling of Instances
/Users/author1/anaconda3/lib/python3.6/site-packages/tensorflow/python/framework/dtypes.py:463: FutureWarning: Passing (type, 1) or '1type' as a synonym of type is deprecated; in a future version of numpy, it will be understood as (type, (1,)) / '(1,)type'.
  _np_qint8 = np.dtype([("qint8", np.int8, 1)])
/Users/author1/anaconda3/lib/python3.6/site-packages/tensorflow/python/framework/dtypes.py:464: FutureWarning: Passing (type, 1) or '1type' as a synonym of type is deprecated; in a future version of numpy, it will be understood as (type, (1,)) / '(1,)type'.
  _np_quint8 = np.dtype([("quint8", np.uint8, 1)])
/Users/author1/anaconda3/lib/python3.6/site-packages/tensorflow/python/framework/dtypes.py:465: FutureWarning: Passing (type, 1) or '1type' as a synonym of type is deprecated; in a future version of numpy, it will be understood as (type, (1,)) / '(1,)type'.
  _np_qint16 = np.dtype([("qint16", np.int16, 1)])
/Users/author1/anaconda3/lib/python3.6/site-packages/tensorflow/python/framework/dtypes.py:466: FutureWarning: Passing (type, 1) or '1type' as a synonym of type is deprecated; in a future version of numpy, it will be understood as (type, (1,)) / '(1,)type'.
  _np_quint16 = np.dtype([("quint16", np.uint16, 1)])
/Users/author1/anaconda3/lib/python3.6/site-packages/tensorflow/python/framework/dtypes.py:467: FutureWarning: Passing (type, 1) or '1type' as a synonym of type is deprecated; in a future version of numpy, it will be understood as (type, (1,)) / '(1,)type'.
  _np_qint32 = np.dtype([("qint32", np.int32, 1)])
iter: 0, sample_no: 779, actual label: 0, predicted: 0
iter: 1, sample_no: 959, actual label: 0, predicted: 0
iter: 2, sample_no: 858, actual label: 0, predicted: 0
iter: 3, sample_no: 95, actual label: 1, predicted: 1
iter: 4, sample_no: 849, actual label: 0, predicted: 0
iter: 5, sample_no: 668, actual label: 1, predicted: 1
iter: 6, sample_no: 71, actual label: 1, predicted: 1
iter: 7, sample_no: 193, actual label: 0, predicted: 0
iter: 8, sample_no: 700, actual label: 1, predicted: 1
iter: 9, sample_no: 1072, actual label: 0, predicted: 0
iter: 10, sample_no: 85, actual label: 0, predicted: 0
iter: 11, sample_no: 900, actual label: 0, predicted: 0
iter: 12, sample_no: 146, actual label: 0, predicted: 0
iter: 13, sample_no: 1316, actual label: 0, predicted: 0
iter: 14, sample_no: 413, actual label: 1, predicted: 1
iter: 15, sample_no: 1155, actual label: 0, predicted: 0
iter: 16, sample_no: 393, actual label: 0, predicted: 0
iter: 17, sample_no: 486, actual label: 1, predicted: 1
iter: 18, sample_no: 1428, actual label: 0, predicted: 0
iter: 19, sample_no: 241, actual label: 1, predicted: 1
iter: 20, sample_no: 485, actual label: 1, predicted: 1
iter: 21, sample_no: 365, actual label: 0, predicted: 0
iter: 22, sample_no: 659, actual label: 1, predicted: 1
iter: 23, sample_no: 524, actual label: 0, predicted: 0
iter: 24, sample_no: 63, actual label: 0, predicted: 0
number of samples: 1441
AUC 0.9969627775179509
pos_get 326
total recall stop_at 1.0
----------threshold stop at----------: 1
AUC [0.9969710308399131, 0.9969710308399131, 0.9969627775179509, 0.9969710308399131, 0.9969710308399131, 0.9969710308399131, 0.9969710308399131, 0.9969710308399131, 0.9969710308399131, 0.9969627775179509]
AUC_median 0.9969710308399131
AUC_iqr 0.0
cost [0.2921582234559334, 0.2921582234559334, 0.2921582234559334, 0.2921582234559334, 0.2921582234559334, 0.2921582234559334, 0.2921582234559334, 0.2921582234559334, 0.2921582234559334, 0.2921582234559334]
COST_med 0.2921582234559334
COST_iqr 0.0
f1_pos_list [0.9387144992526159, 0.9387144992526159, 0.9387144992526159, 0.9387144992526159, 0.9387144992526159, 0.9387144992526159, 0.9387144992526159, 0.9387144992526159, 0.9387144992526159, 0.9387144992526159]
f1_pos_med 0.9387144992526159
