@@@ A - classifier: SVC(C=1.0, break_ties=False, cache_size=200, class_weight='balanced', coef0=0.0,
    decision_function_shape='ovr', degree=3, gamma='scale', kernel='linear',
    max_iter=-1, probability=True, random_state=None, shrinking=True, tol=0.001,
    verbose=False)
@@@ B - threshold stop at: 1
@@@ C - Repeat number: 1
@@@ D - common_header:  {'category', 'F120', 'F117', 'F115', 'F110', 'F116'}
   F116                 F117  ...                   F110  F115
1  -1.0  0.14583333333333334  ...    -0.7083333333333334  -1.0
2   1.0   0.4418604651162791  ...   -0.11627906976744186   1.0
3   1.0   0.4418604651162791  ...   -0.11627906976744186   1.0

[3 rows x 5 columns]
;.;
   F116      F117      F120      F110  F115
0   0.0  0.145833  0.363741  0.145833   0.0
1   1.0  0.441860  0.069312  0.441860   1.0
2   1.0  0.441860  0.069312  0.441860   1.0
training_x: (2235, 5)
training_y: 2235
testset_x: (2389, 5)
testset_y: 2389
              precision    recall  f1-score   support

           0       0.98      0.98      0.98      2046
           1       0.91      0.87      0.89       343

    accuracy                           0.97      2389
   macro avg       0.94      0.93      0.93      2389
weighted avg       0.97      0.97      0.97      2389

accuracy: 0.9677689409794893
0.8852459016393442
@@@ tn: 2015, fp: 31, fn: 46, tp: 297
@@@ LIME - Creating explainer
@@@ LIME - Random Sampling of Instances
iter: 0, sample_no: 2303, actual label: 0, predicted: 0
iter: 1, sample_no: 452, actual label: 0, predicted: 0
iter: 2, sample_no: 1680, actual label: 1, predicted: 1
iter: 3, sample_no: 1588, actual label: 0, predicted: 0
iter: 4, sample_no: 1263, actual label: 0, predicted: 0
iter: 5, sample_no: 609, actual label: 0, predicted: 0
iter: 6, sample_no: 2016, actual label: 1, predicted: 0
iter: 7, sample_no: 647, actual label: 0, predicted: 0
iter: 8, sample_no: 281, actual label: 0, predicted: 0
iter: 9, sample_no: 1177, actual label: 0, predicted: 0
iter: 10, sample_no: 629, actual label: 0, predicted: 0
iter: 11, sample_no: 1924, actual label: 0, predicted: 0
iter: 12, sample_no: 1429, actual label: 0, predicted: 0
iter: 13, sample_no: 2381, actual label: 0, predicted: 0
iter: 14, sample_no: 422, actual label: 0, predicted: 0
iter: 15, sample_no: 42, actual label: 1, predicted: 1
iter: 16, sample_no: 2289, actual label: 0, predicted: 1
iter: 17, sample_no: 507, actual label: 1, predicted: 0
iter: 18, sample_no: 248, actual label: 0, predicted: 0
iter: 19, sample_no: 1864, actual label: 0, predicted: 0
iter: 20, sample_no: 1435, actual label: 0, predicted: 0
iter: 21, sample_no: 1895, actual label: 0, predicted: 0
iter: 22, sample_no: 1874, actual label: 0, predicted: 0
iter: 23, sample_no: 577, actual label: 0, predicted: 0
iter: 24, sample_no: 509, actual label: 1, predicted: 0
number of samples: 2389
AUC 0.991465962170373
pos_get 343
total recall stop_at 1.0
@@@ C - Repeat number: 2
@@@ D - common_header:  {'category', 'F120', 'F117', 'F115', 'F110', 'F116'}
   F116                 F117  ...                   F110  F115
1  -1.0  0.14583333333333334  ...    -0.7083333333333334  -1.0
2   1.0   0.4418604651162791  ...   -0.11627906976744186   1.0
3   1.0   0.4418604651162791  ...   -0.11627906976744186   1.0

[3 rows x 5 columns]
;.;
   F116      F117      F120      F110  F115
0   0.0  0.145833  0.363741  0.145833   0.0
1   1.0  0.441860  0.069312  0.441860   1.0
2   1.0  0.441860  0.069312  0.441860   1.0
training_x: (2235, 5)
training_y: 2235
testset_x: (2389, 5)
testset_y: 2389
              precision    recall  f1-score   support

           0       0.98      0.98      0.98      2046
           1       0.91      0.87      0.89       343

    accuracy                           0.97      2389
   macro avg       0.94      0.93      0.93      2389
weighted avg       0.97      0.97      0.97      2389

accuracy: 0.9677689409794893
0.8852459016393442
@@@ tn: 2015, fp: 31, fn: 46, tp: 297
@@@ LIME - Creating explainer
@@@ LIME - Random Sampling of Instances
iter: 0, sample_no: 1197, actual label: 1, predicted: 1
iter: 1, sample_no: 927, actual label: 0, predicted: 0
iter: 2, sample_no: 1356, actual label: 0, predicted: 0
iter: 3, sample_no: 2241, actual label: 0, predicted: 0
iter: 4, sample_no: 661, actual label: 0, predicted: 0
iter: 5, sample_no: 1355, actual label: 0, predicted: 0
iter: 6, sample_no: 1664, actual label: 0, predicted: 0
iter: 7, sample_no: 550, actual label: 0, predicted: 0
iter: 8, sample_no: 1023, actual label: 0, predicted: 0
iter: 9, sample_no: 1850, actual label: 0, predicted: 0
iter: 10, sample_no: 1236, actual label: 0, predicted: 1
iter: 11, sample_no: 803, actual label: 0, predicted: 0
iter: 12, sample_no: 409, actual label: 0, predicted: 0
iter: 13, sample_no: 2080, actual label: 0, predicted: 0
iter: 14, sample_no: 447, actual label: 0, predicted: 1
iter: 15, sample_no: 61, actual label: 0, predicted: 0
iter: 16, sample_no: 1456, actual label: 0, predicted: 0
iter: 17, sample_no: 206, actual label: 0, predicted: 0
iter: 18, sample_no: 177, actual label: 1, predicted: 1
iter: 19, sample_no: 236, actual label: 0, predicted: 0
iter: 20, sample_no: 397, actual label: 0, predicted: 0
iter: 21, sample_no: 1939, actual label: 0, predicted: 0
iter: 22, sample_no: 1533, actual label: 0, predicted: 0
iter: 23, sample_no: 2208, actual label: 0, predicted: 0
iter: 24, sample_no: 408, actual label: 0, predicted: 0
number of samples: 2389
AUC 0.9914645372183226
pos_get 343
total recall stop_at 1.0
@@@ C - Repeat number: 3
/Users/author1/anaconda3/lib/python3.6/site-packages/tensorflow/python/framework/dtypes.py:463: FutureWarning: Passing (type, 1) or '1type' as a synonym of type is deprecated; in a future version of numpy, it will be understood as (type, (1,)) / '(1,)type'.
  _np_qint8 = np.dtype([("qint8", np.int8, 1)])
/Users/author1/anaconda3/lib/python3.6/site-packages/tensorflow/python/framework/dtypes.py:464: FutureWarning: Passing (type, 1) or '1type' as a synonym of type is deprecated; in a future version of numpy, it will be understood as (type, (1,)) / '(1,)type'.
  _np_quint8 = np.dtype([("quint8", np.uint8, 1)])
/Users/author1/anaconda3/lib/python3.6/site-packages/tensorflow/python/framework/dtypes.py:465: FutureWarning: Passing (type, 1) or '1type' as a synonym of type is deprecated; in a future version of numpy, it will be understood as (type, (1,)) / '(1,)type'.
  _np_qint16 = np.dtype([("qint16", np.int16, 1)])
/Users/author1/anaconda3/lib/python3.6/site-packages/tensorflow/python/framework/dtypes.py:466: FutureWarning: Passing (type, 1) or '1type' as a synonym of type is deprecated; in a future version of numpy, it will be understood as (type, (1,)) / '(1,)type'.
  _np_quint16 = np.dtype([("quint16", np.uint16, 1)])
/Users/author1/anaconda3/lib/python3.6/site-packages/tensorflow/python/framework/dtypes.py:467: FutureWarning: Passing (type, 1) or '1type' as a synonym of type is deprecated; in a future version of numpy, it will be understood as (type, (1,)) / '(1,)type'.
  _np_qint32 = np.dtype([("qint32", np.int32, 1)])
Columns (0,3,4,5,6,7,8,9,10,11,12,13,14,15,16,17,18,19,20,21,22,23,24,25,26,27,28,29,30,31,32,33,34,35,36,37,38,39,40,41,42,43,44,45,46,47,48,49,50,51,52,53,54,55,56,57,58,59,60,61,62,63,64,65,66,67,68,69,70,71,72,73,74,75,76,77,78,79,80,81,82,83,84,85,86,87,88,89,90,91,92,93,94,95,96,97,98,99,100,101,102,103,104,105,106,107,108,109,110,111,112,113,114,115,116,117,118,119,120,121,122,123,124,125,126,127,128,129,130,131,132,133,134,135,136,137,138,139,140,141,142,143,144,145,146,147,148,149,150,151,152,153,154,155,156,157,158,159,160,161,162,163,164,165,166,167,168,169,170,171,172,173,174,175,176,177,178,179,180,181,182,183,184,185,186,187,188,189,190,191,192,193,194,195,196,197,198,199,200,201,202,203,204,205,206,207,208,209,210,211,212,213,214,215,216,217,218,219,220,221,222,223,224,225,226,227,228,229,230,231,232,233,234,235,236,237,238,239,240,241,242,243,244,245,246,247,248,249,250,251,252,253,254,255,256,257,258,259,260,261,262,263,264,265,266,267,268,269,270,271,272,273,275,277,278,279,280,281,282,283,284,285,286,287,288,289,290,291,292,293,294,295,296,297,298,299,300,301,302,303,304,305,306,307,308,309,310,311,312,313,314,315,316,317,318,319,320,321,322,323,324,325,326,327,328,329,330,331,332,333,334,335,336,337,338,339,340,341,342,343,344,345,346) have mixed types. Specify dtype option on import or set low_memory=False.
Columns (0,3,4,5,6,7,8,9,10,11,12,13,14,15,16,17,18,19,20,21,22,23,24,25,26,27,28,29,30,31,32,33,34,35,36,37,38,39,40,41,42,43,44,45,46,47,48,49,50,51,52,53,54,55,56,57,58,59,60,61,62,63,64,65,66,67,68,69,70,71,72,73,74,75,76,77,78,79,80,81,82,83,84,85,86,87,88,89,90,91,92,93,94,95,96,97,98,99,100,101,102,103,104,105,106,107,108,109,110,111,112,113,114,115,116,117,118,119,120,121,122,123,124,125,126,127,128,129,130,131,132,133,134,135,136,137,138,139,140,141,142,143,144,145,146,147,148,149,150,151,152,153,154,155,156,157,158,159,160,161,162,163,164,165,166,167,168,169,170,171,172,173,174,175,176,177,178,179,180,181,182,183,184,185,186,187,188,189,190,191,192,193,194,195,196,197,198,199,200,201,202,203,204,205,206,207,208,209,210,211,212,213,214,215,216,217,218,219,220,221,222,223,224,225,226,227,228,229,230,231,232,233,234,235,236,237,238,239,240,241,242,243,244,245,246,247,248,249,250,251,252,253,254,255,256,257,258,259,260,261,262,263,264,265,266,267,268,269,270,271,272,274,276,277,278,279,280,281,282,283,284,285,286,287,288,289,290,291,292,293,294,295,296,297,298,299,300,301,302,303,304,305,306,307,308,309,310,311,312,313,314,315,316,317,318,319,320,321,322,323,324,325,326,327,328,329,330,331,332,333,334,335,336,337,338,339,340,341,342,343,344,345) have mixed types. Specify dtype option on import or set low_memory=False.
Columns (0,3,4,5,6,7,8,9,10,11,12,13,14,15,16,17,18,19,20,21,22,23,24,25,26,27,28,29,30,31,32,33,34,35,36,37,38,39,40,41,42,43,44,45,46,47,48,49,50,51,52,53,54,55,56,57,58,59,60,61,62,63,64,65,66,67,68,69,70,71,72,73,74,75,76,77,78,79,80,81,82,83,84,85,86,87,88,89,90,91,92,93,94,95,96,97,98,99,100,101,102,103,104,105,106,107,108,109,110,111,112,113,114,115,116,117,118,119,120,121,122,123,124,125,126,127,128,129,130,131,132,133,134,135,136,137,138,139,140,141,142,143,144,145,146,147,148,149,150,151,152,153,154,155,156,157,158,159,160,161,162,163,164,165,166,167,168,169,170,171,172,173,174,175,176,177,178,179,180,181,182,183,184,185,186,187,188,189,190,191,192,193,194,195,196,197,198,199,200,201,202,203,204,205,206,207,208,209,210,211,212,213,214,215,216,217,218,219,220,221,222,223,224,225,226,227,228,229,230,231,232,233,234,235,236,237,238,239,240,241,242,243,244,245,246,247,248,249,250,251,252,253,254,255,256,257,258,259,260,261,262,263,264,265,266,267,268,269,270,271,272,273,275,277,278,279,280,281,282,283,284,285,286,287,288,289,290,291,292,293,294,295,296,297,298,299,300,301,302,303,304,305,306,307,308,309,310,311,312,313,314,315,316,317,318,319,320,321,322,323,324,325,326,327,328,329,330,331,332,333,334,335,336,337,338,339,340,341,342,343,344,345,346) have mixed types. Specify dtype option on import or set low_memory=False.
Columns (0,3,4,5,6,7,8,9,10,11,12,13,14,15,16,17,18,19,20,21,22,23,24,25,26,27,28,29,30,31,32,33,34,35,36,37,38,39,40,41,42,43,44,45,46,47,48,49,50,51,52,53,54,55,56,57,58,59,60,61,62,63,64,65,66,67,68,69,70,71,72,73,74,75,76,77,78,79,80,81,82,83,84,85,86,87,88,89,90,91,92,93,94,95,96,97,98,99,100,101,102,103,104,105,106,107,108,109,110,111,112,113,114,115,116,117,118,119,120,121,122,123,124,125,126,127,128,129,130,131,132,133,134,135,136,137,138,139,140,141,142,143,144,145,146,147,148,149,150,151,152,153,154,155,156,157,158,159,160,161,162,163,164,165,166,167,168,169,170,171,172,173,174,175,176,177,178,179,180,181,182,183,184,185,186,187,188,189,190,191,192,193,194,195,196,197,198,199,200,201,202,203,204,205,206,207,208,209,210,211,212,213,214,215,216,217,218,219,220,221,222,223,224,225,226,227,228,229,230,231,232,233,234,235,236,237,238,239,240,241,242,243,244,245,246,247,248,249,250,251,252,253,254,255,256,257,258,259,260,261,262,263,264,265,266,267,268,269,270,271,272,274,276,277,278,279,280,281,282,283,284,285,286,287,288,289,290,291,292,293,294,295,296,297,298,299,300,301,302,303,304,305,306,307,308,309,310,311,312,313,314,315,316,317,318,319,320,321,322,323,324,325,326,327,328,329,330,331,332,333,334,335,336,337,338,339,340,341,342,343,344,345) have mixed types. Specify dtype option on import or set low_memory=False.
Columns (0,3,4,5,6,7,8,9,10,11,12,13,14,15,16,17,18,19,20,21,22,23,24,25,26,27,28,29,30,31,32,33,34,35,36,37,38,39,40,41,42,43,44,45,46,47,48,49,50,51,52,53,54,55,56,57,58,59,60,61,62,63,64,65,66,67,68,69,70,71,72,73,74,75,76,77,78,79,80,81,82,83,84,85,86,87,88,89,90,91,92,93,94,95,96,97,98,99,100,101,102,103,104,105,106,107,108,109,110,111,112,113,114,115,116,117,118,119,120,121,122,123,124,125,126,127,128,129,130,131,132,133,134,135,136,137,138,139,140,141,142,143,144,145,146,147,148,149,150,151,152,153,154,155,156,157,158,159,160,161,162,163,164,165,166,167,168,169,170,171,172,173,174,175,176,177,178,179,180,181,182,183,184,185,186,187,188,189,190,191,192,193,194,195,196,197,198,199,200,201,202,203,204,205,206,207,208,209,210,211,212,213,214,215,216,217,218,219,220,221,222,223,224,225,226,227,228,229,230,231,232,233,234,235,236,237,238,239,240,241,242,243,244,245,246,247,248,249,250,251,252,253,254,255,256,257,258,259,260,261,262,263,264,265,266,267,268,269,270,271,272,273,275,277,278,279,280,281,282,283,284,285,286,287,288,289,290,291,292,293,294,295,296,297,298,299,300,301,302,303,304,305,306,307,308,309,310,311,312,313,314,315,316,317,318,319,320,321,322,323,324,325,326,327,328,329,330,331,332,333,334,335,336,337,338,339,340,341,342,343,344,345,346) have mixed types. Specify dtype option on import or set low_memory=False.
@@@ D - common_header:  {'category', 'F120', 'F117', 'F115', 'F110', 'F116'}
   F116                 F117  ...                   F110  F115
1  -1.0  0.14583333333333334  ...    -0.7083333333333334  -1.0
2   1.0   0.4418604651162791  ...   -0.11627906976744186   1.0
3   1.0   0.4418604651162791  ...   -0.11627906976744186   1.0

[3 rows x 5 columns]
;.;
   F116      F117      F120      F110  F115
0   0.0  0.145833  0.363741  0.145833   0.0
1   1.0  0.441860  0.069312  0.441860   1.0
2   1.0  0.441860  0.069312  0.441860   1.0
training_x: (2235, 5)
training_y: 2235
testset_x: (2389, 5)
testset_y: 2389
              precision    recall  f1-score   support

           0       0.98      0.98      0.98      2046
           1       0.91      0.87      0.89       343

    accuracy                           0.97      2389
   macro avg       0.94      0.93      0.93      2389
weighted avg       0.97      0.97      0.97      2389

accuracy: 0.9677689409794893
0.8852459016393442
@@@ tn: 2015, fp: 31, fn: 46, tp: 297
@@@ LIME - Creating explainer
@@@ LIME - Random Sampling of Instances
iter: 0, sample_no: 1667, actual label: 0, predicted: 0
iter: 1, sample_no: 430, actual label: 0, predicted: 0
iter: 2, sample_no: 97, actual label: 0, predicted: 0
iter: 3, sample_no: 1431, actual label: 0, predicted: 0
iter: 4, sample_no: 1248, actual label: 0, predicted: 0
iter: 5, sample_no: 1821, actual label: 0, predicted: 0
iter: 6, sample_no: 1081, actual label: 0, predicted: 0
iter: 7, sample_no: 811, actual label: 1, predicted: 0
iter: 8, sample_no: 2213, actual label: 0, predicted: 0
iter: 9, sample_no: 169, actual label: 0, predicted: 0
iter: 10, sample_no: 1837, actual label: 0, predicted: 0
iter: 11, sample_no: 234, actual label: 0, predicted: 0
iter: 12, sample_no: 472, actual label: 0, predicted: 1
iter: 13, sample_no: 994, actual label: 0, predicted: 0
iter: 14, sample_no: 721, actual label: 0, predicted: 0
iter: 15, sample_no: 1146, actual label: 0, predicted: 0
iter: 16, sample_no: 1936, actual label: 0, predicted: 0
iter: 17, sample_no: 1821, actual label: 0, predicted: 0
iter: 18, sample_no: 2012, actual label: 0, predicted: 0
iter: 19, sample_no: 2085, actual label: 0, predicted: 0
iter: 20, sample_no: 1486, actual label: 0, predicted: 0
iter: 21, sample_no: 869, actual label: 1, predicted: 1
iter: 22, sample_no: 1890, actual label: 0, predicted: 0
iter: 23, sample_no: 909, actual label: 1, predicted: 1
iter: 24, sample_no: 1957, actual label: 0, predicted: 0
number of samples: 2389
AUC 0.9914645372183226
pos_get 343
total recall stop_at 1.0
@@@ C - Repeat number: 4
@@@ D - common_header:  {'category', 'F120', 'F117', 'F115', 'F110', 'F116'}
   F116                 F117  ...                   F110  F115
1  -1.0  0.14583333333333334  ...    -0.7083333333333334  -1.0
2   1.0   0.4418604651162791  ...   -0.11627906976744186   1.0
3   1.0   0.4418604651162791  ...   -0.11627906976744186   1.0

[3 rows x 5 columns]
;.;
   F116      F117      F120      F110  F115
0   0.0  0.145833  0.363741  0.145833   0.0
1   1.0  0.441860  0.069312  0.441860   1.0
2   1.0  0.441860  0.069312  0.441860   1.0
training_x: (2235, 5)
training_y: 2235
testset_x: (2389, 5)
testset_y: 2389
              precision    recall  f1-score   support

           0       0.98      0.98      0.98      2046
           1       0.91      0.87      0.89       343

    accuracy                           0.97      2389
   macro avg       0.94      0.93      0.93      2389
weighted avg       0.97      0.97      0.97      2389

accuracy: 0.9677689409794893
0.8852459016393442
@@@ tn: 2015, fp: 31, fn: 46, tp: 297
@@@ LIME - Creating explainer
@@@ LIME - Random Sampling of Instances
iter: 0, sample_no: 1576, actual label: 0, predicted: 0
iter: 1, sample_no: 1654, actual label: 0, predicted: 0
iter: 2, sample_no: 327, actual label: 1, predicted: 1
iter: 3, sample_no: 795, actual label: 0, predicted: 0
iter: 4, sample_no: 736, actual label: 0, predicted: 0
iter: 5, sample_no: 1170, actual label: 1, predicted: 0
iter: 6, sample_no: 546, actual label: 0, predicted: 0
iter: 7, sample_no: 1048, actual label: 0, predicted: 0
iter: 8, sample_no: 479, actual label: 0, predicted: 0
iter: 9, sample_no: 2045, actual label: 0, predicted: 0
iter: 10, sample_no: 2016, actual label: 1, predicted: 0
iter: 11, sample_no: 102, actual label: 0, predicted: 0
iter: 12, sample_no: 277, actual label: 1, predicted: 1
iter: 13, sample_no: 332, actual label: 1, predicted: 1
iter: 14, sample_no: 1978, actual label: 1, predicted: 1
iter: 15, sample_no: 1992, actual label: 0, predicted: 0
iter: 16, sample_no: 2028, actual label: 0, predicted: 0
iter: 17, sample_no: 803, actual label: 0, predicted: 0
iter: 18, sample_no: 2282, actual label: 0, predicted: 0
iter: 19, sample_no: 366, actual label: 0, predicted: 0
iter: 20, sample_no: 11, actual label: 1, predicted: 1
iter: 21, sample_no: 481, actual label: 0, predicted: 0
iter: 22, sample_no: 385, actual label: 0, predicted: 0
iter: 23, sample_no: 1627, actual label: 1, predicted: 1
iter: 24, sample_no: 185, actual label: 0, predicted: 0
number of samples: 2389
AUC 0.9914645372183226
pos_get 343
total recall stop_at 1.0
@@@ C - Repeat number: 5
@@@ D - common_header:  {'category', 'F120', 'F117', 'F115', 'F110', 'F116'}
   F116                 F117  ...                   F110  F115
1  -1.0  0.14583333333333334  ...    -0.7083333333333334  -1.0
2   1.0   0.4418604651162791  ...   -0.11627906976744186   1.0
3   1.0   0.4418604651162791  ...   -0.11627906976744186   1.0

[3 rows x 5 columns]
;.;
   F116      F117      F120      F110  F115
0   0.0  0.145833  0.363741  0.145833   0.0
1   1.0  0.441860  0.069312  0.441860   1.0
2   1.0  0.441860  0.069312  0.441860   1.0
training_x: (2235, 5)
training_y: 2235
testset_x: (2389, 5)
testset_y: 2389
              precision    recall  f1-score   support

           0       0.98      0.98      0.98      2046
           1       0.91      0.87      0.89       343

    accuracy                           0.97      2389
   macro avg       0.94      0.93      0.93      2389
weighted avg       0.97      0.97      0.97      2389

accuracy: 0.9677689409794893
0.8852459016393442
@@@ tn: 2015, fp: 31, fn: 46, tp: 297
@@@ LIME - Creating explainer
@@@ LIME - Random Sampling of Instances
iter: 0, sample_no: 1926, actual label: 0, predicted: 0
iter: 1, sample_no: 29, actual label: 0, predicted: 0
iter: 2, sample_no: 951, actual label: 0, predicted: 0
iter: 3, sample_no: 1632, actual label: 1, predicted: 1
iter: 4, sample_no: 590, actual label: 0, predicted: 0
iter: 5, sample_no: 1711, actual label: 0, predicted: 0
iter: 6, sample_no: 236, actual label: 0, predicted: 0
iter: 7, sample_no: 39, actual label: 0, predicted: 0
iter: 8, sample_no: 1618, actual label: 0, predicted: 0
iter: 9, sample_no: 1030, actual label: 0, predicted: 0
iter: 10, sample_no: 356, actual label: 0, predicted: 0
iter: 11, sample_no: 329, actual label: 1, predicted: 1
iter: 12, sample_no: 868, actual label: 1, predicted: 1
iter: 13, sample_no: 1237, actual label: 0, predicted: 0
iter: 14, sample_no: 702, actual label: 0, predicted: 0
iter: 15, sample_no: 1150, actual label: 0, predicted: 0
iter: 16, sample_no: 1940, actual label: 0, predicted: 0
iter: 17, sample_no: 927, actual label: 0, predicted: 0
iter: 18, sample_no: 1107, actual label: 0, predicted: 0
iter: 19, sample_no: 451, actual label: 0, predicted: 0
iter: 20, sample_no: 646, actual label: 0, predicted: 0
iter: 21, sample_no: 798, actual label: 0, predicted: 0
iter: 22, sample_no: 89, actual label: 0, predicted: 0
iter: 23, sample_no: 1917, actual label: 0, predicted: 0
iter: 24, sample_no: 463, actual label: 0, predicted: 0
number of samples: 2389
AUC 0.9914645372183226
pos_get 343
total recall stop_at 1.0
@@@ C - Repeat number: 6
Columns (0,3,4,5,6,7,8,9,10,11,12,13,14,15,16,17,18,19,20,21,22,23,24,25,26,27,28,29,30,31,32,33,34,35,36,37,38,39,40,41,42,43,44,45,46,47,48,49,50,51,52,53,54,55,56,57,58,59,60,61,62,63,64,65,66,67,68,69,70,71,72,73,74,75,76,77,78,79,80,81,82,83,84,85,86,87,88,89,90,91,92,93,94,95,96,97,98,99,100,101,102,103,104,105,106,107,108,109,110,111,112,113,114,115,116,117,118,119,120,121,122,123,124,125,126,127,128,129,130,131,132,133,134,135,136,137,138,139,140,141,142,143,144,145,146,147,148,149,150,151,152,153,154,155,156,157,158,159,160,161,162,163,164,165,166,167,168,169,170,171,172,173,174,175,176,177,178,179,180,181,182,183,184,185,186,187,188,189,190,191,192,193,194,195,196,197,198,199,200,201,202,203,204,205,206,207,208,209,210,211,212,213,214,215,216,217,218,219,220,221,222,223,224,225,226,227,228,229,230,231,232,233,234,235,236,237,238,239,240,241,242,243,244,245,246,247,248,249,250,251,252,253,254,255,256,257,258,259,260,261,262,263,264,265,266,267,268,269,270,271,272,274,276,277,278,279,280,281,282,283,284,285,286,287,288,289,290,291,292,293,294,295,296,297,298,299,300,301,302,303,304,305,306,307,308,309,310,311,312,313,314,315,316,317,318,319,320,321,322,323,324,325,326,327,328,329,330,331,332,333,334,335,336,337,338,339,340,341,342,343,344,345) have mixed types. Specify dtype option on import or set low_memory=False.
Columns (0,3,4,5,6,7,8,9,10,11,12,13,14,15,16,17,18,19,20,21,22,23,24,25,26,27,28,29,30,31,32,33,34,35,36,37,38,39,40,41,42,43,44,45,46,47,48,49,50,51,52,53,54,55,56,57,58,59,60,61,62,63,64,65,66,67,68,69,70,71,72,73,74,75,76,77,78,79,80,81,82,83,84,85,86,87,88,89,90,91,92,93,94,95,96,97,98,99,100,101,102,103,104,105,106,107,108,109,110,111,112,113,114,115,116,117,118,119,120,121,122,123,124,125,126,127,128,129,130,131,132,133,134,135,136,137,138,139,140,141,142,143,144,145,146,147,148,149,150,151,152,153,154,155,156,157,158,159,160,161,162,163,164,165,166,167,168,169,170,171,172,173,174,175,176,177,178,179,180,181,182,183,184,185,186,187,188,189,190,191,192,193,194,195,196,197,198,199,200,201,202,203,204,205,206,207,208,209,210,211,212,213,214,215,216,217,218,219,220,221,222,223,224,225,226,227,228,229,230,231,232,233,234,235,236,237,238,239,240,241,242,243,244,245,246,247,248,249,250,251,252,253,254,255,256,257,258,259,260,261,262,263,264,265,266,267,268,269,270,271,272,273,275,277,278,279,280,281,282,283,284,285,286,287,288,289,290,291,292,293,294,295,296,297,298,299,300,301,302,303,304,305,306,307,308,309,310,311,312,313,314,315,316,317,318,319,320,321,322,323,324,325,326,327,328,329,330,331,332,333,334,335,336,337,338,339,340,341,342,343,344,345,346) have mixed types. Specify dtype option on import or set low_memory=False.
Columns (0,3,4,5,6,7,8,9,10,11,12,13,14,15,16,17,18,19,20,21,22,23,24,25,26,27,28,29,30,31,32,33,34,35,36,37,38,39,40,41,42,43,44,45,46,47,48,49,50,51,52,53,54,55,56,57,58,59,60,61,62,63,64,65,66,67,68,69,70,71,72,73,74,75,76,77,78,79,80,81,82,83,84,85,86,87,88,89,90,91,92,93,94,95,96,97,98,99,100,101,102,103,104,105,106,107,108,109,110,111,112,113,114,115,116,117,118,119,120,121,122,123,124,125,126,127,128,129,130,131,132,133,134,135,136,137,138,139,140,141,142,143,144,145,146,147,148,149,150,151,152,153,154,155,156,157,158,159,160,161,162,163,164,165,166,167,168,169,170,171,172,173,174,175,176,177,178,179,180,181,182,183,184,185,186,187,188,189,190,191,192,193,194,195,196,197,198,199,200,201,202,203,204,205,206,207,208,209,210,211,212,213,214,215,216,217,218,219,220,221,222,223,224,225,226,227,228,229,230,231,232,233,234,235,236,237,238,239,240,241,242,243,244,245,246,247,248,249,250,251,252,253,254,255,256,257,258,259,260,261,262,263,264,265,266,267,268,269,270,271,272,274,276,277,278,279,280,281,282,283,284,285,286,287,288,289,290,291,292,293,294,295,296,297,298,299,300,301,302,303,304,305,306,307,308,309,310,311,312,313,314,315,316,317,318,319,320,321,322,323,324,325,326,327,328,329,330,331,332,333,334,335,336,337,338,339,340,341,342,343,344,345) have mixed types. Specify dtype option on import or set low_memory=False.
Columns (0,3,4,5,6,7,8,9,10,11,12,13,14,15,16,17,18,19,20,21,22,23,24,25,26,27,28,29,30,31,32,33,34,35,36,37,38,39,40,41,42,43,44,45,46,47,48,49,50,51,52,53,54,55,56,57,58,59,60,61,62,63,64,65,66,67,68,69,70,71,72,73,74,75,76,77,78,79,80,81,82,83,84,85,86,87,88,89,90,91,92,93,94,95,96,97,98,99,100,101,102,103,104,105,106,107,108,109,110,111,112,113,114,115,116,117,118,119,120,121,122,123,124,125,126,127,128,129,130,131,132,133,134,135,136,137,138,139,140,141,142,143,144,145,146,147,148,149,150,151,152,153,154,155,156,157,158,159,160,161,162,163,164,165,166,167,168,169,170,171,172,173,174,175,176,177,178,179,180,181,182,183,184,185,186,187,188,189,190,191,192,193,194,195,196,197,198,199,200,201,202,203,204,205,206,207,208,209,210,211,212,213,214,215,216,217,218,219,220,221,222,223,224,225,226,227,228,229,230,231,232,233,234,235,236,237,238,239,240,241,242,243,244,245,246,247,248,249,250,251,252,253,254,255,256,257,258,259,260,261,262,263,264,265,266,267,268,269,270,271,272,273,275,277,278,279,280,281,282,283,284,285,286,287,288,289,290,291,292,293,294,295,296,297,298,299,300,301,302,303,304,305,306,307,308,309,310,311,312,313,314,315,316,317,318,319,320,321,322,323,324,325,326,327,328,329,330,331,332,333,334,335,336,337,338,339,340,341,342,343,344,345,346) have mixed types. Specify dtype option on import or set low_memory=False.
Columns (0,3,4,5,6,7,8,9,10,11,12,13,14,15,16,17,18,19,20,21,22,23,24,25,26,27,28,29,30,31,32,33,34,35,36,37,38,39,40,41,42,43,44,45,46,47,48,49,50,51,52,53,54,55,56,57,58,59,60,61,62,63,64,65,66,67,68,69,70,71,72,73,74,75,76,77,78,79,80,81,82,83,84,85,86,87,88,89,90,91,92,93,94,95,96,97,98,99,100,101,102,103,104,105,106,107,108,109,110,111,112,113,114,115,116,117,118,119,120,121,122,123,124,125,126,127,128,129,130,131,132,133,134,135,136,137,138,139,140,141,142,143,144,145,146,147,148,149,150,151,152,153,154,155,156,157,158,159,160,161,162,163,164,165,166,167,168,169,170,171,172,173,174,175,176,177,178,179,180,181,182,183,184,185,186,187,188,189,190,191,192,193,194,195,196,197,198,199,200,201,202,203,204,205,206,207,208,209,210,211,212,213,214,215,216,217,218,219,220,221,222,223,224,225,226,227,228,229,230,231,232,233,234,235,236,237,238,239,240,241,242,243,244,245,246,247,248,249,250,251,252,253,254,255,256,257,258,259,260,261,262,263,264,265,266,267,268,269,270,271,272,274,276,277,278,279,280,281,282,283,284,285,286,287,288,289,290,291,292,293,294,295,296,297,298,299,300,301,302,303,304,305,306,307,308,309,310,311,312,313,314,315,316,317,318,319,320,321,322,323,324,325,326,327,328,329,330,331,332,333,334,335,336,337,338,339,340,341,342,343,344,345) have mixed types. Specify dtype option on import or set low_memory=False.
Columns (0,3,4,5,6,7,8,9,10,11,12,13,14,15,16,17,18,19,20,21,22,23,24,25,26,27,28,29,30,31,32,33,34,35,36,37,38,39,40,41,42,43,44,45,46,47,48,49,50,51,52,53,54,55,56,57,58,59,60,61,62,63,64,65,66,67,68,69,70,71,72,73,74,75,76,77,78,79,80,81,82,83,84,85,86,87,88,89,90,91,92,93,94,95,96,97,98,99,100,101,102,103,104,105,106,107,108,109,110,111,112,113,114,115,116,117,118,119,120,121,122,123,124,125,126,127,128,129,130,131,132,133,134,135,136,137,138,139,140,141,142,143,144,145,146,147,148,149,150,151,152,153,154,155,156,157,158,159,160,161,162,163,164,165,166,167,168,169,170,171,172,173,174,175,176,177,178,179,180,181,182,183,184,185,186,187,188,189,190,191,192,193,194,195,196,197,198,199,200,201,202,203,204,205,206,207,208,209,210,211,212,213,214,215,216,217,218,219,220,221,222,223,224,225,226,227,228,229,230,231,232,233,234,235,236,237,238,239,240,241,242,243,244,245,246,247,248,249,250,251,252,253,254,255,256,257,258,259,260,261,262,263,264,265,266,267,268,269,270,271,272,273,275,277,278,279,280,281,282,283,284,285,286,287,288,289,290,291,292,293,294,295,296,297,298,299,300,301,302,303,304,305,306,307,308,309,310,311,312,313,314,315,316,317,318,319,320,321,322,323,324,325,326,327,328,329,330,331,332,333,334,335,336,337,338,339,340,341,342,343,344,345,346) have mixed types. Specify dtype option on import or set low_memory=False.
Columns (0,3,4,5,6,7,8,9,10,11,12,13,14,15,16,17,18,19,20,21,22,23,24,25,26,27,28,29,30,31,32,33,34,35,36,37,38,39,40,41,42,43,44,45,46,47,48,49,50,51,52,53,54,55,56,57,58,59,60,61,62,63,64,65,66,67,68,69,70,71,72,73,74,75,76,77,78,79,80,81,82,83,84,85,86,87,88,89,90,91,92,93,94,95,96,97,98,99,100,101,102,103,104,105,106,107,108,109,110,111,112,113,114,115,116,117,118,119,120,121,122,123,124,125,126,127,128,129,130,131,132,133,134,135,136,137,138,139,140,141,142,143,144,145,146,147,148,149,150,151,152,153,154,155,156,157,158,159,160,161,162,163,164,165,166,167,168,169,170,171,172,173,174,175,176,177,178,179,180,181,182,183,184,185,186,187,188,189,190,191,192,193,194,195,196,197,198,199,200,201,202,203,204,205,206,207,208,209,210,211,212,213,214,215,216,217,218,219,220,221,222,223,224,225,226,227,228,229,230,231,232,233,234,235,236,237,238,239,240,241,242,243,244,245,246,247,248,249,250,251,252,253,254,255,256,257,258,259,260,261,262,263,264,265,266,267,268,269,270,271,272,274,276,277,278,279,280,281,282,283,284,285,286,287,288,289,290,291,292,293,294,295,296,297,298,299,300,301,302,303,304,305,306,307,308,309,310,311,312,313,314,315,316,317,318,319,320,321,322,323,324,325,326,327,328,329,330,331,332,333,334,335,336,337,338,339,340,341,342,343,344,345) have mixed types. Specify dtype option on import or set low_memory=False.
@@@ D - common_header:  {'category', 'F120', 'F117', 'F115', 'F110', 'F116'}
   F116                 F117  ...                   F110  F115
1  -1.0  0.14583333333333334  ...    -0.7083333333333334  -1.0
2   1.0   0.4418604651162791  ...   -0.11627906976744186   1.0
3   1.0   0.4418604651162791  ...   -0.11627906976744186   1.0

[3 rows x 5 columns]
;.;
   F116      F117      F120      F110  F115
0   0.0  0.145833  0.363741  0.145833   0.0
1   1.0  0.441860  0.069312  0.441860   1.0
2   1.0  0.441860  0.069312  0.441860   1.0
training_x: (2235, 5)
training_y: 2235
testset_x: (2389, 5)
testset_y: 2389
              precision    recall  f1-score   support

           0       0.98      0.98      0.98      2046
           1       0.91      0.87      0.89       343

    accuracy                           0.97      2389
   macro avg       0.94      0.93      0.93      2389
weighted avg       0.97      0.97      0.97      2389

accuracy: 0.9677689409794893
0.8852459016393442
@@@ tn: 2015, fp: 31, fn: 46, tp: 297
@@@ LIME - Creating explainer
@@@ LIME - Random Sampling of Instances
iter: 0, sample_no: 1361, actual label: 1, predicted: 0
iter: 1, sample_no: 1176, actual label: 0, predicted: 0
iter: 2, sample_no: 629, actual label: 0, predicted: 0
iter: 3, sample_no: 664, actual label: 0, predicted: 0
iter: 4, sample_no: 423, actual label: 0, predicted: 0
iter: 5, sample_no: 22, actual label: 0, predicted: 0
iter: 6, sample_no: 1742, actual label: 0, predicted: 0
iter: 7, sample_no: 382, actual label: 0, predicted: 0
iter: 8, sample_no: 373, actual label: 0, predicted: 0
iter: 9, sample_no: 940, actual label: 0, predicted: 0
iter: 10, sample_no: 1657, actual label: 0, predicted: 0
iter: 11, sample_no: 638, actual label: 0, predicted: 0
iter: 12, sample_no: 1808, actual label: 0, predicted: 0
iter: 13, sample_no: 8, actual label: 1, predicted: 1
iter: 14, sample_no: 779, actual label: 0, predicted: 0
iter: 15, sample_no: 2163, actual label: 0, predicted: 0
iter: 16, sample_no: 1485, actual label: 0, predicted: 0
iter: 17, sample_no: 662, actual label: 0, predicted: 0
iter: 18, sample_no: 118, actual label: 0, predicted: 0
iter: 19, sample_no: 732, actual label: 0, predicted: 0
iter: 20, sample_no: 1253, actual label: 0, predicted: 0
iter: 21, sample_no: 300, actual label: 0, predicted: 0
iter: 22, sample_no: 2102, actual label: 1, predicted: 1
iter: 23, sample_no: 475, actual label: 0, predicted: 0
iter: 24, sample_no: 27, actual label: 0, predicted: 0
number of samples: 2389
AUC 0.9914645372183226
pos_get 343
total recall stop_at 1.0
@@@ C - Repeat number: 7
@@@ D - common_header:  {'category', 'F120', 'F117', 'F115', 'F110', 'F116'}
   F116                 F117  ...                   F110  F115
1  -1.0  0.14583333333333334  ...    -0.7083333333333334  -1.0
2   1.0   0.4418604651162791  ...   -0.11627906976744186   1.0
3   1.0   0.4418604651162791  ...   -0.11627906976744186   1.0

[3 rows x 5 columns]
;.;
   F116      F117      F120      F110  F115
0   0.0  0.145833  0.363741  0.145833   0.0
1   1.0  0.441860  0.069312  0.441860   1.0
2   1.0  0.441860  0.069312  0.441860   1.0
training_x: (2235, 5)
training_y: 2235
testset_x: (2389, 5)
testset_y: 2389
              precision    recall  f1-score   support

           0       0.98      0.98      0.98      2046
           1       0.91      0.87      0.89       343

    accuracy                           0.97      2389
   macro avg       0.94      0.93      0.93      2389
weighted avg       0.97      0.97      0.97      2389

accuracy: 0.9677689409794893
0.8852459016393442
@@@ tn: 2015, fp: 31, fn: 46, tp: 297
@@@ LIME - Creating explainer
@@@ LIME - Random Sampling of Instances
iter: 0, sample_no: 1709, actual label: 0, predicted: 0
iter: 1, sample_no: 1418, actual label: 0, predicted: 0
iter: 2, sample_no: 2097, actual label: 0, predicted: 0
iter: 3, sample_no: 270, actual label: 0, predicted: 0
iter: 4, sample_no: 2376, actual label: 0, predicted: 0
iter: 5, sample_no: 1726, actual label: 0, predicted: 0
iter: 6, sample_no: 1262, actual label: 0, predicted: 0
iter: 7, sample_no: 2251, actual label: 0, predicted: 1
iter: 8, sample_no: 921, actual label: 0, predicted: 0
iter: 9, sample_no: 1619, actual label: 0, predicted: 0
iter: 10, sample_no: 29, actual label: 0, predicted: 0
iter: 11, sample_no: 625, actual label: 0, predicted: 0
iter: 12, sample_no: 862, actual label: 1, predicted: 1
iter: 13, sample_no: 1407, actual label: 0, predicted: 0
iter: 14, sample_no: 2262, actual label: 0, predicted: 0
iter: 15, sample_no: 2027, actual label: 0, predicted: 0
iter: 16, sample_no: 530, actual label: 0, predicted: 0
iter: 17, sample_no: 2187, actual label: 0, predicted: 0
iter: 18, sample_no: 1483, actual label: 0, predicted: 0
iter: 19, sample_no: 1538, actual label: 0, predicted: 0
iter: 20, sample_no: 1295, actual label: 0, predicted: 0
iter: 21, sample_no: 303, actual label: 0, predicted: 0
iter: 22, sample_no: 155, actual label: 0, predicted: 0
iter: 23, sample_no: 589, actual label: 0, predicted: 0
iter: 24, sample_no: 2073, actual label: 0, predicted: 0
number of samples: 2389
AUC 0.9914652496943478
pos_get 343
total recall stop_at 1.0
@@@ C - Repeat number: 8
@@@ D - common_header:  {'category', 'F120', 'F117', 'F115', 'F110', 'F116'}
   F116                 F117  ...                   F110  F115
1  -1.0  0.14583333333333334  ...    -0.7083333333333334  -1.0
2   1.0   0.4418604651162791  ...   -0.11627906976744186   1.0
3   1.0   0.4418604651162791  ...   -0.11627906976744186   1.0

[3 rows x 5 columns]
;.;
   F116      F117      F120      F110  F115
0   0.0  0.145833  0.363741  0.145833   0.0
1   1.0  0.441860  0.069312  0.441860   1.0
2   1.0  0.441860  0.069312  0.441860   1.0
training_x: (2235, 5)
training_y: 2235
testset_x: (2389, 5)
testset_y: 2389
              precision    recall  f1-score   support

           0       0.98      0.98      0.98      2046
           1       0.91      0.87      0.89       343

    accuracy                           0.97      2389
   macro avg       0.94      0.93      0.93      2389
weighted avg       0.97      0.97      0.97      2389

accuracy: 0.9677689409794893
0.8852459016393442
@@@ tn: 2015, fp: 31, fn: 46, tp: 297
@@@ LIME - Creating explainer
@@@ LIME - Random Sampling of Instances
iter: 0, sample_no: 1504, actual label: 1, predicted: 1
iter: 1, sample_no: 391, actual label: 0, predicted: 0
iter: 2, sample_no: 161, actual label: 0, predicted: 0
iter: 3, sample_no: 977, actual label: 0, predicted: 0
iter: 4, sample_no: 1534, actual label: 0, predicted: 0
iter: 5, sample_no: 786, actual label: 0, predicted: 0
iter: 6, sample_no: 1878, actual label: 0, predicted: 0
iter: 7, sample_no: 231, actual label: 0, predicted: 0
iter: 8, sample_no: 2273, actual label: 0, predicted: 0
iter: 9, sample_no: 1426, actual label: 0, predicted: 0
iter: 10, sample_no: 1255, actual label: 0, predicted: 0
iter: 11, sample_no: 901, actual label: 0, predicted: 0
iter: 12, sample_no: 1553, actual label: 0, predicted: 0
iter: 13, sample_no: 269, actual label: 0, predicted: 0
iter: 14, sample_no: 2323, actual label: 0, predicted: 0
iter: 15, sample_no: 318, actual label: 1, predicted: 1
iter: 16, sample_no: 1040, actual label: 0, predicted: 0
iter: 17, sample_no: 2265, actual label: 0, predicted: 0
iter: 18, sample_no: 1496, actual label: 0, predicted: 0
iter: 19, sample_no: 216, actual label: 0, predicted: 0
iter: 20, sample_no: 1306, actual label: 0, predicted: 0
iter: 21, sample_no: 777, actual label: 0, predicted: 0
iter: 22, sample_no: 342, actual label: 0, predicted: 0
iter: 23, sample_no: 1766, actual label: 0, predicted: 0
iter: 24, sample_no: 1876, actual label: 0, predicted: 0
number of samples: 2389
AUC 0.9914645372183226
pos_get 343
total recall stop_at 1.0
@@@ C - Repeat number: 9
@@@ D - common_header:  {'category', 'F120', 'F117', 'F115', 'F110', 'F116'}
   F116                 F117  ...                   F110  F115
1  -1.0  0.14583333333333334  ...    -0.7083333333333334  -1.0
2   1.0   0.4418604651162791  ...   -0.11627906976744186   1.0
3   1.0   0.4418604651162791  ...   -0.11627906976744186   1.0

[3 rows x 5 columns]
;.;
   F116      F117      F120      F110  F115
0   0.0  0.145833  0.363741  0.145833   0.0
1   1.0  0.441860  0.069312  0.441860   1.0
2   1.0  0.441860  0.069312  0.441860   1.0
training_x: (2235, 5)
training_y: 2235
testset_x: (2389, 5)
testset_y: 2389
              precision    recall  f1-score   support

           0       0.98      0.98      0.98      2046
           1       0.91      0.87      0.89       343

    accuracy                           0.97      2389
   macro avg       0.94      0.93      0.93      2389
weighted avg       0.97      0.97      0.97      2389

accuracy: 0.9677689409794893
0.8852459016393442
@@@ tn: 2015, fp: 31, fn: 46, tp: 297
@@@ LIME - Creating explainer
@@@ LIME - Random Sampling of Instances
iter: 0, sample_no: 2105, actual label: 0, predicted: 0
iter: 1, sample_no: 1285, actual label: 0, predicted: 0
iter: 2, sample_no: 1010, actual label: 0, predicted: 0
iter: 3, sample_no: 1003, actual label: 0, predicted: 0
iter: 4, sample_no: 1208, actual label: 0, predicted: 0
iter: 5, sample_no: 681, actual label: 0, predicted: 0
iter: 6, sample_no: 829, actual label: 0, predicted: 0
iter: 7, sample_no: 97, actual label: 0, predicted: 0
iter: 8, sample_no: 631, actual label: 0, predicted: 0
iter: 9, sample_no: 2027, actual label: 0, predicted: 0
iter: 10, sample_no: 1177, actual label: 0, predicted: 0
iter: 11, sample_no: 2124, actual label: 0, predicted: 0
iter: 12, sample_no: 11, actual label: 1, predicted: 1
iter: 13, sample_no: 870, actual label: 1, predicted: 1
iter: 14, sample_no: 868, actual label: 1, predicted: 1
iter: 15, sample_no: 335, actual label: 0, predicted: 0
iter: 16, sample_no: 1533, actual label: 0, predicted: 0
iter: 17, sample_no: 2270, actual label: 0, predicted: 0
iter: 18, sample_no: 1175, actual label: 0, predicted: 0
iter: 19, sample_no: 1849, actual label: 0, predicted: 0
iter: 20, sample_no: 775, actual label: 0, predicted: 0
iter: 21, sample_no: 777, actual label: 0, predicted: 0
iter: 22, sample_no: 2286, actual label: 0, predicted: 0
iter: 23, sample_no: 906, actual label: 0, predicted: 0
iter: 24, sample_no: 1098, actual label: 0, predicted: 0
number of samples: 2389
AUC 0.9914645372183226
pos_get 343
total recall stop_at 1.0
@@@ C - Repeat number: 10
Columns (0,3,4,5,6,7,8,9,10,11,12,13,14,15,16,17,18,19,20,21,22,23,24,25,26,27,28,29,30,31,32,33,34,35,36,37,38,39,40,41,42,43,44,45,46,47,48,49,50,51,52,53,54,55,56,57,58,59,60,61,62,63,64,65,66,67,68,69,70,71,72,73,74,75,76,77,78,79,80,81,82,83,84,85,86,87,88,89,90,91,92,93,94,95,96,97,98,99,100,101,102,103,104,105,106,107,108,109,110,111,112,113,114,115,116,117,118,119,120,121,122,123,124,125,126,127,128,129,130,131,132,133,134,135,136,137,138,139,140,141,142,143,144,145,146,147,148,149,150,151,152,153,154,155,156,157,158,159,160,161,162,163,164,165,166,167,168,169,170,171,172,173,174,175,176,177,178,179,180,181,182,183,184,185,186,187,188,189,190,191,192,193,194,195,196,197,198,199,200,201,202,203,204,205,206,207,208,209,210,211,212,213,214,215,216,217,218,219,220,221,222,223,224,225,226,227,228,229,230,231,232,233,234,235,236,237,238,239,240,241,242,243,244,245,246,247,248,249,250,251,252,253,254,255,256,257,258,259,260,261,262,263,264,265,266,267,268,269,270,271,272,273,275,277,278,279,280,281,282,283,284,285,286,287,288,289,290,291,292,293,294,295,296,297,298,299,300,301,302,303,304,305,306,307,308,309,310,311,312,313,314,315,316,317,318,319,320,321,322,323,324,325,326,327,328,329,330,331,332,333,334,335,336,337,338,339,340,341,342,343,344,345,346) have mixed types. Specify dtype option on import or set low_memory=False.
Columns (0,3,4,5,6,7,8,9,10,11,12,13,14,15,16,17,18,19,20,21,22,23,24,25,26,27,28,29,30,31,32,33,34,35,36,37,38,39,40,41,42,43,44,45,46,47,48,49,50,51,52,53,54,55,56,57,58,59,60,61,62,63,64,65,66,67,68,69,70,71,72,73,74,75,76,77,78,79,80,81,82,83,84,85,86,87,88,89,90,91,92,93,94,95,96,97,98,99,100,101,102,103,104,105,106,107,108,109,110,111,112,113,114,115,116,117,118,119,120,121,122,123,124,125,126,127,128,129,130,131,132,133,134,135,136,137,138,139,140,141,142,143,144,145,146,147,148,149,150,151,152,153,154,155,156,157,158,159,160,161,162,163,164,165,166,167,168,169,170,171,172,173,174,175,176,177,178,179,180,181,182,183,184,185,186,187,188,189,190,191,192,193,194,195,196,197,198,199,200,201,202,203,204,205,206,207,208,209,210,211,212,213,214,215,216,217,218,219,220,221,222,223,224,225,226,227,228,229,230,231,232,233,234,235,236,237,238,239,240,241,242,243,244,245,246,247,248,249,250,251,252,253,254,255,256,257,258,259,260,261,262,263,264,265,266,267,268,269,270,271,272,274,276,277,278,279,280,281,282,283,284,285,286,287,288,289,290,291,292,293,294,295,296,297,298,299,300,301,302,303,304,305,306,307,308,309,310,311,312,313,314,315,316,317,318,319,320,321,322,323,324,325,326,327,328,329,330,331,332,333,334,335,336,337,338,339,340,341,342,343,344,345) have mixed types. Specify dtype option on import or set low_memory=False.
Columns (0,3,4,5,6,7,8,9,10,11,12,13,14,15,16,17,18,19,20,21,22,23,24,25,26,27,28,29,30,31,32,33,34,35,36,37,38,39,40,41,42,43,44,45,46,47,48,49,50,51,52,53,54,55,56,57,58,59,60,61,62,63,64,65,66,67,68,69,70,71,72,73,74,75,76,77,78,79,80,81,82,83,84,85,86,87,88,89,90,91,92,93,94,95,96,97,98,99,100,101,102,103,104,105,106,107,108,109,110,111,112,113,114,115,116,117,118,119,120,121,122,123,124,125,126,127,128,129,130,131,132,133,134,135,136,137,138,139,140,141,142,143,144,145,146,147,148,149,150,151,152,153,154,155,156,157,158,159,160,161,162,163,164,165,166,167,168,169,170,171,172,173,174,175,176,177,178,179,180,181,182,183,184,185,186,187,188,189,190,191,192,193,194,195,196,197,198,199,200,201,202,203,204,205,206,207,208,209,210,211,212,213,214,215,216,217,218,219,220,221,222,223,224,225,226,227,228,229,230,231,232,233,234,235,236,237,238,239,240,241,242,243,244,245,246,247,248,249,250,251,252,253,254,255,256,257,258,259,260,261,262,263,264,265,266,267,268,269,270,271,272,273,275,277,278,279,280,281,282,283,284,285,286,287,288,289,290,291,292,293,294,295,296,297,298,299,300,301,302,303,304,305,306,307,308,309,310,311,312,313,314,315,316,317,318,319,320,321,322,323,324,325,326,327,328,329,330,331,332,333,334,335,336,337,338,339,340,341,342,343,344,345,346) have mixed types. Specify dtype option on import or set low_memory=False.
Columns (0,3,4,5,6,7,8,9,10,11,12,13,14,15,16,17,18,19,20,21,22,23,24,25,26,27,28,29,30,31,32,33,34,35,36,37,38,39,40,41,42,43,44,45,46,47,48,49,50,51,52,53,54,55,56,57,58,59,60,61,62,63,64,65,66,67,68,69,70,71,72,73,74,75,76,77,78,79,80,81,82,83,84,85,86,87,88,89,90,91,92,93,94,95,96,97,98,99,100,101,102,103,104,105,106,107,108,109,110,111,112,113,114,115,116,117,118,119,120,121,122,123,124,125,126,127,128,129,130,131,132,133,134,135,136,137,138,139,140,141,142,143,144,145,146,147,148,149,150,151,152,153,154,155,156,157,158,159,160,161,162,163,164,165,166,167,168,169,170,171,172,173,174,175,176,177,178,179,180,181,182,183,184,185,186,187,188,189,190,191,192,193,194,195,196,197,198,199,200,201,202,203,204,205,206,207,208,209,210,211,212,213,214,215,216,217,218,219,220,221,222,223,224,225,226,227,228,229,230,231,232,233,234,235,236,237,238,239,240,241,242,243,244,245,246,247,248,249,250,251,252,253,254,255,256,257,258,259,260,261,262,263,264,265,266,267,268,269,270,271,272,274,276,277,278,279,280,281,282,283,284,285,286,287,288,289,290,291,292,293,294,295,296,297,298,299,300,301,302,303,304,305,306,307,308,309,310,311,312,313,314,315,316,317,318,319,320,321,322,323,324,325,326,327,328,329,330,331,332,333,334,335,336,337,338,339,340,341,342,343,344,345) have mixed types. Specify dtype option on import or set low_memory=False.
Columns (0,3,4,5,6,7,8,9,10,11,12,13,14,15,16,17,18,19,20,21,22,23,24,25,26,27,28,29,30,31,32,33,34,35,36,37,38,39,40,41,42,43,44,45,46,47,48,49,50,51,52,53,54,55,56,57,58,59,60,61,62,63,64,65,66,67,68,69,70,71,72,73,74,75,76,77,78,79,80,81,82,83,84,85,86,87,88,89,90,91,92,93,94,95,96,97,98,99,100,101,102,103,104,105,106,107,108,109,110,111,112,113,114,115,116,117,118,119,120,121,122,123,124,125,126,127,128,129,130,131,132,133,134,135,136,137,138,139,140,141,142,143,144,145,146,147,148,149,150,151,152,153,154,155,156,157,158,159,160,161,162,163,164,165,166,167,168,169,170,171,172,173,174,175,176,177,178,179,180,181,182,183,184,185,186,187,188,189,190,191,192,193,194,195,196,197,198,199,200,201,202,203,204,205,206,207,208,209,210,211,212,213,214,215,216,217,218,219,220,221,222,223,224,225,226,227,228,229,230,231,232,233,234,235,236,237,238,239,240,241,242,243,244,245,246,247,248,249,250,251,252,253,254,255,256,257,258,259,260,261,262,263,264,265,266,267,268,269,270,271,272,273,275,277,278,279,280,281,282,283,284,285,286,287,288,289,290,291,292,293,294,295,296,297,298,299,300,301,302,303,304,305,306,307,308,309,310,311,312,313,314,315,316,317,318,319,320,321,322,323,324,325,326,327,328,329,330,331,332,333,334,335,336,337,338,339,340,341,342,343,344,345,346) have mixed types. Specify dtype option on import or set low_memory=False.
Columns (0,3,4,5,6,7,8,9,10,11,12,13,14,15,16,17,18,19,20,21,22,23,24,25,26,27,28,29,30,31,32,33,34,35,36,37,38,39,40,41,42,43,44,45,46,47,48,49,50,51,52,53,54,55,56,57,58,59,60,61,62,63,64,65,66,67,68,69,70,71,72,73,74,75,76,77,78,79,80,81,82,83,84,85,86,87,88,89,90,91,92,93,94,95,96,97,98,99,100,101,102,103,104,105,106,107,108,109,110,111,112,113,114,115,116,117,118,119,120,121,122,123,124,125,126,127,128,129,130,131,132,133,134,135,136,137,138,139,140,141,142,143,144,145,146,147,148,149,150,151,152,153,154,155,156,157,158,159,160,161,162,163,164,165,166,167,168,169,170,171,172,173,174,175,176,177,178,179,180,181,182,183,184,185,186,187,188,189,190,191,192,193,194,195,196,197,198,199,200,201,202,203,204,205,206,207,208,209,210,211,212,213,214,215,216,217,218,219,220,221,222,223,224,225,226,227,228,229,230,231,232,233,234,235,236,237,238,239,240,241,242,243,244,245,246,247,248,249,250,251,252,253,254,255,256,257,258,259,260,261,262,263,264,265,266,267,268,269,270,271,272,274,276,277,278,279,280,281,282,283,284,285,286,287,288,289,290,291,292,293,294,295,296,297,298,299,300,301,302,303,304,305,306,307,308,309,310,311,312,313,314,315,316,317,318,319,320,321,322,323,324,325,326,327,328,329,330,331,332,333,334,335,336,337,338,339,340,341,342,343,344,345) have mixed types. Specify dtype option on import or set low_memory=False.
Columns (0,3,4,5,6,7,8,9,10,11,12,13,14,15,16,17,18,19,20,21,22,23,24,25,26,27,28,29,30,31,32,33,34,35,36,37,38,39,40,41,42,43,44,45,46,47,48,49,50,51,52,53,54,55,56,57,58,59,60,61,62,63,64,65,66,67,68,69,70,71,72,73,74,75,76,77,78,79,80,81,82,83,84,85,86,87,88,89,90,91,92,93,94,95,96,97,98,99,100,101,102,103,104,105,106,107,108,109,110,111,112,113,114,115,116,117,118,119,120,121,122,123,124,125,126,127,128,129,130,131,132,133,134,135,136,137,138,139,140,141,142,143,144,145,146,147,148,149,150,151,152,153,154,155,156,157,158,159,160,161,162,163,164,165,166,167,168,169,170,171,172,173,174,175,176,177,178,179,180,181,182,183,184,185,186,187,188,189,190,191,192,193,194,195,196,197,198,199,200,201,202,203,204,205,206,207,208,209,210,211,212,213,214,215,216,217,218,219,220,221,222,223,224,225,226,227,228,229,230,231,232,233,234,235,236,237,238,239,240,241,242,243,244,245,246,247,248,249,250,251,252,253,254,255,256,257,258,259,260,261,262,263,264,265,266,267,268,269,270,271,272,273,275,277,278,279,280,281,282,283,284,285,286,287,288,289,290,291,292,293,294,295,296,297,298,299,300,301,302,303,304,305,306,307,308,309,310,311,312,313,314,315,316,317,318,319,320,321,322,323,324,325,326,327,328,329,330,331,332,333,334,335,336,337,338,339,340,341,342,343,344,345,346) have mixed types. Specify dtype option on import or set low_memory=False.
@@@ D - common_header:  {'category', 'F120', 'F117', 'F115', 'F110', 'F116'}
   F116                 F117  ...                   F110  F115
1  -1.0  0.14583333333333334  ...    -0.7083333333333334  -1.0
2   1.0   0.4418604651162791  ...   -0.11627906976744186   1.0
3   1.0   0.4418604651162791  ...   -0.11627906976744186   1.0

[3 rows x 5 columns]
;.;
   F116      F117      F120      F110  F115
0   0.0  0.145833  0.363741  0.145833   0.0
1   1.0  0.441860  0.069312  0.441860   1.0
2   1.0  0.441860  0.069312  0.441860   1.0
training_x: (2235, 5)
training_y: 2235
testset_x: (2389, 5)
testset_y: 2389
              precision    recall  f1-score   support

           0       0.98      0.98      0.98      2046
           1       0.91      0.87      0.89       343

    accuracy                           0.97      2389
   macro avg       0.94      0.93      0.93      2389
weighted avg       0.97      0.97      0.97      2389

accuracy: 0.9677689409794893
0.8852459016393442
@@@ tn: 2015, fp: 31, fn: 46, tp: 297
@@@ LIME - Creating explainer
@@@ LIME - Random Sampling of Instances
Columns (0,3,4,5,6,7,8,9,10,11,12,13,14,15,16,17,18,19,20,21,22,23,24,25,26,27,28,29,30,31,32,33,34,35,36,37,38,39,40,41,42,43,44,45,46,47,48,49,50,51,52,53,54,55,56,57,58,59,60,61,62,63,64,65,66,67,68,69,70,71,72,73,74,75,76,77,78,79,80,81,82,83,84,85,86,87,88,89,90,91,92,93,94,95,96,97,98,99,100,101,102,103,104,105,106,107,108,109,110,111,112,113,114,115,116,117,118,119,120,121,122,123,124,125,126,127,128,129,130,131,132,133,134,135,136,137,138,139,140,141,142,143,144,145,146,147,148,149,150,151,152,153,154,155,156,157,158,159,160,161,162,163,164,165,166,167,168,169,170,171,172,173,174,175,176,177,178,179,180,181,182,183,184,185,186,187,188,189,190,191,192,193,194,195,196,197,198,199,200,201,202,203,204,205,206,207,208,209,210,211,212,213,214,215,216,217,218,219,220,221,222,223,224,225,226,227,228,229,230,231,232,233,234,235,236,237,238,239,240,241,242,243,244,245,246,247,248,249,250,251,252,253,254,255,256,257,258,259,260,261,262,263,264,265,266,267,268,269,270,271,272,274,276,277,278,279,280,281,282,283,284,285,286,287,288,289,290,291,292,293,294,295,296,297,298,299,300,301,302,303,304,305,306,307,308,309,310,311,312,313,314,315,316,317,318,319,320,321,322,323,324,325,326,327,328,329,330,331,332,333,334,335,336,337,338,339,340,341,342,343,344,345) have mixed types. Specify dtype option on import or set low_memory=False.
iter: 0, sample_no: 1692, actual label: 1, predicted: 1
iter: 1, sample_no: 892, actual label: 0, predicted: 0
iter: 2, sample_no: 1539, actual label: 0, predicted: 0
iter: 3, sample_no: 1313, actual label: 0, predicted: 0
iter: 4, sample_no: 172, actual label: 1, predicted: 1
iter: 5, sample_no: 588, actual label: 0, predicted: 0
iter: 6, sample_no: 1118, actual label: 1, predicted: 1
iter: 7, sample_no: 2261, actual label: 0, predicted: 0
iter: 8, sample_no: 2376, actual label: 0, predicted: 0
iter: 9, sample_no: 128, actual label: 0, predicted: 0
iter: 10, sample_no: 1765, actual label: 0, predicted: 0
iter: 11, sample_no: 1557, actual label: 1, predicted: 0
iter: 12, sample_no: 1479, actual label: 0, predicted: 0
iter: 13, sample_no: 883, actual label: 1, predicted: 1
iter: 14, sample_no: 967, actual label: 0, predicted: 0
iter: 15, sample_no: 65, actual label: 0, predicted: 0
iter: 16, sample_no: 451, actual label: 0, predicted: 0
iter: 17, sample_no: 208, actual label: 0, predicted: 0
iter: 18, sample_no: 967, actual label: 0, predicted: 0
iter: 19, sample_no: 2005, actual label: 0, predicted: 0
iter: 20, sample_no: 972, actual label: 0, predicted: 0
iter: 21, sample_no: 1233, actual label: 0, predicted: 1
iter: 22, sample_no: 1040, actual label: 0, predicted: 0
iter: 23, sample_no: 633, actual label: 0, predicted: 0
iter: 24, sample_no: 2126, actual label: 0, predicted: 0
number of samples: 2389
AUC 0.9914645372183226
pos_get 343
total recall stop_at 1.0
----------threshold stop at----------: 1
AUC [0.991465962170373, 0.9914645372183226, 0.9914645372183226, 0.9914645372183226, 0.9914645372183226, 0.9914645372183226, 0.9914652496943478, 0.9914645372183226, 0.9914645372183226, 0.9914645372183226]
AUC_median 0.9914645372183226
AUC_iqr 0.0
cost [0.35621598995395565, 0.35621598995395565, 0.35621598995395565, 0.35621598995395565, 0.35621598995395565, 0.35621598995395565, 0.35621598995395565, 0.35621598995395565, 0.35621598995395565, 0.35621598995395565]
COST_med 0.35621598995395565
COST_iqr 0.0
f1_pos_list [0.8852459016393442, 0.8852459016393442, 0.8852459016393442, 0.8852459016393442, 0.8852459016393442, 0.8852459016393442, 0.8852459016393442, 0.8852459016393442, 0.8852459016393442, 0.8852459016393442]
f1_pos_med 0.8852459016393442
