@@@ A - classifier: SVC(C=1.0, break_ties=False, cache_size=200, class_weight='balanced', coef0=0.0,
    decision_function_shape='ovr', degree=3, gamma='scale', kernel='linear',
    max_iter=-1, probability=True, random_state=None, shrinking=True, tol=0.001,
    verbose=False)
@@@ B - threshold stop at: 1
@@@ C - Repeat number: 1
@@@ D - common_header:  {'F120', 'category', 'F116', 'F110', 'F117', 'F115'}
                 F116          ...                           F115
1  0.3333333333333333          ...           -0.42857142857142855
2                -1.0          ...           -0.42857142857142855
3                -0.5          ...           -0.42857142857142855

[3 rows x 5 columns]
;.;
       F116      F117      F120      F110      F115
0  0.666667  0.454545  0.624045  0.454545  0.285714
1  0.000000  0.000000  0.499164  0.000000  0.285714
2  0.250000  0.049180  0.624045  0.049180  0.285714
training_x: (1229, 5)
training_y: 1229
testset_x: (1115, 5)
testset_y: 1115
              precision    recall  f1-score   support

           0       1.00      1.00      1.00      1061
           1       0.93      0.96      0.95        54

    accuracy                           0.99      1115
   macro avg       0.96      0.98      0.97      1115
weighted avg       0.99      0.99      0.99      1115

accuracy: 0.9946188340807175
0.9454545454545454
@@@ tn: 1057, fp: 4, fn: 2, tp: 52
@@@ LIME - Creating explainer
@@@ LIME - Random Sampling of Instances
iter: 0, sample_no: 255, actual label: 0, predicted: 0
iter: 1, sample_no: 705, actual label: 0, predicted: 0
iter: 2, sample_no: 1031, actual label: 0, predicted: 0
iter: 3, sample_no: 596, actual label: 0, predicted: 0
iter: 4, sample_no: 966, actual label: 0, predicted: 0
iter: 5, sample_no: 552, actual label: 1, predicted: 1
iter: 6, sample_no: 932, actual label: 0, predicted: 0
iter: 7, sample_no: 628, actual label: 0, predicted: 0
iter: 8, sample_no: 973, actual label: 0, predicted: 0
iter: 9, sample_no: 642, actual label: 0, predicted: 0
iter: 10, sample_no: 89, actual label: 0, predicted: 0
iter: 11, sample_no: 963, actual label: 0, predicted: 0
iter: 12, sample_no: 1048, actual label: 0, predicted: 1
iter: 13, sample_no: 7, actual label: 0, predicted: 0
iter: 14, sample_no: 943, actual label: 0, predicted: 0
iter: 15, sample_no: 928, actual label: 0, predicted: 0
iter: 16, sample_no: 791, actual label: 0, predicted: 0
iter: 17, sample_no: 795, actual label: 0, predicted: 0
iter: 18, sample_no: 924, actual label: 0, predicted: 0
iter: 19, sample_no: 323, actual label: 0, predicted: 0
iter: 20, sample_no: 415, actual label: 0, predicted: 0
iter: 21, sample_no: 750, actual label: 0, predicted: 0
iter: 22, sample_no: 317, actual label: 0, predicted: 0
iter: 23, sample_no: 926, actual label: 0, predicted: 0
iter: 24, sample_no: 802, actual label: 0, predicted: 0
number of samples: 1115
AUC 0.9962386986420917
pos_get 54
total recall stop_at 1.0
@@@ C - Repeat number: 2
@@@ D - common_header:  {'F120', 'category', 'F116', 'F110', 'F117', 'F115'}
                 F116          ...                           F115
1  0.3333333333333333          ...           -0.42857142857142855
2                -1.0          ...           -0.42857142857142855
3                -0.5          ...           -0.42857142857142855

[3 rows x 5 columns]
;.;
       F116      F117      F120      F110      F115
0  0.666667  0.454545  0.624045  0.454545  0.285714
1  0.000000  0.000000  0.499164  0.000000  0.285714
2  0.250000  0.049180  0.624045  0.049180  0.285714
training_x: (1229, 5)
training_y: 1229
testset_x: (1115, 5)
testset_y: 1115
              precision    recall  f1-score   support

           0       1.00      1.00      1.00      1061
           1       0.93      0.96      0.95        54

    accuracy                           0.99      1115
   macro avg       0.96      0.98      0.97      1115
weighted avg       0.99      0.99      0.99      1115

accuracy: 0.9946188340807175
0.9454545454545454
@@@ tn: 1057, fp: 4, fn: 2, tp: 52
@@@ LIME - Creating explainer
@@@ LIME - Random Sampling of Instances
iter: 0, sample_no: 753, actual label: 0, predicted: 0
iter: 1, sample_no: 1011, actual label: 0, predicted: 0
iter: 2, sample_no: 1047, actual label: 1, predicted: 1
iter: 3, sample_no: 940, actual label: 0, predicted: 0
iter: 4, sample_no: 622, actual label: 0, predicted: 0
iter: 5, sample_no: 1071, actual label: 0, predicted: 0
iter: 6, sample_no: 206, actual label: 0, predicted: 0
iter: 7, sample_no: 976, actual label: 0, predicted: 0
iter: 8, sample_no: 493, actual label: 1, predicted: 1
iter: 9, sample_no: 192, actual label: 0, predicted: 0
iter: 10, sample_no: 535, actual label: 0, predicted: 0
iter: 11, sample_no: 704, actual label: 0, predicted: 0
iter: 12, sample_no: 648, actual label: 0, predicted: 0
iter: 13, sample_no: 101, actual label: 0, predicted: 0
iter: 14, sample_no: 994, actual label: 0, predicted: 0
iter: 15, sample_no: 984, actual label: 0, predicted: 0
iter: 16, sample_no: 255, actual label: 0, predicted: 0
iter: 17, sample_no: 181, actual label: 0, predicted: 0
iter: 18, sample_no: 312, actual label: 0, predicted: 0
iter: 19, sample_no: 782, actual label: 0, predicted: 0
iter: 20, sample_no: 55, actual label: 0, predicted: 0
iter: 21, sample_no: 1113, actual label: 0, predicted: 0
iter: 22, sample_no: 1076, actual label: 0, predicted: 0
iter: 23, sample_no: 1100, actual label: 0, predicted: 0
iter: 24, sample_no: 727, actual label: 0, predicted: 0
number of samples: 1115
AUC 0.9962386986420917
pos_get 54
total recall stop_at 1.0
@@@ C - Repeat number: 3
@@@ D - common_header:  {'F120', 'category', 'F116', 'F110', 'F117', 'F115'}
                 F116          ...                           F115
1  0.3333333333333333          ...           -0.42857142857142855
2                -1.0          ...           -0.42857142857142855
3                -0.5          ...           -0.42857142857142855

[3 rows x 5 columns]
;.;
       F116      F117      F120      F110      F115
0  0.666667  0.454545  0.624045  0.454545  0.285714
1  0.000000  0.000000  0.499164  0.000000  0.285714
2  0.250000  0.049180  0.624045  0.049180  0.285714
training_x: (1229, 5)
training_y: 1229
testset_x: (1115, 5)
testset_y: 1115
              precision    recall  f1-score   support

           0       1.00      1.00      1.00      1061
           1       0.93      0.96      0.95        54

    accuracy                           0.99      1115
   macro avg       0.96      0.98      0.97      1115
weighted avg       0.99      0.99      0.99      1115

accuracy: 0.9946188340807175
0.9454545454545454
@@@ tn: 1057, fp: 4, fn: 2, tp: 52
@@@ LIME - Creating explainer
@@@ LIME - Random Sampling of Instances
iter: 0, sample_no: 414, actual label: 0, predicted: 0
iter: 1, sample_no: 474, actual label: 0, predicted: 0
iter: 2, sample_no: 856, actual label: 0, predicted: 0
iter: 3, sample_no: 113, actual label: 0, predicted: 0
iter: 4, sample_no: 30, actual label: 0, predicted: 0
iter: 5, sample_no: 175, actual label: 0, predicted: 0
iter: 6, sample_no: 668, actual label: 0, predicted: 0
iter: 7, sample_no: 598, actual label: 0, predicted: 0
iter: 8, sample_no: 925, actual label: 0, predicted: 0
iter: 9, sample_no: 899, actual label: 0, predicted: 0
iter: 10, sample_no: 888, actual label: 0, predicted: 0
iter: 11, sample_no: 644, actual label: 1, predicted: 1
iter: 12, sample_no: 170, actual label: 0, predicted: 0
iter: 13, sample_no: 240, actual label: 0, predicted: 0
iter: 14, sample_no: 724, actual label: 0, predicted: 0
iter: 15, sample_no: 1042, actual label: 0, predicted: 0
iter: 16, sample_no: 515, actual label: 0, predicted: 0
iter: 17, sample_no: 717, actual label: 0, predicted: 0
iter: 18, sample_no: 484, actual label: 0, predicted: 0
iter: 19, sample_no: 197, actual label: 0, predicted: 0
iter: 20, sample_no: 1000, actual label: 0, predicted: 0
iter: 21, sample_no: 301, actual label: 0, predicted: 0
iter: 22, sample_no: 1083, actual label: 0, predicted: 0
iter: 23, sample_no: 446, actual label: 0, predicted: 0
iter: 24, sample_no: 604, actual label: 0, predicted: 0
number of samples: 1115
AUC 0.9962386986420917
pos_get 54
total recall stop_at 1.0
@@@ C - Repeat number: 4
@@@ D - common_header:  {'F120', 'category', 'F116', 'F110', 'F117', 'F115'}
                 F116          ...                           F115
1  0.3333333333333333          ...           -0.42857142857142855
2                -1.0          ...           -0.42857142857142855
3                -0.5          ...           -0.42857142857142855

[3 rows x 5 columns]
;.;
       F116      F117      F120      F110      F115
0  0.666667  0.454545  0.624045  0.454545  0.285714
1  0.000000  0.000000  0.499164  0.000000  0.285714
2  0.250000  0.049180  0.624045  0.049180  0.285714
training_x: (1229, 5)
training_y: 1229
testset_x: (1115, 5)
testset_y: 1115
              precision    recall  f1-score   support

           0       1.00      1.00      1.00      1061
           1       0.93      0.96      0.95        54

    accuracy                           0.99      1115
   macro avg       0.96      0.98      0.97      1115
weighted avg       0.99      0.99      0.99      1115

accuracy: 0.9946188340807175
0.9454545454545454
@@@ tn: 1057, fp: 4, fn: 2, tp: 52
@@@ LIME - Creating explainer
@@@ LIME - Random Sampling of Instances
iter: 0, sample_no: 837, actual label: 0, predicted: 0
iter: 1, sample_no: 220, actual label: 0, predicted: 0
iter: 2, sample_no: 418, actual label: 0, predicted: 0
iter: 3, sample_no: 513, actual label: 0, predicted: 0
iter: 4, sample_no: 141, actual label: 0, predicted: 0
iter: 5, sample_no: 72, actual label: 0, predicted: 0
iter: 6, sample_no: 1064, actual label: 0, predicted: 0
iter: 7, sample_no: 168, actual label: 0, predicted: 0
iter: 8, sample_no: 301, actual label: 0, predicted: 0
iter: 9, sample_no: 53, actual label: 0, predicted: 0
iter: 10, sample_no: 805, actual label: 0, predicted: 0
iter: 11, sample_no: 48, actual label: 0, predicted: 0
iter: 12, sample_no: 968, actual label: 0, predicted: 0
iter: 13, sample_no: 722, actual label: 0, predicted: 0
iter: 14, sample_no: 352, actual label: 0, predicted: 0
iter: 15, sample_no: 654, actual label: 0, predicted: 0
iter: 16, sample_no: 76, actual label: 0, predicted: 0
iter: 17, sample_no: 408, actual label: 0, predicted: 0
iter: 18, sample_no: 1068, actual label: 0, predicted: 0
iter: 19, sample_no: 742, actual label: 0, predicted: 0
iter: 20, sample_no: 805, actual label: 0, predicted: 0
iter: 21, sample_no: 437, actual label: 0, predicted: 0
iter: 22, sample_no: 214, actual label: 0, predicted: 0
iter: 23, sample_no: 969, actual label: 0, predicted: 0
iter: 24, sample_no: 1011, actual label: 0, predicted: 0
number of samples: 1115
AUC 0.9962386986420917
pos_get 54
total recall stop_at 1.0
@@@ C - Repeat number: 5
@@@ D - common_header:  {'F120', 'category', 'F116', 'F110', 'F117', 'F115'}
                 F116          ...                           F115
1  0.3333333333333333          ...           -0.42857142857142855
2                -1.0          ...           -0.42857142857142855
3                -0.5          ...           -0.42857142857142855

[3 rows x 5 columns]
;.;
       F116      F117      F120      F110      F115
0  0.666667  0.454545  0.624045  0.454545  0.285714
1  0.000000  0.000000  0.499164  0.000000  0.285714
2  0.250000  0.049180  0.624045  0.049180  0.285714
training_x: (1229, 5)
training_y: 1229
testset_x: (1115, 5)
testset_y: 1115
              precision    recall  f1-score   support

           0       1.00      1.00      1.00      1061
           1       0.93      0.96      0.95        54

    accuracy                           0.99      1115
   macro avg       0.96      0.98      0.97      1115
weighted avg       0.99      0.99      0.99      1115

accuracy: 0.9946188340807175
0.9454545454545454
@@@ tn: 1057, fp: 4, fn: 2, tp: 52
@@@ LIME - Creating explainer
@@@ LIME - Random Sampling of Instances
iter: 0, sample_no: 327, actual label: 0, predicted: 0
iter: 1, sample_no: 48, actual label: 0, predicted: 0
iter: 2, sample_no: 103, actual label: 0, predicted: 0
iter: 3, sample_no: 556, actual label: 0, predicted: 0
iter: 4, sample_no: 293, actual label: 0, predicted: 0
iter: 5, sample_no: 912, actual label: 1, predicted: 0
iter: 6, sample_no: 700, actual label: 0, predicted: 0
iter: 7, sample_no: 52, actual label: 0, predicted: 0
iter: 8, sample_no: 251, actual label: 0, predicted: 0
iter: 9, sample_no: 346, actual label: 0, predicted: 0
iter: 10, sample_no: 152, actual label: 1, predicted: 1
iter: 11, sample_no: 661, actual label: 0, predicted: 0
iter: 12, sample_no: 200, actual label: 0, predicted: 0
iter: 13, sample_no: 464, actual label: 1, predicted: 1
iter: 14, sample_no: 674, actual label: 0, predicted: 0
iter: 15, sample_no: 454, actual label: 0, predicted: 0
iter: 16, sample_no: 936, actual label: 0, predicted: 0
iter: 17, sample_no: 691, actual label: 0, predicted: 0
iter: 18, sample_no: 262, actual label: 0, predicted: 0
iter: 19, sample_no: 401, actual label: 0, predicted: 0
iter: 20, sample_no: 126, actual label: 0, predicted: 0
iter: 21, sample_no: 964, actual label: 0, predicted: 0
iter: 22, sample_no: 785, actual label: 0, predicted: 0
iter: 23, sample_no: 957, actual label: 0, predicted: 0
iter: 24, sample_no: 439, actual label: 0, predicted: 0
number of samples: 1115
AUC 0.9962386986420917
pos_get 54
total recall stop_at 1.0
@@@ C - Repeat number: 6
@@@ D - common_header:  {'F120', 'category', 'F116', 'F110', 'F117', 'F115'}
                 F116          ...                           F115
1  0.3333333333333333          ...           -0.42857142857142855
2                -1.0          ...           -0.42857142857142855
3                -0.5          ...           -0.42857142857142855

[3 rows x 5 columns]
;.;
       F116      F117      F120      F110      F115
0  0.666667  0.454545  0.624045  0.454545  0.285714
1  0.000000  0.000000  0.499164  0.000000  0.285714
2  0.250000  0.049180  0.624045  0.049180  0.285714
training_x: (1229, 5)
training_y: 1229
testset_x: (1115, 5)
testset_y: 1115
              precision    recall  f1-score   support

           0       1.00      1.00      1.00      1061
           1       0.93      0.96      0.95        54

    accuracy                           0.99      1115
   macro avg       0.96      0.98      0.97      1115
weighted avg       0.99      0.99      0.99      1115

accuracy: 0.9946188340807175
0.9454545454545454
@@@ tn: 1057, fp: 4, fn: 2, tp: 52
@@@ LIME - Creating explainer
@@@ LIME - Random Sampling of Instances
iter: 0, sample_no: 563, actual label: 0, predicted: 0
iter: 1, sample_no: 620, actual label: 0, predicted: 0
iter: 2, sample_no: 315, actual label: 0, predicted: 0
iter: 3, sample_no: 455, actual label: 0, predicted: 0
iter: 4, sample_no: 592, actual label: 0, predicted: 0
iter: 5, sample_no: 1050, actual label: 0, predicted: 0
iter: 6, sample_no: 773, actual label: 0, predicted: 0
iter: 7, sample_no: 108, actual label: 0, predicted: 0
iter: 8, sample_no: 175, actual label: 0, predicted: 0
iter: 9, sample_no: 558, actual label: 0, predicted: 0
iter: 10, sample_no: 264, actual label: 0, predicted: 0
iter: 11, sample_no: 155, actual label: 0, predicted: 0
iter: 12, sample_no: 108, actual label: 0, predicted: 0
iter: 13, sample_no: 127, actual label: 0, predicted: 0
iter: 14, sample_no: 513, actual label: 0, predicted: 0
iter: 15, sample_no: 378, actual label: 0, predicted: 0
iter: 16, sample_no: 898, actual label: 0, predicted: 0
iter: 17, sample_no: 468, actual label: 0, predicted: 0
iter: 18, sample_no: 635, actual label: 0, predicted: 0
iter: 19, sample_no: 762, actual label: 0, predicted: 0
iter: 20, sample_no: 947, actual label: 0, predicted: 0
iter: 21, sample_no: 406, actual label: 0, predicted: 0
iter: 22, sample_no: 37, actual label: 0, predicted: 0
iter: 23, sample_no: 421, actual label: 0, predicted: 0
iter: 24, sample_no: 704, actual label: 0, predicted: 0
number of samples: 1115
AUC 0.9962386986420917
pos_get 54
total recall stop_at 1.0
@@@ C - Repeat number: 7
@@@ D - common_header:  {'F120', 'category', 'F116', 'F110', 'F117', 'F115'}
                 F116          ...                           F115
1  0.3333333333333333          ...           -0.42857142857142855
2                -1.0          ...           -0.42857142857142855
3                -0.5          ...           -0.42857142857142855

[3 rows x 5 columns]
;.;
       F116      F117      F120      F110      F115
0  0.666667  0.454545  0.624045  0.454545  0.285714
1  0.000000  0.000000  0.499164  0.000000  0.285714
2  0.250000  0.049180  0.624045  0.049180  0.285714
training_x: (1229, 5)
training_y: 1229
testset_x: (1115, 5)
testset_y: 1115
              precision    recall  f1-score   support

           0       1.00      1.00      1.00      1061
           1       0.93      0.96      0.95        54

    accuracy                           0.99      1115
   macro avg       0.96      0.98      0.97      1115
weighted avg       0.99      0.99      0.99      1115

accuracy: 0.9946188340807175
0.9454545454545454
@@@ tn: 1057, fp: 4, fn: 2, tp: 52
@@@ LIME - Creating explainer
@@@ LIME - Random Sampling of Instances
iter: 0, sample_no: 424, actual label: 0, predicted: 0
iter: 1, sample_no: 50, actual label: 0, predicted: 0
iter: 2, sample_no: 1019, actual label: 0, predicted: 0
iter: 3, sample_no: 683, actual label: 0, predicted: 0
iter: 4, sample_no: 551, actual label: 0, predicted: 0
iter: 5, sample_no: 42, actual label: 0, predicted: 0
iter: 6, sample_no: 566, actual label: 0, predicted: 0
iter: 7, sample_no: 452, actual label: 0, predicted: 0
iter: 8, sample_no: 889, actual label: 0, predicted: 0
iter: 9, sample_no: 720, actual label: 0, predicted: 0
iter: 10, sample_no: 682, actual label: 0, predicted: 0
iter: 11, sample_no: 563, actual label: 0, predicted: 0
iter: 12, sample_no: 553, actual label: 0, predicted: 0
iter: 13, sample_no: 219, actual label: 0, predicted: 0
iter: 14, sample_no: 864, actual label: 0, predicted: 0
iter: 15, sample_no: 203, actual label: 0, predicted: 0
iter: 16, sample_no: 861, actual label: 0, predicted: 0
iter: 17, sample_no: 85, actual label: 0, predicted: 0
iter: 18, sample_no: 647, actual label: 0, predicted: 0
iter: 19, sample_no: 213, actual label: 0, predicted: 0
iter: 20, sample_no: 980, actual label: 0, predicted: 0
iter: 21, sample_no: 1055, actual label: 0, predicted: 0
iter: 22, sample_no: 406, actual label: 0, predicted: 0
iter: 23, sample_no: 406, actual label: 0, predicted: 0
iter: 24, sample_no: 1025, actual label: 0, predicted: 0
number of samples: 1115
AUC 0.9962386986420917
pos_get 54
total recall stop_at 1.0
@@@ C - Repeat number: 8
@@@ D - common_header:  {'F120', 'category', 'F116', 'F110', 'F117', 'F115'}
                 F116          ...                           F115
1  0.3333333333333333          ...           -0.42857142857142855
2                -1.0          ...           -0.42857142857142855
3                -0.5          ...           -0.42857142857142855

[3 rows x 5 columns]
;.;
       F116      F117      F120      F110      F115
0  0.666667  0.454545  0.624045  0.454545  0.285714
1  0.000000  0.000000  0.499164  0.000000  0.285714
2  0.250000  0.049180  0.624045  0.049180  0.285714
training_x: (1229, 5)
training_y: 1229
testset_x: (1115, 5)
testset_y: 1115
              precision    recall  f1-score   support

           0       1.00      1.00      1.00      1061
           1       0.93      0.96      0.95        54

    accuracy                           0.99      1115
   macro avg       0.96      0.98      0.97      1115
weighted avg       0.99      0.99      0.99      1115

accuracy: 0.9946188340807175
0.9454545454545454
@@@ tn: 1057, fp: 4, fn: 2, tp: 52
@@@ LIME - Creating explainer
@@@ LIME - Random Sampling of Instances
iter: 0, sample_no: 109, actual label: 0, predicted: 0
iter: 1, sample_no: 45, actual label: 0, predicted: 0
iter: 2, sample_no: 653, actual label: 0, predicted: 0
iter: 3, sample_no: 837, actual label: 0, predicted: 0
iter: 4, sample_no: 256, actual label: 0, predicted: 0
iter: 5, sample_no: 115, actual label: 0, predicted: 0
iter: 6, sample_no: 481, actual label: 0, predicted: 0
iter: 7, sample_no: 688, actual label: 1, predicted: 1
iter: 8, sample_no: 456, actual label: 0, predicted: 0
iter: 9, sample_no: 600, actual label: 0, predicted: 0
iter: 10, sample_no: 984, actual label: 0, predicted: 0
iter: 11, sample_no: 434, actual label: 0, predicted: 0
iter: 12, sample_no: 992, actual label: 0, predicted: 0
iter: 13, sample_no: 1047, actual label: 1, predicted: 1
iter: 14, sample_no: 141, actual label: 0, predicted: 0
iter: 15, sample_no: 13, actual label: 0, predicted: 0
iter: 16, sample_no: 114, actual label: 0, predicted: 0
iter: 17, sample_no: 585, actual label: 0, predicted: 0
iter: 18, sample_no: 161, actual label: 0, predicted: 0
iter: 19, sample_no: 1020, actual label: 0, predicted: 0
iter: 20, sample_no: 256, actual label: 0, predicted: 0
iter: 21, sample_no: 914, actual label: 0, predicted: 0
iter: 22, sample_no: 990, actual label: 0, predicted: 0
iter: 23, sample_no: 753, actual label: 0, predicted: 0
iter: 24, sample_no: 168, actual label: 0, predicted: 0
number of samples: 1115
AUC 0.9962386986420917
pos_get 54
total recall stop_at 1.0
@@@ C - Repeat number: 9
@@@ D - common_header:  {'F120', 'category', 'F116', 'F110', 'F117', 'F115'}
                 F116          ...                           F115
1  0.3333333333333333          ...           -0.42857142857142855
2                -1.0          ...           -0.42857142857142855
3                -0.5          ...           -0.42857142857142855

[3 rows x 5 columns]
;.;
       F116      F117      F120      F110      F115
0  0.666667  0.454545  0.624045  0.454545  0.285714
1  0.000000  0.000000  0.499164  0.000000  0.285714
2  0.250000  0.049180  0.624045  0.049180  0.285714
training_x: (1229, 5)
training_y: 1229
testset_x: (1115, 5)
testset_y: 1115
              precision    recall  f1-score   support

           0       1.00      1.00      1.00      1061
           1       0.93      0.96      0.95        54

    accuracy                           0.99      1115
   macro avg       0.96      0.98      0.97      1115
weighted avg       0.99      0.99      0.99      1115

accuracy: 0.9946188340807175
0.9454545454545454
@@@ tn: 1057, fp: 4, fn: 2, tp: 52
@@@ LIME - Creating explainer
@@@ LIME - Random Sampling of Instances
iter: 0, sample_no: 57, actual label: 0, predicted: 0
iter: 1, sample_no: 980, actual label: 0, predicted: 0
iter: 2, sample_no: 864, actual label: 0, predicted: 0
iter: 3, sample_no: 1096, actual label: 0, predicted: 0
iter: 4, sample_no: 1110, actual label: 0, predicted: 0
iter: 5, sample_no: 366, actual label: 0, predicted: 0
iter: 6, sample_no: 114, actual label: 0, predicted: 0
iter: 7, sample_no: 913, actual label: 0, predicted: 0
iter: 8, sample_no: 1033, actual label: 0, predicted: 0
iter: 9, sample_no: 721, actual label: 0, predicted: 0
iter: 10, sample_no: 762, actual label: 0, predicted: 0
iter: 11, sample_no: 435, actual label: 0, predicted: 0
iter: 12, sample_no: 331, actual label: 0, predicted: 0
iter: 13, sample_no: 466, actual label: 0, predicted: 0
iter: 14, sample_no: 833, actual label: 0, predicted: 0
iter: 15, sample_no: 947, actual label: 0, predicted: 0
iter: 16, sample_no: 97, actual label: 0, predicted: 0
iter: 17, sample_no: 1056, actual label: 0, predicted: 0
iter: 18, sample_no: 991, actual label: 0, predicted: 0
iter: 19, sample_no: 208, actual label: 0, predicted: 0
iter: 20, sample_no: 434, actual label: 0, predicted: 0
iter: 21, sample_no: 713, actual label: 0, predicted: 0
iter: 22, sample_no: 1113, actual label: 0, predicted: 0
iter: 23, sample_no: 416, actual label: 0, predicted: 0
iter: 24, sample_no: 988, actual label: 0, predicted: 0
number of samples: 1115
AUC 0.9962386986420917
pos_get 54
total recall stop_at 1.0
@@@ C - Repeat number: 10
@@@ D - common_header:  {'F120', 'category', 'F116', 'F110', 'F117', 'F115'}
                 F116          ...                           F115
1  0.3333333333333333          ...           -0.42857142857142855
2                -1.0          ...           -0.42857142857142855
3                -0.5          ...           -0.42857142857142855

[3 rows x 5 columns]
;.;
       F116      F117      F120      F110      F115
0  0.666667  0.454545  0.624045  0.454545  0.285714
1  0.000000  0.000000  0.499164  0.000000  0.285714
2  0.250000  0.049180  0.624045  0.049180  0.285714
training_x: (1229, 5)
training_y: 1229
testset_x: (1115, 5)
testset_y: 1115
              precision    recall  f1-score   support

           0       1.00      1.00      1.00      1061
           1       0.93      0.96      0.95        54

    accuracy                           0.99      1115
   macro avg       0.96      0.98      0.97      1115
weighted avg       0.99      0.99      0.99      1115

accuracy: 0.9946188340807175
0.9454545454545454
@@@ tn: 1057, fp: 4, fn: 2, tp: 52
@@@ LIME - Creating explainer
@@@ LIME - Random Sampling of Instances
/Users/author1/anaconda3/lib/python3.6/site-packages/tensorflow/python/framework/dtypes.py:463: FutureWarning: Passing (type, 1) or '1type' as a synonym of type is deprecated; in a future version of numpy, it will be understood as (type, (1,)) / '(1,)type'.
  _np_qint8 = np.dtype([("qint8", np.int8, 1)])
/Users/author1/anaconda3/lib/python3.6/site-packages/tensorflow/python/framework/dtypes.py:464: FutureWarning: Passing (type, 1) or '1type' as a synonym of type is deprecated; in a future version of numpy, it will be understood as (type, (1,)) / '(1,)type'.
  _np_quint8 = np.dtype([("quint8", np.uint8, 1)])
/Users/author1/anaconda3/lib/python3.6/site-packages/tensorflow/python/framework/dtypes.py:465: FutureWarning: Passing (type, 1) or '1type' as a synonym of type is deprecated; in a future version of numpy, it will be understood as (type, (1,)) / '(1,)type'.
  _np_qint16 = np.dtype([("qint16", np.int16, 1)])
/Users/author1/anaconda3/lib/python3.6/site-packages/tensorflow/python/framework/dtypes.py:466: FutureWarning: Passing (type, 1) or '1type' as a synonym of type is deprecated; in a future version of numpy, it will be understood as (type, (1,)) / '(1,)type'.
  _np_quint16 = np.dtype([("quint16", np.uint16, 1)])
/Users/author1/anaconda3/lib/python3.6/site-packages/tensorflow/python/framework/dtypes.py:467: FutureWarning: Passing (type, 1) or '1type' as a synonym of type is deprecated; in a future version of numpy, it will be understood as (type, (1,)) / '(1,)type'.
  _np_qint32 = np.dtype([("qint32", np.int32, 1)])
iter: 0, sample_no: 779, actual label: 0, predicted: 0
iter: 1, sample_no: 516, actual label: 0, predicted: 0
iter: 2, sample_no: 186, actual label: 0, predicted: 0
iter: 3, sample_no: 723, actual label: 0, predicted: 0
iter: 4, sample_no: 51, actual label: 0, predicted: 0
iter: 5, sample_no: 566, actual label: 0, predicted: 0
iter: 6, sample_no: 1001, actual label: 0, predicted: 0
iter: 7, sample_no: 211, actual label: 0, predicted: 0
iter: 8, sample_no: 600, actual label: 0, predicted: 0
iter: 9, sample_no: 216, actual label: 0, predicted: 0
iter: 10, sample_no: 912, actual label: 1, predicted: 0
iter: 11, sample_no: 651, actual label: 0, predicted: 0
iter: 12, sample_no: 421, actual label: 0, predicted: 0
iter: 13, sample_no: 860, actual label: 0, predicted: 0
iter: 14, sample_no: 183, actual label: 0, predicted: 0
iter: 15, sample_no: 439, actual label: 0, predicted: 0
iter: 16, sample_no: 843, actual label: 0, predicted: 0
iter: 17, sample_no: 367, actual label: 0, predicted: 0
iter: 18, sample_no: 246, actual label: 0, predicted: 0
iter: 19, sample_no: 99, actual label: 0, predicted: 0
iter: 20, sample_no: 867, actual label: 0, predicted: 0
iter: 21, sample_no: 528, actual label: 0, predicted: 0
iter: 22, sample_no: 134, actual label: 0, predicted: 0
iter: 23, sample_no: 173, actual label: 0, predicted: 0
iter: 24, sample_no: 72, actual label: 0, predicted: 0
number of samples: 1115
AUC 0.9962386986420917
pos_get 54
total recall stop_at 1.0
----------threshold stop at----------: 1
AUC [0.9962386986420917, 0.9962386986420917, 0.9962386986420917, 0.9962386986420917, 0.9962386986420917, 0.9962386986420917, 0.9962386986420917, 0.9962386986420917, 0.9962386986420917, 0.9962386986420917]
AUC_median 0.9962386986420917
AUC_iqr 0.0
cost [0.22511210762331837, 0.22511210762331837, 0.22511210762331837, 0.22511210762331837, 0.22511210762331837, 0.22511210762331837, 0.22511210762331837, 0.22511210762331837, 0.22511210762331837, 0.22511210762331837]
COST_med 0.22511210762331837
COST_iqr 0.0
f1_pos_list [0.9454545454545454, 0.9454545454545454, 0.9454545454545454, 0.9454545454545454, 0.9454545454545454, 0.9454545454545454, 0.9454545454545454, 0.9454545454545454, 0.9454545454545454, 0.9454545454545454]
f1_pos_med 0.9454545454545454
