@@@ A - classifier: SVC(C=1.0, break_ties=False, cache_size=200, class_weight='balanced', coef0=0.0,
    decision_function_shape='ovr', degree=3, gamma='scale', kernel='linear',
    max_iter=-1, probability=True, random_state=None, shrinking=True, tol=0.001,
    verbose=False)
@@@ B - threshold stop at: 1
@@@ C - Repeat number: 1
@@@ D - common_header:  {'category', 'F110', 'F120', 'F115', 'F116', 'F117'}
   F116 F117                 F120  F110  F115
1  -0.5  0.0  0.15591308057414213  -1.0  -1.0
2  -0.5  0.0  0.15591308057414213  -1.0  -1.0
3  -0.5  0.0  0.15591308057414213  -1.0  -1.0
;.;
   F116  F117  F120  F110  F115
0  0.25   0.0   1.0   0.0   0.0
1  0.25   0.0   1.0   0.0   0.0
2  0.25   0.0   1.0   0.0   0.0
training_x: (2479, 5)
training_y: 2479
testset_x: (2507, 5)
testset_y: 2507
              precision    recall  f1-score   support

           0       1.00      0.99      0.99      2386
           1       0.81      0.95      0.87       121

    accuracy                           0.99      2507
   macro avg       0.90      0.97      0.93      2507
weighted avg       0.99      0.99      0.99      2507

accuracy: 0.9868368568009573
0.8745247148288974
@@@ tn: 2359, fp: 27, fn: 6, tp: 115
@@@ LIME - Creating explainer
@@@ LIME - Random Sampling of Instances
iter: 0, sample_no: 2303, actual label: 0, predicted: 0
iter: 1, sample_no: 569, actual label: 0, predicted: 0
iter: 2, sample_no: 2159, actual label: 0, predicted: 0
iter: 3, sample_no: 2183, actual label: 0, predicted: 0
iter: 4, sample_no: 967, actual label: 0, predicted: 0
iter: 5, sample_no: 594, actual label: 0, predicted: 0
iter: 6, sample_no: 129, actual label: 0, predicted: 0
iter: 7, sample_no: 708, actual label: 0, predicted: 0
iter: 8, sample_no: 868, actual label: 0, predicted: 0
iter: 9, sample_no: 1244, actual label: 0, predicted: 0
iter: 10, sample_no: 388, actual label: 0, predicted: 0
iter: 11, sample_no: 846, actual label: 0, predicted: 0
iter: 12, sample_no: 1136, actual label: 0, predicted: 0
iter: 13, sample_no: 341, actual label: 0, predicted: 0
iter: 14, sample_no: 1150, actual label: 0, predicted: 0
iter: 15, sample_no: 1538, actual label: 0, predicted: 0
iter: 16, sample_no: 178, actual label: 0, predicted: 0
iter: 17, sample_no: 1180, actual label: 0, predicted: 0
iter: 18, sample_no: 1975, actual label: 0, predicted: 0
iter: 19, sample_no: 1841, actual label: 0, predicted: 0
iter: 20, sample_no: 907, actual label: 0, predicted: 0
iter: 21, sample_no: 248, actual label: 0, predicted: 0
iter: 22, sample_no: 2041, actual label: 0, predicted: 0
iter: 23, sample_no: 159, actual label: 0, predicted: 0
iter: 24, sample_no: 1453, actual label: 0, predicted: 0
number of samples: 2507
AUC 0.9975113090825961
pos_get 121
total recall stop_at 1.0
@@@ C - Repeat number: 2
@@@ D - common_header:  {'category', 'F110', 'F120', 'F115', 'F116', 'F117'}
   F116 F117                 F120  F110  F115
1  -0.5  0.0  0.15591308057414213  -1.0  -1.0
2  -0.5  0.0  0.15591308057414213  -1.0  -1.0
3  -0.5  0.0  0.15591308057414213  -1.0  -1.0
;.;
   F116  F117  F120  F110  F115
0  0.25   0.0   1.0   0.0   0.0
1  0.25   0.0   1.0   0.0   0.0
2  0.25   0.0   1.0   0.0   0.0
training_x: (2479, 5)
training_y: 2479
testset_x: (2507, 5)
testset_y: 2507
              precision    recall  f1-score   support

           0       1.00      0.99      0.99      2386
           1       0.81      0.95      0.87       121

    accuracy                           0.99      2507
   macro avg       0.90      0.97      0.93      2507
weighted avg       0.99      0.99      0.99      2507

accuracy: 0.9868368568009573
0.8745247148288974
@@@ tn: 2359, fp: 27, fn: 6, tp: 115
@@@ LIME - Creating explainer
@@@ LIME - Random Sampling of Instances
iter: 0, sample_no: 1197, actual label: 0, predicted: 0
iter: 1, sample_no: 858, actual label: 0, predicted: 0
iter: 2, sample_no: 1314, actual label: 1, predicted: 1
iter: 3, sample_no: 998, actual label: 0, predicted: 0
iter: 4, sample_no: 1696, actual label: 0, predicted: 0
iter: 5, sample_no: 1362, actual label: 0, predicted: 0
iter: 6, sample_no: 1647, actual label: 0, predicted: 0
iter: 7, sample_no: 334, actual label: 0, predicted: 0
iter: 8, sample_no: 1165, actual label: 0, predicted: 0
iter: 9, sample_no: 1116, actual label: 0, predicted: 0
iter: 10, sample_no: 2342, actual label: 0, predicted: 0
iter: 11, sample_no: 1104, actual label: 0, predicted: 0
iter: 12, sample_no: 1801, actual label: 0, predicted: 0
iter: 13, sample_no: 1499, actual label: 0, predicted: 0
iter: 14, sample_no: 2175, actual label: 0, predicted: 0
iter: 15, sample_no: 1011, actual label: 0, predicted: 0
iter: 16, sample_no: 1896, actual label: 0, predicted: 0
iter: 17, sample_no: 802, actual label: 0, predicted: 0
iter: 18, sample_no: 272, actual label: 0, predicted: 0
iter: 19, sample_no: 370, actual label: 0, predicted: 0
iter: 20, sample_no: 641, actual label: 0, predicted: 0
iter: 21, sample_no: 1626, actual label: 1, predicted: 1
iter: 22, sample_no: 134, actual label: 0, predicted: 0
iter: 23, sample_no: 2229, actual label: 0, predicted: 0
iter: 24, sample_no: 1720, actual label: 0, predicted: 0
number of samples: 2507
AUC 0.9975217002764057
pos_get 121
total recall stop_at 1.0
@@@ C - Repeat number: 3
@@@ D - common_header:  {'category', 'F110', 'F120', 'F115', 'F116', 'F117'}
   F116 F117                 F120  F110  F115
1  -0.5  0.0  0.15591308057414213  -1.0  -1.0
2  -0.5  0.0  0.15591308057414213  -1.0  -1.0
3  -0.5  0.0  0.15591308057414213  -1.0  -1.0
;.;
   F116  F117  F120  F110  F115
0  0.25   0.0   1.0   0.0   0.0
1  0.25   0.0   1.0   0.0   0.0
2  0.25   0.0   1.0   0.0   0.0
training_x: (2479, 5)
training_y: 2479
testset_x: (2507, 5)
testset_y: 2507
              precision    recall  f1-score   support

           0       1.00      0.99      0.99      2386
           1       0.81      0.95      0.87       121

    accuracy                           0.99      2507
   macro avg       0.90      0.97      0.93      2507
weighted avg       0.99      0.99      0.99      2507

accuracy: 0.9868368568009573
0.8745247148288974
@@@ tn: 2359, fp: 27, fn: 6, tp: 115
@@@ LIME - Creating explainer
@@@ LIME - Random Sampling of Instances
iter: 0, sample_no: 2462, actual label: 0, predicted: 0
iter: 1, sample_no: 478, actual label: 0, predicted: 0
iter: 2, sample_no: 540, actual label: 0, predicted: 0
iter: 3, sample_no: 1324, actual label: 0, predicted: 0
iter: 4, sample_no: 1211, actual label: 0, predicted: 0
iter: 5, sample_no: 1635, actual label: 1, predicted: 1
iter: 6, sample_no: 1385, actual label: 0, predicted: 0
iter: 7, sample_no: 1346, actual label: 0, predicted: 0
iter: 8, sample_no: 2029, actual label: 0, predicted: 0
iter: 9, sample_no: 2379, actual label: 0, predicted: 0
iter: 10, sample_no: 556, actual label: 0, predicted: 0
iter: 11, sample_no: 1411, actual label: 0, predicted: 0
iter: 12, sample_no: 107, actual label: 0, predicted: 0
iter: 13, sample_no: 1178, actual label: 0, predicted: 0
iter: 14, sample_no: 129, actual label: 0, predicted: 0
iter: 15, sample_no: 2394, actual label: 1, predicted: 1
iter: 16, sample_no: 997, actual label: 0, predicted: 0
iter: 17, sample_no: 2347, actual label: 0, predicted: 0
iter: 18, sample_no: 1459, actual label: 0, predicted: 0
iter: 19, sample_no: 1769, actual label: 0, predicted: 0
iter: 20, sample_no: 1714, actual label: 0, predicted: 0
iter: 21, sample_no: 2463, actual label: 0, predicted: 0
iter: 22, sample_no: 1355, actual label: 0, predicted: 0
iter: 23, sample_no: 1374, actual label: 0, predicted: 0
iter: 24, sample_no: 298, actual label: 0, predicted: 0
number of samples: 2507
AUC 0.9975113090825961
pos_get 121
total recall stop_at 1.0
@@@ C - Repeat number: 4
@@@ D - common_header:  {'category', 'F110', 'F120', 'F115', 'F116', 'F117'}
   F116 F117                 F120  F110  F115
1  -0.5  0.0  0.15591308057414213  -1.0  -1.0
2  -0.5  0.0  0.15591308057414213  -1.0  -1.0
3  -0.5  0.0  0.15591308057414213  -1.0  -1.0
;.;
   F116  F117  F120  F110  F115
0  0.25   0.0   1.0   0.0   0.0
1  0.25   0.0   1.0   0.0   0.0
2  0.25   0.0   1.0   0.0   0.0
training_x: (2479, 5)
training_y: 2479
testset_x: (2507, 5)
testset_y: 2507
              precision    recall  f1-score   support

           0       1.00      0.99      0.99      2386
           1       0.81      0.95      0.87       121

    accuracy                           0.99      2507
   macro avg       0.90      0.97      0.93      2507
weighted avg       0.99      0.99      0.99      2507

accuracy: 0.9868368568009573
0.8745247148288974
@@@ tn: 2359, fp: 27, fn: 6, tp: 115
@@@ LIME - Creating explainer
@@@ LIME - Random Sampling of Instances
iter: 0, sample_no: 1576, actual label: 0, predicted: 0
iter: 1, sample_no: 1126, actual label: 0, predicted: 0
iter: 2, sample_no: 959, actual label: 0, predicted: 0
iter: 3, sample_no: 1746, actual label: 0, predicted: 0
iter: 4, sample_no: 1696, actual label: 0, predicted: 0
iter: 5, sample_no: 471, actual label: 0, predicted: 0
iter: 6, sample_no: 1377, actual label: 0, predicted: 0
iter: 7, sample_no: 1698, actual label: 0, predicted: 0
iter: 8, sample_no: 1483, actual label: 0, predicted: 0
iter: 9, sample_no: 1149, actual label: 0, predicted: 0
iter: 10, sample_no: 368, actual label: 0, predicted: 0
iter: 11, sample_no: 1526, actual label: 0, predicted: 0
iter: 12, sample_no: 2040, actual label: 0, predicted: 0
iter: 13, sample_no: 254, actual label: 1, predicted: 1
iter: 14, sample_no: 347, actual label: 0, predicted: 0
iter: 15, sample_no: 2279, actual label: 1, predicted: 1
iter: 16, sample_no: 623, actual label: 0, predicted: 0
iter: 17, sample_no: 2199, actual label: 0, predicted: 0
iter: 18, sample_no: 316, actual label: 0, predicted: 0
iter: 19, sample_no: 2032, actual label: 0, predicted: 0
iter: 20, sample_no: 2384, actual label: 0, predicted: 0
iter: 21, sample_no: 2201, actual label: 0, predicted: 0
iter: 22, sample_no: 2123, actual label: 0, predicted: 0
iter: 23, sample_no: 280, actual label: 0, predicted: 0
iter: 24, sample_no: 2344, actual label: 0, predicted: 0
number of samples: 2507
AUC 0.9975113090825961
pos_get 121
total recall stop_at 1.0
@@@ C - Repeat number: 5
/Users/author1/anaconda3/lib/python3.6/site-packages/tensorflow/python/framework/dtypes.py:463: FutureWarning: Passing (type, 1) or '1type' as a synonym of type is deprecated; in a future version of numpy, it will be understood as (type, (1,)) / '(1,)type'.
  _np_qint8 = np.dtype([("qint8", np.int8, 1)])
/Users/author1/anaconda3/lib/python3.6/site-packages/tensorflow/python/framework/dtypes.py:464: FutureWarning: Passing (type, 1) or '1type' as a synonym of type is deprecated; in a future version of numpy, it will be understood as (type, (1,)) / '(1,)type'.
  _np_quint8 = np.dtype([("quint8", np.uint8, 1)])
/Users/author1/anaconda3/lib/python3.6/site-packages/tensorflow/python/framework/dtypes.py:465: FutureWarning: Passing (type, 1) or '1type' as a synonym of type is deprecated; in a future version of numpy, it will be understood as (type, (1,)) / '(1,)type'.
  _np_qint16 = np.dtype([("qint16", np.int16, 1)])
/Users/author1/anaconda3/lib/python3.6/site-packages/tensorflow/python/framework/dtypes.py:466: FutureWarning: Passing (type, 1) or '1type' as a synonym of type is deprecated; in a future version of numpy, it will be understood as (type, (1,)) / '(1,)type'.
  _np_quint16 = np.dtype([("quint16", np.uint16, 1)])
/Users/author1/anaconda3/lib/python3.6/site-packages/tensorflow/python/framework/dtypes.py:467: FutureWarning: Passing (type, 1) or '1type' as a synonym of type is deprecated; in a future version of numpy, it will be understood as (type, (1,)) / '(1,)type'.
  _np_qint32 = np.dtype([("qint32", np.int32, 1)])
Columns (0,3,4,5,6,7,8,9,10,11,12,13,14,15,16,17,18,19,20,21,22,23,24,25,26,27,28,29,30,31,32,33,34,35,36,37,38,39,40,41,42,43,44,45,46,47,48,49,50,51,52,53,54,55,56,57,58,59,60,61,62,63,64,65,66,67,68,69,70,71,72,73,74,75,76,77,78,79,80,81,82,83,84,85,86,87,88,89,90,91,92,93,94,95,96,97,98,99,100,101,102,103,104,105,106,107,108,109,110,111,112,113,114,115,116,117,118,119,120,121,122,123,124,125,126,127,128,129,130,131,132,133,134,135,136,137,138,139,140,141,142,143,144,145,146,147,148,149,150,151,152,153,154,155,156,157,158,159,160,161,162,163,164,165,166,167,168,169,170,171,172,173,174,175,176,177,178,179,180,181,182,183,184,185,186,187,188,189,190,191,192,193,194,195,196,197,198,199,200,201,202,203,204,205,206,207,208,209,210,211,212,213,214,215,216,217,218,219,220,221,222,223,224,225,226,227,228,229,230,231,232,233,234,235,236,237,238,239,240,241,242,243,244,245,246,247,248,249,250,251,252,253,254,255,256,257,258,259,260,261,262,263,264,265,266,267,268,269,270,271,272,273,274,275,276,278,280,281,282,283,284,285,286,287,288,289,290,291,292,293,294,295,296,297,298,299,300,301,302,303,304,305,306,307,308,309,310,311,312,313,314,315,316,317,318,319,320,321,322,323,324,325,326,327,328,329,330,331,332,333,334,335,336,337,338,339,340,341,342,343,344,345,346,347,348,349) have mixed types. Specify dtype option on import or set low_memory=False.
Columns (0,3,4,5,6,7,8,9,10,11,12,13,14,15,16,17,18,19,20,21,22,23,24,25,26,27,28,29,30,31,32,33,34,35,36,37,38,39,40,41,42,43,44,45,46,47,48,49,50,51,52,53,54,55,56,57,58,59,60,61,62,63,64,65,66,67,68,69,70,71,72,73,74,75,76,77,78,79,80,81,82,83,84,85,86,87,88,89,90,91,92,93,94,95,96,97,98,99,100,101,102,103,104,105,106,107,108,109,110,111,112,113,114,115,116,117,118,119,120,121,122,123,124,125,126,127,128,129,130,131,132,133,134,135,136,137,138,139,140,141,142,143,144,145,146,147,148,149,150,151,152,153,154,155,156,157,158,159,160,161,162,163,164,165,166,167,168,169,170,171,172,173,174,175,176,177,178,179,180,181,182,183,184,185,186,187,188,189,190,191,192,193,194,195,196,197,198,199,200,201,202,203,204,205,206,207,208,209,210,211,212,213,214,215,216,217,218,219,220,221,222,223,224,225,226,227,228,229,230,231,232,233,234,235,236,237,238,239,240,241,242,243,244,245,246,247,248,249,250,251,252,253,254,255,256,257,258,259,260,261,262,263,264,265,266,267,268,269,270,271,272,273,274,275,276,278,280,281,282,283,284,285,286,287,288,289,290,291,292,293,294,295,296,297,298,299,300,301,302,303,304,305,306,307,308,309,310,311,312,313,314,315,316,317,318,319,320,321,322,323,324,325,326,327,328,329,330,331,332,333,334,335,336,337,338,339,340,341,342,343,344,345,346,347,348,349) have mixed types. Specify dtype option on import or set low_memory=False.
Columns (0,3,4,5,6,7,8,9,10,11,12,13,14,15,16,17,18,19,20,21,22,23,24,25,26,27,28,29,30,31,32,33,34,35,36,37,38,39,40,41,42,43,44,45,46,47,48,49,50,51,52,53,54,55,56,57,58,59,60,61,62,63,64,65,66,67,68,69,70,71,72,73,74,75,76,77,78,79,80,81,82,83,84,85,86,87,88,89,90,91,92,93,94,95,96,97,98,99,100,101,102,103,104,105,106,107,108,109,110,111,112,113,114,115,116,117,118,119,120,121,122,123,124,125,126,127,128,129,130,131,132,133,134,135,136,137,138,139,140,141,142,143,144,145,146,147,148,149,150,151,152,153,154,155,156,157,158,159,160,161,162,163,164,165,166,167,168,169,170,171,172,173,174,175,176,177,178,179,180,181,182,183,184,185,186,187,188,189,190,191,192,193,194,195,196,197,198,199,200,201,202,203,204,205,206,207,208,209,210,211,212,213,214,215,216,217,218,219,220,221,222,223,224,225,226,227,228,229,230,231,232,233,234,235,236,237,238,239,240,241,242,243,244,245,246,247,248,249,250,251,252,253,254,255,256,257,258,259,260,261,262,263,264,265,266,267,268,269,270,271,272,273,274,275,276,278,280,281,282,283,284,285,286,287,288,289,290,291,292,293,294,295,296,297,298,299,300,301,302,303,304,305,306,307,308,309,310,311,312,313,314,315,316,317,318,319,320,321,322,323,324,325,326,327,328,329,330,331,332,333,334,335,336,337,338,339,340,341,342,343,344,345,346,347,348,349) have mixed types. Specify dtype option on import or set low_memory=False.
Columns (0,3,4,5,6,7,8,9,10,11,12,13,14,15,16,17,18,19,20,21,22,23,24,25,26,27,28,29,30,31,32,33,34,35,36,37,38,39,40,41,42,43,44,45,46,47,48,49,50,51,52,53,54,55,56,57,58,59,60,61,62,63,64,65,66,67,68,69,70,71,72,73,74,75,76,77,78,79,80,81,82,83,84,85,86,87,88,89,90,91,92,93,94,95,96,97,98,99,100,101,102,103,104,105,106,107,108,109,110,111,112,113,114,115,116,117,118,119,120,121,122,123,124,125,126,127,128,129,130,131,132,133,134,135,136,137,138,139,140,141,142,143,144,145,146,147,148,149,150,151,152,153,154,155,156,157,158,159,160,161,162,163,164,165,166,167,168,169,170,171,172,173,174,175,176,177,178,179,180,181,182,183,184,185,186,187,188,189,190,191,192,193,194,195,196,197,198,199,200,201,202,203,204,205,206,207,208,209,210,211,212,213,214,215,216,217,218,219,220,221,222,223,224,225,226,227,228,229,230,231,232,233,234,235,236,237,238,239,240,241,242,243,244,245,246,247,248,249,250,251,252,253,254,255,256,257,258,259,260,261,262,263,264,265,266,267,268,269,270,271,272,273,274,275,276,278,280,281,282,283,284,285,286,287,288,289,290,291,292,293,294,295,296,297,298,299,300,301,302,303,304,305,306,307,308,309,310,311,312,313,314,315,316,317,318,319,320,321,322,323,324,325,326,327,328,329,330,331,332,333,334,335,336,337,338,339,340,341,342,343,344,345,346,347,348,349) have mixed types. Specify dtype option on import or set low_memory=False.
Columns (0,3,4,5,6,7,8,9,10,11,12,13,14,15,16,17,18,19,20,21,22,23,24,25,26,27,28,29,30,31,32,33,34,35,36,37,38,39,40,41,42,43,44,45,46,47,48,49,50,51,52,53,54,55,56,57,58,59,60,61,62,63,64,65,66,67,68,69,70,71,72,73,74,75,76,77,78,79,80,81,82,83,84,85,86,87,88,89,90,91,92,93,94,95,96,97,98,99,100,101,102,103,104,105,106,107,108,109,110,111,112,113,114,115,116,117,118,119,120,121,122,123,124,125,126,127,128,129,130,131,132,133,134,135,136,137,138,139,140,141,142,143,144,145,146,147,148,149,150,151,152,153,154,155,156,157,158,159,160,161,162,163,164,165,166,167,168,169,170,171,172,173,174,175,176,177,178,179,180,181,182,183,184,185,186,187,188,189,190,191,192,193,194,195,196,197,198,199,200,201,202,203,204,205,206,207,208,209,210,211,212,213,214,215,216,217,218,219,220,221,222,223,224,225,226,227,228,229,230,231,232,233,234,235,236,237,238,239,240,241,242,243,244,245,246,247,248,249,250,251,252,253,254,255,256,257,258,259,260,261,262,263,264,265,266,267,268,269,270,271,272,273,274,275,276,278,280,281,282,283,284,285,286,287,288,289,290,291,292,293,294,295,296,297,298,299,300,301,302,303,304,305,306,307,308,309,310,311,312,313,314,315,316,317,318,319,320,321,322,323,324,325,326,327,328,329,330,331,332,333,334,335,336,337,338,339,340,341,342,343,344,345,346,347,348,349) have mixed types. Specify dtype option on import or set low_memory=False.
@@@ D - common_header:  {'category', 'F110', 'F120', 'F115', 'F116', 'F117'}
   F116 F117                 F120  F110  F115
1  -0.5  0.0  0.15591308057414213  -1.0  -1.0
2  -0.5  0.0  0.15591308057414213  -1.0  -1.0
3  -0.5  0.0  0.15591308057414213  -1.0  -1.0
;.;
   F116  F117  F120  F110  F115
0  0.25   0.0   1.0   0.0   0.0
1  0.25   0.0   1.0   0.0   0.0
2  0.25   0.0   1.0   0.0   0.0
training_x: (2479, 5)
training_y: 2479
testset_x: (2507, 5)
testset_y: 2507
              precision    recall  f1-score   support

           0       1.00      0.99      0.99      2386
           1       0.81      0.95      0.87       121

    accuracy                           0.99      2507
   macro avg       0.90      0.97      0.93      2507
weighted avg       0.99      0.99      0.99      2507

accuracy: 0.9868368568009573
0.8745247148288974
@@@ tn: 2359, fp: 27, fn: 6, tp: 115
@@@ LIME - Creating explainer
@@@ LIME - Random Sampling of Instances
iter: 0, sample_no: 1926, actual label: 0, predicted: 0
iter: 1, sample_no: 1140, actual label: 0, predicted: 0
iter: 2, sample_no: 2022, actual label: 0, predicted: 0
iter: 3, sample_no: 143, actual label: 0, predicted: 0
iter: 4, sample_no: 139, actual label: 0, predicted: 0
iter: 5, sample_no: 349, actual label: 0, predicted: 0
iter: 6, sample_no: 613, actual label: 0, predicted: 0
iter: 7, sample_no: 835, actual label: 0, predicted: 0
iter: 8, sample_no: 1290, actual label: 0, predicted: 0
iter: 9, sample_no: 1202, actual label: 0, predicted: 0
iter: 10, sample_no: 2250, actual label: 0, predicted: 0
iter: 11, sample_no: 602, actual label: 0, predicted: 0
iter: 12, sample_no: 1144, actual label: 0, predicted: 0
iter: 13, sample_no: 869, actual label: 0, predicted: 0
iter: 14, sample_no: 1968, actual label: 0, predicted: 0
iter: 15, sample_no: 2139, actual label: 0, predicted: 0
iter: 16, sample_no: 409, actual label: 0, predicted: 0
iter: 17, sample_no: 1878, actual label: 0, predicted: 0
iter: 18, sample_no: 1436, actual label: 0, predicted: 0
iter: 19, sample_no: 2270, actual label: 0, predicted: 0
iter: 20, sample_no: 540, actual label: 0, predicted: 0
iter: 21, sample_no: 534, actual label: 0, predicted: 0
iter: 22, sample_no: 2147, actual label: 0, predicted: 0
iter: 23, sample_no: 1493, actual label: 0, predicted: 0
iter: 24, sample_no: 703, actual label: 0, predicted: 0
number of samples: 2507
AUC 0.9975113090825961
pos_get 121
total recall stop_at 1.0
@@@ C - Repeat number: 6
@@@ D - common_header:  {'category', 'F110', 'F120', 'F115', 'F116', 'F117'}
   F116 F117                 F120  F110  F115
1  -0.5  0.0  0.15591308057414213  -1.0  -1.0
2  -0.5  0.0  0.15591308057414213  -1.0  -1.0
3  -0.5  0.0  0.15591308057414213  -1.0  -1.0
;.;
   F116  F117  F120  F110  F115
0  0.25   0.0   1.0   0.0   0.0
1  0.25   0.0   1.0   0.0   0.0
2  0.25   0.0   1.0   0.0   0.0
training_x: (2479, 5)
training_y: 2479
testset_x: (2507, 5)
testset_y: 2507
              precision    recall  f1-score   support

           0       1.00      0.99      0.99      2386
           1       0.81      0.95      0.87       121

    accuracy                           0.99      2507
   macro avg       0.90      0.97      0.93      2507
weighted avg       0.99      0.99      0.99      2507

accuracy: 0.9868368568009573
0.8745247148288974
@@@ tn: 2359, fp: 27, fn: 6, tp: 115
@@@ LIME - Creating explainer
@@@ LIME - Random Sampling of Instances
iter: 0, sample_no: 1361, actual label: 0, predicted: 0
iter: 1, sample_no: 30, actual label: 0, predicted: 0
iter: 2, sample_no: 1469, actual label: 0, predicted: 0
iter: 3, sample_no: 613, actual label: 0, predicted: 0
iter: 4, sample_no: 667, actual label: 0, predicted: 0
iter: 5, sample_no: 77, actual label: 0, predicted: 0
iter: 6, sample_no: 1086, actual label: 0, predicted: 0
iter: 7, sample_no: 1999, actual label: 0, predicted: 0
iter: 8, sample_no: 171, actual label: 0, predicted: 0
iter: 9, sample_no: 1908, actual label: 0, predicted: 0
iter: 10, sample_no: 1579, actual label: 0, predicted: 0
iter: 11, sample_no: 1455, actual label: 1, predicted: 1
iter: 12, sample_no: 1812, actual label: 0, predicted: 0
iter: 13, sample_no: 945, actual label: 0, predicted: 0
iter: 14, sample_no: 1971, actual label: 0, predicted: 0
iter: 15, sample_no: 207, actual label: 0, predicted: 0
iter: 16, sample_no: 2283, actual label: 0, predicted: 0
iter: 17, sample_no: 513, actual label: 0, predicted: 0
iter: 18, sample_no: 1960, actual label: 0, predicted: 0
iter: 19, sample_no: 1215, actual label: 0, predicted: 0
iter: 20, sample_no: 1956, actual label: 0, predicted: 0
iter: 21, sample_no: 856, actual label: 0, predicted: 0
iter: 22, sample_no: 2360, actual label: 0, predicted: 0
iter: 23, sample_no: 20, actual label: 0, predicted: 0
iter: 24, sample_no: 2106, actual label: 0, predicted: 0
number of samples: 2507
AUC 0.9975113090825962
pos_get 121
total recall stop_at 1.0
@@@ C - Repeat number: 7
@@@ D - common_header:  {'category', 'F110', 'F120', 'F115', 'F116', 'F117'}
   F116 F117                 F120  F110  F115
1  -0.5  0.0  0.15591308057414213  -1.0  -1.0
2  -0.5  0.0  0.15591308057414213  -1.0  -1.0
3  -0.5  0.0  0.15591308057414213  -1.0  -1.0
;.;
   F116  F117  F120  F110  F115
0  0.25   0.0   1.0   0.0   0.0
1  0.25   0.0   1.0   0.0   0.0
2  0.25   0.0   1.0   0.0   0.0
training_x: (2479, 5)
training_y: 2479
testset_x: (2507, 5)
testset_y: 2507
              precision    recall  f1-score   support

           0       1.00      0.99      0.99      2386
           1       0.81      0.95      0.87       121

    accuracy                           0.99      2507
   macro avg       0.90      0.97      0.93      2507
weighted avg       0.99      0.99      0.99      2507

accuracy: 0.9868368568009573
0.8745247148288974
@@@ tn: 2359, fp: 27, fn: 6, tp: 115
@@@ LIME - Creating explainer
@@@ LIME - Random Sampling of Instances
iter: 0, sample_no: 1709, actual label: 0, predicted: 0
iter: 1, sample_no: 1847, actual label: 0, predicted: 0
iter: 2, sample_no: 1533, actual label: 0, predicted: 0
iter: 3, sample_no: 431, actual label: 0, predicted: 0
iter: 4, sample_no: 584, actual label: 0, predicted: 0
iter: 5, sample_no: 2031, actual label: 0, predicted: 0
iter: 6, sample_no: 893, actual label: 0, predicted: 0
iter: 7, sample_no: 92, actual label: 0, predicted: 0
iter: 8, sample_no: 2442, actual label: 0, predicted: 0
iter: 9, sample_no: 1418, actual label: 0, predicted: 0
iter: 10, sample_no: 748, actual label: 0, predicted: 0
iter: 11, sample_no: 813, actual label: 0, predicted: 0
iter: 12, sample_no: 695, actual label: 0, predicted: 0
iter: 13, sample_no: 1552, actual label: 0, predicted: 0
iter: 14, sample_no: 106, actual label: 0, predicted: 0
iter: 15, sample_no: 2168, actual label: 0, predicted: 0
iter: 16, sample_no: 1911, actual label: 0, predicted: 0
iter: 17, sample_no: 432, actual label: 0, predicted: 0
iter: 18, sample_no: 1572, actual label: 0, predicted: 0
iter: 19, sample_no: 1330, actual label: 0, predicted: 0
iter: 20, sample_no: 433, actual label: 1, predicted: 1
iter: 21, sample_no: 2295, actual label: 0, predicted: 0
iter: 22, sample_no: 605, actual label: 0, predicted: 0
iter: 23, sample_no: 2021, actual label: 0, predicted: 0
iter: 24, sample_no: 2054, actual label: 0, predicted: 0
number of samples: 2507
AUC 0.9975113090825962
pos_get 121
total recall stop_at 1.0
@@@ C - Repeat number: 8
@@@ D - common_header:  {'category', 'F110', 'F120', 'F115', 'F116', 'F117'}
   F116 F117                 F120  F110  F115
1  -0.5  0.0  0.15591308057414213  -1.0  -1.0
2  -0.5  0.0  0.15591308057414213  -1.0  -1.0
3  -0.5  0.0  0.15591308057414213  -1.0  -1.0
;.;
   F116  F117  F120  F110  F115
0  0.25   0.0   1.0   0.0   0.0
1  0.25   0.0   1.0   0.0   0.0
2  0.25   0.0   1.0   0.0   0.0
training_x: (2479, 5)
training_y: 2479
testset_x: (2507, 5)
testset_y: 2507
              precision    recall  f1-score   support

           0       1.00      0.99      0.99      2386
           1       0.81      0.95      0.87       121

    accuracy                           0.99      2507
   macro avg       0.90      0.97      0.93      2507
weighted avg       0.99      0.99      0.99      2507

accuracy: 0.9868368568009573
0.8745247148288974
@@@ tn: 2359, fp: 27, fn: 6, tp: 115
@@@ LIME - Creating explainer
@@@ LIME - Random Sampling of Instances
iter: 0, sample_no: 1504, actual label: 0, predicted: 0
iter: 1, sample_no: 2035, actual label: 0, predicted: 0
iter: 2, sample_no: 1063, actual label: 0, predicted: 0
iter: 3, sample_no: 632, actual label: 0, predicted: 0
iter: 4, sample_no: 1251, actual label: 0, predicted: 0
iter: 5, sample_no: 899, actual label: 0, predicted: 0
iter: 6, sample_no: 50, actual label: 0, predicted: 0
iter: 7, sample_no: 391, actual label: 0, predicted: 0
iter: 8, sample_no: 616, actual label: 0, predicted: 0
iter: 9, sample_no: 1834, actual label: 0, predicted: 0
iter: 10, sample_no: 1635, actual label: 1, predicted: 1
iter: 11, sample_no: 362, actual label: 0, predicted: 0
iter: 12, sample_no: 1156, actual label: 0, predicted: 0
iter: 13, sample_no: 1950, actual label: 0, predicted: 0
iter: 14, sample_no: 2330, actual label: 0, predicted: 0
iter: 15, sample_no: 2434, actual label: 0, predicted: 0
iter: 16, sample_no: 1742, actual label: 0, predicted: 0
iter: 17, sample_no: 1062, actual label: 0, predicted: 0
iter: 18, sample_no: 1108, actual label: 0, predicted: 0
iter: 19, sample_no: 24, actual label: 0, predicted: 0
iter: 20, sample_no: 2248, actual label: 0, predicted: 0
iter: 21, sample_no: 1905, actual label: 0, predicted: 0
iter: 22, sample_no: 4, actual label: 0, predicted: 0
iter: 23, sample_no: 1790, actual label: 0, predicted: 0
iter: 24, sample_no: 413, actual label: 1, predicted: 1
number of samples: 2507
AUC 0.9975113090825961
pos_get 121
total recall stop_at 1.0
@@@ C - Repeat number: 9
@@@ D - common_header:  {'category', 'F110', 'F120', 'F115', 'F116', 'F117'}
   F116 F117                 F120  F110  F115
1  -0.5  0.0  0.15591308057414213  -1.0  -1.0
2  -0.5  0.0  0.15591308057414213  -1.0  -1.0
3  -0.5  0.0  0.15591308057414213  -1.0  -1.0
;.;
   F116  F117  F120  F110  F115
0  0.25   0.0   1.0   0.0   0.0
1  0.25   0.0   1.0   0.0   0.0
2  0.25   0.0   1.0   0.0   0.0
training_x: (2479, 5)
training_y: 2479
testset_x: (2507, 5)
testset_y: 2507
              precision    recall  f1-score   support

           0       1.00      0.99      0.99      2386
           1       0.81      0.95      0.87       121

    accuracy                           0.99      2507
   macro avg       0.90      0.97      0.93      2507
weighted avg       0.99      0.99      0.99      2507

accuracy: 0.9868368568009573
0.8745247148288974
@@@ tn: 2359, fp: 27, fn: 6, tp: 115
@@@ LIME - Creating explainer
@@@ LIME - Random Sampling of Instances
iter: 0, sample_no: 2105, actual label: 0, predicted: 0
iter: 1, sample_no: 1797, actual label: 0, predicted: 0
iter: 2, sample_no: 1579, actual label: 0, predicted: 0
iter: 3, sample_no: 1462, actual label: 0, predicted: 0
iter: 4, sample_no: 1766, actual label: 0, predicted: 0
iter: 5, sample_no: 2335, actual label: 0, predicted: 0
iter: 6, sample_no: 2062, actual label: 0, predicted: 0
iter: 7, sample_no: 104, actual label: 0, predicted: 0
iter: 8, sample_no: 19, actual label: 0, predicted: 0
iter: 9, sample_no: 1624, actual label: 1, predicted: 1
iter: 10, sample_no: 911, actual label: 0, predicted: 1
iter: 11, sample_no: 2063, actual label: 0, predicted: 0
iter: 12, sample_no: 2318, actual label: 0, predicted: 0
iter: 13, sample_no: 2114, actual label: 0, predicted: 0
iter: 14, sample_no: 2164, actual label: 0, predicted: 0
iter: 15, sample_no: 842, actual label: 0, predicted: 0
iter: 16, sample_no: 759, actual label: 0, predicted: 0
iter: 17, sample_no: 1132, actual label: 0, predicted: 0
iter: 18, sample_no: 1426, actual label: 1, predicted: 1
iter: 19, sample_no: 1065, actual label: 0, predicted: 0
iter: 20, sample_no: 1385, actual label: 0, predicted: 0
iter: 21, sample_no: 2042, actual label: 0, predicted: 0
iter: 22, sample_no: 156, actual label: 0, predicted: 0
iter: 23, sample_no: 1081, actual label: 0, predicted: 0
iter: 24, sample_no: 2464, actual label: 0, predicted: 0
number of samples: 2507
AUC 0.9975113090825961
pos_get 121
total recall stop_at 1.0
@@@ C - Repeat number: 10
@@@ D - common_header:  {'category', 'F110', 'F120', 'F115', 'F116', 'F117'}
   F116 F117                 F120  F110  F115
1  -0.5  0.0  0.15591308057414213  -1.0  -1.0
2  -0.5  0.0  0.15591308057414213  -1.0  -1.0
3  -0.5  0.0  0.15591308057414213  -1.0  -1.0
;.;
   F116  F117  F120  F110  F115
0  0.25   0.0   1.0   0.0   0.0
1  0.25   0.0   1.0   0.0   0.0
2  0.25   0.0   1.0   0.0   0.0
training_x: (2479, 5)
training_y: 2479
testset_x: (2507, 5)
testset_y: 2507
              precision    recall  f1-score   support

           0       1.00      0.99      0.99      2386
           1       0.81      0.95      0.87       121

    accuracy                           0.99      2507
   macro avg       0.90      0.97      0.93      2507
weighted avg       0.99      0.99      0.99      2507

accuracy: 0.9868368568009573
0.8745247148288974
@@@ tn: 2359, fp: 27, fn: 6, tp: 115
@@@ LIME - Creating explainer
@@@ LIME - Random Sampling of Instances
Columns (0,3,4,5,6,7,8,9,10,11,12,13,14,15,16,17,18,19,20,21,22,23,24,25,26,27,28,29,30,31,32,33,34,35,36,37,38,39,40,41,42,43,44,45,46,47,48,49,50,51,52,53,54,55,56,57,58,59,60,61,62,63,64,65,66,67,68,69,70,71,72,73,74,75,76,77,78,79,80,81,82,83,84,85,86,87,88,89,90,91,92,93,94,95,96,97,98,99,100,101,102,103,104,105,106,107,108,109,110,111,112,113,114,115,116,117,118,119,120,121,122,123,124,125,126,127,128,129,130,131,132,133,134,135,136,137,138,139,140,141,142,143,144,145,146,147,148,149,150,151,152,153,154,155,156,157,158,159,160,161,162,163,164,165,166,167,168,169,170,171,172,173,174,175,176,177,178,179,180,181,182,183,184,185,186,187,188,189,190,191,192,193,194,195,196,197,198,199,200,201,202,203,204,205,206,207,208,209,210,211,212,213,214,215,216,217,218,219,220,221,222,223,224,225,226,227,228,229,230,231,232,233,234,235,236,237,238,239,240,241,242,243,244,245,246,247,248,249,250,251,252,253,254,255,256,257,258,259,260,261,262,263,264,265,266,267,268,269,270,271,272,273,274,275,276,278,280,281,282,283,284,285,286,287,288,289,290,291,292,293,294,295,296,297,298,299,300,301,302,303,304,305,306,307,308,309,310,311,312,313,314,315,316,317,318,319,320,321,322,323,324,325,326,327,328,329,330,331,332,333,334,335,336,337,338,339,340,341,342,343,344,345,346,347,348,349) have mixed types. Specify dtype option on import or set low_memory=False.
Columns (0,3,4,5,6,7,8,9,10,11,12,13,14,15,16,17,18,19,20,21,22,23,24,25,26,27,28,29,30,31,32,33,34,35,36,37,38,39,40,41,42,43,44,45,46,47,48,49,50,51,52,53,54,55,56,57,58,59,60,61,62,63,64,65,66,67,68,69,70,71,72,73,74,75,76,77,78,79,80,81,82,83,84,85,86,87,88,89,90,91,92,93,94,95,96,97,98,99,100,101,102,103,104,105,106,107,108,109,110,111,112,113,114,115,116,117,118,119,120,121,122,123,124,125,126,127,128,129,130,131,132,133,134,135,136,137,138,139,140,141,142,143,144,145,146,147,148,149,150,151,152,153,154,155,156,157,158,159,160,161,162,163,164,165,166,167,168,169,170,171,172,173,174,175,176,177,178,179,180,181,182,183,184,185,186,187,188,189,190,191,192,193,194,195,196,197,198,199,200,201,202,203,204,205,206,207,208,209,210,211,212,213,214,215,216,217,218,219,220,221,222,223,224,225,226,227,228,229,230,231,232,233,234,235,236,237,238,239,240,241,242,243,244,245,246,247,248,249,250,251,252,253,254,255,256,257,258,259,260,261,262,263,264,265,266,267,268,269,270,271,272,273,274,275,276,278,280,281,282,283,284,285,286,287,288,289,290,291,292,293,294,295,296,297,298,299,300,301,302,303,304,305,306,307,308,309,310,311,312,313,314,315,316,317,318,319,320,321,322,323,324,325,326,327,328,329,330,331,332,333,334,335,336,337,338,339,340,341,342,343,344,345,346,347,348,349) have mixed types. Specify dtype option on import or set low_memory=False.
Columns (0,3,4,5,6,7,8,9,10,11,12,13,14,15,16,17,18,19,20,21,22,23,24,25,26,27,28,29,30,31,32,33,34,35,36,37,38,39,40,41,42,43,44,45,46,47,48,49,50,51,52,53,54,55,56,57,58,59,60,61,62,63,64,65,66,67,68,69,70,71,72,73,74,75,76,77,78,79,80,81,82,83,84,85,86,87,88,89,90,91,92,93,94,95,96,97,98,99,100,101,102,103,104,105,106,107,108,109,110,111,112,113,114,115,116,117,118,119,120,121,122,123,124,125,126,127,128,129,130,131,132,133,134,135,136,137,138,139,140,141,142,143,144,145,146,147,148,149,150,151,152,153,154,155,156,157,158,159,160,161,162,163,164,165,166,167,168,169,170,171,172,173,174,175,176,177,178,179,180,181,182,183,184,185,186,187,188,189,190,191,192,193,194,195,196,197,198,199,200,201,202,203,204,205,206,207,208,209,210,211,212,213,214,215,216,217,218,219,220,221,222,223,224,225,226,227,228,229,230,231,232,233,234,235,236,237,238,239,240,241,242,243,244,245,246,247,248,249,250,251,252,253,254,255,256,257,258,259,260,261,262,263,264,265,266,267,268,269,270,271,272,273,274,275,276,278,280,281,282,283,284,285,286,287,288,289,290,291,292,293,294,295,296,297,298,299,300,301,302,303,304,305,306,307,308,309,310,311,312,313,314,315,316,317,318,319,320,321,322,323,324,325,326,327,328,329,330,331,332,333,334,335,336,337,338,339,340,341,342,343,344,345,346,347,348,349) have mixed types. Specify dtype option on import or set low_memory=False.
Columns (0,3,4,5,6,7,8,9,10,11,12,13,14,15,16,17,18,19,20,21,22,23,24,25,26,27,28,29,30,31,32,33,34,35,36,37,38,39,40,41,42,43,44,45,46,47,48,49,50,51,52,53,54,55,56,57,58,59,60,61,62,63,64,65,66,67,68,69,70,71,72,73,74,75,76,77,78,79,80,81,82,83,84,85,86,87,88,89,90,91,92,93,94,95,96,97,98,99,100,101,102,103,104,105,106,107,108,109,110,111,112,113,114,115,116,117,118,119,120,121,122,123,124,125,126,127,128,129,130,131,132,133,134,135,136,137,138,139,140,141,142,143,144,145,146,147,148,149,150,151,152,153,154,155,156,157,158,159,160,161,162,163,164,165,166,167,168,169,170,171,172,173,174,175,176,177,178,179,180,181,182,183,184,185,186,187,188,189,190,191,192,193,194,195,196,197,198,199,200,201,202,203,204,205,206,207,208,209,210,211,212,213,214,215,216,217,218,219,220,221,222,223,224,225,226,227,228,229,230,231,232,233,234,235,236,237,238,239,240,241,242,243,244,245,246,247,248,249,250,251,252,253,254,255,256,257,258,259,260,261,262,263,264,265,266,267,268,269,270,271,272,273,274,275,276,278,280,281,282,283,284,285,286,287,288,289,290,291,292,293,294,295,296,297,298,299,300,301,302,303,304,305,306,307,308,309,310,311,312,313,314,315,316,317,318,319,320,321,322,323,324,325,326,327,328,329,330,331,332,333,334,335,336,337,338,339,340,341,342,343,344,345,346,347,348,349) have mixed types. Specify dtype option on import or set low_memory=False.
Columns (0,3,4,5,6,7,8,9,10,11,12,13,14,15,16,17,18,19,20,21,22,23,24,25,26,27,28,29,30,31,32,33,34,35,36,37,38,39,40,41,42,43,44,45,46,47,48,49,50,51,52,53,54,55,56,57,58,59,60,61,62,63,64,65,66,67,68,69,70,71,72,73,74,75,76,77,78,79,80,81,82,83,84,85,86,87,88,89,90,91,92,93,94,95,96,97,98,99,100,101,102,103,104,105,106,107,108,109,110,111,112,113,114,115,116,117,118,119,120,121,122,123,124,125,126,127,128,129,130,131,132,133,134,135,136,137,138,139,140,141,142,143,144,145,146,147,148,149,150,151,152,153,154,155,156,157,158,159,160,161,162,163,164,165,166,167,168,169,170,171,172,173,174,175,176,177,178,179,180,181,182,183,184,185,186,187,188,189,190,191,192,193,194,195,196,197,198,199,200,201,202,203,204,205,206,207,208,209,210,211,212,213,214,215,216,217,218,219,220,221,222,223,224,225,226,227,228,229,230,231,232,233,234,235,236,237,238,239,240,241,242,243,244,245,246,247,248,249,250,251,252,253,254,255,256,257,258,259,260,261,262,263,264,265,266,267,268,269,270,271,272,273,274,275,276,278,280,281,282,283,284,285,286,287,288,289,290,291,292,293,294,295,296,297,298,299,300,301,302,303,304,305,306,307,308,309,310,311,312,313,314,315,316,317,318,319,320,321,322,323,324,325,326,327,328,329,330,331,332,333,334,335,336,337,338,339,340,341,342,343,344,345,346,347,348,349) have mixed types. Specify dtype option on import or set low_memory=False.
iter: 0, sample_no: 1692, actual label: 0, predicted: 0
iter: 1, sample_no: 2285, actual label: 1, predicted: 1
iter: 2, sample_no: 1926, actual label: 0, predicted: 0
iter: 3, sample_no: 1482, actual label: 0, predicted: 0
iter: 4, sample_no: 1083, actual label: 0, predicted: 0
iter: 5, sample_no: 1512, actual label: 0, predicted: 0
iter: 6, sample_no: 1281, actual label: 0, predicted: 0
iter: 7, sample_no: 240, actual label: 0, predicted: 0
iter: 8, sample_no: 145, actual label: 0, predicted: 0
iter: 9, sample_no: 1180, actual label: 0, predicted: 0
iter: 10, sample_no: 1944, actual label: 0, predicted: 0
iter: 11, sample_no: 699, actual label: 0, predicted: 0
iter: 12, sample_no: 1116, actual label: 0, predicted: 0
iter: 13, sample_no: 2422, actual label: 0, predicted: 0
iter: 14, sample_no: 27, actual label: 0, predicted: 0
iter: 15, sample_no: 1842, actual label: 0, predicted: 0
iter: 16, sample_no: 204, actual label: 0, predicted: 0
iter: 17, sample_no: 693, actual label: 0, predicted: 0
iter: 18, sample_no: 186, actual label: 0, predicted: 0
iter: 19, sample_no: 2458, actual label: 0, predicted: 0
iter: 20, sample_no: 1513, actual label: 0, predicted: 0
iter: 21, sample_no: 443, actual label: 0, predicted: 0
iter: 22, sample_no: 870, actual label: 0, predicted: 0
iter: 23, sample_no: 627, actual label: 0, predicted: 0
iter: 24, sample_no: 2400, actual label: 0, predicted: 0
number of samples: 2507
AUC 0.9975113090825961
pos_get 121
total recall stop_at 1.0
----------threshold stop at----------: 1
AUC [0.9975113090825961, 0.9975217002764057, 0.9975113090825961, 0.9975113090825961, 0.9975113090825961, 0.9975113090825962, 0.9975113090825962, 0.9975113090825961, 0.9975113090825961, 0.9975113090825961]
AUC_median 0.9975113090825961
AUC_iqr 1.1102230246251565e-16
cost [0.15995213402473074, 0.15995213402473074, 0.15995213402473074, 0.15995213402473074, 0.15995213402473074, 0.15995213402473074, 0.15995213402473074, 0.15995213402473074, 0.15995213402473074, 0.15995213402473074]
COST_med 0.15995213402473074
COST_iqr 0.0
f1_pos_list [0.8745247148288974, 0.8745247148288974, 0.8745247148288974, 0.8745247148288974, 0.8745247148288974, 0.8745247148288974, 0.8745247148288974, 0.8745247148288974, 0.8745247148288974, 0.8745247148288974]
f1_pos_med 0.8745247148288974
