@@@ A - classifier: SVC(C=1.0, break_ties=False, cache_size=200, class_weight='balanced', coef0=0.0,
    decision_function_shape='ovr', degree=3, gamma='scale', kernel='linear',
    max_iter=-1, probability=True, random_state=None, shrinking=True, tol=0.001,
    verbose=False)
@@@ B - threshold stop at: 1
@@@ C - Repeat number: 1
@@@ D - common_header:  {'F115', 'F117', 'F116', 'F120', 'category', 'F110'}
   F116                F117                F120                 F110  F115
1  -0.5                 0.0  0.1629842019452409                 -1.0  -1.0
2   0.0  0.1794871794871795  0.1441745102569434  -0.6410256410256411  -1.0
3  -1.0                 0.0  0.2658143502507453                 -1.0  -1.0
;.;
   F116      F117      F120      F110  F115
0  0.25  0.000000  0.613151  0.000000   0.0
1  0.50  0.179487  0.542388  0.179487   0.0
2  0.00  0.000000  1.000000  0.000000   0.0
training_x: (725, 5)
training_y: 725
testset_x: (786, 5)
testset_y: 786
              precision    recall  f1-score   support

           0       1.00      0.81      0.90       744
           1       0.23      1.00      0.37        42

    accuracy                           0.82       786
   macro avg       0.61      0.91      0.63       786
weighted avg       0.96      0.82      0.87       786

accuracy: 0.8206106870229007
0.37333333333333335
@@@ tn: 603, fp: 141, fn: 0, tp: 42
@@@ LIME - Creating explainer
@@@ LIME - Random Sampling of Instances
iter: 0, sample_no: 320, actual label: 0, predicted: 0
iter: 1, sample_no: 537, actual label: 0, predicted: 0
iter: 2, sample_no: 456, actual label: 0, predicted: 1
iter: 3, sample_no: 159, actual label: 0, predicted: 0
iter: 4, sample_no: 583, actual label: 0, predicted: 1
iter: 5, sample_no: 590, actual label: 1, predicted: 1
iter: 6, sample_no: 653, actual label: 0, predicted: 0
iter: 7, sample_no: 431, actual label: 0, predicted: 0
iter: 8, sample_no: 274, actual label: 0, predicted: 0
iter: 9, sample_no: 763, actual label: 0, predicted: 0
iter: 10, sample_no: 367, actual label: 0, predicted: 1
iter: 11, sample_no: 161, actual label: 0, predicted: 0
iter: 12, sample_no: 690, actual label: 0, predicted: 0
iter: 13, sample_no: 478, actual label: 0, predicted: 1
iter: 14, sample_no: 266, actual label: 0, predicted: 0
iter: 15, sample_no: 398, actual label: 0, predicted: 0
iter: 16, sample_no: 62, actual label: 0, predicted: 0
iter: 17, sample_no: 518, actual label: 0, predicted: 0
iter: 18, sample_no: 438, actual label: 1, predicted: 1
iter: 19, sample_no: 445, actual label: 0, predicted: 1
iter: 20, sample_no: 423, actual label: 0, predicted: 1
iter: 21, sample_no: 598, actual label: 0, predicted: 0
iter: 22, sample_no: 219, actual label: 1, predicted: 1
iter: 23, sample_no: 157, actual label: 0, predicted: 0
iter: 24, sample_no: 399, actual label: 0, predicted: 0
number of samples: 786
AUC 0.9931195596518178
pos_get 42
total recall stop_at 1.0
@@@ C - Repeat number: 2
@@@ D - common_header:  {'F115', 'F117', 'F116', 'F120', 'category', 'F110'}
   F116                F117                F120                 F110  F115
1  -0.5                 0.0  0.1629842019452409                 -1.0  -1.0
2   0.0  0.1794871794871795  0.1441745102569434  -0.6410256410256411  -1.0
3  -1.0                 0.0  0.2658143502507453                 -1.0  -1.0
;.;
   F116      F117      F120      F110  F115
0  0.25  0.000000  0.613151  0.000000   0.0
1  0.50  0.179487  0.542388  0.179487   0.0
2  0.00  0.000000  1.000000  0.000000   0.0
training_x: (725, 5)
training_y: 725
testset_x: (786, 5)
testset_y: 786
              precision    recall  f1-score   support

           0       1.00      0.81      0.90       744
           1       0.23      1.00      0.37        42

    accuracy                           0.82       786
   macro avg       0.61      0.91      0.63       786
weighted avg       0.96      0.82      0.87       786

accuracy: 0.8206106870229007
0.37333333333333335
@@@ tn: 603, fp: 141, fn: 0, tp: 42
@@@ LIME - Creating explainer
@@@ LIME - Random Sampling of Instances
iter: 0, sample_no: 419, actual label: 0, predicted: 1
iter: 1, sample_no: 608, actual label: 0, predicted: 0
iter: 2, sample_no: 233, actual label: 0, predicted: 0
iter: 3, sample_no: 135, actual label: 0, predicted: 0
iter: 4, sample_no: 256, actual label: 0, predicted: 0
iter: 5, sample_no: 297, actual label: 0, predicted: 0
iter: 6, sample_no: 636, actual label: 0, predicted: 0
iter: 7, sample_no: 631, actual label: 0, predicted: 0
iter: 8, sample_no: 309, actual label: 0, predicted: 0
iter: 9, sample_no: 224, actual label: 0, predicted: 0
iter: 10, sample_no: 653, actual label: 0, predicted: 0
iter: 11, sample_no: 200, actual label: 0, predicted: 0
iter: 12, sample_no: 439, actual label: 1, predicted: 1
iter: 13, sample_no: 523, actual label: 0, predicted: 0
iter: 14, sample_no: 603, actual label: 0, predicted: 0
iter: 15, sample_no: 102, actual label: 0, predicted: 0
iter: 16, sample_no: 304, actual label: 0, predicted: 0
iter: 17, sample_no: 138, actual label: 0, predicted: 0
iter: 18, sample_no: 91, actual label: 0, predicted: 0
iter: 19, sample_no: 608, actual label: 0, predicted: 0
iter: 20, sample_no: 646, actual label: 0, predicted: 0
iter: 21, sample_no: 74, actual label: 1, predicted: 1
iter: 22, sample_no: 764, actual label: 0, predicted: 0
iter: 23, sample_no: 396, actual label: 0, predicted: 0
iter: 24, sample_no: 500, actual label: 0, predicted: 0
number of samples: 786
AUC 0.9931195596518178
pos_get 42
total recall stop_at 1.0
@@@ C - Repeat number: 3
@@@ D - common_header:  {'F115', 'F117', 'F116', 'F120', 'category', 'F110'}
   F116                F117                F120                 F110  F115
1  -0.5                 0.0  0.1629842019452409                 -1.0  -1.0
2   0.0  0.1794871794871795  0.1441745102569434  -0.6410256410256411  -1.0
3  -1.0                 0.0  0.2658143502507453                 -1.0  -1.0
;.;
   F116      F117      F120      F110  F115
0  0.25  0.000000  0.613151  0.000000   0.0
1  0.50  0.179487  0.542388  0.179487   0.0
2  0.00  0.000000  1.000000  0.000000   0.0
training_x: (725, 5)
training_y: 725
testset_x: (786, 5)
testset_y: 786
              precision    recall  f1-score   support

           0       1.00      0.81      0.90       744
           1       0.23      1.00      0.37        42

    accuracy                           0.82       786
   macro avg       0.61      0.91      0.63       786
weighted avg       0.96      0.82      0.87       786

accuracy: 0.8206106870229007
0.37333333333333335
@@@ tn: 603, fp: 141, fn: 0, tp: 42
@@@ LIME - Creating explainer
@@@ LIME - Random Sampling of Instances
iter: 0, sample_no: 414, actual label: 0, predicted: 1
iter: 1, sample_no: 99, actual label: 0, predicted: 0
iter: 2, sample_no: 637, actual label: 0, predicted: 0
iter: 3, sample_no: 511, actual label: 0, predicted: 0
iter: 4, sample_no: 5, actual label: 0, predicted: 0
iter: 5, sample_no: 39, actual label: 0, predicted: 0
iter: 6, sample_no: 758, actual label: 0, predicted: 1
iter: 7, sample_no: 328, actual label: 0, predicted: 0
iter: 8, sample_no: 156, actual label: 0, predicted: 0
iter: 9, sample_no: 572, actual label: 0, predicted: 0
iter: 10, sample_no: 154, actual label: 0, predicted: 0
iter: 11, sample_no: 625, actual label: 0, predicted: 0
iter: 12, sample_no: 461, actual label: 0, predicted: 1
iter: 13, sample_no: 605, actual label: 0, predicted: 0
iter: 14, sample_no: 63, actual label: 0, predicted: 0
iter: 15, sample_no: 466, actual label: 0, predicted: 0
iter: 16, sample_no: 309, actual label: 0, predicted: 0
iter: 17, sample_no: 717, actual label: 0, predicted: 1
iter: 18, sample_no: 529, actual label: 0, predicted: 0
iter: 19, sample_no: 187, actual label: 0, predicted: 0
iter: 20, sample_no: 646, actual label: 0, predicted: 0
iter: 21, sample_no: 740, actual label: 0, predicted: 0
iter: 22, sample_no: 146, actual label: 0, predicted: 0
iter: 23, sample_no: 760, actual label: 0, predicted: 0
iter: 24, sample_no: 663, actual label: 0, predicted: 0
number of samples: 786
AUC 0.9931195596518178
pos_get 42
total recall stop_at 1.0
@@@ C - Repeat number: 4
@@@ D - common_header:  {'F115', 'F117', 'F116', 'F120', 'category', 'F110'}
   F116                F117                F120                 F110  F115
1  -0.5                 0.0  0.1629842019452409                 -1.0  -1.0
2   0.0  0.1794871794871795  0.1441745102569434  -0.6410256410256411  -1.0
3  -1.0                 0.0  0.2658143502507453                 -1.0  -1.0
;.;
   F116      F117      F120      F110  F115
0  0.25  0.000000  0.613151  0.000000   0.0
1  0.50  0.179487  0.542388  0.179487   0.0
2  0.00  0.000000  1.000000  0.000000   0.0
training_x: (725, 5)
training_y: 725
testset_x: (786, 5)
testset_y: 786
              precision    recall  f1-score   support

           0       1.00      0.81      0.90       744
           1       0.23      1.00      0.37        42

    accuracy                           0.82       786
   macro avg       0.61      0.91      0.63       786
weighted avg       0.96      0.82      0.87       786

accuracy: 0.8206106870229007
0.37333333333333335
@@@ tn: 603, fp: 141, fn: 0, tp: 42
@@@ LIME - Creating explainer
@@@ LIME - Random Sampling of Instances
iter: 0, sample_no: 552, actual label: 0, predicted: 0
iter: 1, sample_no: 352, actual label: 0, predicted: 0
iter: 2, sample_no: 181, actual label: 0, predicted: 0
iter: 3, sample_no: 33, actual label: 0, predicted: 0
iter: 4, sample_no: 620, actual label: 0, predicted: 0
iter: 5, sample_no: 11, actual label: 0, predicted: 0
iter: 6, sample_no: 577, actual label: 0, predicted: 0
iter: 7, sample_no: 471, actual label: 0, predicted: 0
iter: 8, sample_no: 271, actual label: 0, predicted: 0
iter: 9, sample_no: 304, actual label: 0, predicted: 0
iter: 10, sample_no: 78, actual label: 0, predicted: 0
iter: 11, sample_no: 656, actual label: 0, predicted: 0
iter: 12, sample_no: 729, actual label: 0, predicted: 1
iter: 13, sample_no: 623, actual label: 0, predicted: 0
iter: 14, sample_no: 90, actual label: 0, predicted: 0
iter: 15, sample_no: 349, actual label: 0, predicted: 0
iter: 16, sample_no: 715, actual label: 1, predicted: 1
iter: 17, sample_no: 531, actual label: 0, predicted: 0
iter: 18, sample_no: 698, actual label: 0, predicted: 0
iter: 19, sample_no: 591, actual label: 0, predicted: 0
iter: 20, sample_no: 54, actual label: 0, predicted: 0
iter: 21, sample_no: 166, actual label: 0, predicted: 0
iter: 22, sample_no: 697, actual label: 0, predicted: 0
iter: 23, sample_no: 568, actual label: 0, predicted: 0
iter: 24, sample_no: 248, actual label: 0, predicted: 0
number of samples: 786
AUC 0.9931195596518178
pos_get 42
total recall stop_at 1.0
@@@ C - Repeat number: 5
@@@ D - common_header:  {'F115', 'F117', 'F116', 'F120', 'category', 'F110'}
   F116                F117                F120                 F110  F115
1  -0.5                 0.0  0.1629842019452409                 -1.0  -1.0
2   0.0  0.1794871794871795  0.1441745102569434  -0.6410256410256411  -1.0
3  -1.0                 0.0  0.2658143502507453                 -1.0  -1.0
;.;
   F116      F117      F120      F110  F115
0  0.25  0.000000  0.613151  0.000000   0.0
1  0.50  0.179487  0.542388  0.179487   0.0
2  0.00  0.000000  1.000000  0.000000   0.0
training_x: (725, 5)
training_y: 725
testset_x: (786, 5)
testset_y: 786
              precision    recall  f1-score   support

           0       1.00      0.81      0.90       744
           1       0.23      1.00      0.37        42

    accuracy                           0.82       786
   macro avg       0.61      0.91      0.63       786
weighted avg       0.96      0.82      0.87       786

accuracy: 0.8206106870229007
0.37333333333333335
@@@ tn: 603, fp: 141, fn: 0, tp: 42
@@@ LIME - Creating explainer
@@@ LIME - Random Sampling of Instances
iter: 0, sample_no: 327, actual label: 0, predicted: 1
iter: 1, sample_no: 167, actual label: 0, predicted: 0
iter: 2, sample_no: 512, actual label: 0, predicted: 0
iter: 3, sample_no: 358, actual label: 0, predicted: 0
iter: 4, sample_no: 668, actual label: 0, predicted: 0
iter: 5, sample_no: 270, actual label: 0, predicted: 0
iter: 6, sample_no: 725, actual label: 0, predicted: 1
iter: 7, sample_no: 530, actual label: 0, predicted: 0
iter: 8, sample_no: 288, actual label: 0, predicted: 1
iter: 9, sample_no: 148, actual label: 0, predicted: 0
iter: 10, sample_no: 649, actual label: 0, predicted: 0
iter: 11, sample_no: 108, actual label: 0, predicted: 0
iter: 12, sample_no: 718, actual label: 0, predicted: 1
iter: 13, sample_no: 652, actual label: 0, predicted: 1
iter: 14, sample_no: 103, actual label: 0, predicted: 0
iter: 15, sample_no: 288, actual label: 0, predicted: 1
iter: 16, sample_no: 452, actual label: 1, predicted: 1
iter: 17, sample_no: 219, actual label: 1, predicted: 1
iter: 18, sample_no: 191, actual label: 0, predicted: 0
iter: 19, sample_no: 563, actual label: 0, predicted: 0
iter: 20, sample_no: 643, actual label: 0, predicted: 0
iter: 21, sample_no: 443, actual label: 1, predicted: 1
iter: 22, sample_no: 70, actual label: 0, predicted: 0
iter: 23, sample_no: 0, actual label: 0, predicted: 0
iter: 24, sample_no: 59, actual label: 0, predicted: 0
number of samples: 786
AUC 0.9931195596518178
pos_get 42
total recall stop_at 1.0
@@@ C - Repeat number: 6
@@@ D - common_header:  {'F115', 'F117', 'F116', 'F120', 'category', 'F110'}
   F116                F117                F120                 F110  F115
1  -0.5                 0.0  0.1629842019452409                 -1.0  -1.0
2   0.0  0.1794871794871795  0.1441745102569434  -0.6410256410256411  -1.0
3  -1.0                 0.0  0.2658143502507453                 -1.0  -1.0
;.;
   F116      F117      F120      F110  F115
0  0.25  0.000000  0.613151  0.000000   0.0
1  0.50  0.179487  0.542388  0.179487   0.0
2  0.00  0.000000  1.000000  0.000000   0.0
training_x: (725, 5)
training_y: 725
testset_x: (786, 5)
testset_y: 786
              precision    recall  f1-score   support

           0       1.00      0.81      0.90       744
           1       0.23      1.00      0.37        42

    accuracy                           0.82       786
   macro avg       0.61      0.91      0.63       786
weighted avg       0.96      0.82      0.87       786

accuracy: 0.8206106870229007
0.37333333333333335
@@@ tn: 603, fp: 141, fn: 0, tp: 42
@@@ LIME - Creating explainer
@@@ LIME - Random Sampling of Instances
iter: 0, sample_no: 563, actual label: 0, predicted: 0
iter: 1, sample_no: 208, actual label: 0, predicted: 0
iter: 2, sample_no: 626, actual label: 0, predicted: 0
iter: 3, sample_no: 50, actual label: 0, predicted: 0
iter: 4, sample_no: 546, actual label: 0, predicted: 1
iter: 5, sample_no: 637, actual label: 0, predicted: 0
iter: 6, sample_no: 194, actual label: 0, predicted: 0
iter: 7, sample_no: 594, actual label: 0, predicted: 0
iter: 8, sample_no: 152, actual label: 0, predicted: 0
iter: 9, sample_no: 96, actual label: 0, predicted: 0
iter: 10, sample_no: 737, actual label: 0, predicted: 0
iter: 11, sample_no: 634, actual label: 0, predicted: 0
iter: 12, sample_no: 752, actual label: 0, predicted: 0
iter: 13, sample_no: 88, actual label: 0, predicted: 0
iter: 14, sample_no: 561, actual label: 0, predicted: 0
iter: 15, sample_no: 37, actual label: 0, predicted: 0
iter: 16, sample_no: 693, actual label: 0, predicted: 0
iter: 17, sample_no: 7, actual label: 0, predicted: 0
iter: 18, sample_no: 204, actual label: 0, predicted: 0
iter: 19, sample_no: 158, actual label: 0, predicted: 0
iter: 20, sample_no: 635, actual label: 0, predicted: 0
iter: 21, sample_no: 599, actual label: 0, predicted: 0
iter: 22, sample_no: 257, actual label: 0, predicted: 0
iter: 23, sample_no: 705, actual label: 0, predicted: 0
iter: 24, sample_no: 339, actual label: 1, predicted: 1
number of samples: 786
AUC 0.9931195596518178
pos_get 42
total recall stop_at 1.0
@@@ C - Repeat number: 7
@@@ D - common_header:  {'F115', 'F117', 'F116', 'F120', 'category', 'F110'}
   F116                F117                F120                 F110  F115
1  -0.5                 0.0  0.1629842019452409                 -1.0  -1.0
2   0.0  0.1794871794871795  0.1441745102569434  -0.6410256410256411  -1.0
3  -1.0                 0.0  0.2658143502507453                 -1.0  -1.0
;.;
   F116      F117      F120      F110  F115
0  0.25  0.000000  0.613151  0.000000   0.0
1  0.50  0.179487  0.542388  0.179487   0.0
2  0.00  0.000000  1.000000  0.000000   0.0
training_x: (725, 5)
training_y: 725
testset_x: (786, 5)
testset_y: 786
              precision    recall  f1-score   support

           0       1.00      0.81      0.90       744
           1       0.23      1.00      0.37        42

    accuracy                           0.82       786
   macro avg       0.61      0.91      0.63       786
weighted avg       0.96      0.82      0.87       786

accuracy: 0.8206106870229007
0.37333333333333335
@@@ tn: 603, fp: 141, fn: 0, tp: 42
@@@ LIME - Creating explainer
@@@ LIME - Random Sampling of Instances
iter: 0, sample_no: 685, actual label: 0, predicted: 1
iter: 1, sample_no: 202, actual label: 0, predicted: 0
iter: 2, sample_no: 472, actual label: 0, predicted: 0
iter: 3, sample_no: 545, actual label: 0, predicted: 1
iter: 4, sample_no: 532, actual label: 0, predicted: 0
iter: 5, sample_no: 161, actual label: 0, predicted: 0
iter: 6, sample_no: 380, actual label: 0, predicted: 1
iter: 7, sample_no: 739, actual label: 0, predicted: 0
iter: 8, sample_no: 450, actual label: 0, predicted: 0
iter: 9, sample_no: 65, actual label: 0, predicted: 0
iter: 10, sample_no: 669, actual label: 0, predicted: 0
iter: 11, sample_no: 145, actual label: 0, predicted: 0
iter: 12, sample_no: 490, actual label: 0, predicted: 1
iter: 13, sample_no: 472, actual label: 0, predicted: 0
iter: 14, sample_no: 7, actual label: 0, predicted: 0
iter: 15, sample_no: 748, actual label: 0, predicted: 0
iter: 16, sample_no: 371, actual label: 0, predicted: 1
iter: 17, sample_no: 167, actual label: 0, predicted: 0
iter: 18, sample_no: 195, actual label: 0, predicted: 0
iter: 19, sample_no: 754, actual label: 0, predicted: 0
iter: 20, sample_no: 99, actual label: 0, predicted: 0
iter: 21, sample_no: 210, actual label: 0, predicted: 0
iter: 22, sample_no: 745, actual label: 0, predicted: 0
iter: 23, sample_no: 439, actual label: 1, predicted: 1
iter: 24, sample_no: 380, actual label: 0, predicted: 1
number of samples: 786
AUC 0.9931195596518178
pos_get 42
total recall stop_at 1.0
@@@ C - Repeat number: 8
@@@ D - common_header:  {'F115', 'F117', 'F116', 'F120', 'category', 'F110'}
   F116                F117                F120                 F110  F115
1  -0.5                 0.0  0.1629842019452409                 -1.0  -1.0
2   0.0  0.1794871794871795  0.1441745102569434  -0.6410256410256411  -1.0
3  -1.0                 0.0  0.2658143502507453                 -1.0  -1.0
;.;
   F116      F117      F120      F110  F115
0  0.25  0.000000  0.613151  0.000000   0.0
1  0.50  0.179487  0.542388  0.179487   0.0
2  0.00  0.000000  1.000000  0.000000   0.0
training_x: (725, 5)
training_y: 725
testset_x: (786, 5)
testset_y: 786
              precision    recall  f1-score   support

           0       1.00      0.81      0.90       744
           1       0.23      1.00      0.37        42

    accuracy                           0.82       786
   macro avg       0.61      0.91      0.63       786
weighted avg       0.96      0.82      0.87       786

accuracy: 0.8206106870229007
0.37333333333333335
@@@ tn: 603, fp: 141, fn: 0, tp: 42
@@@ LIME - Creating explainer
@@@ LIME - Random Sampling of Instances
iter: 0, sample_no: 480, actual label: 0, predicted: 0
iter: 1, sample_no: 243, actual label: 0, predicted: 0
iter: 2, sample_no: 708, actual label: 0, predicted: 0
iter: 3, sample_no: 51, actual label: 0, predicted: 0
iter: 4, sample_no: 721, actual label: 0, predicted: 0
iter: 5, sample_no: 609, actual label: 0, predicted: 0
iter: 6, sample_no: 286, actual label: 0, predicted: 1
iter: 7, sample_no: 341, actual label: 0, predicted: 0
iter: 8, sample_no: 781, actual label: 0, predicted: 0
iter: 9, sample_no: 625, actual label: 0, predicted: 0
iter: 10, sample_no: 102, actual label: 0, predicted: 0
iter: 11, sample_no: 616, actual label: 0, predicted: 0
iter: 12, sample_no: 337, actual label: 1, predicted: 1
iter: 13, sample_no: 230, actual label: 0, predicted: 0
iter: 14, sample_no: 109, actual label: 0, predicted: 0
iter: 15, sample_no: 302, actual label: 0, predicted: 0
iter: 16, sample_no: 107, actual label: 0, predicted: 0
iter: 17, sample_no: 743, actual label: 0, predicted: 0
iter: 18, sample_no: 138, actual label: 0, predicted: 0
iter: 19, sample_no: 132, actual label: 0, predicted: 0
iter: 20, sample_no: 519, actual label: 0, predicted: 0
iter: 21, sample_no: 407, actual label: 0, predicted: 1
iter: 22, sample_no: 117, actual label: 0, predicted: 0
iter: 23, sample_no: 577, actual label: 0, predicted: 0
iter: 24, sample_no: 686, actual label: 0, predicted: 1
number of samples: 786
AUC 0.9931195596518178
pos_get 42
total recall stop_at 1.0
@@@ C - Repeat number: 9
@@@ D - common_header:  {'F115', 'F117', 'F116', 'F120', 'category', 'F110'}
   F116                F117                F120                 F110  F115
1  -0.5                 0.0  0.1629842019452409                 -1.0  -1.0
2   0.0  0.1794871794871795  0.1441745102569434  -0.6410256410256411  -1.0
3  -1.0                 0.0  0.2658143502507453                 -1.0  -1.0
;.;
   F116      F117      F120      F110  F115
0  0.25  0.000000  0.613151  0.000000   0.0
1  0.50  0.179487  0.542388  0.179487   0.0
2  0.00  0.000000  1.000000  0.000000   0.0
training_x: (725, 5)
training_y: 725
testset_x: (786, 5)
testset_y: 786
              precision    recall  f1-score   support

           0       1.00      0.81      0.90       744
           1       0.23      1.00      0.37        42

    accuracy                           0.82       786
   macro avg       0.61      0.91      0.63       786
weighted avg       0.96      0.82      0.87       786

accuracy: 0.8206106870229007
0.37333333333333335
@@@ tn: 603, fp: 141, fn: 0, tp: 42
@@@ LIME - Creating explainer
@@@ LIME - Random Sampling of Instances
iter: 0, sample_no: 57, actual label: 0, predicted: 0
iter: 1, sample_no: 106, actual label: 0, predicted: 0
iter: 2, sample_no: 509, actual label: 0, predicted: 0
iter: 3, sample_no: 397, actual label: 0, predicted: 0
iter: 4, sample_no: 446, actual label: 0, predicted: 1
iter: 5, sample_no: 287, actual label: 0, predicted: 1
iter: 6, sample_no: 694, actual label: 0, predicted: 0
iter: 7, sample_no: 464, actual label: 0, predicted: 0
iter: 8, sample_no: 103, actual label: 0, predicted: 0
iter: 9, sample_no: 489, actual label: 1, predicted: 1
iter: 10, sample_no: 746, actual label: 0, predicted: 0
iter: 11, sample_no: 660, actual label: 0, predicted: 0
iter: 12, sample_no: 194, actual label: 0, predicted: 0
iter: 13, sample_no: 635, actual label: 0, predicted: 0
iter: 14, sample_no: 132, actual label: 0, predicted: 0
iter: 15, sample_no: 397, actual label: 0, predicted: 0
iter: 16, sample_no: 1, actual label: 0, predicted: 1
iter: 17, sample_no: 43, actual label: 0, predicted: 0
iter: 18, sample_no: 408, actual label: 0, predicted: 1
iter: 19, sample_no: 431, actual label: 0, predicted: 0
iter: 20, sample_no: 445, actual label: 0, predicted: 1
iter: 21, sample_no: 15, actual label: 0, predicted: 0
iter: 22, sample_no: 606, actual label: 0, predicted: 0
iter: 23, sample_no: 520, actual label: 0, predicted: 0
iter: 24, sample_no: 33, actual label: 0, predicted: 0
number of samples: 786
AUC 0.9931195596518178
pos_get 42
total recall stop_at 1.0
@@@ C - Repeat number: 10
@@@ D - common_header:  {'F115', 'F117', 'F116', 'F120', 'category', 'F110'}
   F116                F117                F120                 F110  F115
1  -0.5                 0.0  0.1629842019452409                 -1.0  -1.0
2   0.0  0.1794871794871795  0.1441745102569434  -0.6410256410256411  -1.0
3  -1.0                 0.0  0.2658143502507453                 -1.0  -1.0
;.;
   F116      F117      F120      F110  F115
0  0.25  0.000000  0.613151  0.000000   0.0
1  0.50  0.179487  0.542388  0.179487   0.0
2  0.00  0.000000  1.000000  0.000000   0.0
training_x: (725, 5)
training_y: 725
testset_x: (786, 5)
testset_y: 786
              precision    recall  f1-score   support

           0       1.00      0.81      0.90       744
           1       0.23      1.00      0.37        42

    accuracy                           0.82       786
   macro avg       0.61      0.91      0.63       786
weighted avg       0.96      0.82      0.87       786

accuracy: 0.8206106870229007
0.37333333333333335
@@@ tn: 603, fp: 141, fn: 0, tp: 42
@@@ LIME - Creating explainer
@@@ LIME - Random Sampling of Instances
/Users/author1/anaconda3/lib/python3.6/site-packages/tensorflow/python/framework/dtypes.py:463: FutureWarning: Passing (type, 1) or '1type' as a synonym of type is deprecated; in a future version of numpy, it will be understood as (type, (1,)) / '(1,)type'.
  _np_qint8 = np.dtype([("qint8", np.int8, 1)])
/Users/author1/anaconda3/lib/python3.6/site-packages/tensorflow/python/framework/dtypes.py:464: FutureWarning: Passing (type, 1) or '1type' as a synonym of type is deprecated; in a future version of numpy, it will be understood as (type, (1,)) / '(1,)type'.
  _np_quint8 = np.dtype([("quint8", np.uint8, 1)])
/Users/author1/anaconda3/lib/python3.6/site-packages/tensorflow/python/framework/dtypes.py:465: FutureWarning: Passing (type, 1) or '1type' as a synonym of type is deprecated; in a future version of numpy, it will be understood as (type, (1,)) / '(1,)type'.
  _np_qint16 = np.dtype([("qint16", np.int16, 1)])
/Users/author1/anaconda3/lib/python3.6/site-packages/tensorflow/python/framework/dtypes.py:466: FutureWarning: Passing (type, 1) or '1type' as a synonym of type is deprecated; in a future version of numpy, it will be understood as (type, (1,)) / '(1,)type'.
  _np_quint16 = np.dtype([("quint16", np.uint16, 1)])
/Users/author1/anaconda3/lib/python3.6/site-packages/tensorflow/python/framework/dtypes.py:467: FutureWarning: Passing (type, 1) or '1type' as a synonym of type is deprecated; in a future version of numpy, it will be understood as (type, (1,)) / '(1,)type'.
  _np_qint32 = np.dtype([("qint32", np.int32, 1)])
iter: 0, sample_no: 668, actual label: 0, predicted: 0
iter: 1, sample_no: 534, actual label: 0, predicted: 0
iter: 2, sample_no: 743, actual label: 0, predicted: 0
iter: 3, sample_no: 723, actual label: 0, predicted: 1
iter: 4, sample_no: 240, actual label: 0, predicted: 0
iter: 5, sample_no: 490, actual label: 0, predicted: 1
iter: 6, sample_no: 628, actual label: 0, predicted: 0
iter: 7, sample_no: 747, actual label: 0, predicted: 0
iter: 8, sample_no: 783, actual label: 0, predicted: 0
iter: 9, sample_no: 81, actual label: 0, predicted: 0
iter: 10, sample_no: 351, actual label: 0, predicted: 0
iter: 11, sample_no: 279, actual label: 0, predicted: 1
iter: 12, sample_no: 447, actual label: 0, predicted: 1
iter: 13, sample_no: 731, actual label: 0, predicted: 1
iter: 14, sample_no: 319, actual label: 0, predicted: 0
iter: 15, sample_no: 686, actual label: 0, predicted: 1
iter: 16, sample_no: 189, actual label: 0, predicted: 0
iter: 17, sample_no: 166, actual label: 0, predicted: 0
iter: 18, sample_no: 43, actual label: 0, predicted: 0
iter: 19, sample_no: 177, actual label: 0, predicted: 0
iter: 20, sample_no: 351, actual label: 0, predicted: 0
iter: 21, sample_no: 464, actual label: 0, predicted: 0
iter: 22, sample_no: 450, actual label: 0, predicted: 0
iter: 23, sample_no: 742, actual label: 0, predicted: 0
iter: 24, sample_no: 503, actual label: 0, predicted: 0
number of samples: 786
AUC 0.9931195596518178
pos_get 42
total recall stop_at 1.0
----------threshold stop at----------: 1
AUC [0.9931195596518178, 0.9931195596518178, 0.9931195596518178, 0.9931195596518178, 0.9931195596518178, 0.9931195596518178, 0.9931195596518178, 0.9931195596518178, 0.9931195596518178, 0.9931195596518178]
AUC_median 0.9931195596518178
AUC_iqr 0.0
cost [0.21755725190839695, 0.21755725190839695, 0.21755725190839695, 0.21755725190839695, 0.21755725190839695, 0.21755725190839695, 0.21755725190839695, 0.21755725190839695, 0.21755725190839695, 0.21755725190839695]
COST_med 0.21755725190839695
COST_iqr 0.0
f1_pos_list [0.37333333333333335, 0.37333333333333335, 0.37333333333333335, 0.37333333333333335, 0.37333333333333335, 0.37333333333333335, 0.37333333333333335, 0.37333333333333335, 0.37333333333333335, 0.37333333333333335]
f1_pos_med 0.37333333333333335
