@@@ A - classifier: SVC(C=1.0, break_ties=False, cache_size=200, class_weight='balanced', coef0=0.0,
    decision_function_shape='ovr', degree=3, gamma='scale', kernel='linear',
    max_iter=-1, probability=True, random_state=None, shrinking=True, tol=0.001,
    verbose=False)
@@@ B - threshold stop at: 1
@@@ C - Repeat number: 1
@@@ D - common_header:  {'F115', 'F116', 'category', 'F120', 'F117', 'F110'}
   F116         ...                        F115
1   1.0         ...          0.3333333333333333
2  -1.0         ...          0.3333333333333333
3   1.0         ...          0.3333333333333333

[3 rows x 5 columns]
;.;
   F116      F117      F120      F110      F115
0   1.0  1.000000  0.248785  1.000000  0.666667
1   0.0  0.194444  0.415155  0.222222  0.666667
2   1.0  0.200000  0.415155  0.200000  0.666667
training_x: (813, 5)
training_y: 813
testset_x: (818, 5)
testset_y: 818
              precision    recall  f1-score   support

           0       1.00      0.99      0.99       790
           1       0.81      0.93      0.87        28

    accuracy                           0.99       818
   macro avg       0.90      0.96      0.93       818
weighted avg       0.99      0.99      0.99       818

accuracy: 0.9902200488997555
0.8666666666666666
@@@ tn: 784, fp: 6, fn: 2, tp: 26
@@@ LIME - Creating explainer
@@@ LIME - Random Sampling of Instances
iter: 0, sample_no: 320, actual label: 0, predicted: 0
iter: 1, sample_no: 428, actual label: 0, predicted: 0
iter: 2, sample_no: 88, actual label: 0, predicted: 0
iter: 3, sample_no: 130, actual label: 0, predicted: 0
iter: 4, sample_no: 627, actual label: 0, predicted: 0
iter: 5, sample_no: 434, actual label: 0, predicted: 0
iter: 6, sample_no: 563, actual label: 0, predicted: 0
iter: 7, sample_no: 49, actual label: 0, predicted: 0
iter: 8, sample_no: 551, actual label: 0, predicted: 0
iter: 9, sample_no: 721, actual label: 0, predicted: 0
iter: 10, sample_no: 684, actual label: 0, predicted: 0
iter: 11, sample_no: 517, actual label: 0, predicted: 0
iter: 12, sample_no: 66, actual label: 0, predicted: 0
iter: 13, sample_no: 813, actual label: 0, predicted: 0
iter: 14, sample_no: 513, actual label: 0, predicted: 0
iter: 15, sample_no: 607, actual label: 0, predicted: 0
iter: 16, sample_no: 587, actual label: 0, predicted: 0
iter: 17, sample_no: 458, actual label: 0, predicted: 0
iter: 18, sample_no: 210, actual label: 0, predicted: 0
iter: 19, sample_no: 517, actual label: 0, predicted: 0
iter: 20, sample_no: 16, actual label: 0, predicted: 0
iter: 21, sample_no: 707, actual label: 0, predicted: 0
iter: 22, sample_no: 596, actual label: 0, predicted: 0
iter: 23, sample_no: 614, actual label: 0, predicted: 0
iter: 24, sample_no: 464, actual label: 0, predicted: 0
number of samples: 818
AUC 0.998892405063291
pos_get 28
total recall stop_at 1.0
@@@ C - Repeat number: 2
@@@ D - common_header:  {'F115', 'F116', 'category', 'F120', 'F117', 'F110'}
   F116         ...                        F115
1   1.0         ...          0.3333333333333333
2  -1.0         ...          0.3333333333333333
3   1.0         ...          0.3333333333333333

[3 rows x 5 columns]
;.;
   F116      F117      F120      F110      F115
0   1.0  1.000000  0.248785  1.000000  0.666667
1   0.0  0.194444  0.415155  0.222222  0.666667
2   1.0  0.200000  0.415155  0.200000  0.666667
training_x: (813, 5)
training_y: 813
testset_x: (818, 5)
testset_y: 818
              precision    recall  f1-score   support

           0       1.00      0.99      0.99       790
           1       0.81      0.93      0.87        28

    accuracy                           0.99       818
   macro avg       0.90      0.96      0.93       818
weighted avg       0.99      0.99      0.99       818

accuracy: 0.9902200488997555
0.8666666666666666
@@@ tn: 784, fp: 6, fn: 2, tp: 26
@@@ LIME - Creating explainer
@@@ LIME - Random Sampling of Instances
iter: 0, sample_no: 419, actual label: 0, predicted: 0
iter: 1, sample_no: 816, actual label: 0, predicted: 0
iter: 2, sample_no: 644, actual label: 1, predicted: 1
iter: 3, sample_no: 158, actual label: 0, predicted: 0
iter: 4, sample_no: 422, actual label: 0, predicted: 0
iter: 5, sample_no: 492, actual label: 0, predicted: 0
iter: 6, sample_no: 363, actual label: 0, predicted: 0
iter: 7, sample_no: 697, actual label: 1, predicted: 1
iter: 8, sample_no: 106, actual label: 0, predicted: 0
iter: 9, sample_no: 534, actual label: 0, predicted: 0
iter: 10, sample_no: 799, actual label: 0, predicted: 0
iter: 11, sample_no: 557, actual label: 0, predicted: 0
iter: 12, sample_no: 32, actual label: 0, predicted: 0
iter: 13, sample_no: 803, actual label: 0, predicted: 0
iter: 14, sample_no: 581, actual label: 0, predicted: 0
iter: 15, sample_no: 605, actual label: 0, predicted: 0
iter: 16, sample_no: 108, actual label: 1, predicted: 0
iter: 17, sample_no: 240, actual label: 0, predicted: 0
iter: 18, sample_no: 106, actual label: 0, predicted: 0
iter: 19, sample_no: 209, actual label: 0, predicted: 0
iter: 20, sample_no: 802, actual label: 0, predicted: 0
iter: 21, sample_no: 753, actual label: 0, predicted: 0
iter: 22, sample_no: 558, actual label: 0, predicted: 0
iter: 23, sample_no: 52, actual label: 0, predicted: 0
iter: 24, sample_no: 517, actual label: 0, predicted: 0
number of samples: 818
AUC 0.998892405063291
pos_get 28
total recall stop_at 1.0
@@@ C - Repeat number: 3
@@@ D - common_header:  {'F115', 'F116', 'category', 'F120', 'F117', 'F110'}
   F116         ...                        F115
1   1.0         ...          0.3333333333333333
2  -1.0         ...          0.3333333333333333
3   1.0         ...          0.3333333333333333

[3 rows x 5 columns]
;.;
   F116      F117      F120      F110      F115
0   1.0  1.000000  0.248785  1.000000  0.666667
1   0.0  0.194444  0.415155  0.222222  0.666667
2   1.0  0.200000  0.415155  0.200000  0.666667
training_x: (813, 5)
training_y: 813
testset_x: (818, 5)
testset_y: 818
              precision    recall  f1-score   support

           0       1.00      0.99      0.99       790
           1       0.81      0.93      0.87        28

    accuracy                           0.99       818
   macro avg       0.90      0.96      0.93       818
weighted avg       0.99      0.99      0.99       818

accuracy: 0.9902200488997555
0.8666666666666666
@@@ tn: 784, fp: 6, fn: 2, tp: 26
@@@ LIME - Creating explainer
@@@ LIME - Random Sampling of Instances
iter: 0, sample_no: 414, actual label: 0, predicted: 0
iter: 1, sample_no: 615, actual label: 0, predicted: 0
iter: 2, sample_no: 100, actual label: 0, predicted: 0
iter: 3, sample_no: 493, actual label: 0, predicted: 0
iter: 4, sample_no: 567, actual label: 0, predicted: 0
iter: 5, sample_no: 164, actual label: 0, predicted: 0
iter: 6, sample_no: 124, actual label: 0, predicted: 0
iter: 7, sample_no: 628, actual label: 0, predicted: 0
iter: 8, sample_no: 346, actual label: 0, predicted: 0
iter: 9, sample_no: 253, actual label: 0, predicted: 0
iter: 10, sample_no: 544, actual label: 0, predicted: 0
iter: 11, sample_no: 181, actual label: 0, predicted: 0
iter: 12, sample_no: 625, actual label: 0, predicted: 0
iter: 13, sample_no: 109, actual label: 0, predicted: 0
iter: 14, sample_no: 536, actual label: 0, predicted: 0
iter: 15, sample_no: 510, actual label: 0, predicted: 0
iter: 16, sample_no: 559, actual label: 0, predicted: 0
iter: 17, sample_no: 647, actual label: 0, predicted: 0
iter: 18, sample_no: 130, actual label: 0, predicted: 0
iter: 19, sample_no: 381, actual label: 0, predicted: 0
iter: 20, sample_no: 414, actual label: 0, predicted: 0
iter: 21, sample_no: 443, actual label: 0, predicted: 0
iter: 22, sample_no: 294, actual label: 0, predicted: 0
iter: 23, sample_no: 561, actual label: 0, predicted: 0
iter: 24, sample_no: 540, actual label: 0, predicted: 0
number of samples: 818
AUC 0.998892405063291
pos_get 28
total recall stop_at 1.0
@@@ C - Repeat number: 4
@@@ D - common_header:  {'F115', 'F116', 'category', 'F120', 'F117', 'F110'}
   F116         ...                        F115
1   1.0         ...          0.3333333333333333
2  -1.0         ...          0.3333333333333333
3   1.0         ...          0.3333333333333333

[3 rows x 5 columns]
;.;
   F116      F117      F120      F110      F115
0   1.0  1.000000  0.248785  1.000000  0.666667
1   0.0  0.194444  0.415155  0.222222  0.666667
2   1.0  0.200000  0.415155  0.200000  0.666667
training_x: (813, 5)
training_y: 813
testset_x: (818, 5)
testset_y: 818
              precision    recall  f1-score   support

           0       1.00      0.99      0.99       790
           1       0.81      0.93      0.87        28

    accuracy                           0.99       818
   macro avg       0.90      0.96      0.93       818
weighted avg       0.99      0.99      0.99       818

accuracy: 0.9902200488997555
0.8666666666666666
@@@ tn: 784, fp: 6, fn: 2, tp: 26
@@@ LIME - Creating explainer
@@@ LIME - Random Sampling of Instances
iter: 0, sample_no: 552, actual label: 0, predicted: 0
iter: 1, sample_no: 201, actual label: 0, predicted: 0
iter: 2, sample_no: 496, actual label: 0, predicted: 0
iter: 3, sample_no: 324, actual label: 0, predicted: 0
iter: 4, sample_no: 500, actual label: 0, predicted: 0
iter: 5, sample_no: 755, actual label: 0, predicted: 0
iter: 6, sample_no: 767, actual label: 1, predicted: 1
iter: 7, sample_no: 34, actual label: 0, predicted: 0
iter: 8, sample_no: 622, actual label: 1, predicted: 1
iter: 9, sample_no: 150, actual label: 0, predicted: 0
iter: 10, sample_no: 157, actual label: 0, predicted: 0
iter: 11, sample_no: 299, actual label: 0, predicted: 0
iter: 12, sample_no: 386, actual label: 0, predicted: 0
iter: 13, sample_no: 269, actual label: 0, predicted: 0
iter: 14, sample_no: 107, actual label: 0, predicted: 0
iter: 15, sample_no: 63, actual label: 0, predicted: 0
iter: 16, sample_no: 678, actual label: 0, predicted: 0
iter: 17, sample_no: 605, actual label: 0, predicted: 0
iter: 18, sample_no: 401, actual label: 0, predicted: 0
iter: 19, sample_no: 226, actual label: 0, predicted: 0
iter: 20, sample_no: 780, actual label: 0, predicted: 0
iter: 21, sample_no: 675, actual label: 0, predicted: 0
iter: 22, sample_no: 106, actual label: 0, predicted: 0
iter: 23, sample_no: 53, actual label: 0, predicted: 0
iter: 24, sample_no: 322, actual label: 0, predicted: 0
number of samples: 818
AUC 0.998892405063291
pos_get 28
total recall stop_at 1.0
@@@ C - Repeat number: 5
@@@ D - common_header:  {'F115', 'F116', 'category', 'F120', 'F117', 'F110'}
   F116         ...                        F115
1   1.0         ...          0.3333333333333333
2  -1.0         ...          0.3333333333333333
3   1.0         ...          0.3333333333333333

[3 rows x 5 columns]
;.;
   F116      F117      F120      F110      F115
0   1.0  1.000000  0.248785  1.000000  0.666667
1   0.0  0.194444  0.415155  0.222222  0.666667
2   1.0  0.200000  0.415155  0.200000  0.666667
training_x: (813, 5)
training_y: 813
testset_x: (818, 5)
testset_y: 818
              precision    recall  f1-score   support

           0       1.00      0.99      0.99       790
           1       0.81      0.93      0.87        28

    accuracy                           0.99       818
   macro avg       0.90      0.96      0.93       818
weighted avg       0.99      0.99      0.99       818

accuracy: 0.9902200488997555
0.8666666666666666
@@@ tn: 784, fp: 6, fn: 2, tp: 26
@@@ LIME - Creating explainer
@@@ LIME - Random Sampling of Instances
iter: 0, sample_no: 327, actual label: 0, predicted: 0
iter: 1, sample_no: 423, actual label: 0, predicted: 0
iter: 2, sample_no: 552, actual label: 0, predicted: 0
iter: 3, sample_no: 214, actual label: 0, predicted: 0
iter: 4, sample_no: 209, actual label: 0, predicted: 0
iter: 5, sample_no: 575, actual label: 0, predicted: 0
iter: 6, sample_no: 332, actual label: 0, predicted: 0
iter: 7, sample_no: 27, actual label: 0, predicted: 0
iter: 8, sample_no: 167, actual label: 0, predicted: 0
iter: 9, sample_no: 610, actual label: 0, predicted: 0
iter: 10, sample_no: 705, actual label: 0, predicted: 0
iter: 11, sample_no: 722, actual label: 0, predicted: 0
iter: 12, sample_no: 463, actual label: 0, predicted: 0
iter: 13, sample_no: 75, actual label: 0, predicted: 0
iter: 14, sample_no: 604, actual label: 0, predicted: 0
iter: 15, sample_no: 145, actual label: 0, predicted: 0
iter: 16, sample_no: 146, actual label: 0, predicted: 0
iter: 17, sample_no: 780, actual label: 0, predicted: 0
iter: 18, sample_no: 395, actual label: 0, predicted: 0
iter: 19, sample_no: 467, actual label: 0, predicted: 0
iter: 20, sample_no: 313, actual label: 0, predicted: 0
iter: 21, sample_no: 609, actual label: 0, predicted: 0
iter: 22, sample_no: 605, actual label: 0, predicted: 0
iter: 23, sample_no: 331, actual label: 0, predicted: 0
iter: 24, sample_no: 684, actual label: 0, predicted: 0
number of samples: 818
AUC 0.998892405063291
pos_get 28
total recall stop_at 1.0
@@@ C - Repeat number: 6
@@@ D - common_header:  {'F115', 'F116', 'category', 'F120', 'F117', 'F110'}
   F116         ...                        F115
1   1.0         ...          0.3333333333333333
2  -1.0         ...          0.3333333333333333
3   1.0         ...          0.3333333333333333

[3 rows x 5 columns]
;.;
   F116      F117      F120      F110      F115
0   1.0  1.000000  0.248785  1.000000  0.666667
1   0.0  0.194444  0.415155  0.222222  0.666667
2   1.0  0.200000  0.415155  0.200000  0.666667
training_x: (813, 5)
training_y: 813
testset_x: (818, 5)
testset_y: 818
              precision    recall  f1-score   support

           0       1.00      0.99      0.99       790
           1       0.81      0.93      0.87        28

    accuracy                           0.99       818
   macro avg       0.90      0.96      0.93       818
weighted avg       0.99      0.99      0.99       818

accuracy: 0.9902200488997555
0.8666666666666666
@@@ tn: 784, fp: 6, fn: 2, tp: 26
@@@ LIME - Creating explainer
@@@ LIME - Random Sampling of Instances
iter: 0, sample_no: 563, actual label: 0, predicted: 0
iter: 1, sample_no: 383, actual label: 0, predicted: 0
iter: 2, sample_no: 323, actual label: 0, predicted: 0
iter: 3, sample_no: 458, actual label: 0, predicted: 0
iter: 4, sample_no: 558, actual label: 0, predicted: 0
iter: 5, sample_no: 691, actual label: 0, predicted: 0
iter: 6, sample_no: 91, actual label: 0, predicted: 0
iter: 7, sample_no: 472, actual label: 0, predicted: 0
iter: 8, sample_no: 301, actual label: 0, predicted: 0
iter: 9, sample_no: 296, actual label: 0, predicted: 0
iter: 10, sample_no: 303, actual label: 0, predicted: 0
iter: 11, sample_no: 212, actual label: 0, predicted: 0
iter: 12, sample_no: 547, actual label: 0, predicted: 0
iter: 13, sample_no: 808, actual label: 0, predicted: 0
iter: 14, sample_no: 405, actual label: 0, predicted: 0
iter: 15, sample_no: 118, actual label: 0, predicted: 0
iter: 16, sample_no: 61, actual label: 0, predicted: 0
iter: 17, sample_no: 799, actual label: 0, predicted: 0
iter: 18, sample_no: 109, actual label: 0, predicted: 0
iter: 19, sample_no: 695, actual label: 0, predicted: 0
iter: 20, sample_no: 133, actual label: 0, predicted: 0
iter: 21, sample_no: 534, actual label: 0, predicted: 0
iter: 22, sample_no: 800, actual label: 0, predicted: 0
iter: 23, sample_no: 731, actual label: 0, predicted: 0
iter: 24, sample_no: 501, actual label: 0, predicted: 0
number of samples: 818
AUC 0.998892405063291
pos_get 28
total recall stop_at 1.0
@@@ C - Repeat number: 7
@@@ D - common_header:  {'F115', 'F116', 'category', 'F120', 'F117', 'F110'}
   F116         ...                        F115
1   1.0         ...          0.3333333333333333
2  -1.0         ...          0.3333333333333333
3   1.0         ...          0.3333333333333333

[3 rows x 5 columns]
;.;
   F116      F117      F120      F110      F115
0   1.0  1.000000  0.248785  1.000000  0.666667
1   0.0  0.194444  0.415155  0.222222  0.666667
2   1.0  0.200000  0.415155  0.200000  0.666667
training_x: (813, 5)
training_y: 813
testset_x: (818, 5)
testset_y: 818
              precision    recall  f1-score   support

           0       1.00      0.99      0.99       790
           1       0.81      0.93      0.87        28

    accuracy                           0.99       818
   macro avg       0.90      0.96      0.93       818
weighted avg       0.99      0.99      0.99       818

accuracy: 0.9902200488997555
0.8666666666666666
@@@ tn: 784, fp: 6, fn: 2, tp: 26
@@@ LIME - Creating explainer
@@@ LIME - Random Sampling of Instances
iter: 0, sample_no: 685, actual label: 0, predicted: 1
iter: 1, sample_no: 358, actual label: 0, predicted: 0
iter: 2, sample_no: 612, actual label: 0, predicted: 0
iter: 3, sample_no: 210, actual label: 0, predicted: 0
iter: 4, sample_no: 728, actual label: 0, predicted: 0
iter: 5, sample_no: 644, actual label: 1, predicted: 1
iter: 6, sample_no: 697, actual label: 1, predicted: 1
iter: 7, sample_no: 688, actual label: 0, predicted: 0
iter: 8, sample_no: 740, actual label: 0, predicted: 0
iter: 9, sample_no: 90, actual label: 0, predicted: 0
iter: 10, sample_no: 148, actual label: 0, predicted: 0
iter: 11, sample_no: 596, actual label: 0, predicted: 0
iter: 12, sample_no: 223, actual label: 0, predicted: 0
iter: 13, sample_no: 542, actual label: 0, predicted: 0
iter: 14, sample_no: 478, actual label: 0, predicted: 0
iter: 15, sample_no: 183, actual label: 0, predicted: 0
iter: 16, sample_no: 684, actual label: 0, predicted: 0
iter: 17, sample_no: 612, actual label: 0, predicted: 0
iter: 18, sample_no: 179, actual label: 0, predicted: 0
iter: 19, sample_no: 142, actual label: 0, predicted: 0
iter: 20, sample_no: 222, actual label: 0, predicted: 0
iter: 21, sample_no: 790, actual label: 0, predicted: 0
iter: 22, sample_no: 640, actual label: 0, predicted: 0
iter: 23, sample_no: 220, actual label: 0, predicted: 0
iter: 24, sample_no: 298, actual label: 0, predicted: 0
number of samples: 818
AUC 0.998892405063291
pos_get 28
total recall stop_at 1.0
@@@ C - Repeat number: 8
@@@ D - common_header:  {'F115', 'F116', 'category', 'F120', 'F117', 'F110'}
   F116         ...                        F115
1   1.0         ...          0.3333333333333333
2  -1.0         ...          0.3333333333333333
3   1.0         ...          0.3333333333333333

[3 rows x 5 columns]
;.;
   F116      F117      F120      F110      F115
0   1.0  1.000000  0.248785  1.000000  0.666667
1   0.0  0.194444  0.415155  0.222222  0.666667
2   1.0  0.200000  0.415155  0.200000  0.666667
training_x: (813, 5)
training_y: 813
testset_x: (818, 5)
testset_y: 818
              precision    recall  f1-score   support

           0       1.00      0.99      0.99       790
           1       0.81      0.93      0.87        28

    accuracy                           0.99       818
   macro avg       0.90      0.96      0.93       818
weighted avg       0.99      0.99      0.99       818

accuracy: 0.9902200488997555
0.8666666666666666
@@@ tn: 784, fp: 6, fn: 2, tp: 26
@@@ LIME - Creating explainer
@@@ LIME - Random Sampling of Instances
iter: 0, sample_no: 480, actual label: 0, predicted: 0
iter: 1, sample_no: 709, actual label: 0, predicted: 0
iter: 2, sample_no: 297, actual label: 0, predicted: 0
iter: 3, sample_no: 213, actual label: 0, predicted: 0
iter: 4, sample_no: 707, actual label: 0, predicted: 0
iter: 5, sample_no: 635, actual label: 1, predicted: 1
iter: 6, sample_no: 12, actual label: 0, predicted: 0
iter: 7, sample_no: 734, actual label: 0, predicted: 0
iter: 8, sample_no: 455, actual label: 0, predicted: 0
iter: 9, sample_no: 591, actual label: 0, predicted: 0
iter: 10, sample_no: 336, actual label: 0, predicted: 0
iter: 11, sample_no: 454, actual label: 0, predicted: 0
iter: 12, sample_no: 776, actual label: 0, predicted: 0
iter: 13, sample_no: 613, actual label: 0, predicted: 0
iter: 14, sample_no: 672, actual label: 0, predicted: 0
iter: 15, sample_no: 653, actual label: 0, predicted: 0
iter: 16, sample_no: 316, actual label: 0, predicted: 0
iter: 17, sample_no: 390, actual label: 0, predicted: 0
iter: 18, sample_no: 791, actual label: 0, predicted: 0
iter: 19, sample_no: 613, actual label: 0, predicted: 0
iter: 20, sample_no: 215, actual label: 0, predicted: 0
iter: 21, sample_no: 36, actual label: 0, predicted: 0
iter: 22, sample_no: 427, actual label: 0, predicted: 0
iter: 23, sample_no: 311, actual label: 0, predicted: 0
iter: 24, sample_no: 675, actual label: 0, predicted: 0
number of samples: 818
AUC 0.998892405063291
pos_get 28
total recall stop_at 1.0
@@@ C - Repeat number: 9
@@@ D - common_header:  {'F115', 'F116', 'category', 'F120', 'F117', 'F110'}
   F116         ...                        F115
1   1.0         ...          0.3333333333333333
2  -1.0         ...          0.3333333333333333
3   1.0         ...          0.3333333333333333

[3 rows x 5 columns]
;.;
   F116      F117      F120      F110      F115
0   1.0  1.000000  0.248785  1.000000  0.666667
1   0.0  0.194444  0.415155  0.222222  0.666667
2   1.0  0.200000  0.415155  0.200000  0.666667
training_x: (813, 5)
training_y: 813
testset_x: (818, 5)
testset_y: 818
              precision    recall  f1-score   support

           0       1.00      0.99      0.99       790
           1       0.81      0.93      0.87        28

    accuracy                           0.99       818
   macro avg       0.90      0.96      0.93       818
weighted avg       0.99      0.99      0.99       818

accuracy: 0.9902200488997555
0.8666666666666666
@@@ tn: 784, fp: 6, fn: 2, tp: 26
@@@ LIME - Creating explainer
@@@ LIME - Random Sampling of Instances
iter: 0, sample_no: 57, actual label: 0, predicted: 0
iter: 1, sample_no: 670, actual label: 0, predicted: 0
iter: 2, sample_no: 450, actual label: 0, predicted: 0
iter: 3, sample_no: 300, actual label: 0, predicted: 0
iter: 4, sample_no: 319, actual label: 0, predicted: 0
iter: 5, sample_no: 19, actual label: 0, predicted: 0
iter: 6, sample_no: 78, actual label: 0, predicted: 0
iter: 7, sample_no: 344, actual label: 0, predicted: 0
iter: 8, sample_no: 506, actual label: 0, predicted: 0
iter: 9, sample_no: 678, actual label: 0, predicted: 0
iter: 10, sample_no: 610, actual label: 0, predicted: 0
iter: 11, sample_no: 382, actual label: 0, predicted: 0
iter: 12, sample_no: 783, actual label: 0, predicted: 0
iter: 13, sample_no: 628, actual label: 0, predicted: 0
iter: 14, sample_no: 693, actual label: 0, predicted: 0
iter: 15, sample_no: 99, actual label: 1, predicted: 1
iter: 16, sample_no: 666, actual label: 0, predicted: 0
iter: 17, sample_no: 113, actual label: 0, predicted: 0
iter: 18, sample_no: 363, actual label: 0, predicted: 0
iter: 19, sample_no: 247, actual label: 0, predicted: 0
iter: 20, sample_no: 749, actual label: 0, predicted: 0
iter: 21, sample_no: 264, actual label: 0, predicted: 0
iter: 22, sample_no: 97, actual label: 1, predicted: 1
iter: 23, sample_no: 254, actual label: 0, predicted: 0
iter: 24, sample_no: 798, actual label: 0, predicted: 0
number of samples: 818
AUC 0.998892405063291
pos_get 28
total recall stop_at 1.0
@@@ C - Repeat number: 10
@@@ D - common_header:  {'F115', 'F116', 'category', 'F120', 'F117', 'F110'}
   F116         ...                        F115
1   1.0         ...          0.3333333333333333
2  -1.0         ...          0.3333333333333333
3   1.0         ...          0.3333333333333333

[3 rows x 5 columns]
;.;
   F116      F117      F120      F110      F115
0   1.0  1.000000  0.248785  1.000000  0.666667
1   0.0  0.194444  0.415155  0.222222  0.666667
2   1.0  0.200000  0.415155  0.200000  0.666667
training_x: (813, 5)
training_y: 813
testset_x: (818, 5)
testset_y: 818
              precision    recall  f1-score   support

           0       1.00      0.99      0.99       790
           1       0.81      0.93      0.87        28

    accuracy                           0.99       818
   macro avg       0.90      0.96      0.93       818
weighted avg       0.99      0.99      0.99       818

accuracy: 0.9902200488997555
0.8666666666666666
@@@ tn: 784, fp: 6, fn: 2, tp: 26
@@@ LIME - Creating explainer
@@@ LIME - Random Sampling of Instances
/Users/author1/anaconda3/lib/python3.6/site-packages/tensorflow/python/framework/dtypes.py:463: FutureWarning: Passing (type, 1) or '1type' as a synonym of type is deprecated; in a future version of numpy, it will be understood as (type, (1,)) / '(1,)type'.
  _np_qint8 = np.dtype([("qint8", np.int8, 1)])
/Users/author1/anaconda3/lib/python3.6/site-packages/tensorflow/python/framework/dtypes.py:464: FutureWarning: Passing (type, 1) or '1type' as a synonym of type is deprecated; in a future version of numpy, it will be understood as (type, (1,)) / '(1,)type'.
  _np_quint8 = np.dtype([("quint8", np.uint8, 1)])
/Users/author1/anaconda3/lib/python3.6/site-packages/tensorflow/python/framework/dtypes.py:465: FutureWarning: Passing (type, 1) or '1type' as a synonym of type is deprecated; in a future version of numpy, it will be understood as (type, (1,)) / '(1,)type'.
  _np_qint16 = np.dtype([("qint16", np.int16, 1)])
/Users/author1/anaconda3/lib/python3.6/site-packages/tensorflow/python/framework/dtypes.py:466: FutureWarning: Passing (type, 1) or '1type' as a synonym of type is deprecated; in a future version of numpy, it will be understood as (type, (1,)) / '(1,)type'.
  _np_quint16 = np.dtype([("quint16", np.uint16, 1)])
/Users/author1/anaconda3/lib/python3.6/site-packages/tensorflow/python/framework/dtypes.py:467: FutureWarning: Passing (type, 1) or '1type' as a synonym of type is deprecated; in a future version of numpy, it will be understood as (type, (1,)) / '(1,)type'.
  _np_qint32 = np.dtype([("qint32", np.int32, 1)])
iter: 0, sample_no: 668, actual label: 0, predicted: 0
iter: 1, sample_no: 745, actual label: 0, predicted: 0
iter: 2, sample_no: 368, actual label: 0, predicted: 0
iter: 3, sample_no: 341, actual label: 0, predicted: 0
iter: 4, sample_no: 297, actual label: 0, predicted: 0
iter: 5, sample_no: 739, actual label: 0, predicted: 0
iter: 6, sample_no: 474, actual label: 0, predicted: 0
iter: 7, sample_no: 494, actual label: 0, predicted: 0
iter: 8, sample_no: 448, actual label: 0, predicted: 0
iter: 9, sample_no: 268, actual label: 0, predicted: 0
iter: 10, sample_no: 570, actual label: 0, predicted: 0
iter: 11, sample_no: 278, actual label: 0, predicted: 0
iter: 12, sample_no: 243, actual label: 0, predicted: 0
iter: 13, sample_no: 580, actual label: 0, predicted: 0
iter: 14, sample_no: 779, actual label: 0, predicted: 0
iter: 15, sample_no: 586, actual label: 0, predicted: 0
iter: 16, sample_no: 266, actual label: 0, predicted: 0
iter: 17, sample_no: 178, actual label: 0, predicted: 0
iter: 18, sample_no: 513, actual label: 0, predicted: 0
iter: 19, sample_no: 104, actual label: 0, predicted: 0
iter: 20, sample_no: 592, actual label: 0, predicted: 0
iter: 21, sample_no: 242, actual label: 0, predicted: 0
iter: 22, sample_no: 467, actual label: 0, predicted: 0
iter: 23, sample_no: 211, actual label: 0, predicted: 0
iter: 24, sample_no: 376, actual label: 0, predicted: 0
number of samples: 818
AUC 0.998892405063291
pos_get 28
total recall stop_at 1.0
----------threshold stop at----------: 1
AUC [0.998892405063291, 0.998892405063291, 0.998892405063291, 0.998892405063291, 0.998892405063291, 0.998892405063291, 0.998892405063291, 0.998892405063291, 0.998892405063291, 0.998892405063291]
AUC_median 0.998892405063291
AUC_iqr 0.0
cost [0.05012224938875306, 0.05012224938875306, 0.05012224938875306, 0.05012224938875306, 0.05012224938875306, 0.05012224938875306, 0.05012224938875306, 0.05012224938875306, 0.05012224938875306, 0.05012224938875306]
COST_med 0.05012224938875306
COST_iqr 0.0
f1_pos_list [0.8666666666666666, 0.8666666666666666, 0.8666666666666666, 0.8666666666666666, 0.8666666666666666, 0.8666666666666666, 0.8666666666666666, 0.8666666666666666, 0.8666666666666666, 0.8666666666666666]
f1_pos_med 0.8666666666666666
